OpenCV version: 2.4
Usage: 7-SobelDerivatives <input-number> [<samples>]
input-number - is the video device number. Defaults to zero. E.g. for /dev/video2 just use '2' as argument.
samples - number of samples before application ends. Defaults to 1000; zero means infinite.
sample_number,elapsed_time,frame,mat_alloc,read_img,convert_color,gaussian_blur,sobel,convert_scale,sobel2,conver_scale2,add_weighted,show_img
0,0,0.0127039,7.5e-06,0.002675495,0.003673244,0.003097745,0.000343166,0.000934999,0.000339166,0.000902415,0.000244,0.000486166
1,0.0127039,0.007878237,1.916e-06,0.00241983,0.000240916,0.002892662,0.000183916,0.000811749,0.000159666,0.000797832,0.000222083,0.000147667
2,0.02058213,0.007492155,1.334e-06,0.00203783,0.000209833,0.002942578,0.000142,0.000827749,0.000144916,0.000823499,0.000213749,0.000148667
3,0.02807429,0.01385673,1.25e-06,0.004753576,0.000271083,0.003287161,0.000214666,0.001837997,0.000177583,0.001136999,0.000779415,0.001396998
4,0.04193102,0.008653402,1.083e-06,0.002855912,0.000330166,0.003032495,0.000191333,0.000810499,0.000174166,0.000791999,0.000240833,0.000224916
5,0.05058442,0.008144903,1.25e-06,0.002503912,0.000270166,0.003032079,0.000159833,0.000821748,0.00015125,0.000798999,0.000211166,0.0001945
6,0.05872932,0.00764632,1.166e-06,0.00202808,0.00022375,0.003093161,0.000130917,0.000818499,0.000169249,0.000802082,0.000209083,0.000170333
7,0.06637564,0.008347069,1.25e-06,0.002816578,0.000239417,0.003009995,0.00013025,0.000820748,0.000158333,0.000797499,0.000208916,0.000164083
8,0.07472271,0.008111987,1.167e-06,0.002510912,0.000217167,0.003053578,0.00015825,0.000840165,0.000160583,0.000803332,0.000209583,0.00015725
9,0.0828347,0.007483821,1.583e-06,0.00201833,0.000235166,0.003045162,0.00011575,0.000815498,0.000131083,0.000796916,0.000206166,0.000118167
10,0.09031852,0.008298403,1.417e-06,0.002694912,0.000255416,0.003031496,0.000174583,0.000885331,0.00014025,0.000784582,0.000214,0.000116416
11,0.09861692,0.007782988,1.25e-06,0.002326913,0.000303667,0.002948661,0.00012475,0.000817249,0.000133916,0.000794332,0.000205583,0.000126667
12,0.1063999,0.007952154,1.5e-06,0.002165413,0.000531332,0.003027829,0.000108666,0.000810582,0.00012375,0.000821082,0.000229333,0.000132667
13,0.1143521,0.008957902,1e-06,0.002497829,0.001233248,0.002926079,0.00018225,0.000824832,0.000180499,0.000793749,0.00020275,0.000115666
14,0.12331,0.008639903,1e-06,0.002360997,0.000763832,0.003363327,0.000107917,0.000811665,0.00012325,0.000798249,0.000201916,0.00010775
15,0.1319499,0.007922654,1.583e-06,0.002017747,0.000694582,0.002901495,0.0001235,0.000813582,0.000137,0.000850082,0.000210166,0.000172917
16,0.1398725,0.007914404,8.33e-07,0.002603246,0.000157833,0.003010328,0.00010725,0.000811749,0.00012375,0.000788415,0.000206166,0.000104834
17,0.1477869,0.007995737,1.333e-06,0.002603579,0.000233417,0.002910078,0.00012775,0.000802415,0.000154083,0.000833999,0.000215166,0.000113917
18,0.1557827,0.007413571,1.083e-06,0.00196458,0.000171666,0.003006496,0.000108999,0.000838249,0.000149333,0.000816582,0.000208583,0.000148
19,0.1631962,0.008264987,1.917e-06,0.002781496,0.000228833,0.003083411,0.000112667,0.000811082,0.000124999,0.000806916,0.000204083,0.000109583
20,0.1714612,0.008112653,1.583e-06,0.002552246,0.0001655,0.003076245,0.000129833,0.000818832,0.0001405,0.000845498,0.000205083,0.000177333
21,0.1795739,0.007200155,1e-06,0.001992913,0.000176084,0.002874412,0.000106333,0.000825082,0.000123666,0.000795415,0.000203667,0.000101583
22,0.186774,0.008574819,1.167e-06,0.003117661,0.000200333,0.002912996,0.000154999,0.000803916,0.000203666,0.000851332,0.000216333,0.000112416
23,0.1953488,0.009145485,1.084e-06,0.002472579,0.000705832,0.003605244,0.000132417,0.000872082,0.000192833,0.000791832,0.000231749,0.000139833
24,0.2044943,0.008547486,1e-06,0.001988747,0.000672915,0.003567495,0.000119083,0.000967415,0.0001255,0.000784665,0.000214333,0.000106333
25,0.2130418,0.009599234,1.166e-06,0.002799829,0.001248748,0.003259995,0.000133083,0.000816415,0.000152917,0.000869332,0.000205583,0.000112166
26,0.2226411,0.008604236,1.25e-06,0.002416579,0.000664416,0.003365578,0.000120083,0.000802332,0.00012075,0.000794998,0.00020575,0.0001125
27,0.2312453,0.007295488,1.083e-06,0.001950747,0.000198333,0.002981745,0.000115,0.000814832,0.0001265,0.000794748,0.00020375,0.00010875
28,0.2385408,0.008523236,1.083e-06,0.002481496,0.000189583,0.003646244,0.000129917,0.000813582,0.000133416,0.000798832,0.000206333,0.00012275
29,0.247064,0.00823907,9.17e-07,0.002652996,0.000196999,0.002946162,0.000107583,0.000819249,0.00018975,0.000864915,0.000352166,0.000108333
30,0.2553031,0.007506571,1e-06,0.002005913,0.000243083,0.002963995,0.000121667,0.000820832,0.00013625,0.000799832,0.000204833,0.000209166
31,0.2628097,0.008240737,1e-06,0.002789829,0.000217833,0.002976662,0.00011475,0.000806332,0.000172,0.000791248,0.000234583,0.0001365
32,0.2710504,0.009370485,1e-06,0.002441746,0.000666999,0.004033077,0.0001425,0.000821332,0.000138333,0.000794665,0.000206083,0.00012475
33,0.2804209,0.007648737,1.25e-06,0.001965163,0.00021175,0.003107995,0.000126916,0.000875832,0.000173916,0.000855332,0.000206,0.000124583
34,0.2880696,0.009337152,1.167e-06,0.002934162,0.001366248,0.002863578,0.0001225,0.000803582,0.000137917,0.000783832,0.000214999,0.000109167
35,0.2974068,0.0113314,1.167e-06,0.002507412,0.001308415,0.002933995,0.0001125,0.000816999,0.000125916,0.002979329,0.000349666,0.000195999
36,0.3087382,0.01105731,1.083e-06,0.004538326,0.001344998,0.002911912,0.000122333,0.000813999,0.000209083,0.000795498,0.00020475,0.000115333
37,0.3197955,0.01215565,9.17e-07,0.003001412,0.001333331,0.005601741,0.000141749,0.000816416,0.000134416,0.000793582,0.000207167,0.000124916
38,0.3319511,0.009072485,1.167e-06,0.002469162,0.001329498,0.003126245,0.000107,0.000815499,0.000121749,0.000793582,0.000202667,0.000105916
39,0.3410236,0.008530319,8.33e-07,0.002156163,0.001339915,0.002870245,0.000111916,0.000815832,0.000126417,0.000794749,0.000206499,0.00010775
40,0.3495539,0.01182073,1.5e-06,0.005186908,0.001338582,0.003129078,0.0001125,0.000816165,0.000126666,0.000792999,0.0002035,0.000112833
41,0.3613747,0.01198748,1.083e-06,0.00248408,0.001422747,0.004972409,0.000181249,0.001644998,0.000146666,0.000794499,0.000207166,0.000132583
42,0.3733621,0.008405736,1.083e-06,0.001921831,0.001319497,0.002864079,0.0001085,0.000807499,0.000121166,0.000949748,0.00020525,0.000107083
43,0.3817679,0.009727484,1.167e-06,0.00192433,0.001376081,0.004234826,0.0001395,0.000804749,0.000138833,0.000782499,0.000214249,0.00011125
44,0.3914954,0.0111824,1.083e-06,0.00233083,0.00379341,0.002871745,0.00011775,0.000803416,0.000143416,0.000783832,0.000215,0.000121916
45,0.4026778,0.01046815,1.25e-06,0.00190308,0.001324415,0.002865162,0.00010775,0.002987245,0.000158666,0.000786332,0.00021375,0.0001205
46,0.4131459,0.01210156,7.5e-07,0.002775495,0.001314331,0.005000076,0.000268416,0.001482164,0.000136583,0.000794416,0.000206083,0.000123249
47,0.4252475,0.01125923,8.33e-07,0.002494413,0.001317331,0.002930162,0.00014925,0.003096245,0.000144499,0.000799332,0.0002075,0.000119667
48,0.4365067,0.01048665,1.25e-06,0.00198033,0.001316664,0.004990826,0.000127166,0.000815582,0.000133333,0.000793082,0.000206333,0.000122083
49,0.4469934,0.009546318,1e-06,0.002885496,0.001599747,0.002911912,0.000109833,0.000814249,0.000123083,0.000793915,0.00020275,0.000104333
50,0.4565397,0.008894902,1.5e-06,0.002490662,0.001313915,0.002929912,0.000112,0.000814832,0.000125666,0.000796332,0.000203417,0.000106666
51,0.4654346,0.008962236,1.75e-06,0.001921747,0.001921997,0.002954578,0.000113667,0.000814249,0.000125249,0.000792082,0.000206,0.000110917
52,0.4743968,0.01143298,7.5e-07,0.00255333,0.001310997,0.005313408,0.000128334,0.000815082,0.000131083,0.000793332,0.000242499,0.000144167
53,0.4858298,0.009280069,8.34e-07,0.002710162,0.001322331,0.002976912,0.000103916,0.000848666,0.000124,0.000880831,0.000205667,0.00010675
54,0.4951099,0.01074032,8.33e-07,0.002057997,0.001443081,0.002867745,0.00011275,0.000824499,0.000125166,0.002959579,0.000207249,0.000141417
55,0.5058502,0.01297781,9.17e-07,0.002762829,0.001318998,0.005122575,0.000172666,0.001189998,0.000176833,0.001236832,0.000866082,0.000130083
56,0.518828,0.0114209,1.25e-06,0.002522329,0.001326165,0.005384574,0.00012175,0.000812082,0.00013325,0.000783999,0.000216583,0.000118916
57,0.5302489,0.01058548,1.333e-06,0.00203733,0.001351664,0.004987992,0.00012425,0.000818165,0.000133667,0.000801749,0.000206249,0.000123083
58,0.5408344,0.009248985,1e-06,0.002784495,0.001448581,0.002867495,0.000108917,0.000814499,0.000123499,0.000794249,0.00020325,0.000103
59,0.5500834,0.01171865,1.083e-06,0.00247083,0.001336581,0.004730575,0.000184583,0.001186248,0.000184584,0.001141748,0.000302083,0.000180333
60,0.561802,0.01074565,1.417e-06,0.001942663,0.003746577,0.002871246,0.000117083,0.000813665,0.000129833,0.000797749,0.000205833,0.000119583
61,0.5725476,0.01136273,7.5e-07,0.002734996,0.001429998,0.004990742,0.000125916,0.000823082,0.00013375,0.000793498,0.000207083,0.000122917
62,0.5839104,0.008994569,8.34e-07,0.002475746,0.001329248,0.003037745,0.000108416,0.000813749,0.0001245,0.000795748,0.000202917,0.000105666
63,0.592905,0.01180281,1e-06,0.001900663,0.001314331,0.005426992,0.000172249,0.001183498,0.00017625,0.001161415,0.000302416,0.000164
64,0.6047078,0.01304031,1e-06,0.003006662,0.003155495,0.004686075,0.00012025,0.000820665,0.000131167,0.000792165,0.00020775,0.000119083
65,0.6177481,0.01109898,1.084e-06,0.004702659,0.001367998,0.002844662,0.000120499,0.000810999,0.000132583,0.000786916,0.000212166,0.000119416
66,0.6288471,0.01302989,1e-06,0.002308579,0.003002829,0.004182243,0.000163083,0.002008664,0.000137916,0.000901165,0.000203,0.000121416
67,0.641877,0.0115099,9.16e-07,0.002745662,0.003622578,0.002854912,0.0001195,0.000829165,0.00013225,0.000790415,0.000207166,0.000207333
68,0.6533869,0.01129481,1.167e-06,0.002466913,0.001330581,0.003103495,0.00011025,0.000815498,0.0001225,0.002997329,0.000209833,0.000137249
69,0.6646817,0.01047865,8.33e-07,0.001927497,0.001323248,0.005022409,0.000132916,0.000813415,0.000135917,0.000793415,0.000206166,0.000122834
70,0.6751603,0.009176818,7.5e-07,0.002780495,0.001329832,0.002854578,0.000162833,0.000818082,0.000123417,0.000798082,0.000203333,0.000105416
71,0.6843371,0.008817902,1.083e-06,0.002465413,0.001332664,0.002857329,0.000111166,0.000817749,0.00012725,0.000785582,0.000215333,0.000104333
72,0.693155,0.008911152,9.16e-07,0.00195108,0.001344248,0.003373828,0.0001245,0.000801415,0.00020125,0.000784582,0.000220333,0.000109
73,0.7020662,0.01155323,8.34e-07,0.002703662,0.001314581,0.005352908,0.00012425,0.000812249,0.000131166,0.000789915,0.000206417,0.00011725
74,0.7136194,0.0123039,1.167e-06,0.002494496,0.001317415,0.005240658,0.000194666,0.001238248,0.00018025,0.001137498,0.000307749,0.00019175
75,0.7259233,0.01141857,7.5e-07,0.004024077,0.001427747,0.003768078,0.000121083,0.000810082,0.000135416,0.000792249,0.000203249,0.000135834
76,0.7373419,0.01162931,1.25e-06,0.002827746,0.003678244,0.002866912,0.000119916,0.000812582,0.00013175,0.000869499,0.000206249,0.000115167
77,0.7489712,0.0112749,1e-06,0.002482163,0.001313497,0.003107412,0.000110833,0.002980495,0.000151833,0.000799332,0.000206,0.000122333
78,0.7602461,0.008561153,1e-06,0.002042913,0.001507081,0.002855162,0.000113167,0.000815999,0.000123833,0.000795082,0.000202083,0.000104833
79,0.7688072,0.009576318,7.5e-07,0.001942663,0.001565248,0.00391241,0.000113833,0.000811999,0.000124916,0.000794332,0.00020175,0.000108417
80,0.7783836,0.01105632,1.083e-06,0.002308413,0.001317415,0.005168241,0.00013,0.000813999,0.000131583,0.000836332,0.000208083,0.000141166
81,0.7894399,0.008328819,1.083e-06,0.00192958,0.001311915,0.002855412,0.000107416,0.000816082,0.000120583,0.000878332,0.000202833,0.000105583
82,0.7977687,0.009390818,1.167e-06,0.001947996,0.001567831,0.003715911,0.000113166,0.000814666,0.000125749,0.000793666,0.000205999,0.000104667
83,0.8071595,0.0111609,1.083e-06,0.002375746,0.001386498,0.005136991,0.00012675,0.000816499,0.000133166,0.000830832,0.000209833,0.0001435
84,0.8183204,0.008378069,1.25e-06,0.001915246,0.001429665,0.002877912,0.000115916,0.000803666,0.000123249,0.000793249,0.000205666,0.00011225
85,0.8266985,0.009587318,1.25e-06,0.00193983,0.001580831,0.003903827,0.000113,0.000804832,0.000136583,0.000785832,0.000211999,0.000109334
86,0.8362858,0.0110624,8.34e-07,0.002313413,0.001312914,0.005164658,0.000137417,0.000804249,0.000150749,0.000823249,0.000217916,0.000137
87,0.8473482,0.008241987,7.5e-07,0.001924664,0.001319748,0.002855828,0.00010625,0.000815915,0.000121417,0.000792665,0.00020325,0.0001015
88,0.8555902,0.009407984,1e-06,0.001941163,0.001817331,0.003493494,0.000113833,0.000809915,0.000126584,0.000791748,0.000203583,0.000109333
89,0.8649982,0.01107907,1.083e-06,0.002287413,0.001460415,0.005078408,0.000124166,0.000813999,0.000131833,0.000833666,0.000209666,0.000138416
90,0.8760772,0.00840807,9.17e-07,0.001928914,0.001330331,0.002999912,0.000107333,0.000816165,0.00012175,0.000783082,0.000215666,0.000104
91,0.8844853,0.009675901,1.167e-06,0.002008413,0.001573581,0.003796827,0.000112583,0.000943749,0.000129416,0.000795082,0.000205,0.000110083
92,0.8941612,0.01104306,1e-06,0.002301913,0.001301831,0.005176908,0.000127083,0.000817249,0.000132333,0.000833499,0.000207,0.000144249
93,0.9052043,0.008306154,1.584e-06,0.001924997,0.001316414,0.002853912,0.000107667,0.000811915,0.00018625,0.000796582,0.000202833,0.000104
94,0.9135104,0.01001565,1e-06,0.002441412,0.001336248,0.00406891,0.000116,0.000816665,0.00012525,0.000794082,0.000206583,0.0001095
95,0.9235261,0.01116865,1.083e-06,0.002364997,0.001318331,0.005228741,0.000123333,0.000816832,0.000130833,0.000833916,0.000207749,0.000142834
96,0.9346947,0.008550903,9.17e-07,0.002101497,0.001314997,0.002989496,0.000109416,0.000812749,0.000122333,0.000794749,0.000204583,0.000100166
97,0.9432456,0.01011332,1.417e-06,0.00194533,0.001575414,0.003775994,0.000114,0.000817582,0.000193583,0.001368414,0.000204833,0.00011675
98,0.9533589,0.0134344,1.333e-06,0.002316913,0.005901824,0.002936579,0.000123249,0.000850499,0.000149,0.000797832,0.000207583,0.000149583
99,0.9667933,0.01259398,9.17e-07,0.00193358,0.001334831,0.002852079,0.000108417,0.003910827,0.000214583,0.001239748,0.000865498,0.0001335
100,0.9793873,0.009198735,1.084e-06,0.002738912,0.001318914,0.002982246,0.000112749,0.000815166,0.00012225,0.000798915,0.000205083,0.000103416
101,0.9885861,0.0124019,1.084e-06,0.002477579,0.001335248,0.002997662,0.000112749,0.000816582,0.00012775,0.004182827,0.000209749,0.000140667
102,1.000988,0.01173006,8.33e-07,0.001936497,0.001318165,0.006281823,0.000125666,0.000816166,0.000133166,0.000783082,0.00021575,0.000118916
103,1.012718,0.01358898,9.17e-07,0.002795328,0.004227577,0.004289826,0.000127333,0.000804249,0.000141666,0.000850166,0.000225583,0.000126333
104,1.026307,0.01253715,6.67e-07,0.002506246,0.001436331,0.006418406,0.000117917,0.000812082,0.000131166,0.000794165,0.000203667,0.000116499
105,1.038844,0.01186815,1.416e-06,0.005367742,0.001351914,0.002857412,0.000130666,0.000806333,0.000150916,0.000782999,0.000216833,0.000201916
106,1.050712,0.01272881,9.17e-07,0.002770745,0.001304582,0.006314073,0.000137166,0.000803499,0.000144166,0.000912332,0.000215166,0.000126167
107,1.063441,0.01218381,8.33e-07,0.002490496,0.001454581,0.002914995,0.000109583,0.000814666,0.000122999,0.000794999,0.003268078,0.000212583
108,1.075625,0.01094806,1.083e-06,0.001930914,0.001328831,0.002854912,0.0001125,0.000964581,0.00013075,0.002549496,0.000924082,0.000150916
109,1.086573,0.009407234,1e-06,0.002803912,0.001328331,0.002978412,0.00011025,0.000883332,0.000122833,0.000869498,0.000205917,0.000103749
110,1.09598,0.009480901,1.083e-06,0.001946081,0.001426831,0.00367766,0.00011575,0.000814499,0.000125583,0.001051998,0.000204917,0.000116499
111,1.105461,0.01082698,8.34e-07,0.001963746,0.003559661,0.002929746,0.000228499,0.000850582,0.000146833,0.000796332,0.00020775,0.000143
112,1.116288,0.009255651,7.5e-07,0.002926495,0.001318914,0.002854496,0.000105833,0.000821582,0.000121083,0.000796749,0.000206833,0.000102916
113,1.125544,0.009014402,1.25e-06,0.002491662,0.001334415,0.002859079,0.000111833,0.000817582,0.000126583,0.000794165,0.000368416,0.000109417
114,1.134558,0.008907236,1.417e-06,0.00192058,0.001330248,0.003486244,0.00011625,0.000800832,0.0001405,0.000784832,0.000215833,0.0001105
115,1.143465,0.01125331,8.33e-07,0.002564163,0.001313664,0.005158325,0.0001385,0.000802165,0.000146417,0.000784415,0.000216917,0.000127916
116,1.154719,0.009074652,1.25e-06,0.002535996,0.001340331,0.002913245,0.00010775,0.000813332,0.000186666,0.000865665,0.000203167,0.00010725
117,1.163793,0.008526819,1.5e-06,0.001919414,0.001447081,0.002978078,0.000121916,0.000800916,0.000140333,0.000784249,0.000223083,0.000110249
118,1.17232,0.01132381,1.083e-06,0.002758995,0.001326082,0.005015575,0.000132833,0.000816832,0.000141916,0.000792749,0.000208833,0.000128916
119,1.183644,0.009125569,1.5e-06,0.002638579,0.001319498,0.002851579,0.00010725,0.000815248,0.000124334,0.000953998,0.00020725,0.000106333
120,1.19277,0.009076152,1.334e-06,0.001929913,0.001341498,0.003496327,0.000113167,0.000817499,0.000125083,0.000792998,0.000346583,0.00011175
121,1.201846,0.01128615,9.17e-07,0.002538329,0.001327164,0.005202575,0.000135583,0.000813916,0.000139499,0.000792083,0.000206833,0.000129249
122,1.213132,0.008896902,1.084e-06,0.002503496,0.001321914,0.002847329,0.000109166,0.000814916,0.000122249,0.000796666,0.000276166,0.000103916
123,1.222029,0.008909652,1.417e-06,0.001904163,0.001331331,0.003509078,0.000115416,0.000816082,0.000124417,0.000796499,0.000203583,0.000107666
124,1.230938,0.01131331,1e-06,0.002683662,0.001309331,0.004999742,0.00012825,0.000923249,0.000136083,0.000794665,0.000205083,0.00013225
125,1.242252,0.01094281,1.25e-06,0.002480579,0.001314165,0.002849745,0.000107666,0.000814249,0.000121667,0.002739662,0.000306916,0.000206916
126,1.253195,0.01060623,1.083e-06,0.001924164,0.003535327,0.002871412,0.00012025,0.000816499,0.000137416,0.000783416,0.000215583,0.000201083
127,1.263801,0.01175156,1.333e-06,0.003054495,0.001318332,0.002980661,0.00011125,0.000800666,0.000134499,0.002991662,0.000212083,0.000146583
128,1.275552,0.008920902,1.25e-06,0.002461663,0.001458664,0.002844746,0.000111083,0.000813998,0.000126917,0.000785082,0.000213916,0.000103583
129,1.284473,0.008377069,1.083e-06,0.001987163,0.001383915,0.002846579,0.000110666,0.000817915,0.000125917,0.000794832,0.000204166,0.000104833
130,1.29285,0.0114739,1e-06,0.004960242,0.001330248,0.003015912,0.000112583,0.000811249,0.00012575,0.000791498,0.00020575,0.000119666
131,1.304324,0.0117199,1.25e-06,0.002460163,0.001304831,0.002842079,0.000182749,0.002919412,0.000185583,0.001474331,0.000207167,0.000142333
132,1.316044,0.00843932,1.25e-06,0.001919081,0.001377497,0.002983745,0.00011,0.000815249,0.000123916,0.000796999,0.000204916,0.000106667
133,1.324483,0.008762236,1.167e-06,0.002042164,0.001323081,0.003220494,0.000112334,0.000816332,0.000128749,0.000802582,0.000204833,0.0001105
134,1.333246,0.009468901,1.083e-06,0.001932247,0.001395831,0.003118328,0.000116917,0.00161708,0.000138167,0.000832665,0.000206666,0.000109917
135,1.342715,0.0107424,9.17e-07,0.004176909,0.001348248,0.002856162,0.000116583,0.000940916,0.000134166,0.000831249,0.000206249,0.000131
136,1.353457,0.0127179,7.5e-07,0.002756995,0.001310665,0.005175158,0.000172,0.002016663,0.00014575,0.000797415,0.00021,0.0001325
137,1.366175,0.008944319,1.334e-06,0.002473996,0.001313664,0.002853746,0.000107083,0.000816415,0.000270666,0.000799416,0.000202249,0.00010575
138,1.375119,0.008577236,1.166e-06,0.001917747,0.001453581,0.003040579,0.000113083,0.000814748,0.000127167,0.000784499,0.000215249,0.000109417
139,1.383696,0.009655901,1e-06,0.001945164,0.001574747,0.003826077,0.000112083,0.000812749,0.000126333,0.000874249,0.000241999,0.0001415
140,1.393352,0.01101157,1.084e-06,0.002308413,0.001322748,0.005179991,0.00013175,0.000817249,0.000132333,0.000791582,0.000206666,0.00011975
141,1.404364,0.008336569,1e-06,0.00193008,0.001319998,0.002856162,0.000109083,0.000812832,0.00012275,0.000875665,0.000205333,0.000103666
142,1.4127,0.01011407,1e-06,0.002519996,0.001337498,0.004085493,0.000124916,0.000802749,0.000137167,0.000782248,0.000214833,0.000108167
143,1.422815,0.01115206,9.17e-07,0.002283913,0.001329664,0.005265992,0.000137583,0.000805498,0.00014175,0.000826082,0.000217916,0.00014275
144,1.433967,0.00840457,1.084e-06,0.001917663,0.001325748,0.002994495,0.000108667,0.000814998,0.00012175,0.000800499,0.000202416,0.00011725
145,1.442371,0.009647901,1.25e-06,0.00193333,0.001573164,0.003837994,0.000126667,0.000802332,0.000124583,0.000924832,0.000214499,0.00010925
146,1.452019,0.01113165,1e-06,0.002368747,0.001311664,0.005179658,0.0001365,0.000805832,0.000139083,0.000827082,0.000216167,0.000145916
147,1.463151,0.00824632,1.25e-06,0.001901664,0.001339998,0.002858995,0.00010875,0.000813498,0.000122334,0.000782332,0.000214999,0.0001025
148,1.471397,0.01025957,9.16e-07,0.003703994,0.001345498,0.003046412,0.00011225,0.000815498,0.000128167,0.000791582,0.000203083,0.000112166
149,1.481657,0.01108515,1.166e-06,0.00231308,0.001312998,0.005201908,0.000123166,0.000812582,0.000131834,0.000837081,0.000206833,0.0001445
150,1.492742,0.008498569,1.167e-06,0.002037996,0.001314998,0.002995412,0.000109583,0.000816915,0.000122833,0.000792249,0.000205667,0.000101749
151,1.50124,0.009618901,1.25e-06,0.002016663,0.001569581,0.003796244,0.000114666,0.000814999,0.000126667,0.000792498,0.00027875,0.000107583
152,1.510859,0.0110629,1.25e-06,0.002321163,0.001313081,0.005165075,0.00012475,0.000812082,0.000135666,0.000836666,0.000207749,0.000145417
153,1.521922,0.008413237,7.5e-07,0.001927664,0.001340248,0.002850079,0.000106499,0.000804582,0.0001295,0.000939999,0.000206916,0.000107
154,1.530335,0.009446318,1.417e-06,0.00195283,0.001611331,0.003725744,0.000113083,0.000813499,0.000125749,0.000791916,0.0002035,0.000107249
155,1.539782,0.01110573,1.333e-06,0.002286913,0.001319248,0.005245492,0.000126166,0.000812416,0.000130666,0.000832999,0.000207333,0.000143166
156,1.550887,0.008450987,1e-06,0.001984747,0.001331581,0.002854496,0.000104833,0.000949998,0.000123417,0.000784249,0.000213666,0.000103
157,1.559338,0.009454651,1.25e-06,0.001923414,0.00157908,0.003785161,0.000114333,0.000812749,0.000125499,0.000799082,0.000205167,0.000108916
158,1.568793,0.01099682,7.5e-07,0.002320579,0.001313332,0.005109741,0.000123667,0.000812498,0.00012925,0.000860749,0.000205916,0.000120333
159,1.57979,0.01179765,7.5e-07,0.002038663,0.001314582,0.005631407,0.000735582,0.000816416,0.000138916,0.000792499,0.000205666,0.000123166
160,1.591587,0.01149923,1e-06,0.002757413,0.001332664,0.005216742,0.000126166,0.000812832,0.000132,0.000792749,0.000207666,0.00012
161,1.603087,0.01121365,1.333e-06,0.002536246,0.001391748,0.004959659,0.000138416,0.000930582,0.000135583,0.000782415,0.000216333,0.000121333
162,1.6143,0.01130365,9.17e-07,0.002119913,0.001323248,0.002852828,0.000109417,0.003629827,0.000148667,0.000794665,0.000208083,0.000116083
163,1.625604,0.01381389,1.083e-06,0.002767912,0.001321498,0.006446156,0.00020925,0.001754997,0.000139167,0.000828915,0.000205083,0.000139833
164,1.639418,0.01181373,1e-06,0.002465663,0.001315914,0.005817407,0.00013825,0.000818332,0.000133083,0.000795749,0.000203166,0.000125167
165,1.651232,0.01091915,1.083e-06,0.001921747,0.001323165,0.002852078,0.000106917,0.000927248,0.000146333,0.003272162,0.000221833,0.000146583
166,1.662151,0.009232985,1.083e-06,0.002752162,0.001314665,0.002922328,0.00011025,0.000890749,0.00012775,0.000795582,0.000203999,0.000114417
167,1.671384,0.008546403,6.66e-07,0.001914497,0.001337581,0.002893079,0.000128083,0.001004582,0.000144916,0.000783582,0.000218583,0.000120834
168,1.67993,0.01263848,1e-06,0.004417243,0.001458164,0.004552243,0.000122416,0.000814999,0.000133,0.000803832,0.000208749,0.000126833
169,1.692569,0.01229456,7.5e-07,0.002761162,0.003371161,0.003868577,0.000119916,0.000922166,0.000132416,0.000796332,0.0002025,0.000119583
170,1.704863,0.01178231,5.83e-07,0.005013242,0.001455998,0.003005828,0.000122417,0.000850581,0.00013825,0.000861916,0.000207249,0.00012625
171,1.716646,0.01103306,1.583e-06,0.001921914,0.001468914,0.005435241,0.000130667,0.000817332,0.000134583,0.000791499,0.000208166,0.000123166
172,1.727679,0.009317902,9.17e-07,0.002856828,0.001332998,0.002978829,0.00010825,0.000815582,0.000122583,0.000790248,0.000207,0.000104667
173,1.736997,0.009339235,1.25e-06,0.00193558,0.001357248,0.003868077,0.000126333,0.000804916,0.000137166,0.000786416,0.000211999,0.00011025
174,1.746336,0.01116757,7.5e-07,0.001934413,0.001392081,0.005567908,0.00013575,0.000802332,0.000134,0.000834665,0.000209166,0.0001565
175,1.757503,0.009075152,1.084e-06,0.002743412,0.001327164,0.002842162,0.00011575,0.000805082,0.000136083,0.000782666,0.000217666,0.000104083
176,1.766578,0.009096818,1.167e-06,0.00193208,0.001348748,0.003647327,0.000113166,0.000817499,0.000126167,0.000795748,0.000203083,0.000111833
177,1.775675,0.01119031,1.333e-06,0.002177247,0.001320498,0.005426407,0.000123917,0.000817748,0.000132917,0.000836165,0.000210583,0.0001435
178,1.786866,0.009301735,1.084e-06,0.002978328,0.001325498,0.002844495,0.000118333,0.000803999,0.000120833,0.000793332,0.00020275,0.000113083
179,1.796167,0.009362985,1.084e-06,0.001927913,0.001421081,0.003844244,0.000113333,0.000814332,0.000128916,0.000796666,0.000202916,0.0001125
180,1.80553,0.01113665,1.333e-06,0.001947414,0.003916827,0.002963245,0.00011725,0.000855415,0.000150833,0.000794916,0.000208083,0.000181333
181,1.816667,0.009053069,8.34e-07,0.002738078,0.001314915,0.002848829,0.000109083,0.000816082,0.0001205,0.000794998,0.000204833,0.000104917
182,1.82572,0.009113986,1.084e-06,0.001908413,0.001369665,0.003655327,0.000125667,0.000805498,0.00012625,0.000794582,0.0002075,0.00012
183,1.834834,0.01079632,1.417e-06,0.00217633,0.001304998,0.005060158,0.000122417,0.000814248,0.000131833,0.000832416,0.000211833,0.000140666
184,1.84563,0.009346901,1.25e-06,0.002917995,0.001371331,0.002902578,0.00010825,0.000815249,0.000120916,0.000799332,0.00020475,0.00010525
185,1.854977,0.009285485,1.333e-06,0.00193933,0.001431248,0.003737161,0.000125166,0.000804416,0.000126749,0.000795666,0.000206166,0.00011825
186,1.864263,0.0106784,9.16e-07,0.001933664,0.001336414,0.005149242,0.00011975,0.000847415,0.000150416,0.000795082,0.000206083,0.000139417
187,1.874941,0.009050985,1.083e-06,0.002737162,0.001314498,0.002848829,0.000109,0.000817582,0.0001225,0.000794332,0.000202249,0.00010375
188,1.883992,0.009074736,1.25e-06,0.00191883,0.001345498,0.003643161,0.00011425,0.000815915,0.000127333,0.000794749,0.0002065,0.00010725
189,1.893067,0.0107749,9.17e-07,0.002078496,0.001312332,0.005117575,0.000133499,0.000804082,0.000142,0.000823832,0.000215917,0.000146249
190,1.903842,0.009483735,7.5e-07,0.003033412,0.001459248,0.002848912,0.000108249,0.000814499,0.000120167,0.000783415,0.000213083,0.000102
191,1.913325,0.009301901,1.083e-06,0.001907081,0.001353247,0.003039995,0.00022275,0.001490081,0.000151,0.000813582,0.000212666,0.000110416
192,1.922627,0.01201465,1.166e-06,0.003821494,0.001427914,0.004570826,0.000122167,0.000813498,0.0001325,0.000793249,0.00020525,0.000126583
193,1.934642,0.01141756,9.17e-07,0.002753495,0.003617911,0.002851662,0.000118833,0.000815082,0.000133834,0.000801582,0.000203499,0.00012075
194,1.94606,0.01128773,1.167e-06,0.002476496,0.001309414,0.003105495,0.000109917,0.000811748,0.002321663,0.000805332,0.000209333,0.000137167
195,1.957347,0.008491486,1.083e-06,0.001987747,0.001507747,0.002843746,0.000112833,0.000813832,0.000122916,0.000791749,0.000204916,0.000104917
196,1.965839,0.009690984,1.25e-06,0.002000413,0.001555081,0.003962493,0.000114083,0.000819416,0.000128,0.000796498,0.000204583,0.000109167
197,1.97553,0.01071748,9.17e-07,0.001920747,0.001306831,0.005109992,0.000135166,0.000939749,0.000162333,0.000787999,0.000215333,0.000138416
198,1.986247,0.008321153,1e-06,0.001938414,0.001320747,0.002848079,0.000108333,0.000812999,0.000123,0.000861498,0.000203583,0.0001035
199,1.994568,0.007339822,1.417e-06,0.001981164,0.000169166,0.003008162,0.000114083,0.000825832,0.00012975,0.000797498,0.0002045,0.00010825
200,2.001908,0.008139737,7.5e-07,0.00234533,0.000181666,0.002963329,0.000107166,0.000948082,0.000124167,0.001123581,0.000211166,0.0001345
201,2.010048,0.007364571,1.25e-06,0.002070996,0.000158083,0.002970912,0.000112417,0.000823248,0.000124917,0.000796248,0.000202667,0.000103833
202,2.017413,0.009012402,1e-06,0.002593079,0.000845332,0.003405828,0.000122416,0.000802083,0.000127833,0.000791832,0.000204666,0.000118333
203,2.026425,0.008588486,1.416e-06,0.00226858,0.000970665,0.003211245,0.0001075,0.000811832,0.000122333,0.000788665,0.000205416,0.000100834
204,2.035013,0.007499238,8.34e-07,0.001921663,0.00020425,0.003205745,0.000111416,0.000818249,0.0001265,0.000796665,0.000203583,0.000110333
205,2.042513,0.01097965,8.33e-07,0.005550575,0.000206333,0.003047495,0.000124416,0.000801665,0.000127,0.000794749,0.000205166,0.000121417
206,2.053492,0.0103194,1e-06,0.002487163,0.000151249,0.003109162,0.00011175,0.000824915,0.000124333,0.003146328,0.000220917,0.000142583
207,2.063812,0.007770904,9.17e-07,0.00195283,0.000184416,0.003085412,0.00011275,0.001198414,0.000127667,0.000797665,0.00020625,0.000104583
208,2.071583,0.008679236,1.084e-06,0.00191833,0.000226333,0.003003328,0.000120583,0.001043332,0.000130917,0.001400997,0.000234333,0.000599999
209,2.080262,0.009876568,7.5e-07,0.002367663,0.0001855,0.005136825,0.000124,0.000814915,0.000131916,0.000791916,0.000205249,0.000117834
210,2.090138,0.01021907,1e-06,0.00192783,0.000183416,0.005066826,0.000167916,0.001601081,0.000140083,0.000786665,0.00022,0.00012425
211,2.100357,0.008055237,1.083e-06,0.002766913,0.000202083,0.002929411,0.000109834,0.000804915,0.000135666,0.000781749,0.000218833,0.00010475
212,2.108413,0.008197236,1.416e-06,0.001916831,0.000163833,0.003240828,0.000115916,0.001517748,0.000131083,0.000793332,0.000206166,0.000110083
213,2.11661,0.009683151,1.083e-06,0.002090747,0.000172999,0.002939912,0.000105417,0.003002078,0.000157333,0.000870915,0.000209083,0.000133584
214,2.126293,0.008151654,1.334e-06,0.002731162,0.00015675,0.003114661,0.000110833,0.000813582,0.0001215,0.000784582,0.000211916,0.000105334
215,2.134445,0.01003273,1e-06,0.002303329,0.002476663,0.002980412,0.000128833,0.000841998,0.000160417,0.000784665,0.0002165,0.000138916
216,2.144478,0.007398322,1.167e-06,0.001922664,0.000181416,0.003071328,0.000106417,0.000877248,0.000123917,0.000804415,0.000204667,0.000105083
217,2.151876,0.008960318,1.25e-06,0.003567244,0.000197666,0.003024495,0.00011175,0.000826082,0.000125167,0.000795082,0.000204749,0.000106833
218,2.160836,0.01001765,9.17e-07,0.002320496,0.000182166,0.002936496,0.000108416,0.003190661,0.0001495,0.000798332,0.000207583,0.000123083
219,2.170854,0.007335321,1.083e-06,0.001921414,0.000187999,0.002933079,0.000179916,0.000886999,0.0001235,0.000795082,0.000205916,0.000100333
220,2.178189,0.008374653,9.16e-07,0.001924664,0.000212166,0.004077744,0.000116999,0.000812166,0.000125666,0.000790166,0.000204749,0.000109417
221,2.186564,0.009966151,8.34e-07,0.002296163,0.000193166,0.002934745,0.000105417,0.003045161,0.000156334,0.000905081,0.000205833,0.000123417
222,2.19653,0.007187571,1.083e-06,0.00191733,0.000190333,0.002930829,0.00010975,0.000814332,0.000121666,0.000797332,0.000203,0.000101916
223,2.203717,0.008364154,1.25e-06,0.001935497,0.0002135,0.00405766,0.000113167,0.000813665,0.000125416,0.000791249,0.000204083,0.000108667
224,2.212082,0.0101694,9.17e-07,0.002285246,0.000182167,0.003045995,0.000108166,0.003263911,0.000154417,0.000798832,0.000205666,0.000124083
225,2.222251,0.007486238,1e-06,0.002057497,0.000155583,0.002968078,0.00011275,0.000825666,0.000122249,0.000933416,0.000202583,0.000107416
226,2.229737,0.008394986,1e-06,0.001963914,0.000174083,0.004090993,0.000115166,0.000815999,0.000126417,0.000795248,0.000203917,0.000108249
227,2.238132,0.01003123,8.33e-07,0.002463496,0.0001505,0.002963245,0.000109333,0.003068495,0.000150417,0.000798665,0.000205166,0.000121084
228,2.248164,0.007373238,8.34e-07,0.00191408,0.00015325,0.002973328,0.000111667,0.000813498,0.000121333,0.000959166,0.000220332,0.00010575
229,2.255537,0.008508153,1e-06,0.001957997,0.000205583,0.00417491,0.000125,0.000804082,0.000126416,0.000792999,0.000203,0.000117166
230,2.264045,0.01017032,9.16e-07,0.00229483,0.0001775,0.002944495,0.000107666,0.000811749,0.00197033,0.001513914,0.000216167,0.00013275
231,2.274215,0.007314821,9.16e-07,0.001907331,0.000172333,0.002966578,0.000112333,0.000814666,0.000121916,0.000864415,0.000249583,0.00010475
232,2.28153,0.008386403,1e-06,0.00193258,0.000221916,0.004071827,0.0001145,0.000811748,0.0001265,0.000791415,0.000204833,0.000110084
233,2.289916,0.0101009,5.83e-07,0.002411413,0.000153333,0.002982078,0.000106833,0.003043162,0.0001615,0.000789582,0.000327583,0.000124833
234,2.300017,0.007706987,8.33e-07,0.002363329,0.000156833,0.003024079,0.000112166,0.000822582,0.000125583,0.000793166,0.000203833,0.000104583
235,2.307724,0.008500319,1.166e-06,0.001968414,0.000218833,0.00415116,0.000115249,0.000815416,0.000125416,0.000792999,0.0002035,0.000108166
236,2.316225,0.01067307,8.33e-07,0.002299163,0.000174249,0.003047496,0.000105833,0.000813915,0.000119666,0.003756911,0.000208583,0.000146416
237,2.326898,0.007342988,1.334e-06,0.002041413,0.000209416,0.002940829,0.000112083,0.000814582,0.000124333,0.000781749,0.0002145,0.000102749
238,2.334241,0.01045548,1.084e-06,0.004924158,0.000216333,0.003155995,0.00011175,0.000811999,0.000126083,0.000790582,0.000203916,0.000113583
239,2.344696,0.01024915,1.25e-06,0.002624412,0.000200667,0.002958828,0.00010825,0.000802332,0.000131,0.000783999,0.000210749,0.002427663
240,2.354945,0.007377654,7.5e-07,0.001941496,0.000156834,0.003105578,0.000114083,0.000824249,0.000127083,0.000797498,0.000206083,0.000104
241,2.362323,0.008724069,1e-06,0.00194408,0.00020225,0.003004995,0.000137833,0.001095165,0.000133249,0.001874164,0.000206416,0.000124917
242,2.371047,0.01058332,7.5e-07,0.002398662,0.000183917,0.005802907,0.000131,0.000817082,0.000132583,0.000792832,0.000206499,0.000117084
243,2.38163,0.009556818,1.083e-06,0.002036497,0.000205833,0.005110158,0.000124917,0.000817165,0.000131166,0.000804166,0.000203833,0.000122
244,2.391187,0.008272153,1e-06,0.002875079,0.000158166,0.003095412,0.000109083,0.000811999,0.000122749,0.000791749,0.0002045,0.000102416
245,2.399459,0.008430903,1.083e-06,0.00194808,0.000167,0.003265745,0.000119916,0.001549498,0.000198416,0.000852749,0.000206083,0.000122333
246,2.40789,0.009617984,7.5e-07,0.001948997,0.000184083,0.005124658,0.0001415,0.000802998,0.000149084,0.000782748,0.0002165,0.000266666
247,2.417508,0.008348403,1.083e-06,0.003061078,0.000187667,0.002947245,0.00011025,0.000816248,0.000122334,0.000793748,0.0002025,0.00010625
248,2.425857,0.0101544,9.17e-07,0.004574659,0.000227583,0.002983245,0.000134333,0.000815415,0.000149917,0.000951165,0.000203333,0.000113833
249,2.436011,0.007292738,9.16e-07,0.001907414,0.00015375,0.003081495,0.000107833,0.000817832,0.000120416,0.000796332,0.000207,9.975e-05
250,2.443304,0.00831032,1.167e-06,0.001931747,0.000200999,0.004010744,0.000116333,0.000814415,0.000126,0.000794749,0.000204583,0.000109583
251,2.451614,0.009975067,1.167e-06,0.002394413,0.000188916,0.005176325,0.000143,0.000818998,0.000133,0.000790249,0.00020675,0.000122249
252,2.461589,0.007369571,1.25e-06,0.00200533,0.000210833,0.003005495,0.00010825,0.000803499,0.000134083,0.000784248,0.00021225,0.000104333
253,2.468959,0.01037223,9.16e-07,0.004890326,0.000204583,0.003069662,0.000154916,0.000807415,0.000137333,0.000782749,0.00021325,0.000111083
254,2.479331,0.0101539,1.25e-06,0.002467163,0.000180749,0.002937412,0.00010675,0.000809665,0.00012,0.000962832,0.000205666,0.002362413
255,2.489485,0.007435821,1e-06,0.001919747,0.000187833,0.003073578,0.000111667,0.000824332,0.000126999,0.000879416,0.000203749,0.0001075
256,2.496921,0.00832682,8.34e-07,0.00193683,0.000172833,0.00405016,0.000112833,0.000821832,0.0001265,0.000791999,0.000202999,0.00011
257,2.505248,0.01005465,7.5e-07,0.002290247,0.000230833,0.002993995,0.000123916,0.003126329,0.000160499,0.000797082,0.000206,0.000125
258,2.515302,0.007281238,1.083e-06,0.002006247,0.000158917,0.002955745,0.00011,0.000825248,0.00012075,0.000795415,0.000204667,0.000103166
259,2.522583,0.008508986,9.16e-07,0.001930831,0.000188749,0.003011245,0.000119834,0.001049748,0.000131833,0.001744997,0.000206416,0.000124417
260,2.531092,0.01095856,9.17e-07,0.002315662,0.00020125,0.004937575,0.000175167,0.001158415,0.000200833,0.001629497,0.0002055,0.000133749
261,2.542051,0.009483151,1.167e-06,0.004053326,0.000216333,0.002980579,0.0001225,0.000814415,0.000135833,0.000840165,0.0002075,0.000111333
262,2.551534,0.00833207,1e-06,0.002989495,0.000203833,0.002988745,0.000109167,0.000803415,0.000133333,0.000783415,0.00021275,0.000106917
263,2.559866,0.007835987,1.083e-06,0.002486996,0.000185417,0.003008078,0.000110333,0.000814999,0.000124833,0.000792166,0.000206749,0.000105333
264,2.567702,0.007978153,1e-06,0.002043746,0.000196917,0.003509327,0.000115833,0.000863916,0.000123749,0.000800082,0.000203333,0.00012025
265,2.57568,0.0102214,7.5e-07,0.002604162,0.0001835,0.002951745,0.000107667,0.000812332,0.000119833,0.003092745,0.000209999,0.000138667
266,2.585902,0.008017654,1e-06,0.002487829,0.0002075,0.002950495,0.000110833,0.000813999,0.00027675,0.000853582,0.000206999,0.000108667
267,2.593919,0.007776321,1.417e-06,0.001923913,0.000245916,0.003447495,0.0001135,0.000813082,0.000126749,0.000792166,0.000203666,0.000108417
268,2.601696,0.01020465,9.16e-07,0.002563246,0.000200416,0.003012996,0.000107999,0.003042829,0.000147583,0.000799415,0.0002055,0.00012375
269,2.6119,0.007907987,1.083e-06,0.002543579,0.000189416,0.003008912,0.000111417,0.000814248,0.000123667,0.000807498,0.00020325,0.000104917
270,2.619808,0.00788657,7.5e-07,0.001956496,0.0002095,0.003508411,0.00011375,0.000804749,0.000136833,0.000791665,0.000256916,0.0001075
271,2.627695,0.01021015,8.34e-07,0.002576662,0.00018325,0.002939578,0.0001065,0.000820582,0.000119167,0.003094411,0.00020975,0.000159416
272,2.637905,0.007912904,1e-06,0.002475163,0.000155166,0.002963579,0.000113833,0.000815082,0.000124166,0.000798249,0.000202833,0.000263833
273,2.645818,0.007723654,1.167e-06,0.00193133,0.00019625,0.003432661,0.000112833,0.000817249,0.000125749,0.000793249,0.000205333,0.000107833
274,2.653542,0.0109759,8.33e-07,0.002539413,0.000196916,0.002963745,0.00014825,0.00384641,0.00015225,0.000787332,0.000218083,0.000122666
275,2.664517,0.007829071,1.25e-06,0.002462329,0.000187167,0.002973745,0.000151583,0.000828832,0.000123166,0.000793582,0.000202833,0.000104584
276,2.672347,0.007845571,1.25e-06,0.001952997,0.00021125,0.003509244,0.000113333,0.000815249,0.00012925,0.000796248,0.00020475,0.000112
277,2.680192,0.0102594,1e-06,0.002642913,0.000154166,0.002982912,0.000109417,0.000825498,0.000121167,0.003054661,0.000223583,0.000144083
278,2.690452,0.007975321,1.084e-06,0.002517912,0.000187166,0.002943162,0.00011325,0.000827249,0.000125583,0.000795749,0.000357499,0.000106667
279,2.698427,0.008284987,1.084e-06,0.002840995,0.000209833,0.003071245,0.000113333,0.000814582,0.000126667,0.000793332,0.000203499,0.000110417
280,2.706712,0.01020407,1.25e-06,0.002560663,0.000151666,0.002980079,0.000108083,0.003125078,0.000149916,0.000786999,0.000217416,0.000122917
281,2.716916,0.007844821,1.25e-06,0.00250433,0.000157916,0.002981412,0.00011325,0.000859832,0.000120166,0.000797915,0.000203083,0.000105667
282,2.724761,0.007849237,1.417e-06,0.001957913,0.000197833,0.003511078,0.000113583,0.000824082,0.0001265,0.000793999,0.000204916,0.000117916
283,2.73261,0.01022673,1e-06,0.002608746,0.000182583,0.002952828,0.00010825,0.000812666,0.000120666,0.003076912,0.000206916,0.000156166
284,2.742837,0.007983654,7.5e-07,0.00245733,0.000209749,0.002955246,0.000109916,0.000814915,0.000329167,0.000796748,0.000204917,0.000104916
285,2.75082,0.008399403,9.17e-07,0.002993495,0.000243749,0.003006079,0.00011275,0.000811665,0.000125916,0.000782249,0.00021325,0.000109333
286,2.75922,0.0101674,1.25e-06,0.002558163,0.00015425,0.002981411,0.002374497,0.000822415,0.000143416,0.000791916,0.000208583,0.000131499
287,2.769387,0.00789807,1e-06,0.002550246,0.0001855,0.002949911,0.000108834,0.000825332,0.000121583,0.000791665,0.0002145,0.000149499
288,2.777285,0.007816737,1.666e-06,0.001923831,0.000205749,0.003527911,0.000114417,0.000811248,0.000125167,0.000791582,0.0002065,0.000108666
289,2.785102,0.01026782,1.084e-06,0.002625412,0.000205167,0.002940328,0.000105917,0.000804748,0.0001435,0.000783832,0.002505913,0.000151916
290,2.79537,0.008208904,8.34e-07,0.002754329,0.000158749,0.002967829,0.000112833,0.000825499,0.000124666,0.000948832,0.000206833,0.0001085
291,2.803579,0.007952237,9.17e-07,0.00193558,0.000192833,0.003081662,0.000120333,0.001334081,0.000166167,0.000803248,0.0002055,0.000111916
292,2.811531,0.01146956,8.33e-07,0.002601413,0.000949748,0.005730908,0.000125083,0.000811082,0.000131583,0.000783415,0.000214417,0.000121083
293,2.823,0.01066656,8.33e-07,0.002486162,0.000644083,0.005332324,0.000131,0.000816249,0.000132916,0.000794082,0.000204833,0.000124083
294,2.833667,0.01045315,1.084e-06,0.001979413,0.000675416,0.003403161,0.00010775,0.000812915,0.000122667,0.000796415,0.002413829,0.0001405
295,2.84412,0.01193706,7.5e-07,0.002782412,0.000616666,0.005375575,0.000197999,0.001159915,0.0002075,0.001133498,0.000300166,0.000162583
296,2.856057,0.0112279,8.34e-07,0.002480329,0.002630912,0.003917161,0.000120833,0.000802832,0.000154666,0.000786332,0.000215,0.000119
297,2.867285,0.01021007,1.084e-06,0.001923996,0.002749329,0.003285662,0.000121499,0.000824582,0.000135083,0.000795082,0.000258333,0.000115417
298,2.877495,0.008858902,9.17e-07,0.002755745,0.000611249,0.003341328,0.000110583,0.000815249,0.000123,0.000791832,0.000205583,0.000103416
299,2.886354,0.008937319,9.17e-07,0.002513079,0.000960832,0.003241078,0.000168666,0.000816915,0.000128167,0.000794832,0.000204833,0.000108
300,2.895291,0.00832132,1.333e-06,0.001935164,0.000278499,0.003951494,0.0001125,0.000811498,0.000126417,0.000782998,0.000214417,0.000107
301,2.903613,0.01113565,1e-06,0.002602829,0.000623166,0.005599157,0.00013225,0.000919915,0.000133,0.000794082,0.000207166,0.000123083
302,2.914748,0.00851332,7.5e-07,0.00254333,0.000618749,0.003203244,0.00010975,0.000815165,0.000120917,0.000791832,0.000205416,0.000104167
303,2.923262,0.008036487,1.167e-06,0.001936747,0.000578582,0.003359828,0.00011275,0.000813915,0.000125666,0.000790166,0.000207416,0.00011025
304,2.931298,0.01118932,1.083e-06,0.002672829,0.000632583,0.005604324,0.000133583,0.000817415,0.000133417,0.000862665,0.000206083,0.000125333
305,2.942488,0.008864486,9.17e-07,0.002531912,0.000952415,0.003231828,0.000109084,0.000811332,0.000123833,0.000781748,0.000218,0.000103417
306,2.951352,0.007574238,1.25e-06,0.00193158,0.000557999,0.002858329,0.000110666,0.000816582,0.000127083,0.000794583,0.000267749,0.000108417
307,2.958926,0.0099014,1.167e-06,0.003640744,0.000635999,0.003384077,0.00011375,0.000817749,0.000129416,0.000857999,0.000204,0.000116499
308,2.968828,0.01041973,1.25e-06,0.004658909,0.000243083,0.003297828,0.000119833,0.000816832,0.000169333,0.000795332,0.000204833,0.0001125
309,2.979247,0.01130523,1e-06,0.001920747,0.000614582,0.003458411,0.000111084,0.000814332,0.000123083,0.000812165,0.000206583,0.003243245
310,2.990553,0.009076985,1e-06,0.002699495,0.000634666,0.003434578,0.000245249,0.000814916,0.000127666,0.000794999,0.000205833,0.000118583
311,2.99963,0.0112239,1e-06,0.002255497,0.003275744,0.003332328,0.000112833,0.000814166,0.00012575,0.000791165,0.0002035,0.000311916
312,3.010854,0.00805807,9.17e-07,0.00190983,0.000628749,0.003373578,0.000106166,0.000815999,0.00012225,0.000796498,0.000201917,0.000102166
313,3.018912,0.009563401,1.25e-06,0.001914831,0.001000498,0.004464743,0.000116083,0.000820248,0.000125667,0.000794582,0.00020525,0.000120249
314,3.028475,0.0112649,1.166e-06,0.002291246,0.000953916,0.00577999,0.000129833,0.000859999,0.000125833,0.000794415,0.000204583,0.000123917
315,3.03974,0.00827557,1e-06,0.001904497,0.000643166,0.003528244,0.000109,0.000860332,0.000126166,0.000784249,0.000218166,0.00010075
316,3.048015,0.009197318,1.083e-06,0.001925997,0.000631082,0.004330243,0.00012625,0.000932332,0.00012825,0.000796832,0.000205999,0.00011925
317,3.057213,0.01056665,1.083e-06,0.002314996,0.000634999,0.005400825,0.000143166,0.000806582,0.000133,0.000795915,0.000205083,0.000131
318,3.067779,0.01037548,8.33e-07,0.001903497,0.000627999,0.003385245,0.000105249,0.000816082,0.000122084,0.000794832,0.000202583,0.002417079
319,3.078155,0.01072765,1.417e-06,0.002735995,0.000241417,0.005517241,0.000133583,0.000819582,0.000137166,0.000807416,0.000209499,0.000124333
320,3.088883,0.008823319,9.17e-07,0.002489662,0.000744166,0.003389577,0.000149584,0.000817915,0.0001225,0.000784082,0.000219749,0.000105167
321,3.097706,0.01018032,1.083e-06,0.001914997,0.000620916,0.005432241,0.00013025,0.000816915,0.000135083,0.000801832,0.000204167,0.000122833
322,3.107886,0.009260068,1.166e-06,0.002898746,0.000970915,0.003243161,0.00010925,0.000813165,0.000120583,0.000782083,0.000216416,0.000104583
323,3.117146,0.01092282,1.084e-06,0.002475996,0.000617082,0.005619324,0.000131417,0.000814832,0.000135416,0.000795666,0.000207583,0.000124416
324,3.128069,0.01021557,1e-06,0.001907664,0.000618665,0.003294328,0.000113083,0.000820082,0.000122417,0.000795915,0.000203083,0.00233933
325,3.138285,0.01023482,1.25e-06,0.001910247,0.000631582,0.005474074,0.000132333,0.000821749,0.000136333,0.000794166,0.000208166,0.000124916
326,3.148519,0.008839319,1.333e-06,0.002533413,0.000965915,0.003191078,0.00010875,0.000814999,0.000122416,0.000792415,0.0002055,0.0001035
327,3.157359,0.0097254,1.5e-06,0.001914496,0.000583,0.005005325,0.000132749,0.000812666,0.000138333,0.000804832,0.000205916,0.000126583
328,3.167084,0.008997819,1e-06,0.002770579,0.000635832,0.003385662,0.000111166,0.000864915,0.000123417,0.000796998,0.000203583,0.000104667
329,3.176082,0.008558736,1.25e-06,0.001915914,0.000972748,0.003449244,0.0001315,0.000820749,0.000138416,0.000800999,0.000205083,0.000122833
330,3.184641,0.01372623,1.167e-06,0.004528159,0.001636497,0.005107492,0.000174666,0.000823999,0.000208916,0.000924916,0.000206249,0.000114167
331,3.198367,0.01266748,1.25e-06,0.002705745,0.000631166,0.005866657,0.00017175,0.001172914,0.000216917,0.001541831,0.000207916,0.000151333
332,3.211034,0.008013071,9.17e-07,0.002431996,0.000579916,0.002852328,0.000108917,0.000813665,0.000122583,0.000795749,0.00020325,0.00010375
333,3.219048,0.008682069,1.833e-06,0.002485163,0.000629165,0.003403578,0.000112,0.000803249,0.000137083,0.000786332,0.000215416,0.00010825
334,3.22773,0.0113554,1e-06,0.002503079,0.000602582,0.003423745,0.000109166,0.003430911,0.0001485,0.000802165,0.000207083,0.000127167
335,3.239085,0.008813652,1.083e-06,0.002463163,0.000632332,0.003571744,0.000109334,0.000814332,0.000121999,0.000794166,0.000202583,0.000102916
336,3.247899,0.008118986,1.166e-06,0.001917247,0.000619499,0.003408995,0.000113499,0.000819332,0.000128834,0.000794665,0.000206583,0.000109166
337,3.256018,0.01126723,1.25e-06,0.004788575,0.000667333,0.003562494,0.000134416,0.000877082,0.0001245,0.000793332,0.000205583,0.000112667
338,3.267285,0.01077865,9.17e-07,0.002460412,0.000960665,0.003356328,0.000108667,0.000801415,0.000133,0.000783249,0.000213916,0.00196008
339,3.278063,0.00786657,1.333e-06,0.00191983,0.000229583,0.003391662,0.000111416,0.000816582,0.000127083,0.000954832,0.000205583,0.000108666
340,3.28593,0.009405651,1.083e-06,0.001927747,0.000983582,0.004315076,0.000124,0.000818415,0.0001285,0.000793582,0.00020325,0.000110416
341,3.295336,0.01157315,1e-06,0.002353663,0.000624833,0.006313823,0.000160249,0.000805416,0.000151416,0.000786582,0.000258916,0.00011725
342,3.306909,0.008477153,1.083e-06,0.00197683,0.000984915,0.003369161,0.000108167,0.000813915,0.000121833,0.000791082,0.000205333,0.000104834
343,3.315386,0.01022732,1.166e-06,0.004524076,0.000549416,0.002898829,0.000161833,0.000854415,0.000125167,0.000795665,0.0002045,0.000112249
344,3.325613,0.01157923,1e-06,0.002480913,0.000617749,0.003372411,0.000107583,0.002828329,0.000186999,0.001623081,0.000217916,0.00014325
345,3.337193,0.008220654,1e-06,0.001926414,0.000631166,0.003509911,0.000111999,0.000815582,0.000121167,0.000793749,0.000204916,0.00010475
346,3.345413,0.009584901,1.25e-06,0.001931497,0.001033165,0.004300576,0.00011925,0.000818165,0.000127,0.000925582,0.0002055,0.000122916
347,3.354998,0.01035282,9.17e-07,0.002352996,0.000224,0.005537241,0.000152416,0.000802249,0.00015175,0.000785665,0.00021575,0.000129833
348,3.365351,0.008312069,1e-06,0.001917996,0.001041999,0.003203244,0.00010725,0.000816499,0.000121833,0.000794249,0.000205499,0.0001025
349,3.373663,0.01118115,9.16e-07,0.004902242,0.000641499,0.003479078,0.000112333,0.000812999,0.000125583,0.000791415,0.000204,0.000111083
350,3.384844,0.01047373,7.5e-07,0.002452829,0.000571583,0.002992828,0.00010925,0.002513579,0.0002275,0.001138165,0.000278166,0.000189083
351,3.395318,0.01037857,1.166e-06,0.001921664,0.000620249,0.003371828,0.000113749,0.000814249,0.000123916,0.000794499,0.0002065,0.002410746
352,3.405696,0.009013569,1.334e-06,0.002771079,0.000634832,0.003384661,0.000122167,0.000849748,0.000136917,0.000789332,0.000218166,0.000105333
353,3.41471,0.008873819,1.167e-06,0.00195033,0.000630499,0.00410216,0.000115,0.000814582,0.000126083,0.000795082,0.000207083,0.000131833
354,3.423584,0.01053282,5.83e-07,0.001940414,0.000630082,0.005700241,0.000128249,0.000803416,0.000140666,0.000785666,0.000213749,0.00018975
355,3.434117,0.009226652,9.17e-07,0.002904578,0.000966999,0.003206995,0.000107749,0.000813749,0.000123083,0.000796666,0.000202416,0.0001035
356,3.443343,0.009134985,5e-07,0.001941163,0.001037248,0.003992577,0.00011175,0.000814832,0.000124833,0.000795999,0.000205416,0.000110667
357,3.452478,0.0104809,1e-06,0.00193333,0.000612082,0.005677074,0.00012925,0.000813166,0.000132833,0.000831832,0.000208666,0.000141666
358,3.462959,0.008452236,1.25e-06,0.002788995,0.000225333,0.003285495,0.000107416,0.000815916,0.0001225,0.000799248,0.00020325,0.000102833
359,3.471411,0.01037657,1.166e-06,0.00408516,0.000730166,0.003395328,0.000112416,0.000813915,0.000126334,0.000791582,0.000206916,0.000113583
360,3.481788,0.01052773,1e-06,0.002309497,0.000930998,0.002851162,0.000106167,0.003055078,0.00014925,0.000793665,0.000208333,0.000122583
361,3.492316,0.009344152,1e-06,0.003031412,0.000637499,0.003518911,0.000110916,0.000815582,0.000124,0.000793915,0.000203833,0.000107084
362,3.50166,0.008529736,1.333e-06,0.001911247,0.000254583,0.003243661,0.00011825,0.001015332,0.000357083,0.001270331,0.000207916,0.00015
363,3.51019,0.01062565,7.5e-07,0.001937747,0.000639999,0.005737657,0.000122166,0.000811166,0.000130833,0.000792082,0.000204083,0.000249166
364,3.520815,0.0108384,1.083e-06,0.002744579,0.000567083,0.005291324,0.000142167,0.000817832,0.000141583,0.000791749,0.000207499,0.0001335
365,3.531654,0.00855357,9.17e-07,0.002476996,0.000617082,0.003250745,0.00011125,0.000856999,0.000124083,0.000795332,0.000202749,0.000117417
366,3.540207,0.01036232,9.17e-07,0.004207576,0.000651999,0.003292412,0.000161249,0.000805832,0.00013625,0.000782999,0.00021375,0.000109333
367,3.55057,0.01118015,1.084e-06,0.002832495,0.000627916,0.003379911,0.000107333,0.000814749,0.000120916,0.002941162,0.000208333,0.00014625
368,3.56175,0.008851153,1.167e-06,0.002506829,0.000949999,0.003224328,0.000110166,0.000825416,0.000127333,0.000795249,0.000205666,0.000105
369,3.570601,0.008188653,1e-06,0.001921997,0.000587582,0.003473161,0.000131333,0.000833082,0.00013475,0.000783165,0.00021425,0.000108333
370,3.57879,0.01103507,5.84e-07,0.002571745,0.000611833,0.003467494,0.000108833,0.002986662,0.0001565,0.000798082,0.0002055,0.000127833
371,3.589825,0.008107487,1.167e-06,0.002482329,0.000559249,0.002861912,0.000109583,0.000815166,0.000121999,0.000844499,0.000205,0.000106583
372,3.597932,0.01047757,1.084e-06,0.00416241,0.000659249,0.003432411,0.000135416,0.000852499,0.000125333,0.000792999,0.000205583,0.000110583
373,3.60841,0.01061732,1e-06,0.002757829,0.000680749,0.002843745,0.000106833,0.000817749,0.000121833,0.000794582,0.0002065,0.002286496
374,3.619027,0.008852152,9.17e-07,0.002621162,0.000750416,0.003323911,0.000110333,0.000814665,0.000124083,0.000795999,0.000203416,0.00010725
375,3.627879,0.01075823,9.16e-07,0.00419666,0.000645832,0.003600994,0.000112084,0.000815748,0.000125583,0.000933332,0.000215416,0.000111667
376,3.638637,0.01197806,1.083e-06,0.002737913,0.000968498,0.003249828,0.00010625,0.000864165,0.000122917,0.003563244,0.000208833,0.000155333
377,3.650615,0.008584986,1.083e-06,0.002467496,0.000631416,0.003271411,0.00011275,0.000822582,0.000124833,0.000844499,0.000203666,0.00010525
378,3.6592,0.01049657,1.333e-06,0.00423866,0.000650415,0.003437495,0.00012175,0.000802832,0.000135499,0.000784166,0.000212499,0.000111917
379,3.669697,0.01219181,1.083e-06,0.002992412,0.000945249,0.003182161,0.000108417,0.00367416,0.000162083,0.000788332,0.000213417,0.000124499
380,3.681889,0.008654652,6.66e-07,0.002493663,0.000622499,0.003386078,0.00010925,0.000815415,0.000122333,0.000794999,0.000203083,0.000106666
381,3.690543,0.01013032,1.334e-06,0.001936913,0.000617832,0.005356408,0.000127,0.000821416,0.000137916,0.000799999,0.000207583,0.000123916
382,3.700674,0.008375153,1e-06,0.002761995,0.000559749,0.002897996,0.000109333,0.000817165,0.000120583,0.000797999,0.000201416,0.000107917
383,3.709049,0.008357819,1.083e-06,0.00190733,0.000645249,0.003579411,0.000129083,0.000817915,0.000137584,0.000796248,0.000204083,0.000139833
384,3.717407,0.0128869,1.417e-06,0.004066826,0.001286415,0.005266825,0.000175249,0.000855749,0.000126583,0.000785582,0.00021125,0.000111
385,3.730294,0.01194406,1e-06,0.002712245,0.000615166,0.003389578,0.00010875,0.002762245,0.000191917,0.00178283,0.000223583,0.00015675
386,3.742238,0.00797307,7.5e-07,0.002430829,0.000553583,0.002838079,0.000109833,0.000816332,0.000123,0.000794415,0.000205416,0.000100833
387,3.750211,0.01051348,7.5e-07,0.004192743,0.000768666,0.003381744,0.000111083,0.000821082,0.000127417,0.000793165,0.00020525,0.000111583
388,3.760724,0.009055902,9.16e-07,0.002703829,0.000631416,0.003406244,0.000109417,0.000889748,0.000122334,0.000795082,0.000290832,0.000106084
389,3.76978,0.008229404,1.167e-06,0.00196658,0.000613082,0.003477495,0.000125083,0.000802415,0.000125667,0.000794165,0.000205416,0.000118334
390,3.77801,0.008716569,1.25e-06,0.001938664,0.000661665,0.003948994,0.000114916,0.000814999,0.000126666,0.000794999,0.00020425,0.000110166
391,3.786726,0.0104429,1e-06,0.002587246,0.000564332,0.005084075,0.000133917,0.000816748,0.000136083,0.000791082,0.000206917,0.0001215
392,3.797169,0.008502486,1e-06,0.002491163,0.000613999,0.003237661,0.00010875,0.000814415,0.000124333,0.000794666,0.000204083,0.000112416
393,3.805671,0.008545736,1.167e-06,0.001940747,0.000664415,0.003771827,0.000110167,0.000818249,0.000126583,0.000795248,0.000206417,0.000110916
394,3.814217,0.01090273,8.33e-07,0.002613329,0.001050999,0.005040575,0.00013175,0.000813082,0.000130999,0.000793666,0.000203249,0.00012425
395,3.82512,0.008922818,1e-06,0.002706162,0.000669915,0.003393745,0.00010825,0.000816082,0.00012125,0.000799665,0.00020425,0.000102499
396,3.834043,0.008756486,9.17e-07,0.00192008,0.000629166,0.003443077,0.000629499,0.000866499,0.000131583,0.000820665,0.000205167,0.000109833
397,3.842799,0.0119304,9.17e-07,0.002580412,0.000613082,0.006436407,0.000127333,0.000920581,0.00013225,0.000793749,0.000207833,0.000117833
398,3.85473,0.01095773,1.083e-06,0.002474579,0.002901745,0.003392328,0.000121083,0.000809832,0.000133084,0.000783915,0.00021625,0.000123833
399,3.865687,0.009959484,1.083e-06,0.001927664,0.000571832,0.003048995,0.00011125,0.000813582,0.000122833,0.003005245,0.000211166,0.000145834
400,3.875647,0.009018902,1.166e-06,0.002747829,0.000713416,0.003407494,0.000110833,0.000814582,0.000124417,0.000790999,0.000203916,0.00010425
401,3.884666,0.008949819,1.25e-06,0.001945247,0.000644749,0.00417866,0.000113833,0.000801832,0.00014975,0.000785499,0.000217416,0.000111583
402,3.893616,0.01038248,1.167e-06,0.001942996,0.000610916,0.005463991,0.000127417,0.000816748,0.000134083,0.000912166,0.000206249,0.00016675
403,3.903998,0.008889818,9.16e-07,0.002734579,0.000614249,0.003391495,0.000106749,0.000815999,0.00012175,0.000782999,0.000216916,0.000104166
404,3.912888,0.008801902,1.083e-06,0.00194408,0.000687332,0.004006827,0.000112917,0.000815832,0.000126249,0.000796749,0.00020275,0.000108083
405,3.92169,0.009918733,1e-06,0.002058996,0.000574916,0.005080908,0.000130917,0.000818248,0.00013075,0.000793166,0.000208749,0.000121083
406,3.931609,0.008926235,1e-06,0.002859995,0.000616082,0.003303912,0.000108833,0.000812998,0.000121084,0.000793998,0.000203917,0.000104416
407,3.940535,0.008889485,1.166e-06,0.001946414,0.000665499,0.004067326,0.000113584,0.000817998,0.000121833,0.000840832,0.000205,0.000109833
408,3.949424,0.01031157,6.66e-07,0.001948664,0.000655249,0.005490324,0.000130333,0.000826832,0.000131667,0.000793998,0.000205167,0.000128666
409,3.959736,0.008573403,5.84e-07,0.002784412,0.000227666,0.003317911,0.000111167,0.000813999,0.000124083,0.000793582,0.000291749,0.00010825
410,3.968309,0.009681151,1e-06,0.002285663,0.000985832,0.004237993,0.000114667,0.000815748,0.00012625,0.000796749,0.0002055,0.000111749
411,3.97799,0.01004932,9.17e-07,0.00194433,0.000224166,0.005621658,0.000128333,0.000816582,0.0001325,0.000792665,0.000204833,0.000183333
412,3.98804,0.008940486,1.167e-06,0.002759412,0.000620999,0.003412495,0.000111916,0.000813999,0.000122833,0.000790082,0.00020225,0.000105333
413,3.99698,0.008773486,1.583e-06,0.001938164,0.000963082,0.00369066,0.00011275,0.000802749,0.000141999,0.000792333,0.000218416,0.00011175
414,4.005754,0.0103084,9.17e-07,0.001943913,0.000631499,0.005529408,0.000131666,0.000804166,0.000144166,0.000785832,0.000215333,0.0001215
415,4.016062,0.008854485,7.5e-07,0.002770245,0.000628166,0.003310995,0.000107749,0.000813082,0.00012225,0.000795666,0.000202333,0.000103249
416,4.024917,0.009447401,1.167e-06,0.002567329,0.000652249,0.00405741,0.000116333,0.000814332,0.000129083,0.000785582,0.000211333,0.000112583
417,4.034364,0.01038507,7.5e-07,0.001948914,0.000612999,0.005561824,0.000125167,0.000816832,0.000131499,0.000834166,0.000206749,0.000146167
418,4.044749,0.009056319,1.084e-06,0.002761912,0.001240331,0.002852412,0.0001045,0.000870415,0.000124917,0.000794582,0.000203166,0.000103
419,4.053805,0.008874319,1.417e-06,0.001961664,0.000665998,0.004058411,0.000117416,0.000823332,0.00012925,0.000798165,0.000206416,0.00011225
420,4.06268,0.0104819,6.67e-07,0.00195708,0.000637666,0.00562699,0.000126584,0.000813915,0.0001305,0.000835998,0.000208667,0.000143833
421,4.073162,0.008937985,1e-06,0.002780995,0.000630666,0.003379328,0.000107916,0.000813416,0.000123249,0.000794082,0.00020325,0.000104083
422,4.0821,0.008823652,1.083e-06,0.00195208,0.000642666,0.004062743,0.000113083,0.000818332,0.000127,0.000794166,0.000203583,0.000108916
423,4.090923,0.009845817,1e-06,0.001938247,0.000551749,0.005148658,0.000133833,0.000815749,0.000132417,0.000785248,0.000216167,0.000122749
424,4.100769,0.008989319,1.084e-06,0.002764079,0.000632082,0.003389161,0.000108583,0.000815665,0.000122834,0.000847832,0.000203833,0.000104166
425,4.109758,0.00857882,8.34e-07,0.001967496,0.00027775,0.004166493,0.000115083,0.000816249,0.00012825,0.000793665,0.000203666,0.000109334
426,4.118337,0.01040215,1e-06,0.00195683,0.000649166,0.005587241,0.00014025,0.000813415,0.00013425,0.000794082,0.000204,0.000121916
427,4.128739,0.009160819,9.17e-07,0.002833745,0.000618499,0.003409578,0.000109667,0.000808748,0.00012225,0.000947332,0.00020575,0.000104333
428,4.1379,0.008986486,9.17e-07,0.001943663,0.000613749,0.003422662,0.000115499,0.001632414,0.00014975,0.000783999,0.000215333,0.0001085
429,4.146887,0.01015665,1.083e-06,0.001979997,0.000613249,0.005367575,0.000121083,0.000822915,0.000132916,0.000783916,0.000215749,0.000118167
430,4.157043,0.0108104,7.5e-07,0.002781746,0.000812915,0.004954325,0.000134917,0.000817748,0.000141417,0.000794498,0.0002595,0.000112583
431,4.167854,0.008820819,7.5e-07,0.002614996,0.000631999,0.003422078,0.000110583,0.000813582,0.000122,0.000795415,0.000202916,0.0001065
432,4.176674,0.008434403,8.34e-07,0.00193483,0.000247416,0.00399841,0.000122417,0.000877748,0.000123667,0.000800665,0.000206083,0.000122333
433,4.185109,0.01081215,1e-06,0.002591829,0.000618332,0.003254412,0.0001085,0.002950078,0.0001525,0.000797415,0.00020725,0.000130833
434,4.195921,0.008643986,8.33e-07,0.002478829,0.000621833,0.003386411,0.000109416,0.000818082,0.000122083,0.000794583,0.000206166,0.00010575
435,4.204565,0.01029457,8.33e-07,0.004237243,0.000633582,0.003260662,0.000111666,0.000814499,0.000126,0.000793415,0.0002055,0.000111166
436,4.21486,0.01064465,1.167e-06,0.002838412,0.000220916,0.003235162,0.000108166,0.000816165,0.000121334,0.000798415,0.000204916,0.002299996
437,4.225504,0.008776736,1.167e-06,0.002588829,0.000615665,0.003408578,0.000112667,0.000814748,0.000127584,0.000795832,0.000203999,0.000107667
438,4.234281,0.01062065,1e-06,0.00417916,0.000756415,0.003468578,0.000111583,0.000819166,0.000122083,0.000832498,0.000216167,0.000113999
439,4.244902,0.01066182,8.33e-07,0.002761829,0.000266499,0.003171579,0.000107583,0.000815832,0.000204416,0.002968162,0.000209416,0.000155667
440,4.255563,0.00877332,1.084e-06,0.002467162,0.000622833,0.003372994,0.000111917,0.000813832,0.000121916,0.000946999,0.000204083,0.0001105
441,4.264337,0.009934067,1.167e-06,0.004212076,0.0002375,0.003257244,0.000133417,0.000850082,0.000131333,0.000782832,0.000217416,0.000111
442,4.274271,0.01114506,1.083e-06,0.002729996,0.000631915,0.003433162,0.000109916,0.000812415,0.000122417,0.002930828,0.000219583,0.00015375
443,4.285416,0.008852735,1.166e-06,0.002490746,0.000962915,0.003242495,0.000111,0.000817665,0.000123833,0.000791499,0.000205583,0.000105833
444,4.294269,0.008897569,1.25e-06,0.001915747,0.001246664,0.003508161,0.000123167,0.000853748,0.000134333,0.000795999,0.000207666,0.000110834
445,4.303166,0.01131865,1.333e-06,0.002842329,0.000617082,0.005537074,0.00012875,0.000813165,0.00013375,0.000913915,0.000205833,0.000125417
446,4.314485,0.01140565,1.167e-06,0.002500579,0.000966998,0.003223412,0.000107333,0.000813332,0.000123083,0.003296995,0.000233916,0.000138833
447,4.32589,0.009665651,1.417e-06,0.00194808,0.000583999,0.004930492,0.000133667,0.000811915,0.00013475,0.000793498,0.00020475,0.000123083
448,4.335556,0.009124402,9.17e-07,0.002888495,0.000688249,0.003393245,0.000109416,0.000817082,0.000123417,0.000794498,0.000203167,0.000105916
449,4.344681,0.007836738,1.25e-06,0.001894581,0.000236833,0.003306244,0.000118,0.001001998,0.000143584,0.000804248,0.000205417,0.000124583
450,4.352517,0.01184856,1.167e-06,0.004532992,0.001269915,0.003806744,0.000127833,0.000861082,0.00012575,0.000806332,0.000204249,0.0001125
451,4.364366,0.01097632,1.167e-06,0.002724496,0.000183333,0.002916578,0.000109083,0.003749661,0.000162833,0.000789665,0.000214083,0.000125417
452,4.375342,0.007727071,1.083e-06,0.00247333,0.000191749,0.002913079,0.00010975,0.000815248,0.000120833,0.000794082,0.000205667,0.00010225
453,4.383069,0.007216572,1.167e-06,0.001928997,0.000164749,0.002950662,0.000110917,0.000817748,0.000127167,0.000803999,0.000202416,0.00010875
454,4.390286,0.0102094,7.5e-07,0.002571162,0.000155417,0.005224991,0.0001265,0.000815082,0.000131833,0.000794166,0.000204249,0.00018525
455,4.400495,0.007947737,1.167e-06,0.002506995,0.000153167,0.002951995,0.000109667,0.000814332,0.000122833,0.000973415,0.000203666,0.0001105
456,4.408443,0.007349571,1.333e-06,0.00204058,0.000200916,0.002945579,0.0001125,0.000802165,0.000140583,0.000784166,0.000216416,0.000105333
457,4.415792,0.007521487,1e-06,0.001928496,0.000186167,0.003000495,0.000115166,0.001004165,0.000142417,0.000801499,0.000208499,0.000133583
458,4.423314,0.008168487,1e-06,0.00191883,0.00019325,0.003001328,0.00012,0.000834249,0.000306916,0.001465414,0.00020425,0.00012325
459,4.431482,0.01041365,9.16e-07,0.002008414,0.000615749,0.005560241,0.00014325,0.000819332,0.000131749,0.000795666,0.000205333,0.000132999
460,4.441896,0.008836402,1e-06,0.002831329,0.000623582,0.003217411,0.00011675,0.000804166,0.000133749,0.000786582,0.000215167,0.000106666
461,4.450732,0.008925986,1.334e-06,0.00192808,0.000660082,0.004166993,0.000114,0.000816999,0.000125416,0.000795249,0.00020725,0.000110583
462,4.459658,0.01047732,1.083e-06,0.001938497,0.000625749,0.005706574,0.000140166,0.000805082,0.000141583,0.000782499,0.000215166,0.000120917
463,4.470136,0.008545403,1.167e-06,0.002763412,0.000225916,0.003387411,0.000119667,0.000804582,0.00012075,0.000803582,0.000204416,0.0001145
464,4.478681,0.008738319,8.33e-07,0.001942164,0.000643415,0.003986244,0.000113166,0.000817249,0.000126333,0.000794915,0.00020425,0.00010975
465,4.48742,0.01033082,1.084e-06,0.00199833,0.000631332,0.005489574,0.000141833,0.000802249,0.000143,0.000784999,0.000217083,0.000121333
466,4.49775,0.008835069,9.17e-07,0.002814912,0.000649915,0.003227662,0.000108833,0.000811499,0.000122916,0.000782666,0.000212833,0.000102916
467,4.506585,0.008938486,1.084e-06,0.001941913,0.000643249,0.004160577,0.000127083,0.000812749,0.000128166,0.000798249,0.000203166,0.00012225
468,4.515524,0.01045682,7.5e-07,0.001946163,0.000630499,0.005682158,0.000128916,0.000815582,0.0001355,0.000791415,0.000207,0.000118833
469,4.525981,0.009091652,1.25e-06,0.002754496,0.000936998,0.003253078,0.000106667,0.000815165,0.000120417,0.000794082,0.000205333,0.000104166
470,4.535072,0.008859819,8.34e-07,0.001957913,0.000666999,0.004068493,0.00011575,0.000815416,0.000125833,0.000795748,0.000203833,0.000109
471,4.543932,0.01045807,1.167e-06,0.00194783,0.000670666,0.005641657,0.00013,0.000817749,0.000133083,0.000793415,0.000203666,0.000118834
472,4.55439,0.009180235,8.33e-07,0.002813412,0.000961415,0.003250245,0.000108083,0.000802165,0.000131667,0.000793998,0.000212083,0.000106334
473,4.56357,0.009215068,1.333e-06,0.001948497,0.000999748,0.004107577,0.000115333,0.000810832,0.000126666,0.000784499,0.000210417,0.000110166
474,4.572786,0.0103219,8.34e-07,0.001942997,0.000596249,0.005536991,0.000128666,0.000814749,0.000133666,0.000791832,0.000208667,0.000167249
475,4.583107,0.008919236,1.083e-06,0.002755329,0.000628999,0.003386411,0.000107334,0.000814915,0.000120916,0.000794416,0.000204833,0.000105
476,4.592027,0.008812402,1.25e-06,0.001937663,0.000645499,0.004063244,0.000114833,0.000817415,0.00012675,0.000794249,0.000203166,0.000108333
477,4.600839,0.01047398,1e-06,0.00193783,0.000639083,0.005633324,0.000128499,0.000815166,0.000134583,0.000835749,0.000206166,0.000142583
478,4.611313,0.008999902,1e-06,0.002815412,0.000620666,0.003404911,0.000109083,0.000814416,0.000121416,0.000793832,0.000204583,0.000114583
479,4.620313,0.008911652,1.083e-06,0.001930747,0.000660665,0.004111744,0.000113333,0.000813415,0.000123667,0.000840332,0.000205416,0.00011125
480,4.629225,0.01048523,1.25e-06,0.001961914,0.000639415,0.005687574,0.000130167,0.000803332,0.000144083,0.000784832,0.000212083,0.000120583
481,4.63971,0.009143902,7.5e-07,0.002752912,0.000970915,0.003269412,0.000107833,0.000816082,0.000121083,0.000797499,0.000205416,0.000102
482,4.648854,0.009397651,9.16e-07,0.00227608,0.000625999,0.004320326,0.00011575,0.000818749,0.000127833,0.000795415,0.00020475,0.000111833
483,4.658251,0.01040323,1.083e-06,0.001944247,0.000631665,0.005552741,0.000127667,0.000814332,0.000133916,0.000792916,0.000252833,0.000151833
484,4.668655,0.008992486,1.084e-06,0.002774079,0.000633665,0.003428078,0.000108916,0.000814916,0.00012325,0.000796832,0.000205749,0.000105917
485,4.677647,0.008434569,1.166e-06,0.001945247,0.000296166,0.004029494,0.00011525,0.000810082,0.000124249,0.000784332,0.000210667,0.000117916
486,4.686082,0.0104709,1e-06,0.00194208,0.000640499,0.005577741,0.000131583,0.000920415,0.000133916,0.000792582,0.00020525,0.000125833
487,4.696553,0.009091736,1.167e-06,0.002779912,0.000970415,0.003193912,0.000109,0.000811998,0.000123167,0.000793748,0.000203083,0.000105334
488,4.705644,0.008913903,8.34e-07,0.003234744,0.000560333,0.002944912,0.000113083,0.000816582,0.000127083,0.000794499,0.000202583,0.00011925
489,4.714558,0.01125273,1e-06,0.001943996,0.000631749,0.00640274,0.000142833,0.000803832,0.000134083,0.000830415,0.000217333,0.00014475
490,4.725811,0.009119568,9.17e-07,0.002818578,0.001235832,0.002904245,0.000109,0.000829165,0.000121917,0.000789498,0.000205833,0.000104583
491,4.734931,0.008790652,1.25e-06,0.00194108,0.000657999,0.004022993,0.000113,0.000817999,0.000126333,0.000783832,0.0002165,0.000109666
492,4.743721,0.0105469,1.083e-06,0.001947247,0.000949248,0.005435991,0.000137417,0.000819582,0.000134583,0.000795582,0.000203666,0.0001225
493,4.754268,0.008697652,1e-06,0.002996912,0.000551082,0.002847245,0.0001075,0.000814332,0.000271666,0.000799166,0.000203833,0.000104916
494,4.762966,0.009855151,9.17e-07,0.002357413,0.000647332,0.003429411,0.000119,0.000817665,0.000132166,0.001894664,0.000206416,0.000250167
495,4.772821,0.00987765,1.083e-06,0.00196683,0.002855829,0.002858079,0.000129916,0.000804415,0.000142917,0.000783415,0.000215167,0.000119999
496,4.782699,0.01079706,1.25e-06,0.002812412,0.000559415,0.005180575,0.000152167,0.000805415,0.000150583,0.000785666,0.000217166,0.000132416
497,4.793496,0.00856157,6.67e-07,0.002542996,0.000618082,0.003255578,0.0001075,0.000813832,0.000121666,0.000782499,0.000215416,0.000103334
498,4.802057,0.008652902,1.083e-06,0.001922997,0.000661499,0.003824577,0.000120666,0.000877249,0.000133333,0.000796749,0.000203749,0.000111
499,4.81071,0,0,0,0,0,0,0,0,0,0,0

Averages:
0.00962142,1.073682e-06,0.002452093,0.0008831312,0.003717015,0.0001291099,0.0009685104,0.0001450433,0.000925011,0.0002324483,0.0001679849
