OpenCV version: 2.4
Usage: 7-SobelDerivatives <input-number> [<samples>]
input-number - is the video device number. Defaults to zero. E.g. for /dev/video2 just use '2' as argument.
samples - number of samples before application ends. Defaults to 1000; zero means infinite.
sample_number,elapsed_time,frame,mat_alloc,read_img,gpumat_alloc,gpu_frame_upload,convert_color,gaussian_blur,sobel,gpu_frame_download,convert_scale,sobel2,gpu_frame_download2,convert_scale2,add_weighted,show_img
0,0,2.342047,7.75e-06,0.07431213,1.167e-06,2.130784,0.02507304,0.01222906,0.009690734,0.009414485,0.02119288,0.0113179,0.0105954,0.02257321,0.006788239,0.008067403
1,2.342047,0.2478198,1.416e-06,0.0925011,1e-06,0.008770402,0.01300981,0.03210003,0.01624681,0.01262748,0.02067113,0.009478901,0.01405106,0.02057722,0.004545159,0.003238245
2,2.589867,0.2279204,1.834e-06,0.07371138,1e-06,0.008009987,0.01659406,0.02317263,0.01032715,0.01096323,0.02537196,0.01705405,0.01236765,0.02335513,0.004688409,0.002301913
3,2.817788,0.2459077,1.666e-06,0.08662936,1.583e-06,0.00823007,0.01034873,0.04557743,0.01706556,0.008935402,0.02228163,0.009560151,0.008678903,0.0215078,0.004657909,0.002431496
4,3.063695,0.2283469,1e-06,0.07566579,1e-06,0.009799484,0.02505479,0.03010637,0.009321319,0.008481319,0.02150688,0.01184698,0.00844507,0.02124747,0.004540576,0.00232883
5,3.292042,0.2092457,1.416e-06,0.07740154,1.083e-06,0.008766403,0.004612659,0.02233355,0.01667381,0.008639153,0.02152647,0.0130579,0.00844557,0.0208843,0.004544576,0.002357246
6,3.501288,0.2388939,1.084e-06,0.07730321,1.083e-06,0.01031023,0.02504404,0.0303072,0.009393234,0.008954319,0.02053522,0.0119994,0.009446318,0.02488921,0.008243487,0.002465829
7,3.740182,0.2149967,1.166e-06,0.08564286,1.5e-06,0.009528651,0.007165989,0.01677189,0.01339364,0.01094673,0.02069805,0.01104765,0.01179898,0.02107105,0.004580243,0.002348246
8,3.955178,0.1985676,1.417e-06,0.07659513,9.17e-07,0.007694654,0.007249488,0.01660231,0.01255106,0.008662236,0.02107038,0.0110464,0.009336402,0.0208208,0.004606326,0.00233008
9,4.153746,0.2313744,1.417e-06,0.07762787,1e-06,0.009942234,0.02504371,0.0302287,0.009339901,0.00850332,0.0215593,0.01186865,0.008835985,0.02152097,0.004533492,0.00236783
10,4.38512,0.2521644,1.167e-06,0.07740621,1e-06,0.008044237,0.01667531,0.04328935,0.01288706,0.0135264,0.02362946,0.01106715,0.01241315,0.02597146,0.004729659,0.00252283
11,4.637285,0.2411093,1.5e-06,0.09398026,8.33e-07,0.007994654,0.01652756,0.03634419,0.009463734,0.008968819,0.02051347,0.009782901,0.009236235,0.02129138,0.004647076,0.002356663
12,4.878394,0.2204944,1.5e-06,0.07810954,1.083e-06,0.01046407,0.004198327,0.01066482,0.01700039,0.008685569,0.02152338,0.0233638,0.01640664,0.02293313,0.004541659,0.002600496
13,5.098888,0.2243845,1.417e-06,0.07758821,1.083e-06,0.008255403,0.01658781,0.03628044,0.009162069,0.009122235,0.02056022,0.009652484,0.008720986,0.02144138,0.004646492,0.002364247
14,5.323273,0.2108112,1.667e-06,0.07683621,9.17e-07,0.007837237,0.004467493,0.02245246,0.01706322,0.01060165,0.02047505,0.01392573,0.009480651,0.02078463,0.004535492,0.002348746
15,5.534084,0.2339302,1.25e-06,0.07749546,1e-06,0.0099299,0.02500704,0.03028129,0.009607151,0.008557652,0.02150738,0.01459456,0.00846507,0.02157938,0.004539076,0.002363996
16,5.768014,0.2094944,1.167e-06,0.07826312,9.17e-07,0.007598404,0.004494826,0.02247538,0.01684897,0.00856032,0.0209483,0.01314806,0.009475485,0.02065747,0.004653409,0.002368579
17,5.977509,0.199763,1.167e-06,0.07751196,1e-06,0.007744654,0.007265822,0.01659489,0.0125764,0.009427735,0.02056113,0.0109909,0.008560236,0.0216343,0.004541492,0.00235133
18,6.177272,0.2261477,1.25e-06,0.07689146,1.25e-06,0.007658154,0.01660764,0.03655086,0.0110014,0.009512652,0.02055022,0.01008315,0.008852985,0.02153488,0.00455141,0.002350412
19,6.403419,0.2243057,1.417e-06,0.07779537,9.17e-07,0.007947487,0.01667947,0.03625303,0.009147402,0.009080402,0.02054555,0.009967484,0.009176568,0.02071372,0.004652325,0.00234458
20,6.627725,0.2240996,1.166e-06,0.07811321,1.084e-06,0.00790082,0.01644947,0.03634494,0.009449985,0.008767069,0.02060522,0.009518901,0.009506485,0.02044013,0.004658993,0.002342079
21,6.851825,0.225012,1.5e-06,0.07789354,1e-06,0.008082987,0.01649831,0.03632169,0.009267235,0.008575236,0.02122055,0.009885484,0.009820318,0.02057897,0.004541492,0.002323663
22,7.076837,0.2198684,1.334e-06,0.07856187,1e-06,0.007679737,0.01067548,0.02271196,0.01742489,0.01176881,0.0205288,0.01317248,0.008879402,0.02146163,0.004536659,0.00246433
23,7.296705,0.2247398,1.333e-06,0.07719271,1.25e-06,0.00797007,0.01665597,0.03628778,0.009108652,0.008590319,0.02152055,0.009564818,0.008933818,0.02201488,0.004536576,0.002361079
24,7.521445,0.216025,1.667e-06,0.08162537,1.166e-06,0.008276404,0.007245905,0.01675347,0.01361973,0.01087907,0.02054397,0.0177208,0.01191123,0.02053247,0.004534076,0.002379663
25,7.73747,0.1993794,1.334e-06,0.07735704,1.084e-06,0.007786904,0.007269321,0.01664897,0.01257573,0.008724153,0.02151105,0.01096573,0.00850632,0.02113663,0.004536243,0.002358913
26,7.936849,0.2252346,1.416e-06,0.07815287,9.17e-07,0.00833057,0.01650572,0.03636336,0.009258818,0.009077735,0.02062822,0.009853318,0.008593152,0.02145822,0.004650242,0.002359996
27,8.162084,0.2246949,1.25e-06,0.07736962,1.417e-06,0.00841632,0.01656881,0.03633252,0.009240652,0.008387069,0.02151772,0.009793734,0.008562986,0.0215828,0.004534743,0.002385246
28,8.386779,0.2129205,1.417e-06,0.07820462,9.17e-07,0.009633818,0.007191155,0.01666306,0.01342106,0.01068473,0.02064472,0.01746414,0.01160965,0.0204928,0.004535742,0.002372663
29,8.599699,0.2239714,1.5e-06,0.07768196,1.166e-06,0.007877821,0.01665681,0.03619411,0.009171401,0.008971403,0.02056255,0.009568318,0.008819069,0.02146096,0.004640409,0.002363913
30,8.823671,0.2254161,1.25e-06,0.07900404,1.083e-06,0.007881904,0.01666306,0.03626444,0.009304152,0.008765069,0.0205743,0.009811401,0.009709317,0.0204618,0.004650326,0.002323996
31,9.049087,0.2250526,1.5e-06,0.07766771,1.084e-06,0.00803557,0.01668264,0.03631636,0.009173902,0.009503817,0.02055213,0.009672068,0.009973233,0.02057672,0.004536076,0.002359746
32,9.274139,0.2122187,1.167e-06,0.07748929,9.17e-07,0.007887237,0.004183826,0.01053098,0.01707306,0.009624901,0.02055397,0.02733854,0.009782484,0.02088447,0.004547992,0.002319913
33,9.486358,0.2154257,1.583e-06,0.07860504,1.083e-06,0.007805488,0.004131326,0.01073048,0.01772639,0.0109429,0.02061097,0.02720004,0.008934652,0.02182713,0.004546493,0.002362163
34,9.701784,0.2307364,1.417e-06,0.07801204,1.083e-06,0.009986318,0.02503663,0.03020195,0.009220318,0.009558818,0.02054838,0.01194998,0.008779736,0.02054455,0.00454366,0.002351496
35,9.93252,0.2213535,1.667e-06,0.07660463,8.33e-07,0.008711486,0.00443766,0.01766197,0.01761964,0.01082248,0.02063088,0.02710346,0.009063152,0.0216878,0.004535159,0.002472663
36,10.15387,0.2080302,1.5e-06,0.07783062,9.17e-07,0.007736571,0.00423766,0.01057507,0.01680722,0.009397651,0.02053905,0.02314021,0.009034902,0.02148663,0.004548493,0.002693662
37,10.3619,0.2326145,1.333e-06,0.07814971,1.083e-06,0.01047782,0.02503163,0.03096703,0.009441901,0.00850957,0.02150913,0.01183481,0.008427736,0.02137372,0.004533409,0.002355663
38,10.59452,0.2230056,1.25e-06,0.07668296,8.33e-07,0.00793432,0.01669847,0.03626544,0.009170735,0.008589153,0.0215093,0.009608068,0.008949819,0.0206893,0.004536659,0.00236933
39,10.81752,0.2243134,1.083e-06,0.07722238,1.083e-06,0.008138237,0.01652356,0.03621786,0.009283235,0.008436987,0.02151572,0.009608484,0.008888819,0.02156613,0.004539993,0.002369829
40,11.04184,0.2152723,1.5e-06,0.07902254,9.17e-07,0.008594569,0.00444666,0.01040198,0.01731297,0.01096706,0.02053972,0.02702671,0.008890069,0.02116472,0.004539493,0.002363413
41,11.25711,0.2097683,1.25e-06,0.07729846,1.083e-06,0.007621571,0.005487908,0.02248263,0.01694739,0.008786236,0.0214828,0.01322015,0.00834857,0.02117897,0.004546659,0.002364663
42,11.46688,0.2156794,1.5e-06,0.07901296,1e-06,0.008401236,0.004212243,0.01051615,0.01750031,0.01088015,0.02034705,0.02718912,0.009951817,0.02078605,0.004535326,0.002344496
43,11.68256,0.233386,1.417e-06,0.07786621,1.083e-06,0.009939151,0.02504938,0.0301472,0.009233652,0.008544403,0.02155055,0.01471806,0.008543236,0.02088572,0.004540826,0.002365163
44,11.91594,0.2220229,1.416e-06,0.07831971,9.17e-07,0.00794757,0.004801493,0.01759364,0.01724139,0.01086248,0.02033755,0.02713237,0.009032236,0.02175171,0.004540243,0.002460163
45,12.13797,0.214185,1.166e-06,0.07719721,1e-06,0.008681902,0.004448827,0.01717247,0.01661664,0.008580986,0.0212053,0.02353505,0.008936986,0.02091113,0.004547243,0.00234908
46,12.35215,0.2209289,1.584e-06,0.07705479,9.16e-07,0.007653655,0.004261076,0.01762414,0.01789297,0.0108419,0.02069805,0.02713821,0.009043652,0.0217078,0.004537326,0.002472829
47,12.57308,0.2100654,1.333e-06,0.07652646,9.17e-07,0.008735402,0.00444391,0.02290513,0.01697056,0.008686236,0.02151547,0.01322448,0.009444818,0.02076813,0.00453616,0.002306412
48,12.78315,0.2055298,1.5e-06,0.07733154,9.17e-07,0.00775257,0.004228327,0.01045365,0.01313148,0.01067615,0.02063613,0.02156213,0.01227298,0.02048747,0.004550243,0.002444662
49,12.98868,0.1894783,1.417e-06,0.07751846,9.17e-07,0.007666154,0.004864075,0.01182231,0.009395651,0.009497401,0.0205303,0.01099248,0.009542984,0.02073138,0.004534493,0.002380246
50,13.17815,0.2202675,1.167e-06,0.07725321,1.083e-06,0.007575822,0.004242159,0.01746805,0.01752114,0.01063548,0.02073722,0.02704454,0.009076068,0.02170572,0.00453791,0.002467912
51,13.39842,0.2039281,1.5e-06,0.07632796,1.083e-06,0.008630153,0.004194993,0.01721322,0.01699139,0.008661653,0.0214928,0.01325389,0.008509319,0.02144022,0.004542242,0.002667663
52,13.60235,0.2386391,1.333e-06,0.08318462,1.25e-06,0.009532318,0.02501771,0.03015512,0.009228985,0.008586736,0.02153888,0.01463881,0.009217818,0.02059688,0.004578326,0.002360329
53,13.84099,0.2175764,1.084e-06,0.07730212,9.16e-07,0.007639488,0.00424041,0.01738505,0.01679172,0.008748652,0.02122422,0.02717946,0.008915819,0.02123422,0.004539242,0.002373996
54,14.05856,0.2214288,1.5e-06,0.07688396,1e-06,0.007610071,0.00587024,0.01758089,0.01742364,0.01067598,0.0204173,0.02716054,0.009050152,0.02175413,0.004539242,0.002460163
55,14.27999,0.2213952,1.333e-06,0.07772196,1.083e-06,0.007608905,0.004239743,0.01757289,0.01806264,0.01083348,0.02056188,0.02726312,0.008957985,0.02167613,0.004545743,0.002348329
56,14.50139,0.2209885,1.417e-06,0.07719088,8.34e-07,0.007645154,0.004753492,0.01761097,0.01758847,0.01079732,0.02054997,0.02724296,0.009994734,0.02071447,0.00454041,0.002357412
57,14.72238,0.2060852,1.333e-06,0.07698046,1.084e-06,0.008828069,0.004394659,0.01740922,0.01696639,0.008699403,0.02205271,0.0134194,0.008560236,0.02153113,0.004569909,0.002671163
58,14.92846,0.2160594,1.25e-06,0.07828879,1.333e-06,0.009050902,0.004369743,0.02286921,0.01804597,0.01248181,0.02054397,0.01323089,0.009525568,0.02077097,0.004537076,0.002341913
59,15.14452,0.224557,1.5e-06,0.07730796,1.334e-06,0.00797532,0.01666514,0.03644744,0.009262652,0.008565236,0.02151646,0.009594901,0.009654151,0.02058588,0.004637909,0.002341079
60,15.36908,0.2205428,1.25e-06,0.07755996,1.083e-06,0.00815882,0.004258827,0.0174713,0.0174678,0.01051473,0.02038863,0.02703312,0.008976402,0.02170788,0.00454866,0.002454329
61,15.58962,0.204113,1.083e-06,0.07728187,9.17e-07,0.007597737,0.00424891,0.01723964,0.01674722,0.008718902,0.0217403,0.01347581,0.009507068,0.02044988,0.004550076,0.002553579
62,15.79373,0.2032923,1.25e-06,0.07635504,1e-06,0.007699988,0.004248493,0.01728189,0.01698239,0.008598653,0.02157671,0.01328956,0.008597819,0.0214438,0.004552409,0.002663246
63,15.99703,0.2035205,1.333e-06,0.07756004,1.084e-06,0.007630904,0.00423766,0.01724339,0.01692006,0.008693652,0.02171655,0.01303706,0.008455319,0.02092838,0.004539743,0.002555329
64,16.20055,0.2213989,1.417e-06,0.07902895,9.17e-07,0.007787487,0.00412866,0.01732589,0.01720006,0.01097315,0.02079997,0.02702612,0.009832234,0.02042747,0.004544159,0.002322413
65,16.42195,0.2221915,1.167e-06,0.07499654,9.17e-07,0.007940737,0.01663081,0.03623919,0.009211485,0.009443151,0.02044947,0.009591485,0.01019765,0.02049347,0.004646909,0.002348496
66,16.64414,0.2213141,1.416e-06,0.07496613,1.333e-06,0.008095154,0.01649564,0.03641436,0.009603234,0.008649653,0.02054405,0.009682401,0.009440485,0.0205188,0.004542076,0.002359413
67,16.86545,0.2242899,1.333e-06,0.07661813,8.33e-07,0.008027904,0.01655781,0.03628294,0.009214235,0.009414652,0.0206373,0.009695651,0.009368069,0.0214643,0.00453416,0.002472579
68,17.08974,0.2228407,1.584e-06,0.07561871,8.33e-07,0.008099904,0.01665689,0.03638886,0.009303318,0.009250486,0.02050738,0.009577235,0.009235901,0.0211848,0.004649326,0.002365496
69,17.31258,0.2218826,1.167e-06,0.07521396,9.17e-07,0.007714654,0.01660431,0.03632894,0.009450068,0.009175485,0.02050972,0.009722401,0.009644318,0.02049788,0.004659659,0.002359163
70,17.53447,0.2037448,1.166e-06,0.07654629,1.084e-06,0.007691154,0.004269493,0.01729339,0.01693831,0.008789069,0.02173097,0.01342098,0.009522901,0.02044147,0.004545159,0.002553413
71,17.73821,0.2107725,1.333e-06,0.07639613,1.084e-06,0.007989653,0.00463241,0.02289696,0.01859072,0.008661903,0.02096405,0.01355148,0.008420819,0.02166455,0.004656909,0.002344496
72,17.94898,0.232636,1.417e-06,0.07769112,1e-06,0.009922901,0.02502204,0.03011262,0.009172818,0.00858207,0.02146488,0.01450398,0.008500737,0.02078897,0.004541159,0.002330247
73,18.18162,0.202371,1.5e-06,0.07629929,9.17e-07,0.007614071,0.004237826,0.01725331,0.01694339,0.009306818,0.0207438,0.01315223,0.009269901,0.02046572,0.004543326,0.002538913
74,18.38399,0.2228288,1.417e-06,0.07547921,8.33e-07,0.008203487,0.01657664,0.03629169,0.009237652,0.009540068,0.02052913,0.009653401,0.009199902,0.02109538,0.004650159,0.002369829
75,18.60682,0.2234611,1.5e-06,0.07622821,1.083e-06,0.007571905,0.01660264,0.03628744,0.009188318,0.009458151,0.02061613,0.009670318,0.009371734,0.02145497,0.004535909,0.002472829
76,18.83028,0.223043,1.334e-06,0.07569104,1e-06,0.00806657,0.01667756,0.03627269,0.009153819,0.009547651,0.02057588,0.009569651,0.009196152,0.0214163,0.004534076,0.002339246
77,19.05332,0.2028688,1.166e-06,0.07559513,9.17e-07,0.00772857,0.00424491,0.01728514,0.01713464,0.009459651,0.02073822,0.01343848,0.008609653,0.02143346,0.004540576,0.002658246
78,19.25619,0.2093492,1.583e-06,0.07587371,1e-06,0.007670737,0.00425691,0.02276296,0.01720881,0.01076448,0.02082247,0.01323931,0.008529236,0.02121197,0.004658409,0.002347579
79,19.46554,0.2310717,1.333e-06,0.07828512,1.333e-06,0.009680318,0.02504088,0.0301987,0.009239985,0.009053152,0.02057122,0.01205106,0.008447569,0.02158755,0.004536826,0.002376662
80,19.69661,0.2221575,1.167e-06,0.0754798,9.16e-07,0.008191487,0.01651389,0.03634086,0.009288235,0.008921652,0.02049113,0.009825901,0.009632985,0.02045955,0.004650159,0.002359746
81,19.91877,0.2224649,1.25e-06,0.07499446,1e-06,0.007737987,0.01660522,0.03634877,0.009201235,0.009422485,0.0209568,0.01014015,0.008838402,0.0213288,0.004541659,0.002346663
82,20.14123,0.2227035,1.417e-06,0.07534905,7.5e-07,0.007666987,0.01661672,0.03638603,0.009488151,0.008412487,0.02108622,0.009910484,0.009375651,0.02141355,0.004542242,0.002453746
83,20.36394,0.2241566,1.25e-06,0.07579054,1e-06,0.007523154,0.01656597,0.03667986,0.01057848,0.008609402,0.0215283,0.00994065,0.00882907,0.0212218,0.004537242,0.00234983
84,20.58809,0.2226116,1.416e-06,0.0750968,8.33e-07,0.007975487,0.01666039,0.03627561,0.009159401,0.009413152,0.02060372,0.009576901,0.009375235,0.02146072,0.004540076,0.002471829
85,20.81071,0.2081357,1.25e-06,0.07623838,1e-06,0.007730987,0.004498243,0.02255105,0.01672431,0.009467318,0.02084472,0.01312931,0.009303735,0.02066538,0.004655076,0.002324997
86,21.01884,0.2302914,1.5e-06,0.07549188,1e-06,0.009417652,0.02500246,0.03020079,0.009289318,0.009157069,0.0205203,0.01450631,0.009036068,0.02076522,0.004530492,0.00237133
87,21.24913,0.2089102,1.5e-06,0.07599779,9.16e-07,0.008385903,0.004804576,0.01178515,0.01689372,0.009605818,0.02064588,0.0232758,0.009040652,0.02145672,0.004549493,0.002466246
88,21.45804,0.1911788,1.334e-06,0.07958795,9.17e-07,0.007623571,0.004883492,0.0114754,0.009999067,0.008363737,0.02137605,0.0108989,0.008740069,0.02134363,0.004535243,0.002349412
89,21.64922,0.2238534,1.333e-06,0.07615279,1.084e-06,0.00829432,0.01657014,0.03642694,0.009599817,0.009374402,0.02060822,0.01018298,0.009186485,0.02060672,0.004526993,0.002321162
90,21.87308,0.2313413,1.417e-06,0.07570863,1e-06,0.009478985,0.02502729,0.03018328,0.009226319,0.009297651,0.02052722,0.01482539,0.009569068,0.02058305,0.004571576,0.002340413
91,22.10442,0.2024126,1.166e-06,0.07532704,9.17e-07,0.007980487,0.004115243,0.01765281,0.01694772,0.009569902,0.02070947,0.01321098,0.009447984,0.02034505,0.004534243,0.002569579
92,22.30683,0.2227389,1.25e-06,0.07540946,1e-06,0.007639988,0.01656672,0.03648286,0.009526734,0.008583486,0.02151047,0.0100239,0.008914736,0.02106222,0.004644992,0.002371079
93,22.52957,0.22387,1.25e-06,0.07599429,9.17e-07,0.008724736,0.01634389,0.03634928,0.009197318,0.008549653,0.02125655,0.009645734,0.009357985,0.02146138,0.004537993,0.002448996
94,22.75344,0.2266971,1.084e-06,0.07874237,1e-06,0.008123987,0.01654422,0.03664461,0.009283818,0.009508068,0.02052422,0.01016023,0.008788402,0.02136146,0.004646493,0.002367163
95,22.98014,0.2240691,1.25e-06,0.07422046,1.084e-06,0.0099464,0.01637281,0.03655827,0.009796234,0.009368569,0.02039955,0.0102729,0.008924069,0.02133671,0.004539326,0.002331497
96,23.2042,0.2306739,1.417e-06,0.07607238,1.166e-06,0.009354652,0.02502879,0.03019087,0.009108902,0.008455819,0.02146672,0.01459406,0.00851032,0.02099747,0.004542242,0.00234908
97,23.43488,0.2090487,1.333e-06,0.07619604,9.16e-07,0.008725319,0.004690576,0.02246355,0.01694764,0.008522903,0.02106322,0.01334823,0.008493236,0.02170763,0.00453216,0.002355996
98,23.64393,0.219083,1.333e-06,0.07588438,1.166e-06,0.007615071,0.01205256,0.02269563,0.01819097,0.01168706,0.02065063,0.0131409,0.008745486,0.02143071,0.004538659,0.002448413
99,23.86301,0.2234767,1.5e-06,0.07558029,9.17e-07,0.007943904,0.01666147,0.03642586,0.009560568,0.008358653,0.02169288,0.009929067,0.008828903,0.02150813,0.004543409,0.002441163
100,24.08649,0.2248254,1.584e-06,0.07615796,1e-06,0.00811182,0.01653097,0.03648611,0.01007007,0.009507068,0.02050747,0.01009907,0.009897984,0.02043805,0.004659909,0.002356329
101,24.31131,0.2124826,1.583e-06,0.07564004,1.167e-06,0.00841157,0.004211493,0.01056398,0.01791439,0.01097782,0.02050438,0.02720204,0.008883902,0.0211398,0.004642409,0.002387997
102,24.52379,0.1889279,1.167e-06,0.07607821,1.083e-06,0.00876182,0.004814158,0.01153215,0.009227319,0.008664486,0.02148422,0.01112365,0.009409901,0.02093305,0.004534492,0.002362163
103,24.71272,0.2144767,1.5e-06,0.07547579,1e-06,0.008930736,0.004279326,0.0106414,0.01733039,0.01078323,0.0203663,0.02729996,0.01160723,0.02087505,0.004533493,0.002351329
104,24.9272,0.1879179,1.25e-06,0.07561804,1.417e-06,0.007731987,0.004263077,0.01013898,0.008794069,0.009499152,0.02054655,0.01323623,0.00874107,0.02145196,0.004532993,0.003361161
105,25.11512,0.2075115,1.167e-06,0.07590263,9.17e-07,0.008728819,0.004438826,0.01057507,0.01732547,0.009742734,0.02055605,0.02305896,0.009096486,0.02083638,0.004661159,0.002586829
106,25.32263,0.2284234,1.083e-06,0.07620229,9.16e-07,0.009226152,0.02504071,0.03015095,0.009208235,0.008459403,0.02148938,0.0118104,0.009404318,0.02054305,0.004540243,0.002346246
107,25.55105,0.2059199,1.167e-06,0.07472105,1.083e-06,0.009062569,0.004255659,0.01043915,0.01715406,0.008866069,0.0205678,0.02351355,0.008979986,0.02146813,0.004548243,0.002341413
108,25.75697,0.2091798,1e-06,0.07603763,1.084e-06,0.008363403,0.004795242,0.01183306,0.01743039,0.009539734,0.02062097,0.02321096,0.01001215,0.02044213,0.004554326,0.002337747
109,25.96615,0.2234636,1.25e-06,0.07601096,9.17e-07,0.007797154,0.01667056,0.03627261,0.009204068,0.008417987,0.0216813,0.009603734,0.009348569,0.02145638,0.004539326,0.002458829
110,26.18962,0.2219992,1.333e-06,0.07540563,1.083e-06,0.00872132,0.01604706,0.03627353,0.009236318,0.009428568,0.02051255,0.009620818,0.009422068,0.02047447,0.004530909,0.00232358
111,26.41161,0.2232009,1.25e-06,0.07585279,9.17e-07,0.007633654,0.01659581,0.03635052,0.009287735,0.009407485,0.02060722,0.009622734,0.009388818,0.02144322,0.004548576,0.002460163
112,26.63482,0.1977406,1.25e-06,0.07600146,1.083e-06,0.009202485,0.004217577,0.01039398,0.01360373,0.01090548,0.02053905,0.01344223,0.01186932,0.02056447,0.004536493,0.002461996
113,26.83256,0.2307488,1.334e-06,0.07521221,1.083e-06,0.009981234,0.02499138,0.0302547,0.009184568,0.008592236,0.02147971,0.01459798,0.008539819,0.02101813,0.004543576,0.00235083
114,27.0633,0.2234665,1.5e-06,0.07570471,1e-06,0.00798282,0.01666331,0.03633927,0.009278735,0.009481152,0.02054438,0.01023448,0.00978215,0.02048038,0.004649742,0.00232283
115,27.28677,0.2243801,1.417e-06,0.07529788,9.16e-07,0.008912986,0.01648131,0.03641886,0.009508652,0.009396401,0.02064372,0.01027115,0.009004735,0.02145388,0.004541993,0.002446163
116,27.51115,0.2232134,1.5e-06,0.07521071,1.083e-06,0.007745654,0.01658656,0.03634936,0.009392485,0.00853532,0.02154922,0.0105044,0.008975735,0.02145638,0.004532743,0.002372246
117,27.73436,0.2184742,1.25e-06,0.07568129,1.084e-06,0.007605071,0.00426566,0.01727797,0.01732722,0.01095131,0.0204168,0.02738229,0.008995568,0.0216798,0.004532242,0.002356663
118,27.95284,0.2167664,1.25e-06,0.07604404,1e-06,0.008099903,0.004205327,0.01734072,0.01698197,0.008690736,0.02155121,0.02690846,0.008896986,0.02113038,0.004542743,0.002371663
119,28.16961,0.2268046,1.583e-06,0.07958345,1.166e-06,0.007884488,0.01666756,0.03636669,0.009460735,0.009383985,0.02039463,0.009693401,0.01017015,0.02032838,0.004532826,0.00233558
120,28.39641,0.2289333,1.167e-06,0.07554029,1e-06,0.009813985,0.02504004,0.03022295,0.009264401,0.00865057,0.02151622,0.01188748,0.009476318,0.02056047,0.004602243,0.002356163
121,28.62534,0.23124,1.25e-06,0.07607971,1.083e-06,0.009840818,0.02502388,0.03021028,0.009201152,0.008606903,0.02150005,0.01460539,0.008826403,0.02044472,0.004542576,0.002355829
122,28.85658,0.2182344,1.333e-06,0.07760896,1.083e-06,0.007722904,0.00424766,0.01728372,0.01698647,0.008675069,0.02106055,0.02721196,0.01004282,0.0204873,0.004547075,0.002357497
123,29.07482,0.2093012,1.25e-06,0.07745004,9.16e-07,0.007743988,0.004484743,0.02250855,0.0169848,0.009604318,0.02082755,0.01322073,0.00847657,0.02098838,0.004658326,0.002350996
124,29.28412,0.2340071,1.167e-06,0.07802054,9.17e-07,0.01043273,0.02496621,0.03031395,0.009236985,0.008591319,0.02150513,0.01448806,0.009081652,0.02048705,0.004533826,0.00234758
125,29.51813,0.2199545,1.25e-06,0.07751387,9.17e-07,0.007668654,0.00423466,0.01755164,0.01705339,0.008676069,0.0211098,0.0283107,0.009096152,0.02172297,0.004547409,0.002466996
126,29.73808,0.2069118,1.167e-06,0.07858979,1e-06,0.00767182,0.004205744,0.02271946,0.01685147,0.009605651,0.0209613,0.008983402,0.008733153,0.02158555,0.004542576,0.002459746
127,29.94499,0.2077904,1.333e-06,0.07887779,1.417e-06,0.008384986,0.004097744,0.0175828,0.01719572,0.0108209,0.02107913,0.01305523,0.009430069,0.02030805,0.004538159,0.00241708
128,30.15278,0.1901731,1.166e-06,0.07485813,1.25e-06,0.007627655,0.004212576,0.01019398,0.01277848,0.009358985,0.02051238,0.01329823,0.009053985,0.02140463,0.004532326,0.00233933
129,30.34296,0.2240086,1.416e-06,0.07673813,9.17e-07,0.00794057,0.01666772,0.03628061,0.009198652,0.009305985,0.0206983,0.009534068,0.009358401,0.02141013,0.00454566,0.002327996
130,30.56696,0.2238186,1.167e-06,0.07784929,9.17e-07,0.007865571,0.01663597,0.03626969,0.009242318,0.008721986,0.02045897,0.009688818,0.008778486,0.02130305,0.004662242,0.00234008
131,30.79078,0.2239116,1.083e-06,0.07706338,9.16e-07,0.007712821,0.01658614,0.03629911,0.009119985,0.009310152,0.02047163,0.009760734,0.01032182,0.0203993,0.00454041,0.002324079
132,31.01469,0.2231918,1.333e-06,0.07639838,1.083e-06,0.007908737,0.01666464,0.03627636,0.009231902,0.009324151,0.02036022,0.009724651,0.01018323,0.02029497,0.004536992,0.002285163
133,31.23789,0.1939063,1.667e-06,0.07715596,1.083e-06,0.007833904,0.005782157,0.01348814,0.01039998,0.008470903,0.0214613,0.01320831,0.008453069,0.02078447,0.004533409,0.002331913
134,31.43179,0.2113146,1.25e-06,0.07706638,9.17e-07,0.008674986,0.004616243,0.0225898,0.01732572,0.01080873,0.02058463,0.01299673,0.00845632,0.02130896,0.004545493,0.002338413
135,31.64311,0.2329747,1.333e-06,0.07730246,9.17e-07,0.009861651,0.02504571,0.03016453,0.009211902,0.008442819,0.02152563,0.01439439,0.008729403,0.02141021,0.00454416,0.002339579
136,31.87608,0.2024706,1.25e-06,0.07493438,1.334e-06,0.00796207,0.004105244,0.01762105,0.01679764,0.008781902,0.02174596,0.0134019,0.009541818,0.0204783,0.004543409,0.00255433
137,32.07855,0.2063902,1.417e-06,0.07638813,1.25e-06,0.008001154,0.004081744,0.01752847,0.01750806,0.01094057,0.02177063,0.01307198,0.008560653,0.02141563,0.004540993,0.002579495
138,32.28494,0.2232802,1.5e-06,0.07534829,1e-06,0.008044987,0.01665989,0.03635986,0.009210319,0.009419901,0.02065413,0.009772484,0.009420568,0.02145305,0.004540493,0.002393746
139,32.50822,0.2318639,1.25e-06,0.07616929,1.083e-06,0.009918151,0.02506288,0.0306337,0.009250069,0.008841985,0.02049505,0.01457881,0.00850807,0.0215028,0.00453366,0.002367079
140,32.74009,0.1926138,1.25e-06,0.07583263,1e-06,0.008629569,0.004433326,0.01034232,0.01265415,0.009441235,0.0206373,0.01322531,0.008946985,0.02143988,0.004646743,0.002382079
141,32.9327,0.1997201,1.333e-06,0.07559796,1e-06,0.008695653,0.004434243,0.01388664,0.01264965,0.008448237,0.02161105,0.0173918,0.009545651,0.02057013,0.004548992,0.002337747
142,33.13242,0.2292872,1.25e-06,0.07599196,9.17e-07,0.009910651,0.02501804,0.03026737,0.009207152,0.008593069,0.02148655,0.01198306,0.009379651,0.02058472,0.004538076,0.002324746
143,33.36171,0.1925458,1.583e-06,0.07551813,8.33e-07,0.007837904,0.005811074,0.01343173,0.01050698,0.008783736,0.02054147,0.01321564,0.009432235,0.02056038,0.004546409,0.002357663
144,33.55425,0.2238005,1.25e-06,0.07549888,1e-06,0.007618821,0.01661347,0.03634719,0.0101599,0.009452818,0.02062188,0.009937151,0.009072902,0.02146488,0.004537992,0.00247233
145,33.77805,0.2316229,1.333e-06,0.07595088,1.084e-06,0.009327401,0.02504363,0.03026487,0.009240485,0.009485651,0.02054272,0.01458373,0.008883735,0.02140013,0.00453316,0.002364079
146,34.00968,0.2224106,1.334e-06,0.07524596,8.34e-07,0.00815657,0.01667206,0.03633961,0.009169152,0.009190735,0.02054888,0.009689568,0.009306235,0.02108363,0.004649493,0.002356496
147,34.23209,0.2232393,1.167e-06,0.07577938,9.17e-07,0.007714654,0.01659839,0.03636127,0.009253652,0.009454985,0.02060797,0.009633151,0.009410235,0.02142913,0.004547326,0.00244708
148,34.45533,0.2252961,1.5e-06,0.07633029,1e-06,0.008900986,0.01651947,0.03638494,0.009557651,0.008387404,0.02158413,0.01018698,0.008957985,0.02150238,0.004547493,0.002433913
149,34.68062,0.2232903,1.167e-06,0.07538021,1.083e-06,0.007641988,0.01659989,0.03636136,0.009226651,0.00849207,0.02139763,0.01088623,0.008936903,0.02136113,0.004659992,0.002343996
150,34.90391,0.2231559,1.334e-06,0.07574513,1.25e-06,0.007650988,0.01659947,0.03637444,0.009647234,0.009505152,0.02054013,0.009965567,0.008775486,0.02144071,0.004538743,0.002370246
151,35.12707,0.2078563,1.5e-06,0.07532196,1.166e-06,0.008637403,0.004695326,0.02249113,0.01698789,0.008606903,0.0208938,0.01319248,0.00851807,0.0214958,0.004645576,0.002367329
152,35.33493,0.23421,1.5e-06,0.07610271,9.17e-07,0.01024432,0.02487996,0.03038712,0.01202498,0.008656736,0.02149805,0.01345439,0.009554568,0.02051513,0.004546159,0.002343497
153,35.56914,0.221497,1.5e-06,0.07560538,1.167e-06,0.007575404,0.01658614,0.03622528,0.009214568,0.009152319,0.0204778,0.009685484,0.008535153,0.02144588,0.004647243,0.002343662
154,35.79063,0.2283883,1.167e-06,0.0806167,1.083e-06,0.008157737,0.01659539,0.03644819,0.009584568,0.008432903,0.02142138,0.01002048,0.008883818,0.0213158,0.004536076,0.002372996
155,36.01902,0.2073246,1.167e-06,0.07618246,1.333e-06,0.007839737,0.007268572,0.01673031,0.01347815,0.0107754,0.02062913,0.01739614,0.00856582,0.02155338,0.00454241,0.002360579
156,36.22635,0.2229335,1.25e-06,0.07565596,1e-06,0.007942737,0.01665797,0.03631753,0.009188652,0.008469153,0.0213558,0.009671317,0.009322819,0.02144997,0.004537742,0.00236158
157,36.44928,0.2327791,1.333e-06,0.07622471,1.333e-06,0.01044257,0.02473379,0.03031737,0.009302568,0.008531069,0.02148655,0.01455981,0.009606984,0.02067463,0.004537826,0.00235858
158,36.68206,0.2011393,1.5e-06,0.07561638,8.33e-07,0.007769071,0.004271493,0.01689656,0.01266998,0.009117152,0.0205168,0.01743905,0.009475901,0.0205013,0.004533576,0.002329663
159,36.8832,0.1984829,1.334e-06,0.07571854,1.083e-06,0.007795571,0.007249405,0.01673581,0.01270948,0.008632819,0.02155772,0.01116873,0.009421401,0.02062588,0.004543326,0.002321829
160,37.08168,0.2292155,1.584e-06,0.08148603,1.084e-06,0.008020237,0.01658956,0.03647669,0.009499985,0.008538986,0.02139855,0.0102684,0.008694152,0.02132355,0.004536743,0.002379996
161,37.3109,0.2108326,1.583e-06,0.07558613,1e-06,0.008372736,0.004427243,0.02281505,0.01708714,0.01097923,0.02075213,0.01345415,0.008488152,0.0209933,0.004534826,0.003339911
162,37.52173,0.2304568,1.417e-06,0.07599529,1e-06,0.009335318,0.02500571,0.03018545,0.009150568,0.00855832,0.02149472,0.01452048,0.008634403,0.02069572,0.004546826,0.002331579
163,37.75219,0.2097222,1.334e-06,0.07653271,8.34e-07,0.008335653,0.004210493,0.02287255,0.01692822,0.009616401,0.02079613,0.01342714,0.008464153,0.02163622,0.004542742,0.00235758
164,37.96191,0.2152407,1.25e-06,0.07569096,9.17e-07,0.008268237,0.01021348,0.0223958,0.01693697,0.01102315,0.02057838,0.01305798,0.008729069,0.02144338,0.004536659,0.002364496
165,38.17715,0.224814,1.583e-06,0.07663413,9.17e-07,0.008009153,0.01655889,0.03636994,0.009491068,0.009452152,0.02060638,0.0102319,0.009003152,0.02143963,0.004549326,0.002465746
166,38.40196,0.2280014,1.5e-06,0.07584121,1e-06,0.009054486,0.02504854,0.03021295,0.009230485,0.008424986,0.02137363,0.01199873,0.008573736,0.02132755,0.004550326,0.002362246
167,38.62996,0.2249181,1.25e-06,0.07571921,1.084e-06,0.008025403,0.01666931,0.03643536,0.01058923,0.008454237,0.02159305,0.01003398,0.008976652,0.02144263,0.004548659,0.00242808
168,38.85488,0.2230721,1e-06,0.07626754,9.16e-07,0.00815157,0.01621989,0.03625302,0.009167569,0.009554318,0.0204968,0.009752651,0.009063818,0.02113747,0.004654493,0.002350996
169,39.07795,0.199461,1.417e-06,0.07681863,1.25e-06,0.007800738,0.004237076,0.01045582,0.01375914,0.0107789,0.02050988,0.01599056,0.01172948,0.02049147,0.004533243,0.002353412
170,39.27741,0.2175835,1.25e-06,0.07572063,1e-06,0.008430487,0.00418416,0.01739464,0.01678547,0.008715069,0.02141855,0.02748821,0.008923069,0.0216343,0.004541076,0.002345579
171,39.495,0.2095151,1.5e-06,0.07524288,9.17e-07,0.007668904,0.00423316,0.01051065,0.01694306,0.008857235,0.02159296,0.02744137,0.008860902,0.0212643,0.004540493,0.002356746
172,39.70451,0.2279033,1.333e-06,0.0748848,1.167e-06,0.009964901,0.02499513,0.03022045,0.009259318,0.009436652,0.02042922,0.01199198,0.009470735,0.02034847,0.004548159,0.002350996
173,39.93242,0.2220803,1.334e-06,0.07567921,1.083e-06,0.007847404,0.01665889,0.03627661,0.009238818,0.009174235,0.0205388,0.009662068,0.009220985,0.02077097,0.004661826,0.00234808
174,40.1545,0.1911862,1.25e-06,0.07757862,1.416e-06,0.007623905,0.004237993,0.01014273,0.01098007,0.008498319,0.02128813,0.01329115,0.009454901,0.02109447,0.004653742,0.002339497
175,40.34568,0.1968611,1.667e-06,0.07744513,1e-06,0.007592738,0.004786825,0.0102039,0.01371598,0.0107419,0.02067005,0.01350689,0.01078582,0.02055655,0.004548493,0.002304163
176,40.54254,0.2053805,1.417e-06,0.07663738,1.083e-06,0.008739236,0.004451243,0.01736189,0.01700464,0.00864232,0.0218528,0.01339098,0.008641153,0.02145905,0.00453591,0.002661412
177,40.74792,0.2282145,1.334e-06,0.07546204,1.334e-06,0.01006773,0.02504988,0.03015537,0.009220235,0.00852957,0.02152413,0.01183823,0.00842082,0.0209458,0.004641992,0.002355996
178,40.97614,0.1906239,1.167e-06,0.07610629,9.17e-07,0.007689821,0.004259326,0.01004357,0.01106532,0.009443484,0.02071247,0.01332464,0.009520568,0.02146413,0.004532409,0.00245983
179,41.16676,0.1927647,1.167e-06,0.07695829,9.16e-07,0.007722238,0.004893492,0.01148848,0.0113879,0.009572151,0.02054363,0.01340915,0.009038819,0.02085822,0.004541326,0.002348913
180,41.35953,0.2230623,1.25e-06,0.07579921,1e-06,0.007602154,0.01661797,0.03637144,0.009561651,0.009520068,0.02053388,0.009979901,0.008887485,0.02117247,0.004659576,0.002354246
181,41.58259,0.2320263,1.167e-06,0.07598896,1.167e-06,0.01002432,0.02452271,0.03034178,0.009307235,0.009537901,0.02066455,0.01442123,0.009640318,0.02067838,0.004531993,0.002364579
182,41.81462,0.2230711,1.583e-06,0.07543471,1e-06,0.008016903,0.01665947,0.03635761,0.009273735,0.009541901,0.02055363,0.009722401,0.009274068,0.02122947,0.004661075,0.00234358
183,42.03769,0.2222448,1.417e-06,0.07510038,9.17e-07,0.007687654,0.01656347,0.03639386,0.009512651,0.009440151,0.02044038,0.009590068,0.009248152,0.02140697,0.004535576,0.002323163
184,42.25993,0.2242624,1.25e-06,0.07691954,1.083e-06,0.007676571,0.01660472,0.03673169,0.009487068,0.008495486,0.02091163,0.009638068,0.009360485,0.02143938,0.004544659,0.002450746
185,42.48419,0.222043,1.5e-06,0.07553421,1e-06,0.007648738,0.01658447,0.03630836,0.009243402,0.009505818,0.02052097,0.009810567,0.009408068,0.02045505,0.004652659,0.002368163
186,42.70624,0.2226653,1e-06,0.07571146,1.25e-06,0.007605572,0.01661122,0.03630977,0.009227819,0.009431151,0.02060213,0.009533152,0.009289901,0.02144588,0.004531493,0.002363496
187,42.9289,0.207031,1.084e-06,0.07618871,9.16e-07,0.007733155,0.004210826,0.01056598,0.01698314,0.009663818,0.02057622,0.02326663,0.009916817,0.02068755,0.004642659,0.002593496
188,43.13593,0.2143753,1.334e-06,0.08236462,1.084e-06,0.00788632,0.004422076,0.02255996,0.01707614,0.008642569,0.02137322,0.0131854,0.009431235,0.02052622,0.004546076,0.00235908
189,43.35031,0.2118671,1.25e-06,0.07775846,9.17e-07,0.007627404,0.004235577,0.0105349,0.01709097,0.009717401,0.02054547,0.02722429,0.008900069,0.02121713,0.004650825,0.002362413
190,43.56218,0.234723,1.084e-06,0.07840546,1.083e-06,0.01066098,0.02468188,0.03026778,0.009244652,0.008573153,0.02150563,0.01466514,0.009209069,0.02051063,0.004626159,0.00237033
191,43.7969,0.2072814,1.5e-06,0.07701879,1.167e-06,0.007655321,0.004247826,0.01051723,0.01678789,0.009335234,0.02055055,0.02356088,0.009022569,0.0214398,0.00455641,0.002586245
192,44.00418,0.2032221,1.417e-06,0.07652254,1e-06,0.007659904,0.00423266,0.01736814,0.01677014,0.008612236,0.02170638,0.01320956,0.009580317,0.02045038,0.004546576,0.002560829
193,44.2074,0.2204471,1.25e-06,0.07604513,1.083e-06,0.008782153,0.00419791,0.01771822,0.01747055,0.01086373,0.02052313,0.02726396,0.008969985,0.0217013,0.004547492,0.002361163
194,44.42785,0.2040631,1.25e-06,0.07582213,1.333e-06,0.008937903,0.004185493,0.01740772,0.01699272,0.009732151,0.02064822,0.01332031,0.009448152,0.0206878,0.004537242,0.002340663
195,44.63191,0.2214191,1.167e-06,0.07593346,1.167e-06,0.008797152,0.00443666,0.01743197,0.01845747,0.01080632,0.02053655,0.02726121,0.009041569,0.02173521,0.004533826,0.002445329
196,44.85333,0.2123588,1.25e-06,0.07640829,9.16e-07,0.009210069,0.004369493,0.02277196,0.01771305,0.01084782,0.02075305,0.01308048,0.009505735,0.02078888,0.004543159,0.002364663
197,45.06569,0.1927079,1.834e-06,0.07521704,1.167e-06,0.007844904,0.005782491,0.01367681,0.01047757,0.008540987,0.02092088,0.01332156,0.00853782,0.02136947,0.004647826,0.002367496
198,45.2584,0.2062675,1.25e-06,0.07626979,1.583e-06,0.007711571,0.004233827,0.01737022,0.01709864,0.01060732,0.02046088,0.01331373,0.01065573,0.02132122,0.004552909,0.002668829
199,45.46467,0.2042411,1.25e-06,0.07605629,1.083e-06,0.008712486,0.00419491,0.02271255,0.01692497,0.008555736,0.02103963,0.009029068,0.00858332,0.02129188,0.004541159,0.002596746
200,45.66891,0.1978843,1.583e-06,0.07571513,9.16e-07,0.007885904,0.004115827,0.01020465,0.01363148,0.01068298,0.0204363,0.01599714,0.01098765,0.02132363,0.004537076,0.002363996
201,45.86679,0.2030312,1.334e-06,0.07557854,9.17e-07,0.007685737,0.004500743,0.02250996,0.01681381,0.008546069,0.02118547,0.009141318,0.008475487,0.0214723,0.004537076,0.002582413
202,46.06982,0.223724,1.25e-06,0.07564529,1.083e-06,0.00828782,0.01658756,0.03647052,0.009255902,0.009432235,0.02060705,0.01033823,0.008705486,0.02142847,0.004604243,0.002358829
203,46.29355,0.2233869,1.083e-06,0.07525746,1.083e-06,0.00831532,0.01651631,0.03638461,0.009289819,0.009427401,0.02059955,0.01040015,0.008750152,0.02143772,0.004536576,0.002469662
204,46.51693,0.223546,1.333e-06,0.07591271,1e-06,0.007642904,0.01658031,0.03636961,0.009207652,0.009468901,0.0206068,0.009707485,0.009445318,0.0215868,0.004550909,0.002464246
205,46.74048,0.2226933,1.25e-06,0.07594063,1e-06,0.007618488,0.01658439,0.03640744,0.009249902,0.009139235,0.02054505,0.009714151,0.009256819,0.02054005,0.005328074,0.00236683
206,46.96317,0.2145265,1.666e-06,0.0755068,1.167e-06,0.009505984,0.004135993,0.02292346,0.01795639,0.01086282,0.0207463,0.01384989,0.01135323,0.02066122,0.004660242,0.00236133
207,47.1777,0.2228194,1.417e-06,0.07524721,1.084e-06,0.007861737,0.01668689,0.03629386,0.009227568,0.008454986,0.0215913,0.009670234,0.009345235,0.02143497,0.004546493,0.002456413
208,47.40052,0.2234343,1.417e-06,0.07602029,1.333e-06,0.007992654,0.01668597,0.03628886,0.009199485,0.008486236,0.02130997,0.009609901,0.009386152,0.02144813,0.004538243,0.002465662
209,47.62395,0.2268757,1.583e-06,0.07846037,9.17e-07,0.007585904,0.01657422,0.03634303,0.01151106,0.009305485,0.02050697,0.009918567,0.008923652,0.02072497,0.004647492,0.002371497
210,47.85083,0.2092139,1.584e-06,0.07784904,1.083e-06,0.007652488,0.004250743,0.02273121,0.01698914,0.008756235,0.02144097,0.0131589,0.008491903,0.02088172,0.004658576,0.002350329
211,48.06004,0.2091728,1.334e-06,0.07834104,7.5e-07,0.00797107,0.007276572,0.01675797,0.01339831,0.01079532,0.02051863,0.01749431,0.00856357,0.02104888,0.004663076,0.002341996
212,48.26922,0.2021123,1.5e-06,0.08008104,1.5e-06,0.007520905,0.007273821,0.01669739,0.01267481,0.008719819,0.0214788,0.01095656,0.00851107,0.02130488,0.004549159,0.002340996
213,48.47133,0.2311216,1.5e-06,0.07731029,1.25e-06,0.01028973,0.02495446,0.03038345,0.009260985,0.00848807,0.02151346,0.01192456,0.009402985,0.02053847,0.004690492,0.002361913
214,48.70245,0.2047597,1.334e-06,0.07824237,1.083e-06,0.007767071,0.00423866,0.0174123,0.01694222,0.008618652,0.02119755,0.0132509,0.009258902,0.02050205,0.004627159,0.002699413
215,48.90721,0.2250456,1.333e-06,0.07751938,1.083e-06,0.007640154,0.01657306,0.03646952,0.009573151,0.008598236,0.02149105,0.01015815,0.009625651,0.02055288,0.004542659,0.00229933
216,49.13225,0.2132489,1.333e-06,0.07693938,8.33e-07,0.007844154,0.004546493,0.0229113,0.01699664,0.01092857,0.02046047,0.01335981,0.01078498,0.02157147,0.004536576,0.002366913
217,49.3455,0.2333039,1.5e-06,0.07797596,1e-06,0.009899151,0.02499488,0.03020903,0.009199568,0.008649986,0.02151855,0.01461206,0.008836903,0.02046755,0.004549743,0.002387996
218,49.57881,0.2129826,1.25e-06,0.07780912,1.167e-06,0.007592821,0.005459657,0.02249505,0.01765922,0.0109449,0.0207358,0.01316323,0.008462986,0.0216883,0.004553992,0.00241508
219,49.79179,0.2239001,1.334e-06,0.07750546,1.084e-06,0.00788957,0.01665364,0.03637652,0.009244152,0.008438486,0.02096238,0.009588651,0.008769819,0.02145838,0.004650993,0.002359579
220,50.01569,0.2258438,1.333e-06,0.07866396,1.5e-06,0.007569738,0.01658397,0.03630744,0.009207819,0.009417235,0.02063388,0.009669651,0.009339151,0.02144522,0.004544492,0.002458413
221,50.24153,0.223214,1.166e-06,0.07739054,1e-06,0.008648236,0.01635956,0.03625277,0.009283569,0.008868152,0.02051438,0.009701235,0.008570819,0.02064455,0.004547909,0.00243008
222,50.46475,0.2317487,1.833e-06,0.08113254,1.084e-06,0.01012498,0.01656872,0.03697311,0.009632235,0.008762069,0.02148805,0.009987068,0.008846902,0.0213403,0.004532992,0.00235683
223,50.6965,0.2253606,1.416e-06,0.07777021,1e-06,0.008231903,0.01658481,0.03633011,0.009310319,0.009516318,0.02068255,0.01030982,0.008835486,0.02088122,0.004548326,0.00235708
224,50.92186,0.2245486,1.417e-06,0.07860687,1.5e-06,0.007945571,0.01665756,0.03629177,0.009309318,0.008737403,0.02054422,0.009611818,0.008776319,0.02105022,0.004654493,0.002360163
225,51.14641,0.2242759,1.167e-06,0.07760946,1.25e-06,0.00795082,0.01665747,0.03637336,0.009308568,0.009029319,0.02054305,0.009665068,0.009651401,0.02047088,0.004659409,0.002354663
226,51.37068,0.2269481,1.583e-06,0.08057137,1e-06,0.008228736,0.01661306,0.03632377,0.009282152,0.008740069,0.02052438,0.009647318,0.008843486,0.02119413,0.004657159,0.002319913
227,51.59763,0.2334777,1.083e-06,0.07739979,1.167e-06,0.009906901,0.02503154,0.03020504,0.009247152,0.008607486,0.02154846,0.01465856,0.009450818,0.02045005,0.004612492,0.002357163
228,51.83111,0.2116085,1.25e-06,0.07797971,1.084e-06,0.008731152,0.004700076,0.02259138,0.01767922,0.009171401,0.02073855,0.01316431,0.009185652,0.02077413,0.004535243,0.002355329
229,52.04272,0.2260636,1.333e-06,0.07787096,1.083e-06,0.008713819,0.01632522,0.03666677,0.009571151,0.008602736,0.02148772,0.01004148,0.008856069,0.02091347,0.004653326,0.002358413
230,52.26878,0.2004112,1.25e-06,0.07779187,1e-06,0.007703071,0.007267322,0.01660881,0.01270106,0.008625069,0.02148196,0.01107907,0.008363986,0.02080013,0.004649826,0.003336745
231,52.46919,0.2259057,1.25e-06,0.07757346,1.167e-06,0.007570571,0.01655956,0.03643569,0.0106034,0.008969402,0.02052697,0.0102294,0.008876152,0.02055572,0.004666159,0.003336828
232,52.6951,0.2256841,1.084e-06,0.07791687,1.083e-06,0.007973487,0.01666989,0.03629019,0.009670484,0.009460068,0.02049488,0.009919734,0.008825485,0.02144597,0.004544826,0.002470079
233,52.92078,0.2118823,1.417e-06,0.07789487,1.083e-06,0.007653487,0.005095909,0.0224848,0.01708356,0.01081557,0.02047913,0.01315006,0.008550986,0.02177305,0.004532993,0.002365413
234,53.13266,0.2300168,1.25e-06,0.07758604,1.25e-06,0.009845734,0.02503946,0.03027803,0.009252652,0.008504569,0.02153655,0.01182448,0.008425819,0.02081363,0.004534743,0.002372579
235,53.36268,0.2200668,1.25e-06,0.07835854,1.167e-06,0.007771821,0.01077415,0.02256371,0.01770364,0.01205698,0.02053105,0.01308373,0.008815152,0.02144972,0.004610243,0.002345663
236,53.58275,0.2076143,1.25e-06,0.07880471,1.416e-06,0.007722905,0.009920734,0.02294621,0.009320902,0.0109514,0.02158147,0.008805902,0.009048319,0.02149588,0.004651992,0.002361247
237,53.79036,0.2120112,1.5e-06,0.07785296,1e-06,0.007646904,0.004237826,0.0105989,0.01709672,0.008815319,0.02153438,0.02741787,0.008891319,0.0210203,0.00453266,0.002363579
238,54.00237,0.2342249,1.167e-06,0.07793312,1.166e-06,0.009857484,0.02504229,0.03026745,0.009240569,0.008614319,0.02151272,0.01467314,0.008731152,0.02044738,0.005428908,0.002473996
239,54.2366,0.2075532,1.416e-06,0.07757488,1.333e-06,0.007726904,0.004236577,0.01056473,0.01698739,0.008929235,0.02056088,0.02358546,0.008991069,0.02137313,0.004650909,0.002369246
240,54.44415,0.2113237,1.334e-06,0.07772512,1.166e-06,0.00828782,0.004818326,0.01187981,0.01733905,0.009503568,0.02070363,0.02341838,0.009068319,0.02144205,0.004543076,0.002592079
241,54.65547,0.2282773,1.25e-06,0.07763546,1e-06,0.009895234,0.02506471,0.03015203,0.009228319,0.008746736,0.0205328,0.01012515,0.008860652,0.02104097,0.004656576,0.002336413
242,54.88375,0.1941644,1.334e-06,0.07741212,1.417e-06,0.007518071,0.005832991,0.01153823,0.0113279,0.009442068,0.0206453,0.01361231,0.008963652,0.02086155,0.004650826,0.002356663
243,55.07792,0.2235265,1.417e-06,0.07613813,1e-06,0.007996987,0.01667064,0.03631861,0.009258985,0.00841857,0.0214353,0.009666568,0.009381568,0.02134905,0.004540993,0.002348662
244,55.30144,0.2135067,1.25e-06,0.07612479,1.25e-06,0.008730986,0.004423493,0.01062032,0.01783439,0.01088232,0.0205568,0.02719529,0.008900819,0.02122963,0.004655076,0.002350246
245,55.51495,0.2075608,1.417e-06,0.07468888,1.083e-06,0.007919987,0.00411566,0.02285621,0.01698314,0.009701651,0.0207283,0.01345489,0.00847257,0.02173105,0.004544242,0.002361747
246,55.72251,0.1941033,1.417e-06,0.07543088,1.083e-06,0.007605488,0.00428066,0.01036098,0.0120119,0.01073357,0.0206088,0.0136514,0.01084315,0.0215733,0.004634326,0.002366329
247,55.91661,0.2137363,1.333e-06,0.07555029,7.5e-07,0.00871507,0.004185659,0.01741497,0.01682047,0.008717653,0.02151321,0.02349013,0.009840901,0.02062963,0.004553326,0.002302913
248,56.13035,0.1872839,1.5e-06,0.07563688,1.167e-06,0.007829321,0.004888992,0.01148781,0.009173569,0.008334736,0.02156988,0.01128981,0.008632736,0.0214423,0.004540742,0.002454496
249,56.31763,0.2136592,1.333e-06,0.07638579,1.417e-06,0.008862235,0.004096077,0.01066648,0.0177913,0.01094223,0.02061697,0.02724812,0.008999902,0.02113413,0.004542159,0.00237108
250,56.53129,0.2298999,1.334e-06,0.07652579,1.083e-06,0.009989734,0.02505029,0.03023979,0.009346735,0.009509734,0.02053247,0.0119914,0.00855282,0.02114105,0.004657576,0.002360079
251,56.76119,0.2224668,1.333e-06,0.07522329,1.25e-06,0.007778737,0.01706381,0.03635711,0.009288152,0.009124568,0.0205603,0.009944234,0.008655069,0.02146472,0.004655409,0.002348829
252,56.98366,0.1915829,1.333e-06,0.07519071,1.084e-06,0.008761652,0.004212327,0.01007323,0.01280456,0.008394486,0.02144213,0.01362898,0.009561652,0.02051038,0.004655742,0.002344663
253,57.17524,0.2216492,1.417e-06,0.07598029,1e-06,0.009065236,0.004621409,0.01739622,0.01707006,0.01082132,0.02030997,0.02726096,0.01143173,0.02079747,0.004537826,0.002354329
254,57.39689,0.2122949,1.167e-06,0.07582096,1.166e-06,0.007691571,0.00424066,0.01070732,0.01759997,0.01095723,0.02054638,0.02711179,0.009907568,0.02071213,0.004633326,0.002363663
255,57.60919,0.2234819,1.25e-06,0.07541955,8.33e-07,0.008013737,0.01667581,0.03635611,0.009534401,0.009418318,0.02058513,0.01015857,0.008974402,0.02144263,0.004533409,0.002367746
256,57.83267,0.2232435,1.084e-06,0.07638563,1.417e-06,0.007633321,0.01661489,0.03634511,0.009236485,0.009491318,0.0206323,0.01049007,0.008595153,0.02080855,0.004657576,0.002350579
257,58.05591,0.2225026,1.333e-06,0.07549138,1.083e-06,0.007724155,0.01659564,0.03627911,0.009203069,0.009440484,0.0206098,0.009548318,0.009165152,0.02145205,0.004544992,0.002445996
258,58.27841,0.2233104,1.25e-06,0.07598696,1.334e-06,0.007654571,0.01659956,0.03631986,0.009314735,0.008441403,0.02191838,0.01003132,0.008614736,0.02141563,0.004533159,0.002477496
259,58.50172,0.2121871,1.166e-06,0.07579829,7.5e-07,0.008783153,0.004205993,0.01064165,0.01749389,0.01068432,0.02033613,0.02694046,0.008996819,0.0213933,0.00454791,0.002363246
260,58.71391,0.208729,1e-06,0.07535179,1.416e-06,0.008757736,0.00447616,0.02286588,0.01674814,0.009504651,0.02075038,0.01342839,0.00845882,0.02148971,0.004540159,0.002354746
261,58.92264,0.1990219,1.5e-06,0.07492163,1.083e-06,0.008905152,0.005722408,0.01365648,0.01149923,0.01087732,0.02053688,0.01343948,0.01074132,0.02158913,0.004556993,0.002573329
262,59.12166,0.2084087,1.25e-06,0.07543404,1.25e-06,0.007764071,0.004542409,0.02268196,0.01703655,0.009678068,0.02073905,0.01327898,0.009538985,0.02073047,0.004623993,0.002357579
263,59.33007,0.2013687,1.417e-06,0.07502671,1e-06,0.008405903,0.007206072,0.01665197,0.01333248,0.01058823,0.02042672,0.01087465,0.01036115,0.02058647,0.004539743,0.003366161
264,59.53144,0.1979978,1.084e-06,0.07541421,1e-06,0.008864152,0.007221905,0.01662856,0.01268981,0.009567068,0.02050297,0.0109014,0.008597653,0.02070238,0.004541826,0.002363746
265,59.72944,0.2093226,1.333e-06,0.07602196,1e-06,0.01012448,0.007177822,0.01680206,0.01336056,0.01075157,0.02055738,0.01742731,0.008710902,0.02148555,0.004541492,0.002359163
266,59.93876,0.2077726,1.166e-06,0.07550338,1.167e-06,0.008395653,0.004434909,0.02246696,0.01693889,0.008911986,0.0208233,0.0134554,0.00844307,0.0215053,0.004532076,0.00235933
267,60.14653,0.2229423,1.333e-06,0.07518605,9.17e-07,0.008101154,0.01651939,0.03631861,0.009289569,0.009429734,0.02058538,0.01045765,0.008720153,0.02142363,0.004536076,0.002372663
268,60.36947,0.2238316,1.5e-06,0.07607479,8.33e-07,0.00813857,0.01667189,0.03634902,0.009308152,0.008453903,0.02159222,0.009686734,0.009089569,0.02146072,0.004531576,0.002472079
269,60.59331,0.2239736,1.25e-06,0.07566421,1.084e-06,0.008860069,0.01649047,0.03638802,0.009226235,0.009450068,0.02060647,0.009732234,0.009103235,0.02143388,0.00454091,0.002475496
270,60.81728,0.2101829,1.417e-06,0.07602663,1.167e-06,0.008706153,0.004429576,0.02270263,0.01708364,0.009625317,0.02090797,0.01350539,0.009516568,0.02065755,0.004654409,0.002364496
271,61.02746,0.2319533,1.25e-06,0.07619363,1e-06,0.0105464,0.02453646,0.03029737,0.009399818,0.009339485,0.02050272,0.01457148,0.008688153,0.02097555,0.00453591,0.002364079
272,61.25942,0.2010681,1.334e-06,0.07579288,1e-06,0.008679903,0.004448992,0.01057307,0.01710922,0.009240318,0.02062047,0.01755264,0.009612151,0.02053463,0.004542159,0.002359329
273,61.46048,0.2327648,1.167e-06,0.07619271,1.083e-06,0.009576651,0.02499654,0.0302392,0.009224652,0.009454818,0.02074663,0.01479123,0.008681819,0.02182213,0.004663492,0.002372663
274,61.69325,0.2323274,1.583e-06,0.07882771,1.166e-06,0.009955068,0.02504104,0.03059428,0.009254485,0.008622569,0.02148288,0.01179882,0.008418319,0.0214438,0.004534993,0.002350662
275,61.92558,0.2053934,1.667e-06,0.07508555,1e-06,0.007589987,0.004273577,0.0176343,0.01744772,0.0108424,0.02073388,0.01331573,0.0099474,0.02141555,0.004534409,0.002570246
276,62.13097,0.2484024,1.167e-06,0.07430271,1e-06,0.009168402,0.02418821,0.05420041,0.009248902,0.009424901,0.02044105,0.009847818,0.009207151,0.02138605,0.004601743,0.002382912
277,62.37937,0.2284618,1.417e-06,0.07870696,9.17e-07,0.009385151,0.02500088,0.03023529,0.009256068,0.008777569,0.02052555,0.01016732,0.008856402,0.02058238,0.004659909,0.002305996
278,62.60783,0.2035796,1.083e-06,0.07595004,1.083e-06,0.007652321,0.005454325,0.02250621,0.01692764,0.008768736,0.02099697,0.009073652,0.008671569,0.0204403,0.004653325,0.00248233
279,62.81141,0.2234208,1.334e-06,0.07547304,9.17e-07,0.00835557,0.01630656,0.03649244,0.009910984,0.009517318,0.02048472,0.009968817,0.008921569,0.02097013,0.004655659,0.002361746
280,63.03483,0.1991173,1.416e-06,0.07651954,1e-06,0.008618069,0.004192327,0.01039332,0.01312973,0.01089782,0.02036697,0.01593364,0.01083698,0.02132505,0.004539659,0.002361747
281,63.23395,0.2325814,1.417e-06,0.07672696,1e-06,0.009422818,0.02507254,0.03028037,0.009216735,0.008556236,0.02150938,0.01468548,0.009578568,0.02059672,0.004562742,0.002370413
282,63.46653,0.1993416,1.334e-06,0.07614904,1e-06,0.007710404,0.00427466,0.01399281,0.01260073,0.009315568,0.02054505,0.0176518,0.009717151,0.02048872,0.004538076,0.002355246
283,63.66587,0.2236734,1.334e-06,0.07625496,9.16e-07,0.007670738,0.01656881,0.03633886,0.009279485,0.009709318,0.0205078,0.01019248,0.008962236,0.02116455,0.004648076,0.002373829
284,63.88955,0.2241069,1.416e-06,0.07674104,9.16e-07,0.007965571,0.01666881,0.03640927,0.009250818,0.009542151,0.02057247,0.01029448,0.008887902,0.02077088,0.00464541,0.002355746
285,64.11366,0.223902,1.25e-06,0.07542446,1.083e-06,0.008095737,0.01667372,0.03639311,0.009654484,0.009331902,0.0206538,0.01026057,0.008969652,0.02144313,0.00453991,0.002459162
286,64.33756,0.2230845,1.417e-06,0.07637754,1e-06,0.008631069,0.01633997,0.03630602,0.009313985,0.008516736,0.02054863,0.009766817,0.009655651,0.02060147,0.004535576,0.002488579
287,64.56064,0.1975518,1.25e-06,0.07521588,1.166e-06,0.007834321,0.007243405,0.01668531,0.01262665,0.008522487,0.02119438,0.0110729,0.009564151,0.02069838,0.004532993,0.002358496
288,64.75819,0.2232726,1.166e-06,0.07610021,1.25e-06,0.007937154,0.01666981,0.03634744,0.009155818,0.009434568,0.0205113,0.009786318,0.009997733,0.0204488,0.004543492,0.00233758
289,64.98147,0.2285827,1.416e-06,0.08057629,9.16e-07,0.00818707,0.01663314,0.03642477,0.009591068,0.009377235,0.02039005,0.01027065,0.008912486,0.02132847,0.004540493,0.002348663
290,65.21005,0.2228121,1.166e-06,0.07517371,8.33e-07,0.008683653,0.01632522,0.03635952,0.009235818,0.009480151,0.02055772,0.009616818,0.009286652,0.02107021,0.004653076,0.002367496
291,65.43286,0.1993295,1.333e-06,0.07576063,1e-06,0.008841236,0.007222655,0.01670172,0.01265431,0.008733069,0.0214888,0.01102173,0.009367401,0.02064605,0.004542993,0.002346579
292,65.63219,0.2025131,1e-06,0.07739737,9.17e-07,0.007976404,0.007194405,0.01676022,0.01375814,0.0107154,0.02061305,0.01101665,0.008613403,0.02145396,0.004534576,0.002477579
293,65.8347,0.2246442,1.584e-06,0.07458263,8.33e-07,0.007636654,0.01657347,0.03637169,0.009704984,0.009456985,0.02050363,0.0100534,0.00874682,0.02355746,0.004965159,0.002488913
294,66.05935,0.2230835,1.417e-06,0.07588854,1.084e-06,0.007737154,0.01662147,0.03639211,0.009612567,0.008962652,0.02053797,0.009734401,0.01015232,0.02046947,0.004645326,0.002326996
295,66.28243,0.2224816,1.417e-06,0.07575571,1e-06,0.008060654,0.01665156,0.03637169,0.009314152,0.008462736,0.02072963,0.009863568,0.008860902,0.02143405,0.00454191,0.002432579
296,66.50491,0.2238707,1.416e-06,0.07577904,1.25e-06,0.007696155,0.01658122,0.03647777,0.009648568,0.008439653,0.02165438,0.01038223,0.009795651,0.02056155,0.004534493,0.00231733
297,66.72878,0.2033981,1.417e-06,0.07596313,9.17e-07,0.008701819,0.007154822,0.01665306,0.0133849,0.0108059,0.02052963,0.01106432,0.01146073,0.02067738,0.004541076,0.002458996
298,66.93218,0.227501,1.333e-06,0.07662463,1e-06,0.009822651,0.02498988,0.0302437,0.009270735,0.00846582,0.02074172,0.009937817,0.008939569,0.02143147,0.004598993,0.002431746
299,67.15968,0.2208554,1.417e-06,0.07329305,1e-06,0.00801857,0.01654389,0.03663569,0.009591234,0.009432485,0.02041222,0.009520818,0.009230902,0.0213053,0.00454666,0.002322163
300,67.38054,0.221787,1.5e-06,0.07515021,9.16e-07,0.007620488,0.01655456,0.03630036,0.009250902,0.009441068,0.02043238,0.009631984,0.009185985,0.0213498,0.004544659,0.002322163
301,67.60232,0.2259331,1.25e-06,0.07824871,9.17e-07,0.008053653,0.01653781,0.03633136,0.009278401,0.009511735,0.02051255,0.01037348,0.008809569,0.02126605,0.004651576,0.002355996
302,67.82826,0.2228328,1.333e-06,0.0753808,9.16e-07,0.007697238,0.01659281,0.03638152,0.009330401,0.009471985,0.02048455,0.009702151,0.009346151,0.02143072,0.004650159,0.002362079
303,68.05109,0.2237323,1.583e-06,0.07655921,9.16e-07,0.008059904,0.01661006,0.03636127,0.009388734,0.009295069,0.02048672,0.00975265,0.009334735,0.02086013,0.004657826,0.002363496
304,68.27482,0.226306,1.166e-06,0.07892179,8.33e-07,0.008049987,0.01663131,0.03624769,0.009225985,0.00840082,0.02147255,0.009686568,0.01025782,0.0205358,0.004543826,0.002329829
305,68.50113,0.1990893,1.083e-06,0.07507471,1.167e-06,0.008843152,0.007261238,0.01687247,0.01270165,0.008647236,0.02158872,0.01117598,0.009397735,0.02062105,0.004546576,0.00235658
306,68.70022,0.2262407,1.25e-06,0.07893712,1.083e-06,0.00799632,0.01664206,0.03638569,0.009274485,0.008535402,0.02151255,0.009619151,0.008954069,0.0214713,0.004551743,0.002358496
307,68.92646,0.2141556,1.25e-06,0.07463696,9.17e-07,0.01001982,0.00413816,0.0109384,0.0183778,0.0108184,0.02041988,0.02726104,0.009944067,0.02068155,0.004536742,0.00238058
308,69.14061,0.201895,1.167e-06,0.07668354,1e-06,0.007611071,0.007302739,0.01679139,0.01347656,0.01084607,0.02053955,0.01144507,0.008835569,0.02146063,0.004538493,0.002362163
309,69.34251,0.2307295,1.5e-06,0.07736879,1.25e-06,0.009826318,0.02499404,0.03018103,0.009220985,0.009569151,0.0206328,0.01201898,0.009422901,0.02059888,0.004534243,0.002358663
310,69.57324,0.2148066,1.166e-06,0.07861371,1.167e-06,0.008300653,0.004194243,0.01044382,0.01717447,0.01067807,0.02051447,0.02718346,0.008970652,0.02182788,0.004537243,0.002365579
311,69.78805,0.2248796,1.25e-06,0.07751179,1.25e-06,0.007991654,0.01668789,0.03633519,0.009283569,0.009468651,0.0205493,0.009663234,0.009028736,0.02144688,0.004539909,0.002370246
312,70.01293,0.2259701,1.5e-06,0.07788654,1e-06,0.008637153,0.01633589,0.03634519,0.009270485,0.00837407,0.02157697,0.009584568,0.009332985,0.02143121,0.004832076,0.002360496
313,70.2389,0.2149147,1.166e-06,0.07827537,9.16e-07,0.007644405,0.004236576,0.01742155,0.01708297,0.008605987,0.02143213,0.02327271,0.008941152,0.0210878,0.004546826,0.002365163
314,70.45381,0.218533,1.25e-06,0.07769812,8.34e-07,0.007737404,0.00425266,0.01750422,0.01682989,0.008596569,0.02063263,0.02765754,0.009018069,0.02170671,0.004552826,0.002344246
315,70.67234,0.2188992,1.167e-06,0.07794971,1e-06,0.007684071,0.004252576,0.01744897,0.01682839,0.008604403,0.02079572,0.02753237,0.009071069,0.02175113,0.004604493,0.002374163
316,70.89124,0.2163788,1.166e-06,0.07806504,9.17e-07,0.008641653,0.004419326,0.01747122,0.01697322,0.009499401,0.02054205,0.02340105,0.008939152,0.02150321,0.004541993,0.002379413
317,71.10762,0.2206107,1.417e-06,0.07810504,9.17e-07,0.007657821,0.004874075,0.0180643,0.01704597,0.008698569,0.02134371,0.02748171,0.009054819,0.02126597,0.004533326,0.002483079
318,71.32823,0.2219941,1.417e-06,0.07769979,1.084e-06,0.008602486,0.004181076,0.01745397,0.01751905,0.01086748,0.02063997,0.02725296,0.009111735,0.02164338,0.004545909,0.002473746
319,71.55023,0.2150497,1.25e-06,0.07831804,1.167e-06,0.007751488,0.004251326,0.01779764,0.01697964,0.008668653,0.02068797,0.02333205,0.009820234,0.02057672,0.00454241,0.002321163
320,71.76528,0.2113525,1.583e-06,0.07827646,9.16e-07,0.008625736,0.004434243,0.02281863,0.01701789,0.008723319,0.02152263,0.01337306,0.008499069,0.02115772,0.004543659,0.00235758
321,71.97663,0.2148043,1.334e-06,0.07767412,9.16e-07,0.008618736,0.004421743,0.0108294,0.01770164,0.01092615,0.02054263,0.02699446,0.008971986,0.02121821,0.004545326,0.002357663
322,72.19143,0.2313075,1.583e-06,0.07810046,1e-06,0.009818818,0.02503121,0.03018545,0.009215319,0.009485651,0.0205753,0.01195315,0.009476568,0.02055988,0.004540825,0.002362247
323,72.42274,0.2231069,1.334e-06,0.07675387,8.34e-07,0.00771682,0.01657697,0.03629461,0.009272819,0.009316818,0.02036297,0.009713901,0.009912484,0.0203103,0.004543326,0.00232983
324,72.64585,0.207783,1.25e-06,0.07695646,1.334e-06,0.007909487,0.00421991,0.01049415,0.01737897,0.008653236,0.02152188,0.02373504,0.008897319,0.02073797,0.004665409,0.00261058
325,72.85363,0.2250723,1.5e-06,0.07665104,8.33e-07,0.008656986,0.01637022,0.03640836,0.009488984,0.009546318,0.02048538,0.01014632,0.009799985,0.0206753,0.004532326,0.002308747
326,73.0787,0.2308092,1.666e-06,0.07726671,1e-06,0.009900984,0.02503513,0.03028745,0.009288402,0.008663153,0.02148171,0.01192931,0.009486068,0.02055022,0.004550326,0.002367079
327,73.30951,0.2238648,1.333e-06,0.07716737,1.167e-06,0.008008154,0.01663831,0.03644636,0.009242651,0.008630403,0.0214943,0.009680985,0.008910569,0.02074222,0.004544409,0.00235658
328,73.53338,0.2151773,1.25e-06,0.07858904,9.17e-07,0.007696404,0.004252327,0.01071865,0.0178048,0.0108954,0.02046922,0.02698762,0.008881403,0.02085338,0.004684575,0.003342328
329,73.74855,0.2301572,1.333e-06,0.07705371,1e-06,0.009906317,0.02503929,0.03023053,0.009319068,0.008608403,0.02161471,0.01189731,0.008652403,0.02093347,0.004534159,0.002365496
330,73.97871,0.2220418,1.417e-06,0.07797271,9.17e-07,0.008286069,0.00421641,0.01750022,0.01818105,0.01082265,0.0203683,0.02709062,0.008929319,0.02165505,0.004656243,0.002360829
331,74.20075,0.2083521,1.584e-06,0.07820946,1e-06,0.007642238,0.004245076,0.01731322,0.01712056,0.01080798,0.02046472,0.01319948,0.0107684,0.02135055,0.004556242,0.002671579
332,74.4091,0.2096849,1.333e-06,0.07763871,9.16e-07,0.007656821,0.00449191,0.0224823,0.01695664,0.009569651,0.02074255,0.0131734,0.009341151,0.02077805,0.004539493,0.002311996
333,74.61879,0.2149708,1.5e-06,0.07784262,1e-06,0.007628404,0.004822325,0.01060948,0.01776014,0.01068265,0.02053872,0.02715629,0.009922901,0.02081388,0.004838075,0.00235283
334,74.83376,0.2334822,1.417e-06,0.07815854,1.166e-06,0.009861318,0.02505088,0.03021212,0.009204151,0.008522987,0.02153813,0.01456723,0.008934402,0.02048497,0.004578826,0.002366079
335,75.06724,0.2220267,1.667e-06,0.07764612,1.25e-06,0.00853932,0.004204159,0.01757105,0.01765564,0.01079623,0.02065838,0.02723104,0.009062402,0.02166996,0.004542409,0.00244708
336,75.28927,0.2107768,1.25e-06,0.07793662,1e-06,0.007705321,0.005237075,0.02284105,0.01681564,0.008714402,0.02119405,0.01320139,0.009461568,0.02066188,0.004643575,0.002361997
337,75.50005,0.2345146,1.084e-06,0.07796996,9.16e-07,0.009903234,0.02499304,0.03021203,0.009178152,0.009572985,0.02107688,0.01454889,0.008769653,0.0213758,0.00456816,0.002343829
338,75.73456,0.2053936,1.084e-06,0.07719721,1.083e-06,0.008681319,0.00443841,0.01743239,0.01703272,0.009219318,0.02073155,0.01337906,0.008654986,0.02144597,0.004538909,0.002639579
339,75.93995,0.2157693,1.333e-06,0.07739554,1.333e-06,0.008303903,0.004246743,0.02305763,0.01772114,0.01098882,0.02076297,0.01339398,0.01225723,0.0207463,0.004543159,0.002349246
340,76.15572,0.212558,1.417e-06,0.07666004,1.083e-06,0.007690571,0.005321742,0.01064415,0.01716289,0.008697069,0.02153705,0.02719412,0.009912734,0.0208478,0.004538326,0.002348996
341,76.36828,0.230977,1.417e-06,0.07743121,1.167e-06,0.01000165,0.02502379,0.03018704,0.009347485,0.008567069,0.02161155,0.01226973,0.008571152,0.02107655,0.00453491,0.002352329
342,76.59926,0.1987362,1.5e-06,0.07625438,1e-06,0.007897821,0.004226243,0.01035607,0.01379648,0.01078673,0.02039447,0.01593039,0.01188123,0.02036272,0.004540326,0.00230683
343,76.79799,0.2096937,1.333e-06,0.07791846,9.17e-07,0.007631904,0.00449816,0.02249546,0.01680264,0.008653902,0.0215273,0.01325923,0.009288569,0.02075855,0.00454266,0.002314663
344,77.00769,0.2019826,1.167e-06,0.07743979,1e-06,0.007713737,0.005860241,0.01046857,0.0137434,0.01088015,0.02064297,0.01591356,0.01195231,0.0205023,0.004542493,0.002320912
345,77.20967,0.2111837,1.25e-06,0.07702512,9.17e-07,0.009067485,0.004519743,0.02259755,0.01702489,0.009692901,0.02081805,0.01329423,0.009459651,0.02077738,0.004547326,0.002357163
346,77.42085,0.2315787,1.75e-06,0.07813079,1e-06,0.01012182,0.02493288,0.03030045,0.009291902,0.009521485,0.02053113,0.0118459,0.009420152,0.02057097,0.004547326,0.002361163
347,77.65243,0.2045099,1.167e-06,0.07721279,1e-06,0.00766282,0.004237327,0.01732439,0.01685039,0.008597319,0.0217438,0.01317265,0.009137568,0.02145913,0.004541743,0.002567829
348,77.85694,0.2114952,1.417e-06,0.07777371,1.333e-06,0.008757986,0.00443341,0.02258055,0.01705256,0.009634818,0.02075205,0.01345439,0.009368901,0.0207973,0.004533992,0.00235283
349,78.06844,0.2089091,1.333e-06,0.07798221,1e-06,0.007914988,0.007280404,0.01682872,0.01349931,0.01075157,0.0205483,0.01753464,0.008645069,0.02088338,0.004679659,0.002358496
350,78.27735,0.202015,1.25e-06,0.07780204,1e-06,0.007701988,0.007281738,0.01714597,0.01337048,0.01088173,0.0205363,0.0109914,0.008689069,0.0207218,0.004535076,0.002355162
351,78.47936,0.2294786,1.167e-06,0.0816052,1e-06,0.007987903,0.01668756,0.03638469,0.009308735,0.008613652,0.02153255,0.01008148,0.008821736,0.0215738,0.004541492,0.002337663
352,78.70884,0.2254699,1.25e-06,0.07794479,1.084e-06,0.007769904,0.01660914,0.03643936,0.009293902,0.008461986,0.0215648,0.01021432,0.008712903,0.0214558,0.00455016,0.002450496
353,78.93431,0.212993,1.25e-06,0.08148312,9.16e-07,0.007663655,0.00416466,0.02275246,0.01693822,0.009535152,0.0204903,0.01329314,0.009382985,0.02043155,0.004546576,0.002308996
354,79.1473,0.2298423,1.333e-06,0.07721546,8.34e-07,0.009847317,0.02503871,0.03014312,0.009264235,0.00852207,0.02158097,0.01181823,0.008527319,0.02096855,0.004538159,0.002375996
355,79.37715,0.2269799,1.5e-06,0.07779829,8.33e-07,0.00868907,0.01638547,0.03671086,0.01087248,0.008526153,0.02152113,0.01004907,0.008865403,0.02066305,0.004547659,0.002348913
356,79.60413,0.2014763,1.417e-06,0.07756062,9.17e-07,0.008875152,0.007463571,0.01676606,0.0126689,0.009471818,0.0207013,0.0108869,0.008551403,0.0215138,0.004554326,0.002460163
357,79.8056,0.2269546,1.333e-06,0.07733663,1.083e-06,0.007953154,0.01667414,0.03635877,0.01045415,0.009521318,0.02103288,0.01016798,0.008843902,0.02156688,0.004676992,0.002365413
358,80.03256,0.2250643,1.25e-06,0.07775787,1.167e-06,0.00793357,0.01665122,0.03644219,0.009554651,0.008534236,0.02152371,0.01001498,0.008831319,0.02080438,0.004654576,0.002359163
359,80.25762,0.2256346,1.5e-06,0.07772179,9.17e-07,0.008679735,0.01638606,0.03633886,0.009255485,0.00850032,0.02153197,0.00979715,0.008980319,0.02144846,0.004646326,0.002345663
360,80.48326,0.230365,1.417e-06,0.08166828,8.33e-07,0.007966404,0.01663014,0.03665627,0.009963317,0.008537903,0.02150538,0.01009073,0.009874734,0.02056913,0.004543242,0.002357246
361,80.71362,0.2240808,1.166e-06,0.07775087,1.084e-06,0.007645654,0.01661931,0.03636177,0.009308735,0.008827819,0.02055838,0.009734484,0.008816736,0.02145463,0.004653742,0.002346413
362,80.9377,0.2255069,1.333e-06,0.07706496,6.67e-07,0.007930987,0.01663414,0.03646136,0.009768901,0.009722317,0.02054338,0.01009423,0.009854234,0.02045938,0.004658742,0.002312247
363,81.16321,0.2223286,1.334e-06,0.07324705,1e-06,0.009118985,0.01660456,0.03647602,0.009607985,0.008366486,0.02144288,0.01030982,0.008930235,0.0213353,0.004541743,0.002345246
364,81.38554,0.2099041,1.5e-06,0.07583946,1.167e-06,0.009533568,0.02504879,0.01230131,0.009314402,0.008405153,0.02113088,0.0113049,0.00857657,0.0214463,0.004532659,0.002467413
365,81.59544,0.2230304,1.334e-06,0.0751053,1.083e-06,0.007914321,0.01668239,0.03638769,0.009601818,0.009111485,0.02066722,0.01025265,0.008845319,0.02135238,0.004681326,0.002426079
366,81.81847,0.2245141,1.417e-06,0.07732579,9.17e-07,0.007568821,0.01659514,0.03629336,0.009291819,0.009517817,0.02064605,0.01008265,0.008768902,0.02141371,0.004542493,0.002465246
367,82.04299,0.2308895,1.417e-06,0.08379953,9.17e-07,0.00796032,0.01654531,0.03639469,0.009375234,0.00857707,0.02151555,0.01003132,0.008858153,0.02092755,0.004544826,0.00235758
368,82.27388,0.2045913,1.167e-06,0.08187795,9.16e-07,0.007739655,0.007297904,0.01672189,0.0126799,0.008692736,0.02149113,0.01101782,0.009291069,0.02079247,0.004586326,0.002400413
369,82.47847,0.2262151,1.083e-06,0.07707904,1.083e-06,0.009821818,0.01648489,0.03643869,0.009497318,0.009552152,0.02049722,0.0104039,0.008845652,0.0205718,0.004659576,0.00236083
370,82.70468,0.2078369,1.083e-06,0.07798196,9.17e-07,0.00800132,0.007186072,0.01698256,0.01271706,0.00858607,0.0216128,0.01752622,0.009743067,0.02048963,0.004543409,0.002464746
371,82.91252,0.2233395,1.5e-06,0.07698121,8.33e-07,0.007935571,0.01667356,0.03641944,0.009343652,0.008936402,0.02057113,0.009726901,0.009258068,0.02050647,0.004660243,0.002324496
372,83.13586,0.2005098,1.333e-06,0.07794029,1e-06,0.007743404,0.007279238,0.01669281,0.01266056,0.008648403,0.02134638,0.01108831,0.009500235,0.02071472,0.004530743,0.00236233
373,83.33637,0.2261305,1.416e-06,0.07749112,8.33e-07,0.00800757,0.01664472,0.03656553,0.01014273,0.009343235,0.02056572,0.01010465,0.009787651,0.02049538,0.004656909,0.002322997
374,83.5625,0.2138328,1.333e-06,0.07726371,1.084e-06,0.008527902,0.004190827,0.01065073,0.01774872,0.01086373,0.0203503,0.02718112,0.008961236,0.0211983,0.004538409,0.002355413
375,83.77633,0.1982774,1.333e-06,0.07732688,1.25e-06,0.007697571,0.004256743,0.01025832,0.01395439,0.008528569,0.02137847,0.0176703,0.009359902,0.0209328,0.00454241,0.002368496
376,83.97461,0.2241258,1.166e-06,0.07756404,1.084e-06,0.007608321,0.01661739,0.03632011,0.009507402,0.008468319,0.02151971,0.009857818,0.009184901,0.02047563,0.004645992,0.002353913
377,84.19873,0.2151731,1.167e-06,0.07915412,8.34e-07,0.00790032,0.00407816,0.01016457,0.01812714,0.01096115,0.02052988,0.02711154,0.008892319,0.0213388,0.004536492,0.00237658
378,84.41391,0.2335556,1.25e-06,0.07730304,1e-06,0.009959734,0.02501863,0.03019962,0.009233818,0.008536903,0.0216638,0.01450231,0.009594568,0.02058588,0.004574743,0.002380329
379,84.64746,0.2098511,1.167e-06,0.07772929,1.083e-06,0.008641986,0.004428576,0.01053348,0.01717706,0.009720735,0.02056338,0.02329313,0.008932485,0.02157888,0.004665909,0.002583913
380,84.85731,0.2357302,1.167e-06,0.07709737,1e-06,0.01052273,0.02496029,0.03031129,0.01174348,0.009578234,0.02049488,0.01449556,0.009174902,0.02045097,0.004540409,0.002357913
381,85.09304,0.2046308,1.5e-06,0.07466955,1e-06,0.007657404,0.00426391,0.0101084,0.01701722,0.00853732,0.02144188,0.02351455,0.008955152,0.02134188,0.004541909,0.00257908
382,85.29768,0.2129994,1.333e-06,0.07639413,1e-06,0.008773485,0.004170827,0.01066973,0.01785005,0.0108589,0.02033063,0.02721604,0.008931569,0.02080813,0.004647326,0.002346246
383,85.51067,0.2035114,1.417e-06,0.07588663,1.25e-06,0.007724821,0.007272404,0.01682481,0.01342339,0.01085707,0.02066655,0.01110982,0.01086998,0.02179163,0.004720409,0.002361246
384,85.71419,0.2249271,1.25e-06,0.07691713,1.334e-06,0.008217153,0.01651131,0.03631819,0.009219068,0.009437402,0.02062247,0.009796151,0.009431651,0.02145705,0.004531742,0.002465163
385,85.93911,0.2264641,1.083e-06,0.07827662,8.34e-07,0.007781487,0.01658639,0.03639519,0.009360901,0.00869432,0.02056255,0.01180098,0.008554486,0.02144355,0.004648493,0.002357163
386,86.16558,0.220324,1.417e-06,0.07766854,1e-06,0.008095237,0.004765659,0.01745989,0.01704139,0.008533986,0.02135838,0.02764412,0.009015068,0.02173613,0.004541659,0.002461496
387,86.3859,0.2183258,1.333e-06,0.07761596,1.166e-06,0.008671153,0.004188327,0.0172008,0.01677739,0.00857982,0.02076672,0.02742112,0.009437985,0.02075855,0.004544076,0.002361413
388,86.60423,0.2097118,1.5e-06,0.07820871,9.16e-07,0.00858432,0.004438409,0.0106074,0.01716589,0.008733236,0.02167346,0.02335538,0.008891236,0.02078397,0.004661992,0.002605413
389,86.81394,0.2245991,1.916e-06,0.07689796,9.17e-07,0.008512069,0.01625681,0.03646302,0.009849151,0.008555069,0.02150763,0.01009157,0.008858486,0.02060105,0.004658159,0.002345329
390,87.03854,0.204371,1.167e-06,0.07769804,1.084e-06,0.007708154,0.007263071,0.01673806,0.01339956,0.01087573,0.02056313,0.01098448,0.01152965,0.02070972,0.004542493,0.002356663
391,87.24291,0.2309612,1.417e-06,0.07739638,1.083e-06,0.009840984,0.02501404,0.03025637,0.009306402,0.008641986,0.02149413,0.01193656,0.009486651,0.02067238,0.004548659,0.002364163
392,87.47387,0.2082072,1.167e-06,0.07756912,1e-06,0.007631821,0.005200575,0.01047423,0.01698247,0.008718486,0.02151838,0.0232683,0.008915652,0.02067855,0.004662409,0.002585079
393,87.68208,0.2208309,1.166e-06,0.07761604,9.17e-07,0.007682154,0.004268243,0.01735222,0.0175028,0.01062948,0.02068263,0.02730762,0.009087986,0.02169413,0.004535326,0.002470163
394,87.90291,0.2223235,1.333e-06,0.07841354,9.17e-07,0.007703904,0.004254076,0.01742406,0.01789847,0.0106314,0.02075872,0.02730737,0.009046235,0.02187313,0.004545243,0.002465079
395,88.12523,0.2140032,1.416e-06,0.07755162,1e-06,0.009300901,0.004204993,0.02312363,0.0177438,0.01071773,0.02076672,0.01321065,0.009487318,0.02086597,0.00467991,0.002347496
396,88.33923,0.2093924,1.5e-06,0.07756188,9.16e-07,0.008729236,0.00419641,0.01050973,0.01698989,0.009694734,0.0205928,0.02354788,0.008991319,0.02133847,0.004646576,0.002591079
397,88.54863,0.21451,1.5e-06,0.07775829,1.083e-06,0.007739071,0.004274743,0.02285113,0.0177623,0.01077157,0.02076372,0.01335573,0.0115774,0.02076655,0.004538409,0.002348497
398,88.76314,0.2078774,1.417e-06,0.07672379,1e-06,0.007916654,0.004224576,0.01072157,0.01679406,0.009681985,0.02069888,0.02343579,0.009899484,0.02050038,0.004664909,0.002612912
399,88.97101,0.2095541,1.25e-06,0.07808779,8.34e-07,0.007678154,0.00426916,0.0226468,0.01698947,0.009572651,0.02086372,0.01317815,0.008436153,0.02081605,0.004654576,0.002359329
400,89.18057,0.1995158,1.25e-06,0.07818054,1e-06,0.007718904,0.005777491,0.01346423,0.01081423,0.01069848,0.02046547,0.01340056,0.01051065,0.02147805,0.004635076,0.002369829
401,89.38008,0.2112367,1.417e-06,0.07763287,9.17e-07,0.007655404,0.005562158,0.02271896,0.01698197,0.009531567,0.02083247,0.01321164,0.009455235,0.02073763,0.004540742,0.002373746
402,89.59132,0.2088455,1.416e-06,0.07755112,9.16e-07,0.007900238,0.005212991,0.01052557,0.01698406,0.009665651,0.0205688,0.02323621,0.008950653,0.02099163,0.004653576,0.002602663
403,89.80017,0.2130856,1.25e-06,0.07778737,1.333e-06,0.008784986,0.004454409,0.02276246,0.01727397,0.01079448,0.02085955,0.01317848,0.009522485,0.02065697,0.004663409,0.002344413
404,90.01325,0.2243532,1.25e-06,0.07738671,1.083e-06,0.007920071,0.01663014,0.03630319,0.009256318,0.008560403,0.02152847,0.009749567,0.009216569,0.0208903,0.004551993,0.002357163
405,90.23761,0.2247008,1.417e-06,0.07750987,1.084e-06,0.007624821,0.01661172,0.03639002,0.009191235,0.009523901,0.0206488,0.01016307,0.008625736,0.0213843,0.004652242,0.00237258
406,90.46231,0.2183005,1.25e-06,0.0833597,9.17e-07,0.007887654,0.004409659,0.02252063,0.01719164,0.01159898,0.02071038,0.01344456,0.009495901,0.0207808,0.004543992,0.002354413
407,90.68061,0.2199346,1.083e-06,0.07980937,9.16e-07,0.008458237,0.00425841,0.01760914,0.02302263,0.01472106,0.02085672,0.01408339,0.008765236,0.0214478,0.004544076,0.002356579
408,90.90054,0.2176186,1.25e-06,0.07760896,1.25e-06,0.008881485,0.004219993,0.01066965,0.01779539,0.01085081,0.02055013,0.0274502,0.01083682,0.02184588,0.004545576,0.002361246
409,91.11816,0.2312961,1.166e-06,0.07786737,1.167e-06,0.009913734,0.02502438,0.03057012,0.009344068,0.009155569,0.0205043,0.01194706,0.009440651,0.02052322,0.004653325,0.002349997
410,91.34946,0.2092792,1.25e-06,0.07738821,1.084e-06,0.007629487,0.004242077,0.0228073,0.01682456,0.009482902,0.02085605,0.01311573,0.009316235,0.0206508,0.004652992,0.00231058
411,91.55874,0.232678,1.167e-06,0.07729404,1.083e-06,0.0098984,0.02455696,0.03036695,0.009290319,0.009499151,0.0205048,0.01462631,0.008490153,0.02121363,0.004578159,0.002356913
412,91.79141,0.2061467,1.25e-06,0.07842171,1.083e-06,0.008295403,0.004181993,0.01728472,0.01704122,0.008656819,0.02165188,0.01330764,0.009597984,0.02048613,0.004541992,0.002676829
413,91.99756,0.2262806,1.25e-06,0.07805896,1.5e-06,0.008659819,0.01649406,0.03637261,0.009350735,0.009472652,0.02053138,0.009717151,0.009217818,0.02140088,0.004657326,0.002344496
414,92.22384,0.2308612,1.334e-06,0.07745354,1.166e-06,0.009859651,0.02506404,0.03025295,0.009249485,0.009473234,0.0206658,0.0118194,0.008491069,0.0215363,0.004615575,0.002377663
415,92.4547,0.2266887,1.5e-06,0.07757604,1e-06,0.008976903,0.01638397,0.03649352,0.01031423,0.008656236,0.02151288,0.01015932,0.008855569,0.0207363,0.004665742,0.002355496
416,92.68139,0.2059852,1.5e-06,0.07749579,9.16e-07,0.007670655,0.004505076,0.02252338,0.01700972,0.009595485,0.0209908,0.009089735,0.008564903,0.02148888,0.004545326,0.002503079
417,92.88738,0.2270015,1.417e-06,0.07744096,1e-06,0.009762984,0.01646364,0.03645886,0.009671151,0.008544569,0.02149763,0.01014507,0.008676653,0.02144063,0.004541909,0.00235508
418,93.11438,0.2104362,1.334e-06,0.07819821,1e-06,0.007686071,0.004504826,0.02267188,0.01684731,0.008672819,0.02135222,0.0132339,0.009458568,0.02091455,0.004538076,0.002355413
419,93.32481,0.2359884,1.416e-06,0.07784429,1e-06,0.01065507,0.02485921,0.03035312,0.01048507,0.008591403,0.0215118,0.01463264,0.008637069,0.02147438,0.004590326,0.002351579
420,93.5608,0.2062371,1.667e-06,0.07776796,1e-06,0.007732154,0.005481658,0.0225698,0.01732672,0.008685653,0.02097688,0.008914985,0.009283902,0.02053513,0.004653493,0.002306079
421,93.76704,0.2268602,1.667e-06,0.07778012,1.166e-06,0.009892568,0.01643822,0.03698944,0.009637734,0.008961986,0.02054888,0.009746651,0.009373318,0.02047072,0.004653409,0.00236433
422,93.9939,0.2140429,1.334e-06,0.07849412,1.25e-06,0.008276987,0.004110827,0.02280363,0.01757614,0.01263231,0.02054555,0.01318231,0.00841657,0.0210993,0.004543076,0.002359496
423,94.20794,0.2332183,1.167e-06,0.07711329,9.17e-07,0.009930234,0.02505388,0.03025528,0.009254985,0.009535235,0.0204973,0.01451939,0.008541403,0.02161597,0.004543826,0.002355412
424,94.44116,0.2284897,1.334e-06,0.08016579,1e-06,0.008028821,0.01664906,0.03641369,0.009528818,0.009462068,0.0206018,0.01017473,0.009006069,0.02145963,0.004539742,0.002457163
425,94.66965,0.2245296,1.25e-06,0.07828046,9.16e-07,0.007951154,0.01666339,0.03633152,0.009290569,0.008663902,0.02051313,0.009701401,0.009672817,0.02050038,0.004654159,0.002304496
426,94.89418,0.2281767,1.333e-06,0.07706946,1e-06,0.009946567,0.02500279,0.03034837,0.009294568,0.008792486,0.02056255,0.01016723,0.008819985,0.02065238,0.005159658,0.002358329
427,95.12236,0.2326798,1.334e-06,0.07739346,1.084e-06,0.009509984,0.02504013,0.03023195,0.009256569,0.008775486,0.0206503,0.01470406,0.009590151,0.02056247,0.004545242,0.00241758
428,95.35504,0.1935662,1.167e-06,0.07751787,1.167e-06,0.007705654,0.004866242,0.01162215,0.0113909,0.009512568,0.02067897,0.01351748,0.008893319,0.0208458,0.004657909,0.002354996
429,95.5486,0.2307344,1.167e-06,0.07740254,8.33e-07,0.009749984,0.02504746,0.03037128,0.009330235,0.008534403,0.02151955,0.01191715,0.00846857,0.02147955,0.004542576,0.00236908
430,95.77934,0.2248068,1.5e-06,0.07718229,9.17e-07,0.007963487,0.01666164,0.03646952,0.009242235,0.009455734,0.02043522,0.009881984,0.009266819,0.02136113,0.004544826,0.002339496
431,96.00414,0.227768,1.167e-06,0.07928604,1.417e-06,0.008044153,0.01665622,0.03644611,0.009547484,0.00855332,0.02170222,0.01038857,0.008881819,0.02090313,0.004980909,0.002375412
432,96.23191,0.2248879,1.333e-06,0.07739646,9.17e-07,0.007851653,0.01664422,0.03635211,0.009253402,0.009364651,0.02060888,0.009570484,0.009367318,0.02146988,0.004534993,0.002471579
433,96.4568,0.225008,1.166e-06,0.07746054,1.083e-06,0.00799982,0.01653397,0.03632561,0.009270902,0.008408986,0.02154838,0.009683151,0.009331401,0.02144122,0.004546326,0.002455412
434,96.68181,0.2245056,1.083e-06,0.07710596,1e-06,0.008658986,0.01634106,0.03634236,0.009273819,0.008497486,0.02154771,0.009655318,0.009264318,0.02070022,0.004753826,0.002362413
435,96.90631,0.2336275,1.333e-06,0.07726871,1e-06,0.009931484,0.02499096,0.0302507,0.009248818,0.008593819,0.02149522,0.01467506,0.008701236,0.02153922,0.004575826,0.002354163
436,97.13994,0.2258513,1.416e-06,0.07772312,9.17e-07,0.008736569,0.01654381,0.03640169,0.009553818,0.008451319,0.0213883,0.01015332,0.008976735,0.02092372,0.004537243,0.002459329
437,97.36579,0.2257516,1.333e-06,0.07679029,1e-06,0.008133154,0.01650372,0.03641494,0.01029207,0.008680235,0.02135722,0.01009915,0.009016985,0.02144863,0.004538326,0.00247458
438,97.59154,0.2256879,1.25e-06,0.07843587,1.167e-06,0.00797582,0.01669231,0.03640336,0.009343318,0.009514318,0.02055638,0.009628901,0.009301651,0.02079788,0.004658243,0.002377412
439,97.81723,0.2251206,1.5e-06,0.07805779,9.17e-07,0.00794407,0.01665447,0.03638619,0.009242402,0.008597486,0.02154247,0.009655484,0.009224819,0.02080505,0.004655743,0.002352163
440,98.04235,0.2241471,1.334e-06,0.07691704,1e-06,0.00797507,0.01664889,0.03633852,0.009295568,0.008390903,0.0213918,0.009830234,0.009288152,0.02105888,0.004646826,0.002362913
441,98.2665,0.2252161,1.417e-06,0.07772021,1.083e-06,0.007737154,0.01666756,0.03648136,0.009609318,0.008943485,0.02050363,0.009860734,0.009227735,0.02145163,0.004645742,0.00236508
442,98.49172,0.2172514,1.416e-06,0.07871621,9.17e-07,0.008736569,0.004445493,0.01736206,0.01705164,0.008676569,0.02172488,0.02311446,0.009774651,0.0205113,0.004546243,0.002588995
443,98.70897,0.2257178,1.417e-06,0.08139337,9.17e-07,0.008939652,0.00421141,0.01737364,0.01755389,0.01084215,0.0206578,0.02695229,0.009087402,0.02169272,0.004534909,0.002476246
444,98.93468,0.2333591,1.25e-06,0.07730504,1.084e-06,0.009870234,0.02504738,0.0302352,0.009264651,0.008522653,0.02152655,0.01462298,0.009574985,0.02050797,0.004568493,0.002310663
445,99.16804,0.2247727,1.25e-06,0.07758571,1.084e-06,0.008006237,0.01668281,0.03633311,0.009301068,0.00843882,0.02126063,0.009646651,0.009067902,0.02145746,0.004533243,0.002456746
446,99.39282,0.2140562,1.5e-06,0.07770212,8.33e-07,0.007632738,0.004252826,0.01027415,0.01819939,0.01091807,0.02051597,0.02692312,0.008916402,0.0218153,0.004547409,0.00235633
447,99.60687,0.2312939,1.25e-06,0.07770954,9.17e-07,0.01002482,0.02501071,0.03032554,0.009310485,0.008559486,0.0215888,0.01191923,0.008455069,0.02148747,0.004535326,0.002365247
448,99.83817,0.2141351,1.25e-06,0.07839271,9.17e-07,0.007651654,0.00424341,0.01062948,0.01784514,0.01097448,0.02055713,0.02721129,0.008915819,0.02081422,0.004550076,0.002347496
449,100.0523,0.2138118,1.167e-06,0.07752296,1e-06,0.00766432,0.004882659,0.01184081,0.01695414,0.008723152,0.02167163,0.02747696,0.008922986,0.02125147,0.004536826,0.002361746
450,100.2661,0.2311275,1.333e-06,0.07760596,1.166e-06,0.009862651,0.02504546,0.0302682,0.009315235,0.008607236,0.02153488,0.0119209,0.009521402,0.02054863,0.004538493,0.002355996
451,100.4972,0.2218688,1.25e-06,0.07831879,1e-06,0.00848707,0.004171909,0.01739681,0.01700014,0.01087365,0.02065663,0.02719254,0.009061985,0.02170697,0.00453341,0.002466662
452,100.7191,0.215717,1.417e-06,0.07742529,1.167e-06,0.008715319,0.004451409,0.01753447,0.01701556,0.008658735,0.02144055,0.0233228,0.008961402,0.02128555,0.004549909,0.002353413
453,100.9348,0.2255179,1.416e-06,0.07652138,1.167e-06,0.008763569,0.01636897,0.03649827,0.009611984,0.008588319,0.02158455,0.01024473,0.008894819,0.02155413,0.004543659,0.002340913
454,101.1603,0.2016291,1.917e-06,0.07809812,1.083e-06,0.008972319,0.007161405,0.01708597,0.01266198,0.008611236,0.02099805,0.01110332,0.009306651,0.02072547,0.004544909,0.002356663
455,101.362,0.2205756,1.167e-06,0.07664871,1.333e-06,0.008700653,0.004453076,0.01726297,0.01718906,0.01079298,0.02065905,0.02713687,0.009937651,0.02076805,0.004649325,0.002374747
456,101.5825,0.2177992,1.583e-06,0.07756104,1.084e-06,0.007617737,0.00425691,0.01734655,0.01691222,0.008593569,0.0213453,0.02732662,0.009214152,0.02073747,0.004536576,0.002348413
457,101.8003,0.2067792,1.166e-06,0.07806871,1.167e-06,0.008639069,0.00449916,0.01735556,0.01700639,0.009772234,0.02091663,0.01315481,0.008605236,0.02156655,0.004535576,0.002656996
458,102.0071,0.2193023,1.417e-06,0.08184595,1.333e-06,0.007634654,0.005059325,0.02263121,0.01768339,0.01085715,0.02074105,0.01331823,0.01194481,0.02071097,0.004543493,0.002329329
459,102.2264,0.2197626,1.583e-06,0.07759662,1.083e-06,0.00845982,0.004172243,0.01738805,0.01685147,0.008690236,0.02138588,0.02740746,0.009091068,0.02171288,0.004539992,0.002464163
460,102.4462,0.222703,1.75e-06,0.07804012,1e-06,0.008691236,0.004443743,0.01737964,0.01765547,0.01081981,0.02054363,0.0273682,0.009046319,0.02169663,0.004535826,0.00247958
461,102.6689,0.233587,1.334e-06,0.07732879,1e-06,0.009896567,0.02502054,0.03019645,0.009250902,0.008586486,0.02150588,0.01470264,0.009685318,0.02049022,0.004574826,0.002346079
462,102.9025,0.2092091,1.334e-06,0.07737329,9.17e-07,0.008732069,0.004170243,0.01073315,0.01707972,0.008635319,0.02156646,0.02337313,0.008908652,0.02063088,0.004667909,0.003335995
463,103.1117,0.220933,1.167e-06,0.07789146,9.17e-07,0.007650154,0.004134743,0.01761147,0.0175673,0.01071465,0.02051222,0.02721621,0.009055901,0.02167813,0.004539243,0.002359412
464,103.3326,0.2222317,1.166e-06,0.07799412,9.17e-07,0.007703737,0.00425941,0.01776039,0.01745214,0.01091665,0.02055222,0.02794362,0.009069652,0.02167847,0.004531409,0.00236783
465,103.5549,0.2097343,1.416e-06,0.07635304,1.167e-06,0.007718654,0.005466074,0.02262371,0.01719814,0.008675486,0.02132705,0.01313798,0.008468569,0.02077513,0.004657826,0.003330078
466,103.7646,0.232367,1.583e-06,0.07806987,1.25e-06,0.01068915,0.02501879,0.03116862,0.009325985,0.008596736,0.02149638,0.01184123,0.008470903,0.02077797,0.004544909,0.00236358
467,103.997,0.2105996,1.417e-06,0.07744362,1.25e-06,0.007617321,0.004256077,0.02275296,0.01727831,0.01093748,0.02076463,0.0131249,0.008488903,0.0210403,0.004534742,0.002357663
468,104.2076,0.2236084,1.5e-06,0.07621229,1e-06,0.008176403,0.01652239,0.03638294,0.009340818,0.009007152,0.02057805,0.009718318,0.009243818,0.0214073,0.004661325,0.00235508
469,104.4312,0.2282322,1.5e-06,0.0800017,9.17e-07,0.007917487,0.01666097,0.03643961,0.009650901,0.00847757,0.02151071,0.01017798,0.009910317,0.02058605,0.004545409,0.00235108
470,104.6594,0.2106561,1.25e-06,0.07790087,8.33e-07,0.007704071,0.005460158,0.0224763,0.01700464,0.008594653,0.0210813,0.01332273,0.00863807,0.02133513,0.004768575,0.002367497
471,104.8701,0.2255762,1.5e-06,0.07723571,1.084e-06,0.007951403,0.01666364,0.03651636,0.01090615,0.009196235,0.02050305,0.01009315,0.008885402,0.02060905,0.004663076,0.002350413
472,105.0956,0.2260666,1.5e-06,0.07792346,1e-06,0.007725654,0.01658406,0.03641827,0.009636234,0.009411651,0.02062638,0.01032232,0.008953319,0.02145146,0.00454641,0.002464829
473,105.3217,0.2138759,1.5e-06,0.07711404,1.167e-06,0.008381903,0.004506243,0.02255221,0.01718464,0.01072007,0.02049697,0.01335789,0.01190073,0.02076688,0.004534076,0.00235758
474,105.5356,0.2043157,1.417e-06,0.07632754,1e-06,0.00872507,0.004228576,0.01743522,0.01710772,0.008654569,0.02151088,0.01345506,0.008619986,0.02104472,0.004534742,0.002669163
475,105.7399,0.221999,1.75e-06,0.07788796,1.083e-06,0.008851319,0.004200743,0.0176383,0.01725589,0.01069657,0.02038755,0.02723437,0.01015432,0.02068472,0.004540743,0.002463662
476,105.9619,0.2051699,1.167e-06,0.07707971,1e-06,0.008909319,0.004181243,0.01731572,0.01700389,0.00875407,0.02107155,0.01376806,0.008502236,0.02147288,0.004540159,0.002568913
477,106.1671,0.2091305,1.5e-06,0.07674671,9.17e-07,0.008732319,0.004443493,0.0225208,0.01688472,0.008942736,0.02081413,0.01348164,0.00873532,0.02092688,0.004544243,0.002355079
478,106.3762,0.2246697,1.416e-06,0.07774079,1e-06,0.00790657,0.01661289,0.03637902,0.009703401,0.008963403,0.0205373,0.00978565,0.009449735,0.02044438,0.004768658,0.002375497
479,106.6009,0.2151135,1.333e-06,0.07751313,1e-06,0.00799407,0.01000448,0.02242213,0.01715706,0.008932568,0.02152163,0.01320948,0.008799235,0.0206533,0.004544493,0.002359579
480,106.816,0.2064282,1.416e-06,0.07767071,1.333e-06,0.008627403,0.004714659,0.02251713,0.01704414,0.008679653,0.0209513,0.009188985,0.009345818,0.02071863,0.004651159,0.002315913
481,107.0224,0.2274612,1.333e-06,0.07850112,1.166e-06,0.009590485,0.01646372,0.03641052,0.009338569,0.009523318,0.02050397,0.009669318,0.009024319,0.02143555,0.004542743,0.002455079
482,107.2499,0.2255089,1.334e-06,0.07720929,1.084e-06,0.008669152,0.01635047,0.03633977,0.009242068,0.008596736,0.02149947,0.01035365,0.008816736,0.02154597,0.004539076,0.00234408
483,107.4754,0.2253377,1.083e-06,0.07713254,9.16e-07,0.008043154,0.01651847,0.03648727,0.009671651,0.009487568,0.0205548,0.01017365,0.00985465,0.02044605,0.004652493,0.002313413
484,107.7007,0.2296457,1.5e-06,0.08102837,1.084e-06,0.008977985,0.01607572,0.03636019,0.009698151,0.00855107,0.0214993,0.01022507,0.009794734,0.02057022,0.004541659,0.002320663
485,107.9304,0.2262257,1.334e-06,0.07743637,1.167e-06,0.008741486,0.01635997,0.03640986,0.009581651,0.008615319,0.02153105,0.0102509,0.008887652,0.0215058,0.004539243,0.002363913
486,108.1566,0.2262861,1.667e-06,0.07828312,9.17e-07,0.008734652,0.01636114,0.03645786,0.009641068,0.008667736,0.02153322,0.01012998,0.008857986,0.02071097,0.00454316,0.002362662
487,108.3829,0.2215419,1.25e-06,0.08142412,1e-06,0.008277486,0.009899068,0.02263863,0.01788272,0.009746817,0.02053238,0.01368506,0.008926818,0.0215518,0.004541159,0.002433579
488,108.6044,0.204559,1.583e-06,0.07755771,1.083e-06,0.007581821,0.004506076,0.02246321,0.01675306,0.008680069,0.02101047,0.009090569,0.00840982,0.02135538,0.004645159,0.002502996
489,108.809,0.2244267,1.416e-06,0.07748162,8.33e-07,0.008295486,0.01607956,0.03631152,0.009324652,0.008992568,0.02052872,0.009820651,0.009173985,0.02140338,0.004655992,0.00235633
490,109.0334,0.226438,1.5e-06,0.07622438,1e-06,0.007607904,0.01657231,0.03632052,0.0126724,0.009342318,0.0205063,0.01006348,0.008889986,0.02138422,0.004534409,0.002317247
491,109.2598,0.224679,1.25e-06,0.07716162,1.083e-06,0.007937154,0.01669781,0.03639002,0.009531484,0.008406903,0.02135497,0.009701651,0.009371984,0.02121997,0.004530326,0.002372746
492,109.4845,0.2253924,1.416e-06,0.07752004,1.25e-06,0.008210904,0.01658781,0.03638602,0.009280902,0.009519818,0.02053155,0.009716401,0.009341651,0.02128413,0.00464141,0.002369079
493,109.7099,0.2262133,1.75e-06,0.07800037,1.084e-06,0.00793107,0.01668422,0.03634861,0.009719067,0.009506151,0.0205433,0.01027082,0.008944902,0.02122338,0.004664659,0.002373912
494,109.9361,0.2243669,1.25e-06,0.07769571,1.167e-06,0.007633238,0.01659081,0.03640469,0.009327902,0.009030152,0.02055705,0.00990415,0.009282319,0.02092788,0.004659243,0.002351329
495,110.1605,0.2249236,1.5e-06,0.07753004,1e-06,0.00797532,0.01666506,0.03638744,0.009303484,0.009130736,0.0204783,0.009949484,0.009281318,0.02120613,0.004650159,0.00236358
496,110.3854,0.2261787,1.333e-06,0.07793904,8.33e-07,0.008103821,0.01650581,0.03642811,0.009615818,0.008531402,0.02150205,0.01021965,0.009803234,0.02065947,0.004543243,0.002324913
497,110.6116,0.2243549,1.417e-06,0.07719446,1.167e-06,0.008018987,0.01668006,0.03637919,0.009282068,0.009380485,0.02053097,0.009634401,0.009271068,0.02097638,0.004655492,0.002348746
498,110.8359,0.2241772,1.25e-06,0.07736321,1e-06,0.007995737,0.01667089,0.03641061,0.009307401,0.008802652,0.02053822,0.009926817,0.009668735,0.02047547,0.004655992,0.002359246
499,111.0601,0,0,0,0,0,0,0,0,0,0,0,0,0,0,0

Averages:
0.2221202,1.354358e-06,0.07703873,1.042006e-06,0.01260606,0.01211847,0.02590005,0.01265056,0.00936515,0.02089664,0.01423696,0.009243304,0.02105906,0.004586279,0.002416561
