OpenCV version: 2.4
Usage: 7-SobelDerivatives <input-number> [<samples>]
input-number - is the video device number. Defaults to zero. E.g. for /dev/video2 just use '2' as argument.
samples - number of samples before application ends. Defaults to 1000; zero means infinite.
sample_number,elapsed_time,frame,mat_alloc,read_img,gpumat_alloc,gpu_frame_upload,convert_color,gaussian_blur,sobel,gpu_frame_download,convert_scale,sobel2,gpu_frame_download2,convert_scale2,add_weighted,show_img
0,0,2.10304,7.834e-06,0.006746239,8.33e-07,2.055984,0.004904492,0.009736984,0.008141403,0.00226083,0.002628996,0.006199573,0.001917914,0.002631162,0.000833915,0.001046332
1,2.10304,0.1081248,1.084e-06,0.007674904,9.17e-07,0.01581856,0.002730996,0.01563647,0.0522385,0.00191958,0.002846745,0.003149578,0.002320163,0.002799746,0.000596582,0.000390999
2,2.211165,0.02976312,1.834e-06,0.006848655,8.33e-07,0.001141165,0.001141582,0.002889495,0.002931662,0.001843664,0.002423662,0.003332412,0.00391516,0.002378496,0.000574916,0.000339583
3,2.240928,0.0398736,1.417e-06,0.006651406,1e-06,0.001559997,0.001264331,0.005567075,0.008579652,0.001878997,0.002393996,0.003849661,0.004867492,0.002349579,0.000583999,0.000325
4,2.280802,0.04571293,1.25e-06,0.006419989,8.34e-07,0.001119998,0.00209508,0.005009242,0.009112735,0.00200933,0.002373163,0.005307741,0.008988152,0.00234483,0.000589499,0.000341082
5,2.326515,0.03398011,1.666e-06,0.006636073,1.083e-06,0.001427914,0.00218708,0.004609743,0.004288159,0.001683498,0.002512329,0.005555324,0.001772581,0.002353746,0.000574416,0.000376499
6,2.360495,0.03251353,1.417e-06,0.01025465,9.17e-07,0.001492997,0.001564581,0.003653994,0.003337745,0.001387747,0.00237008,0.003842077,0.001320331,0.002358246,0.000587416,0.000341333
7,2.393008,0.03882602,1.167e-06,0.006244407,7.5e-07,0.001782663,0.002451413,0.009566985,0.005241491,0.001494664,0.002352746,0.00453241,0.001869997,0.002358412,0.000575583,0.000353333
8,2.431834,0.047841,1.5e-06,0.009630984,1.667e-06,0.001623414,0.004238076,0.006089324,0.006350656,0.006520823,0.002360496,0.004304409,0.001395582,0.002361246,0.002609329,0.000353499
9,2.479675,0.05502091,1.25e-06,0.009895817,9.16e-07,0.001307415,0.00230958,0.004463992,0.009059986,0.008751069,0.002351412,0.007775488,0.00583649,0.00234333,0.000586332,0.000337833
10,2.534696,0.04858584,1.25e-06,0.006862572,8.34e-07,0.001156331,0.004084327,0.009643567,0.00404116,0.001458748,0.002368996,0.01404156,0.001440664,0.002548329,0.000574166,0.000363333
11,2.583282,0.04621892,1.416e-06,0.009118069,9.16e-07,0.001651498,0.008763486,0.004485159,0.004159076,0.001431998,0.002435246,0.009290985,0.001559331,0.002356329,0.000590333,0.000375082
12,2.629501,0.03416444,1.25e-06,0.007636571,1.333e-06,0.001460915,0.001914996,0.004511493,0.004046577,0.001488997,0.00235608,0.005859574,0.00160883,0.00234833,0.000590499,0.000338999
13,2.663666,0.02946353,1e-06,0.007482904,9.17e-07,0.001478081,0.001357664,0.003672161,0.003514911,0.001383664,0.00237008,0.003586577,0.001323748,0.002358996,0.000589583,0.000343249
14,2.693129,0.03968619,9.17e-07,0.006702156,1e-06,0.002153163,0.006410239,0.007304572,0.004037577,0.001596164,0.002369329,0.00433341,0.001396248,0.002450912,0.000575499,0.000355
15,2.732815,0.04571843,1.5e-06,0.007371154,8.34e-07,0.001312247,0.008422653,0.00662649,0.007220655,0.001699497,0.002355996,0.005802157,0.001631498,0.002346162,0.000590416,0.000337166
16,2.778534,0.04742384,1.25e-06,0.006299406,1.334e-06,0.001420747,0.003381078,0.0214873,0.003739578,0.001312581,0.002356413,0.002902245,0.001232665,0.002359496,0.000588666,0.000341082
17,2.825957,0.02891904,1.25e-06,0.009406485,1.333e-06,0.001403748,0.000953499,0.002843912,0.002790745,0.001320748,0.002367996,0.003049412,0.001502831,0.002353996,0.000588416,0.000334666
18,2.854877,0.03248578,1.167e-06,0.01019723,1.084e-06,0.001447664,0.001544997,0.003589161,0.003348911,0.001383665,0.002533746,0.003769244,0.001311997,0.002423663,0.000598666,0.000334583
19,2.887362,0.03871294,1.084e-06,0.008854819,9.16e-07,0.002275746,0.005908158,0.004561992,0.00404741,0.001494998,0.002372663,0.004413159,0.001410998,0.002435329,0.000602832,0.000332833
20,2.926075,0.03565461,1.583e-06,0.009427401,1.334e-06,0.001501164,0.00197508,0.005666241,0.004054493,0.001487581,0.002367913,0.004496576,0.001402831,0.002345496,0.000574333,0.000352582
21,2.96173,0.03763461,1.166e-06,0.009324069,1.083e-06,0.001806247,0.002095247,0.004527826,0.006925322,0.001478164,0.002374413,0.004404826,0.001421914,0.00234708,0.000591582,0.000335666
22,2.999364,0.03526744,1.25e-06,0.008973819,1e-06,0.001943497,0.002106663,0.004509159,0.005235492,0.001463831,0.002371162,0.003974161,0.001328497,0.002426163,0.000595666,0.000337083
23,3.034632,0.03119228,1.084e-06,0.00999815,9.17e-07,0.001177664,0.001423665,0.00374866,0.003072495,0.001387081,0.00237308,0.003418494,0.001308165,0.002358163,0.000587165,0.0003375
24,3.065824,0.0409401,1.25e-06,0.0100349,9.17e-07,0.001249664,0.007904821,0.004810159,0.004172409,0.001471415,0.002434912,0.004080077,0.001396414,0.002446163,0.000601166,0.000335833
25,3.106764,0.04007727,1.167e-06,0.00628449,7.5e-07,0.004350993,0.008010987,0.004770742,0.00397741,0.001466998,0.002365829,0.00404866,0.001403415,0.002349246,0.000708165,0.000338416
26,3.146842,0.03473986,1.334e-06,0.01013173,1.417e-06,0.001539497,0.001871247,0.004547743,0.004017077,0.001468914,0.002356746,0.00404516,0.001400915,0.002346329,0.000672916,0.000338833
27,3.181581,0.03389128,1.333e-06,0.009518902,9.16e-07,0.001165165,0.00190158,0.004451993,0.003901327,0.001650831,0.002532746,0.00409291,0.001394247,0.002345497,0.000574165,0.000359666
28,3.215473,0.03761769,1.25e-06,0.009483735,1.166e-06,0.002108663,0.005079076,0.004525742,0.003714661,0.001467164,0.002521413,0.004040826,0.001399915,0.002344579,0.000587999,0.0003415
29,3.25309,0.03104645,1.334e-06,0.009954567,1.083e-06,0.001182332,0.001345581,0.003723744,0.003094995,0.001380497,0.002359413,0.003404495,0.001297248,0.002376329,0.000573499,0.000351333
30,3.284137,0.04059485,1.334e-06,0.006523989,5.83e-07,0.00413766,0.008638653,0.004694659,0.003906327,0.001484998,0.002354079,0.004066493,0.001402415,0.002344829,0.000702499,0.000336333
31,3.324732,0.05514941,9.16e-07,0.01061432,1e-06,0.001366748,0.002534829,0.00451416,0.01147365,0.00182858,0.002422246,0.01290931,0.004016244,0.002453496,0.000679582,0.000334333
32,3.379881,0.0519765,1.417e-06,0.009387401,1.25e-06,0.001947497,0.009914484,0.005025242,0.003716494,0.00166083,0.002364913,0.01239548,0.001518664,0.002421913,0.000573999,0.001046915
33,3.431858,0.06257406,1.25e-06,0.01084482,1.25e-06,0.001752247,0.008872652,0.008850652,0.01127965,0.00147333,0.002371247,0.00596974,0.007812154,0.002356829,0.000641916,0.000346333
34,3.494432,0.03267953,1.667e-06,0.008996068,8.34e-07,0.001133414,0.001920831,0.004632242,0.00396416,0.001474498,0.002437079,0.003533911,0.001322081,0.002342913,0.000586999,0.000332833
35,3.527111,0.03326195,1.25e-06,0.008292986,1.334e-06,0.001420664,0.004813992,0.003717077,0.003045329,0.001403414,0.002544413,0.003424411,0.001320664,0.00234908,0.000589749,0.000337583
36,3.560373,0.04031885,1.166e-06,0.007142155,6.67e-07,0.001277665,0.006223739,0.00624024,0.003893744,0.001475664,0.00235483,0.006992322,0.001431747,0.002348913,0.000594166,0.000341833
37,3.600692,0.0383726,1e-06,0.006290406,7.5e-07,0.00251258,0.001743997,0.01127773,0.00372291,0.001474581,0.002543079,0.004115327,0.001405914,0.002369746,0.0005755,0.000339082
38,3.639065,0.04151227,1.167e-06,0.008223486,9.17e-07,0.001302581,0.00795532,0.004532826,0.003918827,0.001481415,0.002468079,0.006855822,0.001482664,0.002359413,0.000589499,0.00034025
39,3.680577,0.03861044,1.167e-06,0.006774739,7.5e-07,0.00191433,0.001799747,0.01130348,0.003923327,0.001494914,0.002575746,0.004122243,0.001404331,0.002369163,0.000574915,0.000351583
40,3.719187,0.0397061,1.25e-06,0.006440907,9.16e-07,0.001873914,0.001894747,0.0125844,0.003983077,0.001513247,0.002651746,0.004072827,0.001407164,0.002349913,0.000592999,0.000338999
41,3.758893,0.03828919,1.333e-06,0.007121489,1.25e-06,0.001258998,0.008818652,0.004528409,0.003955327,0.001470748,0.002432246,0.004020327,0.001405997,0.00234383,0.000589749,0.000340833
42,3.797183,0.03170561,1.166e-06,0.00657624,5.83e-07,0.001838664,0.002817912,0.004545992,0.00413816,0.001379415,0.002371246,0.003440994,0.001297748,0.002367163,0.000573832,0.0003565
43,3.828888,0.03480861,1.333e-06,0.007190322,1e-06,0.002161913,0.001265915,0.009237068,0.003021578,0.001493498,0.002364579,0.003488828,0.001310915,0.002341162,0.000588916,0.000341583
44,3.863697,0.04005277,1.166e-06,0.007343988,9.17e-07,0.001644497,0.009407902,0.004497909,0.003743827,0.001474831,0.003019662,0.00409916,0.001401998,0.002366996,0.000688165,0.00036175
45,3.90375,0.04622626,1.333e-06,0.006442823,1e-06,0.002151497,0.01023273,0.006862072,0.005982241,0.00168433,0.002374246,0.005582741,0.001633248,0.002349496,0.000587499,0.000340999
46,3.949976,0.03739252,1.166e-06,0.007556905,1.083e-06,0.001257081,0.007740238,0.004545242,0.003785661,0.001466498,0.002368996,0.003988993,0.001412665,0.002347496,0.000588666,0.000331832
47,3.987368,0.03847077,1.333e-06,0.006281906,8.34e-07,0.002530079,0.001757414,0.0113539,0.003955493,0.001470331,0.00238183,0.004038243,0.001405415,0.002366662,0.000576333,0.000350999
48,4.025839,0.0378396,1.25e-06,0.007727654,1e-06,0.001249165,0.00770657,0.00454866,0.003768244,0.001627164,0.002358912,0.004164577,0.001407664,0.00235258,0.000589166,0.000336999
49,4.063679,0.03828502,1.417e-06,0.007616904,1e-06,0.001600497,0.007757071,0.004556409,0.003933494,0.001691831,0.002364329,0.003941494,0.001398664,0.002477246,0.000575499,0.000369166
50,4.101964,0.04195177,1.417e-06,0.006422406,9.17e-07,0.001731164,0.001728997,0.01250431,0.003796327,0.004461326,0.00237108,0.00416616,0.001313914,0.002517163,0.000576082,0.000360499
51,4.143916,0.04215018,1.084e-06,0.006866488,1e-06,0.002203663,0.001265415,0.009118902,0.003036912,0.001383414,0.002972495,0.01037165,0.001328915,0.002358579,0.000757999,0.000483666
52,4.186066,0.03930035,1.25e-06,0.006467656,9.17e-07,0.001123998,0.001962913,0.01277873,0.00393566,0.001482831,0.002400829,0.004114827,0.001627747,0.002366913,0.000594582,0.0004415
53,4.225366,0.04450593,1.167e-06,0.00787007,1.167e-06,0.001412581,0.005805324,0.004613659,0.005272158,0.006949405,0.002354413,0.003592578,0.001305248,0.002361329,0.002615412,0.000351417
54,4.269872,0.04269876,1.417e-06,0.009804068,1.083e-06,0.001423914,0.001341248,0.003804577,0.003115495,0.001381414,0.00235858,0.01448664,0.001453498,0.002357163,0.000588665,0.000580999
55,4.312571,0.05078158,1.667e-06,0.0096639,1.25e-06,0.001256832,0.007270905,0.004670159,0.003751327,0.003283828,0.002382996,0.01114782,0.001422248,0.002355246,0.002785329,0.000788082
56,4.363352,0.04516268,1.333e-06,0.01042123,7.5e-07,0.001204915,0.00190908,0.004553492,0.00422891,0.001478081,0.002455163,0.01420339,0.001415665,0.002363996,0.000573916,0.000352749
57,4.408515,0.04055818,1.25e-06,0.009365485,6.67e-07,0.00183883,0.00820632,0.004629409,0.003942661,0.001490164,0.002365663,0.004031243,0.001408581,0.002350663,0.000589499,0.000337749
58,4.449073,0.03476544,1.084e-06,0.009593067,1.167e-06,0.001865997,0.00191708,0.004526826,0.004123494,0.00148733,0.00237283,0.004166326,0.001417581,0.00236258,0.000573749,0.000356333
59,4.483839,0.03486869,1.583e-06,0.009293068,1.084e-06,0.001715247,0.002548662,0.00453441,0.00389791,0.001458164,0.002609413,0.004029076,0.001475831,0.002371246,0.00057525,0.000357749
60,4.518707,0.03430778,1.166e-06,0.008162737,1.083e-06,0.002460913,0.005062909,0.003679327,0.003074995,0.001388831,0.002362163,0.003439327,0.001380165,0.002359746,0.000576082,0.000358333
61,4.553015,0.03764019,1e-06,0.009454318,1.166e-06,0.002089747,0.004944075,0.004616326,0.003988494,0.001466831,0.002370079,0.00401091,0.001419998,0.002351496,0.000586416,0.000339333
62,4.590655,0.03778235,1e-06,0.007336904,9.17e-07,0.003056412,0.006175406,0.004682493,0.003985327,0.001478914,0.002356246,0.00401616,0.001422498,0.002349496,0.000588666,0.000331916
63,4.628438,0.04503443,1.083e-06,0.009774651,1.167e-06,0.001265831,0.008016237,0.005815824,0.005611991,0.001702914,0.002364746,0.005571407,0.001629664,0.002353663,0.000588249,0.000337
64,4.673472,0.04369701,1.25e-06,0.009241651,1e-06,0.001244998,0.008014737,0.006816489,0.005695991,0.001466081,0.002369246,0.004158243,0.001407498,0.00235483,0.000586082,0.000338916
65,4.717169,0.03719136,1.333e-06,0.009580568,1e-06,0.001520748,0.001896413,0.004618659,0.003892077,0.001476581,0.002370413,0.007143822,0.001408581,0.002371079,0.000575833,0.000334249
66,4.75436,0.03460878,1.25e-06,0.009514484,1.084e-06,0.002092913,0.00186883,0.004648993,0.003923743,0.001474331,0.00238808,0.00400816,0.001410497,0.002348997,0.000588249,0.000339166
67,4.788969,0.0421696,1.417e-06,0.007337571,7.5e-07,0.003062412,0.006156573,0.008983569,0.00392466,0.001477331,0.00236483,0.00415191,0.001419747,0.002375746,0.000573499,0.000339583
68,4.831139,0.03319753,1.5e-06,0.008850402,1.083e-06,0.001148415,0.001925247,0.004701326,0.003932577,0.001484247,0.002371663,0.00411616,0.001381998,0.002351996,0.000588916,0.000341999
69,4.864336,0.03405478,1.084e-06,0.009015985,1.167e-06,0.00173708,0.002769246,0.004508326,0.004051076,0.001475581,0.002385496,0.003510828,0.001304914,0.00236183,0.000574582,0.000357583
70,4.898391,0.03438453,1.083e-06,0.008029654,7.5e-07,0.00237358,0.005283408,0.003642827,0.003024245,0.001382581,0.002479996,0.003452578,0.001395581,0.002378663,0.000585832,0.00035375
71,4.932776,0.03755536,1e-06,0.009354068,1.334e-06,0.001493164,0.002801246,0.007406154,0.003951244,0.001463747,0.002368163,0.004012744,0.001416747,0.002350663,0.000595499,0.000339583
72,4.970331,0.03974677,9.16e-07,0.00654849,8.33e-07,0.003538994,0.008187653,0.004582326,0.00435041,0.001462664,0.002378163,0.004020744,0.001402164,0.002350996,0.000586416,0.000335999
73,5.010078,0.03428769,1.084e-06,0.0102429,1.333e-06,0.001600831,0.001902747,0.004479159,0.004112327,0.00166158,0.002363996,0.003317828,0.001307998,0.002376663,0.000574332,0.000344917
74,5.044365,0.0314537,1.333e-06,0.009791484,1.417e-06,0.001697497,0.001359748,0.003717411,0.003034745,0.001376998,0.002359829,0.003515828,0.001318831,0.002349496,0.000574999,0.000354083
75,5.075819,0.04296401,1.25e-06,0.009166318,1.25e-06,0.001529414,0.007750738,0.004587909,0.00395141,0.001459998,0.002444746,0.007126238,0.001633914,0.00238808,0.000573665,0.000349083
76,5.118783,0.03489586,1.417e-06,0.006592156,1.417e-06,0.001219581,0.001900664,0.00792507,0.004144327,0.001732413,0.002390663,0.003988577,0.001704664,0.002365579,0.000576166,0.000353166
77,5.153679,0.02994895,1.666e-06,0.006478823,8.33e-07,0.001135499,0.00190533,0.004651242,0.003827911,0.001515331,0.002381496,0.003430911,0.001313248,0.002376829,0.000575416,0.000354416
78,5.183628,0.03129578,1.167e-06,0.01030165,8.33e-07,0.001172998,0.001393248,0.003585744,0.003014829,0.001379331,0.002354412,0.003483661,0.001315915,0.002378996,0.000573916,0.000339083
79,5.214924,0.0397146,1.334e-06,0.006496656,9.16e-07,0.001499498,0.001863997,0.01263698,0.003970827,0.001752581,0.002369413,0.00405666,0.001758997,0.002380329,0.000575583,0.000350832
80,5.254638,0.03210886,1.583e-06,0.006706739,1.167e-06,0.001315998,0.001898996,0.004747409,0.004325993,0.001759497,0.00237258,0.00399191,0.001687914,0.002359746,0.000607083,0.000332249
81,5.286747,0.03387678,1.25e-06,0.009502735,7.5e-07,0.001188415,0.00185558,0.004531409,0.003922077,0.001574831,0.002375163,0.004086993,0.001516581,0.002376079,0.000574999,0.000369917
82,5.320624,0.03494886,1.5e-06,0.006570489,1e-06,0.00404966,0.005558158,0.003673744,0.003020411,0.001394915,0.002530496,0.003538661,0.001316248,0.002367912,0.000585833,0.000339833
83,5.355573,0.03758119,1.167e-06,0.01022757,1.166e-06,0.001582081,0.001932747,0.007425238,0.00374466,0.001520998,0.002363413,0.004088493,0.001416748,0.002344413,0.000589499,0.000342999
84,5.393154,0.04100052,1.5e-06,0.009284235,1.083e-06,0.001332331,0.006380073,0.007428655,0.003904077,0.001492497,0.002377247,0.004100576,0.001421248,0.002351579,0.000586999,0.000338417
85,5.434155,0.03362561,1.5e-06,0.009566484,8.34e-07,0.001504747,0.001909247,0.004651409,0.00396141,0.001471331,0.002381163,0.003548911,0.001340998,0.002364829,0.000586583,0.000336166
86,5.46778,0.03440244,1.25e-06,0.009520568,1e-06,0.001446414,0.004657909,0.003629994,0.003045412,0.001378248,0.002654829,0.003461077,0.001317748,0.002361996,0.000587749,0.00033825
87,5.502183,0.04216868,1.416e-06,0.007326572,1.333e-06,0.003050579,0.00617049,0.009041985,0.00392516,0.001613081,0.002388496,0.003962327,0.001406997,0.00236608,0.000574249,0.000339916
88,5.544351,0.04751342,1.167e-06,0.009744067,1e-06,0.001266748,0.009528401,0.006667906,0.005712907,0.001694831,0.002355746,0.005621241,0.001603914,0.00238433,0.000574665,0.0003565
89,5.591865,0.03696144,1.25e-06,0.009570401,1.25e-06,0.001440664,0.004938826,0.004503742,0.003986994,0.001496581,0.002366079,0.003968327,0.001412581,0.002341746,0.000589999,0.000343
90,5.628826,0.03389836,1.5e-06,0.008904235,1.834e-06,0.001930747,0.001907663,0.004496993,0.003944493,0.001623498,0.002361246,0.003908827,0.001379581,0.002492746,0.000606749,0.000338249
91,5.662725,0.03440719,1.5e-06,0.01016932,1.083e-06,0.001534414,0.001879914,0.004497909,0.003914827,0.001479581,0.002364913,0.003863494,0.001405664,0.00236958,0.000573832,0.000351166
92,5.697132,0.03974419,1.083e-06,0.007355155,1.25e-06,0.00364941,0.007399738,0.004638159,0.003983744,0.001501748,0.002374829,0.004040327,0.001412914,0.00235533,0.000688332,0.000342166
93,5.736876,0.04022869,1.334e-06,0.009731734,1.166e-06,0.001284748,0.008020571,0.004514826,0.00392191,0.001482164,0.00236308,0.004113576,0.001401331,0.002452663,0.000599666,0.000339916
94,5.777105,0.03644352,1.167e-06,0.009230568,1.167e-06,0.001291497,0.001931831,0.007454654,0.003775661,0.001492581,0.002358912,0.004086327,0.001393748,0.002372413,0.000711915,0.000341083
95,5.813548,0.03391345,1.083e-06,0.008988652,1.667e-06,0.001457664,0.002610829,0.00450491,0.004145743,0.001506081,0.002627079,0.003468327,0.001307665,0.002368663,0.000573916,0.000351166
96,5.847462,0.03148111,1.583e-06,0.009438818,1.417e-06,0.001563914,0.00187008,0.003645994,0.003020829,0.001420581,0.002365829,0.003482911,0.001386665,0.002354163,0.000588915,0.000339416
97,5.878943,0.03343595,1.417e-06,0.009586901,7.5e-07,0.001233998,0.001391914,0.00465141,0.004015826,0.001477331,0.002378913,0.004012494,0.001412497,0.002355496,0.000584749,0.00033225
98,5.912379,0.03451278,1.25e-06,0.01026473,1.166e-06,0.001223915,0.001903914,0.004486159,0.00391241,0.001504331,0.002363163,0.00415116,0.001422748,0.002347746,0.000574916,0.000355166
99,5.946891,0.03567186,1.167e-06,0.009199402,1.083e-06,0.002576329,0.001849664,0.004649409,0.004362826,0.001691248,0.002385829,0.004077327,0.001596497,0.002357246,0.000575333,0.000348499
100,5.982563,0.03263753,1.583e-06,0.007418155,1e-06,0.001170998,0.001895164,0.004633159,0.004324326,0.00176358,0.002391663,0.00409916,0.001661664,0.002351163,0.000586499,0.000339416
101,6.015201,0.03328728,1.5e-06,0.007308405,1.083e-06,0.001420998,0.002689246,0.004584492,0.00406416,0.002114247,0.002436412,0.003979077,0.001396248,0.002362829,0.000588166,0.000340416
102,6.048488,0.03829369,1.083e-06,0.006551823,1.083e-06,0.004393743,0.005556241,0.003756494,0.003026829,0.001391497,0.00236283,0.006438906,0.001525497,0.00236308,0.000588916,0.000335666
103,6.086782,0.04021794,1.583e-06,0.009752401,1.083e-06,0.001278748,0.008075154,0.004518826,0.003944077,0.001479164,0.002382996,0.00407666,0.001415665,0.002363496,0.000588999,0.000339083
104,6.127,0.03848527,1.167e-06,0.009815901,5.83e-07,0.001340748,0.005826907,0.004654159,0.004187993,0.001492081,0.002351913,0.004128743,0.001403915,0.002353829,0.000593666,0.000333666
105,6.165485,0.03932452,1.5e-06,0.009483652,9.16e-07,0.001469498,0.002044663,0.004541243,0.009224818,0.001476415,0.002367996,0.00400991,0.001418831,0.002356496,0.000589999,0.000338583
106,6.204809,0.03865927,1.25e-06,0.009533484,1.167e-06,0.001323998,0.006719072,0.004642159,0.003765661,0.001484164,0.002354663,0.004052826,0.001401915,0.002344496,0.000697332,0.000337083
107,6.243469,0.03445178,1.167e-06,0.009087402,1.5e-06,0.00194283,0.002055497,0.004683159,0.00406466,0.001467664,0.002368913,0.004003493,0.001496165,0.002356996,0.000587832,0.0003345
108,6.277921,0.03131987,1.5e-06,0.01030532,1e-06,0.001194915,0.001353414,0.003640744,0.003022579,0.001411414,0.002411663,0.003380411,0.001315414,0.00234708,0.000595832,0.000338583
109,6.30924,0.04072402,1.5e-06,0.008666403,9.16e-07,0.002232497,0.008775735,0.004491076,0.003725828,0.001471664,0.002500246,0.00417391,0.001402081,0.002351496,0.000590832,0.000339833
110,6.349964,0.03375078,1.25e-06,0.009529818,1.083e-06,0.001241581,0.001901081,0.004605409,0.003909993,0.001480915,0.002371579,0.004010994,0.001386664,0.002370829,0.000586,0.000353582
111,6.383715,0.03999243,1.166e-06,0.009505235,1.25e-06,0.001473914,0.005126242,0.007426154,0.003781744,0.001478664,0.00235858,0.00402966,0.001403498,0.002465829,0.000600666,0.000339832
112,6.423708,0.03351503,1.167e-06,0.009403068,1.333e-06,0.001199165,0.00186108,0.00452341,0.003991826,0.001479998,0.00235133,0.00400116,0.001384247,0.002397497,0.000573665,0.000346083
113,6.457223,0.04585718,1e-06,0.009819984,1.167e-06,0.001210665,0.007948903,0.006736739,0.005519408,0.001713997,0.00238383,0.005605074,0.001632247,0.002353247,0.000588582,0.000342333
114,6.50308,0.03405253,1.167e-06,0.009172318,1.25e-06,0.001927331,0.00186758,0.004599326,0.003955493,0.001474331,0.002378246,0.003992827,0.001404998,0.002356913,0.000585582,0.000335166
115,6.537132,0.03751369,1.334e-06,0.008938735,1.334e-06,0.002015163,0.005210658,0.004502243,0.004112993,0.001490164,0.002352663,0.004286743,0.001330331,0.002347663,0.000588416,0.000335249
116,6.574646,0.03083962,1.166e-06,0.009670485,1e-06,0.001197498,0.001414747,0.003603411,0.003013579,0.001386664,0.002360996,0.003539994,0.001351998,0.002361663,0.000575749,0.000360666
117,6.605486,0.0379991,1.5e-06,0.009040235,1e-06,0.001288498,0.006544072,0.004650493,0.00391966,0.001474914,0.00235758,0.00403466,0.001405414,0.002358163,0.000585166,0.000337749
118,6.643485,0.03441761,1.167e-06,0.009537068,1.25e-06,0.001856163,0.001898747,0.004572826,0.003860494,0.001474414,0.002373413,0.00403091,0.001418081,0.002359163,0.000574082,0.000459833
119,6.677902,0.03717069,1.166e-06,0.009350652,1.25e-06,0.001838747,0.004939408,0.004511743,0.00389641,0.001625498,0.002354829,0.00395866,0.001412331,0.002352663,0.000586499,0.000340833
120,6.715073,0.04329685,1.417e-06,0.009444818,1.166e-06,0.001257665,0.005070075,0.006582739,0.005784074,0.001926247,0.002377246,0.005928407,0.001644581,0.002356163,0.000575249,0.000346999
121,6.75837,0.05540091,1.25e-06,0.009449235,1e-06,0.001193998,0.01613297,0.009780401,0.00793557,0.001318581,0.002359996,0.002682579,0.001260082,0.002359912,0.000586583,0.000338749
122,6.813771,0.0280552,1.583e-06,0.009173485,1.667e-06,0.001501248,0.000968831,0.002889329,0.002484079,0.001304582,0.002423829,0.002800495,0.001232915,0.002344246,0.000574333,0.000354582
123,6.841826,0.03111445,1.083e-06,0.01013365,9.17e-07,0.001158248,0.001366664,0.003577828,0.003097578,0.001374748,0.002358829,0.003447661,0.001318082,0.002367496,0.000573332,0.000338333
124,6.87294,0.04517559,1.25e-06,0.006749156,8.33e-07,0.002262913,0.005466991,0.01117798,0.006814739,0.001526081,0.002380496,0.004118743,0.001401498,0.00234933,0.000590332,0.00033525
125,6.918116,0.0505165,1.25e-06,0.008771902,8.33e-07,0.002219497,0.009959317,0.009555318,0.005427408,0.001689997,0.002365163,0.005599657,0.001644998,0.002348079,0.000573499,0.000359583
126,6.968633,0.0421601,1.167e-06,0.009407651,1.167e-06,0.001805747,0.004574409,0.006615406,0.008746569,0.001311998,0.002362413,0.002695246,0.001245331,0.00234908,0.000588165,0.00045575
127,7.010793,0.0286327,1.083e-06,0.009401902,8.33e-07,0.001958497,0.000945832,0.002791412,0.002444913,0.001299914,0.00235908,0.002833828,0.001309915,0.002374246,0.000572999,0.00033825
128,7.039425,0.03726802,1.167e-06,0.009570401,9.17e-07,0.001445831,0.004835325,0.003603911,0.005921657,0.001394831,0.002355413,0.003401078,0.001321914,0.00237058,0.000590832,0.000454166
129,7.076693,0.04022369,1.334e-06,0.009680484,6.67e-07,0.001356664,0.007996904,0.004566326,0.003948493,0.001479915,0.002352496,0.003991577,0.001426081,0.002485912,0.000573999,0.000362833
130,7.116917,0.0481325,1.083e-06,0.008895235,1e-06,0.001250415,0.008273487,0.009711484,0.005422574,0.001700248,0.002356579,0.005641158,0.001609664,0.002357912,0.000573833,0.000337833
131,7.16505,0.04262185,1.417e-06,0.009374568,1.166e-06,0.001948831,0.00765132,0.006659156,0.004296743,0.001483915,0.002371829,0.004000244,0.001409331,0.002373996,0.000683415,0.000365916
132,7.207671,0.03362286,1.333e-06,0.008767819,1.417e-06,0.00189908,0.001830914,0.004557993,0.00395691,0.001478581,0.002387579,0.004062077,0.001401331,0.002367163,0.000575749,0.000334916
133,7.241294,0.03434344,1.416e-06,0.01009315,9.16e-07,0.001547164,0.002103414,0.004524159,0.003936744,0.001478331,0.002493996,0.003568494,0.001291248,0.002376162,0.000576166,0.000352083
134,7.275638,0.03499369,1.083e-06,0.008491403,7.5e-07,0.002313996,0.005586491,0.003676828,0.003125744,0.001390332,0.002366079,0.003412411,0.001327998,0.002365663,0.000573249,0.000361666
135,7.310631,0.03694777,1.5e-06,0.008844153,1.5e-06,0.002015496,0.005012326,0.004523909,0.00391891,0.001614831,0.002349913,0.00397191,0.001401248,0.002360246,0.000575499,0.000356333
136,7.347579,0.03469353,1.167e-06,0.009398818,1.5e-06,0.001960913,0.001861914,0.004565993,0.004268159,0.001463831,0.00241958,0.004048576,0.001405415,0.002368079,0.000575499,0.000354083
137,7.382273,0.04218451,1.25e-06,0.007271738,1.25e-06,0.003023495,0.00618149,0.009010652,0.003938577,0.001507665,0.002371912,0.004059577,0.001399998,0.002378496,0.000573916,0.000464499
138,7.424457,0.03463994,1.333e-06,0.01013032,1e-06,0.001302748,0.00189483,0.004519659,0.00396791,0.001475665,0.002463996,0.00420566,0.001406914,0.002345496,0.000586082,0.000338333
139,7.459097,0.03381078,1e-06,0.008978653,1.083e-06,0.002483246,0.00188708,0.004554159,0.003957661,0.00167633,0.002352663,0.003318661,0.001332248,0.002349663,0.000589332,0.000329
140,7.492908,0.03471103,1.5e-06,0.008131153,8.33e-07,0.002244663,0.005801824,0.003605994,0.003012412,0.001374165,0.002402746,0.003393244,0.001332165,0.002364079,0.000587333,0.000458915
141,7.527619,0.0376191,1.083e-06,0.009425652,1.083e-06,0.002184246,0.004970159,0.004531576,0.003990077,0.001472747,0.00236883,0.003964493,0.001424831,0.00235733,0.000587499,0.000339499
142,7.565238,0.03900235,1.167e-06,0.006537573,7.5e-07,0.004032327,0.007270738,0.004611076,0.00406591,0.001464414,0.002380579,0.003963244,0.001397914,0.002363413,0.000573916,0.000339333
143,7.60424,0.03701461,1.166e-06,0.01019798,1.25e-06,0.001488081,0.001911163,0.007375988,0.003966077,0.001496414,0.002358913,0.003625744,0.001307165,0.002370663,0.000573665,0.000340333
144,7.641255,0.03119495,1.167e-06,0.009890901,1e-06,0.001514664,0.001343164,0.003631411,0.003050162,0.001485331,0.002358829,0.003308995,0.001312331,0.002351829,0.000604499,0.000340667
145,7.67245,0.03392353,1.416e-06,0.009407068,5.84e-07,0.001504247,0.00210333,0.004524826,0.003741994,0.001462998,0.002367913,0.004112326,0.001411581,0.002357996,0.000588833,0.000338416
146,7.706374,0.03454744,1.25e-06,0.01016373,1e-06,0.001184082,0.001920413,0.004663493,0.003961243,0.001483831,0.00236083,0.00406791,0.001463331,0.002350079,0.000588166,0.000338083
147,7.740921,0.05005,1.25e-06,0.006308407,8.33e-07,0.004669742,0.009123319,0.009721651,0.005534657,0.001713664,0.002353246,0.005601158,0.001619747,0.002460163,0.000605582,0.000336583
148,7.790971,0.04463976,1.25e-06,0.009694651,8.33e-07,0.001254082,0.009680901,0.006645905,0.004807243,0.001471164,0.002370079,0.004028577,0.001397331,0.002359246,0.000573499,0.000355
149,7.835611,0.04345693,1.25e-06,0.009882818,1e-06,0.001334414,0.007874737,0.007393155,0.003766744,0.001471247,0.00237408,0.004631909,0.001442331,0.002354413,0.000593916,0.000334916
150,7.879068,0.03985993,1.083e-06,0.007358155,8.33e-07,0.003462161,0.007778488,0.004645825,0.003939911,0.001485914,0.002367829,0.00412541,0.001421998,0.002346329,0.000589666,0.000336333
151,7.918928,0.03407345,1.417e-06,0.01012873,1.584e-06,0.001498164,0.001885164,0.004794408,0.003951077,0.001393998,0.002356996,0.003453078,0.001322081,0.00235983,0.000589165,0.00033775
152,7.953001,0.03472203,1.333e-06,0.008145737,9.16e-07,0.002386913,0.005299325,0.00366141,0.003316412,0.001473414,0.002371996,0.003337828,0.001301081,0.00238833,0.000680832,0.000356499
153,7.987723,0.0402306,1.083e-06,0.009692901,1e-06,0.001271248,0.008076904,0.004547159,0.003910827,0.001472497,0.002363247,0.00407666,0.001414164,0.002459913,0.000603499,0.000339499
154,8.027954,0.03348678,1.166e-06,0.009523402,9.16e-07,0.001174832,0.001913247,0.004552325,0.003765328,0.001489247,0.00237408,0.003978077,0.001395164,0.002390413,0.000573332,0.00035525
155,8.06144,0.04336643,1.917e-06,0.007251655,1.167e-06,0.003513744,0.008649152,0.00452141,0.003950577,0.001470081,0.002365662,0.006824739,0.001385081,0.00248983,0.000604165,0.00033725
156,8.104807,0.03442161,1.25e-06,0.009409151,1e-06,0.001889747,0.001870497,0.004794242,0.003973577,0.001469664,0.002370663,0.003985577,0.001376831,0.00235208,0.000586582,0.000340749
157,8.139229,0.04210068,1.167e-06,0.007329738,9.16e-07,0.003044829,0.006181906,0.009006902,0.003908411,0.001459247,0.002380413,0.00409266,0.001395164,0.002386663,0.000576249,0.000336416
158,8.181329,0.03447761,1.334e-06,0.01037782,1.417e-06,0.001174581,0.001906581,0.004506992,0.003937827,0.001475414,0.002373747,0.004019243,0.001430248,0.002346329,0.000589166,0.000336916
159,8.215807,0.03975119,1.334e-06,0.009497401,8.33e-07,0.001260831,0.007629821,0.004583909,0.003993411,0.001469664,0.002384913,0.004122493,0.001501331,0.002370829,0.000576166,0.00035825
160,8.255558,0.03487186,1.5e-06,0.00816707,7.5e-07,0.002172663,0.006049574,0.00358791,0.003035246,0.001482664,0.002358746,0.003428494,0.001311082,0.002362829,0.000573582,0.00033975
161,8.29043,0.03964819,1.167e-06,0.009465068,1.416e-06,0.001271082,0.007748404,0.004546659,0.00390841,0.001484498,0.002354746,0.004086993,0.001403331,0.002451413,0.000588083,0.000336916
162,8.330078,0.03964185,1.25e-06,0.006601406,5.83e-07,0.003527744,0.00824282,0.004514076,0.00412016,0.001628664,0.002381246,0.003946077,0.001406915,0.002344996,0.000586999,0.000338916
163,8.36972,0.03519211,1.084e-06,0.009639317,9.17e-07,0.002175413,0.001902164,0.004476159,0.00409466,0.001484248,0.002354912,0.00433716,0.001448831,0.002365579,0.000575416,0.00033625
164,8.404912,0.03352086,1.417e-06,0.009352568,1e-06,0.001166748,0.001922497,0.004532492,0.003962244,0.001485414,0.002356746,0.004044244,0.001421081,0.002349496,0.000585916,0.000338999
165,8.438433,0.0410591,1.083e-06,0.00632274,8.33e-07,0.004482076,0.009025402,0.004807492,0.003778494,0.001471498,0.002467579,0.004023993,0.001401415,0.002349246,0.000589666,0.000337583
166,8.479492,0.03685911,1.25e-06,0.01005065,1.25e-06,0.001214415,0.001859414,0.004520909,0.006623656,0.001485747,0.002368663,0.004042994,0.001419997,0.002347746,0.000586999,0.000335417
167,8.516351,0.04232385,1.417e-06,0.007360571,9.17e-07,0.003071245,0.006194323,0.009084819,0.003970993,0.001472998,0.002383496,0.00411416,0.001371998,0.002368329,0.000573999,0.000354583
168,8.558675,0.03936577,1.166e-06,0.009657901,1.167e-06,0.001345664,0.00670524,0.004761992,0.004203743,0.001478331,0.002454746,0.004065493,0.001402248,0.00235458,0.000573999,0.000359499
169,8.598041,0.04181427,1.334e-06,0.009541067,1e-06,0.00217383,0.008946902,0.004571409,0.003946244,0.001486081,0.002365329,0.00409941,0.001386748,0.002369496,0.000575416,0.000349999
170,8.639855,0.0334907,1.333e-06,0.008925819,1.083e-06,0.001416164,0.001918914,0.004485576,0.003971327,0.001486831,0.002358246,0.00410591,0.001412581,0.002469746,0.000597999,0.000339166
171,8.673346,0.03124812,1.167e-06,0.01017023,9.17e-07,0.001129248,0.001387665,0.003612744,0.003042661,0.001384665,0.002348079,0.003448828,0.001311831,0.002368246,0.000575416,0.000466416
172,8.704594,0.0332832,1.334e-06,0.008800069,1.25e-06,0.001582497,0.001920664,0.004497576,0.003820327,0.001467414,0.002372496,0.00413416,0.001397165,0.002361162,0.000574166,0.000352916
173,8.737877,0.03488003,1.167e-06,0.0102384,1.167e-06,0.001506247,0.001963997,0.004511076,0.003939077,0.001464164,0.002394913,0.00416566,0.001416498,0.002352829,0.000586666,0.000338166
174,8.772757,0.03895427,1.917e-06,0.006801572,1.75e-06,0.001536748,0.008761069,0.004643242,0.004021577,0.00176433,0.00237683,0.004059493,0.001697248,0.002345746,0.000573499,0.000369249
175,8.811711,0.03557153,1.667e-06,0.006679656,8.33e-07,0.001444165,0.005308241,0.004667826,0.004198076,0.001713581,0.002381663,0.004250159,0.001594664,0.002363913,0.000575249,0.000391833
176,8.847283,0.03568727,1.5e-06,0.008838152,1.167e-06,0.001204998,0.001895664,0.007371488,0.003816993,0.001480748,0.002366996,0.00401966,0.001406581,0.00236308,0.000584916,0.000335332
177,8.88297,0.04172452,1.25e-06,0.007343488,7.5e-07,0.002955496,0.009955067,0.004569742,0.00418216,0.001494831,0.00235733,0.004158576,0.001418915,0.002360329,0.000586499,0.000340083
178,8.924695,0.03728769,1.167e-06,0.009678068,1e-06,0.001851247,0.00188608,0.007375155,0.003937076,0.001474165,0.002370913,0.004026243,0.001406664,0.00235208,0.000585416,0.000342416
179,8.961982,0.04588976,1.084e-06,0.0100989,9.17e-07,0.001258498,0.007847737,0.006627239,0.005431491,0.001686247,0.002385913,0.005640741,0.001629831,0.002352996,0.000584499,0.000343666
180,9.007872,0.04349101,1.166e-06,0.009010319,9.17e-07,0.001287664,0.00824832,0.006621989,0.005484741,0.001674831,0.00235458,0.004110076,0.001393581,0.002359663,0.000575833,0.000367332
181,9.051363,0.03473536,1.584e-06,0.0101849,8.33e-07,0.001523831,0.001851747,0.004558492,0.003755494,0.001611581,0.002514079,0.003969827,0.001452998,0.002376246,0.000573332,0.000360416
182,9.086098,0.03466911,1.167e-06,0.006599322,1.25e-06,0.004074993,0.005421325,0.003706161,0.003012828,0.001392831,0.002417746,0.003444328,0.001314248,0.002349579,0.000588499,0.000344833
183,9.120768,0.03761177,1.417e-06,0.009698151,8.33e-07,0.001986664,0.005097741,0.004573409,0.003749828,0.001471581,0.002364246,0.00397991,0.001397664,0.00237608,0.000574499,0.000339749
184,9.158379,0.0386961,1.25e-06,0.009849067,1.25e-06,0.001388748,0.005811407,0.004568909,0.00434191,0.001473831,0.002373496,0.004087493,0.001395581,0.002350163,0.000587749,0.000465249
185,9.197075,0.04026735,1.583e-06,0.008970735,1.167e-06,0.001942747,0.005305408,0.007489321,0.003932327,0.001486164,0.002363663,0.00397016,0.001405331,0.002363913,0.000575582,0.00045925
186,9.237343,0.03426194,1.916e-06,0.009414235,1.167e-06,0.001948163,0.001859414,0.004550826,0.003930493,0.001500165,0.002361829,0.003966994,0.001443997,0.002345746,0.000589916,0.000347083
187,9.271605,0.03119103,1.167e-06,0.00988015,9.17e-07,0.001375915,0.001395414,0.003578994,0.003023162,0.001384748,0.002508662,0.003432578,0.001319831,0.00235433,0.000594832,0.000340333
188,9.302796,0.03900594,1.25e-06,0.009917067,1.333e-06,0.001322998,0.006744406,0.004561909,0.00395166,0.001480748,0.002354246,0.00400116,0.001399581,0.00233908,0.000575582,0.000354916
189,9.341802,0.03392761,1.167e-06,0.009257818,1.167e-06,0.001712747,0.002309329,0.004565076,0.003971577,0.001477914,0.002468163,0.003548994,0.001333748,0.00235633,0.000588999,0.000334582
190,9.375729,0.03473753,1.25e-06,0.008163487,1.25e-06,0.00218958,0.006003657,0.00360816,0.003014995,0.001383498,0.002401913,0.003347411,0.001311498,0.002376663,0.000592499,0.000341666
191,9.410467,0.03998493,1.083e-06,0.01046282,1.167e-06,0.001271581,0.007323238,0.004511576,0.003774828,0.001471914,0.002428746,0.00402491,0.001428498,0.002354246,0.000587999,0.000342333
192,9.450452,0.03348586,1.333e-06,0.008896819,1e-06,0.001400914,0.001874497,0.004618076,0.00395541,0.001596664,0.00236233,0.00408641,0.001416414,0.00234758,0.000587665,0.00034075
193,9.483938,0.03466919,1e-06,0.009632568,8.33e-07,0.002125746,0.002233913,0.004534326,0.004005661,0.001477247,0.002357913,0.003678994,0.001319581,0.00237558,0.000573749,0.000352082
194,9.518607,0.0313447,1.25e-06,0.009870567,9.17e-07,0.001499497,0.001342498,0.003634661,0.003012912,0.001392914,0.002357996,0.003614328,0.001321498,0.002361246,0.000574166,0.000360249
195,9.549951,0.0408786,1.667e-06,0.007292322,8.33e-07,0.003506161,0.008791736,0.004638575,0.003939494,0.001475248,0.002371912,0.00416716,0.001411081,0.002354663,0.000588833,0.000338916
196,9.59083,0.03900727,1.166e-06,0.007162822,1.083e-06,0.003492328,0.007358571,0.004604493,0.003741494,0.001474497,0.00238633,0.004092243,0.001402498,0.002361663,0.000573749,0.000354332
197,9.629837,0.04065085,1.5e-06,0.007351905,9.16e-07,0.003664661,0.008550403,0.004510826,0.003752577,0.001491164,0.002526913,0.004085076,0.001434248,0.002351413,0.000588499,0.000340749
198,9.670488,0.03891752,1.166e-06,0.009671318,1.167e-06,0.001331331,0.006735989,0.004524659,0.003930494,0.001475747,0.002459996,0.004093244,0.001415831,0.002347079,0.000587749,0.00034175
199,9.709406,0.03682436,1.5e-06,0.009544235,1.167e-06,0.00148308,0.001999497,0.007389905,0.00374591,0.001486165,0.002358162,0.004117827,0.001415248,0.002349496,0.000590416,0.000341749
200,9.74623,0.03724169,1.333e-06,0.009419735,8.33e-07,0.001398331,0.004913159,0.004654409,0.004166743,0.001476664,0.002357413,0.00418991,0.001387914,0.002346663,0.000588916,0.000339666
201,9.783472,0.0392206,1.25e-06,0.009490901,9.17e-07,0.001241164,0.007818738,0.004699992,0.003948244,0.001464997,0.002396496,0.003560578,0.001291831,0.002374746,0.000576249,0.0003545
202,9.822692,0.03491453,1.084e-06,0.006592739,1e-06,0.00405841,0.005446991,0.003676911,0.003341828,0.001388247,0.002361497,0.003443911,0.001321498,0.002354079,0.000584166,0.000342166
203,9.857607,0.03781461,1.334e-06,0.01030982,1.25e-06,0.001524831,0.005125742,0.004484243,0.003729243,0.001484748,0.002364663,0.004104077,0.001403831,0.002348662,0.000588166,0.000344
204,9.895421,0.0388976,1.333e-06,0.009383818,1.5e-06,0.001300748,0.006931656,0.004493742,0.003904827,0.001475915,0.002691412,0.004034743,0.001403081,0.00234933,0.000587082,0.000338416
205,9.934319,0.03709802,1.333e-06,0.009475568,1.333e-06,0.001484998,0.005102575,0.004477993,0.003920827,0.001464914,0.002431996,0.00403441,0.001392665,0.002375162,0.000576166,0.000358083
206,9.971417,0.03464903,1.5e-06,0.01022298,9.17e-07,0.001194998,0.001863163,0.004685243,0.00394866,0.001469248,0.002478579,0.004194993,0.001305081,0.002350996,0.000592499,0.000340167
207,10.00607,0.03645744,1.25e-06,0.006571322,9.17e-07,0.00399716,0.007161488,0.003775078,0.003074995,0.001384331,0.002376413,0.003495494,0.001314498,0.002378079,0.000575749,0.000350666
208,10.04252,0.03436719,1.417e-06,0.009576318,1.083e-06,0.001824247,0.00190308,0.004528576,0.003890327,0.001473581,0.002382496,0.004092327,0.001399414,0.00236858,0.000584916,0.000340832
209,10.07689,0.04522293,1.167e-06,0.009926067,1.166e-06,0.001266582,0.007922903,0.004557743,0.008952652,0.001489581,0.00234908,0.00401791,0.001436247,0.002365413,0.000575666,0.000360749
210,10.12211,0.03380211,1.25e-06,0.008887736,1.166e-06,0.001819581,0.00189908,0.004630909,0.003937744,0.001468414,0.002391913,0.00408066,0.001408414,0.002361413,0.000575332,0.0003385
211,10.15592,0.03965144,1.334e-06,0.009477067,1e-06,0.001290415,0.007769487,0.00461291,0.003752327,0.001469581,0.002436829,0.004035994,0.001414414,0.002350663,0.000697915,0.0003415
212,10.19557,0.03391869,1.25e-06,0.009499984,1.084e-06,0.001250081,0.00189433,0.00456091,0.004062493,0.001483164,0.002355913,0.004100577,0.001435914,0.002346413,0.000587332,0.00033925
213,10.22949,0.03509294,1.333e-06,0.01083332,1.083e-06,0.001505247,0.001888414,0.004516743,0.003966827,0.001467164,0.002378579,0.003920411,0.001331831,0.002358496,0.000587166,0.000336332
214,10.26458,0.03541069,1.334e-06,0.008592986,1.083e-06,0.002198163,0.00609749,0.003651577,0.003024579,0.001404164,0.002363163,0.003482411,0.001305665,0.002369912,0.000575333,0.000342833
215,10.29999,0.03705686,1.834e-06,0.008905152,1.5e-06,0.002024996,0.004901742,0.00450666,0.00401166,0.001478081,0.002435329,0.00409191,0.001417331,0.002348246,0.000575916,0.0003565
216,10.33705,0.03465103,1.167e-06,0.009417818,1e-06,0.00194008,0.001860247,0.004683909,0.00409966,0.001544248,0.002378329,0.00403166,0.001393665,0.002365996,0.000574916,0.000358332
217,10.3717,0.03967177,1.333e-06,0.007350655,9.17e-07,0.003703494,0.008453986,0.004511576,0.00378516,0.001535831,0.00236333,0.003370327,0.001308248,0.00236183,0.000587166,0.000337916
218,10.41137,0.03456494,1.167e-06,0.009526234,1.167e-06,0.001538331,0.004738659,0.003598827,0.003295828,0.001381831,0.002464496,0.003371828,0.001316415,0.002392329,0.000596416,0.000341416
219,10.44593,0.03744052,1.25e-06,0.009671235,1.083e-06,0.001248081,0.005489241,0.004507826,0.003894077,0.001485414,0.00238683,0.00406141,0.001412498,0.002352579,0.000589916,0.000339083
220,10.48337,0.03389094,1.25e-06,0.008871485,7.5e-07,0.001816414,0.00207733,0.004540659,0.003934911,0.001475497,0.002352496,0.004009161,0.001393747,0.00238033,0.000575332,0.000461583
221,10.51727,0.03431353,1.25e-06,0.009446235,1.166e-06,0.002258413,0.001865497,0.004543243,0.00404341,0.001560581,0.002354413,0.003629744,0.001332081,0.002350913,0.000587666,0.000338916
222,10.55158,0.03447811,1.5e-06,0.008122154,1.333e-06,0.002467329,0.005355242,0.003619827,0.003035745,0.001382164,0.002481496,0.003359995,0.001313665,0.002420496,0.000573832,0.000343333
223,10.58606,0.03794094,1.167e-06,0.009584568,1.75e-06,0.002139413,0.005069325,0.004530243,0.00393491,0.001464164,0.002440163,0.004074493,0.001399498,0.002368996,0.000574666,0.000357583
224,10.624,0.03794694,1.166e-06,0.009818484,7.5e-07,0.001345165,0.005877907,0.004579159,0.003753994,0.001481164,0.00235158,0.00406016,0.001386664,0.002358746,0.000576999,0.000355
225,10.66195,0.03705952,1.25e-06,0.008909235,1e-06,0.002001164,0.005006408,0.004571743,0.003926827,0.001481247,0.002354246,0.004084494,0.001418581,0.002368329,0.000573666,0.000361333
226,10.699,0.03433903,1.333e-06,0.009412985,1.333e-06,0.001919914,0.001871664,0.004585659,0.00398666,0.001471248,0.002366579,0.004036494,0.001421081,0.002345412,0.000588749,0.000329917
227,10.73334,0.03648411,1.25e-06,0.006554573,9.16e-07,0.003640328,0.00775632,0.003637328,0.003136078,0.001391248,0.002359996,0.003399828,0.001325831,0.002349163,0.000590665,0.000340583
228,10.76983,0.0395516,1.334e-06,0.009819901,1.083e-06,0.001460581,0.006522156,0.004501993,0.004552742,0.001507414,0.002359496,0.004095994,0.001451664,0.002348163,0.000587416,0.000341666
229,10.80938,0.04028868,1.25e-06,0.009921567,1.084e-06,0.001282414,0.007835404,0.004552576,0.004043494,0.001640997,0.002369079,0.003943661,0.001399331,0.002366579,0.000574333,0.000356916
230,10.84967,0.03383153,1.333e-06,0.008964236,8.33e-07,0.001809664,0.00191133,0.004560493,0.00395216,0.001496831,0.002373579,0.004083994,0.001403331,0.002358163,0.000575915,0.000339666
231,10.8835,0.03770786,1.084e-06,0.0102444,1.083e-06,0.001550081,0.001803163,0.007453655,0.004000743,0.001474831,0.002374247,0.004082243,0.001408998,0.002379662,0.000576083,0.000357583
232,10.92121,0.04068135,1.167e-06,0.006795739,7.5e-07,0.004644575,0.007939237,0.004571076,0.004209327,0.001472081,0.002368913,0.004012243,0.001396248,0.002343246,0.000588832,0.000337916
233,10.96189,0.03442486,1.25e-06,0.01016307,1.166e-06,0.001524831,0.00210783,0.004515326,0.003974994,0.001470914,0.002473413,0.003585327,0.001306498,0.00236883,0.000575499,0.000355916
234,10.99631,0.03141278,1.167e-06,0.009822401,1.416e-06,0.001496748,0.001339914,0.003766161,0.003024745,0.001382164,0.002392247,0.003441411,0.001308998,0.002489245,0.000574083,0.000372083
235,11.02773,0.03702786,1.583e-06,0.009567568,1.166e-06,0.001484915,0.001905747,0.007390238,0.00399891,0.001474081,0.002369829,0.004036577,0.001402914,0.00245983,0.000596915,0.000337583
236,11.06475,0.03467669,1.333e-06,0.01045348,1e-06,0.001180415,0.001913496,0.00458891,0.003996993,0.001482748,0.002370246,0.004009493,0.001404581,0.002351913,0.000587499,0.000334583
237,11.09943,0.05157483,1.25e-06,0.00631624,1e-06,0.004539659,0.01373848,0.006766239,0.005455574,0.001700664,0.002496662,0.005855991,0.001394581,0.002377329,0.000574333,0.000356833
238,11.15101,0.03472653,1e-06,0.01019115,9.16e-07,0.001293248,0.00191408,0.00450941,0.003883243,0.001478248,0.002355163,0.004392826,0.001434831,0.002345496,0.000588916,0.000337999
239,11.18573,0.03759744,1.25e-06,0.01005357,9.16e-07,0.001484915,0.00186983,0.007619154,0.00397416,0.001477748,0.002354496,0.004057744,0.001426747,0.00234908,0.000589915,0.000337917
240,11.22333,0.03373678,1.25e-06,0.008901986,1.167e-06,0.001834413,0.001896414,0.004516993,0.00393791,0.001487997,0.002355247,0.003998576,0.001389831,0.002375163,0.000574166,0.000465666
241,11.25707,0.03086087,8.33e-07,0.009845234,1.083e-06,0.001166998,0.001412248,0.003614411,0.003018995,0.001393248,0.002384412,0.003413495,0.001331414,0.002348663,0.000589416,0.000340416
242,11.28793,0.03974785,1.583e-06,0.006583656,8.33e-07,0.004059911,0.007925737,0.004585909,0.00392941,0.001478164,0.00238183,0.004105577,0.001406664,0.002372663,0.000574749,0.000341166
243,11.32768,0.03444061,1.334e-06,0.01029282,1.083e-06,0.001552165,0.001905163,0.004668076,0.003958493,0.001474331,0.002371413,0.003596661,0.001332581,0.00235433,0.000590749,0.000341416
244,11.36212,0.03063087,1.25e-06,0.009509401,8.34e-07,0.001164998,0.001410997,0.003605411,0.003034829,0.001398581,0.002387662,0.003478161,0.001308665,0.002378746,0.000612166,0.000339166
245,11.39275,0.0414166,1.75e-06,0.006322156,9.17e-07,0.004338909,0.009402818,0.004580743,0.003931494,0.001490414,0.002535996,0.00410941,0.001420331,0.002353246,0.000588499,0.000339916
246,11.43416,0.04448043,1.416e-06,0.009542485,1.167e-06,0.001328497,0.006725239,0.006739156,0.005443158,0.001701497,0.002361163,0.005606324,0.001628914,0.002353413,0.000590832,0.000457166
247,11.47864,0.04447243,1.334e-06,0.009500817,1e-06,0.001354165,0.01006957,0.006947905,0.00394866,0.001487331,0.00236208,0.00411441,0.001387414,0.002367413,0.000574249,0.000356083
248,11.52312,0.03478686,1.416e-06,0.009544402,1.166e-06,0.001941664,0.001869163,0.004591076,0.004197327,0.001469164,0.002455079,0.004035994,0.001406081,0.002359996,0.000576416,0.000337916
249,11.5579,0.03524986,1.417e-06,0.009892151,1.416e-06,0.001423831,0.005427658,0.003586411,0.003086578,0.001484165,0.002370496,0.003362494,0.001308665,0.002367413,0.000574165,0.000363
250,11.59315,0.03939402,1.167e-06,0.006586156,1.166e-06,0.003952827,0.007720738,0.004546659,0.00397441,0.001471664,0.00237358,0.004096826,0.001392332,0.002361329,0.000575666,0.000339499
251,11.63255,0.03447169,1.167e-06,0.009510984,9.17e-07,0.002148496,0.002037247,0.004538326,0.00393341,0.001471831,0.002374996,0.003839994,0.001333248,0.002354413,0.000588249,0.000338416
252,11.66702,0.03456919,1.417e-06,0.008179903,8.33e-07,0.002498913,0.005279158,0.003660994,0.003059495,0.001385915,0.002473912,0.003417995,0.001321331,0.002358913,0.000574332,0.000356083
253,11.70159,0.04043268,1.167e-06,0.009718651,1.083e-06,0.001270331,0.00805632,0.004542243,0.003944994,0.001474914,0.002479329,0.004254327,0.001409247,0.002352246,0.000587916,0.000339916
254,11.74202,0.03852869,1.584e-06,0.009868067,1.083e-06,0.001337748,0.005829407,0.004752493,0.004000243,0.001483998,0.002458079,0.004100993,0.001423165,0.002342163,0.000590665,0.000339
255,11.78055,0.03392561,1.75e-06,0.008983902,8.34e-07,0.00213383,0.001928246,0.004484493,0.003736077,0.001485498,0.002369913,0.004104326,0.001386415,0.002378996,0.000573916,0.000357416
256,11.81447,0.03445803,1.333e-06,0.009478985,1e-06,0.001950497,0.00203883,0.004717742,0.003758827,0.001459498,0.002368996,0.003984493,0.001409831,0.00237483,0.000573916,0.000339249
257,11.84893,0.05403049,1.083e-06,0.006603906,7.5e-07,0.00391991,0.01342173,0.006737073,0.008418069,0.001709498,0.002359829,0.005662074,0.001903497,0.002364246,0.000588166,0.000340666
258,11.90296,0.03520586,1.25e-06,0.01095357,1e-06,0.001213581,0.001874164,0.004523992,0.003998411,0.001496247,0.002356413,0.004089993,0.001428415,0.002346246,0.000586332,0.00033625
259,11.93817,0.04030593,1.333e-06,0.009938067,1.333e-06,0.001245082,0.007900987,0.004591576,0.003980077,0.00147158,0.002379997,0.00406091,0.001439164,0.002368829,0.000573333,0.000353666
260,11.97848,0.03357228,1.5e-06,0.008739069,9.16e-07,0.001871081,0.001861497,0.004631242,0.003744161,0.001497914,0.002371496,0.00404641,0.001526664,0.002355163,0.000584916,0.000340249
261,12.01205,0.03447319,1.167e-06,0.009435068,1e-06,0.001505497,0.002783412,0.004655243,0.003922827,0.001467247,0.00237608,0.003601077,0.001321331,0.002356163,0.000589833,0.000457249
262,12.04652,0.0306842,1.166e-06,0.009446318,1.25e-06,0.001277165,0.001327164,0.003639244,0.003081079,0.001385164,0.002552579,0.003363245,0.001310248,0.002368329,0.000574083,0.000357166
263,12.0772,0.03776019,1.167e-06,0.009774984,1e-06,0.001903163,0.004966159,0.004511909,0.003904911,0.001479331,0.002422829,0.004075993,0.001438665,0.002350412,0.000589916,0.00033975
264,12.11497,0.03986693,1.25e-06,0.008733403,1.166e-06,0.002207247,0.00765882,0.004532243,0.003942994,0.001471497,0.002432496,0.004208243,0.001406498,0.002343913,0.000589166,0.000337999
265,12.15483,0.03471969,1.333e-06,0.008911652,9.17e-07,0.00190983,0.002798912,0.00456741,0.003982243,0.001478581,0.002357913,0.004009327,0.001415414,0.002351246,0.000594083,0.000340832
266,12.18955,0.03422419,1.334e-06,0.009442068,8.33e-07,0.00185408,0.001853497,0.004578326,0.00397641,0.001466248,0.002369913,0.003996743,0.001423498,0.00234433,0.000586665,0.00033025
267,12.22378,0.04601109,1.167e-06,0.007348404,8.34e-07,0.003055828,0.00617849,0.009155485,0.005736908,0.001713247,0.002352829,0.005548075,0.00163533,0.00235508,0.000585915,0.0003435
268,12.26979,0.04209835,1.334e-06,0.009588234,1.083e-06,0.001260415,0.007982904,0.006627072,0.00406641,0.001469415,0.002383079,0.004041077,0.001405748,0.002344579,0.000586832,0.000340167
269,12.31189,0.03398561,1.167e-06,0.009910734,8.33e-07,0.001534831,0.00190883,0.004483409,0.003747994,0.001471498,0.002471329,0.003836411,0.001319331,0.002382996,0.000576166,0.000340082
270,12.34587,0.03503403,1.167e-06,0.006561406,6.66e-07,0.00395741,0.005902658,0.003740077,0.003062911,0.001391582,0.002367246,0.003437327,0.001332498,0.00235208,0.000587082,0.000339916
271,12.3809,0.03774994,1.333e-06,0.009437318,1.084e-06,0.002085746,0.005084909,0.004568659,0.004029577,0.001474247,0.002366163,0.004010077,0.001409164,0.002352663,0.000588916,0.000340083
272,12.41865,0.0380686,1.25e-06,0.007344405,1e-06,0.003069328,0.006198574,0.004571242,0.004036244,0.00162208,0.002369663,0.004175327,0.001399581,0.002353663,0.000586249,0.000339999
273,12.45672,0.03467228,1.25e-06,0.01013607,1.167e-06,0.001511747,0.001953914,0.004514826,0.00373791,0.001472081,0.002468413,0.00426466,0.001330248,0.002355579,0.000586082,0.000338333
274,12.4914,0.03117053,1.083e-06,0.009634651,1.25e-06,0.001434664,0.001405581,0.003736994,0.003112162,0.001375331,0.002360496,0.003373411,0.001306998,0.002474413,0.000613165,0.000340333
275,12.52257,0.03715002,1.417e-06,0.008937486,8.33e-07,0.00196583,0.005135492,0.004591242,0.003743077,0.001487831,0.00237958,0.00408266,0.001402164,0.00236508,0.000692665,0.000364666
276,12.55972,0.0386771,1.25e-06,0.009529734,1.084e-06,0.001331164,0.006712573,0.004618992,0.003739661,0.001465747,0.002386663,0.00409216,0.001406498,0.002351829,0.000701999,0.00033775
277,12.59839,0.03364261,1.5e-06,0.009529151,1e-06,0.001525331,0.002108664,0.004512576,0.00397841,0.001466164,0.002372413,0.003522577,0.001333082,0.002360662,0.000591416,0.000339666
278,12.63204,0.03441553,1.417e-06,0.009586984,9.17e-07,0.001442414,0.004769576,0.003656577,0.003070412,0.001399997,0.002362663,0.003506744,0.001332415,0.002351246,0.000590166,0.000343999
279,12.66645,0.03723744,1.166e-06,0.009439402,9.16e-07,0.001564164,0.005291492,0.004537326,0.00375616,0.001496748,0.002367413,0.004066243,0.001429748,0.002357163,0.000587332,0.000342166
280,12.70369,0.03467944,1.333e-06,0.01025207,8.33e-07,0.001278248,0.001897414,0.004543076,0.004006743,0.001582331,0.002355329,0.004089494,0.001380497,0.002362997,0.000573999,0.000355082
281,12.73837,0.0395121,1.167e-06,0.01026057,7.5e-07,0.001513414,0.001859164,0.004535409,0.008809569,0.001463497,0.00238033,0.003999827,0.001406997,0.002366997,0.000574832,0.000339583
282,12.77788,0.04781825,1.083e-06,0.006496906,7.5e-07,0.001839997,0.00442041,0.01477731,0.005422241,0.001919414,0.002360412,0.005677408,0.001628747,0.002345246,0.000595416,0.000332916
283,12.8257,0.04196893,1.25e-06,0.007994987,8.33e-07,0.001218248,0.01206148,0.007092988,0.002467246,0.001296831,0.00236458,0.002868329,0.001329414,0.00234433,0.000589915,0.0003385
284,12.86767,0.02794246,1.25e-06,0.006722406,1.166e-06,0.001524248,0.000876332,0.005168158,0.002501663,0.001313331,0.002410663,0.002649495,0.001250082,0.002593495,0.000575916,0.00035425
285,12.89561,0.03104978,1.833e-06,0.009221818,7.5e-07,0.001759497,0.001398665,0.003613994,0.003102578,0.001392914,0.002536746,0.003418078,0.001309248,0.002367496,0.000588416,0.000337749
286,12.92666,0.03603019,1.083e-06,0.01093373,1.084e-06,0.001236914,0.00185783,0.004748409,0.003987577,0.001874081,0.002372746,0.00399366,0.001748164,0.002355079,0.000585583,0.000334249
287,12.96269,0.03324536,1.416e-06,0.009536818,1e-06,0.001202248,0.001836497,0.004675576,0.003802577,0.001461331,0.00236583,0.00362241,0.001350248,0.002465163,0.000586332,0.000337916
288,12.99594,0.03171203,1.333e-06,0.009525068,1.083e-06,0.001209331,0.001341582,0.003704577,0.003539161,0.00170683,0.002378746,0.003411412,0.001589914,0.002367829,0.000598999,0.000336166
289,13.02765,0.03510394,1.333e-06,0.007719404,1.167e-06,0.001171081,0.001381248,0.007599071,0.004020993,0.001719998,0.002385746,0.00416816,0.001646414,0.002375412,0.000573749,0.000340167
290,13.06275,0.03192845,2.084e-06,0.006778905,1.334e-06,0.001144331,0.001881247,0.005294158,0.004263243,0.001484581,0.00235258,0.004036243,0.001389915,0.002363496,0.000574665,0.000361667
291,13.09468,0.03474653,1.166e-06,0.01021098,1.25e-06,0.001552247,0.001860581,0.004528576,0.00394816,0.001480497,0.002376913,0.004073244,0.001402164,0.002382079,0.000576166,0.0003525
292,13.12943,0.0334587,1.25e-06,0.009032485,1.167e-06,0.001412998,0.00192183,0.004568492,0.003769994,0.001475331,0.00236108,0.004156576,0.001470415,0.002357579,0.000589666,0.000339833
293,13.16289,0.03589736,1.166e-06,0.009807318,1e-06,0.001303164,0.006167657,0.003645577,0.003108078,0.001386165,0.002371996,0.003429328,0.001356998,0.002384162,0.000573666,0.000361083
294,13.19878,0.04212368,1.25e-06,0.008852235,1.5e-06,0.002319663,0.007058072,0.004541659,0.006804656,0.001479914,0.00238483,0.003993076,0.001401665,0.002363079,0.000574833,0.000347249
295,13.24091,0.04075185,1.416e-06,0.008962569,1.083e-06,0.00198383,0.005183992,0.004545743,0.006966072,0.001481664,0.002349663,0.00405016,0.001405414,0.002883829,0.000600749,0.000335666
296,13.28166,0.03393395,1.25e-06,0.009488151,1.084e-06,0.001164748,0.001925746,0.004532493,0.00417766,0.001607164,0.00235983,0.00399091,0.001396164,0.00236058,0.000589832,0.000338333
297,13.31559,0.0409051,1.25e-06,0.006580739,8.34e-07,0.003479661,0.009543484,0.004588826,0.004028744,0.001473997,0.002388246,0.00399141,0.001409165,0.002351163,0.000691915,0.000375666
298,13.3565,0.03416436,1e-06,0.009723401,1e-06,0.001166582,0.001920746,0.004686659,0.003897244,0.001478248,0.002427496,0.004167743,0.001404498,0.002362079,0.000575916,0.000351749
299,13.39066,0.03763135,1.333e-06,0.009247735,1.083e-06,0.001710498,0.002557329,0.007438571,0.00396516,0.001473581,0.002369663,0.004267243,0.001315748,0.002353329,0.000595166,0.000334916
300,13.42829,0.03453169,1.25e-06,0.00816907,9.17e-07,0.001695664,0.006066407,0.00371691,0.003071079,0.001379414,0.00236183,0.003453161,0.001315248,0.002370579,0.000574166,0.000355999
301,13.46282,0.03748394,1.166e-06,0.009368985,1.083e-06,0.001776498,0.005093991,0.004503076,0.004108327,0.001483664,0.002355413,0.004079327,0.001416914,0.002366246,0.000588416,0.000340833
302,13.50031,0.03990577,1.166e-06,0.006314157,5.83e-07,0.004493243,0.00795907,0.004617659,0.003848244,0.001482331,0.002366579,0.00403016,0.001408415,0.002341163,0.000704415,0.000338583
303,13.54021,0.03538103,1.25e-06,0.01114248,9.17e-07,0.001376831,0.001864331,0.004535826,0.00377841,0.001468664,0.002381163,0.00410366,0.001441998,0.002357413,0.000589832,0.000338249
304,13.5756,0.03418103,1.25e-06,0.009739318,9.17e-07,0.001394247,0.001889081,0.004536909,0.003926077,0.001464164,0.002486246,0.00404691,0.001397165,0.002373912,0.000574999,0.000349833
305,13.60978,0.04618368,1.334e-06,0.008870569,1.083e-06,0.001232498,0.009355401,0.00660874,0.005513241,0.00170483,0.00235408,0.005601991,0.00163883,0.00236908,0.000574332,0.000357666
306,13.65596,0.03439403,1.167e-06,0.0101174,1.25e-06,0.001234831,0.001828331,0.004552576,0.00373866,0.001579414,0.00237558,0.00409666,0.001413414,0.002492663,0.000575916,0.000386166
307,13.69035,0.03809286,1.25e-06,0.009041485,1.084e-06,0.00163508,0.005602241,0.005148408,0.003971744,0.001546414,0.002440329,0.004014077,0.001397748,0.002368079,0.000574749,0.000350167
308,13.72845,0.03381645,1.334e-06,0.009720567,1e-06,0.001166582,0.00192158,0.004549993,0.003925243,0.001468081,0.002368413,0.00401416,0.001405831,0.002352163,0.000584999,0.000336499
309,13.76226,0.04039085,1.083e-06,0.009886317,9.17e-07,0.001278831,0.007903154,0.004692159,0.003952494,0.001484581,0.002369662,0.004124327,0.001420748,0.002349329,0.000589666,0.000337583
310,13.80265,0.03381444,1.75e-06,0.008858402,7.5e-07,0.001830414,0.001901247,0.004552993,0.003759244,0.00160458,0.00237083,0.004187243,0.001401331,0.002418496,0.000573082,0.000354083
311,13.83647,0.03414678,1.25e-06,0.0102229,1.25e-06,0.001519748,0.001875413,0.00463191,0.003745493,0.001467248,0.002371829,0.003586911,0.001331998,0.002349496,0.000590166,0.000451166
312,13.87062,0.03059995,1.167e-06,0.008759402,1e-06,0.001468831,0.001402414,0.003680078,0.003313078,0.001405664,0.002595913,0.003382411,0.001301248,0.002359329,0.000573833,0.000355582
313,13.90122,0.0404881,1.084e-06,0.009999733,1.5e-06,0.001271415,0.007890904,0.004521409,0.003925494,0.001601914,0.002480912,0.004099577,0.001392248,0.002370079,0.000573416,0.000358416
314,13.9417,0.03383703,1.167e-06,0.009184985,8.33e-07,0.001515497,0.001889331,0.004622576,0.00389741,0.001459748,0.002371246,0.00409891,0.001391664,0.002370413,0.000575082,0.000458166
315,13.97554,0.04053068,1.667e-06,0.009535984,1e-06,0.001268998,0.00846357,0.004556242,0.003943077,0.001465164,0.002430413,0.00405416,0.001398831,0.002463996,0.000608833,0.000338749
316,14.01607,0.03421836,1.334e-06,0.01007815,1.083e-06,0.001219582,0.00183658,0.004627076,0.003946743,0.001484998,0.002365829,0.003975827,0.001388331,0.00236533,0.000573999,0.000353499
317,14.05029,0.0308477,1.167e-06,0.009599567,6.3167e-05,0.001343831,0.001369831,0.003597244,0.003062662,0.001492664,0.00236933,0.003351744,0.001313081,0.00236783,0.000574249,0.000341333
318,14.08114,0.03889569,1.25e-06,0.009889317,1.167e-06,0.001332331,0.00658149,0.004602075,0.003721494,0.001470081,0.002410163,0.00404366,0.001419331,0.002375246,0.000710582,0.0003375
319,14.12003,0.03728361,1.25e-06,0.009253235,1.083e-06,0.001753581,0.005007575,0.004530409,0.00410166,0.001472998,0.002354079,0.004116744,0.001411914,0.002352913,0.000587666,0.000338499
320,14.15732,0.0398661,1.25e-06,0.007321905,9.16e-07,0.003474328,0.007654571,0.004735409,0.00397266,0.001492164,0.00236558,0.004038326,0.001416665,0.002342579,0.000709583,0.000340166
321,14.19718,0.03767835,1.083e-06,0.009451318,1.25e-06,0.001867997,0.005018575,0.004640992,0.004078411,0.001476664,0.002368579,0.00406666,0.001425248,0.002354663,0.000588082,0.000338833
322,14.23486,0.03034203,1.5e-06,0.008773569,1.084e-06,0.00149308,0.001403831,0.003618661,0.003082912,0.001495997,0.002540746,0.003341578,0.001310581,0.00235458,0.000585416,0.000338499
323,14.2652,0.03525553,1.25e-06,0.01050665,8.33e-07,0.001423081,0.002035914,0.004690492,0.003978744,0.001475747,0.00235508,0.00406441,0.001426247,0.002356663,0.000593083,0.000347332
324,14.30046,0.03470011,1.583e-06,0.008211653,9.17e-07,0.002402496,0.001915164,0.004653992,0.004292077,0.00177383,0.002381246,0.004073744,0.00170833,0.002347996,0.000587249,0.000349833
325,14.33516,0.03299336,1.75e-06,0.007587571,1e-06,0.001404081,0.001867913,0.004737743,0.004303326,0.001950164,0.002396329,0.003893744,0.00154758,0.002357663,0.000603583,0.000340916
326,14.36815,0.02836262,1.583e-06,0.006840239,7.5e-07,0.001253081,0.001310082,0.003737744,0.003083411,0.001382665,0.002445412,0.003363745,0.001650331,0.002362746,0.000595915,0.000334916
327,14.39651,0.03574086,1.583e-06,0.006701739,9.17e-07,0.001394831,0.005262658,0.004618826,0.005094825,0.001632747,0.002359996,0.00397841,0.001407915,0.002351496,0.000575916,0.000358999
328,14.43226,0.03489053,1.084e-06,0.009565651,1.083e-06,0.001807997,0.001895664,0.004558159,0.004169327,0.001452997,0.002363163,0.004253243,0.001416748,0.002367413,0.000576332,0.000461666
329,14.46715,0.03763869,1.666e-06,0.009326818,8.34e-07,0.00183058,0.005094075,0.004558409,0.004085494,0.001461997,0.002359247,0.00405616,0.001596414,0.002343746,0.000585499,0.000337749
330,14.50478,0.03046795,1.333e-06,0.009471818,1.083e-06,0.001183415,0.001398914,0.003590161,0.003079912,0.001476331,0.002362246,0.003306661,0.001313831,0.002354413,0.000587166,0.000340666
331,14.53525,0.03973277,1.333e-06,0.009639984,1.167e-06,0.001270415,0.007759987,0.004524993,0.003710327,0.001453164,0.002509579,0.003996244,0.001388748,0.002542995,0.000576916,0.000356916
332,14.57499,0.0387881,1.334e-06,0.00816057,9.16e-07,0.00224433,0.007312988,0.004544076,0.003732661,0.001454497,0.002512746,0.004026577,0.001400164,0.002363746,0.000574333,0.000459166
333,14.61377,0.03803811,1.417e-06,0.009724318,1.166e-06,0.002081913,0.005044742,0.004583743,0.004038577,0.001478164,0.002355746,0.004043493,0.001391581,0.00235983,0.000575582,0.000357833
334,14.65181,0.03665194,1.333e-06,0.009256985,1.334e-06,0.001530081,0.001901413,0.007382655,0.00398966,0.001456831,0.002369829,0.004060244,0.001394414,0.00236758,0.000575832,0.000363749
335,14.68846,0.04486668,1.167e-06,0.008909736,1e-06,0.001650164,0.007628654,0.006616989,0.005379908,0.001751664,0.002423246,0.005606324,0.001616247,0.002349163,0.000589916,0.000342499
336,14.73333,0.03412778,1.25e-06,0.01000415,1e-06,0.001205748,0.00190483,0.004507076,0.003844494,0.001472248,0.002368912,0.004059744,0.001451164,0.00237158,0.000575915,0.000359666
337,14.76746,0.04213252,1.25e-06,0.007315405,9.16e-07,0.003105579,0.006162323,0.008992652,0.003793161,0.001458997,0.002537996,0.00407091,0.001398998,0.002361829,0.000575083,0.000357416
338,14.80959,0.03432528,1.416e-06,0.01019073,9.17e-07,0.001252747,0.001910497,0.004592243,0.003772577,0.001475248,0.002352996,0.004093077,0.001385831,0.002365829,0.000574832,0.000356333
339,14.84392,0.03532528,1.417e-06,0.009388818,1.5e-06,0.001317664,0.006057074,0.00367341,0.003081662,0.001384414,0.002369913,0.003447161,0.001322415,0.002366663,0.000575415,0.00033775
340,14.87924,0.03959543,1.5e-06,0.006547572,8.34e-07,0.003483577,0.00822407,0.00452066,0.004190243,0.001473247,0.002355913,0.004115493,0.001403081,0.002350247,0.000588249,0.000340749
341,14.91884,0.03527803,1.25e-06,0.009416568,8.33e-07,0.001469748,0.002934662,0.004649492,0.003981327,0.001550497,0.00242308,0.004248576,0.001324248,0.002348246,0.000575083,0.000354416
342,14.95411,0.03494278,1.167e-06,0.006536989,8.33e-07,0.004235827,0.005223325,0.00371041,0.003274495,0.001380498,0.002367663,0.00359541,0.001316082,0.002366496,0.000574249,0.000359333
343,14.98906,0.0402816,1.083e-06,0.009692484,1.584e-06,0.001272081,0.00811657,0.004581826,0.003931994,0.001469497,0.002488496,0.004042077,0.001410664,0.002350496,0.000585583,0.000337166
344,15.02934,0.03180295,1.167e-06,0.009770901,1.166e-06,0.001579331,0.001391831,0.003725411,0.003391077,0.001404831,0.002423163,0.003399995,0.001305414,0.00247333,0.000575499,0.000359832
345,15.06114,0.04086793,1.25e-06,0.006552156,7.5e-07,0.004238076,0.00856807,0.004650992,0.003925661,0.001608997,0.002366163,0.004153243,0.001405998,0.002451496,0.000603499,0.000341582
346,15.10201,0.03424828,1.25e-06,0.01009282,1.167e-06,0.001179415,0.001849997,0.004508742,0.003940077,0.001460831,0.002502329,0.004016577,0.001398248,0.002369329,0.00057425,0.000353249
347,15.13626,0.03467078,1.167e-06,0.01001832,1.333e-06,0.001479081,0.00192883,0.004551243,0.003963577,0.001473414,0.002353329,0.004303077,0.001308664,0.002356163,0.000589416,0.000343166
348,15.17093,0.03447128,1.334e-06,0.009593401,1.333e-06,0.001442498,0.004820658,0.003611661,0.003194745,0.001390998,0.002358996,0.003444828,0.001324914,0.002358913,0.000588416,0.000338583
349,15.2054,0.03973177,1.334e-06,0.009294651,1.25e-06,0.001233331,0.006842989,0.004586826,0.004303243,0.001855747,0.002406746,0.004150493,0.001663998,0.002348663,0.000702332,0.000340166
350,15.24513,0.03230411,1.916e-06,0.007486155,1.083e-06,0.001224248,0.00188483,0.004591909,0.004032577,0.001720081,0.002385579,0.003992327,0.001692497,0.00235883,0.000575166,0.000356916
351,15.27744,0.04756584,1.5e-06,0.006608489,8.34e-07,0.001209414,0.009680485,0.006651906,0.005454157,0.004902492,0.00243658,0.005599907,0.001719247,0.00236958,0.000574166,0.000357082
352,15.325,0.04137143,9.17e-07,0.009042735,1.25e-06,0.001816247,0.006949239,0.006703989,0.004206243,0.001538831,0.002379413,0.004040577,0.001394081,0.002364829,0.000575499,0.000357583
353,15.36637,0.03824377,1.084e-06,0.01033057,1.167e-06,0.001573414,0.00227908,0.007366988,0.00396091,0.001516247,0.002441246,0.00409366,0.001404998,0.002350496,0.000572583,0.000351332
354,15.40462,0.04809559,1.084e-06,0.009911984,9.16e-07,0.001249248,0.01011623,0.006817405,0.005423492,0.00166658,0.00237683,0.005614907,0.001629414,0.002355246,0.000585666,0.000346583
355,15.45271,0.03730594,1.417e-06,0.008965236,6.66e-07,0.00201783,0.004996909,0.004521159,0.003899244,0.001557997,0.002430413,0.00421216,0.001419914,0.002350496,0.000588416,0.000344083
356,15.49002,0.03467186,1.25e-06,0.009416068,9.17e-07,0.00208983,0.00182583,0.004785743,0.003951243,0.001478581,0.002359496,0.00408491,0.001405748,0.00234458,0.000573582,0.000354083
357,15.52469,0.04674101,1.334e-06,0.009153985,1.333e-06,0.001238248,0.009292235,0.006645572,0.005464908,0.001924414,0.002358246,0.005761157,0.001617081,0.002354246,0.000588749,0.0003395
358,15.57143,0.03892119,1.334e-06,0.00970315,1e-06,0.001334082,0.006681072,0.004627243,0.00387341,0.001468914,0.002362663,0.00405941,0.001410248,0.002351413,0.000706165,0.000341083
359,15.61035,0.03435744,1.5e-06,0.01041498,1.083e-06,0.001487498,0.001899163,0.004488826,0.003923827,0.001470831,0.002514996,0.003551244,0.001306582,0.002380829,0.000574582,0.0003415
360,15.64471,0.03314111,1.167e-06,0.008325486,1.084e-06,0.001467664,0.001728997,0.006592073,0.003299078,0.001373914,0.002348913,0.003410661,0.001310248,0.002370996,0.000574249,0.000336583
361,15.67785,0.03742285,1e-06,0.007518571,7.5e-07,0.001237498,0.007563487,0.004536576,0.003804328,0.001470581,0.002416079,0.00417891,0.001418831,0.002355413,0.000587165,0.000333666
362,15.71527,0.04068243,1.416e-06,0.006591739,8.34e-07,0.001551331,0.00173458,0.01123565,0.006898323,0.001478831,0.002374329,0.004130243,0.001405915,0.002359662,0.000583666,0.000335916
363,15.75596,0.04021768,1.083e-06,0.007788987,1e-06,0.001242582,0.007264238,0.004521743,0.006609822,0.001468664,0.002382247,0.004132993,0.001404331,0.002453579,0.000575666,0.000370749
364,15.79617,0.04119577,1.084e-06,0.006747405,9.17e-07,0.002110163,0.001778664,0.01129315,0.006652989,0.001536164,0.002365247,0.004028326,0.001411498,0.00234733,0.000588415,0.000334416
365,15.83737,0.04186102,1.25e-06,0.00646124,7.5e-07,0.001496997,0.001810497,0.01547114,0.003953077,0.001472247,0.002360413,0.004019244,0.001393914,0.002370246,0.000682249,0.000367749
366,15.87923,0.03862869,1.167e-06,0.007057822,9.16e-07,0.001913997,0.001785997,0.0112749,0.003965327,0.001473498,0.002379329,0.004013827,0.001386248,0.002459329,0.000575749,0.000340583
367,15.91786,0.03475319,1.25e-06,0.007277155,8.34e-07,0.001259914,0.004790409,0.004510576,0.004123577,0.001477664,0.002365246,0.00423641,0.001428081,0.002357829,0.000587999,0.00033625
368,15.95261,0.03599753,1.25e-06,0.007377488,9.17e-07,0.001336331,0.006183824,0.004647909,0.00372716,0.001580748,0.002360746,0.004089993,0.001413581,0.002349913,0.000589082,0.000338583
369,15.98861,0.03978302,1.167e-06,0.006828239,1.167e-06,0.00184208,0.001775747,0.01259131,0.003901743,0.001593665,0.002366662,0.004095494,0.001415914,0.002443246,0.000586832,0.00033975
370,16.02839,0.03750994,1.166e-06,0.006480573,1.083e-06,0.001415332,0.00177858,0.01130948,0.00374891,0.001468331,0.002524163,0.004111076,0.001389581,0.002369663,0.000574499,0.0003375
371,16.0659,0.04015035,1.083e-06,0.006939156,6.66e-07,0.002154413,0.001805498,0.01254873,0.00393641,0.001472165,0.002601745,0.004012077,0.001402081,0.00234733,0.000590332,0.000338666
372,16.10605,0.0394211,1.334e-06,0.006579739,1e-06,0.003253161,0.008438403,0.00453266,0.003768743,0.001566665,0.002549829,0.00404816,0.001402164,0.00235808,0.000586415,0.00033475
373,16.14547,0.03489903,1.25e-06,0.009621234,1e-06,0.002155997,0.00192433,0.004518326,0.003898077,0.001468914,0.002362663,0.00420991,0.001453247,0.002357746,0.000589166,0.000337166
374,16.18037,0.03108787,1.417e-06,0.009761484,9.17e-07,0.001202665,0.001393497,0.003609078,0.003233911,0.001480748,0.002369913,0.003428327,0.001317082,0.002346329,0.000602416,0.000340083
375,16.21146,0.04051735,1.5e-06,0.006579322,9.17e-07,0.004009077,0.008587653,0.004547242,0.003946077,0.001624414,0.002368413,0.004152577,0.001417997,0.002352746,0.000590749,0.000338667
376,16.25198,0.03493928,1.5e-06,0.01028498,1.167e-06,0.001233164,0.001838914,0.004533909,0.004191243,0.001475581,0.00247283,0.004217493,0.001411747,0.00235108,0.000588666,0.000336999
377,16.28692,0.03438403,1.167e-06,0.009714901,1.25e-06,0.001525747,0.001927997,0.004787576,0.00395041,0.001460414,0.002361413,0.00397241,0.001401498,0.002355746,0.000587749,0.000335749
378,16.3213,0.03677419,1.25e-06,0.009607401,1.083e-06,0.001337498,0.001871747,0.004571159,0.006790156,0.001464497,0.00235883,0.004033493,0.001450665,0.002362829,0.000587832,0.00033575
379,16.35808,0.03695236,1.25e-06,0.009570901,1.417e-06,0.001450748,0.004871659,0.004506076,0.003765243,0.001611581,0.002357746,0.004122744,0.001412247,0.002355746,0.000586749,0.00033825
380,16.39503,0.03379969,1.333e-06,0.009553068,1e-06,0.001132748,0.001902747,0.004483826,0.003913911,0.001543664,0.002485412,0.00408116,0.001383498,0.002378413,0.000575999,0.000362916
381,16.42883,0.03495903,1.333e-06,0.01022023,6.66e-07,0.001565165,0.001880413,0.004679493,0.003959243,0.001467998,0.002364246,0.00413566,0.001409914,0.00235208,0.000588249,0.000334332
382,16.46379,0.03647077,1.083e-06,0.009043986,1.166e-06,0.001298415,0.00192133,0.004624993,0.006962238,0.001475165,0.002374162,0.004071244,0.001417747,0.00235658,0.000586832,0.000335833
383,16.50026,0.03503086,1.084e-06,0.01030098,1.25e-06,0.001589664,0.00189983,0.004647493,0.003974576,0.001606831,0.00237083,0.003945493,0.001418331,0.002351163,0.000586666,0.000336666
384,16.53529,0.03406528,1.083e-06,0.009725817,7.5e-07,0.001367665,0.00190033,0.004495076,0.00396541,0.001470248,0.002379496,0.004065244,0.001387581,0.002379579,0.000573999,0.000353
385,16.56935,0.04600976,1.167e-06,0.008943902,1.167e-06,0.001209331,0.008937902,0.006602906,0.005471908,0.001902247,0.002362329,0.005665574,0.001622081,0.002359163,0.000595499,0.000334583
386,16.61536,0.03618594,1.166e-06,0.009556068,1.083e-06,0.001345165,0.003924244,0.004540742,0.003949327,0.001647664,0.002369246,0.003958994,0.001585164,0.002375246,0.000573916,0.000357916
387,16.65155,0.03460786,1.333e-06,0.009404485,1e-06,0.001448164,0.002744746,0.004512743,0.003917243,0.001491164,0.002360747,0.004110743,0.001337331,0.002356496,0.000585749,0.000335916
388,16.68616,0.03511261,1.25e-06,0.006549656,1e-06,0.003285994,0.006717573,0.003702494,0.003051411,0.001388248,0.00235383,0.003398911,0.001376414,0.002356413,0.000590082,0.000339333
389,16.72127,0.03744036,1.167e-06,0.009407901,1.25e-06,0.001617664,0.005299325,0.004512993,0.003883827,0.001482081,0.002360829,0.004056827,0.001414581,0.002364413,0.000592499,0.000444999
390,16.75871,0.0398221,1.5e-06,0.006312573,7.5e-07,0.00436366,0.00791932,0.004752409,0.003812994,0.001473748,0.002368079,0.004018994,0.001387831,0.002365746,0.000711749,0.000332749
391,16.79853,0.03965219,1.084e-06,0.009549568,7.5e-07,0.001270164,0.007731154,0.004590409,0.003826328,0.001477497,0.002358746,0.004022577,0.001397331,0.002483246,0.000574249,0.000369083
392,16.83819,0.03493561,1.417e-06,0.01044515,8.34e-07,0.001182748,0.00190833,0.004525326,0.004148077,0.00166808,0.002365746,0.003990494,0.001391664,0.00237608,0.000574249,0.000357416
393,16.87312,0.0380346,1.25e-06,0.01030923,1e-06,0.001549998,0.005015492,0.004505076,0.003954243,0.001454665,0.002541912,0.00400391,0.001394248,0.002368413,0.000575999,0.000359166
394,16.91116,0.03505836,1.167e-06,0.008585069,7.5e-07,0.002343163,0.005514824,0.003610494,0.003037746,0.001377914,0.002569496,0.003410994,0.001302248,0.002372663,0.000575666,0.000356166
395,16.94621,0.03726444,1.334e-06,0.008916568,1.25e-06,0.001988081,0.005236824,0.004517243,0.003973077,0.001472831,0.002371579,0.004082077,0.001403664,0.002370247,0.000574915,0.00035475
396,16.98348,0.03449269,1.25e-06,0.009444318,1.167e-06,0.002007913,0.001871331,0.004534492,0.004022744,0.001597747,0.002372746,0.003946494,0.001410331,0.002355163,0.000588249,0.000338749
397,17.01797,0.03932119,1.25e-06,0.007343322,9.16e-07,0.003053245,0.006155324,0.006235406,0.003757744,0.001596664,0.002390413,0.004164493,0.001323581,0.00236908,0.000575582,0.000354166
398,17.05729,0.03148695,1.166e-06,0.01028532,1.167e-06,0.001228331,0.001459414,0.003663161,0.003064495,0.001381998,0.002367496,0.003401328,0.001308498,0.002394829,0.000576416,0.000353332
399,17.08878,0.04467834,1.417e-06,0.008968485,8.33e-07,0.001804414,0.009594568,0.007687654,0.003953327,0.001467831,0.002362579,0.004014494,0.001411831,0.002470079,0.000602416,0.000338416
400,17.13346,0.04466818,1.25e-06,0.008902902,1.417e-06,0.001254581,0.004790409,0.009697984,0.005453991,0.001683747,0.00237208,0.005609157,0.001625331,0.00235383,0.000585915,0.000335583
401,17.17813,0.03613011,1.5e-06,0.009395401,9.17e-07,0.00199008,0.007809571,0.003278911,0.002649746,0.001313998,0.002369579,0.002793245,0.001248498,0.00235033,0.000573832,0.0003545
402,17.21426,0.0324897,1.5e-06,0.008083654,6.66e-07,0.002382996,0.004658659,0.002950579,0.002534579,0.001293831,0.002367163,0.003604661,0.001290831,0.002389663,0.000575166,0.000355749
403,17.24675,0.03181362,1.083e-06,0.01065882,9.17e-07,0.001201331,0.001345165,0.003640327,0.003031995,0.001382915,0.002507579,0.003453161,0.001312664,0.00235333,0.000587999,0.000336333
404,17.27856,0.03983002,1.333e-06,0.008678819,9.17e-07,0.00218458,0.007782404,0.004528826,0.003913077,0.001468164,0.002523496,0.004056493,0.001416998,0.002348163,0.000590582,0.000336166
405,17.31839,0.03413511,1.333e-06,0.008975485,8.34e-07,0.00214083,0.001925996,0.004728659,0.003785911,0.001481581,0.002357579,0.004023494,0.001434747,0.00235058,0.000591666,0.000336416
406,17.35252,0.03141587,1.417e-06,0.01027648,9.16e-07,0.001219915,0.001350915,0.003652827,0.003089912,0.001484247,0.002360413,0.003374911,0.001314998,0.002350413,0.000599916,0.000338582
407,17.38394,0.04195843,1.167e-06,0.006568239,6.67e-07,0.00397166,0.009256568,0.004695576,0.004102577,0.001856497,0.002391579,0.004039077,0.001697747,0.00239233,0.000574582,0.000410166
408,17.4259,0.03250461,1.75e-06,0.007033322,1.084e-06,0.001329247,0.002081747,0.004629909,0.004333743,0.001737581,0.002427662,0.003957411,0.001697247,0.002347913,0.000586499,0.000339499
409,17.4584,0.02890979,2.25e-06,0.006745906,9.17e-07,0.001259414,0.001381331,0.003711244,0.003412828,0.001767247,0.002374163,0.003352745,0.001626664,0.002349412,0.000587916,0.00033775
410,17.48731,0.03105453,1.417e-06,0.006806656,5.83e-07,0.001279748,0.001845997,0.004560576,0.003969327,0.001473831,0.002372496,0.00406191,0.001391081,0.002362496,0.000575332,0.000353083
411,17.51837,0.03495761,1.083e-06,0.01020257,1.083e-06,0.001590831,0.00180508,0.004789492,0.003930161,0.001467331,0.002478412,0.003980327,0.001388164,0.002391247,0.000575582,0.000356249
412,17.55333,0.03360836,1.334e-06,0.009046985,1.417e-06,0.00165458,0.001914997,0.004504076,0.003795161,0.001612997,0.002405996,0.003980827,0.001406081,0.002360246,0.000586166,0.000337499
413,17.58693,0.03961068,1.167e-06,0.009761317,1e-06,0.001252498,0.008062903,0.00451591,0.003933993,0.001605914,0.002380163,0.003498661,0.001320748,0.002346996,0.000575583,0.000353832
414,17.62654,0.03199186,1.417e-06,0.01057998,1.5e-06,0.001477415,0.001331831,0.003684577,0.003177412,0.001377414,0.002376996,0.003398245,0.001279081,0.002377246,0.000574249,0.000354499
415,17.65854,0.0409386,1.5e-06,0.007296071,9.17e-07,0.003661577,0.008701486,0.004715326,0.00396166,0.001476998,0.002375663,0.004074326,0.001395748,0.002350663,0.000591665,0.000335
416,17.69947,0.03467519,1.25e-06,0.01030482,8.33e-07,0.001185665,0.001861413,0.00454841,0.004108493,0.001464664,0.002370163,0.00410616,0.001439748,0.002356079,0.000590083,0.000337416
417,17.73415,0.04051477,1.166e-06,0.009636318,8.33e-07,0.001379915,0.008071153,0.004526243,0.004234576,0.001478748,0.00238558,0.004091076,0.001402665,0.002382996,0.000575749,0.000347749
418,17.77466,0.03472336,1.25e-06,0.009577484,1.167e-06,0.002001247,0.001880247,0.004541826,0.003924577,0.001584914,0.002380246,0.004111743,0.001439998,0.002355663,0.000587749,0.000335249
419,17.80939,0.03722094,1.166e-06,0.01003515,1.166e-06,0.001543248,0.001855747,0.004533326,0.00374466,0.001468998,0.002360329,0.006893573,0.001457747,0.002397413,0.000575166,0.000353249
420,17.84661,0.03096995,1.334e-06,0.009437234,1.167e-06,0.001364665,0.001351747,0.003736578,0.003097911,0.001381415,0.002541996,0.003448161,0.001309831,0.002378079,0.000573916,0.000345916
421,17.87758,0.03494619,1.167e-06,0.01037723,9.16e-07,0.001392248,0.001865164,0.004587992,0.003925911,0.00146758,0.002532246,0.004080494,0.001430331,0.002361746,0.000586999,0.000336166
422,17.91252,0.03789327,1.333e-06,0.007337072,1.083e-06,0.003079662,0.006175906,0.004656826,0.003935743,0.001467581,0.002535996,0.004026577,0.001404164,0.002347247,0.000586082,0.000337999
423,17.95042,0.03618644,1.25e-06,0.009774151,1e-06,0.001339081,0.006264656,0.003694911,0.003071578,0.001387498,0.002549996,0.003491911,0.001316331,0.002366413,0.000574082,0.000353583
424,17.9866,0.03820119,1.083e-06,0.009823818,9.16e-07,0.001345915,0.005608157,0.004813659,0.003987827,0.001468998,0.002360329,0.004102744,0.001418414,0.002343496,0.000573332,0.0003525
425,18.02481,0.03406845,1.417e-06,0.008946235,1e-06,0.002017331,0.002112163,0.004514576,0.003944243,0.001606331,0.00236233,0.003958826,0.001326498,0.00234908,0.000574166,0.000354249
426,18.05887,0.03441853,1.25e-06,0.009598318,1.917e-06,0.001432497,0.004671409,0.003607578,0.003047745,0.001372498,0.002373579,0.003699327,0.001335748,0.00234983,0.000589666,0.000337166
427,18.09329,0.04234293,1.25e-06,0.007340488,9.17e-07,0.003058245,0.006171823,0.009035152,0.003921993,0.001479831,0.002588746,0.004049077,0.001403414,0.002365496,0.000574166,0.000352333
428,18.13564,0.04599193,1e-06,0.009605984,1e-06,0.001248998,0.00815357,0.006609323,0.005401991,0.001913914,0.002362746,0.005682157,0.001620831,0.002362079,0.000692916,0.000335416
429,18.18163,0.03956252,1.083e-06,0.009369568,1e-06,0.001255332,0.007742404,0.004623659,0.004003577,0.001478664,0.002367413,0.004033493,0.001391081,0.002372663,0.000576332,0.00034625
430,18.22119,0.0340537,1.417e-06,0.008951902,9.17e-07,0.00188458,0.00190308,0.004491076,0.003908161,0.001720497,0.002364329,0.00410766,0.001439248,0.002356246,0.000586582,0.000338
431,18.25524,0.04638217,1.25e-06,0.009191902,1e-06,0.001211081,0.009211569,0.006648739,0.005537991,0.001674997,0.002374746,0.005617658,0.001640164,0.002346913,0.000584999,0.000339166
432,18.30163,0.03171378,1.75e-06,0.006540323,1.25e-06,0.001841163,0.001906497,0.004514243,0.003917827,0.00181483,0.002390163,0.004100243,0.001387081,0.00236758,0.000575166,0.000355666
433,18.33334,0.04951309,1.083e-06,0.007639321,9.17e-07,0.001212248,0.01110307,0.006608822,0.008407237,0.001678664,0.002373329,0.005577991,0.001614581,0.002360913,0.000575749,0.000359166
434,18.38285,0.03969327,9.17e-07,0.006608655,8.34e-07,0.001254664,0.009460735,0.005748324,0.003935744,0.001484914,0.002489246,0.004023327,0.001405164,0.002352246,0.000587666,0.000340833
435,18.42255,0.03974169,1.417e-06,0.007085822,1e-06,0.001573331,0.001811163,0.01252773,0.004006493,0.001474748,0.002373163,0.004186576,0.001417581,0.002355747,0.000589749,0.000337166
436,18.46229,0.03464828,1.084e-06,0.007017071,1e-06,0.002127747,0.001277081,0.009180235,0.003055995,0.001394165,0.002535329,0.003446161,0.001331998,0.002359829,0.000585416,0.000335166
437,18.49694,0.03980893,1.583e-06,0.006352906,6.67e-07,0.002324496,0.001868081,0.01263956,0.003958911,0.001475831,0.002466496,0.00402941,0.001412831,0.002348746,0.000575332,0.000354083
438,18.53675,0.03484411,1.333e-06,0.009607484,1e-06,0.001846664,0.00199708,0.004567409,0.003961494,0.001607581,0.002370912,0.004182827,0.001399664,0.002370996,0.000574333,0.000355333
439,18.57159,0.0375206,1.166e-06,0.009269735,1.167e-06,0.001723414,0.005235491,0.004558993,0.003945577,0.001543664,0.002427663,0.00411666,0.001405831,0.002365496,0.000585249,0.000340499
440,18.60911,0.03506778,1.416e-06,0.006614656,7.5e-07,0.004062577,0.005701907,0.003676995,0.003282827,0.001414415,0.002411413,0.003292578,0.001318081,0.002364329,0.000586249,0.000339583
441,18.64418,0.03973044,1.166e-06,0.009529068,7.5e-07,0.001258415,0.007783904,0.004581742,0.003946661,0.001477081,0.002369746,0.004099826,0.001405081,0.002350747,0.000586165,0.000340083
442,18.68391,0.03789677,1.25e-06,0.006304323,8.33e-07,0.00410966,0.006179407,0.004646076,0.00392041,0.001464748,0.002364162,0.00409841,0.001524748,0.002355579,0.000587999,0.000339167
443,18.7218,0.04037185,1e-06,0.009724234,1.084e-06,0.001279498,0.008060153,0.004671326,0.003971243,0.001465915,0.002498829,0.004006993,0.001397081,0.00237108,0.000587249,0.000336166
444,18.76218,0.03444578,1.417e-06,0.009205235,8.33e-07,0.001966914,0.001841747,0.004701992,0.00413241,0.001474748,0.002359912,0.00407216,0.001416081,0.00234633,0.000588832,0.000337166
445,18.79662,0.03464903,1.25e-06,0.008971569,1e-06,0.002164663,0.001916413,0.00449291,0.004089993,0.001513498,0.002536079,0.004230576,0.001312832,0.002356746,0.000587082,0.000474416
446,18.83127,0.0337277,1.084e-06,0.009718984,1.25e-06,0.001159915,0.001426331,0.006572489,0.003048995,0.001377581,0.002358913,0.003489244,0.001285582,0.002359162,0.000590833,0.000337333
447,18.865,0.04079752,1.5e-06,0.006589073,8.33e-07,0.00397016,0.009009485,0.004691659,0.003917994,0.001488498,0.002367829,0.00409066,0.001399915,0.002347079,0.000573582,0.00034925
448,18.9058,0.03893935,1.083e-06,0.009673568,1.25e-06,0.001339831,0.006684989,0.004655659,0.003968077,0.001458914,0.002485996,0.003993994,0.001381997,0.002366913,0.000574083,0.000352999
449,18.94474,0.03723761,1.167e-06,0.009257985,1.083e-06,0.00169383,0.005267742,0.004518659,0.003965827,0.001472998,0.002359412,0.003998244,0.001408164,0.00236808,0.000588082,0.000336333
450,18.98197,0.03291078,1.417e-06,0.00840157,1.166e-06,0.001399082,0.00188608,0.004595909,0.003918494,0.001525497,0.00236683,0.004132743,0.001409664,0.00234258,0.000589499,0.000340249
451,19.01488,0.04642084,1.167e-06,0.007073239,9.16e-07,0.001357415,0.01102857,0.006611739,0.005756324,0.001704498,0.002362246,0.005621991,0.00162283,0.002352246,0.000591916,0.00033575
452,19.06131,0.03126795,1.25e-06,0.006875906,1.417e-06,0.001439831,0.00193683,0.004527659,0.003729411,0.001533081,0.002361412,0.004150827,0.001424581,0.002349413,0.000597582,0.00033875
453,19.09257,0.04000277,1.083e-06,0.007107155,1e-06,0.001841497,0.001770747,0.01266415,0.00391541,0.001530165,0.002365412,0.004113077,0.001420331,0.002349413,0.000588499,0.000334833
454,19.13258,0.03869577,9.16e-07,0.006729656,8.33e-07,0.002187663,0.001792831,0.01129207,0.003927827,0.001455997,0.00253308,0.004036493,0.001436914,0.002373246,0.0005745,0.000353749
455,19.17127,0.04874034,1.334e-06,0.006392239,8.34e-07,0.00212408,0.01017923,0.009824734,0.005503074,0.001691831,0.00236133,0.00563174,0.001610164,0.002372497,0.000682998,0.00036425
456,19.22001,0.03617853,1.417e-06,0.007186905,1.167e-06,0.001314247,0.006206824,0.004697825,0.004187993,0.001458581,0.00237708,0.00405691,0.001405081,0.00235158,0.000585749,0.000347166
457,19.25619,0.03984468,1.167e-06,0.007152988,8.34e-07,0.00159358,0.001778414,0.0126399,0.004045327,0.001470748,0.002362496,0.004008577,0.001405081,0.002355746,0.000690332,0.000339499
458,19.29604,0.03905577,1.083e-06,0.007317905,8.33e-07,0.001310915,0.006183406,0.004636493,0.006906905,0.001470581,0.002371496,0.00407991,0.001399998,0.002347746,0.000690666,0.000337833
459,19.33509,0.04058685,1.417e-06,0.006717656,7.5e-07,0.001917413,0.006165407,0.009112902,0.003981243,0.001477915,0.002370079,0.004033493,0.001392582,0.002363079,0.000681916,0.000370999
460,19.37568,0.03779536,1.25e-06,0.006408323,1e-06,0.001777664,0.00172108,0.01131048,0.00401566,0.001468581,0.002377913,0.003984077,0.001393331,0.002431829,0.000574583,0.000329582
461,19.41347,0.0403371,1.25e-06,0.007480405,1.25e-06,0.001249914,0.007549155,0.004514492,0.006819489,0.001480581,0.002372413,0.004238327,0.001352747,0.002351663,0.000586749,0.000338666
462,19.45381,0.02808079,1.583e-06,0.006897322,8.34e-07,0.001195581,0.001405831,0.003642744,0.003063412,0.001373164,0.002367996,0.003431578,0.001425665,0.002350579,0.000573499,0.000351
463,19.48189,0.03760561,1.416e-06,0.007633405,7.5e-07,0.001241581,0.007582738,0.004614159,0.003965327,0.001461914,0.002364996,0.004039743,0.001403748,0.00237258,0.000573249,0.000349999
464,19.5195,0.03531969,9.16e-07,0.007160489,1e-06,0.001414747,0.005126909,0.004497659,0.003752994,0.001605997,0.00235983,0.004689075,0.001411998,0.002368246,0.000587499,0.000342333
465,19.55482,0.05128467,1.75e-06,0.006305156,5.84e-07,0.002296496,0.002947662,0.02106388,0.005449241,0.001707081,0.002361663,0.004429743,0.001395497,0.00240208,0.000586165,0.000337667
466,19.6061,0.03920269,1.167e-06,0.006966905,1.25e-06,0.002504829,0.008606653,0.004585243,0.003743577,0.001456081,0.002607079,0.00403166,0.001397581,0.002366996,0.000573749,0.000359916
467,19.6453,0.03918727,1.25e-06,0.006543489,1e-06,0.001636414,0.00173933,0.01253606,0.003929661,0.001483747,0.002599829,0.004027577,0.001408414,0.002354997,0.000590165,0.000335333
468,19.68449,0.03584744,1.25e-06,0.007652905,8.33e-07,0.001360748,0.005710574,0.004585826,0.003939493,0.001457248,0.002376579,0.00404841,0.001401498,0.002381663,0.000574166,0.000356249
469,19.72034,0.04005002,1.417e-06,0.006819905,1.334e-06,0.00208658,0.001771414,0.01260465,0.003941493,0.001454831,0.00239358,0.00413866,0.00153833,0.00236683,0.000574666,0.000356332
470,19.76039,0.03769444,1.083e-06,0.006441157,7.5e-07,0.00161333,0.001746997,0.01127056,0.003975077,0.001468248,0.002486079,0.00402666,0.001383581,0.00236708,0.000575499,0.000338333
471,19.79808,0.03991835,1.083e-06,0.006916406,1e-06,0.002084663,0.001797164,0.01262623,0.003736244,0.001463831,0.002394746,0.004084244,0.001515997,0.002369246,0.000573583,0.000353916
472,19.838,0.03878527,1.417e-06,0.007223488,8.33e-07,0.001421248,0.00183008,0.01145532,0.00420391,0.001464581,0.002476496,0.004019577,0.001388664,0.002368746,0.000574166,0.000356749
473,19.87679,0.03991219,1.25e-06,0.007346988,7.5e-07,0.001233581,0.00188508,0.01286748,0.003989827,0.001465331,0.002474829,0.003978661,0.001381164,0.002353913,0.000595749,0.000337583
474,19.9167,0.03817244,1e-06,0.006738989,1.25e-06,0.001629414,0.001745831,0.01127906,0.00410266,0.001458914,0.002379663,0.004109743,0.001403915,0.002387579,0.000574833,0.000359582
475,19.95487,0.03940452,1.333e-06,0.006472157,9.16e-07,0.001774831,0.001738997,0.0127254,0.003786077,0.001496831,0.002476246,0.004225826,0.001427748,0.002349829,0.000586833,0.000341499
476,19.99428,0.03827752,1e-06,0.006997072,1.417e-06,0.00165458,0.001737664,0.0112914,0.003966577,0.001463748,0.002476496,0.004005493,0.001402665,0.002370163,0.000572082,0.000337166
477,20.03255,0.0399951,1.25e-06,0.007295905,8.33e-07,0.001523665,0.00182058,0.01261256,0.004034243,0.001473831,0.002492663,0.004050326,0.001403498,0.002360163,0.000587166,0.000338416
478,20.07255,0.03816477,1.083e-06,0.007085572,8.33e-07,0.001474831,0.001784247,0.01130131,0.003827994,0.001466331,0.002487413,0.00404566,0.001405914,0.002369996,0.000574166,0.000339416
479,20.11071,0.04000969,1.417e-06,0.006835406,7.5e-07,0.002095496,0.001771747,0.0126869,0.003986161,0.001463081,0.002391829,0.004078827,0.001403831,0.002371663,0.000572915,0.000349666
480,20.15072,0.03888335,1e-06,0.006463323,1e-06,0.00174758,0.001740997,0.01128765,0.004982992,0.001470998,0.002486329,0.003996994,0.001403247,0.002366997,0.000574415,0.000359833
481,20.18961,0.0375706,1.166e-06,0.007594738,1e-06,0.001288498,0.007405155,0.004507826,0.003960826,0.001609748,0.002370913,0.00415166,0.001402081,0.002353329,0.000587249,0.000336416
482,20.22718,0.04315285,1.167e-06,0.006886989,1.167e-06,0.001249164,0.008190737,0.006631739,0.005554241,0.001701997,0.00237608,0.005628991,0.00160358,0.00238558,0.000601832,0.000339583
483,20.27033,0.04031843,1.417e-06,0.007379905,1.083e-06,0.001233165,0.006199073,0.009080152,0.00384816,0.001462915,0.002384579,0.004053993,0.001375081,0.00236383,0.000574582,0.0003605
484,20.31065,0.03891935,1.166e-06,0.006858739,1.083e-06,0.00214858,0.001809581,0.01168765,0.003810494,0.001488748,0.002362579,0.004055493,0.001396415,0.002368413,0.000575415,0.000355
485,20.34957,0.03708311,1.5e-06,0.007049488,9.17e-07,0.001357248,0.004658492,0.004527076,0.006784156,0.001458747,0.002380663,0.004237993,0.001319665,0.002374496,0.000575166,0.000357499
486,20.38665,0.03442019,1.5e-06,0.007273904,1.25e-06,0.001299998,0.007116822,0.003659577,0.003071495,0.001512081,0.002415413,0.003453411,0.001319498,0.002347079,0.000593916,0.00035425
487,20.42107,0.03228911,1.333e-06,0.007657571,1.333e-06,0.001531414,0.001873497,0.004684076,0.003975244,0.00147508,0.00237533,0.004025743,0.001396498,0.002366913,0.000589499,0.000335583
488,20.45336,0.0333057,1.167e-06,0.007012822,1e-06,0.001349664,0.003587495,0.004540492,0.003973827,0.001621331,0.002361329,0.00425441,0.001316414,0.002356663,0.000576499,0.000352583
489,20.48667,0.02960062,1.417e-06,0.007316072,1.083e-06,0.002329413,0.001397164,0.003705994,0.003096078,0.001381498,0.002366913,0.003415244,0.001300498,0.00236633,0.000574416,0.000348499
490,20.51627,0.03145662,1.083e-06,0.00659799,8.33e-07,0.001842414,0.00192383,0.004507076,0.003914077,0.001470414,0.002366579,0.004142577,0.001413081,0.00234658,0.000587999,0.000342082
491,20.54772,0.03913085,1.5e-06,0.007156738,1.084e-06,0.001260998,0.009914317,0.004519076,0.003909743,0.001466831,0.00236183,0.00383916,0.001399331,0.002367497,0.000574915,0.000357833
492,20.58685,0.03136903,1.5e-06,0.006864239,1e-06,0.001371581,0.001902497,0.004641159,0.004013244,0.001481081,0.002358662,0.004039911,0.001393164,0.002380663,0.000574166,0.000346166
493,20.61822,0.04008369,1.333e-06,0.007144739,1.083e-06,0.001977497,0.00179883,0.01252856,0.004073494,0.001472914,0.002368413,0.00402241,0.001392081,0.002379079,0.000574249,0.000349
494,20.65831,0.03873652,1.166e-06,0.006772323,9.16e-07,0.002156914,0.001821913,0.01126473,0.00412616,0.001463081,0.002386496,0.00402291,0.001401664,0.00238483,0.000574916,0.000358499
495,20.69704,0.03417761,1.25e-06,0.007071071,1.25e-06,0.001351082,0.004726408,0.004528493,0.003911327,0.001467331,0.002609246,0.003915827,0.001297498,0.002367662,0.000574583,0.000354583
496,20.73122,0.02921645,1.167e-06,0.007592654,1.25e-06,0.001482164,0.001417832,0.003705243,0.003125412,0.001373498,0.002368079,0.003434661,0.001296665,0.002373996,0.000574499,0.000469333
497,20.76044,0.0419281,1.667e-06,0.007070488,7.5e-07,0.001516748,0.009404401,0.004529909,0.006799489,0.001472331,0.00237258,0.004072076,0.001406581,0.002346497,0.000595415,0.000339166
498,20.80237,0.03655669,1.25e-06,0.008080736,1e-06,0.001422082,0.005780323,0.004518326,0.003943494,0.001609414,0.002377163,0.004143076,0.001392998,0.00237333,0.000573749,0.000339749
499,20.83892,0,0,0,0,0,0,0,0,0,0,0,0,0,0,0

Averages:
0.04167784,1.29869e-06,0.008611279,1.154482e-06,0.005942727,0.004378293,0.005572906,0.004223658,0.001557542,0.002397022,0.004203662,0.001467309,0.002365937,0.000601335,0.0003537211
