OpenCV version: 2.4
Usage: 7-SobelDerivatives <input-number> [<samples>]
input-number - is the video device number. Defaults to zero. E.g. for /dev/video2 just use '2' as argument.
samples - number of samples before application ends. Defaults to 1000; zero means infinite.
sample_number,elapsed_time,frame,mat_alloc,read_img,gpumat_alloc,gpu_frame_upload,convert_color,gaussian_blur,sobel,convert_scale,sobel2,convert_scale2,add_weighted,gpu_frame_download,show_img
0,0,0.02337755,3.917e-06,0.003672577,7.5e-07,0.000812082,0.00239408,0.003898493,0.003359578,0.001959497,0.003334495,0.001863247,0.001076748,0.000539499,0.000462583
1,0.02337755,0.07320938,1.166e-06,0.01141465,1.333e-06,0.000445166,0.0235283,0.003801994,0.03131036,0.000589999,0.000790332,0.000548833,0.000272249,0.000266667,0.000238333
2,0.09658693,0.007394821,1e-06,0.001950663,7.5e-07,0.000465416,0.000653333,0.000868248,0.000796832,0.000555583,0.000785082,0.000565165,0.00030375,0.000271916,0.000177083
3,0.1039817,0.007525487,9.16e-07,0.001866497,6.67e-07,0.000430416,0.000647332,0.000877249,0.000819248,0.000668583,0.000878665,0.000615166,0.000277249,0.000278166,0.000165333
4,0.1115072,0.01284448,7.5e-07,0.00193433,9.17e-07,0.000789165,0.004737993,0.000923748,0.001720747,0.000797332,0.000775499,0.000530082,0.00027925,0.000221083,0.000133583
5,0.1243517,0.01437706,1.167e-06,0.002749912,1.083e-06,0.00048925,0.000673165,0.000911665,0.000815666,0.000565832,0.006455823,0.000770665,0.000543416,0.000253666,0.00014575
6,0.1387288,0.01327923,1.667e-06,0.00200708,5.83e-07,0.000512749,0.000870582,0.005343075,0.001130998,0.000745749,0.001092665,0.000838998,0.000368666,0.000217167,0.000149249
7,0.152008,0.01527423,1.083e-06,0.002667996,8.33e-07,0.000392333,0.000865832,0.001198165,0.001144914,0.000741083,0.001123748,0.004298909,0.002446913,0.000254083,0.000138333
8,0.1672822,0.009504151,1.084e-06,0.002265163,8.33e-07,0.000449166,0.000892998,0.001239582,0.001120581,0.000745166,0.001194081,0.000763832,0.000393999,0.000251833,0.000185833
9,0.1767864,0.008737986,1.25e-06,0.002015914,5.83e-07,0.000438166,0.000865165,0.001188998,0.001058082,0.000703415,0.001080915,0.000681916,0.000366832,0.00020425,0.0001325
10,0.1855244,0.01426114,1.166e-06,0.003129578,1.834e-06,0.000528499,0.005132242,0.001198331,0.001098415,0.000724415,0.001052249,0.000684582,0.000366583,0.000206749,0.0001365
11,0.1997855,0.0117169,1e-06,0.00235683,6.67e-07,0.000458332,0.000762416,0.001061831,0.000963665,0.003911077,0.000905415,0.000613999,0.000309667,0.000234999,0.000137
12,0.2115024,0.007757154,1.167e-06,0.001994497,1.083e-06,0.000391999,0.000750416,0.000989998,0.000912832,0.000595499,0.000877915,0.000595249,0.00031225,0.000215333,0.000118916
13,0.2192596,0.01328706,1.333e-06,0.003607828,8.33e-07,0.00039425,0.004033576,0.001061165,0.000887999,0.000589166,0.000871081,0.000962832,0.000506999,0.000233083,0.000136917
14,0.2325466,0.01442623,1.167e-06,0.004798492,7.5e-07,0.000584916,0.000763832,0.00408066,0.001068915,0.000686582,0.001050331,0.000685166,0.000366249,0.000206,0.000133167
15,0.2469728,0.01494956,1.417e-06,0.00191483,5.83e-07,0.000402333,0.002967828,0.005407325,0.001073832,0.000688582,0.001062831,0.000690333,0.000368332,0.000214,0.000157333
16,0.2619224,0.01436389,1.166e-06,0.002844412,1.084e-06,0.000423166,0.001007081,0.001199832,0.001069665,0.005319241,0.001093415,0.000692582,0.000368083,0.000209999,0.000134167
17,0.2762863,0.009293985,1.416e-06,0.002451913,5.83e-07,0.000389166,0.001014082,0.001203915,0.001070498,0.000691999,0.001059248,0.000691666,0.000373166,0.000228333,0.000118
18,0.2855803,0.008667569,1.666e-06,0.001970081,8.33e-07,0.000378583,0.000871581,0.001195832,0.001074415,0.000695749,0.001060415,0.000701082,0.000372166,0.000217333,0.000127833
19,0.2942479,0.01306581,1.167e-06,0.004914825,8.33e-07,0.000554416,0.002099747,0.001202748,0.001101248,0.000701832,0.001066082,0.000697165,0.000372333,0.000222833,0.000130583
20,0.3073137,0.01572056,1.25e-06,0.002464162,7.5e-07,0.000380666,0.000870832,0.001198165,0.002988912,0.005287325,0.001107581,0.000704082,0.000369,0.000212583,0.000135249
21,0.3230342,0.01378923,1.416e-06,0.001890664,5e-07,0.000349499,0.000864166,0.001182081,0.001228165,0.000693665,0.002937246,0.003913577,0.000368832,0.000225,0.000134416
22,0.3368235,0.009621651,1.084e-06,0.002835662,8.33e-07,0.000374833,0.000869498,0.001188165,0.001121665,0.000693832,0.001060082,0.000691415,0.000373,0.000218499,0.000193083
23,0.3464451,0.01113748,1.583e-06,0.003482661,1.167e-06,0.001211664,0.000796416,0.001198248,0.001214581,0.000708416,0.001063831,0.000702999,0.000380999,0.000214417,0.000160499
24,0.3575826,0.01310498,1.25e-06,0.001911247,6.67e-07,0.000403832,0.003283662,0.003720577,0.000959082,0.000601415,0.000884166,0.000600749,0.000377832,0.000222833,0.000137667
25,0.3706876,0.0112094,1.167e-06,0.002850162,1.083e-06,0.000427249,0.000740083,0.000981248,0.000887832,0.000615332,0.000887249,0.000599082,0.0003125,0.002763078,0.000143334
26,0.381897,0.007962654,1.333e-06,0.002279247,1e-06,0.000398916,0.000733665,0.000974748,0.000883416,0.000587915,0.000870332,0.000591249,0.000308083,0.000213583,0.000119167
27,0.3898596,0.01168423,1e-06,0.004698159,1.166e-06,0.000611249,0.001765164,0.000994832,0.000900665,0.000595916,0.000872248,0.000591166,0.000308416,0.00021125,0.000133
28,0.4015438,0.01601247,1.167e-06,0.003183578,9.17e-07,0.000398416,0.000742165,0.000984499,0.000892915,0.000716499,0.003594577,0.004804742,0.000332667,0.000219583,0.000140749
29,0.4175563,0.008601236,1.167e-06,0.002756412,1e-06,0.000422416,0.000748416,0.001009498,0.000902832,0.000606749,0.000886082,0.000606749,0.000314416,0.000222999,0.0001225
30,0.4261576,0.007749737,9.16e-07,0.00195058,7.5e-07,0.000420083,0.000744082,0.001001165,0.000901582,0.000599833,0.000882331,0.000594583,0.000313666,0.000215583,0.000124583
31,0.4339073,0.01462481,1.083e-06,0.002669996,9.17e-07,0.000352832,0.000749832,0.007207572,0.000913249,0.000595249,0.000875082,0.000599582,0.000307749,0.000218333,0.000133333
32,0.4485321,0.0133894,1.25e-06,0.002436746,7.5e-07,0.000383416,0.000732332,0.000972832,0.000878165,0.000585666,0.000867082,0.000585499,0.002750245,0.003048162,0.00014725
33,0.4619215,0.007596321,1.167e-06,0.001917997,1e-06,0.000390999,0.000733416,0.000973415,0.000887332,0.000593665,0.000873416,0.000588999,0.000308166,0.00020875,0.000117999
34,0.4695178,0.01277648,8.33e-07,0.005300075,1.25e-06,0.000486332,0.00241858,0.000975331,0.000885749,0.000592666,0.000874915,0.000586499,0.000308916,0.000213333,0.000132
35,0.4822943,0.01328723,1.084e-06,0.002506662,9.17e-07,0.000364499,0.000736916,0.000999998,0.000889249,0.000607665,0.003119495,0.003391662,0.000309666,0.000226416,0.000133
36,0.4955815,0.007874487,1.333e-06,0.001912747,5.83e-07,0.00039225,0.000747832,0.000996165,0.000902248,0.000603416,0.001069748,0.000603749,0.0003135,0.000211999,0.000118917
37,0.503456,0.01153857,1.25e-06,0.004957659,1.083e-06,0.000660166,0.001357748,0.000975748,0.000883082,0.000590249,0.000872415,0.000592999,0.00030925,0.000204333,0.000132583
38,0.5149946,0.01282915,1.166e-06,0.00243458,6.66e-07,0.000407416,0.000732416,0.000971082,0.000879165,0.000586749,0.005464491,0.000684165,0.000311667,0.000221583,0.000133999
39,0.5278237,0.007653488,1.25e-06,0.001931414,7.5e-07,0.000422582,0.000730083,0.000971831,0.000882665,0.000604833,0.000868915,0.000602332,0.000311083,0.000207417,0.000118333
40,0.5354772,0.01308098,1.167e-06,0.004989658,1.167e-06,0.000467832,0.002338746,0.000975499,0.001384831,0.000793832,0.000886165,0.000588083,0.000309666,0.000211916,0.000132417
41,0.5485582,0.01271681,1.083e-06,0.002452913,8.33e-07,0.00034525,0.000742665,0.000981915,0.000893415,0.000601416,0.002832579,0.003198578,0.000311083,0.000218749,0.000136334
42,0.561275,0.007679988,1.167e-06,0.001920247,5.83e-07,0.00040625,0.000742582,0.000983581,0.000893082,0.000598833,0.000885415,0.000597999,0.000313249,0.000221,0.000116
43,0.568955,0.01236731,9.16e-07,0.005006492,1.417e-06,0.000533416,0.002250913,0.000977665,0.000886498,0.000593916,0.000881915,0.000593333,0.000309333,0.000200666,0.000130833
44,0.5813223,0.01250123,1.084e-06,0.002443746,6.66e-07,0.00039925,0.000741498,0.001008999,0.000885915,0.000592916,0.002859912,0.002907162,0.000310082,0.000217083,0.000132917
45,0.5938235,0.007600321,1.417e-06,0.001923663,5.84e-07,0.000394499,0.000733499,0.000988915,0.000889082,0.000586999,0.000870165,0.000586832,0.000305917,0.000202249,0.0001165
46,0.6014239,0.01237123,1.083e-06,0.004981992,1.833e-06,0.000602499,0.00214283,0.000978915,0.000884916,0.000600999,0.000936665,0.000596499,0.000309916,0.000203666,0.000129417
47,0.6137951,0.01321381,1.25e-06,0.002496913,6.66e-07,0.00039375,0.000735915,0.000982499,0.000903331,0.000600333,0.005793157,0.000637749,0.000308083,0.000228083,0.000132083
48,0.6270089,0.007785821,1e-06,0.001983913,6.67e-07,0.000434249,0.000753749,0.000986915,0.000902665,0.000598916,0.000880999,0.000599915,0.000314833,0.000212167,0.000115833
49,0.6347947,0.01168223,1.083e-06,0.005060492,7.5e-07,0.000761332,0.001172498,0.001031165,0.000898415,0.000600916,0.000887332,0.000602166,0.000320749,0.00021375,0.000131583
50,0.6464769,0.01647031,1.333e-06,0.002455163,8.33e-07,0.0003795,0.000763665,0.000984332,0.000892332,0.000603415,0.009070069,0.000660915,0.000310167,0.000214833,0.000133749
51,0.6629473,0.01701781,1.416e-06,0.001917664,6.66e-07,0.000405583,0.000661666,0.003159661,0.007712904,0.000697832,0.001055499,0.000683832,0.000373499,0.000211583,0.000136
52,0.6799651,0.01660647,1.083e-06,0.002778746,9.17e-07,0.000445082,0.000657916,0.001197248,0.00830032,0.000727832,0.001060165,0.000686082,0.000392333,0.000226583,0.000132166
53,0.6965715,0.01816939,1.25e-06,0.002452996,7.5e-07,0.000410416,0.000661416,0.001191415,0.001066748,0.000696249,0.01021648,0.000730915,0.000373333,0.000232083,0.000135333
54,0.7147409,0.01586364,1.667e-06,0.00202983,7.5e-07,0.000453916,0.000668665,0.001194832,0.001075998,0.002751995,0.006278407,0.000695832,0.000365999,0.0002095,0.00013625
55,0.7306046,0.0181278,1.083e-06,0.002745829,7.5e-07,0.000406082,0.000666999,0.001184665,0.001058998,0.000689249,0.001059832,0.009556401,0.000400833,0.000225666,0.000131416
56,0.7487324,0.01654922,1.5e-06,0.002452913,9.17e-07,0.000465582,0.000668083,0.001268748,0.001071748,0.000698165,0.003208078,0.005981824,0.000368999,0.000221083,0.000141584
57,0.7652816,0.0172523,1e-06,0.001974496,5.84e-07,0.000418666,0.000680832,0.001195915,0.001068248,0.000696332,0.001064748,0.000702749,0.002386746,0.006926739,0.00013525
58,0.7825339,0.01430331,1.417e-06,0.002764662,7.5e-07,0.000462416,0.000664832,0.001285915,0.001066665,0.000696999,0.001087164,0.000693833,0.000372499,0.005062075,0.000144083
59,0.7968372,0.009087569,9.17e-07,0.002489246,9.16e-07,0.000414,0.000741665,0.001200165,0.001068498,0.000697582,0.001062249,0.000695499,0.000372666,0.000214999,0.000129167
60,0.8059248,0.01540339,1.25e-06,0.00420291,1.416e-06,0.000418583,0.005377325,0.001198498,0.001063665,0.000691082,0.001051415,0.000689999,0.000368666,0.000207499,0.000131083
61,0.8213282,0.01691722,1.083e-06,0.002764746,9.16e-07,0.002599829,0.006135407,0.001193748,0.001077248,0.000697916,0.001049832,0.000684748,0.000367083,0.0002105,0.000134166
62,0.8382454,0.0209408,1.083e-06,0.002610163,9.16e-07,0.000446166,0.002807496,0.00778632,0.001073915,0.003721161,0.001063665,0.000697915,0.000371917,0.000224999,0.000135083
63,0.8591862,0.01469356,1.167e-06,0.004041994,9.16e-07,0.000541916,0.004620826,0.001217165,0.001079914,0.000701833,0.001062415,0.000696498,0.000375416,0.000220167,0.000133333
64,0.8738797,0.02068688,1.166e-06,0.002745829,1e-06,0.000445833,0.000889832,0.01122448,0.001418081,0.000869832,0.001383748,0.000862582,0.000474749,0.000235,0.00013475
65,0.8945666,0.02130288,8.34e-07,0.004624325,1.167e-06,0.000447249,0.006147907,0.001581414,0.001391748,0.000866582,0.001374164,0.004016077,0.000483166,0.000234166,0.000134083
66,0.9158695,0.01897413,1.25e-06,0.00407416,7.5e-07,0.000485665,0.007378488,0.001584831,0.001427998,0.000910498,0.001400915,0.000874582,0.000474499,0.000229166,0.000131333
67,0.9348436,0.01880939,1.25e-06,0.004946075,1.084e-06,0.000513332,0.00640149,0.001581164,0.001404581,0.000878999,0.001372831,0.000866665,0.000474499,0.000226333,0.000141083
68,0.953653,0.01984138,1.25e-06,0.004625659,9.17e-07,0.000442165,0.007639155,0.001610747,0.001507998,0.000885582,0.001395247,0.000874249,0.000482166,0.000233333,0.000142916
69,0.9734944,0.01769139,1.166e-06,0.004083577,1.083e-06,0.000477166,0.00612374,0.001594331,0.001397414,0.000880249,0.001394248,0.000886998,0.000480833,0.0002385,0.000132083
70,0.9911858,0.02051413,1e-06,0.004915742,8.33e-07,0.000449583,0.007962237,0.001577748,0.001397914,0.000872832,0.001372164,0.000872832,0.000478166,0.000479583,0.000133499
71,1.0117,0.01545147,1.5e-06,0.004595659,1.25e-06,0.000615666,0.004597492,0.001196165,0.001069831,0.000690583,0.001254998,0.000701082,0.000371582,0.00022475,0.000130917
72,1.027151,0.01747547,1.75e-06,0.001901914,5.83e-07,0.000433583,0.002814745,0.007959404,0.001137914,0.000739583,0.001059165,0.000694915,0.000371749,0.000226833,0.000133334
73,1.044627,0.01645264,1.416e-06,0.002760662,1e-06,0.000431916,0.000664166,0.008362653,0.001089832,0.000689915,0.001050415,0.000687416,0.000366332,0.000213333,0.000133583
74,1.06108,0.0177133,1.334e-06,0.002441662,8.34e-07,0.000429499,0.000775915,0.001182165,0.003104245,0.007299571,0.001071249,0.000686332,0.000367583,0.000218749,0.000134167
75,1.078793,0.01561714,1.083e-06,0.001962997,5.83e-07,0.000388583,0.000680916,0.001195331,0.002897495,0.006004907,0.001066498,0.000687083,0.000377666,0.000220833,0.000133166
76,1.09441,0.01837172,1e-06,0.002743746,1.083e-06,0.000423249,0.000662416,0.001191331,0.001082582,0.000697499,0.009911984,0.000904748,0.000377916,0.000240416,0.00013375
77,1.112782,0.01640772,1.417e-06,0.002454246,7.5e-07,0.000449332,0.000668916,0.001193914,0.001068165,0.000701583,0.008363403,0.000768832,0.000377082,0.000224667,0.000135416
78,1.129189,0.01438656,1.166e-06,0.00196808,7.5e-07,0.000423916,0.000661749,0.001193082,0.001198998,0.000698999,0.001062831,0.000703166,0.006097656,0.000242333,0.000133834
79,1.143576,0.009518817,1e-06,0.002711078,6.67e-07,0.000410083,0.000649582,0.001183498,0.001191082,0.000686082,0.001047248,0.000685832,0.0003675,0.000465749,0.000119416
80,1.153095,0.01129382,1.166e-06,0.004548076,1.167e-06,0.000517583,0.000719665,0.001201331,0.001059415,0.000800582,0.001052749,0.000683999,0.000367332,0.000209,0.00013175
81,1.164389,0.01747606,1.833e-06,0.001915664,5.83e-07,0.000430166,0.000669915,0.001193248,0.001062665,0.002976662,0.007728238,0.000708915,0.000374833,0.000278999,0.000134334
82,1.181865,0.01696906,1e-06,0.002911162,7.5e-07,0.000442999,0.000662583,0.001199498,0.001071081,0.000703916,0.008502736,0.000735915,0.000374083,0.000227166,0.000136167
83,1.198834,0.01811239,1.25e-06,0.00249358,7.5e-07,0.000597665,0.000664582,0.001219665,0.001067415,0.000696416,0.003181328,0.007343488,0.000369249,0.000226917,0.000250082
84,1.216946,0.01594247,1.084e-06,0.001922246,5.84e-07,0.000417416,0.000644499,0.001185914,0.001156332,0.000699249,0.003094745,0.006073157,0.000371666,0.000243249,0.000132333
85,1.232889,0.01552764,1.416e-06,0.002792579,8.33e-07,0.000430833,0.000733166,0.001225248,0.001075081,0.000696082,0.001063082,0.000697082,0.0003725,0.006301323,0.000138416
86,1.248416,0.009096235,1.167e-06,0.002503329,6.66e-07,0.00044,0.000682999,0.001196664,0.001072165,0.000697582,0.001063415,0.000703083,0.000387249,0.000218083,0.000129833
87,1.257512,0.009333318,1.25e-06,0.001977664,7.5e-07,0.000940998,0.000684582,0.001271748,0.001075999,0.000695748,0.001271415,0.000697249,0.000371833,0.000214916,0.000129166
88,1.266846,0.01631247,1.25e-06,0.002426663,6.66e-07,0.000401416,0.000662999,0.001152915,0.000889665,0.008519153,0.001007665,0.000595582,0.00030925,0.000213083,0.000132166
89,1.283158,0.01602522,1.5e-06,0.002438496,8.33e-07,0.000428916,0.000545166,0.000970748,0.000889165,0.000591833,0.000873332,0.008613402,0.000316417,0.000220999,0.000134417
90,1.299183,0.007537238,1.334e-06,0.00188933,5.83e-07,0.000455083,0.000536666,0.000971748,0.000939248,0.000617083,0.000883415,0.000600082,0.00031275,0.000214499,0.000115417
91,1.306721,0.01281556,1.25e-06,0.002012496,1.417e-06,0.001544414,0.000733832,0.001258248,0.001066582,0.000687165,0.001049665,0.000705249,0.003403995,0.000220583,0.000130666
92,1.319536,0.01765155,1.333e-06,0.006503907,1.083e-06,0.000522999,0.005101658,0.001214832,0.001113915,0.000706665,0.001064165,0.000696166,0.000372082,0.000215583,0.000137167
93,1.337188,0.01780489,1.166e-06,0.005400575,1e-06,0.000504249,0.006453406,0.001209582,0.001077581,0.000694082,0.001048249,0.000695082,0.000367749,0.000214833,0.000137333
94,1.354993,0.01306323,1.084e-06,0.00619474,9.16e-07,0.000533,0.000945748,0.001186081,0.001061915,0.000688583,0.001052498,0.000685415,0.000369166,0.000208917,0.000135166
95,1.368056,0.01971597,1.25e-06,0.002305246,6.66e-07,0.000409833,0.000662166,0.001357414,0.004574576,0.007927487,0.001075415,0.000687166,0.000365166,0.000213166,0.000136416
96,1.387772,0.01784905,1.5e-06,0.00190208,7.5e-07,0.000466082,0.004001827,0.007068572,0.001171998,0.000740332,0.001063082,0.000693499,0.000380749,0.000223916,0.000134667
97,1.405621,0.02009722,1.167e-06,0.002760412,8.34e-07,0.003917993,0.007921904,0.001253248,0.001078832,0.000693998,0.001051332,0.000700499,0.000369249,0.000212333,0.000135417
98,1.425718,0.01639189,1.167e-06,0.00609249,9.16e-07,0.000497249,0.00439266,0.001195748,0.001066082,0.000689832,0.001051998,0.000692916,0.000367916,0.000207416,0.0001355
99,1.44211,0.02115055,1.166e-06,0.005471241,1.167e-06,0.000554833,0.006496239,0.001191998,0.001063582,0.000687915,0.001177498,0.000697999,0.000367833,0.003304494,0.000134584
100,1.463261,0.01003323,1.25e-06,0.002010247,6.67e-07,0.000918915,0.001565081,0.001209831,0.001067998,0.000700916,0.001141248,0.000698832,0.000371416,0.000216,0.000130833
101,1.473294,0.01948264,1.75e-06,0.002282579,5.84e-07,0.000382416,0.003963743,0.008562486,0.001089582,0.000699082,0.001070165,0.000695166,0.000371582,0.000226083,0.000137417
102,1.492776,0.01641656,1.333e-06,0.005386325,1e-06,0.000570999,0.005026409,0.001197414,0.001064582,0.000697915,0.001071082,0.000689916,0.000366916,0.000205833,0.000136833
103,1.509193,0.01779205,1.25e-06,0.002798412,8.33e-07,0.002690996,0.006857739,0.001194331,0.001075832,0.000690498,0.001057165,0.000710666,0.000367749,0.000211083,0.0001355
104,1.526985,0.01621656,1.083e-06,0.002597079,7.5e-07,0.000472416,0.000671999,0.00813407,0.001157248,0.000699416,0.001051248,0.000684915,0.000366,0.000245083,0.00013525
105,1.543202,0.01697589,1.5e-06,0.00190483,5.83e-07,0.000431999,0.000666583,0.001194331,0.002980245,0.007206155,0.001081832,0.000772082,0.000375499,0.000225916,0.000134334
106,1.560178,0.01645447,1.083e-06,0.002763912,6.67e-07,0.000402166,0.000666999,0.001203664,0.001069415,0.007797071,0.001114831,0.000702916,0.000373416,0.000222916,0.000135417
107,1.576632,0.01774706,1.083e-06,0.002466913,6.67e-07,0.000424166,0.000738665,0.001202165,0.001088998,0.000696916,0.003249578,0.007158988,0.000366916,0.000217416,0.000134584
108,1.594379,0.01680006,1.25e-06,0.001905997,5.83e-07,0.000397499,0.000664832,0.001916997,0.001400998,0.002871995,0.006147657,0.000740582,0.000369083,0.000214833,0.00016775
109,1.611179,0.0179508,1e-06,0.002783496,8.33e-07,0.000438999,0.000684416,0.001196415,0.001066498,0.000695082,0.001062998,0.009248735,0.000394166,0.000241167,0.000136999
110,1.62913,0.01621597,1.334e-06,0.002470412,9.17e-07,0.000405749,0.000662583,0.001197998,0.001067831,0.000694916,0.001063582,0.00789407,0.000379333,0.000237916,0.000139333
111,1.645346,0.008469403,1.084e-06,0.001915163,7.5e-07,0.000426166,0.000663416,0.001200415,0.001073248,0.000712915,0.001066832,0.000698749,0.000373833,0.000221333,0.000115499
112,1.653815,0.02771454,1.25e-06,0.001975663,1.167e-06,0.000589749,0.001331748,0.006912988,0.008156237,0.005911907,0.001101415,0.000879332,0.000474333,0.000244333,0.000134416
113,1.68153,0.02116047,1.167e-06,0.002570579,7.5e-07,0.000460916,0.000932165,0.001580747,0.003454161,0.008891236,0.001514664,0.000880415,0.000481749,0.000249833,0.000142084
114,1.70269,0.01987272,1.417e-06,0.005167992,9.16e-07,0.0005025,0.007149155,0.001639664,0.001407414,0.000879415,0.001383081,0.000877665,0.000481083,0.000237166,0.00014525
115,1.722563,0.01871122,1.084e-06,0.004507409,7.5e-07,0.000466499,0.006670656,0.001588414,0.001388165,0.000880081,0.001373748,0.000993165,0.000475333,0.000230666,0.00013525
116,1.741274,0.009347568,1.584e-06,0.002151413,8.33e-07,0.001062498,0.000731833,0.001193748,0.001062998,0.000688332,0.001052832,0.000683082,0.000381916,0.000207833,0.000128666
117,1.750622,0.01693106,1.167e-06,0.001963413,5.83e-07,0.00037925,0.000683499,0.001188998,0.009499234,0.000749832,0.001060165,0.000686749,0.000367583,0.000210666,0.000139917
118,1.767553,0.01677931,1.167e-06,0.002811912,1.083e-06,0.000434749,0.000663833,0.001194081,0.001068332,0.00801057,0.001156415,0.000702165,0.000371333,0.0002195,0.000144166
119,1.784332,0.01746747,1.584e-06,0.002454246,8.33e-07,0.000419333,0.000660832,0.001191498,0.001071998,0.000700249,0.001062332,0.009162652,0.000376999,0.000219,0.000145916
120,1.8018,0.01696931,1e-06,0.00202208,8.34e-07,0.000401582,0.000668332,0.001185915,0.001061498,0.000684916,0.001059582,0.000693332,0.003254661,0.005799824,0.00013575
121,1.818769,0.01153832,1.333e-06,0.002729163,5.83e-07,0.000388833,0.000662832,0.001190248,0.001139081,0.000696833,0.001059665,0.000707832,0.000369416,0.002424913,0.000167583
122,1.830307,0.008994402,1.167e-06,0.002455746,8.33e-07,0.00038375,0.000668332,0.001195331,0.001118499,0.000695082,0.001077081,0.000692666,0.000371249,0.00021325,0.000121416
123,1.839302,0.01413398,1.25e-06,0.004224493,8.33e-07,0.000517916,0.003759827,0.001367081,0.001074915,0.000700249,0.001060248,0.000696916,0.000372582,0.000225333,0.000132334
124,1.853436,0.01795647,1e-06,0.002774912,1e-06,0.000497999,0.000665832,0.001189499,0.009677317,0.000695999,0.001055582,0.000683665,0.000369,0.000209333,0.000135333
125,1.871392,0.01615722,1.166e-06,0.002444746,9.17e-07,0.000450583,0.000668915,0.003363578,0.00603849,0.000699582,0.001079082,0.000689166,0.000368582,0.000221417,0.000130999
126,1.887549,0.01738489,1.416e-06,0.001906914,5.83e-07,0.000424916,0.000647916,0.001260331,0.003297828,0.007355071,0.001067249,0.000695498,0.000367833,0.0002145,0.000144833
127,1.904934,0.0199913,9.17e-07,0.002869495,7.5e-07,0.0004365,0.000657665,0.001194832,0.001068831,0.008403403,0.001080415,0.000694832,0.003210828,0.00023725,0.000135583
128,1.924926,0.01811422,1.167e-06,0.002580329,7.5e-07,0.000440499,0.000666749,0.003557077,0.007656821,0.000714916,0.001058331,0.000726333,0.000367666,0.000211916,0.000131666
129,1.94304,0.01590931,1.083e-06,0.001920581,7.5e-07,0.000387749,0.000668749,0.003513494,0.006248657,0.000700332,0.001050165,0.000693415,0.00036875,0.000222333,0.00013325
130,1.958949,0.01872639,8.33e-07,0.002710662,9.17e-07,0.000430749,0.000666832,0.001268415,0.004221493,0.006870322,0.001125665,0.000697166,0.000369249,0.000223916,0.000140167
131,1.977675,0.01682806,1.25e-06,0.002475663,9.17e-07,0.000435999,0.000666749,0.003595994,0.006330906,0.000695249,0.001053165,0.000684999,0.000520499,0.000231417,0.000135249
132,1.994504,0.01668822,1.333e-06,0.00202333,5.83e-07,0.000414416,0.000664916,0.001205331,0.009156236,0.000750248,0.001065999,0.000688998,0.000366,0.000215749,0.000135084
133,2.011192,0.01359815,1.167e-06,0.001902664,7.5e-07,0.000429666,0.000663499,0.001182831,0.002793079,0.000856832,0.001149081,0.00388741,0.0003705,0.000213999,0.000146667
134,2.02479,0.008917735,1.083e-06,0.002472413,1e-06,0.000428249,0.000665499,0.001187081,0.001053415,0.000687916,0.001050248,0.000684666,0.000365082,0.0002005,0.000120583
135,2.033708,0.01129165,1.334e-06,0.001896163,5e-07,0.000464833,0.000667249,0.001182998,0.001056832,0.000700415,0.001052665,0.000688582,0.003217162,0.000236166,0.00012675
136,2.044999,0.0099709,1.166e-06,0.001953081,7.5e-07,0.000902165,0.001540247,0.001195498,0.001065332,0.000690082,0.001051332,0.000847915,0.000372916,0.000221583,0.000128833
137,2.05497,0.01818005,1.166e-06,0.002278997,7.5e-07,0.000433582,0.000665916,0.001191748,0.01028473,0.000731582,0.001133332,0.000729582,0.000372999,0.000221583,0.000134083
138,2.07315,0.01629247,1.166e-06,0.001902414,5.83e-07,0.000417249,0.000665583,0.003550744,0.00633099,0.000694165,0.001281081,0.000725249,0.000366833,0.00022175,0.000134666
139,2.089443,0.01918364,1.083e-06,0.002719996,8.33e-07,0.000405999,0.000662166,0.001184748,0.001062415,0.01065198,0.001084081,0.000693332,0.00036825,0.000211916,0.000136833
140,2.108626,0.01670072,1.167e-06,0.002632162,7.5e-07,0.000446749,0.000696666,0.003409661,0.006364323,0.000695415,0.001054832,0.000685416,0.000367249,0.000211666,0.000134667
141,2.125327,0.01766322,1.25e-06,0.001913497,5.84e-07,0.000403916,0.000660415,0.001211998,0.003341495,0.007509988,0.001108914,0.000765249,0.000376416,0.000223666,0.000145834
142,2.14299,0.01821205,1.166e-06,0.002753329,1e-06,0.000430499,0.000664999,0.001191832,0.009046818,0.000722832,0.001898414,0.000755832,0.000376833,0.000225833,0.000142666
143,2.161202,0.01767547,1.166e-06,0.002473746,8.34e-07,0.000442666,0.000665748,0.003388078,0.007548155,0.000700499,0.001058748,0.000683749,0.000367666,0.000212583,0.000131833
144,2.178878,0.01541489,1.25e-06,0.00203433,6.66e-07,0.000458333,0.000684999,0.002965245,0.006125073,0.000693999,0.001054665,0.000683999,0.000366833,0.000215083,0.000130416
145,2.194293,0.01808514,1.167e-06,0.002773412,1.084e-06,0.000454166,0.000684248,0.001213082,0.001079415,0.000696665,0.009479401,0.000722666,0.000367249,0.00046975,0.000142833
146,2.212378,0.01340198,1.583e-06,0.002467663,9.16e-07,0.000423333,0.000663249,0.001196248,0.001095498,0.000695166,0.005421658,0.000716415,0.000366999,0.000222667,0.000130583
147,2.22578,0.008452903,1.333e-06,0.001915664,6.66e-07,0.00041225,0.000661415,0.001197915,0.001066332,0.000694832,0.001059581,0.000704083,0.000373332,0.000215917,0.000149583
148,2.234233,0.02842404,1.167e-06,0.001978246,7.5e-07,0.000616416,0.001341748,0.006916405,0.006918906,0.007744237,0.001084832,0.000968415,0.000476832,0.000238917,0.000137166
149,2.262657,0.02378171,1.25e-06,0.002497996,8.33e-07,0.000460916,0.000919582,0.001581497,0.003508661,0.008786569,0.001418164,0.003750328,0.000481499,0.000240583,0.000133833
150,2.286438,0.0172868,1.334e-06,0.004158993,1.083e-06,0.000544166,0.005569241,0.001620081,0.001407997,0.000878916,0.001387331,0.000876248,0.000480833,0.000232333,0.000128249
151,2.303725,0.02026422,1.5e-06,0.004922658,9.17e-07,0.000450499,0.007934904,0.001580414,0.001384664,0.000892916,0.001390497,0.000867749,0.000475832,0.000227167,0.0001345
152,2.323989,0.01814414,1.167e-06,0.004614492,1.084e-06,0.000511832,0.005942241,0.001577414,0.001393081,0.000894415,0.001472664,0.000873999,0.000494749,0.000235166,0.000131833
153,2.342134,0.01929672,1.25e-06,0.004825742,1e-06,0.000543916,0.006902155,0.001613581,0.001405081,0.000881665,0.001383581,0.000879166,0.000479749,0.000236083,0.00014375
154,2.36143,0.01860989,1.083e-06,0.004867325,1e-06,0.000508166,0.006261573,0.001579998,0.001425831,0.000879415,0.001377081,0.000866582,0.000473999,0.000236583,0.00013125
155,2.38004,0.0201483,1.166e-06,0.004739326,1.083e-06,0.000455916,0.007804238,0.001579164,0.001439331,0.001002415,0.001389747,0.000876332,0.000482333,0.000241583,0.000135666
156,2.400189,0.01726564,1.084e-06,0.00412566,7.5e-07,0.000515332,0.005581741,0.001590414,0.001398331,0.000880999,0.001381081,0.000901498,0.000484,0.000271749,0.000133
157,2.417454,0.02031863,1e-06,0.004916826,1.083e-06,0.000497166,0.007914154,0.001579831,0.001391497,0.000868749,0.001373331,0.000924248,0.000480916,0.000237167,0.000132666
158,2.437773,0.02092338,1.334e-06,0.004646409,6.66e-07,0.000572666,0.005876491,0.00157933,0.001393415,0.000877998,0.001377165,0.003746577,0.000482666,0.00023675,0.000131916
159,2.458696,0.01895855,1.166e-06,0.004099577,1e-06,0.000481499,0.007344905,0.001583331,0.001466747,0.000871499,0.001395664,0.000867499,0.000482999,0.000230166,0.0001325
160,2.477655,0.01846622,1.166e-06,0.004898076,1e-06,0.000547915,0.006076241,0.00157533,0.001391581,0.000870499,0.001399581,0.000863749,0.000481832,0.000226583,0.000132667
161,2.496121,0.02263171,1.166e-06,0.004652743,7.5e-07,0.000480332,0.007596655,0.00158983,0.004254327,0.000887165,0.001404498,0.000881081,0.0004795,0.000268249,0.000135417
162,2.518753,0.01719747,1.167e-06,0.004047993,7.5e-07,0.000493166,0.005706574,0.001585247,0.001389748,0.000878165,0.001378582,0.000875498,0.000475333,0.000232666,0.000132583
163,2.53595,0.02031897,1.333e-06,0.004942742,6.67e-07,0.000509665,0.007720988,0.001576831,0.001390497,0.000870416,0.001379081,0.001080915,0.000480249,0.000232416,0.000133167
164,2.556269,0.0178853,1.333e-06,0.004609326,7.5e-07,0.000610082,0.004376243,0.001193832,0.001067665,0.003532077,0.001068082,0.000703249,0.000373832,0.000216167,0.000132666
165,2.574154,0.01646047,1.166e-06,0.004124494,1.333e-06,0.000517416,0.005678074,0.001865413,0.001085249,0.000699749,0.001063831,0.000693416,0.000370582,0.0002265,0.00013325
166,2.590615,0.01661297,1e-06,0.002781495,9.17e-07,0.002585996,0.00581899,0.001197665,0.001072332,0.000689998,0.001052665,0.000691166,0.000366333,0.000209499,0.000144917
167,2.607228,0.01754989,1.167e-06,0.002450912,1e-06,0.000529833,0.000686832,0.003200411,0.007493322,0.000693748,0.001074082,0.000694082,0.00036725,0.000221833,0.000135416
168,2.624778,0.01560373,1.167e-06,0.001917497,5.83e-07,0.000444666,0.000667999,0.003135662,0.006109573,0.000694415,0.001052415,0.000703999,0.000516166,0.000226333,0.00013325
169,2.640381,0.01841889,1.166e-06,0.003131995,1e-06,0.000436583,0.000666499,0.001192831,0.003274328,0.007191072,0.001084248,0.000700165,0.000369916,0.0002205,0.000148583
170,2.6588,0.01620556,1.083e-06,0.002494746,1e-06,0.000428833,0.000664915,0.001194582,0.003097911,0.005790491,0.001090498,0.000725499,0.000370083,0.000213583,0.000132333
171,2.675006,0.01705306,1.083e-06,0.001923914,5.83e-07,0.00040375,0.000665665,0.001179665,0.001053915,0.000690582,0.003247745,0.007147488,0.000372,0.000230999,0.000135667
172,2.692059,0.01651422,1.167e-06,0.002825495,6.67e-07,0.000426333,0.000670415,0.001253915,0.001069665,0.000701082,0.001072082,0.00775132,0.00037725,0.000218083,0.000146749
173,2.708573,0.009082735,1.083e-06,0.002508163,6.66e-07,0.000424666,0.000685333,0.001194914,0.001087165,0.000696916,0.001076831,0.000703083,0.000373166,0.000211833,0.000118916
174,2.717656,0.008621736,1.333e-06,0.001958663,7.5e-07,0.000379333,0.000681999,0.001194248,0.001064248,0.000695499,0.001063915,0.000849999,0.000378666,0.000226916,0.000126167
175,2.726278,0.01466273,1e-06,0.004873659,1.083e-06,0.000530416,0.00376016,0.001212915,0.001086748,0.000700499,0.001060832,0.000702082,0.000373166,0.000216583,0.000143583
176,2.74094,0.01752664,1.166e-06,0.002501496,1.084e-06,0.000490999,0.000667832,0.003904994,0.006804739,0.000693415,0.001052832,0.000686249,0.000365749,0.00022075,0.000135333
177,2.758467,0.01548306,1.25e-06,0.001964913,6.67e-07,0.000425249,0.000666082,0.003111662,0.00613649,0.000694416,0.001055331,0.000704832,0.000366166,0.000212667,0.000143333
178,2.77395,0.01815205,1.417e-06,0.002789662,1e-06,0.000451416,0.000660582,0.001200415,0.001082332,0.000693582,0.009645817,0.000894332,0.000374916,0.000223417,0.000133166
179,2.792102,0.01650039,1.167e-06,0.002465496,6.66e-07,0.000466833,0.000650166,0.001197831,0.001071082,0.000710665,0.00848232,0.000723082,0.000373999,0.000226666,0.000130417
180,2.808603,0.01703664,1.25e-06,0.001899747,5.84e-07,0.000466082,0.000661249,0.001207415,0.001075415,0.000699415,0.003129578,0.007165405,0.000368333,0.000219666,0.0001425
181,2.825639,0.01661489,1.084e-06,0.002743828,9.17e-07,0.000422833,0.000670082,0.001186165,0.001053248,0.000824915,0.001060332,0.007802987,0.00037575,0.000329999,0.00014275
182,2.842254,0.009015985,1.083e-06,0.002449413,5e-07,0.000389916,0.000670165,0.001271831,0.001072665,0.000698916,0.001062998,0.000696499,0.000371916,0.000213833,0.00011625
183,2.85127,0.008483319,1.083e-06,0.001910747,6.67e-07,0.000390499,0.000665582,0.001265165,0.001079582,0.000703665,0.001061165,0.000693499,0.000369999,0.0002145,0.000127166
184,2.859753,0.01575656,1.166e-06,0.004780576,9.16e-07,0.000509916,0.004831326,0.001218998,0.001193664,0.000703916,0.001061082,0.000695832,0.000373249,0.000221,0.000164916
185,2.87551,0.01727472,1.417e-06,0.002483746,9.16e-07,0.00041975,0.000667415,0.009429235,0.001102331,0.000700833,0.001053831,0.000686082,0.000366916,0.000208667,0.000153583
186,2.892785,0.01541564,1.25e-06,0.001922746,7.5e-07,0.000427,0.000666665,0.003101162,0.006145823,0.000699666,0.001053331,0.000683833,0.000367166,0.000214083,0.000132166
187,2.9082,0.0183533,1.25e-06,0.003067328,1e-06,0.000397499,0.000678333,0.001210998,0.001068915,0.009447401,0.001071832,0.000686415,0.000366666,0.000214916,0.00014075
188,2.926554,0.01624372,1.25e-06,0.00245458,8.33e-07,0.000469666,0.000719665,0.001197248,0.002991829,0.005811157,0.001162831,0.000704083,0.000373999,0.00022325,0.000133333
189,2.942797,0.01712372,1.333e-06,0.001891831,4.16e-07,0.000460416,0.000670749,0.001189082,0.001072498,0.000710082,0.003220995,0.007175905,0.000369999,0.000226583,0.000133833
190,2.959921,0.01638706,1.083e-06,0.002742245,1.084e-06,0.000414166,0.000666332,0.001185998,0.001057665,0.000688249,0.001052498,0.007848321,0.000377166,0.000219083,0.000133166
191,2.976308,0.009150319,1.084e-06,0.002450412,7.5e-07,0.00044225,0.000668998,0.001206832,0.001058998,0.000859082,0.001061415,0.000697249,0.000372249,0.00021225,0.00011875
192,2.985458,0.008565069,1.583e-06,0.001931497,6.67e-07,0.000414999,0.000666583,0.001185081,0.001141831,0.000716249,0.001079082,0.000701665,0.000374666,0.000217417,0.000133749
193,2.994023,0.01576722,1e-06,0.004755575,1.5e-06,0.000577666,0.004838992,0.001278582,0.001090164,0.000741833,0.001069415,0.000696332,0.000371666,0.000213083,0.000131416
194,3.009791,0.01758439,1.334e-06,0.002467412,7.5e-07,0.00043175,0.000681665,0.003312078,0.007458238,0.000703249,0.001055581,0.000738833,0.000371332,0.000218,0.000144166
195,3.027375,0.01544081,1.083e-06,0.00191208,7.5e-07,0.000367416,0.000666332,0.003285995,0.006056907,0.000691999,0.001053915,0.000693249,0.000367249,0.000212833,0.000131
196,3.042816,0.01778789,1.416e-06,0.002697913,8.33e-07,0.000443416,0.000666166,0.001298497,0.001075665,0.000696416,0.009465568,0.000725082,0.000368249,0.000214333,0.000134333
197,3.060604,0.01859997,1.25e-06,0.001903497,6.67e-07,0.000418332,0.000658749,0.001194415,0.001062998,0.000694749,0.008281903,0.000703332,0.000383083,0.003164078,0.000132917
198,3.079204,0.01681589,1.5e-06,0.001918497,7.5e-07,0.000408332,0.000665499,0.001194415,0.002981245,0.007164989,0.001078164,0.000688833,0.000366249,0.000214166,0.00013325
199,3.09602,0.01633797,1.584e-06,0.002705162,1e-06,0.000407999,0.000662083,0.001194664,0.001055499,0.00774932,0.001134415,0.000699416,0.000368999,0.00021525,0.000142583
200,3.112358,0.01775255,1.417e-06,0.002475246,7.5e-07,0.000422582,0.000758166,0.001184498,0.001144248,0.000697915,0.003180579,0.007162655,0.000371499,0.000220416,0.000132583
201,3.13011,0.01607064,1.334e-06,0.00197258,8.33e-07,0.000426083,0.000680748,0.001193499,0.001069164,0.000694999,0.003817994,0.005368575,0.000373499,0.00033425,0.000137083
202,3.146181,0.01154048,1.084e-06,0.002749495,6.67e-07,0.000423082,0.000664583,0.001213914,0.001065832,0.000691916,0.001073998,0.000695082,0.000371916,0.002414163,0.00017475
203,3.157721,0.009023736,1.5e-06,0.00245933,9.16e-07,0.000470666,0.000661833,0.001192998,0.001072331,0.000704499,0.001061998,0.000695999,0.000373,0.000211583,0.000117083
204,3.166745,0.01387373,1.334e-06,0.004173909,1e-06,0.000466,0.003842077,0.001195498,0.001057665,0.000691999,0.001052998,0.000686499,0.000367416,0.000203916,0.000133417
205,3.180619,0.01796747,1.167e-06,0.002718912,6.67e-07,0.000537999,0.000818749,0.003267994,0.007469821,0.000706166,0.001050415,0.000684082,0.000366583,0.000212833,0.000132083
206,3.198586,0.01668447,1.167e-06,0.002631829,6.66e-07,0.000402416,0.000662083,0.001195498,0.00831832,0.000718998,0.001071499,0.000688249,0.000369582,0.000483583,0.000140583
207,3.215271,0.0171033,1.25e-06,0.001915914,5e-07,0.000400166,0.000661415,0.001192748,0.001065498,0.000693916,0.009703318,0.000711582,0.000398416,0.000226333,0.000132249
208,3.232374,0.01637664,1e-06,0.002742329,8.34e-07,0.000424666,0.000645582,0.001196165,0.001067248,0.000699415,0.008154487,0.000723749,0.000367333,0.000222249,0.000131583
209,3.248751,0.01870664,9.16e-07,0.00243708,6.66e-07,0.000424083,0.000767999,0.001186664,0.001055165,0.000682916,0.001043748,0.003523328,0.007221238,0.000227166,0.000135667
210,3.267457,0.01570781,1.167e-06,0.001907246,6.67e-07,0.000474999,0.000780832,0.001197582,0.001072248,0.000701082,0.003022829,0.005824073,0.000371333,0.000221417,0.000132333
211,3.283165,0.01168623,1.333e-06,0.002841162,9.17e-07,0.000414166,0.000686832,0.001194832,0.001068665,0.000700998,0.001067749,0.000697582,0.000372499,0.002475163,0.000164333
212,3.294851,0.009145818,1.167e-06,0.002589412,1e-06,0.000453416,0.000666666,0.001196498,0.001068415,0.000695832,0.001065748,0.000695916,0.000372666,0.000220749,0.000118333
213,3.303997,0.01396031,1.084e-06,0.00419366,1.083e-06,0.000520582,0.003718828,0.001200498,0.001061915,0.000688499,0.001052081,0.000696499,0.000368083,0.000323999,0.0001335
214,3.317957,0.01766547,1.167e-06,0.002734079,6.67e-07,0.000415916,0.000662165,0.001183582,0.009403068,0.000769165,0.001091665,0.000693666,0.000366666,0.000209583,0.000134083
215,3.335623,0.01618839,1.334e-06,0.002573329,1.25e-06,0.000426166,0.000682665,0.001193582,0.002967412,0.00582724,0.001094832,0.000698915,0.000367916,0.000221833,0.000131917
216,3.351811,0.01709047,1.334e-06,0.001897663,5.84e-07,0.000415332,0.000660833,0.001196831,0.001072248,0.000702582,0.003200079,0.007206654,0.000374,0.000227249,0.000135084
217,3.368902,0.01653581,1.25e-06,0.002758912,8.34e-07,0.000580165,0.000667249,0.001212415,0.001070332,0.000697499,0.001072914,0.007742488,0.000375999,0.000219833,0.000135917
218,3.385438,0.008930069,1e-06,0.002492413,1e-06,0.000418416,0.000650499,0.001181748,0.001057165,0.000687999,0.001049082,0.000691582,0.000367749,0.000205833,0.000125583
219,3.394368,0.008406819,1.333e-06,0.001881747,7.5e-07,0.000468082,0.000674833,0.001180081,0.001061748,0.000696416,0.001059998,0.000682499,0.000368666,0.000209333,0.000121333
220,3.402774,0.01840872,1.083e-06,0.004799326,7.5e-07,0.000591582,0.004774243,0.001203998,0.001067248,0.000690582,0.001055415,0.000693832,0.003171328,0.000227583,0.00013175
221,3.421183,0.01733964,1.25e-06,0.004652659,1.084e-06,0.000512665,0.005844574,0.001238998,0.001076415,0.000701749,0.001060332,0.000699665,0.001183998,0.00023,0.00013625
222,3.438523,0.01546889,1.25e-06,0.001918331,6.66e-07,0.002736079,0.005263575,0.001301081,0.001074832,0.000689415,0.001051832,0.000693082,0.000365749,0.000205583,0.000167417
223,3.453992,0.02076463,1.25e-06,0.002932995,1e-06,0.000387749,0.000890499,0.0111219,0.001417165,0.000865831,0.001423832,0.000868248,0.000474999,0.000233333,0.000145833
224,3.474756,0.01808214,1.333e-06,0.004596743,9.16e-07,0.000509416,0.005905907,0.001588664,0.001386665,0.000875832,0.001468664,0.000896749,0.000484332,0.000234416,0.0001325
225,3.492838,0.01890355,9.16e-07,0.004090994,1.083e-06,0.000513332,0.007309905,0.001579914,0.001390665,0.000870832,0.001371831,0.000924831,0.000479916,0.000228667,0.000140666
226,3.511742,0.01935289,1.25e-06,0.005702158,8.33e-07,0.000500999,0.00620474,0.001594748,0.001386581,0.000880832,0.001376914,0.000865415,0.000475499,0.000229167,0.000133749
227,3.531095,0.02262463,1.166e-06,0.004641576,7.5e-07,0.000505749,0.007623571,0.001582081,0.001388414,0.003759828,0.001389581,0.000880081,0.000482583,0.000232333,0.000136916
228,3.55372,0.01720814,1.167e-06,0.004097743,9.17e-07,0.000531583,0.00565499,0.001587331,0.001392581,0.000872499,0.001376581,0.000862748,0.000474416,0.000226417,0.000129166
229,3.570928,0.02306546,9.17e-07,0.005096325,9.16e-07,0.000477666,0.007693821,0.001573831,0.001389997,0.000869582,0.001377165,0.000886165,0.003328911,0.00023575,0.000134416
230,3.593993,0.0181113,8.33e-07,0.004594743,8.33e-07,0.000515916,0.006001073,0.001592748,0.001395831,0.000878415,0.001411331,0.000875832,0.000481416,0.000231666,0.000130667
231,3.612104,0.01884389,1.584e-06,0.004153576,8.33e-07,0.000517916,0.007247822,0.001579081,0.001392497,0.000867832,0.001369748,0.000866999,0.000475082,0.000238583,0.000132333
232,3.630948,0.01565781,1e-06,0.004917326,9.16e-07,0.000594416,0.004720826,0.001195748,0.001064581,0.000690583,0.001070998,0.000689415,0.000366167,0.000210999,0.000134833
233,3.646606,0.02041222,1.167e-06,0.002465496,6.66e-07,0.00042175,0.000664165,0.003327078,0.007438738,0.003526078,0.001110498,0.000728165,0.00037275,0.000222666,0.000133
234,3.667018,0.01434823,1.25e-06,0.004093577,1.083e-06,0.000547749,0.004240743,0.001210081,0.001079832,0.000699749,0.001062748,0.000691916,0.000372332,0.000214833,0.000132334
235,3.681367,0.0179993,1.416e-06,0.002751829,9.17e-07,0.000532582,0.000673499,0.003386661,0.007492321,0.000709083,0.001055665,0.000686082,0.000366666,0.000210249,0.000132334
236,3.699366,0.01620547,1.333e-06,0.002443496,9.17e-07,0.000408749,0.000673916,0.003341911,0.006105823,0.000691083,0.001117748,0.000697332,0.000374083,0.000215833,0.000133249
237,3.715571,0.01706547,1.083e-06,0.00204458,5.83e-07,0.000388083,0.000683166,0.001195748,0.001068581,0.002831662,0.007400655,0.000700915,0.000387333,0.000231,0.000132083
238,3.732637,0.01657847,1.334e-06,0.002754662,9.17e-07,0.000427665,0.000662749,0.001197748,0.001068749,0.000695999,0.008162403,0.000855165,0.000377,0.000228749,0.000145333
239,3.749215,0.01774672,1e-06,0.002486163,9.17e-07,0.000410999,0.000756749,0.001199081,0.001070332,0.000699249,0.001064831,0.000694332,0.00249283,0.006736905,0.000133334
240,3.766962,0.01596539,1.167e-06,0.00192308,5.84e-07,0.000439999,0.000667082,0.001189581,0.001060415,0.000683499,0.001046249,0.003179661,0.005417325,0.000224166,0.000132583
241,3.782927,0.02081155,1.417e-06,0.002721495,7.5e-07,0.000422333,0.000664166,0.001205581,0.001058415,0.003523328,0.009764484,0.000727998,0.000370167,0.000218499,0.000132917
242,3.803739,0.01930355,1.333e-06,0.002485579,8.34e-07,0.000457499,0.000891582,0.001601831,0.003487244,0.007234655,0.001410831,0.000881582,0.000482749,0.000235166,0.000132667
243,3.823043,0.0202563,1.25e-06,0.001931247,7.5e-07,0.000411582,0.000889499,0.01160131,0.001425665,0.000875748,0.001399748,0.000876832,0.000474832,0.000235167,0.000132666
244,3.843299,0.01851505,1.083e-06,0.004960158,8.34e-07,0.000506332,0.006116824,0.001583164,0.001397414,0.000872582,0.001375665,0.000867081,0.000475666,0.000225,0.00013325
245,3.861814,0.0198783,1.083e-06,0.004758659,8.34e-07,0.000414582,0.007655571,0.001580831,0.001484747,0.000880166,0.001383081,0.000876998,0.000480666,0.000232333,0.00012875
246,3.881692,0.01727739,1.333e-06,0.004069577,8.33e-07,0.000506999,0.005687824,0.001594998,0.001417081,0.000883832,0.001388331,0.000879748,0.000480833,0.000233,0.000132999
247,3.89897,0.02022163,1.334e-06,0.004888492,1e-06,0.000507416,0.007899487,0.001583414,0.001395414,0.000870749,0.001374831,0.000861915,0.000475749,0.000227583,0.00013425
248,3.919191,0.02090513,8.33e-07,0.005327742,1.083e-06,0.000480583,0.005153158,0.001583997,0.001389415,0.00378616,0.001444414,0.000888332,0.000481416,0.000234083,0.000133917
249,3.940096,0.01897589,1.333e-06,0.004179994,1.083e-06,0.000457666,0.007371904,0.001585248,0.001385581,0.000869915,0.001409665,0.000877081,0.00047375,0.000229416,0.00013325
250,3.959072,0.02157388,1.5e-06,0.005020159,8.33e-07,0.000531333,0.006192656,0.001582581,0.001383998,0.000877832,0.001375414,0.000873165,0.003362078,0.000241166,0.000131167
251,3.980646,0.01974155,1.083e-06,0.004661826,1e-06,0.000462499,0.007626571,0.001585498,0.001390331,0.000926831,0.001379498,0.000863332,0.000472749,0.000237083,0.00013325
252,4.000388,0.01761805,1.083e-06,0.004433576,1.167e-06,0.000667999,0.005592491,0.001579081,0.001395247,0.000869332,0.001377248,0.000863999,0.000475999,0.000227999,0.000132833
253,4.018006,0.02351471,9.17e-07,0.005103325,6.67e-07,0.000497332,0.007997071,0.001582747,0.001397998,0.003774994,0.001392914,0.000878665,0.000481083,0.000269916,0.000137083
254,4.04152,0.01801455,1.5e-06,0.004637409,1.417e-06,0.000503749,0.005944574,0.001581997,0.001386748,0.000877165,0.001378581,0.000867249,0.000475082,0.000227167,0.000131916
255,4.059535,0.02170788,1.166e-06,0.004289994,9.16e-07,0.000502166,0.007119738,0.001572915,0.001385331,0.000868665,0.001377581,0.000885082,0.003329911,0.0002325,0.000141916
256,4.081243,0.01866272,1.167e-06,0.004873325,1.084e-06,0.000554666,0.006234239,0.001588998,0.001398998,0.000889331,0.001385915,0.000883332,0.000481332,0.000237917,0.000132416
257,4.099906,0.01995555,1.5e-06,0.004718409,1.25e-06,0.000467,0.007638654,0.001586164,0.001388331,0.000869165,0.001374331,0.000865165,0.000489583,0.000408916,0.000147083
258,4.119861,0.01398656,1.25e-06,0.00417316,7.5e-07,0.000502749,0.003880994,0.001193331,0.001062832,0.000693415,0.001069999,0.000690582,0.000367416,0.000216833,0.00013325
259,4.133848,0.02057713,1.167e-06,0.002727662,7.5e-07,0.000427166,0.000666499,0.009599735,0.001083248,0.003523077,0.001115582,0.000706332,0.000372249,0.000222,0.000131667
260,4.154425,0.01506048,1e-06,0.004586659,1.25e-06,0.000683832,0.00431041,0.001208831,0.001074082,0.000702915,0.001061832,0.000701832,0.000372249,0.000212083,0.0001435
261,4.169485,0.01682889,1.416e-06,0.001988247,7.5e-07,0.000393749,0.000639083,0.003193911,0.007452488,0.000702082,0.001052082,0.000685832,0.000369083,0.000216999,0.000133167
262,4.186314,0.01666739,1.25e-06,0.002729495,9.17e-07,0.000400749,0.000664249,0.003493244,0.00612074,0.000695333,0.001053915,0.000686248,0.000366666,0.000319833,0.00013475
263,4.202982,0.01780122,1.083e-06,0.002580996,7.5e-07,0.000414499,0.000667499,0.001193832,0.001067331,0.000694832,0.009718318,0.000720082,0.000392666,0.00021775,0.000131583
264,4.220783,0.01575797,1.25e-06,0.001903497,6.67e-07,0.000432249,0.000660666,0.001195998,0.001067498,0.002893245,0.006152407,0.000712749,0.000370916,0.000224249,0.000142583
265,4.236541,0.01788747,1.166e-06,0.002763079,8.34e-07,0.000453166,0.000666082,0.001192581,0.001077665,0.000701499,0.001060998,0.009227319,0.000375999,0.000229083,0.000138
266,4.254428,0.01745522,1.167e-06,0.002570496,8.33e-07,0.000424666,0.000664916,0.001197998,0.001054582,0.000684165,0.001051748,0.000689749,0.003176745,0.005801241,0.000136916
267,4.271883,0.01709622,1.584e-06,0.00191758,5e-07,0.000421333,0.000645415,0.001191248,0.001110665,0.000713332,0.001063832,0.000697999,0.002427663,0.006771405,0.000133667
268,4.28898,0.01685622,1.417e-06,0.002866662,7.5e-07,0.000440499,0.000701249,0.001195748,0.001067998,0.000727832,0.001070165,0.000696082,0.000372416,0.007582738,0.000132667
269,4.305836,0.009028819,1.083e-06,0.002496996,8.34e-07,0.000405582,0.000662916,0.001194831,0.001083332,0.000704165,0.001065249,0.000698665,0.000380083,0.000213833,0.00012125
270,4.314865,0.00840257,1.167e-06,0.00192258,6.66e-07,0.000419666,0.000666499,0.001200915,0.001066248,0.000684499,0.001059582,0.000685499,0.000365916,0.000206999,0.000122334
271,4.323267,0.01582497,1e-06,0.004877659,8.33e-07,0.000558333,0.004983825,0.001195331,0.001062748,0.000690083,0.001057498,0.000687249,0.000370083,0.000208583,0.000131749
272,4.339092,0.01784889,1.417e-06,0.002611329,1e-06,0.000433833,0.000682165,0.003944994,0.007024738,0.000693749,0.001047332,0.000691582,0.000368916,0.000212917,0.000134916
273,4.356941,0.01554273,1.167e-06,0.00204483,5e-07,0.000439833,0.000675248,0.003004162,0.006115574,0.000687499,0.001138581,0.000704749,0.000373249,0.000223167,0.000134166
274,4.372484,0.01782847,1.5e-06,0.002796996,9.16e-07,0.000416333,0.000657499,0.001197415,0.001069165,0.000699998,0.009545818,0.000723832,0.0003705,0.000214499,0.000134
275,4.390312,0.01606214,1.166e-06,0.002470663,7.5e-07,0.000384166,0.000659749,0.001187248,0.001057998,0.000684666,0.001051331,0.007823404,0.000378,0.000229166,0.000133833
276,4.406374,0.008465236,1.166e-06,0.001954247,6.67e-07,0.000397666,0.000661415,0.001184165,0.001057998,0.000688166,0.001103165,0.000699499,0.000373916,0.000216499,0.000126667
277,4.41484,0.01620756,1.167e-06,0.001992913,1.167e-06,0.000571749,0.001361248,0.007062238,0.001311248,0.001407998,0.001076998,0.000696083,0.000374166,0.000218999,0.000131583
278,4.431047,0.0101769,1.25e-06,0.002179496,6.67e-07,0.001050165,0.000709499,0.001208914,0.001148249,0.000706248,0.001077415,0.001366665,0.000371833,0.000225416,0.000131083
279,4.441224,0.01713981,1.167e-06,0.001901164,5e-07,0.000398582,0.000660416,0.009874734,0.001089498,0.000731165,0.001053665,0.000712999,0.00037,0.000215666,0.00013025
280,4.458364,0.01629881,1.333e-06,0.002709912,1.334e-06,0.000412582,0.000660916,0.001183248,0.00811582,0.000715416,0.001056081,0.000716666,0.000368583,0.000216166,0.00014075
281,4.474663,0.01772155,1.25e-06,0.002476412,9.17e-07,0.000434499,0.000734499,0.001266081,0.001070082,0.002882995,0.007446238,0.000698416,0.000367332,0.00021225,0.000130583
282,4.492384,0.01611564,1e-06,0.002332413,8.33e-07,0.000465749,0.000663333,0.001196914,0.001067165,0.002853412,0.00607749,0.000695083,0.000410332,0.00021725,0.000134666
283,4.5085,0.01790705,1.417e-06,0.002733246,6.66e-07,0.000421249,0.000667333,0.001195331,0.001069415,0.000693916,0.001061081,0.009308818,0.000385,0.000234583,0.000134999
284,4.526407,0.01617997,1.334e-06,0.002481162,8.34e-07,0.000415666,0.000662082,0.001197331,0.001070249,0.000698165,0.001062248,0.007858571,0.000378416,0.000219833,0.000134083
285,4.542587,0.01821772,1.5e-06,0.001923913,8.34e-07,0.000406666,0.000661332,0.001198081,0.001059582,0.000703749,0.001055331,0.000691333,0.003492994,0.006888989,0.000133416
286,4.560805,0.01403706,1.25e-06,0.002827912,1e-06,0.000417166,0.000666998,0.001266248,0.001073582,0.000694499,0.001059331,0.000695499,0.00037925,0.004816825,0.0001375
287,4.574842,0.01193323,1.334e-06,0.002534829,9.17e-07,0.000381916,0.000663499,0.004118993,0.001068915,0.000698249,0.001060998,0.000697082,0.000371583,0.000215749,0.000119167
288,4.586775,0.008895319,1.167e-06,0.002320079,1.167e-06,0.000445499,0.000641416,0.001198581,0.001070082,0.000695082,0.001096248,0.000705416,0.000370916,0.000221416,0.00012825
289,4.59567,0.01476781,1.334e-06,0.004898992,1e-06,0.000541165,0.003912661,0.001196498,0.001070915,0.000694082,0.001051165,0.000685999,0.000367166,0.000216583,0.00013025
290,4.610438,0.01748505,1.334e-06,0.002458579,1.25e-06,0.000463499,0.000667999,0.003377245,0.007352654,0.000698999,0.001053082,0.000682665,0.000370833,0.000225083,0.000131833
291,4.627923,0.01564014,1.334e-06,0.00204633,6.66e-07,0.000432583,0.000684749,0.002970745,0.006127157,0.000693665,0.001052332,0.000712499,0.000566915,0.000221083,0.000130084
292,4.643563,0.01812672,1.25e-06,0.002740245,6.67e-07,0.000439583,0.000660082,0.001197331,0.001073165,0.009420068,0.001134248,0.000701749,0.000401916,0.000224417,0.000131999
293,4.66169,0.01637906,1.25e-06,0.002455496,6.67e-07,0.000439582,0.000660333,0.001191081,0.003173161,0.005921491,0.001110581,0.000698333,0.000371332,0.00022275,0.000133
294,4.678069,0.01702014,1.25e-06,0.00191508,8.34e-07,0.000412832,0.000671749,0.001216331,0.001069082,0.000704916,0.003137661,0.007167072,0.000370416,0.00021975,0.000133166
295,4.695089,0.0190043,1.333e-06,0.002716246,6.66e-07,0.00040375,0.000663915,0.001185498,0.005415075,0.005822407,0.001068248,0.000697582,0.000662499,0.00023275,0.000134333
296,4.714094,0.02118563,1.167e-06,0.002622996,8.33e-07,0.000445749,0.000894999,0.001578331,0.004203409,0.00829757,0.001403998,0.000877832,0.000482082,0.000240083,0.000136583
297,4.735279,0.01828155,8.33e-07,0.004191493,1.25e-06,0.000494083,0.006604072,0.001598081,0.001395665,0.000881498,0.001381081,0.000889749,0.000483332,0.000228833,0.000131583
298,4.753561,0.02035013,1.166e-06,0.004947992,9.17e-07,0.000487999,0.007897904,0.001633664,0.001421498,0.000868581,0.001382165,0.000867498,0.000481916,0.000226333,0.0001325
299,4.773911,0.02092238,1.333e-06,0.004647909,1.167e-06,0.000549082,0.005875157,0.001584331,0.001393081,0.003727744,0.001395748,0.000903082,0.000481749,0.000231499,0.0001305
300,4.794833,0.0188698,1.667e-06,0.00409141,8.33e-07,0.000505082,0.007327155,0.001591498,0.001398664,0.000875415,0.001377998,0.000867332,0.000474832,0.000226917,0.000131
301,4.813703,0.02146871,1.083e-06,0.004960826,1e-06,0.000477499,0.00603224,0.001580914,0.001417331,0.000878332,0.001372248,0.000866332,0.000523166,0.003225078,0.000132666
302,4.835172,0.01969522,1.417e-06,0.004655159,7.5e-07,0.000450749,0.007642988,0.001583081,0.001387997,0.000889249,0.001375748,0.000875998,0.000474833,0.000225,0.000132249
303,4.854867,0.0182518,1.333e-06,0.004591326,9.17e-07,0.000485832,0.00622724,0.001598497,0.001391331,0.000869166,0.001378664,0.000865999,0.000474499,0.000233166,0.000133833
304,4.873119,0.02349246,1.083e-06,0.005103908,7.5e-07,0.000485666,0.008032904,0.00157583,0.001393415,0.00375241,0.001409748,0.000881582,0.000488499,0.000234583,0.000132083
305,4.896611,0.01798989,1e-06,0.004592659,1.333e-06,0.000519916,0.005943407,0.001586914,0.001390581,0.000871166,0.001375414,0.000863332,0.000475333,0.000235916,0.000132916
306,4.914601,0.0216578,1.25e-06,0.004311993,1e-06,0.000504083,0.007043322,0.001592247,0.001390915,0.000868331,0.001372082,0.000869998,0.003331411,0.000235917,0.000135249
307,4.936259,0.01871689,1.083e-06,0.004896159,8.33e-07,0.000463833,0.00629599,0.001652414,0.001400997,0.000877082,0.001381748,0.000882665,0.000487333,0.000232499,0.00014425
308,4.954976,0.01969622,1.25e-06,0.004640576,1.084e-06,0.000480249,0.007643321,0.001578997,0.001387915,0.000871998,0.001380581,0.000873665,0.000475833,0.000227083,0.000133666
309,4.974672,0.02020222,1.416e-06,0.004069244,8.33e-07,0.000448499,0.005725408,0.00158383,0.001386415,0.000870415,0.004364409,0.000893749,0.000480666,0.00023325,0.000144083
310,4.994874,0.02025247,1.25e-06,0.004933409,1.166e-06,0.000489416,0.007892821,0.001588247,0.001390498,0.000870249,0.001374247,0.000864916,0.000476165,0.000240083,0.00013
311,5.015127,0.01803522,1.25e-06,0.004791826,1e-06,0.000478249,0.00583774,0.001575331,0.001397415,0.000868915,0.001374748,0.000873415,0.000475582,0.000229,0.00013075
312,5.033162,0.01581714,1.166e-06,0.004088744,7.5e-07,0.000475416,0.00572374,0.001206248,0.001059832,0.000684999,0.001147248,0.000706082,0.0003715,0.000217416,0.000134
313,5.048979,0.01661639,1.083e-06,0.002775995,9.17e-07,0.002564496,0.005658574,0.001253248,0.001176081,0.000700333,0.001060081,0.000694666,0.000370916,0.000226999,0.000133
314,5.065595,0.01758889,1.5e-06,0.002495662,1e-06,0.000408583,0.000662666,0.003348577,0.007520738,0.000697749,0.001050248,0.000688499,0.000367583,0.000213833,0.00013225
315,5.083184,0.01536847,1.083e-06,0.00192383,6.67e-07,0.000420082,0.000661499,0.003257245,0.005957657,0.000690166,0.001051831,0.000684499,0.000367249,0.0002195,0.000133167
316,5.098553,0.01782889,1.167e-06,0.002823495,1e-06,0.000422916,0.000670833,0.001307331,0.001068748,0.000694416,0.009400151,0.000720832,0.000367333,0.000217666,0.000133
317,5.116382,0.01358306,8.33e-07,0.002578162,8.34e-07,0.000432666,0.000675749,0.001197998,0.001068748,0.000693915,0.001062332,0.005150742,0.000370749,0.000216083,0.00013425
318,5.129965,0.008616736,1.334e-06,0.002061829,6.67e-07,0.000438083,0.000688249,0.001198498,0.001067915,0.000695165,0.001059832,0.000698665,0.000373333,0.000212333,0.000120833
319,5.138582,0.01579631,1e-06,0.005626824,8.33e-07,0.000610583,0.004179243,0.001192081,0.001058415,0.000690582,0.001052832,0.000680749,0.000365166,0.000204583,0.000133416
320,5.154378,0.01626389,1.333e-06,0.002428997,8.33e-07,0.002836412,0.005464908,0.001195331,0.001070665,0.000688416,0.001063998,0.000684415,0.000365666,0.000209833,0.000253083
321,5.170642,0.01680614,1.417e-06,0.002041747,7.5e-07,0.000432666,0.000684749,0.003027745,0.007477654,0.000694832,0.001050749,0.000684749,0.000364999,0.000210833,0.00013325
322,5.187448,0.01947764,1e-06,0.002736912,1e-06,0.00043275,0.000684082,0.001201831,0.008391903,0.000711249,0.001051998,0.003521411,0.000379333,0.000228,0.000136166
323,5.206926,0.01780522,1.25e-06,0.002442329,8.34e-07,0.000438082,0.000724749,0.009894817,0.001090248,0.000695083,0.001068165,0.000703915,0.000375083,0.000225083,0.000145583
324,5.224731,0.01565814,1.25e-06,0.001923913,5e-07,0.000403583,0.002777662,0.006262656,0.001074165,0.000690416,0.001110998,0.000692916,0.000366999,0.000222166,0.000130917
325,5.240389,0.01685039,9.17e-07,0.001913997,6.67e-07,0.000447582,0.000644582,0.003170329,0.007485154,0.000694749,0.001077082,0.000700665,0.000367166,0.000212333,0.000135167
326,5.257239,0.01633497,1.25e-06,0.002594495,7.5e-07,0.000453166,0.000668749,0.003337662,0.006119073,0.000695999,0.001060165,0.000682999,0.000366832,0.00022,0.000133833
327,5.273574,0.0170308,1e-06,0.00188683,5e-07,0.000433916,0.000656916,0.001192831,0.001070665,0.002924329,0.007399988,0.000725582,0.000372166,0.000224916,0.000141166
328,5.290605,0.01642572,1.25e-06,0.002810745,7.5e-07,0.000397833,0.000667166,0.001192414,0.001064915,0.000696749,0.00816357,0.000718666,0.000366166,0.000213916,0.000131583
329,5.307031,0.01194206,1.417e-06,0.002434746,7.5e-07,0.000434249,0.000680749,0.001212665,0.001064748,0.000685415,0.001064165,0.000686333,0.000369082,0.003132995,0.00017475
330,5.318973,0.008445236,1.25e-06,0.001925664,6.66e-07,0.0003935,0.000659165,0.001181832,0.001065581,0.000684999,0.001131915,0.000699582,0.000371749,0.0002125,0.000116833
331,5.327418,0.01447789,1.084e-06,0.004893242,8.33e-07,0.000489583,0.00356716,0.001197748,0.001084499,0.000691832,0.001133748,0.000697082,0.000372083,0.000217333,0.000131666
332,5.341896,0.01778705,1.166e-06,0.00257608,8.33e-07,0.000427666,0.002858412,0.007651737,0.001081832,0.000707249,0.001063082,0.000695165,0.000371416,0.000219166,0.00013325
333,5.359683,0.01571364,1.166e-06,0.001906664,4.17e-07,0.000426832,0.002773163,0.006267823,0.001072331,0.000793999,0.001055998,0.000694249,0.000366249,0.000214583,0.000140167
334,5.375397,0.01803555,1.084e-06,0.002742328,6.67e-07,0.000450166,0.000666332,0.001187998,0.009812651,0.000713666,0.001056415,0.000683665,0.000375333,0.000210833,0.000134416
335,5.393432,0.01677672,1e-06,0.002566995,7.5e-07,0.00045875,0.000673082,0.003159661,0.006097824,0.000753582,0.001643331,0.000697332,0.000366166,0.000220249,0.000138
336,5.410209,0.01696081,1.333e-06,0.002038997,7.5e-07,0.000405583,0.000666249,0.001191164,0.002917412,0.007150822,0.001153581,0.000706999,0.000371916,0.000221833,0.000134167
337,5.42717,0.01648122,1.334e-06,0.002752328,8.34e-07,0.000429082,0.000662833,0.001190748,0.001064415,0.007710737,0.001099165,0.000699582,0.000372833,0.000222333,0.000274999
338,5.443651,0.01749597,7.5e-07,0.002486913,7.5e-07,0.000403916,0.000659748,0.001192749,0.001079248,0.000696415,0.001060749,0.009156651,0.00040375,0.000220499,0.000133833
339,5.461147,0.01682581,1.417e-06,0.001927247,5.83e-07,0.000412916,0.000663916,0.001183664,0.001056249,0.00399991,0.006096573,0.000760666,0.000372582,0.000216333,0.00013375
340,5.477973,0.0178823,1e-06,0.002727995,8.34e-07,0.000383333,0.000802582,0.001199998,0.001085748,0.000701832,0.001061415,0.009184568,0.000376916,0.00022075,0.000135333
341,5.495855,0.01637139,1e-06,0.002565746,6.67e-07,0.000441082,0.000669332,0.001214415,0.001068832,0.000696665,0.001073165,0.000696749,0.002403913,0.005407991,0.000131833
342,5.512226,0.008615403,1.583e-06,0.001912747,8.34e-07,0.000418582,0.000660083,0.001196748,0.001071414,0.000701666,0.001061748,0.000691082,0.000372417,0.000409499,0.000117
343,5.520842,0.009247902,1.083e-06,0.002718163,8.33e-07,0.000453249,0.000669333,0.001186414,0.001071332,0.000701749,0.001052831,0.000683666,0.000367583,0.000217916,0.00012375
344,5.53009,0.01513206,1.334e-06,0.005430907,1.167e-06,0.000555666,0.00372141,0.001203832,0.001066581,0.000702833,0.001055581,0.000683416,0.000369416,0.000206916,0.000133
345,5.545222,0.0198993,1.25e-06,0.002026497,8.33e-07,0.000413416,0.002746996,0.007593488,0.001075331,0.000698582,0.001052165,0.003555328,0.000379249,0.000222333,0.000133833
346,5.565121,0.01567989,1.083e-06,0.004888076,7.5e-07,0.000517999,0.004665826,0.001329247,0.001090915,0.000702582,0.001063499,0.000696582,0.000371166,0.00022,0.000132166
347,5.580801,0.01754822,1.333e-06,0.002474413,1.083e-06,0.000397166,0.000660666,0.003377744,0.007475571,0.000698249,0.001065999,0.000685915,0.000367916,0.000210583,0.000131583
348,5.598349,0.01539856,9.17e-07,0.00193683,8.33e-07,0.000435666,0.000664166,0.003191745,0.006014823,0.000694499,0.001056415,0.000684916,0.000366666,0.000217833,0.000133249
349,5.613748,0.0182343,1.25e-06,0.002820245,7.5e-07,0.000449833,0.000804165,0.001197582,0.001067331,0.000700666,0.0097644,0.000715916,0.000367499,0.000212083,0.000132583
350,5.631982,0.01622964,1.583e-06,0.002464496,1.9917e-05,0.000397249,0.000664416,0.001201998,0.001067748,0.000703332,0.008014904,0.000775415,0.000537499,0.000248083,0.000133
351,5.648212,0.01715089,1.5e-06,0.001921997,7.5e-07,0.000436583,0.000659915,0.001193498,0.001070748,0.000692583,0.001064915,0.000697415,0.002495996,0.006778322,0.000136667
352,5.665363,0.01156723,1.25e-06,0.002732995,8.33e-07,0.0004555,0.000662832,0.001198665,0.001071998,0.000702082,0.001051665,0.000685999,0.000367083,0.000204249,0.00243208
353,5.67693,0.009019818,1e-06,0.002420412,1.167e-06,0.000422166,0.000665999,0.001199248,0.001063581,0.000686833,0.001170748,0.000689832,0.000372499,0.0002065,0.000119833
354,5.68595,0.01904664,9.17e-07,0.004212076,1.25e-06,0.000522416,0.00604799,0.001208248,0.001061749,0.000688332,0.001046331,0.003522078,0.000379416,0.000223333,0.0001325
355,5.704996,0.01565631,1.25e-06,0.004927742,1.167e-06,0.000506832,0.004658743,0.001278248,0.001077665,0.000700082,0.001065165,0.000694165,0.000375416,0.00023975,0.000130083
356,5.720653,0.01749339,1.25e-06,0.002462746,8.34e-07,0.000567499,0.000663749,0.003211661,0.007443571,0.000695332,0.001056165,0.000685583,0.000365416,0.000209749,0.000129833
357,5.738146,0.01540748,1.083e-06,0.001906581,7.5e-07,0.000431582,0.000663249,0.003240245,0.006000824,0.000697248,0.001068665,0.000689166,0.000366749,0.00020975,0.000131583
358,5.753553,0.01779464,1.083e-06,0.002722996,8.33e-07,0.000430749,0.000663583,0.001254414,0.001068998,0.000701833,0.009508651,0.000721082,0.000367749,0.000216,0.000136667
359,5.771348,0.01626189,9.16e-07,0.002595996,7.5e-07,0.000446999,0.000662499,0.001191748,0.001070249,0.000692748,0.008167737,0.000718249,0.000368749,0.000213167,0.000132083
360,5.78761,0.01703881,9.17e-07,0.00189308,5.84e-07,0.000427832,0.000676499,0.001210332,0.001077081,0.000706082,0.001064415,0.000693916,0.002418496,0.006725322,0.00014425
361,5.804649,0.01153306,1.333e-06,0.002715579,1.25e-06,0.000456916,0.000665249,0.001206498,0.001064582,0.000684582,0.001047915,0.000687082,0.000365499,0.000206667,0.002429912
362,5.816182,0.008983319,1.25e-06,0.002511496,7.5e-07,0.000444416,0.000647332,0.001188332,0.001060081,0.000685999,0.001047665,0.000690999,0.00036925,0.000205999,0.00012975
363,5.825165,0.01925364,1.333e-06,0.004160493,9.17e-07,0.000487666,0.006235406,0.001194498,0.001074332,0.000690166,0.001057164,0.000681749,0.000410583,0.003128495,0.000130833
364,5.844419,0.01566056,1.167e-06,0.004901075,7.5e-07,0.000558332,0.004637826,0.001200415,0.001111415,0.000703499,0.001063498,0.000703332,0.000373333,0.000271916,0.000134
365,5.860079,0.01754747,1.25e-06,0.002453413,7.5e-07,0.000393499,0.000659916,0.003367744,0.007489155,0.000729498,0.001054249,0.000684832,0.000366583,0.000213833,0.000132749
366,5.877627,0.01547256,1.167e-06,0.00187833,7.5e-07,0.000437833,0.000657165,0.003256328,0.00597974,0.000748583,0.001107498,0.000690915,0.000368833,0.000214166,0.00013125
367,5.893099,0.01788955,1.084e-06,0.002726328,1e-06,0.000423916,0.000663499,0.001271248,0.001070415,0.000695166,0.009560068,0.000754998,0.00037075,0.000216833,0.000134249
368,5.910989,0.01657889,1.334e-06,0.002588662,7.5e-07,0.000459666,0.000685415,0.001197082,0.001070165,0.000693915,0.003874994,0.005284825,0.000369749,0.000218,0.000134333
369,5.927568,0.01706497,1.166e-06,0.00192208,5.84e-07,0.000424249,0.000663749,0.001198165,0.001068165,0.000696499,0.001075164,0.000694916,0.002448496,0.006736406,0.000135333
370,5.944633,0.01154456,1.333e-06,0.002725912,6.67e-07,0.000434749,0.000655166,0.001186331,0.001055915,0.000687082,0.001056749,0.000691665,0.000366333,0.000200666,0.002481996
371,5.956177,0.008893402,1.166e-06,0.002467246,8.34e-07,0.000393916,0.000660832,0.001185498,0.001055582,0.000691415,0.001055165,0.000685249,0.000366333,0.000206749,0.000123417
372,5.965071,0.01954147,1.083e-06,0.004429576,7.5e-07,0.000473999,0.00615024,0.001193249,0.001121748,0.000692499,0.001050748,0.000684749,0.000399832,0.003210495,0.0001325
373,5.984612,0.01563056,1.417e-06,0.004909825,1.167e-06,0.000515415,0.004681909,0.001212499,0.001111414,0.000700083,0.001063915,0.000706165,0.000371166,0.00021475,0.000140833
374,6.000243,0.01757005,1.333e-06,0.002486163,8.33e-07,0.000393416,0.000656082,0.003392828,0.007473071,0.000693582,0.001059082,0.000693249,0.000368083,0.000219583,0.000132749
375,6.017813,0.01539014,1.167e-06,0.00190208,8.34e-07,0.000403416,0.000663082,0.003270078,0.00598349,0.000694916,0.001057331,0.000692916,0.000367333,0.000210833,0.000142666
376,6.033203,0.01792705,1.083e-06,0.002767246,7.5e-07,0.000434499,0.000663333,0.001270664,0.001067415,0.000694666,0.009497317,0.000734583,0.000431166,0.000227416,0.000136916
377,6.05113,0.01644914,1.333e-06,0.002586163,9.16e-07,0.000423666,0.000677666,0.001194414,0.001066332,0.000697666,0.001061498,0.008007403,0.00037275,0.000226,0.000133333
378,6.067579,0.01709472,1.083e-06,0.001927247,6.67e-07,0.000404916,0.000645749,0.001195498,0.001067415,0.000690165,0.001061999,0.000700415,0.002502329,0.006763989,0.00013325
379,6.084674,0.0109454,9.17e-07,0.002722745,6.67e-07,0.000424833,0.000667249,0.001187914,0.001093249,0.000693748,0.001055582,0.000687166,0.000367332,0.000212167,0.00183183
380,6.095619,0.009069402,1.333e-06,0.002448829,6.67e-07,0.000462833,0.000659749,0.001183081,0.001060082,0.000802748,0.001065249,0.000689332,0.000367416,0.000209749,0.000118334
381,6.104689,0.01894755,1.5e-06,0.004212327,1.416e-06,0.000439499,0.005974491,0.001195331,0.001064748,0.000688416,0.001049165,0.000683582,0.000368333,0.003137411,0.000131334
382,6.123636,0.01558372,1.5e-06,0.004889409,1.083e-06,0.000663832,0.004530576,0.001197165,0.001121498,0.000700333,0.001059498,0.000695332,0.000372666,0.00021725,0.000133583
383,6.13922,0.01751605,1.167e-06,0.002464496,1.167e-06,0.000415082,0.000733166,0.003302744,0.007449238,0.000696749,0.001054332,0.000682332,0.000367999,0.000214583,0.000133
384,6.156736,0.01550947,1.333e-06,0.001898081,5e-07,0.000402582,0.000663249,0.003320245,0.006015907,0.000699332,0.001049082,0.000743165,0.000369583,0.000212749,0.000133667
385,6.172246,0.0178158,1.333e-06,0.002709662,7.5e-07,0.000449916,0.000665416,0.001284248,0.001074915,0.000711665,0.009476235,0.000722582,0.000367999,0.0002165,0.000134583
386,6.190061,0.01640297,1.333e-06,0.002623579,6.67e-07,0.000430249,0.000664915,0.001193582,0.001085998,0.000695249,0.003167495,0.00582074,0.000367416,0.00021775,0.000134
387,6.206464,0.01703539,1.167e-06,0.001919997,5.83e-07,0.000409833,0.000655582,0.001212665,0.001072748,0.000694332,0.001062832,0.000703249,0.002440079,0.006728572,0.00013375
388,6.2235,0.01174765,1.25e-06,0.002928412,6.67e-07,0.000425166,0.000666999,0.001207164,0.001054665,0.000685916,0.001052665,0.000685165,0.000373916,0.000205833,0.00245983
389,6.235247,0.008562236,1.166e-06,0.002037664,7.5e-07,0.000438832,0.000667249,0.001228415,0.001055915,0.000685915,0.001068999,0.000686082,0.000367749,0.000203166,0.000120334
390,6.24381,0.01870664,1.084e-06,0.004200993,9.17e-07,0.000530415,0.005629074,0.001222082,0.001067248,0.000691916,0.001049915,0.000683415,0.000384166,0.003112162,0.00013325
391,6.262516,0.01571922,1.083e-06,0.004889326,8.33e-07,0.000593666,0.004606159,0.001205331,0.001111415,0.000702249,0.001056248,0.000702499,0.000373999,0.000342166,0.00013425
392,6.278235,0.01820864,1.5e-06,0.002459246,7.5e-07,0.000437166,0.000666665,0.003364995,0.007461571,0.000694249,0.001710747,0.000695666,0.000366499,0.000213583,0.000136
393,6.296444,0.01560039,1e-06,0.00190733,6.67e-07,0.000437916,0.000665415,0.003916911,0.005500907,0.000711499,0.001057415,0.000687499,0.000366666,0.000213333,0.000133833
394,6.312044,0.01825055,1.167e-06,0.002782995,9.17e-07,0.000748332,0.000691415,0.001208248,0.001118665,0.002885662,0.007398238,0.000697582,0.000369666,0.00020925,0.000138417
395,6.330295,0.01662472,1e-06,0.002540662,6.67e-07,0.000419249,0.000664166,0.001200498,0.001068498,0.000697082,0.00838307,0.000914998,0.00037575,0.000225499,0.000133583
396,6.34692,0.01707222,1.5e-06,0.001912414,5.83e-07,0.000431916,0.000661249,0.001191915,0.001070415,0.000697749,0.003232745,0.007150988,0.000368833,0.000217499,0.000134417
397,6.363992,0.01658247,1.167e-06,0.002722246,1e-06,0.000428916,0.000667248,0.001184415,0.001060082,0.000685499,0.001061748,0.008012987,0.000399166,0.000224416,0.000133583
398,6.380574,0.009071735,1.083e-06,0.002441913,7.5e-07,0.000411582,0.000662749,0.001184665,0.001056915,0.000684332,0.001212915,0.000706749,0.000373916,0.000214583,0.000119583
399,6.389646,0.00857382,1.167e-06,0.001908747,8.33e-07,0.000418583,0.000662249,0.001189498,0.001060248,0.000843582,0.001071665,0.000699999,0.000372499,0.0002195,0.00012525
400,6.39822,0.01870972,1.167e-06,0.004803158,1.334e-06,0.000581249,0.004795742,0.001189581,0.004142244,0.000706165,0.001067498,0.000701583,0.000372832,0.00021725,0.000129916
401,6.41693,0.01645072,1.166e-06,0.004685659,1.084e-06,0.000436249,0.005908407,0.001201748,0.001067665,0.000695415,0.001053915,0.000690083,0.000368249,0.000206916,0.000134167
402,6.43338,0.01555148,1.333e-06,0.001920164,5.83e-07,0.002926912,0.005309908,0.001191581,0.001068999,0.000687499,0.001052331,0.000684082,0.000368,0.000208916,0.000131167
403,6.448932,0.01803764,1.25e-06,0.002883745,8.33e-07,0.000482416,0.000695582,0.003352328,0.007439488,0.000692666,0.001070664,0.000691583,0.000369166,0.000213749,0.000144167
404,6.46697,0.01628522,1.25e-06,0.002467246,5.83e-07,0.00044175,0.000664415,0.003259412,0.006140573,0.000695582,0.001050582,0.000828082,0.000372832,0.000220167,0.00014275
405,6.483255,0.01708072,1e-06,0.001930247,7.5e-07,0.000405499,0.000661582,0.001208498,0.001066499,0.002946328,0.007422072,0.000709415,0.000371666,0.00022325,0.000133916
406,6.500335,0.01641297,1.25e-06,0.002758746,7.5e-07,0.000419832,0.000662999,0.001270832,0.001071998,0.000702749,0.008076486,0.000724916,0.000367749,0.000221417,0.000133249
407,6.516748,0.01774222,1.083e-06,0.002563162,6.67e-07,0.000432249,0.000662083,0.001189081,0.001055332,0.000702082,0.001201331,0.000705666,0.002376412,0.006718823,0.00013425
408,6.534491,0.01569747,1.584e-06,0.001886913,6.67e-07,0.000434583,0.000683248,0.001241165,0.001073248,0.000703499,0.001063582,0.000697082,0.002364829,0.005411992,0.000135083
409,6.550188,0.009477734,1e-06,0.002847995,6.67e-07,0.000461749,0.000680749,0.001219915,0.001070831,0.000695499,0.001094582,0.000697248,0.000372667,0.000213749,0.000121083
410,6.559666,0.009378484,2.5333e-05,0.002610579,7.5e-07,0.000483916,0.000665749,0.001196831,0.001071165,0.000697166,0.001062665,0.000699415,0.000517749,0.000218,0.000129166
411,6.569044,0.01388473,1.167e-06,0.004148493,1e-06,0.000527833,0.003781493,0.001193915,0.001059498,0.000690833,0.001051915,0.000720165,0.000368499,0.0002065,0.000133417
412,6.582929,0.01910863,1.166e-06,0.002763329,1e-06,0.000420666,0.000660582,0.004150827,0.007960654,0.000699165,0.001052165,0.000683416,0.000367082,0.000214167,0.000134416
413,6.602038,0.0192853,1.583e-06,0.002472163,9.16e-07,0.000413333,0.000662249,0.008541236,0.001081248,0.000691582,0.001058749,0.000686499,0.000414249,0.003127828,0.000133667
414,6.621323,0.01736097,1.25e-06,0.001912331,5e-07,0.002670995,0.007167822,0.001222665,0.001078498,0.000699915,0.001059499,0.000818998,0.000373,0.000221333,0.000134166
415,6.638684,0.01668131,1.167e-06,0.002769079,1.083e-06,0.002579746,0.005780907,0.001196748,0.001181915,0.000692832,0.001051082,0.000681499,0.000394666,0.000218249,0.000132334
416,6.655365,0.01745314,1.166e-06,0.00245458,9.16e-07,0.000472916,0.000672499,0.003370995,0.007326154,0.000697666,0.001055082,0.000682415,0.000368166,0.000219,0.000131583
417,6.672818,0.01543064,1.083e-06,0.00203983,6.67e-07,0.000436333,0.000682165,0.003006662,0.006110407,0.000694332,0.001053748,0.000684166,0.000367833,0.000210833,0.000142583
418,6.688249,0.01811072,8.33e-07,0.002734912,1e-06,0.000582916,0.000672749,0.001193831,0.001082832,0.000695666,0.0096649,0.000739916,0.000373333,0.000231999,0.000135833
419,6.70636,0.01605089,1.083e-06,0.002451663,9.16e-07,0.000446583,0.000660666,0.001195414,0.001067332,0.000695082,0.008059654,0.000737082,0.000373249,0.00022825,0.000133916
420,6.722411,0.01702906,1.167e-06,0.001918247,6.66e-07,0.000455583,0.000655999,0.001190165,0.001069165,0.000694998,0.001058665,0.000695999,0.00246833,0.006684822,0.00013525
421,6.73944,0.01682656,8.34e-07,0.002747162,1.083e-06,0.000439166,0.000666249,0.001181831,0.001060415,0.000848166,0.001193581,0.000704999,0.002438912,0.005407075,0.000137083
422,6.756266,0.009132152,1.334e-06,0.002452829,8.33e-07,0.000426333,0.000748749,0.001260331,0.001069081,0.000694083,0.001069165,0.000700082,0.000372666,0.000215666,0.000121
423,6.765398,0.01267015,1.417e-06,0.001929247,5.83e-07,0.000626249,0.001616998,0.004221076,0.001073415,0.000719249,0.001061748,0.000697666,0.000371416,0.000221666,0.000129417
424,6.778069,0.01554939,1.25e-06,0.004774659,1e-06,0.000607999,0.004696159,0.001218914,0.001077082,0.000698416,0.001059165,0.000692665,0.000373833,0.000216583,0.000131666
425,6.793618,0.0175998,1.417e-06,0.002468246,9.16e-07,0.000419166,0.000662833,0.003402994,0.007489404,0.000703583,0.001053331,0.000685749,0.000367083,0.000211083,0.000134
426,6.811218,0.01546123,1.083e-06,0.002122997,8.33e-07,0.000410916,0.000683416,0.002934078,0.006150907,0.000695082,0.001055999,0.000691248,0.000367666,0.000213667,0.000133333
427,6.826679,0.02083605,9.17e-07,0.002855662,1e-06,0.000432749,0.000666666,0.001205914,0.001064082,0.009178735,0.001098915,0.000692666,0.003278828,0.000226332,0.000133584
428,6.847515,0.01655514,1.25e-06,0.002458663,8.33e-07,0.000463749,0.000667749,0.008559236,0.001092249,0.000698082,0.001122915,0.000753665,0.000376083,0.000219583,0.000141083
429,6.86407,0.01680972,1.083e-06,0.001905247,9.17e-07,0.000413166,0.000660582,0.003161161,0.007509155,0.000702165,0.001054832,0.000682999,0.000366249,0.000217917,0.000134249
430,6.88088,0.01657089,1e-06,0.002766829,1e-06,0.000447333,0.000664832,0.001197748,0.00830357,0.000709665,0.001057249,0.000693249,0.000367582,0.000217333,0.0001435
431,6.897451,0.01777722,1.25e-06,0.002555163,5.83e-07,0.000406416,0.000685166,0.001196748,0.001067498,0.000709499,0.009723817,0.000713916,0.000368249,0.00021525,0.000133666
432,6.915228,0.0185098,1e-06,0.001921247,6.67e-07,0.000424916,0.000660665,0.001195915,0.001066498,0.002928162,0.00602049,0.003556911,0.00037675,0.000224749,0.000131833
433,6.933738,0.0179863,1.083e-06,0.002762579,1.167e-06,0.000477166,0.000670832,0.001277915,0.003204244,0.007122906,0.001068414,0.000688166,0.000365666,0.000212083,0.000134083
434,6.951724,0.01627156,1.083e-06,0.002444496,1e-06,0.000424999,0.000659666,0.001186165,0.003254244,0.005713158,0.001072081,0.000686666,0.000372916,0.000320583,0.000134499
435,6.967996,0.01991747,1.333e-06,0.001914913,9.17e-07,0.000407416,0.000663832,0.006181574,0.007445237,0.000694416,0.001065165,0.000720999,0.000369082,0.000209917,0.000242666
436,6.987913,0.02209813,1.167e-06,0.002771996,7.5e-07,0.000434249,0.000888165,0.003481244,0.01042973,0.000893749,0.001390498,0.000871832,0.000557332,0.000241,0.000136416
437,7.010011,0.01972197,1.167e-06,0.004661076,7.5e-07,0.000510416,0.007546237,0.001646664,0.001401165,0.000870498,0.001375665,0.000871998,0.000476,0.000228082,0.00013225
438,7.029733,0.02005822,1.5e-06,0.004050243,9.17e-07,0.000496249,0.005689908,0.001578664,0.001395998,0.000869998,0.001377081,0.003750827,0.000481,0.000232249,0.000133583
439,7.049792,0.02042905,1.166e-06,0.004949076,7.5e-07,0.000453499,0.007914654,0.001715747,0.001420747,0.000882416,0.001385331,0.000867415,0.000476333,0.000227999,0.000133917
440,7.070221,0.0180403,9.17e-07,0.004718575,1e-06,0.000462166,0.005878657,0.001582248,0.001446914,0.000875999,0.001377497,0.000863832,0.000474249,0.000225417,0.000132833
441,7.088261,0.02217071,1.25e-06,0.004869909,8.33e-07,0.000498666,0.006874905,0.001604581,0.004227743,0.000927832,0.001420248,0.000891415,0.000484416,0.000233833,0.000135083
442,7.110432,0.01854222,1.25e-06,0.004958325,1e-06,0.000551916,0.006111323,0.001577997,0.001387998,0.000869082,0.001379748,0.000866915,0.000476249,0.00022725,0.000133166
443,7.128974,0.02250413,1.084e-06,0.004792909,7.5e-07,0.000594749,0.007248154,0.001585914,0.001389082,0.000869165,0.001380081,0.003905077,0.000372916,0.000219333,0.000144916
444,7.151478,0.01441448,1.166e-06,0.004074827,7.5e-07,0.000538749,0.004266077,0.001261914,0.001087999,0.000703832,0.001059915,0.000701165,0.000372583,0.000215583,0.000129916
445,7.165892,0.01802589,1.166e-06,0.002764912,7.5e-07,0.000465166,0.000793749,0.003392411,0.007462071,0.000693083,0.001048665,0.000684832,0.000365416,0.000222,0.000131666
446,7.183918,0.01612272,1.416e-06,0.002452496,1e-06,0.000423083,0.000659499,0.001182165,0.003112411,0.005820824,0.001070582,0.000688332,0.000366333,0.000214749,0.000129834
447,7.200041,0.01705755,1.25e-06,0.002159746,6.67e-07,0.000437166,0.000682415,0.001194082,0.001070081,0.000691916,0.002949162,0.007139738,0.000378749,0.000217917,0.000134666
448,7.217099,0.01655022,1.583e-06,0.002768163,7.5e-07,0.000429416,0.000641999,0.001193914,0.001066082,0.000693165,0.001060915,0.007896738,0.000429749,0.000230083,0.000137666
449,7.233649,0.0119624,1.083e-06,0.002492413,1e-06,0.000449749,0.000660082,0.001194332,0.001069915,0.001376164,0.001064498,0.000694499,0.000378333,0.000216416,0.002363913
450,7.245611,0.008339236,1.25e-06,0.00191633,5.83e-07,0.0003985,0.000661165,0.001188831,0.001059082,0.000685249,0.001055332,0.000684082,0.000366833,0.000203833,0.000118166
451,7.25395,0.01480023,1.333e-06,0.004934242,1e-06,0.000500916,0.003973077,0.001198248,0.001063165,0.000684916,0.001052165,0.000686165,0.000367166,0.00020625,0.000131583
452,7.268751,0.02064372,9.16e-07,0.002635913,9.16e-07,0.000394583,0.000661749,0.001194081,0.009697235,0.000700332,0.001096415,0.003519161,0.000373916,0.000234749,0.00013375
453,7.289394,0.01441931,1.25e-06,0.004073743,9.17e-07,0.000563582,0.004264993,0.001255498,0.001076582,0.000702082,0.001057498,0.000698166,0.000372583,0.000218749,0.000133667
454,7.303814,0.01512981,1.083e-06,0.002746246,1e-06,0.000388083,0.000666165,0.001192415,0.006924905,0.000742082,0.001060165,0.000684999,0.000369083,0.000219666,0.000133917
455,7.318943,0.01604814,1.166e-06,0.002438913,8.33e-07,0.000417916,0.000666082,0.001187999,0.001081081,0.000689416,0.001060248,0.007765404,0.000376083,0.000228083,0.000134916
456,7.334992,0.02007263,1.416e-06,0.002045414,6.66e-07,0.00043575,0.000666665,0.001195915,0.003988577,0.002884995,0.007425738,0.000709499,0.000367582,0.00021625,0.000134167
457,7.355064,0.01954514,1.666e-06,0.002960996,9.16e-07,0.000439083,0.000889915,0.001581914,0.001409915,0.008950318,0.001459248,0.000939915,0.000507749,0.000269833,0.000133667
458,7.374609,0.02059922,1.083e-06,0.002511329,1.084e-06,0.000445416,0.000889415,0.001576497,0.01116207,0.000907248,0.001387414,0.000866249,0.000476083,0.000233916,0.000141416
459,7.395209,0.01825305,1.167e-06,0.001892663,6.67e-07,0.002705996,0.006633739,0.00162733,0.001438748,0.000873165,0.001377581,0.000872499,0.000474583,0.000223249,0.000131667
460,7.413462,0.02037813,1.25e-06,0.004920909,8.33e-07,0.000462666,0.007930321,0.001589747,0.001485164,0.000881416,0.001387164,0.000875082,0.000480416,0.000228666,0.0001345
461,7.43384,0.01511073,1e-06,0.004681409,7.5e-07,0.000505666,0.004469826,0.001205331,0.001072915,0.000698749,0.001063332,0.000694082,0.000371249,0.00021525,0.000131166
462,7.448951,0.01684531,1.333e-06,0.001914413,6.67e-07,0.000410416,0.000660082,0.003181162,0.007461738,0.000699082,0.001078748,0.000719832,0.000368,0.000215749,0.000134083
463,7.465796,0.01664022,1.083e-06,0.002711579,7.5e-07,0.000462,0.000817082,0.003316744,0.00614549,0.000704749,0.001052248,0.000686333,0.000393916,0.000215166,0.000133083
464,7.482436,0.02077647,1.25e-06,0.002574996,1.083e-06,0.000407166,0.000682666,0.001199581,0.001064415,0.000696749,0.009767484,0.000717582,0.0003935,0.003136495,0.000133499
465,7.503213,0.01574272,1.25e-06,0.001921747,5.83e-07,0.000469832,0.002771996,0.006297073,0.001087165,0.000697665,0.001073332,0.000694666,0.000373249,0.000223333,0.000130833
466,7.518955,0.01762556,1e-06,0.002757329,9.17e-07,0.000405499,0.000662749,0.001196582,0.009342568,0.000771415,0.001083082,0.000687665,0.00036775,0.000217499,0.0001315
467,7.536581,0.01619122,1.584e-06,0.002443079,1.083e-06,0.000414583,0.000661832,0.001221998,0.003116162,0.005849824,0.001071081,0.000686499,0.000367833,0.000211583,0.000144083
468,7.552772,0.01702506,1.083e-06,0.001909747,6.67e-07,0.000521249,0.000687582,0.001201915,0.001071165,0.000698332,0.003054495,0.007155155,0.000369749,0.000219667,0.00013425
469,7.569797,0.01705439,1.167e-06,0.002907245,7.5e-07,0.000536583,0.000672082,0.001212498,0.001067832,0.000694165,0.001062665,0.007834654,0.000376999,0.000553249,0.0001345
470,7.586851,0.009023152,1.167e-06,0.002488913,9.16e-07,0.000439416,0.000665666,0.001196665,0.001070581,0.000703249,0.001059915,0.000694416,0.000369499,0.0002135,0.000119249
471,7.595875,0.008406403,1.417e-06,0.001925747,7.5e-07,0.000435082,0.000663166,0.001187415,0.001054748,0.000686165,0.001046082,0.000710582,0.0003675,0.000204999,0.00012275
472,7.604281,0.01470523,8.33e-07,0.004978909,8.33e-07,0.000556499,0.003773494,0.001193832,0.001072165,0.000688498,0.001048499,0.000684749,0.000365999,0.000208583,0.000132333
473,7.618986,0.01781347,1.25e-06,0.002563912,8.33e-07,0.00043275,0.000687582,0.003260745,0.007455987,0.000702999,0.001048249,0.000684248,0.0003675,0.000468499,0.000138917
474,7.6368,0.01548706,1.25e-06,0.001907413,5.83e-07,0.0004295,0.000666832,0.003127912,0.006104073,0.000696499,0.001098748,0.000714582,0.000371666,0.00022375,0.00014425
475,7.652287,0.0178433,1.416e-06,0.002766163,8.33e-07,0.000425583,0.000663832,0.001195581,0.001068998,0.000695166,0.009564734,0.000732333,0.000368749,0.000215583,0.000144333
476,7.67013,0.01605831,1.083e-06,0.002489246,7.5e-07,0.000412333,0.000667332,0.001183415,0.001057165,0.000684832,0.001113415,0.007714071,0.000383249,0.000216833,0.000134583
477,7.686188,0.02003497,1.25e-06,0.001959664,6.66e-07,0.000414666,0.000663249,0.001190998,0.001143165,0.003520078,0.009702901,0.000718082,0.000368082,0.00022,0.000132166
478,7.706223,0.01696206,9.16e-07,0.002929162,1.083e-06,0.000404833,0.000662166,0.001201498,0.001067331,0.000700832,0.008264487,0.000821915,0.000509666,0.000265,0.000133166
479,7.723185,0.01497748,1.166e-06,0.002468746,7.5e-07,0.000393083,0.000657582,0.001192248,0.001063415,0.000697249,0.001057748,0.000696416,0.000370583,0.006242406,0.000136083
480,7.738163,0.00841457,1.167e-06,0.00194433,5e-07,0.000443833,0.000660748,0.001186832,0.001060665,0.000697415,0.001049249,0.000684165,0.000366,0.000204083,0.000115583
481,7.746577,0.0116484,8.33e-07,0.004929159,1.167e-06,0.000546999,0.000801582,0.001185915,0.001058331,0.000689332,0.001047582,0.000686916,0.000366416,0.000202499,0.000131667
482,7.758226,0.01568364,8.33e-07,0.002545913,7.5e-07,0.000442249,0.000550499,0.001029748,0.000890582,0.000600249,0.002872079,0.006095407,0.000308416,0.000213999,0.000132917
483,7.773909,0.007670154,1.167e-06,0.002061247,6.66e-07,0.000445333,0.000557166,0.000982748,0.000886165,0.000604833,0.000894748,0.000599499,0.000311416,0.000208833,0.000116333
484,7.78158,0.01116882,1.25e-06,0.002629829,1.084e-06,0.000439999,0.000547582,0.003904744,0.000900999,0.000603082,0.000882915,0.000603416,0.000312999,0.000213417,0.000127499
485,7.792748,0.01613214,1.25e-06,0.004629326,6.66e-07,0.000538666,0.005574991,0.001192415,0.001059831,0.000694583,0.001049331,0.000684999,0.000367999,0.000206667,0.000131416
486,7.808881,0.01334231,9.17e-07,0.001916747,5e-07,0.002391996,0.00361291,0.001212248,0.001068415,0.000688999,0.001050915,0.000684666,0.000367166,0.000215249,0.000131584
487,7.822223,0.01793755,1.5e-06,0.002740495,7.5e-07,0.000395583,0.000661915,0.001179582,0.001141248,0.000712999,0.009506651,0.000869999,0.000373332,0.000221,0.0001325
488,7.84016,0.01636514,1.25e-06,0.002579829,6.66e-07,0.000424,0.000688332,0.001205165,0.001072665,0.002887912,0.00609649,0.000699665,0.000367333,0.000209833,0.000132
489,7.856526,0.01716314,1.25e-06,0.00191633,5.84e-07,0.000394416,0.000665665,0.001193748,0.001066165,0.000692582,0.003290912,0.007200655,0.000371916,0.000233666,0.00013525
490,7.873689,0.01677222,1.083e-06,0.002797996,1.083e-06,0.000403666,0.000663082,0.001250498,0.001073665,0.000700416,0.001061414,0.008065321,0.000380416,0.000237416,0.000136166
491,7.890461,0.009013402,1.167e-06,0.002579496,1.083e-06,0.000421333,0.000662915,0.001180748,0.001053582,0.000683666,0.001055831,0.000685082,0.000367416,0.000204083,0.000117
492,7.899474,0.01130648,1.25e-06,0.001902913,1.083e-06,0.0004275,0.000666082,0.001204415,0.001060915,0.000690332,0.001050831,0.000693583,0.000370999,0.003108912,0.000127666
493,7.910781,0.01251698,1.167e-06,0.002480163,8.33e-07,0.001045498,0.000671999,0.001185081,0.001065082,0.000685999,0.001044665,0.000716915,0.000373083,0.003107412,0.000139083
494,7.923298,0.01699239,8.33e-07,0.004578909,1.084e-06,0.000483999,0.006468239,0.001205582,0.001073748,0.000697915,0.001062749,0.000694165,0.000372166,0.00021975,0.00013325
495,7.94029,0.01544956,1.083e-06,0.001883081,7.5e-07,0.002735328,0.005322825,0.001215665,0.001092831,0.000713416,0.001061915,0.000696832,0.000372999,0.000217333,0.0001355
496,7.95574,0.01799447,1.417e-06,0.002760162,5.83e-07,0.000404916,0.000658083,0.003565494,0.007450821,0.000700999,0.001051831,0.000684583,0.000367166,0.000213833,0.000134583
497,7.973734,0.01619606,1e-06,0.002578912,6.67e-07,0.000426416,0.000682665,0.003215245,0.00612799,0.000697749,0.001056081,0.000690166,0.000367749,0.000215083,0.000136333
498,7.98993,0.01975672,1.334e-06,0.00203958,7.5e-07,0.000406249,0.000661332,0.001210748,0.002877412,0.007154072,0.001072998,0.003588078,0.000376833,0.000224999,0.000142333
499,8.009687,0,0,0,0,0,0,0,0,0,0,0,0,0,0

Averages:
0.01601937,1.258968e-06,0.00299533,8.7998e-07,0.0005259425,0.002208773,0.001908397,0.002306086,0.001374958,0.001983701,0.001417492,0.0005573942,0.0005768346,0.0001623281
