OpenCV version: 2.4
Usage: 7-SobelDerivatives <input-number> [<samples>]
input-number - is the video device number. Defaults to zero. E.g. for /dev/video2 just use '2' as argument.
samples - number of samples before application ends. Defaults to 1000; zero means infinite.
sample_number,elapsed_time,frame,mat_alloc,read_img,gpumat_alloc,gpu_frame_upload,convert_color,gaussian_blur,sobel,gpu_frame_download,convert_scale,sobel2,gpu_frame_download2,convert_scale2,add_weighted,show_img
0,0,2.741218,9.5e-06,0.1824789,1.416e-06,2.166703,0.04902884,0.03103512,0.02453838,0.04660701,0.06276399,0.04758217,0.02572138,0.06207124,0.0198618,0.0228153
1,2.741218,0.5778757,1.25e-06,0.1979079,9.17e-07,0.03266712,0.02574113,0.02653946,0.03077179,0.03564286,0.06291665,0.03787819,0.02631096,0.07285239,0.01923997,0.009405152
2,3.319094,0.564162,1.834e-06,0.1810657,9.16e-07,0.02862954,0.0728488,0.03088737,0.02476696,0.02680846,0.06332865,0.02438513,0.02634846,0.0632999,0.01405081,0.007739405
3,3.883256,0.5228062,1.75e-06,0.184425,1.083e-06,0.02841279,0.0138879,0.03056845,0.02234822,0.02595313,0.06299465,0.03961911,0.02611429,0.06264907,0.01403448,0.01179623
4,4.406062,0.5197042,1.583e-06,0.1882436,1.166e-06,0.0210293,0.0292852,0.02685779,0.02124372,0.02605629,0.0640524,0.0283667,0.02642846,0.06364707,0.01519889,0.009291986
5,4.925766,0.6121255,1.333e-06,0.189242,1.083e-06,0.03723228,0.02954387,0.03412128,0.02434138,0.03885977,0.07958629,0.05737849,0.03203795,0.06385498,0.01503681,0.01088798
6,5.537892,0.5115762,1.5e-06,0.1864115,1.167e-06,0.02094272,0.02931937,0.02670471,0.0213548,0.02638421,0.06322548,0.02434955,0.02600104,0.0655149,0.01419914,0.007166072
7,6.049468,0.5842803,1.5e-06,0.1860169,1.083e-06,0.02878937,0.07288697,0.03088054,0.02428946,0.02606488,0.06387057,0.0420396,0.02571788,0.06265732,0.0140419,0.007022322
8,6.633748,0.5765064,1.584e-06,0.1875402,1e-06,0.02853921,0.07296289,0.03076954,0.02387988,0.02581171,0.06328949,0.02835146,0.02638713,0.0630604,0.01518648,0.01072548
9,7.210255,0.5706041,1.5e-06,0.1878859,1.083e-06,0.02845854,0.0729313,0.03079387,0.02397588,0.02594621,0.06319657,0.0243928,0.02606613,0.06512065,0.01479298,0.007040739
10,7.780859,0.51481,1.333e-06,0.1870252,1.083e-06,0.02094872,0.02939804,0.02673687,0.02128655,0.02695012,0.06342123,0.02416363,0.02604929,0.06292249,0.01520656,0.0106989
11,8.295669,0.5168155,1.25e-06,0.1889849,1e-06,0.02096522,0.02927671,0.02670071,0.02127488,0.02682371,0.06430507,0.02441888,0.02647704,0.06634898,0.01424964,0.006987572
12,8.812484,0.5131795,1.333e-06,0.1827949,1e-06,0.02102972,0.02924087,0.02686154,0.02129497,0.02630754,0.06278715,0.02858029,0.02638721,0.06235524,0.01513498,0.01040282
13,9.325664,0.557571,1.25e-06,0.1855525,1e-06,0.02831721,0.04866367,0.03080404,0.02370946,0.02594596,0.06301357,0.04199643,0.02570688,0.06276432,0.01409048,0.007004239
14,9.883235,0.5154677,1.5e-06,0.1843345,1.083e-06,0.02112463,0.02931862,0.02670529,0.02130397,0.02690037,0.06344165,0.02818512,0.02658779,0.06628331,0.01431039,0.006969489
15,10.3987,0.5263034,1.333e-06,0.1877142,1e-06,0.02701837,0.01418081,0.03117337,0.01837722,0.02644188,0.06320798,0.04704309,0.02686587,0.06289515,0.01403089,0.007352238
16,10.92501,0.5197599,1.25e-06,0.1849886,1.167e-06,0.0208708,0.02933237,0.02676104,0.0212808,0.02965095,0.06320423,0.02861637,0.02665746,0.06317749,0.01463331,0.01058407
17,11.44477,0.5175243,1.25e-06,0.1868056,1.167e-06,0.02115522,0.02923979,0.02691979,0.02144605,0.02626204,0.06306732,0.02886812,0.02669687,0.0651239,0.01485948,0.007077656
18,11.96229,0.5758868,1.5e-06,0.1867023,1.083e-06,0.02870062,0.07289664,0.0308202,0.0236523,0.02655838,0.06339757,0.02812754,0.02626913,0.06281057,0.01517789,0.01077107
19,12.53818,0.5767511,1.084e-06,0.1872698,1.167e-06,0.02845379,0.07293639,0.03083562,0.02370446,0.02560429,0.0640059,0.02825729,0.02581571,0.06429357,0.01490464,0.0106674
20,13.11493,0.5182062,1.25e-06,0.1856786,1.333e-06,0.0211818,0.02929695,0.02670454,0.02130447,0.02680454,0.06319123,0.02843621,0.02564596,0.06419898,0.01533264,0.01042765
21,13.63313,0.5148539,1.417e-06,0.187446,1.167e-06,0.0209818,0.0293207,0.02766004,0.02158122,0.02622562,0.06316732,0.02441905,0.02659754,0.06614023,0.01420848,0.007103322
22,14.14799,0.5096843,1.166e-06,0.1848065,8.34e-07,0.02105805,0.0292817,0.02685213,0.02129513,0.02676437,0.06316223,0.02412696,0.02563813,0.0657524,0.01397381,0.006970906
23,14.65767,0.5451859,1.167e-06,0.1871667,1.167e-06,0.02165688,0.04865667,0.03082345,0.0236458,0.02629421,0.06303907,0.02824362,0.02583996,0.06406773,0.01523098,0.01051848
24,15.20286,0.5856153,1.25e-06,0.1876223,1.083e-06,0.02854612,0.07287547,0.03087087,0.02374013,0.02659746,0.06304157,0.04216435,0.02572704,0.06331057,0.01413248,0.006984573
25,15.78847,0.5408622,1.5e-06,0.186734,1.25e-06,0.0212703,0.04859051,0.03087987,0.02380763,0.02665371,0.06319232,0.02461363,0.02619679,0.06309473,0.01534131,0.01048473
26,16.32934,0.5732454,1.25e-06,0.186675,1.083e-06,0.02797496,0.0729353,0.03091595,0.02378846,0.02645346,0.06302757,0.02835946,0.02571438,0.06398048,0.01426573,0.009152403
27,16.90258,0.5128321,1.417e-06,0.1856147,1e-06,0.02096305,0.02925754,0.02785929,0.02138547,0.02587313,0.06413065,0.02436355,0.02621263,0.06585506,0.01418164,0.007132989
28,17.41541,0.5170074,1.083e-06,0.1870919,1e-06,0.02098588,0.0293017,0.02724454,0.0214088,0.02666237,0.06316723,0.02821379,0.02639937,0.06524307,0.01430664,0.006980072
29,17.93242,0.5448997,1.333e-06,0.1873767,1e-06,0.0214498,0.04870692,0.03078612,0.02369263,0.02563004,0.0637219,0.02828112,0.02657088,0.0630954,0.01512289,0.01046298
30,18.47732,0.5718579,1.417e-06,0.1863911,1.084e-06,0.02503213,0.07294214,0.0308532,0.02376746,0.02603013,0.06300332,0.02852687,0.02589021,0.06343948,0.01528289,0.0106964
31,19.04918,0.5206579,1.25e-06,0.1866602,1.333e-06,0.02765512,0.01394298,0.03056012,0.02238255,0.02664204,0.06316848,0.03941177,0.02617304,0.06276357,0.01403631,0.007259072
32,19.56984,0.5206598,1.917e-06,0.1837724,1e-06,0.02704004,0.01397731,0.03123562,0.01825072,0.02571096,0.06344007,0.04726368,0.02602421,0.0627014,0.01399114,0.007249322
33,20.0905,0.5860065,1.25e-06,0.1869763,1.417e-06,0.0285687,0.0729933,0.0308477,0.02373313,0.02592646,0.0640209,0.0422111,0.02670129,0.06273424,0.01427764,0.007013072
34,20.6765,0.5136931,1.25e-06,0.1868206,1.167e-06,0.02091313,0.02931971,0.02679479,0.02138022,0.02656113,0.0632659,0.02475938,0.02610512,0.06593031,0.01482489,0.007015489
35,21.1902,0.5423403,1.583e-06,0.1876955,1.166e-06,0.02129122,0.04864101,0.03086079,0.0238763,0.02630563,0.06328132,0.02453713,0.02904554,0.06557398,0.01429489,0.00693424
36,21.73254,0.5703527,1.583e-06,0.186509,1.083e-06,0.02863646,0.07295388,0.03093195,0.02368205,0.02564088,0.06348732,0.02848437,0.02571271,0.06292715,0.01410731,0.007276988
37,22.30289,0.5493149,1.667e-06,0.1872067,1.083e-06,0.0212623,0.04866901,0.03676269,0.02370263,0.02607337,0.06309215,0.02835096,0.02632638,0.06355148,0.01487764,0.009436819
38,22.8522,0.5141389,1.417e-06,0.1870789,1e-06,0.02103455,0.0293132,0.02796912,0.02204088,0.02646296,0.06326007,0.02434638,0.02542704,0.06611473,0.01407298,0.007015739
39,23.36634,0.5134786,1.417e-06,0.1867705,1.083e-06,0.02097155,0.02936004,0.02675262,0.02138147,0.02723446,0.06323665,0.02438121,0.02632554,0.06553998,0.01443831,0.007083739
40,23.87982,0.5279272,1.583e-06,0.1872107,9.17e-07,0.02100963,0.02930279,0.02669246,0.02134797,0.02642654,0.06327598,0.04184235,0.02583454,0.06381548,0.01405898,0.007107239
41,24.40775,0.575615,1.25e-06,0.186993,1.083e-06,0.02873087,0.07292514,0.03083812,0.02371738,0.02611279,0.06299749,0.02839037,0.02638463,0.0631039,0.01488589,0.01053315
42,24.98336,0.5138285,1.25e-06,0.1875945,1.167e-06,0.02115605,0.02932979,0.02668346,0.02128813,0.02663496,0.06315965,0.02476479,0.02633971,0.06555923,0.01420156,0.007114323
43,25.49719,0.5146961,1.25e-06,0.1889113,1.166e-06,0.02095147,0.02925595,0.02674237,0.02142197,0.02681038,0.06319823,0.02431155,0.02632254,0.06521415,0.01445081,0.007102989
44,26.01189,0.5401663,1.167e-06,0.1876534,1.083e-06,0.0212198,0.04861267,0.03086512,0.02396205,0.02650913,0.06343148,0.0243783,0.02618796,0.06525956,0.01500348,0.007081155
45,26.55205,0.5740143,1.417e-06,0.1866833,1.083e-06,0.02717462,0.07286622,0.03087962,0.02378771,0.02638404,0.06304673,0.02831979,0.02535221,0.06378873,0.01519398,0.01053482
46,27.12607,0.5758253,1.584e-06,0.1866875,1.083e-06,0.0285367,0.07288739,0.03114295,0.0236643,0.02605521,0.06304915,0.02833929,0.02669654,0.06310198,0.01524123,0.01042032
47,27.70189,0.5136684,1.334e-06,0.186887,1e-06,0.02121922,0.0292717,0.02678754,0.02135338,0.02608554,0.06317615,0.02475546,0.02631021,0.06486682,0.01493789,0.008015154
48,28.21556,0.5862863,1.25e-06,0.1877323,1.417e-06,0.02880362,0.07290105,0.03093795,0.02429955,0.02700162,0.06313232,0.04192318,0.02563988,0.06281323,0.01409623,0.007002739
49,28.80185,0.5239882,1.333e-06,0.1853683,1e-06,0.02656813,0.01393765,0.03097987,0.01827447,0.02621729,0.06357057,0.04746626,0.02703896,0.06321373,0.01409189,0.007258739
50,29.32584,0.5719318,1.417e-06,0.1846903,1.083e-06,0.02729346,0.07290389,0.0308257,0.02373655,0.02575921,0.06401665,0.02814329,0.02556446,0.06308282,0.01495798,0.01095498
51,29.89777,0.5141426,1.667e-06,0.187398,1.083e-06,0.02115688,0.02931554,0.02673896,0.02144588,0.02701062,0.06323832,0.02474221,0.02591946,0.06548006,0.01465356,0.007040405
52,30.41191,0.5698345,1.167e-06,0.1860041,8.33e-07,0.02713196,0.07296597,0.0308427,0.02379013,0.02562796,0.06411457,0.02852296,0.02642929,0.06315274,0.01427148,0.006978655
53,30.98175,0.5144013,1.5e-06,0.187139,1.167e-06,0.0212363,0.02931412,0.02679496,0.02134455,0.02687604,0.06350398,0.02449338,0.02628487,0.06539457,0.01488189,0.007134989
54,31.49615,0.5662694,1.333e-06,0.1838924,1e-06,0.02722154,0.07291989,0.03088354,0.02392096,0.02634746,0.06323598,0.02444355,0.02630846,0.06524165,0.01480864,0.007042989
55,32.06242,0.5739768,1.25e-06,0.185238,1.333e-06,0.02832546,0.07283689,0.03087537,0.02367721,0.02647271,0.0629044,0.02846396,0.02642721,0.06323215,0.01509064,0.01043023
56,32.63639,0.5164249,1.416e-06,0.1856858,1.166e-06,0.02106522,0.02932479,0.02674029,0.02140322,0.02675754,0.06322049,0.02843895,0.02563779,0.06539123,0.01507523,0.007681821
57,33.15282,0.5158164,1.083e-06,0.1890949,1.084e-06,0.0209983,0.02931087,0.02688954,0.0214278,0.02666012,0.06320557,0.02458754,0.02565496,0.0667789,0.01422481,0.006980989
58,33.66863,0.5715379,2.083e-06,0.1875654,1e-06,0.02555613,0.07291447,0.03094045,0.02374696,0.02597238,0.06305307,0.02894371,0.02711812,0.06320007,0.01404064,0.008483404
59,34.24017,0.5417444,1.416e-06,0.1877566,1.167e-06,0.02117755,0.04864134,0.03081662,0.02395105,0.02620996,0.0631839,0.02434055,0.02706879,0.06310965,0.01550197,0.009983818
60,34.78192,0.5423482,1.333e-06,0.1864932,1e-06,0.02117263,0.04868042,0.03078387,0.0238828,0.02586513,0.06309848,0.02827612,0.02635104,0.06278332,0.01533448,0.009624318
61,35.32426,0.520601,1.25e-06,0.1890856,1.167e-06,0.02085755,0.02923671,0.02659163,0.02136372,0.02678696,0.06320907,0.02849662,0.02631979,0.06314307,0.01545414,0.01005373
62,35.84487,0.5774588,1.334e-06,0.1885035,1.084e-06,0.02878896,0.07290088,0.0308357,0.0237848,0.02639862,0.0632214,0.02825196,0.02533771,0.06372773,0.01480973,0.0108954
63,36.42232,0.5193072,1.333e-06,0.1877315,1.084e-06,0.02086605,0.02932545,0.02671904,0.02146422,0.02602954,0.0647749,0.02830812,0.02653688,0.06602706,0.01454673,0.006975322
64,36.94163,0.538457,1.417e-06,0.1823249,1.25e-06,0.02102413,0.04863951,0.03083478,0.02380455,0.02586638,0.06261074,0.02864462,0.02663771,0.06271965,0.01523564,0.01011173
65,37.48009,0.5138628,1.416e-06,0.1872865,1.417e-06,0.02101472,0.02932745,0.02774412,0.02153738,0.02604013,0.06338565,0.02438121,0.02591721,0.06597565,0.01417331,0.007076656
66,37.99395,0.5132914,1.667e-06,0.1873717,1e-06,0.02129388,0.02927937,0.02685787,0.0213343,0.02623571,0.06328107,0.02473063,0.02586463,0.06581698,0.01422381,0.006998822
67,38.50724,0.5292933,1.75e-06,0.1901831,1.084e-06,0.02119072,0.02930204,0.02679787,0.02148763,0.02611138,0.0647589,0.03941044,0.02600213,0.06294665,0.01392206,0.007177488
68,39.03654,0.5134147,1.5e-06,0.1876037,9.17e-07,0.02104863,0.02931454,0.02666863,0.02140538,0.02703996,0.06316698,0.02443571,0.02634079,0.0653389,0.01407523,0.006973823
69,39.54995,0.5723883,1.5e-06,0.187241,1.333e-06,0.02855196,0.07290389,0.03128245,0.02380613,0.02588379,0.06224649,0.02816579,0.02566821,0.06220699,0.01393048,0.01049823
70,40.12234,0.5143228,1.417e-06,0.1882938,1.083e-06,0.02096538,0.02931904,0.02672129,0.02137747,0.02679721,0.06329132,0.02426413,0.02606546,0.0656089,0.01449123,0.007125072
71,40.63666,0.5158724,1.583e-06,0.1884646,1.25e-06,0.02129822,0.02982787,0.02668329,0.02142797,0.02663746,0.06384032,0.02443604,0.02640846,0.0655069,0.01420673,0.007131656
72,41.15253,0.5146952,1.25e-06,0.1878769,1.334e-06,0.02106005,0.02966962,0.02676387,0.02138405,0.02679179,0.0634884,0.02423971,0.02601496,0.06596298,0.01430523,0.007135072
73,41.66723,0.5143166,1.417e-06,0.1894744,9.17e-07,0.02102472,0.02931137,0.02674887,0.0213908,0.02621904,0.0631519,0.02422988,0.02559688,0.06549748,0.01463356,0.007035406
74,42.18155,0.514406,1.5e-06,0.1892626,1.334e-06,0.02092963,0.02932112,0.02677971,0.02134522,0.02617204,0.0632244,0.02456354,0.02582538,0.06581231,0.01405756,0.007109655
75,42.69595,0.5775581,1.333e-06,0.1888681,1.417e-06,0.02862829,0.07293764,0.03086603,0.02386538,0.02597404,0.06294765,0.02835037,0.02543771,0.06382848,0.01504548,0.01080615
76,43.27351,0.5125164,1.167e-06,0.1874573,1e-06,0.02109772,0.0293072,0.02679313,0.0213818,0.02602513,0.06320407,0.02442946,0.02626638,0.0644879,0.01475523,0.007308988
77,43.78603,0.5246991,1.333e-06,0.1891181,1.167e-06,0.02890404,0.01397373,0.03167812,0.02241763,0.02595888,0.06297548,0.03957861,0.02621754,0.0626664,0.01403698,0.007171072
78,44.31073,0.5244106,1.417e-06,0.1868975,1.167e-06,0.02626729,0.01392356,0.03104304,0.01840881,0.02589046,0.06448507,0.04746718,0.02575546,0.06282682,0.01403465,0.007408155
79,44.83514,0.5802385,1.5e-06,0.2060072,1.167e-06,0.02861062,0.04869026,0.03093595,0.02451596,0.02619604,0.06292265,0.04205618,0.02619796,0.06279973,0.01427681,0.007026489
80,45.41538,0.5245293,1.667e-06,0.1868424,1.084e-06,0.02643888,0.01400089,0.03099045,0.01827831,0.02576838,0.06386457,0.04757676,0.02624113,0.06323273,0.01430264,0.006989406
81,45.9399,0.5110486,1.333e-06,0.1859562,1.167e-06,0.02015272,0.02935754,0.02657763,0.02132822,0.02513771,0.06244115,0.02859845,0.02593521,0.06401248,0.01447081,0.007077989
82,46.45095,0.5666979,1.333e-06,0.185694,9.17e-07,0.02846362,0.07291005,0.03069304,0.02396738,0.02614821,0.0628144,0.02445505,0.02610563,0.06266349,0.01404723,0.008733486
83,47.01765,0.5791858,1.75e-06,0.1910555,9.17e-07,0.02872045,0.0727768,0.03081737,0.02377188,0.02606013,0.06304548,0.02844629,0.02616213,0.06270865,0.01527556,0.0103429
84,47.59684,0.5327898,1.167e-06,0.1826679,1e-06,0.02145647,0.04867726,0.03086203,0.02395946,0.02600696,0.06286415,0.02425446,0.02557604,0.06456707,0.01461973,0.007276155
85,48.12963,0.5143112,1.167e-06,0.1844562,1.25e-06,0.02111855,0.02924904,0.02673904,0.02145713,0.02685362,0.06272215,0.02814954,0.02560096,0.0632319,0.01504114,0.009689485
86,48.64394,0.5761288,1.5e-06,0.1864518,1.083e-06,0.02852771,0.07285664,0.03091162,0.02384105,0.02657346,0.0629874,0.02839621,0.02688038,0.06300307,0.01503973,0.01065715
87,49.22007,0.5241413,1.417e-06,0.1868084,1.083e-06,0.02690712,0.01394764,0.03105787,0.01830897,0.02636813,0.06309273,0.04735751,0.02602596,0.06283123,0.0140699,0.007363405
88,49.74421,0.5717947,1.5e-06,0.1839118,1.25e-06,0.02864162,0.07290363,0.03093212,0.02379621,0.02657429,0.06295823,0.02854246,0.02678379,0.0633999,0.01404481,0.009303069
89,50.316,0.5724423,1.166e-06,0.1863482,1.333e-06,0.02860729,0.07293555,0.03091362,0.02403055,0.02673579,0.06313132,0.02501421,0.02589596,0.06320123,0.01509139,0.01053465
90,50.88844,0.5713522,1.75e-06,0.1858773,1.166e-06,0.02856646,0.0728873,0.03080287,0.02404296,0.02657846,0.06314198,0.02435405,0.02656079,0.06300448,0.01537939,0.01015323
91,51.4598,0.5186291,1.5e-06,0.1863826,9.16e-07,0.02122447,0.02925437,0.02691079,0.02139763,0.02666804,0.0631599,0.02836096,0.02674754,0.0630414,0.01506589,0.01041307
92,51.97843,0.5102329,1.5e-06,0.1848055,9.16e-07,0.02097997,0.02926945,0.02672621,0.02142022,0.02682587,0.06337898,0.02437721,0.02611321,0.06531915,0.01395914,0.007055489
93,52.48866,0.5124812,1.083e-06,0.1864235,1e-06,0.02114105,0.02926687,0.02677271,0.02141205,0.02673546,0.06309682,0.02428205,0.02611246,0.0655044,0.01460256,0.007129156
94,53.00114,0.5127638,1.333e-06,0.1861708,1e-06,0.02096272,0.02930345,0.02677012,0.02141172,0.02630537,0.06315198,0.02457505,0.02557888,0.06288957,0.01522131,0.01042048
95,53.5139,0.5414022,1.417e-06,0.1844785,9.16e-07,0.02121122,0.04859576,0.0308402,0.02373996,0.02667637,0.06298815,0.02850054,0.02656946,0.06415223,0.01509631,0.008551236
96,54.05531,0.5408727,1.667e-06,0.1837819,9.17e-07,0.02151513,0.04865117,0.03090487,0.02375988,0.02624279,0.06311124,0.02828645,0.02642929,0.06274332,0.01505289,0.01039123
97,54.59618,0.5145289,1.25e-06,0.1863259,1.25e-06,0.02126422,0.02926004,0.02789804,0.02150013,0.02688963,0.06310598,0.02472121,0.02612379,0.06594915,0.01440406,0.007084322
98,55.11071,0.5137949,1.25e-06,0.185014,1.084e-06,0.02096138,0.02925587,0.02683096,0.02146488,0.02601438,0.06270199,0.02831929,0.02544738,0.06226407,0.01486531,0.01065307
99,55.6245,0.5153685,1.75e-06,0.1888301,1.417e-06,0.02093147,0.02950354,0.02680054,0.02143305,0.02689038,0.06308782,0.02445929,0.02622579,0.06595973,0.01420648,0.007037156
100,56.13987,0.5129283,1.25e-06,0.187802,9.16e-07,0.02097655,0.02939145,0.02667004,0.02139497,0.02678496,0.06326007,0.02421463,0.02569638,0.06498782,0.01472448,0.007022823
101,56.6528,0.5141756,2e-06,0.187446,9.17e-07,0.02123722,0.02930145,0.02671696,0.02143947,0.02615929,0.06316232,0.02429354,0.02614254,0.06291882,0.01515114,0.0102039
102,57.16697,0.5723899,1.167e-06,0.1878983,1.25e-06,0.02854146,0.07287214,0.03088287,0.0237548,0.02637571,0.06297548,0.02856454,0.02637338,0.06269574,0.01407198,0.007381155
103,57.73936,0.546464,1.5e-06,0.1888773,8.34e-07,0.0214888,0.04871476,0.03091403,0.02376363,0.02585071,0.06290673,0.02847187,0.02572513,0.06404023,0.01524848,0.01045998
104,58.28583,0.5732535,1.333e-06,0.1876645,1.166e-06,0.02855137,0.07288405,0.03090395,0.02372521,0.02659621,0.06296348,0.02825004,0.02657746,0.06270982,0.01404215,0.00838282
105,58.85908,0.5459816,1.167e-06,0.1887286,9.17e-07,0.02117155,0.04860326,0.03090095,0.02387571,0.02631838,0.06292898,0.02861479,0.02659579,0.06491123,0.01512614,0.00820407
106,59.40506,0.5158261,1.75e-06,0.1879062,1.083e-06,0.02117572,0.02930862,0.02676479,0.02148805,0.02677596,0.06331332,0.02447538,0.02641671,0.06606815,0.01510606,0.007024323
107,59.92089,0.5136249,1.333e-06,0.1887237,9.17e-07,0.02095897,0.0292867,0.02676187,0.02146172,0.02611346,0.06315307,0.02467321,0.02557996,0.06563898,0.01419164,0.007079322
108,60.43451,0.5768803,1.834e-06,0.1877151,1e-06,0.02828645,0.07296897,0.03092703,0.02396471,0.02610246,0.0638954,0.02832046,0.02541646,0.06367998,0.01476931,0.01083107
109,61.0114,0.5742134,1.25e-06,0.1860747,9.16e-07,0.02790254,0.07291114,0.0309467,0.02388971,0.02649179,0.06313523,0.02852362,0.02658071,0.06302532,0.01404106,0.01068873
110,61.58561,0.5744654,1.584e-06,0.1856155,9.17e-07,0.02839346,0.07303022,0.0314732,0.02378363,0.02609954,0.06346473,0.02858629,0.02567404,0.06271215,0.01472806,0.01090215
111,62.16007,0.5734446,1.25e-06,0.1869354,1.167e-06,0.02870362,0.07295539,0.03087712,0.02377638,0.02577554,0.06253324,0.02855354,0.02651521,0.06266765,0.01392123,0.0102279
112,62.73352,0.5819653,1.5e-06,0.1939445,9.17e-07,0.02890745,0.0729493,0.0332427,0.02396421,0.02583388,0.06318548,0.0246563,0.02637537,0.06296632,0.01537864,0.01055873
113,63.31548,0.5559185,1.833e-06,0.1931386,9.17e-07,0.02729712,0.04877692,0.03086387,0.0240203,0.02575896,0.0635799,0.02834904,0.02571754,0.06270699,0.01523981,0.01046665
114,63.8714,0.5906752,1.667e-06,0.1923541,9.16e-07,0.02854321,0.07292189,0.03094012,0.02379155,0.02632629,0.06322598,0.04201252,0.02585904,0.06365148,0.0139584,0.007087988
115,64.46208,0.5574467,1.333e-06,0.1908169,1.083e-06,0.02114072,0.04864267,0.03090953,0.02390813,0.02683779,0.06308332,0.04201827,0.02620629,0.06273648,0.01402164,0.007122572
116,65.01952,0.5760253,1.417e-06,0.1900078,1e-06,0.02858545,0.07285497,0.03092703,0.02397238,0.02619579,0.06336698,0.02485188,0.02584413,0.0637559,0.01518348,0.01047707
117,65.59555,0.5245696,1.167e-06,0.1921823,9.17e-07,0.02099022,0.02928895,0.02773229,0.0215138,0.02627387,0.06345073,0.02843954,0.02640913,0.0627174,0.01510581,0.01046348
118,66.12012,0.525253,1.25e-06,0.1930202,9.17e-07,0.02129655,0.0293002,0.02686287,0.02144455,0.02643179,0.06311382,0.02850421,0.02637213,0.0630869,0.01543323,0.0103844
119,66.64537,0.5233928,1.5e-06,0.1914211,9.16e-07,0.02127422,0.02924812,0.02682229,0.0214063,0.02638596,0.06301448,0.02848529,0.02642787,0.06320482,0.01525606,0.0104439
120,67.16877,0.5187123,1.334e-06,0.1919289,1.167e-06,0.02099538,0.02926495,0.02682771,0.02200172,0.02597488,0.06407573,0.02444805,0.02660954,0.06537165,0.01424131,0.006969906
121,67.68748,0.524237,1.25e-06,0.1920644,1e-06,0.02102705,0.02929795,0.02758212,0.02147405,0.02659654,0.06312357,0.02824071,0.02542804,0.0637609,0.01511381,0.01052565
122,68.21171,0.5183201,1.583e-06,0.1918634,1.166e-06,0.02092313,0.02927412,0.02682296,0.02144613,0.02645654,0.06298598,0.0245933,0.02635104,0.06625548,0.01433856,0.007006655
123,68.73003,0.5152503,2e-06,0.1863211,1.083e-06,0.02087072,0.02934012,0.02674237,0.02142638,0.02615712,0.06267965,0.02831354,0.02657713,0.06511273,0.01473939,0.006966906
124,69.24528,0.5868947,1.333e-06,0.1897201,1.583e-06,0.02850771,0.07293022,0.03092979,0.0237713,0.02659579,0.06296857,0.04207102,0.02566371,0.06267673,0.01404364,0.007013156
125,69.83218,0.5163134,1.333e-06,0.1899203,1.167e-06,0.02094638,0.02929362,0.02677704,0.02149922,0.02625437,0.0631324,0.02443563,0.02598629,0.06286348,0.01533273,0.009869401
126,70.34849,0.5167881,1.417e-06,0.1895938,1.083e-06,0.02094347,0.02929895,0.02681096,0.02148505,0.02709987,0.06355748,0.02461096,0.02635038,0.06583648,0.01424614,0.006952072
127,70.86528,0.5776718,1.167e-06,0.1886765,9.16e-07,0.02856921,0.07290689,0.03090837,0.02389796,0.02644338,0.06338557,0.02839379,0.02640029,0.06266073,0.01489048,0.01053665
128,71.44295,0.5687183,1.25e-06,0.1844342,1.167e-06,0.02865604,0.07285122,0.03093645,0.02399413,0.02542963,0.06372065,0.02453946,0.02584538,0.06278473,0.01513373,0.01039023
129,72.01167,0.5758174,1.417e-06,0.1872205,1.083e-06,0.0289462,0.0728018,0.03098212,0.02379171,0.02577104,0.06294382,0.02829487,0.02549738,0.0641884,0.01454831,0.01082882
130,72.58749,0.5726116,1.333e-06,0.1875105,9.16e-07,0.02864229,0.07291038,0.03099687,0.02385996,0.02624121,0.06290849,0.02875954,0.02593463,0.06264832,0.01402998,0.008167154
131,73.1601,0.5788975,1.333e-06,0.1898982,1.25e-06,0.02853437,0.07290355,0.03088029,0.0238253,0.02575154,0.06295057,0.02851696,0.02560521,0.06407723,0.01541931,0.0105324
132,73.739,0.521894,1.25e-06,0.1903128,1.25e-06,0.02092547,0.02932429,0.02670996,0.02147372,0.02736946,0.06331448,0.02844112,0.02580263,0.0627114,0.01496381,0.0105424
133,74.26089,0.5882884,1.75e-06,0.1893655,1.083e-06,0.02880345,0.07292197,0.03090653,0.02396288,0.02693429,0.06312807,0.04216252,0.02535096,0.06369157,0.01411056,0.006947322
134,74.84918,0.522288,1.166e-06,0.1851257,1.083e-06,0.02694171,0.01393873,0.03113428,0.01840722,0.02590179,0.06266957,0.04783051,0.02682179,0.0623854,0.01393398,0.007195072
135,75.37147,0.5173663,1.584e-06,0.185554,1e-06,0.02106947,0.02927695,0.02678688,0.0214463,0.02646554,0.0631104,0.0287007,0.02653854,0.0634054,0.01503564,0.009973818
136,75.88883,0.5734035,1.334e-06,0.1855901,8.33e-07,0.02420579,0.07285889,0.03710427,0.02374846,0.02554454,0.06254657,0.02825087,0.02537521,0.06327457,0.01452139,0.01038065
137,76.46224,0.5920781,1.334e-06,0.1870629,1e-06,0.02859295,0.07292939,0.03713869,0.0238733,0.02647637,0.06320398,0.04233793,0.02647446,0.06258315,0.01408131,0.007321322
138,77.05432,0.5298972,1.25e-06,0.1877355,1.084e-06,0.02642787,0.01398756,0.03104337,0.01834672,0.02612479,0.06316199,0.04773267,0.02626504,0.06291307,0.01558539,0.0105709
139,77.58421,0.5486031,1.334e-06,0.1900393,9.17e-07,0.02185788,0.04860451,0.03091912,0.02393196,0.02653029,0.06294082,0.02851446,0.02634188,0.0632139,0.01512489,0.0105819
140,78.13282,0.5161924,1.083e-06,0.1905725,1e-06,0.02100572,0.02932754,0.02681062,0.02145222,0.02652346,0.06312865,0.02461646,0.02621496,0.0651949,0.01436364,0.006979656
141,78.64901,0.5290764,1.333e-06,0.1910588,8.34e-07,0.02610896,0.01395789,0.03096712,0.01844597,0.02672954,0.06357957,0.04714984,0.02622504,0.06289715,0.01408273,0.007871654
142,79.17808,0.5671874,1.417e-06,0.1859345,1.083e-06,0.02305813,0.07289872,0.03115545,0.0237813,0.02604271,0.06302657,0.02856879,0.02660012,0.06309223,0.01404781,0.008978486
143,79.74527,0.5836139,1.5e-06,0.1870958,1e-06,0.02851595,0.0728903,0.03090637,0.02388855,0.02581171,0.06295373,0.04210568,0.02567554,0.0626969,0.01408948,0.006981405
144,80.32889,0.5220578,1.75e-06,0.1837765,1.084e-06,0.02721179,0.01395881,0.03105812,0.01855447,0.02601421,0.06320898,0.04731993,0.02681296,0.06283498,0.01408648,0.007217822
145,80.85094,0.5175063,1.5e-06,0.1848224,1.167e-06,0.0213318,0.02931312,0.02677563,0.02147647,0.02673838,0.06319515,0.02855687,0.02593763,0.06415823,0.01533456,0.009863401
146,81.36845,0.5168014,1.5e-06,0.1860886,1.166e-06,0.02105713,0.02933212,0.02685296,0.02151613,0.02619588,0.0632984,0.02846504,0.02655137,0.06580573,0.01453706,0.007098322
147,81.88525,0.5174099,1.333e-06,0.1865546,1.166e-06,0.0209473,0.02928404,0.02686163,0.02144988,0.02611863,0.06312932,0.02865054,0.02656413,0.06483156,0.01498989,0.008025904
148,82.40266,0.5110221,1.417e-06,0.1849047,1.083e-06,0.0211213,0.02935129,0.02688854,0.02147738,0.02687521,0.06316265,0.02457288,0.02559054,0.06517973,0.01472981,0.007165572
149,82.91368,0.512548,1.167e-06,0.1871887,9.17e-07,0.02104613,0.02927879,0.02690579,0.02149997,0.02665788,0.06316723,0.02505113,0.02536688,0.0653519,0.01406965,0.006961906
150,83.42623,0.5406292,1.25e-06,0.1853142,1e-06,0.0214033,0.04860184,0.03099862,0.02404113,0.02592513,0.06384565,0.02482454,0.02576804,0.06406423,0.01534406,0.01049623
151,83.96686,0.571365,1.417e-06,0.1860013,1.417e-06,0.02620779,0.0728798,0.0314732,0.0239558,0.02619029,0.06294965,0.02847562,0.02531263,0.06372807,0.0141319,0.01005615
152,84.53823,0.5142288,1.334e-06,0.1831637,1e-06,0.02895687,0.01396523,0.0306217,0.02122463,0.02559013,0.06376607,0.03679227,0.02616488,0.06229132,0.01416948,0.007520155
153,85.05245,0.5763322,1.083e-06,0.1860137,1.167e-06,0.02852404,0.0729528,0.03092645,0.02385138,0.02623562,0.06297323,0.02896504,0.02611896,0.06403282,0.01503148,0.0107044
154,85.62879,0.51654,1.416e-06,0.1843465,9.16e-07,0.02093105,0.02929604,0.02680063,0.02151763,0.02677188,0.06315723,0.0287662,0.02594888,0.06624156,0.01503781,0.007722238
155,86.14533,0.5182312,1.667e-06,0.1847162,1.084e-06,0.02094372,0.02930054,0.02783879,0.02148355,0.02683971,0.06310707,0.02845562,0.02660087,0.06304132,0.01531023,0.01059082
156,86.66356,0.5781698,1.583e-06,0.1841935,1.166e-06,0.02858446,0.07285889,0.0309212,0.0239808,0.02656162,0.06289682,0.03058179,0.02669046,0.06811214,0.01525448,0.007530904
157,87.24173,0.5076695,1.25e-06,0.183443,1e-06,0.02097372,0.02926712,0.02681829,0.02148097,0.02649071,0.06266965,0.02451013,0.02546171,0.06562798,0.01396856,0.006955406
158,87.7494,0.512899,1.416e-06,0.185199,1.25e-06,0.02136122,0.0293262,0.02689904,0.0216968,0.02702754,0.06307757,0.02462963,0.02665087,0.06577023,0.01426498,0.006993322
159,88.2623,0.5406166,1.084e-06,0.18701,1.167e-06,0.02173472,0.04873326,0.03098353,0.02403755,0.02600321,0.06310132,0.02456546,0.02644146,0.06354748,0.01499589,0.009460402
160,88.80291,0.5699644,1.416e-06,0.1859198,1e-06,0.02898812,0.07288347,0.03098037,0.02380263,0.02589663,0.06296548,0.02832412,0.02545188,0.06368057,0.01409998,0.006968989
161,89.37288,0.5460656,1.166e-06,0.1866345,1.167e-06,0.02130455,0.04859492,0.03097937,0.02460521,0.02602471,0.06393223,0.02836262,0.02672229,0.0630699,0.01522506,0.0106079
162,89.91894,0.5181512,1.417e-06,0.1872991,1.167e-06,0.02094872,0.02928204,0.02677538,0.02153122,0.02664696,0.06350473,0.02834646,0.02681396,0.06562281,0.01439081,0.006986405
163,90.43709,0.5157969,1.333e-06,0.185442,1e-06,0.02081563,0.02924837,0.02680363,0.0214583,0.02640279,0.06264465,0.02845904,0.02561438,0.06359307,0.01522723,0.0100854
164,90.95289,0.5728483,1.25e-06,0.1876349,1e-06,0.02541871,0.07289814,0.03095887,0.02387805,0.02614713,0.0629729,0.02863787,0.02652971,0.06301882,0.01407473,0.01067623
165,91.52574,0.5744711,1.334e-06,0.1884841,1.166e-06,0.02851037,0.07291555,0.03096362,0.02398305,0.02666779,0.06318257,0.02851079,0.02630879,0.06301073,0.01404006,0.007891155
166,92.10021,0.5747717,1.25e-06,0.185739,1e-06,0.0288202,0.07289147,0.03096187,0.02388546,0.02659054,0.06299415,0.02847129,0.02628204,0.0627029,0.01450731,0.01092315
167,92.67498,0.5702999,1.333e-06,0.185151,1.417e-06,0.02859746,0.07286097,0.03100162,0.02390746,0.02648546,0.06260215,0.02859046,0.02598921,0.06260707,0.01396439,0.008539987
168,93.24528,0.5771808,1.417e-06,0.1874496,9.17e-07,0.02884979,0.07291789,0.03096953,0.02390388,0.02629154,0.06392223,0.02837537,0.02635221,0.0627474,0.01455514,0.0108439
169,93.82246,0.570589,1.417e-06,0.1849634,1.334e-06,0.0289772,0.07287564,0.03099678,0.02387005,0.02542929,0.06350582,0.02842787,0.02638396,0.0626224,0.01395473,0.008579153
170,94.39305,0.5718174,1.25e-06,0.1881881,1e-06,0.02419063,0.07287822,0.03100645,0.02382663,0.02637046,0.0629844,0.02855321,0.02683396,0.06275474,0.01404289,0.01018548
171,94.96487,0.5181559,1.25e-06,0.18861,1.417e-06,0.0210748,0.02934254,0.02691504,0.02164147,0.02741887,0.06316907,0.02565879,0.02620254,0.0641569,0.01489881,0.009064485
172,95.48303,0.5135508,1.417e-06,0.1884499,1e-06,0.02091997,0.02932962,0.02679821,0.02147963,0.02682112,0.0632429,0.02429613,0.02548496,0.06557006,0.0140579,0.007097989
173,95.99658,0.5153231,1.167e-06,0.1874305,1.5e-06,0.02095805,0.02933712,0.02672904,0.02151147,0.02606329,0.06317348,0.02706646,0.02598146,0.06477123,0.01478264,0.007515738
174,96.5119,0.5151034,1.333e-06,0.1883106,1.083e-06,0.02097138,0.0292992,0.02681204,0.02152488,0.02719554,0.0631749,0.02468638,0.02611729,0.0659519,0.01396098,0.007095822
175,97.027,0.5153398,1.25e-06,0.187995,1e-06,0.02096755,0.02931262,0.02681754,0.0214613,0.02636263,0.06420132,0.02460304,0.02626679,0.06556615,0.01481939,0.00696424
176,97.54234,0.5152279,1.416e-06,0.1880136,1.333e-06,0.02142738,0.02928454,0.02688521,0.0215093,0.02688762,0.06304332,0.02470688,0.02551321,0.06686789,0.01408656,0.006999572
177,98.05757,0.5481145,1.666e-06,0.1908116,1.166e-06,0.02122838,0.04870959,0.0309517,0.02381863,0.02646988,0.06302773,0.02853337,0.02624838,0.06281824,0.01556523,0.009928901
178,98.60568,0.5147572,1.25e-06,0.1881548,1.167e-06,0.02097405,0.0293077,0.02686962,0.02154263,0.02682287,0.06315848,0.02444321,0.02608321,0.06613673,0.01412273,0.007138739
179,99.12044,0.5160469,1.167e-06,0.190086,1e-06,0.02100305,0.02933137,0.02692012,0.0216038,0.02648237,0.0632144,0.02453055,0.02621837,0.06550898,0.01421414,0.006931489
180,99.63649,0.5167043,1.333e-06,0.1901941,1.25e-06,0.0215723,0.02931404,0.02686538,0.02159463,0.02678054,0.06335715,0.02453904,0.02616413,0.06526573,0.01407823,0.006976406
181,100.1532,0.5224417,1.083e-06,0.1897358,1.333e-06,0.02107755,0.02931712,0.02703312,0.02150822,0.02695588,0.06312057,0.02857396,0.02667463,0.06306673,0.01552081,0.009854901
182,100.6756,0.5173112,1.166e-06,0.1864099,1e-06,0.02100497,0.02931087,0.02683304,0.02152963,0.02669929,0.06316848,0.0283707,0.02565229,0.06681515,0.01451706,0.006997655
183,101.1929,0.5216543,1.584e-06,0.1903106,1e-06,0.02111638,0.02930912,0.02677662,0.02156655,0.02670704,0.06314307,0.02844196,0.02639513,0.0627319,0.01472814,0.01042523
184,101.7146,0.5727353,1.25e-06,0.1869892,1e-06,0.02885904,0.07282838,0.03095279,0.0238698,0.02619221,0.0626619,0.02831445,0.02655221,0.06268448,0.01399531,0.008833237
185,102.2873,0.522495,1.25e-06,0.1904405,1.25e-06,0.02092722,0.02932245,0.02679012,0.02159763,0.02684512,0.06317765,0.02839445,0.02656779,0.06281773,0.01513539,0.01047648
186,102.8098,0.5876459,1.417e-06,0.190135,1.083e-06,0.02883437,0.07289072,0.03101137,0.02385155,0.02604562,0.06299907,0.04203093,0.02572004,0.0627029,0.01403931,0.007382488
187,103.3975,0.5462444,1.5e-06,0.1896556,1e-06,0.0212768,0.04859242,0.03093245,0.02383955,0.02624654,0.06251199,0.02871204,0.02646796,0.06267207,0.01475948,0.01057498
188,103.9437,0.5185699,1.167e-06,0.188485,1.167e-06,0.02109847,0.02931845,0.02683662,0.02161638,0.02598729,0.06316273,0.02843245,0.02657038,0.06505223,0.01494806,0.007059489
189,104.4623,0.5192709,1.5e-06,0.1861518,9.17e-07,0.02124313,0.02943795,0.02693112,0.02152888,0.02693354,0.06302898,0.02848379,0.02666996,0.06304915,0.01538456,0.01042565
190,104.9816,0.5715557,1.667e-06,0.187105,1.167e-06,0.02510321,0.07293022,0.03099254,0.02385238,0.02671387,0.06290265,0.02838596,0.02573171,0.06355515,0.01402981,0.01025032
191,105.5531,0.5138594,1.833e-06,0.1865047,1e-06,0.02096305,0.02924762,0.02775704,0.02166413,0.02592446,0.06360773,0.02477146,0.02555921,0.06643773,0.01426131,0.007158072
192,106.067,0.5737959,1.167e-06,0.1878186,1.083e-06,0.0289077,0.07291039,0.03151762,0.02388363,0.02608179,0.06298715,0.02854871,0.02611104,0.06267382,0.01402698,0.008326237
193,106.6408,0.5781881,1.583e-06,0.1877195,1e-06,0.02850545,0.07293347,0.03094737,0.02391905,0.02646762,0.06290715,0.0285407,0.02677404,0.06330115,0.01538514,0.0107849
194,107.219,0.5696425,1.334e-06,0.1863929,1e-06,0.02223488,0.07288914,0.03177403,0.02384521,0.02583579,0.06295765,0.02837287,0.02581421,0.06416073,0.01560414,0.009758652
195,107.7886,0.5262061,1.334e-06,0.1876772,1e-06,0.02697604,0.01397881,0.03112753,0.01865497,0.02618154,0.06312298,0.04742434,0.02689329,0.0627464,0.01404639,0.007374238
196,108.3148,0.5404547,1.5e-06,0.1839985,1.167e-06,0.02157472,0.04867767,0.03094595,0.02388038,0.02565779,0.06337148,0.02849621,0.02629071,0.06270482,0.01531847,0.009535402
197,108.8553,0.5762016,1.416e-06,0.1858175,9.17e-07,0.02863162,0.07290847,0.03096103,0.0239353,0.02573979,0.06427273,0.02841162,0.02676287,0.06297398,0.01538623,0.01039807
198,109.4315,0.5177554,1.25e-06,0.1864267,1.167e-06,0.02108213,0.02930412,0.02689079,0.02155555,0.02682862,0.06306732,0.02872871,0.02673904,0.0656774,0.01451181,0.006940822
199,109.9492,0.5108596,1.5e-06,0.1870718,1.166e-06,0.02097247,0.02929795,0.02683021,0.0215593,0.02644721,0.06267823,0.02454946,0.02583371,0.06469398,0.01397465,0.006947989
200,110.4601,0.5128969,1.167e-06,0.1867578,1.25e-06,0.02107305,0.02934629,0.02691513,0.02153355,0.02594704,0.06309207,0.02473554,0.02653654,0.06569506,0.01426506,0.006997405
201,110.973,0.5195243,1.417e-06,0.1874048,1.167e-06,0.02102472,0.02928845,0.02691212,0.0215313,0.02680087,0.06339648,0.02869587,0.02558463,0.0639054,0.01557206,0.009404985
202,111.4925,0.5175934,1.25e-06,0.1858764,1e-06,0.0213508,0.02926154,0.02705296,0.02204255,0.02659712,0.0630764,0.02833587,0.02667579,0.06601465,0.01431973,0.006987322
203,112.0101,0.5277636,1.333e-06,0.1876397,1.083e-06,0.02089472,0.0292762,0.02675537,0.02154588,0.02600788,0.06310448,0.0424246,0.02624213,0.06263549,0.01407748,0.007157239
204,112.5379,0.5198495,1.334e-06,0.1870965,1.083e-06,0.02129363,0.02935395,0.02682371,0.02155605,0.02667746,0.06310198,0.02840779,0.02675187,0.0630514,0.01515339,0.01057932
205,113.0577,0.5274756,1.417e-06,0.1873884,1.084e-06,0.02122605,0.02932895,0.02682904,0.0215458,0.02598979,0.06322082,0.04185027,0.02602279,0.06266565,0.0140839,0.007321655
206,113.5852,0.5133406,1.333e-06,0.1871844,1.167e-06,0.02095422,0.02927237,0.02682704,0.02150738,0.02599979,0.06399882,0.02470663,0.02610462,0.0651354,0.01464723,0.007000239
207,114.0985,0.573246,1.417e-06,0.1866044,1e-06,0.02867579,0.07290022,0.03094503,0.02390555,0.02644588,0.06297598,0.02862729,0.02654612,0.06305365,0.01408498,0.008478736
208,114.6718,0.5712387,1.5e-06,0.1857751,1.083e-06,0.02673529,0.07290413,0.03098262,0.02389496,0.02628496,0.06296448,0.02871637,0.02636946,0.06272049,0.01406814,0.009820068
209,115.243,0.5363287,1.333e-06,0.183454,1.167e-06,0.02099472,0.04870809,0.0310277,0.02414713,0.02632571,0.06271849,0.02448979,0.02623021,0.06259732,0.01523856,0.01039448
210,115.7793,0.5754979,1.5e-06,0.1868057,1.084e-06,0.02870504,0.07287505,0.03102029,0.0238593,0.02591179,0.06293957,0.02873304,0.02655454,0.06309515,0.01403556,0.01096032
211,116.3548,0.5256756,1.417e-06,0.1865138,1e-06,0.02797296,0.01401948,0.0307462,0.02266405,0.02613038,0.06296115,0.03953269,0.02683946,0.06277548,0.01452956,0.01098798
212,116.8805,0.5086875,1.25e-06,0.1831791,8.33e-07,0.02111713,0.02925237,0.02704896,0.02162947,0.02674704,0.06282007,0.02502913,0.02590171,0.06502923,0.01396631,0.006964906
213,117.3892,0.5489711,1.5e-06,0.1862875,1.167e-06,0.02750804,0.04875692,0.03087612,0.02405955,0.02567154,0.06393765,0.02841279,0.02543129,0.06367382,0.0140659,0.0102874
214,117.9382,0.5691539,1.5e-06,0.1848044,1e-06,0.02714687,0.07288847,0.03095595,0.0239743,0.02620604,0.06297823,0.02886704,0.02705921,0.06304482,0.0141734,0.007052655
215,118.5073,0.5127729,1.167e-06,0.1865312,1e-06,0.02094305,0.0292972,0.02685021,0.02160755,0.02609521,0.06362723,0.02468813,0.02639904,0.06541806,0.01421031,0.007103488
216,119.0201,0.5752821,1.5e-06,0.1860539,1.084e-06,0.02881562,0.07285572,0.0309482,0.02392188,0.02634088,0.06299215,0.0285027,0.02639071,0.06300282,0.01483548,0.01061948
217,119.5954,0.5150839,1.333e-06,0.1880781,1.416e-06,0.02104147,0.0293242,0.02683921,0.02154113,0.02631121,0.06304457,0.02455979,0.02632971,0.06263349,0.01518339,0.01019482
218,120.1105,0.5241675,1.75e-06,0.185846,1e-06,0.02660638,0.01394356,0.03114012,0.0184963,0.02629529,0.06321407,0.04753984,0.02703696,0.06276757,0.01406839,0.007210322
219,120.6346,0.5253816,1.584e-06,0.1861534,9.16e-07,0.02770679,0.0139759,0.03081253,0.0227208,0.02699804,0.0631329,0.03944902,0.02656763,0.06264757,0.01426614,0.0109484
220,121.16,0.5087971,1.167e-06,0.1839278,1.083e-06,0.02093405,0.02930229,0.02686571,0.02158722,0.02695787,0.06274898,0.02454563,0.02535579,0.06560806,0.01398998,0.006971489
221,121.6688,0.5805875,1.25e-06,0.1909604,1.167e-06,0.02865137,0.07288922,0.03101229,0.02407638,0.02582921,0.06392857,0.02861287,0.02627454,0.06271132,0.01509164,0.01054723
222,122.2494,0.5457726,1.167e-06,0.187353,1e-06,0.02152072,0.04854601,0.0310297,0.02391938,0.02626746,0.06296998,0.02879762,0.02652462,0.06296582,0.01525614,0.01061998
223,122.7952,0.5775279,1.333e-06,0.1868362,1.166e-06,0.02853012,0.07284705,0.03091445,0.02404646,0.02691054,0.06314723,0.02871445,0.02677837,0.06317415,0.01495056,0.01067582
224,123.3727,0.5675148,1.667e-06,0.1836332,1.167e-06,0.02880312,0.07287422,0.0309062,0.02391588,0.02626604,0.06262165,0.02868129,0.02557188,0.06327765,0.01403506,0.006925739
225,123.9402,0.5600297,1.166e-06,0.187031,9.16e-07,0.02722946,0.04872017,0.03093678,0.02400438,0.02653846,0.06297707,0.04221543,0.02555004,0.0626894,0.01403498,0.008100404
226,124.5002,0.5161423,1.167e-06,0.1873371,1.083e-06,0.02117855,0.02932712,0.02682246,0.02156622,0.02610879,0.06297432,0.02852987,0.02563913,0.06513656,0.01452489,0.006994989
227,125.0164,0.5482101,1.5e-06,0.1875651,1e-06,0.0215773,0.04872009,0.0321812,0.02430421,0.02632454,0.06308673,0.02866671,0.02697154,0.06294773,0.01520914,0.01065332
228,125.5646,0.5197729,1.833e-06,0.1870185,1.167e-06,0.02109805,0.0293297,0.02686421,0.02217072,0.02724596,0.0631634,0.0290592,0.02645729,0.06570581,0.01450314,0.007153905
229,126.0844,0.5128947,1.666e-06,0.1868945,1.333e-06,0.02103122,0.02929187,0.02683412,0.02165722,0.02616612,0.06307898,0.02455213,0.02658646,0.06522748,0.01458589,0.006985656
230,126.5973,0.5143421,1.667e-06,0.1886579,1.083e-06,0.02100472,0.02932604,0.02689962,0.02157555,0.02668212,0.06319248,0.02464021,0.02591988,0.06536465,0.01396398,0.007112239
231,127.1116,0.5771465,1.5e-06,0.1866325,1e-06,0.02872479,0.0729293,0.03103978,0.0239008,0.02640687,0.06297615,0.02890912,0.02659679,0.06310898,0.01530514,0.01061373
232,127.6888,0.5170269,1.416e-06,0.1858562,1e-06,0.02127463,0.02930979,0.02697462,0.02164905,0.02649212,0.06331982,0.02856587,0.02618888,0.0651774,0.01499398,0.007222155
233,128.2058,0.5184334,1.584e-06,0.1858073,1e-06,0.02121363,0.02929029,0.02744654,0.02160672,0.02590221,0.0633819,0.02862529,0.02601346,0.06309357,0.01542681,0.01062315
234,128.7242,0.5121632,1.416e-06,0.1870205,9.16e-07,0.02091755,0.02926745,0.02683162,0.02161405,0.02690262,0.06309482,0.02455963,0.02549446,0.06541998,0.01406156,0.006976572
235,129.2364,0.5857457,1.333e-06,0.1885479,1.083e-06,0.02827395,0.07285013,0.03094937,0.02407888,0.02618121,0.06312123,0.04214677,0.02560654,0.06275932,0.01408764,0.007140406
236,129.8221,0.5181652,1.417e-06,0.1875084,1.083e-06,0.02100847,0.02929945,0.02685837,0.02158038,0.02669829,0.06320932,0.02861404,0.02625971,0.06556806,0.01450431,0.007053906
237,130.3403,0.5753563,1.583e-06,0.1880174,1.084e-06,0.02858254,0.07291005,0.03095678,0.02392546,0.02575104,0.06396323,0.0284632,0.02593496,0.06290582,0.01408573,0.009857401
238,130.9156,0.5185831,1.333e-06,0.1866464,1.083e-06,0.02109363,0.02933029,0.02689904,0.02165472,0.02607496,0.06415332,0.02862337,0.02675037,0.06514123,0.01509439,0.007118989
239,131.4342,0.519703,1.333e-06,0.1874916,1e-06,0.02109022,0.02930279,0.02690612,0.02153313,0.02702621,0.06314098,0.02879412,0.02647088,0.0627609,0.01529673,0.009886984
240,131.9539,0.5909472,1.416e-06,0.1914943,1e-06,0.02938237,0.07291797,0.03099937,0.02403979,0.02624904,0.06316957,0.0426231,0.02594112,0.06274399,0.01402548,0.007358738
241,132.5449,0.5224898,1.583e-06,0.1911815,9.16e-07,0.02090247,0.0292577,0.02683962,0.02158813,0.02722079,0.06323515,0.02857704,0.02640679,0.06278532,0.01527564,0.009217068
242,133.0674,0.5571896,1.166e-06,0.1916676,1.166e-06,0.02797479,0.04872259,0.03104145,0.02409446,0.02601571,0.06337057,0.02841579,0.02625146,0.0631084,0.01528181,0.01124265
243,133.6246,0.5695541,1.417e-06,0.1910984,1.417e-06,0.02361213,0.07295855,0.03101428,0.02463205,0.02598679,0.06324898,0.02461196,0.02564196,0.06489465,0.01491823,0.006933323
244,134.1941,0.5902348,1.25e-06,0.1915974,1.417e-06,0.02854112,0.07293772,0.03099787,0.02393855,0.02677296,0.06293357,0.0421836,0.02642796,0.06281732,0.01398714,0.007096906
245,134.7843,0.5495818,1.333e-06,0.1871701,1.084e-06,0.02727612,0.04872092,0.03099628,0.02404463,0.02665246,0.06317323,0.02855329,0.02642113,0.06277465,0.0140874,0.009709151
246,135.3339,0.5115199,1.417e-06,0.1867632,1.25e-06,0.02088613,0.0292847,0.02687288,0.02158547,0.02607337,0.06330832,0.02467604,0.02581196,0.06519773,0.01409731,0.006960156
247,135.8454,0.5223879,1.25e-06,0.1902243,9.17e-07,0.02103397,0.02990637,0.02684446,0.02153888,0.02655521,0.06305882,0.02842096,0.02647271,0.06279773,0.01516389,0.01036848
248,136.3678,0.5797829,1.5e-06,0.1900976,9.17e-07,0.02858137,0.0728758,0.03095112,0.02394488,0.02635213,0.06304948,0.02868146,0.02647054,0.06275598,0.01503631,0.01098382
249,136.9476,0.5788458,1.584e-06,0.1898859,1.083e-06,0.02864429,0.07286372,0.03103054,0.02397429,0.02602463,0.06300398,0.02838987,0.02639254,0.06269299,0.01526173,0.01067873
250,137.5265,0.5493834,1.167e-06,0.1913024,1.25e-06,0.02143113,0.04870484,0.03106328,0.02404063,0.02601896,0.06310373,0.02870287,0.02636954,0.0628479,0.01552564,0.01026998
251,138.0758,0.5225234,1.584e-06,0.1898684,1.167e-06,0.02100413,0.02929362,0.02728612,0.02151297,0.02696787,0.06306057,0.02866204,0.02666879,0.06362765,0.01498131,0.009587152
252,138.5984,0.5193666,1.417e-06,0.188238,1.25e-06,0.02112663,0.02930945,0.02687004,0.02164422,0.02611171,0.0631939,0.02840421,0.02602754,0.0627859,0.01518973,0.01046265
253,139.1177,0.513793,1.333e-06,0.1869761,9.16e-07,0.02119638,0.02926512,0.02696437,0.02165122,0.02611654,0.06381782,0.02503254,0.02611688,0.06557381,0.01408289,0.006997072
254,139.6315,0.5147553,1.833e-06,0.1876727,1.083e-06,0.02102338,0.0292947,0.02689646,0.02162538,0.02671129,0.06321965,0.02471088,0.02633287,0.06558848,0.01458881,0.007087739
255,140.1463,0.5877498,1.5e-06,0.1905694,1.167e-06,0.02856737,0.07294264,0.03095778,0.0240128,0.02613521,0.06299748,0.04205893,0.02572388,0.06276523,0.01402748,0.006988906
256,140.734,0.5079664,1.167e-06,0.1838707,9.17e-07,0.02112813,0.0292897,0.02687021,0.02155472,0.02586354,0.0627564,0.02473071,0.02569871,0.06516948,0.01410206,0.006929906
257,141.242,0.5195284,1.25e-06,0.18798,1.084e-06,0.0212528,0.02929937,0.02684987,0.02164055,0.02666012,0.06317573,0.02853854,0.02564388,0.06725506,0.01421964,0.007010572
258,141.7615,0.5219974,1.334e-06,0.1916689,9.16e-07,0.0211668,0.02932962,0.02688062,0.02154422,0.02602396,0.06316957,0.02851037,0.02647738,0.06544531,0.01478164,0.006996822
259,142.2835,0.5167724,1.25e-06,0.1851584,1.417e-06,0.02093047,0.02933729,0.02690821,0.02161755,0.02668238,0.06273707,0.02857437,0.02565663,0.06374573,0.01526848,0.01015323
260,142.8003,0.5204889,1.416e-06,0.187912,1.166e-06,0.02099522,0.02929845,0.02689329,0.02160405,0.02675529,0.06314448,0.02862429,0.02638896,0.06313265,0.01519289,0.01054482
261,143.3208,0.5210881,1.75e-06,0.1889619,1.083e-06,0.0211473,0.02935879,0.02694829,0.02160063,0.02666412,0.06305682,0.02852904,0.02646012,0.06277898,0.01498106,0.01059823
262,143.8419,0.5151204,1.667e-06,0.1880395,1.083e-06,0.02106555,0.02928604,0.02695221,0.02170705,0.02657171,0.06336715,0.02466021,0.02611304,0.06537173,0.01499248,0.006991073
263,144.357,0.5113929,1.5e-06,0.185413,1.084e-06,0.02110355,0.02925062,0.02705412,0.02161555,0.02688638,0.06282165,0.02448071,0.02594979,0.06588865,0.01399181,0.006934489
264,144.8684,0.5144292,1.667e-06,0.1880235,1.167e-06,0.02085222,0.02933287,0.02682621,0.02161688,0.02646654,0.06323348,0.02469596,0.02614413,0.06557506,0.01471906,0.006940489
265,145.3828,0.509995,1.666e-06,0.1848408,1e-06,0.02109072,0.02925045,0.02695663,0.02164363,0.02665971,0.06280315,0.02455504,0.02543446,0.06584165,0.0139849,0.006931239
266,145.8928,0.5192297,1.25e-06,0.1881255,1e-06,0.0211073,0.02932404,0.02685346,0.02152997,0.02608554,0.06325915,0.02866879,0.02642863,0.06283373,0.01444273,0.01056865
267,146.412,0.5199846,1.333e-06,0.1882889,1.083e-06,0.02105638,0.02926862,0.02688012,0.0217263,0.02674471,0.06320373,0.02858387,0.02670637,0.06590623,0.01458273,0.007034239
268,146.932,0.5743976,1.334e-06,0.184872,9.17e-07,0.0286582,0.07288989,0.03101862,0.02389404,0.02575429,0.06299723,0.02848554,0.02677929,0.06313315,0.01526223,0.01065082
269,147.5064,0.5206073,1.417e-06,0.1882485,1.083e-06,0.02101163,0.02929454,0.02688346,0.02163172,0.02700254,0.06315015,0.02857104,0.02560354,0.06372798,0.01499081,0.0104889
270,148.027,0.5769825,1.5e-06,0.1877096,1.25e-06,0.02888104,0.07290063,0.03101137,0.02433096,0.02592979,0.06311748,0.02847912,0.02614629,0.06276598,0.01496381,0.01074365
271,148.604,0.5773793,1.25e-06,0.1873625,1e-06,0.02891954,0.07280214,0.0310472,0.02394505,0.02674162,0.06303398,0.02865954,0.02617196,0.06285207,0.0140959,0.01174556
272,149.1814,0.5745223,1.333e-06,0.1871888,1.167e-06,0.02888362,0.07287563,0.03108578,0.02394646,0.02579804,0.06400173,0.02853712,0.02618154,0.06296273,0.01402456,0.009033819
273,149.7559,0.5129336,1.583e-06,0.1876081,1.416e-06,0.02108913,0.02930787,0.02689521,0.0215253,0.02620029,0.06372123,0.0245138,0.02541138,0.0655164,0.01407923,0.007062655
274,150.2688,0.5766628,1.5e-06,0.186594,9.17e-07,0.02848662,0.07294647,0.03158662,0.02394413,0.02568338,0.06375857,0.02867804,0.02541404,0.06372757,0.01476623,0.01107473
275,150.8455,0.5760507,1.333e-06,0.1870434,1.083e-06,0.02855795,0.07299647,0.03096953,0.02399521,0.02614454,0.0630274,0.02854279,0.02614621,0.06307432,0.01458531,0.01096515
276,151.4216,0.5135811,1.083e-06,0.1868874,1.083e-06,0.02099922,0.02930637,0.02688254,0.02161397,0.02671079,0.06331798,0.02457071,0.02626204,0.06586681,0.01407581,0.007085322
277,151.9351,0.5196639,1.166e-06,0.1869556,1.166e-06,0.02103513,0.02932937,0.02684996,0.0216988,0.02671212,0.06318007,0.02867387,0.02676404,0.06308082,0.01492256,0.01045923
278,152.4548,0.5746398,1.333e-06,0.1853716,1e-06,0.02884812,0.07289213,0.03086304,0.02400479,0.02600788,0.0630319,0.02851279,0.02628621,0.06276182,0.01535189,0.01070532
279,153.0294,0.5151034,1.416e-06,0.1874344,1e-06,0.02104313,0.02935229,0.02794287,0.02174863,0.02676279,0.0630889,0.02468554,0.02586613,0.06587365,0.01415781,0.007144822
280,153.5446,0.5063911,1.333e-06,0.1829713,1.167e-06,0.02093963,0.02925812,0.02691679,0.02157422,0.02602613,0.06275132,0.02464354,0.02530221,0.0650974,0.0139639,0.006944072
281,154.0509,0.5218113,1.25e-06,0.1872551,8.33e-07,0.02099855,0.02931737,0.02802179,0.02179888,0.02709529,0.06315732,0.0282032,0.02658971,0.06302257,0.01515873,0.01119073
282,154.5728,0.5415711,1.666e-06,0.1870735,1e-06,0.02134147,0.04859001,0.03102437,0.02415438,0.02661471,0.06324665,0.02476854,0.02641804,0.06424748,0.01494139,0.009147902
283,155.1143,0.5151046,1.334e-06,0.1871626,1.166e-06,0.02121563,0.02927762,0.02793412,0.02159122,0.02620813,0.06323673,0.02477588,0.02606613,0.06640123,0.01414489,0.007087905
284,155.6294,0.519137,1.416e-06,0.1873645,1e-06,0.02103163,0.02930595,0.02698304,0.02225413,0.02635854,0.06318173,0.02852512,0.02667354,0.06549965,0.01493639,0.007020323
285,156.1486,0.5142024,1.333e-06,0.1867419,1.25e-06,0.02113263,0.02932812,0.02688037,0.02159172,0.02669712,0.06317432,0.02452488,0.02643562,0.0664834,0.01411498,0.007094739
286,156.6628,0.5676785,1.75e-06,0.1840596,1.083e-06,0.02840304,0.07283655,0.03095445,0.02399471,0.02568604,0.06262798,0.02880829,0.02562763,0.0636169,0.01410739,0.006953072
287,157.2304,0.5199641,1.167e-06,0.1880275,1.167e-06,0.02152363,0.02932979,0.02688887,0.02160438,0.02680129,0.0631549,0.0286167,0.02657271,0.06572398,0.01461156,0.007106488
288,157.7504,0.5766378,1.833e-06,0.187079,1.084e-06,0.02869395,0.07292514,0.03103378,0.02394313,0.02597554,0.06320882,0.02855754,0.02633304,0.06271857,0.01504214,0.01112432
289,158.327,0.5168388,1.834e-06,0.187431,1.083e-06,0.02137955,0.02926162,0.02795912,0.02171563,0.02657879,0.06378773,0.02464438,0.02701162,0.06586981,0.01410714,0.007089406
290,158.8439,0.5119962,1.333e-06,0.186362,1.25e-06,0.0211073,0.02929462,0.02704579,0.02160722,0.02636371,0.06335065,0.02445654,0.02582621,0.06545481,0.01410123,0.007023572
291,159.3559,0.5450981,1.666e-06,0.1882285,1e-06,0.02116347,0.04861467,0.03101387,0.02404305,0.02659696,0.0630134,0.02868987,0.02645837,0.06305698,0.01408964,0.01012673
292,159.901,0.5183104,1.25e-06,0.1875066,1.083e-06,0.02128522,0.02925604,0.02693604,0.0216228,0.02613613,0.06325848,0.02848271,0.02635229,0.06628681,0.01421906,0.006965906
293,160.4193,0.5210092,1.334e-06,0.1880325,8.33e-07,0.02104888,0.02933562,0.02695679,0.02163547,0.02679429,0.06306973,0.02869245,0.02672421,0.06307857,0.01499981,0.01063873
294,160.9403,0.5189327,1.417e-06,0.1872345,1.167e-06,0.02120705,0.02930654,0.02696346,0.02173213,0.02643938,0.06318573,0.02932104,0.02563304,0.06553948,0.01494064,0.007427072
295,161.4592,0.5140944,1.75e-06,0.1859059,1.25e-06,0.02155163,0.02992545,0.02710629,0.02163355,0.02617138,0.06315223,0.02469571,0.02626737,0.06638481,0.01425381,0.007043239
296,161.9733,0.5729849,1.5e-06,0.1875096,9.17e-07,0.02791287,0.07283939,0.03094912,0.02400213,0.02616863,0.0631729,0.02869437,0.02641179,0.06275473,0.01410981,0.008457153
297,162.5463,0.5448558,1.25e-06,0.187726,9.16e-07,0.02133122,0.04866784,0.03098345,0.02394821,0.02597563,0.06353448,0.0285812,0.02601404,0.06471523,0.01494456,0.008431736
298,163.0912,0.5510729,1.417e-06,0.184897,1.083e-06,0.02140947,0.04861734,0.03102962,0.02393738,0.02636112,0.06301957,0.04204385,0.02566963,0.06301857,0.01404364,0.007023239
299,163.6422,0.5462477,1.25e-06,0.1886996,1.333e-06,0.02119213,0.04859801,0.03100037,0.02396771,0.02585913,0.06304407,0.02851879,0.02651954,0.06311498,0.01498631,0.01074448
300,164.1885,0.5854827,1.666e-06,0.1910775,1.25e-06,0.02476504,0.07284813,0.03109037,0.0240138,0.02665787,0.06303073,0.04219343,0.02557263,0.06288823,0.01410498,0.007236988
301,164.774,0.5470006,1.5e-06,0.1873209,1.333e-06,0.02190305,0.04861201,0.03104012,0.02401105,0.02567313,0.06398107,0.02874087,0.02657296,0.06319807,0.01527131,0.01067323
302,165.321,0.5233053,1.417e-06,0.1916161,1.25e-06,0.0210293,0.02934112,0.02693237,0.02169297,0.02679171,0.0632504,0.02850554,0.02545688,0.06294182,0.01507681,0.01066765
303,165.8443,0.523966,1.417e-06,0.1916902,9.17e-07,0.02101105,0.02928445,0.02695254,0.02169972,0.02663471,0.06332398,0.02861712,0.02652146,0.06382882,0.01496231,0.009437318
304,166.3682,0.5871602,1.25e-06,0.1880978,1.25e-06,0.02865995,0.07292538,0.03105737,0.02414855,0.02646212,0.06302357,0.04228593,0.02644837,0.06274565,0.01432756,0.006975489
305,166.9554,0.5182178,1.417e-06,0.1913184,1.167e-06,0.02915895,0.01407406,0.03147312,0.0241533,0.02637171,0.06341115,0.02463004,0.02589929,0.06650273,0.01422539,0.006996989
306,167.4736,0.5614618,1.583e-06,0.188848,1.083e-06,0.02643238,0.04872001,0.03100178,0.0240418,0.02562271,0.06400548,0.04208785,0.02588496,0.0626359,0.01403548,0.008142821
307,168.0351,0.5246412,1.334e-06,0.1922696,1.167e-06,0.02096122,0.02929179,0.02756746,0.02164855,0.02702946,0.06318373,0.02852687,0.02648004,0.0635329,0.01489789,0.009249152
308,168.5597,0.5257439,1.416e-06,0.1946709,1.166e-06,0.0210258,0.02934004,0.02692121,0.02167263,0.02637771,0.06322332,0.02860545,0.02670696,0.06543323,0.01484481,0.006919239
309,169.0855,0.523189,1.583e-06,0.1922023,1e-06,0.02107572,0.02928045,0.02706146,0.02167247,0.02715521,0.06322373,0.02852029,0.02640396,0.06476973,0.01483539,0.006985739
310,169.6087,0.5141986,1.334e-06,0.188006,1.084e-06,0.02114613,0.02930495,0.02692546,0.0216053,0.02686846,0.06329365,0.02451804,0.02593154,0.06541598,0.01406973,0.007110989
311,170.1229,0.5247814,1.416e-06,0.1921318,1e-06,0.0210738,0.02929145,0.02692454,0.02173797,0.02707346,0.06319773,0.02860012,0.02663804,0.0639284,0.01498056,0.009201152
312,170.6476,0.5236369,1.5e-06,0.191444,1.167e-06,0.02092655,0.02929512,0.02697921,0.02161797,0.02689304,0.0632419,0.02846837,0.02646529,0.06278365,0.01520448,0.01031465
313,171.1713,0.5230087,1.334e-06,0.1919554,1.083e-06,0.02124738,0.02933229,0.02695387,0.02165763,0.02697204,0.06339123,0.02856804,0.02633904,0.06484098,0.01468381,0.007064572
314,171.6943,0.5228455,1.25e-06,0.1913155,1.25e-06,0.0210388,0.02926745,0.02698821,0.0216513,0.02626062,0.06360323,0.02885062,0.02665704,0.0650334,0.01495814,0.007218655
315,172.2171,0.5548552,1.334e-06,0.1967852,9.17e-07,0.02147947,0.04868267,0.03158903,0.02397363,0.02598371,0.06296398,0.02858895,0.02634488,0.06271657,0.01504648,0.0106984
316,172.772,0.5139294,1.583e-06,0.1884569,1e-06,0.02095488,0.02932295,0.02686421,0.02167155,0.02607704,0.06318965,0.02451138,0.02597621,0.06540781,0.01453014,0.006964072
317,173.2859,0.5704688,1.25e-06,0.1852534,1.167e-06,0.02861087,0.07286838,0.03097695,0.02402046,0.02631388,0.06259515,0.02871329,0.02652737,0.06267849,0.01398106,0.007927154
318,173.8564,0.57574,1.167e-06,0.1873055,1.083e-06,0.02859471,0.07288388,0.03103312,0.02399771,0.02625246,0.06305748,0.02846787,0.02637196,0.06310815,0.01430073,0.01036423
319,174.4321,0.5128314,1.417e-06,0.1870222,1.083e-06,0.02133605,0.02937612,0.02693412,0.0216263,0.02643312,0.06317198,0.02448771,0.02598312,0.06540698,0.01407881,0.006972322
320,174.945,0.5155181,1.334e-06,0.1870207,9.16e-07,0.02120538,0.02927437,0.02690504,0.02168038,0.02602071,0.06427457,0.02498871,0.02658446,0.06615348,0.01441406,0.006993989
321,175.4605,0.5712239,1.333e-06,0.1851727,1.084e-06,0.02863112,0.07287697,0.03110937,0.02404213,0.02605229,0.06260432,0.02870429,0.02578004,0.06363815,0.01415773,0.008452403
322,176.0317,0.5549373,1.667e-06,0.187132,1.25e-06,0.02139313,0.04875484,0.03105195,0.0240933,0.02584729,0.06378423,0.04247677,0.02639296,0.06274923,0.01404164,0.007216989
323,176.5866,0.5455699,1.166e-06,0.1868861,9.17e-07,0.02124347,0.04862767,0.03105103,0.02396588,0.02646663,0.06313698,0.02880904,0.02664946,0.06317023,0.01498939,0.0105719
324,177.1322,0.5398994,1.334e-06,0.1876695,1.083e-06,0.02169613,0.04866242,0.03111095,0.02411313,0.02595071,0.06317973,0.02458829,0.02577488,0.06503798,0.01497839,0.007134822
325,177.6721,0.587848,1.583e-06,0.1878912,1.416e-06,0.02569088,0.07296189,0.03413703,0.02462771,0.02695487,0.06302865,0.04211677,0.02558221,0.06274323,0.01402731,0.008083237
326,178.26,0.5276627,1.334e-06,0.1876667,9.16e-07,0.02661421,0.0139549,0.03108853,0.01895622,0.02600488,0.06422532,0.04749526,0.02739521,0.06289923,0.01402848,0.007331488
327,178.7876,0.5289489,1.25e-06,0.1883841,1.084e-06,0.02739096,0.01396156,0.03070512,0.01938614,0.02687596,0.06321998,0.04724759,0.02738196,0.06299923,0.01402514,0.007368822
328,179.3166,0.5718181,1.5e-06,0.1846533,8.34e-07,0.02535713,0.07287722,0.03099928,0.02403963,0.02664621,0.0632619,0.0286967,0.02677696,0.06309073,0.01502464,0.01039207
329,179.8884,0.577436,1.75e-06,0.187807,9.17e-07,0.02864679,0.07290447,0.0310147,0.02419796,0.02632096,0.06317557,0.02883929,0.02635546,0.06302515,0.01408256,0.01106348
330,180.4658,0.5193401,1.167e-06,0.1877333,9.17e-07,0.02112055,0.02930745,0.02704287,0.02170172,0.02614329,0.06322023,0.0286242,0.02680529,0.06459656,0.01495381,0.008088737
331,180.9852,0.6052807,1.25e-06,0.186616,1e-06,0.02891654,0.07292047,0.03107762,0.0240388,0.02754429,0.06368098,0.05944691,0.02700112,0.06301182,0.01403398,0.006989989
332,181.5904,0.5255005,1.833e-06,0.183846,9.17e-07,0.02704512,0.01398181,0.0312092,0.01874522,0.02601571,0.06322623,0.04759667,0.02696721,0.06306515,0.01433214,0.009467318
333,182.1159,0.5406334,1.166e-06,0.1867833,1.083e-06,0.0213178,0.04867126,0.03106803,0.02414921,0.02643387,0.06326248,0.02508088,0.02560221,0.06628165,0.01498164,0.006998822
334,182.6566,0.5117839,1.416e-06,0.1848049,1e-06,0.0213323,0.02934445,0.02695079,0.0216693,0.02733471,0.06318765,0.02464638,0.02541613,0.06567323,0.01431514,0.007106488
335,183.1684,0.5143789,1.25e-06,0.1877459,8.33e-07,0.02124247,0.02925429,0.02698212,0.02180138,0.02691904,0.06320123,0.02508404,0.02546038,0.06560873,0.01397223,0.007105072
336,183.6827,0.5127839,1.167e-06,0.186187,1e-06,0.02119038,0.02934379,0.02692196,0.02166263,0.02615846,0.06320748,0.02466729,0.02578654,0.06633973,0.01420523,0.007111322
337,184.1955,0.5138334,1.5e-06,0.1871395,1e-06,0.02107672,0.02929387,0.02704596,0.0216853,0.02680988,0.0631559,0.02489679,0.02555638,0.0654464,0.01462464,0.007099655
338,184.7094,0.513477,1.333e-06,0.188023,1.25e-06,0.02100997,0.02931012,0.02687329,0.02171263,0.02605821,0.06320465,0.02470863,0.02596071,0.06541606,0.01406556,0.007131572
339,185.2228,0.5773049,1.416e-06,0.186923,1.167e-06,0.02863662,0.0729333,0.03105628,0.02401246,0.02656421,0.06296373,0.0286012,0.02555079,0.06402082,0.01531122,0.01072865
340,185.8001,0.5727073,1.25e-06,0.1859757,1.083e-06,0.02672338,0.0729818,0.03105587,0.02405788,0.02657029,0.06320698,0.02871229,0.02633871,0.0628574,0.01432848,0.009896235
341,186.3728,0.5130646,1.333e-06,0.1867313,9.16e-07,0.02101522,0.02931937,0.02692437,0.0217303,0.02626337,0.06326648,0.02475638,0.02599463,0.06567073,0.01421389,0.007176322
342,186.8859,0.5117792,1.083e-06,0.1824923,1e-06,0.0211773,0.02930679,0.02699929,0.02169947,0.02636062,0.06276748,0.02881437,0.02613079,0.06417807,0.01458689,0.007263739
343,187.3977,0.5141699,1.666e-06,0.1836998,9.17e-07,0.02102288,0.0297992,0.02697021,0.02169863,0.02622154,0.06273065,0.02874487,0.02556704,0.06235323,0.01491798,0.01044123
344,187.9119,0.5258848,1.5e-06,0.1865305,1e-06,0.02854637,0.01403323,0.03084879,0.02278088,0.02648312,0.06298615,0.03956394,0.02620129,0.06272523,0.01402923,0.01115365
345,188.4377,0.5111694,1.334e-06,0.1842651,1.083e-06,0.02138547,0.02933012,0.02701104,0.02170697,0.02623254,0.06379523,0.02497871,0.02621088,0.0651779,0.01410673,0.006966322
346,188.9489,0.5265037,1.166e-06,0.1877499,1e-06,0.02910129,0.01396831,0.03080278,0.02284996,0.02622329,0.06304198,0.03973077,0.02592913,0.06275973,0.01408339,0.01026098
347,189.4754,0.5198648,1.333e-06,0.1877205,1e-06,0.02200822,0.02931679,0.02688429,0.02178505,0.02661904,0.06320532,0.02847571,0.02671829,0.06517465,0.01495964,0.006994906
348,189.9953,0.5764142,1.166e-06,0.1865673,1e-06,0.02860895,0.0729633,0.03102045,0.02398988,0.02684004,0.06304707,0.02860371,0.02626204,0.0627209,0.01488423,0.01090415
349,190.5717,0.5767797,1.5e-06,0.1863369,1e-06,0.02865137,0.07291463,0.03102929,0.02401796,0.02612688,0.06316207,0.02871062,0.02696012,0.0631749,0.01480973,0.01088273
350,191.1485,0.5521681,1.417e-06,0.1857605,1.083e-06,0.02132863,0.04868659,0.03107037,0.02408671,0.02581104,0.06305482,0.04229985,0.02597863,0.06278973,0.01403714,0.007261655
351,191.7006,0.5387356,1.25e-06,0.1845434,1e-06,0.02151313,0.04862084,0.03104187,0.02418846,0.02652321,0.06317173,0.02485854,0.02596621,0.06702039,0.01424789,0.007037656
352,192.2394,0.5669893,1.667e-06,0.1832605,1.167e-06,0.02726979,0.07294005,0.03109078,0.02422329,0.02597179,0.06285582,0.02464671,0.02656996,0.06266365,0.01498106,0.01051298
353,192.8064,0.570713,1.25e-06,0.1861585,9.17e-07,0.02580346,0.07291464,0.03116337,0.02403296,0.02638562,0.0631544,0.02848662,0.02644137,0.06278365,0.01402814,0.009358069
354,193.3771,0.5281095,1.084e-06,0.1856978,1.166e-06,0.02661879,0.01398048,0.03122662,0.01868055,0.02666921,0.06349998,0.04748676,0.02593879,0.06284665,0.01409698,0.01136465
355,193.9052,0.5831042,1.5e-06,0.1847144,1e-06,0.0286692,0.07289363,0.03112128,0.02409971,0.02586121,0.06300415,0.04215443,0.02555679,0.0638009,0.01430581,0.006920239
356,194.4883,0.5244764,1.5e-06,0.1849075,1e-06,0.02720396,0.01396198,0.03178312,0.01881947,0.02585588,0.06330548,0.04740651,0.02697146,0.06286823,0.01402173,0.007368572
357,195.0128,0.5188236,1.5e-06,0.1866402,8.33e-07,0.02088747,0.02933054,0.02695812,0.02170547,0.02734012,0.0630709,0.02851021,0.02644046,0.06277648,0.01461789,0.0105434
358,195.5316,0.5157673,1.417e-06,0.1829982,1.083e-06,0.02911245,0.01394573,0.03082495,0.0216238,0.02586538,0.06276348,0.03698027,0.02586746,0.06232532,0.01408698,0.009370818
359,196.0474,0.5139901,1.417e-06,0.18655,1.167e-06,0.02097005,0.02927437,0.02691321,0.02164821,0.02687563,0.06324657,0.02466671,0.02582429,0.06614981,0.01420481,0.007663821
360,196.5613,0.5790724,1.166e-06,0.1899352,9.17e-07,0.02885004,0.07287413,0.03108095,0.02405738,0.02621479,0.06298873,0.02865929,0.02568721,0.06391373,0.01423431,0.01057457
361,197.1404,0.5202828,1.25e-06,0.1879963,1e-06,0.0213953,0.02930637,0.02701879,0.02174497,0.02726987,0.06309773,0.0283777,0.02647438,0.06270765,0.01536789,0.009523652
362,197.6607,0.5453647,1.25e-06,0.1879325,1.083e-06,0.0213473,0.04856717,0.03108328,0.02399646,0.02585787,0.06411015,0.02859862,0.02662129,0.06315373,0.01403048,0.01006357
363,198.2061,0.5204512,1.5e-06,0.1878551,1.083e-06,0.02141172,0.02933345,0.02687579,0.02171205,0.02673279,0.06313007,0.02867995,0.02560663,0.06426831,0.01521323,0.009629485
364,198.7265,0.514582,1.25e-06,0.1877763,1.167e-06,0.02111763,0.0292902,0.02698512,0.02173105,0.02658029,0.0632099,0.02455155,0.02581638,0.06626815,0.01406964,0.007183405
365,199.2411,0.5749418,1.334e-06,0.1882701,1.083e-06,0.02671404,0.07291889,0.0311347,0.02403221,0.02576188,0.0629754,0.02858437,0.02628996,0.06273298,0.01496048,0.01056432
366,199.816,0.5140544,1.167e-06,0.1828741,1e-06,0.02116522,0.02929729,0.02723721,0.02227122,0.02654679,0.0628869,0.02829287,0.02600229,0.06249007,0.01519014,0.009798068
367,200.3301,0.5745417,1.666e-06,0.1885967,1.084e-06,0.02868595,0.07282522,0.03105162,0.02409621,0.02565846,0.06454965,0.02864329,0.02551954,0.06371648,0.01411898,0.007076822
368,200.9046,0.5250031,1.333e-06,0.1854455,8.34e-07,0.02670212,0.01395264,0.03110737,0.01866422,0.02628554,0.06317232,0.04737692,0.02686979,0.06284865,0.01402939,0.008546403
369,201.4296,0.518465,1.25e-06,0.187029,1.083e-06,0.02096347,0.02936162,0.02693571,0.02175696,0.02630571,0.0632399,0.02873329,0.02572988,0.06262957,0.01517614,0.0106014
370,201.9481,0.5121924,1.333e-06,0.1860643,1e-06,0.0211473,0.02931845,0.02702829,0.0216678,0.02658071,0.06319632,0.02472696,0.02552113,0.06542623,0.01446823,0.007044405
371,202.4603,0.5496054,1.417e-06,0.1902868,1e-06,0.02113013,0.04866434,0.03104753,0.02404496,0.02732146,0.06299248,0.02848779,0.02600504,0.06264357,0.01604522,0.01093365
372,203.0099,0.5240821,1.25e-06,0.189677,1.167e-06,0.02190005,0.02935545,0.02698271,0.0217643,0.02643654,0.06343065,0.02899662,0.02638121,0.0631139,0.01534606,0.01069515
373,203.534,0.5167043,1.334e-06,0.1860745,1.25e-06,0.02103797,0.0293097,0.02697637,0.02178155,0.02614396,0.06352907,0.0286057,0.02580071,0.06606731,0.01440481,0.006970156
374,204.0507,0.6118778,1.5e-06,0.1896002,1e-06,0.02896512,0.07291322,0.03120062,0.02402863,0.02648212,0.06299848,0.06536981,0.02633404,0.0628514,0.01403406,0.007097572
375,204.6626,0.5233958,1.084e-06,0.1913439,1e-06,0.02115005,0.02931345,0.02703112,0.02170447,0.02643888,0.06416682,0.02852254,0.02592613,0.06281307,0.01532956,0.009653651
376,205.186,0.5568194,1.416e-06,0.1908238,1e-06,0.02799621,0.04863367,0.03118062,0.02430096,0.02594754,0.0630549,0.0294282,0.02654221,0.06304357,0.01532172,0.01054365
377,205.7428,0.5549439,1.333e-06,0.191428,1e-06,0.02723279,0.04868826,0.0310017,0.02418896,0.02619137,0.06303165,0.02837946,0.02637187,0.06277682,0.01501748,0.01063315
378,206.2977,0.5778261,1.417e-06,0.1893553,1.083e-06,0.02882887,0.07296797,0.03105553,0.02400696,0.02606513,0.06296882,0.02862137,0.02607929,0.06265265,0.01409681,0.0111249
379,206.8756,0.5102001,1.417e-06,0.1854135,1e-06,0.02112255,0.02932554,0.02694596,0.02175588,0.02693212,0.06289832,0.02452646,0.02536796,0.06499648,0.01395214,0.006960823
380,207.3858,0.5770269,1.5e-06,0.1874827,1.5e-06,0.02862162,0.07290688,0.03110287,0.02408963,0.02554238,0.06389557,0.02863971,0.02566346,0.06335082,0.01498156,0.01074673
381,207.9628,0.5772519,1.416e-06,0.1868617,1.167e-06,0.02861637,0.07295847,0.03108128,0.02418479,0.02672162,0.0631879,0.02866945,0.02663812,0.06308123,0.01401906,0.01122932
382,208.54,0.5112062,1.334e-06,0.1846932,1.166e-06,0.02859146,0.0139774,0.03085837,0.02430738,0.02636104,0.06322115,0.02488563,0.02599588,0.06701864,0.01424898,0.007044572
383,209.0512,0.5720956,1.333e-06,0.186396,1e-06,0.02619062,0.07297497,0.03115745,0.02407496,0.02614429,0.06299865,0.02855387,0.02653804,0.06309007,0.01403131,0.009943068
384,209.6233,0.5751263,1.333e-06,0.1872143,9.17e-07,0.02659021,0.07292788,0.03106603,0.02415221,0.02610104,0.0630374,0.02859404,0.02833937,0.06572406,0.01431864,0.007058822
385,210.1985,0.5774693,1.667e-06,0.1878265,1.25e-06,0.02866945,0.07294147,0.03113778,0.02411538,0.02578738,0.06412081,0.02850696,0.02626046,0.06271548,0.01409998,0.01128473
386,210.7759,0.5843621,1.5e-06,0.1861528,9.16e-07,0.02727487,0.07291763,0.0311362,0.02412021,0.02663854,0.06296007,0.04246268,0.02549954,0.06413373,0.01415689,0.006906489
387,211.3603,0.5446001,1.5e-06,0.1863884,1.084e-06,0.02204263,0.04862259,0.03097487,0.0240648,0.02643479,0.06299832,0.02849012,0.02578354,0.06313073,0.01541598,0.01025073
388,211.9049,0.5212938,1.583e-06,0.1879001,1.083e-06,0.02103222,0.0293567,0.02697062,0.02175863,0.02646896,0.06381265,0.0288032,0.02634146,0.06305665,0.01527098,0.01051898
389,212.4262,0.5193641,1.584e-06,0.1876071,1.25e-06,0.02131763,0.02932995,0.02697871,0.02173022,0.02691462,0.06301623,0.0285582,0.02664504,0.06567348,0.01450464,0.007085405
390,212.9456,0.5223775,1.167e-06,0.1857246,9.17e-07,0.02131947,0.02924712,0.0297172,0.02184338,0.02622246,0.06658073,0.02846496,0.02648488,0.06569023,0.01408789,0.006992489
391,213.4679,0.5177247,1.5e-06,0.1869825,1e-06,0.02108513,0.02929579,0.02700804,0.0217148,0.02692729,0.06315332,0.0284712,0.02636921,0.0649909,0.01478064,0.006943406
392,213.9857,0.576518,1.334e-06,0.1859889,1.084e-06,0.02907245,0.07288588,0.03107228,0.02399096,0.02579329,0.06399582,0.02845004,0.02629338,0.06274465,0.01518889,0.01103907
393,214.5622,0.5159007,1.333e-06,0.186703,1e-06,0.02112705,0.02935237,0.02795821,0.02175872,0.02617846,0.06398107,0.02503504,0.02611821,0.06639915,0.01429573,0.006991322
394,215.0781,0.5172508,1.416e-06,0.1860645,1.084e-06,0.0211268,0.02927587,0.02712087,0.0217303,0.02642737,0.06315357,0.02826321,0.02554204,0.0655099,0.01475564,0.00827832
395,215.5953,0.5132721,1.417e-06,0.1875481,9.17e-07,0.02100022,0.02931879,0.02699229,0.02174697,0.02639946,0.06307765,0.02466396,0.02539413,0.06609564,0.01407581,0.006956739
396,216.1086,0.513941,1.667e-06,0.1868441,1.083e-06,0.02107805,0.02927654,0.02699054,0.0217148,0.02679271,0.0633054,0.02485896,0.02580571,0.0654359,0.01469923,0.007136322
397,216.6225,0.5735825,1.333e-06,0.1864725,1e-06,0.02874379,0.07297147,0.03163095,0.02412888,0.02609946,0.06319882,0.02873204,0.02595796,0.06277207,0.01409323,0.00877907
398,217.1961,0.5722287,1.167e-06,0.1868221,1.25e-06,0.02865937,0.07293964,0.03104878,0.02418129,0.02619396,0.06369207,0.02494771,0.02640738,0.06586456,0.01450898,0.006960406
399,217.7683,0.5173499,1.5e-06,0.1856565,9.16e-07,0.02109438,0.02928579,0.02707346,0.02179955,0.02597554,0.06348873,0.02869254,0.02590454,0.06484931,0.01507431,0.00845282
400,218.2857,0.576657,1.666e-06,0.1868725,1.167e-06,0.02866429,0.07289688,0.03107328,0.02412663,0.02587129,0.0639374,0.02843146,0.02630929,0.06273165,0.01492231,0.01081715
401,218.8624,0.5769953,1.25e-06,0.1873269,1.167e-06,0.02876929,0.07293947,0.0309982,0.02401579,0.02631546,0.06303407,0.02873346,0.02638604,0.06276515,0.01474014,0.0109689
402,219.4393,0.5685365,1.583e-06,0.1833155,1.084e-06,0.02866912,0.07289572,0.03105562,0.02426088,0.02595371,0.06280132,0.02478854,0.02639179,0.06270148,0.01521281,0.0104874
403,220.0079,0.5201105,1.084e-06,0.1862055,9.16e-07,0.02130938,0.02930245,0.02804095,0.02176163,0.02674512,0.06300523,0.02856987,0.02655638,0.06279415,0.01526598,0.01055182
404,220.528,0.5764705,1.5e-06,0.1859649,1.083e-06,0.02902995,0.07288797,0.03110387,0.02413329,0.02642204,0.06295557,0.02850704,0.02664871,0.06305365,0.01484423,0.01091673
405,221.1045,0.5152932,1.666e-06,0.1873425,1.167e-06,0.02103938,0.02930087,0.02743562,0.0216378,0.02684862,0.0630219,0.02475579,0.02575704,0.06595415,0.01504498,0.007151655
406,221.6198,0.51881,1.333e-06,0.187371,8.33e-07,0.02137813,0.02932795,0.02699496,0.02168572,0.02611912,0.06318615,0.02891054,0.02635263,0.06629956,0.01422931,0.006952739
407,222.1386,0.5141457,1.583e-06,0.1832025,1e-06,0.02100747,0.02925529,0.02691279,0.02252763,0.02712404,0.06266682,0.02862362,0.02641971,0.06477956,0.01466914,0.006954489
408,222.6527,0.5728347,1.5e-06,0.1872131,1.166e-06,0.02539363,0.07283147,0.0310292,0.02403671,0.02566121,0.0631219,0.02861212,0.02640671,0.06304348,0.01459673,0.01088573
409,223.2255,0.5122583,1.25e-06,0.1857352,9.17e-07,0.02097072,0.0293132,0.02691296,0.02178138,0.02662912,0.06313198,0.02475521,0.02619379,0.0655859,0.01410789,0.007138739
410,223.7378,0.5686307,1.416e-06,0.1841823,1.084e-06,0.02794929,0.07285297,0.03112753,0.02408113,0.02611954,0.06257215,0.02862704,0.02660037,0.0626184,0.01392048,0.007976988
411,224.3064,0.5749973,1.167e-06,0.1863851,1.083e-06,0.02863287,0.07289038,0.03105662,0.02406555,0.02584429,0.06293848,0.02842979,0.02554863,0.06372548,0.01490764,0.01057015
412,224.8814,0.5783155,1.334e-06,0.1890165,1.083e-06,0.02868937,0.0729483,0.03106612,0.02418663,0.02664446,0.06296965,0.02852887,0.02586288,0.06377248,0.01425456,0.01037323
413,225.4598,0.5678555,1.583e-06,0.1839539,1.167e-06,0.02899179,0.07287855,0.03106295,0.02412171,0.02627229,0.0626519,0.02844145,0.02630121,0.06225423,0.01392864,0.006994155
414,226.0276,0.5780867,1.584e-06,0.1868579,1.166e-06,0.02868162,0.0729958,0.03116203,0.02429688,0.02675754,0.06321657,0.02887154,0.02648363,0.06305573,0.01505573,0.01064898
415,226.6057,0.5398053,1.25e-06,0.1866622,1e-06,0.02127913,0.04866851,0.03111612,0.0242353,0.02644037,0.06319398,0.02494421,0.02579213,0.06600114,0.01438864,0.007081322
416,227.1455,0.5172523,1.667e-06,0.1849572,1.167e-06,0.02126705,0.02922712,0.02721746,0.02174005,0.02676496,0.0631494,0.02833287,0.02607054,0.0630569,0.01532273,0.01014323
417,227.6628,0.5434615,1.334e-06,0.186206,1.25e-06,0.0212388,0.04861509,0.03114362,0.02406088,0.02670562,0.06303265,0.02897237,0.02572996,0.06536815,0.01487673,0.007509072
418,228.2062,0.5128192,1.583e-06,0.1862292,1e-06,0.02105988,0.02930037,0.02695746,0.02176763,0.02691954,0.06323357,0.02465179,0.02603946,0.0654819,0.01408456,0.007091238
419,228.719,0.5598139,1.166e-06,0.1866168,9.17e-07,0.02733029,0.04873009,0.03102262,0.02420155,0.02608662,0.0629204,0.04242785,0.02562613,0.06368623,0.01406014,0.007103155
420,229.2788,0.5792329,1.584e-06,0.1894339,1.25e-06,0.0286427,0.07290172,0.03107795,0.02423013,0.02629479,0.06313157,0.02856095,0.02641696,0.06273132,0.01495473,0.01085332
421,229.8581,0.5319874,1.5e-06,0.191368,1.084e-06,0.02880212,0.01397014,0.03086654,0.02298238,0.02607262,0.06352223,0.03956877,0.02571671,0.06370273,0.01437331,0.01103923
422,230.3901,0.5901383,1.416e-06,0.1904506,9.16e-07,0.02889754,0.0728808,0.03111845,0.02409696,0.02602954,0.06304823,0.0427976,0.02585671,0.06272707,0.01408556,0.008146904
423,230.9802,0.5474787,1.333e-06,0.1904591,9.16e-07,0.02124288,0.04863884,0.03107987,0.0241763,0.02658812,0.0629899,0.02903087,0.02673412,0.06279615,0.0139864,0.009753901
424,231.5277,0.5139582,1.417e-06,0.1864169,8.34e-07,0.02118822,0.02929195,0.02705021,0.02173755,0.02631379,0.06405315,0.02466471,0.02534838,0.06674198,0.01414264,0.007006489
425,232.0416,0.5242898,1.166e-06,0.1912271,9.17e-07,0.02107147,0.02930087,0.02701554,0.02190155,0.02618621,0.0631194,0.0286027,0.02666454,0.0632364,0.01534414,0.01061782
426,232.5659,0.5735939,1.834e-06,0.185599,8.33e-07,0.02722246,0.07294313,0.03116212,0.02413113,0.02664054,0.06300982,0.02869487,0.02638771,0.06269815,0.01408414,0.01101823
427,233.1395,0.5185352,1.417e-06,0.1882075,1.083e-06,0.02093913,0.0292742,0.02703854,0.02184988,0.02680388,0.06275957,0.0286892,0.02635963,0.06490198,0.01470189,0.007007323
428,233.6581,0.5897016,1.25e-06,0.1906716,9.17e-07,0.02946604,0.07283639,0.03105653,0.02406821,0.02634337,0.06301048,0.04235227,0.02544621,0.06300473,0.01407173,0.007371822
429,234.2478,0.5443355,1.334e-06,0.1872044,9.17e-07,0.0212258,0.04865776,0.03103728,0.02412363,0.02653179,0.06261523,0.0286027,0.02639429,0.06264707,0.01463239,0.0106609
430,234.7921,0.5686718,1.666e-06,0.1905108,1.083e-06,0.02197538,0.07288488,0.03105678,0.02408805,0.02567121,0.0638434,0.02869704,0.02612912,0.06273865,0.01404798,0.007025823
431,235.3608,0.5820781,1.167e-06,0.1922791,1e-06,0.0286942,0.07292588,0.03111537,0.02421188,0.02573221,0.06300907,0.02866404,0.02671379,0.06304865,0.01521189,0.01046982
432,235.9428,0.5204461,1.584e-06,0.1896641,1.083e-06,0.02107272,0.0294087,0.02695587,0.02172063,0.02667829,0.06318182,0.02864287,0.02572788,0.06567481,0.01472464,0.006991072
433,236.4633,0.5230346,1.166e-06,0.1921897,1.25e-06,0.02108397,0.02927545,0.02705362,0.02172488,0.02633271,0.06410798,0.02836737,0.02611554,0.06511681,0.01460256,0.007061572
434,236.9863,0.5784499,1.5e-06,0.1893952,9.16e-07,0.02894504,0.07296455,0.03114245,0.02501071,0.02641429,0.06295665,0.02852462,0.02650554,0.06305557,0.01431156,0.009221319
435,237.5648,0.6070535,1.416e-06,0.1911168,1e-06,0.02894279,0.07282813,0.03112395,0.02403663,0.02646837,0.06298507,0.05943382,0.02634762,0.06271607,0.01392639,0.007125405
436,238.1718,0.5795243,1.333e-06,0.1895202,1e-06,0.02886312,0.0727918,0.03115587,0.02407079,0.02658662,0.06294823,0.02878904,0.02638796,0.06311748,0.01401789,0.01127298
437,238.7514,0.5536576,1.417e-06,0.1954172,1.083e-06,0.02124488,0.04864401,0.03115612,0.02402888,0.02622054,0.0629999,0.02890362,0.02633838,0.06267973,0.01507039,0.01095148
438,239.305,0.5772689,1.583e-06,0.1868555,1.083e-06,0.0290222,0.07289905,0.03168028,0.02410688,0.02610671,0.06295348,0.02870745,0.02631912,0.06276465,0.01490648,0.01094448
439,239.8823,0.5309291,1.333e-06,0.1899924,8.33e-07,0.02860595,0.01399639,0.0308757,0.02301663,0.02554904,0.06372023,0.0422436,0.02575113,0.06277098,0.01421848,0.01018632
440,240.4132,0.5906211,1.25e-06,0.1881876,1.083e-06,0.0294347,0.07291872,0.03426695,0.02418529,0.02620179,0.0630644,0.04215835,0.02660254,0.06234899,0.01399148,0.007257989
441,241.0038,0.5200493,1.5e-06,0.1916056,9.17e-07,0.02099388,0.02931637,0.02695862,0.0217983,0.02735637,0.06304023,0.02488613,0.02651004,0.06596998,0.01460189,0.007009489
442,241.5239,0.5129786,1.75e-06,0.1883834,1.084e-06,0.02099647,0.02931445,0.02698237,0.02170663,0.02655462,0.06280973,0.02454121,0.02528379,0.06543898,0.01396948,0.006994656
443,242.0369,0.5183079,1.166e-06,0.1902337,9.17e-07,0.02098622,0.02928837,0.02806579,0.02176863,0.02668396,0.06324773,0.02484029,0.02613929,0.06601656,0.01408131,0.006953989
444,242.5552,0.5201011,1.25e-06,0.1873846,9.17e-07,0.02132372,0.0292782,0.02701821,0.0218088,0.02643687,0.06353381,0.02896937,0.02605404,0.06245257,0.01520506,0.01063365
445,243.0753,0.5211773,1.083e-06,0.188063,1.084e-06,0.0212398,0.02931145,0.02704187,0.02187497,0.02694021,0.06313565,0.02867537,0.02671512,0.06355215,0.01507156,0.009553985
446,243.5964,0.5175177,1.25e-06,0.1905644,1e-06,0.02111363,0.02930787,0.02702054,0.02179022,0.02598821,0.06404448,0.02495579,0.02561254,0.0658784,0.01416073,0.007078655
447,244.114,0.5202324,1.25e-06,0.1884869,8.33e-07,0.0211753,0.0293192,0.02711221,0.02174088,0.02697246,0.06321432,0.02859162,0.02622979,0.06621789,0.01418148,0.006988322
448,244.6342,0.589762,1.417e-06,0.1897346,1e-06,0.02892787,0.07297897,0.0311512,0.02481288,0.02620396,0.06299732,0.04245385,0.02619821,0.06290473,0.01402481,0.007371155
449,245.224,0.5131964,1.416e-06,0.1860154,1e-06,0.02107988,0.02934312,0.02758812,0.02183013,0.02645012,0.06314248,0.02466813,0.02579904,0.0661914,0.01399698,0.007089155
450,245.7372,0.5133853,1.333e-06,0.1849821,9.17e-07,0.02102288,0.02931037,0.02699012,0.02173355,0.02593188,0.06265782,0.02832037,0.02518946,0.06562148,0.01459381,0.007029155
451,246.2505,0.5758137,1.583e-06,0.1878065,9.16e-07,0.02878504,0.07296863,0.03111537,0.0241003,0.02611771,0.06294073,0.02893095,0.02662054,0.06305682,0.01403339,0.009335152
452,246.8264,0.5158353,1.583e-06,0.1841168,9.16e-07,0.02101472,0.02935329,0.02694629,0.02181397,0.02618196,0.06319748,0.02884587,0.02658104,0.06642648,0.01431906,0.007035906
453,247.3422,0.5861816,1.916e-06,0.1875313,9.16e-07,0.02834462,0.07288513,0.03110695,0.02416305,0.02627613,0.06300707,0.04241018,0.02636312,0.06268573,0.01402315,0.007382321
454,247.9284,0.5219556,1.667e-06,0.1898369,1e-06,0.02112847,0.02929529,0.02699696,0.02185905,0.02653529,0.06310865,0.02849396,0.02625163,0.06294798,0.01508631,0.0104124
455,248.4503,0.5186723,1.25e-06,0.1866488,1.167e-06,0.02146297,0.02928487,0.02709937,0.02184805,0.02641513,0.06310448,0.02885345,0.02651646,0.06620456,0.01413206,0.007099739
456,248.969,0.510238,1.584e-06,0.1848465,1e-06,0.02117955,0.02925895,0.02726079,0.02174788,0.02634863,0.06274965,0.02486263,0.02506379,0.06590739,0.01396715,0.007042489
457,249.4792,0.5775689,1.417e-06,0.1874238,9.17e-07,0.02882212,0.07292263,0.03113678,0.02401888,0.02583438,0.06351565,0.02870629,0.02541421,0.06391798,0.01497114,0.01088273
458,250.0568,0.561594,1.333e-06,0.1860227,1.166e-06,0.02870062,0.04896226,0.03151003,0.02420671,0.02634996,0.0629069,0.04286301,0.02597237,0.06275223,0.01397598,0.007368738
459,250.6184,0.5438532,1.75e-06,0.1849003,1.25e-06,0.02127522,0.04859109,0.03104762,0.02412463,0.02565621,0.06396565,0.02849329,0.02573929,0.06405098,0.01527614,0.01072982
460,251.1623,0.5849971,1.25e-06,0.1893899,1.083e-06,0.02669171,0.0729183,0.0311007,0.0241103,0.02628621,0.06396206,0.0400491,0.02657887,0.06279723,0.01409114,0.007019239
461,251.7472,0.5721038,1.667e-06,0.1887929,1.25e-06,0.02413896,0.07291055,0.0311272,0.02473129,0.02630754,0.06308148,0.02478888,0.02565288,0.06634064,0.01662364,0.007604988
462,252.3194,0.5146433,1.083e-06,0.1882987,9.17e-07,0.02103088,0.02931204,0.02699729,0.02176847,0.02596304,0.06326448,0.02496163,0.02576896,0.06570715,0.01426498,0.007303739
463,252.834,0.5795821,1.25e-06,0.1926924,1.083e-06,0.02868995,0.07290455,0.03113495,0.02418538,0.02616513,0.06320965,0.02509363,0.02565738,0.06379981,0.01533564,0.01071123
464,253.4136,0.5828512,1.416e-06,0.1878594,1.084e-06,0.02621596,0.07294755,0.0311172,0.0241698,0.02575796,0.06389957,0.04035652,0.02559188,0.06380248,0.01412989,0.007000489
465,253.9964,0.5167566,1.5e-06,0.1887317,1e-06,0.02107347,0.02925262,0.02705679,0.0218138,0.02750554,0.06313573,0.02490963,0.02648229,0.06560573,0.01421564,0.006971155
466,254.5132,0.5686763,1.667e-06,0.183259,1e-06,0.02867579,0.0728953,0.03111437,0.02430246,0.02586413,0.06279098,0.02506896,0.02612263,0.06274548,0.01531181,0.01052265
467,255.0819,0.5266487,1.167e-06,0.1864555,1.167e-06,0.03101445,0.01397973,0.03092245,0.02180038,0.0301547,0.06418807,0.03503869,0.02581679,0.06537098,0.01489598,0.007008739
468,255.6085,0.5181308,1.583e-06,0.1845697,1.166e-06,0.02147805,0.02931179,0.02706212,0.02189722,0.02687121,0.06316148,0.0286447,0.02637154,0.0627469,0.01512306,0.01089023
469,256.1266,0.5158186,1.584e-06,0.1870342,1e-06,0.02228738,0.0292527,0.02716171,0.02182122,0.02682404,0.06314982,0.02462938,0.02607513,0.06637523,0.01427589,0.006929322
470,256.6425,0.5097174,1.25e-06,0.1836958,1e-06,0.02106297,0.02929729,0.02694712,0.0217648,0.02655029,0.06322548,0.02470021,0.02574996,0.06552465,0.01407756,0.007118989
471,257.1522,0.517601,1.333e-06,0.1862192,1.167e-06,0.02101963,0.02929212,0.02701212,0.02191588,0.02666679,0.06312132,0.02855404,0.02626921,0.06590106,0.01460681,0.007020322
472,257.6698,0.5191232,1.167e-06,0.1872636,1.083e-06,0.0212553,0.0293422,0.02698529,0.02179738,0.02680062,0.06316407,0.02862054,0.02635163,0.0662764,0.01431739,0.006946488
473,258.1889,0.5402748,1.166e-06,0.1865812,1.083e-06,0.02140122,0.04865926,0.03108987,0.02422638,0.02656129,0.0631619,0.02487929,0.02661879,0.06551381,0.01463631,0.006943239
474,258.7292,0.5127648,1.166e-06,0.1862944,1.25e-06,0.02113655,0.0292857,0.02706729,0.02180605,0.02675771,0.06316707,0.02479329,0.02567504,0.06555815,0.01411181,0.007109322
475,259.2419,0.5607016,1.25e-06,0.1866245,1e-06,0.02742996,0.04862584,0.03108712,0.02402046,0.02578863,0.06392548,0.04223577,0.02556713,0.06312598,0.0141099,0.008158653
476,259.8026,0.5232458,1.333e-06,0.1843216,1.166e-06,0.02715721,0.01396781,0.03122103,0.01878655,0.02593538,0.0631549,0.04767184,0.02690146,0.06284957,0.01402256,0.007253322
477,260.3259,0.5205756,1.583e-06,0.1862426,1.167e-06,0.02174088,0.02930904,0.02799887,0.02178788,0.02685921,0.06307348,0.02864954,0.02645537,0.06272732,0.01519923,0.0105294
478,260.8465,0.5769395,1.5e-06,0.1867468,1e-06,0.02880529,0.07289022,0.03118553,0.02407521,0.02628479,0.06306223,0.02874412,0.02625571,0.06307982,0.01501881,0.01078848
479,261.4234,0.5192571,1.333e-06,0.1872631,1.083e-06,0.02138947,0.0292802,0.02752312,0.02183488,0.02673021,0.06363407,0.02857295,0.02639363,0.06516556,0.01447189,0.006995572
480,261.9427,0.5597614,1.5e-06,0.1862994,1e-06,0.02725471,0.04869384,0.03107945,0.02418888,0.02629254,0.06296715,0.04251152,0.02627821,0.06278557,0.01403639,0.007371322
481,262.5024,0.5405552,1.334e-06,0.1868607,1e-06,0.02121672,0.04863742,0.03106787,0.02430113,0.02639504,0.06313623,0.02492504,0.02595237,0.06619148,0.01487148,0.006997406
482,263.043,0.5759069,1.5e-06,0.1866688,1.166e-06,0.02866204,0.07288822,0.03114012,0.02416655,0.02580687,0.06350198,0.02875804,0.02548271,0.06296215,0.01489081,0.01097598
483,263.6189,0.556511,1.333e-06,0.1876165,1.083e-06,0.02838229,0.04865526,0.03626028,0.02420229,0.02565821,0.06305507,0.0288667,0.02622996,0.06596023,0.01461114,0.007010655
484,264.1754,0.5387045,1.334e-06,0.183682,1e-06,0.02898762,0.01398348,0.0308282,0.02299471,0.02598671,0.06262373,0.05935616,0.02686896,0.0624074,0.01398381,0.006999406
485,264.7141,0.5721503,1.583e-06,0.1860239,1.166e-06,0.02869679,0.07300597,0.03113645,0.02414505,0.02596512,0.06396332,0.0287232,0.02639779,0.0627749,0.01404789,0.007267238
486,265.2863,0.5656358,1.333e-06,0.1866234,1e-06,0.02256155,0.07293455,0.03118778,0.02413188,0.02633612,0.06298448,0.02850462,0.02562121,0.06355832,0.01409448,0.007095073
487,265.8519,0.5460039,1.333e-06,0.1877673,1.083e-06,0.02144088,0.04864717,0.0311087,0.02415521,0.02619096,0.06303232,0.02879445,0.02593421,0.06314482,0.01540656,0.0103789
488,266.3979,0.5190208,1.333e-06,0.1863461,1.25e-06,0.0213508,0.0292922,0.02712287,0.0217983,0.02704737,0.06326615,0.0289152,0.02608779,0.06638889,0.01427656,0.007125905
489,266.9169,0.5195185,1.583e-06,0.1877852,9.17e-07,0.02114397,0.02929779,0.02709204,0.02251405,0.02685712,0.06312673,0.02854387,0.02639646,0.06546548,0.01431981,0.006973489
490,267.4364,0.5495084,1.25e-06,0.1856578,1.166e-06,0.02169888,0.04866601,0.03731727,0.02411713,0.02553546,0.0633034,0.02851612,0.02582596,0.06280073,0.01506039,0.01100682
491,267.9859,0.5210541,1.167e-06,0.186362,1e-06,0.02118213,0.02928895,0.02798046,0.02188196,0.02657829,0.06312207,0.0288067,0.02685454,0.0629444,0.01533564,0.01071482
492,268.507,0.5755883,1.667e-06,0.1855631,1.167e-06,0.02896654,0.07285897,0.03109787,0.02425363,0.02654662,0.06302098,0.02858279,0.02659496,0.06306723,0.01411073,0.01092207
493,269.0826,0.5894179,1.75e-06,0.1898616,1.084e-06,0.0289192,0.07294938,0.03113137,0.02418121,0.02649046,0.06296698,0.04241885,0.02634087,0.06277757,0.01403148,0.007346071
494,269.672,0.5259931,1.417e-06,0.1842983,1.084e-06,0.02729612,0.01397323,0.03126328,0.01887814,0.02666154,0.06318698,0.04731601,0.02698429,0.06282907,0.01402156,0.009282068
495,270.198,0.5189958,1.417e-06,0.1884621,9.17e-07,0.0210458,0.02924362,0.02709746,0.02188163,0.02658321,0.06269307,0.02865479,0.02536371,0.06249432,0.01511714,0.01035665
496,270.717,0.5178512,1.416e-06,0.185629,1e-06,0.02131713,0.02929679,0.02705337,0.02178497,0.02673262,0.0632699,0.02860754,0.02553763,0.0629094,0.01496231,0.01074807
497,271.2348,0.5235755,1.083e-06,0.1901718,1.333e-06,0.0212338,0.02931804,0.02710004,0.02190905,0.02634538,0.0630824,0.02880737,0.02617879,0.06407165,0.01550697,0.009847818
498,271.7584,0.5234533,1.334e-06,0.1896414,1.083e-06,0.02111513,0.02930212,0.02734321,0.02183438,0.02726271,0.06312323,0.02853745,0.02667404,0.06276048,0.01514931,0.01070732
499,272.2819,0,0,0,0,0,0,0,0,0,0,0,0,0,0,0

Averages:
0.5445637,1.414496e-06,0.1870421,1.073148e-06,0.02831122,0.044757,0.02915543,0.02260433,0.02641358,0.06312378,0.02991648,0.02613368,0.06389231,0.01456658,0.008644796
