OpenCV version: 2.4
Usage: 7-SobelDerivatives <input-number> [<samples>]
input-number - is the video device number. Defaults to zero. E.g. for /dev/video2 just use '2' as argument.
samples - number of samples before application ends. Defaults to 1000; zero means infinite.
sample_number,elapsed_time,frame,mat_alloc,read_img,gpumat_alloc,gpu_frame_upload,convert_color,gaussian_blur,sobel,gpu_frame_download,convert_scale,sobel2,gpu_frame_download2,convert_scale2,add_weighted,show_img
0,0,1.683005,1.0167e-05,0.002888078,1e-06,1.659232,0.002397163,0.004917908,0.00444416,0.001002165,0.000946582,0.004707825,0.000947415,0.000810082,0.000240833,0.000460333
1,1.683005,0.0291737,9.17e-07,0.002219413,8.33e-07,0.000429166,0.002203163,0.01701864,0.002148163,0.000663333,0.000835582,0.002086413,0.000425832,0.000795333,0.000236166,0.00011075
2,1.712179,0.02709429,9.17e-07,0.00190308,7.5e-07,0.000431166,0.000821416,0.003302828,0.003791327,0.000681165,0.000843249,0.009769151,0.004335993,0.000814748,0.000213333,0.000185167
3,1.739273,0.02327205,1.916e-06,0.002568413,1.75e-06,0.000783165,0.001027582,0.00841657,0.003276411,0.000927165,0.000833665,0.002685329,0.001546664,0.000803499,0.000224166,0.00017575
4,1.762545,0.01435498,1.333e-06,0.001983414,5.83e-07,0.000399416,0.000881915,0.002634246,0.002656412,0.000588916,0.000903415,0.002546996,0.000528083,0.000820498,0.000210583,0.000199167
5,1.7769,0.01589914,1.334e-06,0.002065413,7.5e-07,0.000623332,0.000669416,0.002604496,0.003035078,0.001085082,0.000846915,0.003233161,0.000551,0.000808915,0.00020575,0.000168499
6,1.792799,0.02633387,1.25e-06,0.001935413,6.67e-07,0.000498999,0.001262498,0.004529409,0.003413995,0.001172331,0.000853082,0.0108164,0.000662999,0.000835415,0.000205917,0.000145499
7,1.819133,0.02964204,1.417e-06,0.00201383,8.33e-07,0.000572249,0.001182915,0.01104773,0.002953995,0.000775332,0.000855915,0.003148412,0.005928074,0.000809832,0.000207249,0.00014425
8,1.848775,0.02507271,1.25e-06,0.001944163,1.084e-06,0.000451332,0.000926582,0.002843746,0.01287148,0.000506499,0.000883748,0.002859246,0.000609749,0.000813832,0.000217583,0.000142416
9,1.873848,0.02361004,1.667e-06,0.00202633,1e-06,0.000657832,0.001187248,0.008027821,0.002941495,0.000606999,0.000877748,0.003414912,0.002613829,0.000811415,0.000213416,0.000228333
10,1.897458,0.0210133,1.167e-06,0.00195508,1.083e-06,0.000497833,0.000971332,0.002760912,0.00404741,0.000605582,0.000852249,0.007171905,0.000493249,0.001249498,0.00021125,0.000194749
11,1.918471,0.02489913,1.333e-06,0.00193333,7.5e-07,0.000365167,0.003164161,0.01053098,0.002692912,0.000502749,0.000832249,0.002874579,0.000795582,0.000817165,0.000208,0.000180166
12,1.943371,0.02561629,1.084e-06,0.001959246,8.34e-07,0.000504666,0.00195533,0.003395994,0.003165995,0.001439664,0.000833332,0.002670746,0.008533653,0.000806915,0.000204083,0.00014475
13,1.968987,0.02727737,1.083e-06,0.001944747,8.33e-07,0.000592083,0.003017745,0.01031632,0.002633746,0.000487499,0.000836332,0.005804991,0.000480332,0.000811166,0.000206333,0.000144166
14,1.996264,0.02544638,1e-06,0.00193233,5.84e-07,0.000407499,0.001337748,0.01331015,0.002695995,0.000501749,0.000839416,0.002782495,0.000481416,0.000811665,0.000202583,0.00014175
15,2.021711,0.02475413,1e-06,0.001909247,9.16e-07,0.00039925,0.001310998,0.0127659,0.002526662,0.000504083,0.000839665,0.002845412,0.000474499,0.000810915,0.000203833,0.00016175
16,2.046465,0.02589696,1e-06,0.00192233,7.5e-07,0.00041575,0.001052831,0.01420906,0.002587079,0.000495249,0.000833249,0.002738912,0.000484082,0.000808166,0.000203333,0.000145166
17,2.072362,0.03333003,1.167e-06,0.00190083,8.33e-07,0.000427999,0.001087165,0.01064365,0.002951828,0.001986914,0.000854832,0.0118114,0.000499499,0.000794666,0.000226582,0.000142667
18,2.105692,0.02457021,1.083e-06,0.002109163,7.5e-07,0.0004125,0.000921998,0.01255465,0.002925829,0.000499332,0.000820749,0.002658579,0.000494666,0.000807332,0.000221166,0.000142417
19,2.130262,0.02697446,1.083e-06,0.00189233,5.84e-07,0.000394416,0.000916915,0.003700744,0.004569492,0.000518833,0.000839832,0.00576574,0.007218822,0.000804415,0.000207083,0.000144167
20,2.157236,0.03291345,1.334e-06,0.002141246,7.5e-07,0.001226498,0.009351402,0.002838078,0.00460491,0.007649654,0.000832748,0.002581746,0.000465666,0.000854249,0.000204749,0.000160417
21,2.19015,0.02438229,1.583e-06,0.001910414,8.33e-07,0.000411333,0.001390831,0.004793409,0.01009573,0.000488583,0.000841082,0.002807245,0.000476333,0.000816582,0.000203333,0.000145
22,2.214532,0.03214186,9.16e-07,0.001930664,7.5e-07,0.000877332,0.00822957,0.00371416,0.00426091,0.00801382,0.000843916,0.002627995,0.000481749,0.000808999,0.00020575,0.000145333
23,2.246674,0.02447696,9.17e-07,0.001917914,8.33e-07,0.000379916,0.007785237,0.002951745,0.005797074,0.00050125,0.000822832,0.002667579,0.000473415,0.000814666,0.000219916,0.000143667
24,2.271151,0.02475321,8.33e-07,0.00191008,7.5e-07,0.00041975,0.001257914,0.007343655,0.007990487,0.000638582,0.000841832,0.002715662,0.0004715,0.000813665,0.00020525,0.000143249
25,2.295904,0.02483854,1.25e-06,0.00189158,7.5e-07,0.000448833,0.000953332,0.00559849,0.0101359,0.000632915,0.000835832,0.002695829,0.000469333,0.000809498,0.000203083,0.000161917
26,2.320743,0.02416704,1e-06,0.001921747,9.17e-07,0.000394666,0.001334581,0.0122204,0.002539163,0.000472833,0.000845915,0.002792162,0.000471499,0.000817666,0.000213166,0.000141333
27,2.34491,0.02448963,1.167e-06,0.001917413,7.5e-07,0.000440999,0.001254582,0.005604907,0.009683568,0.000480666,0.000840248,0.002628246,0.000476666,0.000810999,0.000207499,0.000141917
28,2.369399,0.02614896,1e-06,0.001922331,6.66e-07,0.000404,0.000918165,0.005493824,0.008617236,0.000477666,0.000843499,0.00583124,0.000475916,0.000814082,0.00020675,0.000142583
29,2.395548,0.02545162,1.083e-06,0.001916747,7.5e-07,0.000420749,0.001348748,0.01330656,0.002708412,0.000490666,0.000837582,0.002644162,0.000619499,0.000809249,0.000204916,0.0001425
30,2.421,0.02387304,8.33e-07,0.00189533,8.34e-07,0.000372166,0.001349248,0.00589099,0.008618653,0.000476665,0.000841916,0.002774329,0.000489665,0.000795416,0.000223916,0.000143083
31,2.444873,0.02576213,9.17e-07,0.001910746,7.5e-07,0.000849582,0.003195329,0.0113594,0.002763245,0.000491749,0.000839082,0.002711079,0.000478499,0.000811832,0.000206667,0.00014325
32,2.470635,0.0239893,7.5e-07,0.001904081,6.66e-07,0.00039375,0.001343914,0.01196265,0.002686163,0.000490665,0.000832582,0.002622913,0.000541166,0.000862248,0.000204167,0.000143583
33,2.494624,0.02697887,1.25e-06,0.001913664,7.5e-07,0.000670832,0.001227665,0.01479923,0.002807078,0.000481,0.000839832,0.002612829,0.000467666,0.000805582,0.000206416,0.000145083
34,2.521603,0.02471563,1.083e-06,0.002153496,7.5e-07,0.000412083,0.001498914,0.01206881,0.002743996,0.000524832,0.000842165,0.002828329,0.000482833,0.000806248,0.000206917,0.000145166
35,2.546319,0.02495871,1.25e-06,0.001886664,8.33e-07,0.000963499,0.002303079,0.01133715,0.002624163,0.000482916,0.000838748,0.002862079,0.000482999,0.000807582,0.000206,0.00016175
36,2.571278,0.02380138,8.34e-07,0.001908413,8.33e-07,0.00038525,0.001316581,0.005918824,0.008663986,0.000497665,0.000846332,0.002616829,0.000489916,0.000792666,0.000222833,0.000140416
37,2.595079,0.02603196,9.16e-07,0.00226283,7.5e-07,0.000400166,0.001495581,0.01339515,0.002757995,0.00048525,0.000840915,0.002750829,0.000488166,0.000792582,0.000217583,0.000143249
38,2.621111,0.02694737,1e-06,0.001904497,6.66e-07,0.00043675,0.001347664,0.01185331,0.002680746,0.000487416,0.000837998,0.005694574,0.000541916,0.000813999,0.000204833,0.000142
39,2.648058,0.02607154,6.67e-07,0.001908247,5.83e-07,0.000447499,0.001269998,0.01417106,0.00252058,0.000485665,0.000836749,0.002657329,0.000553083,0.000853165,0.000222333,0.000144583
40,2.67413,0.02326288,1.083e-06,0.00214008,7.5e-07,0.001071832,0.002889078,0.009030569,0.002546746,0.000488166,0.000837248,0.00261758,0.000478249,0.000810915,0.000207833,0.00014275
41,2.697393,0.02557271,1.084e-06,0.00188208,7.5e-07,0.000412749,0.001327165,0.01330256,0.002723913,0.000643665,0.000834749,0.002810662,0.000473499,0.000812499,0.00020375,0.000143583
42,2.722965,0.02298371,1e-06,0.001912247,5.84e-07,0.000383999,0.001327414,0.005508325,0.008247153,0.000492499,0.000820499,0.002624412,0.000479499,0.000818666,0.000204583,0.000162833
43,2.745949,0.02538679,9.16e-07,0.002182747,9.17e-07,0.001068331,0.002367913,0.01141465,0.002700579,0.000491583,0.000837331,0.002669829,0.0004935,0.000807915,0.000207666,0.000142917
44,2.771336,0.02395354,1.083e-06,0.001901497,7.5e-07,0.000393333,0.001326748,0.01195156,0.002515496,0.000479999,0.000917915,0.002724329,0.000568582,0.000808166,0.000221583,0.000142499
45,2.79529,0.02444471,8.33e-07,0.00192833,8.34e-07,0.000422416,0.001271831,0.005445408,0.009723067,0.000477,0.000837415,0.002683079,0.000473832,0.000810666,0.000205666,0.000164333
46,2.819734,0.02422879,1e-06,0.002190663,9.17e-07,0.001293998,0.00232008,0.008067903,0.005002159,0.000450582,0.000839082,0.002453996,0.000447833,0.000811165,0.00020525,0.000144166
47,2.843963,0.0220893,1.167e-06,0.001905664,8.33e-07,0.000405999,0.001122665,0.01107832,0.002162164,0.000454499,0.000836415,0.002399413,0.000440916,0.000929165,0.000206,0.000146083
48,2.866052,0.02204355,1.25e-06,0.001912247,7.5e-07,0.000431166,0.000825665,0.005328658,0.007949821,0.000485582,0.000834582,0.002637829,0.000475749,0.000809249,0.0002065,0.0001445
49,2.888096,0.02440613,8.33e-07,0.00190833,6.67e-07,0.000403666,0.001026831,0.005083242,0.0101539,0.000493666,0.000844166,0.002682162,0.000643249,0.000796082,0.000225833,0.0001435
50,2.912502,0.02360688,8.33e-07,0.001912164,8.33e-07,0.00039925,0.001330331,0.01163173,0.002687912,0.000494416,0.000832582,0.002672496,0.000484166,0.000794915,0.000219166,0.000146083
51,2.936109,0.02851187,9.17e-07,0.002744746,7.5e-07,0.000910498,0.002382246,0.01143006,0.005438908,0.000495999,0.000839332,0.002629329,0.000486166,0.000794915,0.00021275,0.00014525
52,2.964621,0.02441263,9.16e-07,0.00190533,8.34e-07,0.000389749,0.001027082,0.0124964,0.002705079,0.000530583,0.000916998,0.002797162,0.000484499,0.000809582,0.000206167,0.000142249
53,2.989033,0.02458263,9.17e-07,0.002438162,8.34e-07,0.000482165,0.002096664,0.01131548,0.002649329,0.000484916,0.000837749,0.002642662,0.000472333,0.000810915,0.000206916,0.000143584
54,3.013616,0.02441996,1.083e-06,0.001907997,8.34e-07,0.000423582,0.001027249,0.01257723,0.002746912,0.000491999,0.000867332,0.002727579,0.000485666,0.000813915,0.000204917,0.000143666
55,3.038036,0.02910379,1.084e-06,0.001920913,6.67e-07,0.000392832,0.001031915,0.01414764,0.002909912,0.003571911,0.000837332,0.002653745,0.000475666,0.000813916,0.000203499,0.00014275
56,3.06714,0.02368754,1e-06,0.00190058,8.33e-07,0.000391583,0.001349914,0.01156906,0.002740162,0.000477249,0.000838249,0.002607662,0.000625916,0.000819415,0.00020275,0.000163166
57,3.090827,0.02414246,6.67e-07,0.00190033,6.67e-07,0.000400749,0.001030415,0.005508324,0.009711651,0.000483166,0.000838499,0.002629912,0.000475916,0.000811415,0.000205917,0.000144833
58,3.11497,0.0389201,1e-06,0.003944244,7.5e-07,0.000440499,0.002423413,0.01004198,0.00809082,0.008822153,0.000835248,0.002689329,0.00047075,0.000811415,0.000205,0.000143499
59,3.15389,0.02205521,1.083e-06,0.00189783,1.167e-06,0.003781911,0.005251991,0.002984578,0.00261708,0.000489665,0.000822082,0.002565496,0.000470999,0.000811332,0.000204417,0.000155583
60,3.175945,0.03706836,1.167e-06,0.005025159,1e-06,0.000468082,0.001207165,0.01555106,0.008869235,0.000482666,0.000848082,0.002965079,0.000483999,0.000814499,0.000204083,0.000147083
61,3.213013,0.0285202,1e-06,0.001895997,8.33e-07,0.000423249,0.002977995,0.01237831,0.005041408,0.000535916,0.000823582,0.002663496,0.000494415,0.000919666,0.000221333,0.000142999
62,3.241534,0.0288737,9.16e-07,0.001891747,9.17e-07,0.000981998,0.003616911,0.01128906,0.002461163,0.000478582,0.000837999,0.005420741,0.000698249,0.000821165,0.000207166,0.000167084
63,3.270407,0.03022328,9.17e-07,0.00191233,7.5e-07,0.000359999,0.000922665,0.007301239,0.01406364,0.000498583,0.000835665,0.002688579,0.000478583,0.000808998,0.000206917,0.000144416
64,3.300631,0.02244788,8.33e-07,0.001896331,5e-07,0.000461666,0.001031998,0.005057492,0.008396736,0.000494666,0.000822582,0.002613579,0.000480749,0.000793082,0.000253,0.000144666
65,3.323079,0.02522821,1.25e-06,0.00190158,5.84e-07,0.000438499,0.001331331,0.01330048,0.002682329,0.000483333,0.000834915,0.002608496,0.000469832,0.000807833,0.000206666,0.000161083
66,3.348307,0.02369055,9.17e-07,0.001913496,6.67e-07,0.0003795,0.000918581,0.003603578,0.01104515,0.000487915,0.000833332,0.002825912,0.000499083,0.000807499,0.000228749,0.000146167
67,3.371997,0.02563113,1e-06,0.001905497,7.5e-07,0.000384333,0.001027581,0.01415023,0.002505413,0.000476082,0.000838416,0.002703662,0.000477583,0.000812415,0.000204,0.000144166
68,3.397628,0.02383796,1.083e-06,0.001892914,5.83e-07,0.000413333,0.003192995,0.009849817,0.002689329,0.000504916,0.000834582,0.002799579,0.000483999,0.000823082,0.00020675,0.000144999
69,3.421466,0.02558863,1.417e-06,0.00190433,6.67e-07,0.001242914,0.000827332,0.01324748,0.002644495,0.000555833,0.000883332,0.002639829,0.000483582,0.000805249,0.000208333,0.000143833
70,3.447055,0.02257805,9.16e-07,0.001908747,6.67e-07,0.000397083,0.001025165,0.005067741,0.00850782,0.000498166,0.000842248,0.002693913,0.000475082,0.000810749,0.000205749,0.000144
71,3.469633,0.02545929,1.083e-06,0.001907914,5.83e-07,0.000376249,0.001350415,0.01360589,0.002602746,0.000494583,0.000836248,0.002652163,0.000468249,0.000807915,0.000206833,0.000148417
72,3.495092,0.0220858,1e-06,0.00191333,7.5e-07,0.000423,0.000921415,0.01046515,0.002575995,0.000500583,0.000819249,0.002756412,0.000501999,0.000858832,0.000205666,0.000142417
73,3.517178,0.02569754,1.25e-06,0.001901497,6.67e-07,0.000398833,0.001028415,0.01417173,0.002526496,0.000483665,0.000837916,0.002703245,0.0004695,0.000808915,0.00020675,0.000158666
74,3.542876,0.02421671,1.25e-06,0.00196933,6.67e-07,0.000982498,0.002682329,0.009913151,0.002849578,0.000488166,0.000861832,0.002840079,0.000471833,0.000810248,0.000203417,0.000142333
75,3.567092,0.02430854,1.25e-06,0.001919413,6.67e-07,0.000433749,0.001035165,0.005571074,0.009638318,0.000490583,0.000841831,0.002632496,0.000535749,0.000862999,0.000203916,0.000141333
76,3.591401,0.02253146,9.17e-07,0.00192058,6.67e-07,0.000399083,0.001028998,0.005055992,0.008506736,0.000483749,0.000834749,0.002657995,0.000475333,0.000810332,0.000206166,0.000150167
77,3.613932,0.02806104,1.083e-06,0.001890914,6.66e-07,0.000411166,0.001334415,0.01335806,0.002504996,0.003521078,0.000833332,0.002567996,0.000477749,0.000806332,0.000207416,0.000145833
78,3.641993,0.02347738,1.083e-06,0.001904914,5.83e-07,0.000408833,0.001036748,0.00594949,0.00840532,0.000480999,0.000840915,0.002687496,0.000478333,0.000932581,0.000204917,0.000145166
79,3.665471,0.02581612,1.084e-06,0.001893747,7.5e-07,0.000373749,0.001024915,0.01418223,0.002691162,0.000493416,0.000838249,0.002682745,0.000476083,0.000809249,0.000206416,0.000142333
80,3.691287,0.02682779,1.333e-06,0.002081747,6.66e-07,0.000585333,0.003234994,0.009609235,0.005659741,0.000477416,0.000836248,0.002703412,0.000478833,0.000809749,0.000205583,0.000143499
81,3.718115,0.03035112,1.083e-06,0.001915414,7.5e-07,0.000384416,0.001030998,0.005831907,0.01439681,0.000579499,0.000839082,0.003646494,0.000558916,0.000817249,0.000206916,0.000141583
82,3.748466,0.02701996,1.167e-06,0.002038413,5.84e-07,0.000390082,0.001482748,0.00582924,0.0112914,0.000631665,0.000843416,0.002849662,0.000492832,0.000796249,0.000229999,0.0001425
83,3.775486,0.02544288,1e-06,0.001900663,5.84e-07,0.000386999,0.001330331,0.01333323,0.002696913,0.000486832,0.000834416,0.002665329,0.000639415,0.000803749,0.000222083,0.000141333
84,3.800929,0.02251905,1.083e-06,0.00190108,5e-07,0.00040275,0.001046748,0.005548491,0.00801607,0.000505749,0.000840582,0.002604079,0.00049175,0.000794998,0.000222333,0.000142833
85,3.823448,0.02935795,1.166e-06,0.002122247,5.83e-07,0.001126498,0.004101077,0.0108659,0.005521741,0.000489333,0.000841331,0.002655663,0.000473582,0.000812832,0.000203583,0.000142417
86,3.852806,0.02377221,1e-06,0.001879747,6.67e-07,0.000395416,0.001337497,0.01161531,0.002514912,0.000483416,0.000844416,0.003055828,0.000487749,0.000807832,0.0002065,0.000141916
87,3.876578,0.02582604,9.17e-07,0.001891997,7.5e-07,0.000402083,0.001032081,0.01420481,0.002716163,0.000493999,0.000822248,0.00261458,0.000470832,0.000809999,0.000205583,0.00016
88,3.902404,0.02363521,1e-06,0.00212533,5.83e-07,0.001050082,0.002414412,0.009752818,0.002682245,0.000479333,0.000838999,0.002652079,0.000479749,0.000806582,0.000205833,0.000146166
89,3.926039,0.02542404,1.084e-06,0.001894913,5.83e-07,0.000417416,0.001328998,0.01334181,0.002702745,0.00049125,0.000917082,0.002689495,0.000481416,0.000808332,0.000204333,0.000144583
90,3.951463,0.02409405,1.084e-06,0.001910247,5.83e-07,0.000386583,0.001026498,0.01253698,0.002525079,0.000494166,0.000864998,0.002583579,0.000606999,0.000807832,0.000207083,0.000142334
91,3.975557,0.02593729,1.083e-06,0.001922997,9.17e-07,0.000429415,0.001039915,0.01418614,0.002688496,0.000505249,0.000848165,0.002677829,0.000476583,0.000812915,0.00020325,0.000144333
92,4.001494,0.02411746,1e-06,0.00188958,8.34e-07,0.000381666,0.000921665,0.01229215,0.002667579,0.000489415,0.000907332,0.002916829,0.000494999,0.000793165,0.000217333,0.000143917
93,4.025612,0.02428854,8.34e-07,0.00194533,5.83e-07,0.000430666,0.001033248,0.005551408,0.009633484,0.000548833,0.000832915,0.002664746,0.000475499,0.000806999,0.000206583,0.000157416
94,4.0499,0.02545846,1.083e-06,0.00189783,5.84e-07,0.000425166,0.001025748,0.005085242,0.01126982,0.000477832,0.000840666,0.002690829,0.000587332,0.000808082,0.000204833,0.000143416
95,4.075359,0.02524454,9.17e-07,0.001902163,1e-06,0.0004045,0.001324331,0.01335173,0.002499663,0.000498749,0.000889915,0.002737996,0.000472832,0.000811416,0.000205833,0.000143499
96,4.100603,0.02479779,1.083e-06,0.001908497,7.5e-07,0.001009665,0.001620081,0.01183165,0.002700746,0.000542749,0.000836999,0.002702662,0.000488666,0.000806165,0.000207333,0.00014075
97,4.125401,0.03142937,1.083e-06,0.00189333,6.67e-07,0.000436249,0.001573998,0.01009198,0.002735496,0.000483332,0.000835666,0.01160798,0.000490249,0.000925915,0.000208,0.000145416
98,4.156831,0.02540713,8.34e-07,0.001893913,5.84e-07,0.000398832,0.001328165,0.01360714,0.002581329,0.000484083,0.000842415,0.002631246,0.000478999,0.000811749,0.0002025,0.000145333
99,4.182238,0.03208328,1e-06,0.002346829,8.33e-07,0.000486416,0.001592664,0.009157902,0.002700996,0.000812748,0.000840166,0.01242531,0.000488999,0.000793582,0.0002215,0.000214333
100,4.214321,0.02136521,1.166e-06,0.002592913,6.66e-07,0.002457663,0.004924325,0.002973079,0.002719995,0.0004885,0.000840582,0.002709995,0.000497916,0.000810749,0.000206999,0.000140667
101,4.235686,0.02684571,1.083e-06,0.001910581,6.66e-07,0.000429416,0.000927332,0.003453078,0.002459579,0.000489583,0.000839082,0.01466923,0.000500249,0.000813832,0.000206333,0.000145666
102,4.262532,0.03519736,1.083e-06,0.003003495,8.33e-07,0.00251433,0.004924742,0.007374321,0.002719412,0.000499916,0.000822582,0.01153015,0.000492999,0.000881999,0.000286666,0.000144833
103,4.297729,0.02621471,1.083e-06,0.001875164,5.83e-07,0.00043925,0.001034081,0.01476264,0.002537246,0.000499582,0.000836082,0.002587079,0.000486916,0.000792166,0.000218999,0.000143833
104,4.323944,0.02521963,1.167e-06,0.002037663,5.84e-07,0.000395166,0.000922332,0.003390494,0.002604496,0.000478832,0.000959582,0.01277606,0.000489749,0.000811332,0.000207666,0.0001445
105,4.349164,0.02431113,1.084e-06,0.00188708,6.67e-07,0.000383999,0.001032248,0.01262048,0.002726162,0.000499332,0.000837582,0.002684079,0.00047725,0.000810248,0.000205167,0.000145749
106,4.373475,0.02417696,1.166e-06,0.001882747,6.67e-07,0.000409333,0.000938498,0.004060077,0.002462662,0.0004945,0.000829832,0.01144423,0.000494749,0.000808166,0.000207333,0.000142999
107,4.397652,0.02542938,8.33e-07,0.001902914,5.83e-07,0.000395916,0.001379248,0.01331564,0.002540579,0.000637499,0.000838999,0.002778495,0.000476749,0.000811166,0.000205666,0.000145083
108,4.423081,0.0232368,1.417e-06,0.001897913,6.67e-07,0.000388249,0.001028249,0.00586424,0.008438236,0.0004795,0.000838915,0.002661579,0.000477166,0.000812165,0.00020525,0.00014325
109,4.446318,0.02592229,9.17e-07,0.001921163,7.5e-07,0.000446333,0.001028832,0.01415023,0.002725329,0.000487082,0.000836749,0.002692745,0.0004725,0.000810915,0.000206416,0.000142333
110,4.47224,0.02372121,1.25e-06,0.00191458,8.34e-07,0.000380916,0.001392414,0.01165615,0.002681412,0.000490999,0.000836999,0.002712662,0.000481333,0.000808249,0.000205999,0.000157417
111,4.495961,0.02602288,8.34e-07,0.001892913,6.67e-07,0.000401166,0.001025998,0.01421289,0.002793079,0.000485832,0.000860999,0.002695662,0.000479666,0.000826748,0.000203417,0.000143
112,4.521984,0.02247546,9.16e-07,0.001896831,6.66e-07,0.000377333,0.001029582,0.005075325,0.008456236,0.000481749,0.000832166,0.002666912,0.000477332,0.000808666,0.000206916,0.000164833
113,4.54446,0.02548062,1.166e-06,0.001898331,7.5e-07,0.000391082,0.001327498,0.01329565,0.002695996,0.000474999,0.000854749,0.002893995,0.000476666,0.000805332,0.000205083,0.000159333
114,4.56994,0.02687862,8.33e-07,0.001907914,8.33e-07,0.000426749,0.001031832,0.01529231,0.00254058,0.000497082,0.000833415,0.002582996,0.000595583,0.000819748,0.000203667,0.000145083
115,4.596819,0.02508638,1.334e-06,0.002308913,6.66e-07,0.000932999,0.002288663,0.01135773,0.002639663,0.000479332,0.000833499,0.002617579,0.000468416,0.000808998,0.0002075,0.000141083
116,4.621905,0.02351579,1.0666e-05,0.001904331,5.83e-07,0.001060581,0.002469246,0.009620818,0.002661412,0.000625166,0.000833832,0.002674496,0.000491166,0.000812498,0.0002045,0.0001465
117,4.645421,0.02648262,1e-06,0.001891997,7.5e-07,0.000809415,0.001085248,0.01409756,0.002684995,0.000592916,0.000825915,0.002702079,0.000630582,0.000810249,0.00020375,0.000146166
118,4.671904,0.02354054,1.167e-06,0.002295913,7.5e-07,0.000894415,0.002373913,0.009705401,0.002669412,0.000482666,0.000837332,0.002644329,0.000480416,0.000807665,0.000204583,0.000142583
119,4.695444,0.02543421,9.16e-07,0.001901581,7.5e-07,0.000374332,0.001452998,0.01321265,0.002826745,0.000490666,0.000835582,0.002695079,0.000480166,0.000812665,0.000204583,0.0001455
120,4.720879,0.02409729,1.334e-06,0.001903413,5.84e-07,0.000395916,0.001029581,0.01248448,0.002517079,0.000480916,0.000830499,0.002792079,0.000493665,0.000819749,0.000206416,0.000141583
121,4.744976,0.02412213,1.167e-06,0.00189933,7.5e-07,0.0003655,0.001024831,0.005060659,0.01019715,0.000498999,0.000839999,0.002597912,0.000478583,0.000809748,0.000205917,0.000141583
122,4.769098,0.02365588,9.17e-07,0.001903414,6.66e-07,0.000425083,0.001355414,0.01162823,0.002714246,0.000476249,0.000855499,0.002651579,0.000487666,0.000811665,0.00020375,0.000141499
123,4.792754,0.02420996,1.167e-06,0.00190383,7.5e-07,0.000367249,0.001034165,0.005524325,0.00976665,0.00049775,0.000841915,0.002642912,0.000470083,0.000811332,0.000206083,0.00014175
124,4.816964,0.02423129,9.17e-07,0.001908247,7.5e-07,0.000375749,0.001028249,0.01249773,0.002726246,0.000483999,0.000842499,0.002734245,0.000472333,0.000811165,0.000208083,0.000141083
125,4.841195,0.02537121,1.084e-06,0.001896413,6.67e-07,0.000399916,0.001340581,0.01333464,0.002703496,0.000485165,0.000853999,0.002711162,0.000482333,0.000811499,0.000207583,0.000142666
126,4.866566,0.02460063,7.5e-07,0.001909997,7.5e-07,0.000438332,0.001029582,0.01250223,0.003075995,0.000485832,0.000837332,0.002681746,0.000478416,0.000810165,0.000207,0.0001425
127,4.891167,0.02599879,1.083e-06,0.00190408,8.33e-07,0.000791333,0.003245078,0.01156248,0.002707829,0.000485666,0.000831915,0.002834162,0.000474832,0.000811082,0.000206333,0.000142084
128,4.917166,0.02347888,1e-06,0.001920331,1e-06,0.000372666,0.001339414,0.01165065,0.002506496,0.000489916,0.000840665,0.002727829,0.000473999,0.000808749,0.000204749,0.000141417
129,4.940645,0.02606679,6.66e-07,0.001900414,6.66e-07,0.000380166,0.001028249,0.005882824,0.01013873,0.000493583,0.000839582,0.002913578,0.001321081,0.000812416,0.000207666,0.000147166
130,4.966711,0.02252313,9.17e-07,0.00190258,5.83e-07,0.000400916,0.001020249,0.005117658,0.008466403,0.000496332,0.000819416,0.002639162,0.000482166,0.000812415,0.00022225,0.000142083
131,4.989235,0.02530713,1.167e-06,0.001923997,9.16e-07,0.000416,0.001340831,0.01328931,0.002676496,0.000479833,0.000847332,0.002677829,0.000481665,0.000811916,0.000203916,0.000155917
132,5.014542,0.02334271,9.16e-07,0.00191183,9.17e-07,0.000427666,0.003198412,0.009651484,0.002465496,0.000487999,0.000828082,0.002733746,0.000486499,0.000793332,0.000214916,0.000141417
133,5.037884,0.02420954,9.17e-07,0.00190908,6.67e-07,0.000399416,0.001027831,0.005086826,0.01016073,0.000479416,0.000840415,0.002681162,0.000464416,0.000813749,0.000204083,0.000140833
134,5.062094,0.02297163,1.417e-06,0.002400246,1e-06,0.000486249,0.00223458,0.009455151,0.002627746,0.000471083,0.000837331,0.00263183,0.000650332,0.000808248,0.000207833,0.000158584
135,5.085066,0.02429779,1e-06,0.001897996,5.84e-07,0.000390833,0.001033581,0.005524408,0.009730734,0.000479583,0.000840998,0.002771996,0.000467916,0.000808832,0.000203499,0.000145833
136,5.109363,0.02264088,1.167e-06,0.00191383,6.67e-07,0.000406416,0.001070581,0.005085492,0.00837682,0.000496999,0.000818165,0.002811412,0.000495666,0.000794999,0.000227999,0.000140667
137,5.132004,0.02519304,1e-06,0.001874747,8.33e-07,0.000392583,0.001327831,0.01333173,0.002689912,0.000499666,0.000830332,0.002596329,0.000488166,0.000792416,0.000224083,0.000143416
138,5.157197,0.0227648,1.25e-06,0.001902497,9.17e-07,0.000423332,0.001045499,0.00557649,0.008094321,0.000487082,0.000840749,0.002752495,0.00048075,0.000813165,0.000203666,0.000142583
139,5.179962,0.02464938,1.083e-06,0.001905497,6.67e-07,0.000386249,0.001031915,0.005305241,0.0101139,0.000495166,0.000840582,0.002764996,0.000621999,0.000810248,0.000207167,0.000164666
140,5.204611,0.02375171,1e-06,0.001902914,8.33e-07,0.000418083,0.001335081,0.0116524,0.002801663,0.000494332,0.000840415,0.002637496,0.000496083,0.000803582,0.000223333,0.000144499
141,5.228363,0.02458963,1.084e-06,0.001911663,6.67e-07,0.000413249,0.001037415,0.005550991,0.009708318,0.000646249,0.000820498,0.002844329,0.000492499,0.000813249,0.000204583,0.000144833
142,5.252953,0.02339713,1.083e-06,0.002135747,6.67e-07,0.001087748,0.002387663,0.009721984,0.002477579,0.000477166,0.000838499,0.002622745,0.000483083,0.000811748,0.000206833,0.000144584
143,5.27635,0.02575496,1e-06,0.001899164,7.5e-07,0.000417249,0.001336498,0.01378948,0.002713913,0.000499832,0.000820249,0.002629496,0.000476665,0.000806749,0.00020525,0.000158666
144,5.302105,0.02444513,1.167e-06,0.00191283,5.83e-07,0.000416999,0.001063082,0.01255698,0.002524745,0.000652833,0.000843748,0.002816912,0.00048225,0.000809498,0.000205667,0.000157833
145,5.32655,0.02614087,9.17e-07,0.001912913,6.67e-07,0.000416166,0.001028415,0.01417039,0.002716828,0.000485416,0.000834582,0.002670496,0.000726165,0.000808332,0.000215667,0.000153916
146,5.352691,0.0236558,1.167e-06,0.00189758,7.5e-07,0.000380249,0.001342748,0.01167906,0.002730163,0.000500999,0.000821332,0.002654329,0.000487249,0.000792999,0.000223416,0.00014375
147,5.376347,0.02621154,1e-06,0.001913163,6.67e-07,0.000432832,0.001040749,0.01418214,0.002932579,0.000503666,0.000839082,0.002728495,0.000478749,0.000808832,0.000206583,0.000143
148,5.402558,0.02741512,1.084e-06,0.00191483,9.16e-07,0.000421,0.001042748,0.01249881,0.002934412,0.000493832,0.000820582,0.002612996,0.003520494,0.000796249,0.00021425,0.000142916
149,5.429973,0.02782604,1.084e-06,0.002447662,9.17e-07,0.002560329,0.008758819,0.002836246,0.003518244,0.000569999,0.000837665,0.004353077,0.000784332,0.000810248,0.000206417,0.000140999
150,5.457799,0.02683154,7.5e-07,0.002202747,7.5e-07,0.000753165,0.001616331,0.0120074,0.003361661,0.000571083,0.000842498,0.003736577,0.000572333,0.000812582,0.000207916,0.00014575
151,5.484631,0.02618296,7.5e-07,0.00191358,6.66e-07,0.000419333,0.001631247,0.01415673,0.002512163,0.000476083,0.000839415,0.002595579,0.000467083,0.000823248,0.00020475,0.000142333
152,5.510814,0.02360721,7.5e-07,0.001932747,5.84e-07,0.000392499,0.001357081,0.01163757,0.002686328,0.00048375,0.000837748,0.002622163,0.000478499,0.000817999,0.000207249,0.00015225
153,5.534421,0.02422129,1.166e-06,0.001929164,8.33e-07,0.000394833,0.001027665,0.005540491,0.009732901,0.000483916,0.000843332,0.002630162,0.000473916,0.000809832,0.000214999,0.000138084
154,5.558642,0.02260505,7.5e-07,0.00192808,9.16e-07,0.00043175,0.001029081,0.005067992,0.008472486,0.000478166,0.000835249,0.002712245,0.000490416,0.000794166,0.000221333,0.000142416
155,5.581247,0.02535804,1.25e-06,0.001896913,6.67e-07,0.000433166,0.001345331,0.01326198,0.002640163,0.000477916,0.000842248,0.002809412,0.000471833,0.000808332,0.000206666,0.000162167
156,5.606605,0.02412463,1.083e-06,0.001925664,6.66e-07,0.000403333,0.001029665,0.01253781,0.002542746,0.000497582,0.000838249,0.002654829,0.000532999,0.000810749,0.000205999,0.00014325
157,5.63073,0.02428329,9.17e-07,0.001926663,5.84e-07,0.000425832,0.001037832,0.005143241,0.01005548,0.000482999,0.000843832,0.002731496,0.000474916,0.000811582,0.000205916,0.000142
158,5.655013,0.02361471,7.5e-07,0.001910664,7.5e-07,0.000382499,0.000915999,0.01185531,0.002735912,0.000487083,0.000837248,0.002689579,0.000621666,0.000810748,0.000205083,0.000161417
159,5.678628,0.02596337,8.33e-07,0.001925747,7.5e-07,0.000415666,0.001025581,0.01418656,0.002705079,0.000495332,0.000831915,0.002745579,0.000473333,0.000812665,0.0002045,0.000139833
160,5.704591,0.02648579,1e-06,0.002178829,6.67e-07,0.001084998,0.002422663,0.009615984,0.005531491,0.000484083,0.000838748,0.002681746,0.000480499,0.000817832,0.000203583,0.000143667
161,5.731077,0.02528288,8.34e-07,0.001898663,7.5e-07,0.000428416,0.001327915,0.01338139,0.002501246,0.000520333,0.000836082,0.002751829,0.000476249,0.000812582,0.00020475,0.000141833
162,5.75636,0.02431188,1.25e-06,0.001898581,6.66e-07,0.000402666,0.001035499,0.01249506,0.002716578,0.000566916,0.000833415,0.002724079,0.0004755,0.000812665,0.00020725,0.000141749
163,5.780672,0.02595237,1e-06,0.001895747,7.5e-07,0.000385416,0.001026331,0.01424723,0.002703496,0.000486832,0.000836582,0.002728746,0.000478999,0.000811415,0.000207,0.000142833
164,5.806624,0.02380454,9.17e-07,0.001892747,6.66e-07,0.00044825,0.001352331,0.01167765,0.002749913,0.000479999,0.000844082,0.002710995,0.000486333,0.000809582,0.00020525,0.000145833
165,5.830429,0.02584896,1.25e-06,0.001898747,7.5e-07,0.000422999,0.001028082,0.01419839,0.002692245,0.000504333,0.000820915,0.002615163,0.000482915,0.000810832,0.00022275,0.000149583
166,5.856278,0.02439546,8.34e-07,0.001879663,6.67e-07,0.000391833,0.001029831,0.01253631,0.002726496,0.000506666,0.000820332,0.002861328,0.000476833,0.000813999,0.000206833,0.000143833
167,5.880673,0.02573437,1.166e-06,0.001878497,8.33e-07,0.000411916,0.001334332,0.01355648,0.002937578,0.000483083,0.000835748,0.002646246,0.000492332,0.000808249,0.000205,0.000142916
168,5.906408,0.02252855,9.17e-07,0.001893163,7.5e-07,0.000430333,0.001028248,0.005526325,0.008079487,0.000476082,0.000834415,0.002629996,0.000471333,0.000807082,0.000206583,0.000143833
169,5.928936,0.02508529,9.17e-07,0.00189733,7.5e-07,0.000429999,0.001028998,0.009303569,0.006596072,0.000495333,0.000845498,0.002841246,0.000478999,0.000816915,0.0002035,0.000146166
170,5.954022,0.02352163,1e-06,0.001910914,7.5e-07,0.000411166,0.001322498,0.01162465,0.00247808,0.000475832,0.000834666,0.002799662,0.000483916,0.000804748,0.00020675,0.000167
171,5.977543,0.02415296,9.17e-07,0.001905413,5.83e-07,0.000402666,0.001029415,0.005560325,0.009676151,0.000481666,0.000841331,0.002621663,0.000472166,0.000810665,0.000203916,0.000146084
172,6.001696,0.02289463,8.33e-07,0.001938913,6.67e-07,0.000373833,0.001050081,0.005059576,0.008397903,0.000638832,0.000836915,0.002909995,0.00051525,0.000821665,0.000205583,0.000144583
173,6.024591,0.02541588,1.25e-06,0.001895414,5e-07,0.000428332,0.001341581,0.01332356,0.002688912,0.00049525,0.000834332,0.002612745,0.000632083,0.000813248,0.00020675,0.000141916
174,6.050007,0.02254963,1.083e-06,0.001893914,7.5e-07,0.000416416,0.001032082,0.005543741,0.008056986,0.000487083,0.000841749,0.002642162,0.000473166,0.000811915,0.00020575,0.000142833
175,6.072556,0.02556004,1.083e-06,0.001896914,9.16e-07,0.001417581,0.002455913,0.01131623,0.002676912,0.000565666,0.000847832,0.002741829,0.000475665,0.000811582,0.000207917,0.000144
176,6.098116,0.02356496,7.5e-07,0.001898997,6.67e-07,0.000382749,0.001326665,0.0116919,0.002680912,0.000480332,0.000836082,0.002607579,0.000484583,0.000813582,0.00020725,0.000152916
177,6.121681,0.02421629,1.084e-06,0.001904496,6.67e-07,0.000417749,0.001028582,0.005558241,0.009705818,0.000497415,0.000835749,0.002624079,0.000471333,0.000807415,0.000203666,0.00016
178,6.145898,0.02500604,6.67e-07,0.001925663,6.67e-07,0.000402916,0.000914748,0.01327756,0.002729579,0.000478499,0.000839249,0.002797079,0.000481332,0.000806916,0.000207999,0.000143167
179,6.170904,0.02536154,1.5e-06,0.00190933,7.5e-07,0.000421916,0.001330331,0.01341423,0.002672662,0.00048775,0.000835998,0.002660329,0.0004705,0.000807915,0.000205916,0.000142417
180,6.196265,0.02432796,9.17e-07,0.00192583,7.5e-07,0.000385666,0.001030832,0.01259815,0.002748829,0.000481582,0.000838999,0.002670662,0.000482166,0.000813499,0.000204749,0.000145334
181,6.220593,0.02586937,9.17e-07,0.00191383,7.5e-07,0.000398082,0.001027082,0.01415098,0.002698746,0.000518499,0.000849665,0.002666829,0.000483833,0.000811332,0.000206833,0.000141999
182,6.246462,0.0234408,1e-06,0.001897497,6.66e-07,0.000987499,0.002393329,0.009699234,0.002670413,0.000499415,0.000827666,0.002827078,0.000480916,0.000808416,0.000204249,0.000143417
183,6.269903,0.02536521,1.083e-06,0.001897997,1.166e-06,0.000981999,0.001094915,0.01324598,0.002496996,0.000491999,0.000839916,0.002681995,0.000471916,0.000809415,0.000205917,0.000143916
184,6.295269,0.02280905,1e-06,0.00190308,8.34e-07,0.000384999,0.000914165,0.005370158,0.008423153,0.000483916,0.000836832,0.002693079,0.000637416,0.000793165,0.00022375,0.000143499
185,6.318078,0.02543663,9.17e-07,0.001899413,7.5e-07,0.000415666,0.001347498,0.01326965,0.002615079,0.000486166,0.000836832,0.002859495,0.000476999,0.000840082,0.000203333,0.00018475
186,6.343514,0.02633371,8.33e-07,0.001898414,5.83e-07,0.000390999,0.001027249,0.005851407,0.01142065,0.000483249,0.000834749,0.002798995,0.000468916,0.000806082,0.000207166,0.000144417
187,6.369848,0.02949662,1e-06,0.00190683,9.17e-07,0.000394333,0.001034831,0.005058492,0.01431331,0.000580083,0.000820332,0.003660994,0.000564082,0.000795082,0.000224166,0.000142167
188,6.399344,0.02986445,9.16e-07,0.001908414,7.5e-07,0.000383416,0.001747497,0.01498739,0.003808828,0.000578832,0.000836665,0.003876827,0.000573166,0.000810249,0.000207166,0.000144333
189,6.429209,0.03106803,1.583e-06,0.001913831,6.66e-07,0.000415583,0.001628747,0.007240655,0.01426006,0.000484416,0.000843165,0.002651413,0.000470999,0.000809499,0.000203083,0.000144333
190,6.460277,0.02513363,8.34e-07,0.00192033,6.67e-07,0.000416916,0.001101831,0.01307248,0.002697079,0.000659499,0.000837248,0.002793246,0.000479082,0.000805916,0.000206666,0.000141833
191,6.485411,0.02522088,1e-06,0.001895747,7.5e-07,0.000357083,0.001342831,0.01328164,0.002703746,0.000488166,0.000836248,0.002667746,0.000478749,0.000815332,0.000205667,0.000146166
192,6.510631,0.02265738,1e-06,0.001910497,9.17e-07,0.000419166,0.001033832,0.005509824,0.008153153,0.0005005,0.000834415,0.002654329,0.000480666,0.000807249,0.000208082,0.00014375
193,6.533289,0.02427188,9.16e-07,0.001905247,8.33e-07,0.0004185,0.001046331,0.005091492,0.0100964,0.000479416,0.000895165,0.002678329,0.000481,0.000807665,0.00020475,0.000165833
194,6.557561,0.02104713,1e-06,0.00190958,5.83e-07,0.000376333,0.001335748,0.009086318,0.002705913,0.000487415,0.000847332,0.002649413,0.000488582,0.000807166,0.000207166,0.000144583
195,6.578608,0.02672446,1e-06,0.001894914,0.000292332,0.000620749,0.001086499,0.01419364,0.003021162,0.000483332,0.000832666,0.002665829,0.000477832,0.000805249,0.000207416,0.000141833
196,6.605332,0.02336588,1e-06,0.00189333,9.17e-07,0.000388999,0.003181245,0.009680151,0.002650912,0.00047675,0.000836415,0.002600746,0.000495332,0.000810166,0.000207166,0.00014275
197,6.628698,0.02528504,1.084e-06,0.001893163,7.5e-07,0.0003485,0.001326414,0.01334364,0.002735662,0.00049275,0.000837582,0.002675662,0.000468916,0.000811499,0.000206499,0.000142917
198,6.653983,0.02699312,1.166e-06,0.001919497,5.83e-07,0.000401916,0.001059332,0.01251865,0.005438491,0.0005075,0.000821082,0.002666829,0.000499749,0.000792999,0.000223832,0.0001415
199,6.680976,0.02530796,1e-06,0.002173413,8.33e-07,0.001064582,0.002424246,0.01135498,0.002660162,0.000480499,0.000850582,0.002663579,0.000478583,0.000806832,0.000206666,0.000142
200,6.706284,0.02296396,8.34e-07,0.002390079,1.084e-06,0.000503415,0.002218997,0.009685734,0.002481496,0.000474749,0.000836915,0.002721496,0.000471999,0.000806166,0.000206583,0.000164416
201,6.729248,0.02588604,1.167e-06,0.00191083,5.83e-07,0.000400166,0.001054582,0.01415956,0.002721496,0.000485832,0.000836666,0.002664745,0.000486583,0.000815748,0.000204333,0.00014375
202,6.755134,0.02485629,9.17e-07,0.001896914,6.66e-07,0.000390833,0.000922082,0.01328456,0.002576829,0.000491916,0.000837248,0.002800246,0.000495166,0.000793832,0.000222166,0.000142916
203,6.779991,0.02547871,9.16e-07,0.00189158,6.67e-07,0.000427666,0.001343248,0.01335715,0.002691912,0.000483416,0.000839832,0.002797579,0.000490749,0.000793665,0.000217917,0.000142416
204,6.805469,0.02457704,1.333e-06,0.001902914,6.67e-07,0.000419166,0.001038581,0.01279623,0.002758329,0.000500333,0.000828748,0.002675329,0.000498916,0.000794749,0.0002165,0.000145249
205,6.830046,0.02526129,5.83e-07,0.00214733,5.83e-07,0.001090249,0.002388829,0.01142932,0.002630412,0.000476999,0.000849832,0.002614496,0.000475749,0.000807999,0.000206916,0.000142
206,6.855308,0.02310413,1.25e-06,0.001897331,7.5e-07,0.001001665,0.002343496,0.009659484,0.002476913,0.000473749,0.000840165,0.002761662,0.000470083,0.000809165,0.000205333,0.000163083
207,6.878412,0.02421029,1.25e-06,0.001904663,1e-06,0.000432749,0.001030332,0.005555241,0.009665068,0.000483416,0.000839165,0.002666329,0.000470916,0.000812998,0.00020575,0.000141417
208,6.902622,0.0208343,1.084e-06,0.001899496,6.67e-07,0.000381416,0.000918165,0.009205235,0.002711413,0.000472666,0.000851165,0.002758412,0.000473333,0.000812082,0.000204749,0.000144417
209,6.923456,0.02523662,8.33e-07,0.001898164,7.5e-07,0.000427999,0.001325415,0.01335764,0.002668996,0.000487666,0.000838832,0.002596746,0.000469999,0.000816415,0.000206167,0.000140999
210,6.948693,0.02350355,1.167e-06,0.001899997,7.5e-07,0.000451749,0.000931415,0.003592161,0.01062207,0.000477166,0.000848498,0.003032495,0.000481666,0.000812666,0.000206333,0.000145416
211,6.972197,0.02432271,1.083e-06,0.001896497,6.67e-07,0.000408416,0.001027915,0.005090492,0.01011082,0.000489832,0.000845332,0.002818245,0.000470666,0.000811416,0.000206666,0.000144666
212,6.996519,0.02372479,1.167e-06,0.001887997,7.5e-07,0.000397249,0.001338998,0.01166273,0.002765162,0.000495499,0.000821582,0.002705662,0.000486916,0.000793249,0.00022375,0.000144083
213,7.020244,0.02514138,9.17e-07,0.001904747,9.17e-07,0.000376582,0.001032999,0.005846407,0.01012915,0.000495499,0.000867499,0.002696829,0.000621999,0.000820582,0.000206416,0.000140833
214,7.045385,0.02420538,1e-06,0.00189658,6.67e-07,0.000404416,0.001024915,0.01248823,0.002541579,0.000558166,0.000835332,0.002813745,0.000480583,0.000808998,0.000206917,0.000144249
215,7.069591,0.02530504,1e-06,0.001891997,8.33e-07,0.000363249,0.001361832,0.01331631,0.002752246,0.000479916,0.000838582,0.002658245,0.0004775,0.000813165,0.000207416,0.00014275
216,7.094896,0.02442371,1.166e-06,0.001892164,5.83e-07,0.000411166,0.001032498,0.01248648,0.002731746,0.000489166,0.000836081,0.002752579,0.000625583,0.000812332,0.000206083,0.000146083
217,7.11932,0.02577963,1.25e-06,0.001892997,7.5e-07,0.000412583,0.001030665,0.01411339,0.002711079,0.000505916,0.000829582,0.002630662,0.000498583,0.000794165,0.000215,0.000143
218,7.145099,0.02333121,1.584e-06,0.001871247,8.33e-07,0.001035248,0.002265163,0.009613151,0.002781246,0.000497832,0.000822249,0.002789412,0.000493499,0.000808582,0.000205667,0.000145499
219,7.16843,0.02790612,1.167e-06,0.00190533,1.167e-06,0.000436082,0.001027582,0.01417523,0.004681159,0.000478999,0.000853249,0.002699245,0.000483333,0.000815165,0.000203666,0.00014475
220,7.196337,0.02414088,1e-06,0.00189383,9.17e-07,0.000374082,0.001031832,0.01250831,0.002715412,0.000489416,0.000838249,0.002657662,0.000472499,0.000808582,0.000205833,0.00014325
221,7.220477,0.02529946,7.5e-07,0.001906747,6.67e-07,0.000412916,0.001329081,0.01331831,0.002752162,0.000490083,0.000838998,0.002620913,0.000470165,0.000809666,0.000203666,0.000145333
222,7.245777,0.02622804,1.25e-06,0.00189908,7.5e-07,0.000401333,0.000919748,0.003601161,0.01063482,0.000509749,0.000841249,0.005764574,0.000486499,0.000814832,0.000207333,0.000145667
223,7.272005,0.02422204,1e-06,0.001926247,1.083e-06,0.000413583,0.001022665,0.005082658,0.01017573,0.000482249,0.000839082,0.002639329,0.000469833,0.000819165,0.000213333,0.000136083
224,7.296227,0.02359888,1.25e-06,0.001891747,6.67e-07,0.000383499,0.001322498,0.01167165,0.002693412,0.000479666,0.000839082,0.002678496,0.000482332,0.000805415,0.00020525,0.000143917
225,7.319826,0.02430646,1e-06,0.001897413,6.67e-07,0.000359,0.001029498,0.005547908,0.009704984,0.000474666,0.000838248,0.002811746,0.000478666,0.000812748,0.000204083,0.000145833
226,7.344132,0.02245388,1.166e-06,0.001892164,9.17e-07,0.000414416,0.001030748,0.005060908,0.008473987,0.000482999,0.000834915,0.002616412,0.000474416,0.000809499,0.000207083,0.00015425
227,7.366586,0.02538788,8.33e-07,0.001922247,5.83e-07,0.000420583,0.001358581,0.01329848,0.002779579,0.000485083,0.000836665,0.002655579,0.000474499,0.000807582,0.00020475,0.000142833
228,7.391974,0.02311296,1e-06,0.00192233,8.34e-07,0.000428082,0.001030665,0.005513658,0.008621486,0.000480916,0.000839415,0.002623329,0.00047575,0.000824082,0.000205083,0.000146333
229,7.415087,0.02581929,1.166e-06,0.001924914,5.83e-07,0.0004255,0.001033998,0.01414581,0.002666663,0.000497249,0.000831998,0.002653329,0.000477,0.000792665,0.00022575,0.000142666
230,7.440906,0.02372688,1.333e-06,0.001909414,6.66e-07,0.000379583,0.001360665,0.01162165,0.002678579,0.000637166,0.000839165,0.002636163,0.000500749,0.000814165,0.000204,0.000143583
231,7.464633,0.02416571,1e-06,0.001920496,6.67e-07,0.000384833,0.001032331,0.005552075,0.009658984,0.000499249,0.000842832,0.002629496,0.000490749,0.000794415,0.00022125,0.000137333
232,7.488799,0.02360388,1.083e-06,0.002313996,6.67e-07,0.000899665,0.00236908,0.009759234,0.002667745,0.0004825,0.000837082,0.002640995,0.000474916,0.000808665,0.000205333,0.000142917
233,7.512403,0.02819362,1e-06,0.001915914,8.33e-07,0.000391083,0.001325581,0.0132979,0.002778079,0.003462411,0.000837832,0.002545829,0.000476416,0.000811498,0.000205833,0.000143417
234,7.540596,0.02440854,1e-06,0.001897664,5.83e-07,0.000393249,0.001042165,0.0125299,0.002699828,0.000492833,0.000835332,0.002733495,0.000625166,0.000811415,0.000203167,0.00014275
235,7.565005,0.02557179,1.25e-06,0.001899663,8.34e-07,0.000367666,0.001030831,0.01415073,0.002519913,0.000487082,0.000837249,0.002625496,0.000469416,0.000818665,0.0002075,0.000155499
236,7.590577,0.02371629,1.25e-06,0.001910497,5.83e-07,0.000427333,0.001327331,0.01166765,0.002706495,0.000498666,0.000835666,0.002695579,0.000487082,0.000809165,0.000207917,0.000141083
237,7.614293,0.0293127,8.33e-07,0.001892163,7.5e-07,0.000998499,0.001088415,0.01385681,0.002803496,0.000499999,0.000823165,0.005685658,0.000499166,0.000795165,0.0002225,0.000146083
238,7.643606,0.02375888,1.084e-06,0.00214258,6.66e-07,0.001096665,0.002444496,0.009772734,0.002629746,0.000479666,0.000868082,0.002689495,0.000478583,0.000806332,0.000206833,0.000141916
239,7.667365,0.02510554,8.33e-07,0.001908913,7.5e-07,0.000396083,0.001349498,0.01331006,0.002518495,0.00048575,0.000837748,0.002662413,0.000477582,0.000807999,0.000206916,0.0001425
240,7.69247,0.02428046,1.167e-06,0.001897496,8.34e-07,0.000375916,0.001096165,0.0126604,0.002534746,0.000497832,0.000848665,0.002718413,0.000487666,0.000809748,0.00020775,0.000143666
241,7.716751,0.02538396,1.417e-06,0.002291913,5.83e-07,0.000931248,0.00227333,0.01136756,0.002752162,0.000480833,0.000845332,0.002792912,0.000478082,0.000811249,0.000215916,0.000141417
242,7.742135,0.02361929,1.083e-06,0.001890497,8.33e-07,0.000395,0.001322998,0.01167256,0.002704912,0.000480666,0.000837165,0.002677329,0.000473166,0.000814999,0.000206916,0.000141167
243,7.765754,0.02424213,1.167e-06,0.00193083,5.83e-07,0.000400416,0.001024748,0.005528658,0.009717901,0.000478499,0.000838665,0.002684663,0.000477332,0.000811582,0.000204417,0.000142666
244,7.789996,0.01864939,9.17e-07,0.00189083,9.17e-07,0.000386166,0.001027915,0.007883404,0.00213408,0.000447666,0.000838248,0.002437663,0.000448333,0.000793248,0.000216833,0.000143167
245,7.808645,0.02097747,1.5e-06,0.00189333,6.67e-07,0.000400832,0.000693249,0.004475076,0.008396403,0.000448833,0.000837249,0.002222079,0.000455916,0.000795166,0.000215166,0.000142
246,7.829623,0.02046147,1.25e-06,0.001909413,6.67e-07,0.000412916,0.000696666,0.003072245,0.004491076,0.005173658,0.000833082,0.002264329,0.000446583,0.000808249,0.000207333,0.000144
247,7.850084,0.02399913,1.166e-06,0.001895164,6.66e-07,0.000405333,0.000699166,0.005463324,0.009895651,0.000474166,0.000868248,0.002657496,0.000475999,0.000813832,0.000204333,0.000144583
248,7.874083,0.0236913,1.167e-06,0.00191308,6.67e-07,0.000378833,0.001331497,0.01186815,0.002542912,0.000492166,0.000837082,0.002685829,0.000483833,0.000807415,0.000204916,0.00014375
249,7.897775,0.02703171,1.334e-06,0.001903913,6.67e-07,0.000403916,0.001023748,0.005556075,0.00968765,0.00048375,0.000839915,0.005479574,0.000491083,0.000808415,0.0002065,0.000145166
250,7.924806,0.02348888,1.084e-06,0.002287913,7.5e-07,0.000916581,0.002341163,0.009637401,0.002640079,0.000480416,0.000840665,0.002706663,0.000472082,0.000813916,0.000203666,0.0001465
251,7.948295,0.02514429,1.084e-06,0.00191233,6.67e-07,0.000415916,0.001362831,0.0132444,0.002624912,0.000496499,0.000837832,0.00260033,0.000487999,0.000808498,0.0002065,0.0001445
252,7.97344,0.02623596,1e-06,0.001884413,5.84e-07,0.000417832,0.000933082,0.003593994,0.01069348,0.000499416,0.000822915,0.005729491,0.000496749,0.000793999,0.000224666,0.000144333
253,7.999676,0.02538904,1.083e-06,0.001877997,6.67e-07,0.001355414,0.002495663,0.01138273,0.002636246,0.000485999,0.000836165,0.002667996,0.000473666,0.000824165,0.000206583,0.000144667
254,8.025065,0.02372546,1.25e-06,0.001902581,7.5e-07,0.000388582,0.001321332,0.01171281,0.002718162,0.000488999,0.000835249,0.002715329,0.000483332,0.000810082,0.000204583,0.000142417
255,8.04879,0.02522962,1.083e-06,0.001895497,5.83e-07,0.000365,0.001034665,0.005918907,0.0101109,0.000629832,0.000842749,0.002806495,0.000463,0.000811915,0.000206833,0.000142166
256,8.07402,0.02409404,9.16e-07,0.001912247,6.67e-07,0.000387166,0.001027332,0.01245673,0.002696496,0.000493666,0.000861248,0.002624413,0.000478249,0.000812165,0.00020475,0.000138
257,8.098114,0.02502713,1.083e-06,0.00189933,5.83e-07,0.000408916,0.001331082,0.01330031,0.002495246,0.000499583,0.000820082,0.002624079,0.000482249,0.000793332,0.000226166,0.000145083
258,8.123141,0.02441554,8.33e-07,0.001919997,5e-07,0.000456666,0.001161248,0.0125074,0.002521162,0.000588999,0.000836999,0.002774079,0.000480249,0.000809915,0.00020325,0.00015425
259,8.147556,0.02600412,1.333e-06,0.001927081,7.5e-07,0.000406749,0.001031165,0.01418731,0.002718662,0.0004975,0.000860165,0.002715495,0.00047475,0.000835332,0.000204499,0.000143333
260,8.173561,0.02364763,1e-06,0.001897497,7.5e-07,0.0003985,0.003168411,0.009950484,0.002682162,0.000482083,0.000835498,0.002604496,0.000471999,0.000808916,0.000206749,0.000139084
261,8.197208,0.02418413,1.167e-06,0.001890413,7.5e-07,0.00040925,0.001026581,0.005524825,0.009684067,0.000482083,0.000846082,0.002671412,0.000473583,0.000807998,0.000205083,0.000160833
262,8.221392,0.02261646,1e-06,0.001889581,6.66e-07,0.000437,0.001027415,0.005064075,0.008432319,0.000476583,0.000867998,0.002774913,0.000483665,0.000810166,0.000207416,0.000143667
263,8.244009,0.02519804,1.167e-06,0.001892747,9.17e-07,0.000391832,0.001346081,0.01339148,0.002531746,0.000494415,0.000832999,0.002668496,0.000481999,0.000814249,0.000206416,0.0001435
264,8.269207,0.02248746,1e-06,0.001899414,7.5e-07,0.000403333,0.001031248,0.005496241,0.008029237,0.000499749,0.000842332,0.002610329,0.000509999,0.000813082,0.000206417,0.000144333
265,8.291694,0.02612837,1.084e-06,0.001899997,5.83e-07,0.000425749,0.001025999,0.01421573,0.002805412,0.000490333,0.000832165,0.002786162,0.000485,0.000812082,0.000202999,0.000145083
266,8.317823,0.02340054,1e-06,0.00189233,7.5e-07,0.00039725,0.001338414,0.01161356,0.002528412,0.000484749,0.000835082,0.002670413,0.000481416,0.000808748,0.000204667,0.000143749
267,8.341223,0.02423954,9.16e-07,0.00190883,9.17e-07,0.000373916,0.001025832,0.005524908,0.009741817,0.000496666,0.000842915,0.002668162,0.00047875,0.000830832,0.000204083,0.000140999
268,8.365463,0.02424621,1.084e-06,0.00190708,6.67e-07,0.000437999,0.001025415,0.01248131,0.002540246,0.000499416,0.000841332,0.002871912,0.000481082,0.000811082,0.000204333,0.00014325
269,8.389709,0.02824945,1.25e-06,0.001893747,6.67e-07,0.000407999,0.001348581,0.01327665,0.005560158,0.000486416,0.000843249,0.002783412,0.000487666,0.000811082,0.000206499,0.000142083
270,8.417958,0.0284317,1.083e-06,0.001885247,8.34e-07,0.000416832,0.001038332,0.01485181,0.003400661,0.000802249,0.000837998,0.003458412,0.000575082,0.000814082,0.000204333,0.00014475
271,8.44639,0.02930104,1.167e-06,0.001895913,7.5e-07,0.000844165,0.001601081,0.01534589,0.003340328,0.000808082,0.000836165,0.003059745,0.000413666,0.000803749,0.000206249,0.000144084
272,8.475691,0.01822947,1.166e-06,0.002415163,6.67e-07,0.002219746,0.000723666,0.006065323,0.00187633,0.0004065,0.000836998,0.00210983,0.000419666,0.000795832,0.000216833,0.00014175
273,8.493921,0.0197028,1.25e-06,0.001897331,6.66e-07,0.000393666,0.00049775,0.002801578,0.009178902,0.000442583,0.000839248,0.002087497,0.000406249,0.000809416,0.000204499,0.000142167
274,8.513623,0.02038605,1.167e-06,0.00191608,8.33e-07,0.000803083,0.001363247,0.003915661,0.006949905,0.000557916,0.000834165,0.002439246,0.000444416,0.000810165,0.00020575,0.000144416
275,8.534009,0.02201038,1e-06,0.00190058,7.5e-07,0.00041575,0.001108498,0.01113181,0.002163496,0.00047225,0.000820165,0.002400079,0.000438833,0.000810332,0.00020375,0.000143083
276,8.55602,0.02330038,1e-06,0.00192758,5e-07,0.000391583,0.000713499,0.003632161,0.01062765,0.000653582,0.000831332,0.002864329,0.000497333,0.000808748,0.000207417,0.000143666
277,8.57932,0.02212655,9.16e-07,0.002306997,6.66e-07,0.000955666,0.002787995,0.007881737,0.002631163,0.000483499,0.000837915,0.002617329,0.000465999,0.000809832,0.00020325,0.000143583
278,8.601447,0.02393313,1.5e-06,0.00190808,6.67e-07,0.000389582,0.001343582,0.01161398,0.003043411,0.000494083,0.000821582,0.002663412,0.000494916,0.000794749,0.000219666,0.000143917
279,8.62538,0.02575854,1.083e-06,0.001913247,1e-06,0.000388749,0.001028165,0.01413273,0.002535913,0.000495916,0.000823998,0.002797829,0.000480333,0.000810332,0.000206416,0.000142833
280,8.651138,0.02341563,1.333e-06,0.002297413,9.17e-07,0.000932915,0.00234483,0.009614067,0.002638246,0.000469499,0.000838499,0.002632912,0.000475749,0.000820666,0.000205499,0.000143084
281,8.674554,0.02526796,9.16e-07,0.001906081,6.66e-07,0.0004025,0.001332747,0.01347881,0.002569829,0.000492166,0.000839332,0.002603412,0.000477833,0.000811498,0.000207167,0.000144999
282,8.699822,0.02264221,9.17e-07,0.00191808,5.84e-07,0.000429416,0.001037581,0.005523741,0.008000154,0.000479749,0.000837582,0.002755412,0.000481166,0.000825499,0.000204249,0.000148084
283,8.722464,0.02417171,1.25e-06,0.001900913,6.67e-07,0.000444582,0.001039665,0.005060325,0.01016215,0.000476832,0.000833915,0.002626663,0.000465916,0.000809165,0.000206333,0.000143333
284,8.746636,0.02660587,1.166e-06,0.001925414,7.5e-07,0.000417083,0.001367664,0.01164073,0.002698246,0.003514077,0.000822499,0.002569246,0.000474416,0.000807998,0.000204917,0.000161666
285,8.773242,0.02443321,1e-06,0.001922997,6.66e-07,0.0003875,0.001039248,0.005556741,0.009699151,0.000484749,0.000838915,0.002702412,0.000621833,0.000808749,0.000205916,0.000163333
286,8.797675,0.02258871,1.25e-06,0.001950497,8.33e-07,0.000412916,0.001025332,0.005087658,0.008406987,0.000489832,0.000840332,0.002733412,0.000477666,0.000811332,0.00020675,0.000143916
287,8.820264,0.02562846,8.33e-07,0.001921164,8.33e-07,0.000434666,0.001435581,0.01329598,0.002734329,0.000630249,0.000838665,0.002689163,0.000488332,0.000811416,0.000206583,0.000140666
288,8.845892,0.02321605,1.167e-06,0.001919663,8.34e-07,0.000401832,0.000919666,0.005954323,0.008422237,0.000493832,0.000838165,0.002604579,0.000501083,0.000811749,0.000204833,0.000142083
289,8.869108,0.02589321,1.25e-06,0.00190583,5.84e-07,0.000417582,0.001024749,0.01413248,0.002781579,0.000494165,0.000835166,0.002654912,0.000484249,0.000808666,0.000206749,0.00014525
290,8.895001,0.02355454,1.083e-06,0.001944664,5.83e-07,0.000437916,0.001359248,0.01165373,0.002503996,0.000487749,0.000846499,0.002679079,0.000490416,0.000805415,0.000202916,0.00014125
291,8.918556,0.02587013,1.084e-06,0.00188608,8.33e-07,0.000403583,0.001036165,0.01418006,0.002698662,0.000486666,0.000869332,0.002665246,0.000469416,0.000805415,0.000215083,0.0001525
292,8.944426,0.02435304,8.33e-07,0.001897831,6.66e-07,0.000408333,0.001037832,0.0125129,0.002716412,0.000519499,0.000840832,0.002759662,0.000482083,0.000810999,0.000204166,0.000161
293,8.968779,0.02554287,1.084e-06,0.00189733,8.33e-07,0.000403833,0.001337914,0.01332098,0.002717579,0.000642082,0.000838998,0.002732829,0.000490416,0.000793749,0.000223083,0.000142166
294,8.994322,0.02422513,1.167e-06,0.001901163,6.67e-07,0.000399749,0.001031415,0.01248681,0.002734079,0.000488749,0.000838332,0.002693746,0.000474666,0.000811832,0.000214916,0.000147833
295,9.018547,0.02571629,1.084e-06,0.001903913,7.5e-07,0.000424666,0.001040249,0.01417898,0.002524912,0.000499583,0.000838165,0.002666912,0.000474833,0.000812165,0.000205167,0.000144916
296,9.044263,0.02631862,1e-06,0.00191358,8.33e-07,0.000389916,0.001353415,0.01163481,0.002528163,0.003446827,0.000836582,0.00258058,0.000472165,0.000808416,0.000207333,0.000145
297,9.070582,0.02594529,8.34e-07,0.001915246,5.84e-07,0.000410166,0.001034081,0.01031057,0.00639099,0.000477165,0.000841499,0.002926662,0.000476583,0.000811165,0.000204666,0.000145083
298,9.096527,0.02244046,1.167e-06,0.001891997,5.83e-07,0.000392999,0.001027082,0.005105742,0.008458819,0.000496666,0.000820915,0.002601329,0.000470083,0.000806915,0.000207083,0.000159083
299,9.118968,0.02580262,1e-06,0.00191533,8.33e-07,0.000443833,0.001366831,0.01326665,0.003106828,0.000506083,0.000834665,0.002704162,0.00049825,0.000811832,0.000203166,0.000143166
300,9.14477,0.0226103,1.167e-06,0.001902997,8.33e-07,0.000408666,0.001028332,0.005555824,0.00803132,0.000477,0.000839165,0.002722912,0.000477249,0.000811499,0.000204583,0.00014875
301,9.167381,0.02408638,1.083e-06,0.002691412,1.334e-06,0.000427249,0.002417246,0.0103994,0.002625079,0.000475082,0.000836749,0.002582912,0.000467833,0.000812415,0.000205667,0.000142916
302,9.191467,0.02371313,1e-06,0.001920997,8.33e-07,0.000397583,0.001099998,0.01199431,0.002618579,0.000475749,0.000850332,0.002700412,0.00047875,0.000806832,0.000206166,0.000161583
303,9.21518,0.02419354,8.34e-07,0.00189258,8.33e-07,0.000372,0.001029498,0.005491741,0.009738401,0.000477082,0.000841416,0.002711245,0.000475749,0.000814166,0.000204083,0.000143916
304,9.239374,0.02388546,1.084e-06,0.00188833,7.5e-07,0.000814999,0.003196078,0.009639734,0.002715996,0.000482915,0.000837666,0.002675579,0.000477666,0.000807332,0.000205249,0.000142083
305,9.263259,0.02541771,1.083e-06,0.001915414,7.5e-07,0.000409249,0.001332665,0.01331739,0.002690329,0.000482249,0.000871332,0.002767078,0.000476083,0.000807582,0.000203916,0.000142583
306,9.288677,0.02259738,1.084e-06,0.00194433,8.33e-07,0.000415083,0.001030498,0.005524491,0.00810657,0.000476083,0.000834582,0.002630079,0.000469333,0.000815082,0.000203583,0.000145749
307,9.311274,0.02662646,1.167e-06,0.001923413,6.67e-07,0.000454582,0.001047082,0.01480598,0.002759412,0.000490083,0.000837832,0.002671495,0.000476749,0.000812416,0.000203666,0.000141917
308,9.337901,0.02121546,1.167e-06,0.001973663,9.17e-07,0.000496416,0.000888582,0.009565567,0.002649496,0.000508499,0.000877582,0.002610746,0.000492749,0.000794082,0.000218666,0.000137333
309,9.359116,0.02351713,1.667e-06,0.00198658,7.5e-07,0.000409333,0.001172498,0.004255076,0.01008548,0.000605416,0.000848665,0.002505246,0.000482832,0.000795082,0.000225333,0.000143167
310,9.382633,0.02259021,1e-06,0.001903997,5.83e-07,0.000594499,0.001973164,0.009744567,0.00239508,0.000468832,0.000821165,0.002913912,0.000603249,0.000820582,0.000207917,0.000141666
311,9.405224,0.02088921,1.25e-06,0.002106496,7.5e-07,0.000570082,0.006866073,0.002884578,0.002680913,0.000524499,0.000819832,0.002656412,0.000613332,0.000815332,0.000205167,0.000144499
312,9.426113,0.02728579,1.25e-06,0.001943414,9.16e-07,0.000598416,0.001029498,0.01252765,0.002687662,0.000501082,0.000820666,0.005521407,0.000492416,0.000794499,0.00022475,0.000142166
313,9.453399,0.02589512,8.33e-07,0.001949747,6.66e-07,0.000431416,0.001030415,0.01418798,0.002687246,0.000485832,0.000839249,0.002619329,0.000499416,0.000813082,0.000207333,0.000142583
314,9.479294,0.02390471,1.167e-06,0.001946497,6.66e-07,0.00041975,0.001336581,0.01166706,0.002827162,0.000488499,0.000834249,0.002741996,0.000483832,0.000809166,0.000206333,0.000141749
315,9.503198,0.02669679,1e-06,0.00191283,5.83e-07,0.000981415,0.001086915,0.01390689,0.002828746,0.000515915,0.000831999,0.002987162,0.000483999,0.000807082,0.000207666,0.000144583
316,9.529895,0.02235988,1.084e-06,0.001928247,7.5e-07,0.000395166,0.001030998,0.005036408,0.008421487,0.000478916,0.000833748,0.002601829,0.000474333,0.000810249,0.000207333,0.000139333
317,9.552255,0.02501721,1e-06,0.001920247,8.33e-07,0.000392583,0.001339247,0.01331173,0.002490329,0.000494666,0.000837749,0.002584079,0.000484332,0.000810249,0.000205916,0.00014425
318,9.577272,0.0232198,1.25e-06,0.00191758,1e-06,0.000691915,0.001034915,0.005489158,0.008452236,0.000486916,0.000828832,0.002660913,0.000495665,0.000796332,0.0002215,0.000141583
319,9.600492,0.02534246,1.416e-06,0.002177497,9.16e-07,0.001113415,0.00243358,0.01138298,0.002645496,0.000475832,0.000839999,0.002645079,0.000467916,0.000810665,0.0002045,0.000143166
320,9.625835,0.02377796,8.33e-07,0.001895081,7.5e-07,0.000449916,0.001327997,0.01172932,0.002744328,0.0004865,0.000839582,0.002666162,0.000479999,0.000809249,0.000204166,0.000144083
321,9.649613,0.02728954,1.083e-06,0.001919664,5.83e-07,0.000406749,0.001027749,0.005579157,0.009733901,0.000496083,0.000839582,0.005627574,0.000489332,0.000819082,0.000204833,0.000144167
322,9.676902,0.02415396,6.67e-07,0.00194058,7.5e-07,0.000399083,0.001024332,0.01244648,0.002718746,0.000477166,0.000871832,0.002626246,0.000487832,0.000814665,0.000205083,0.0001405
323,9.701056,0.02553788,1.167e-06,0.001894413,6.67e-07,0.000382582,0.001341498,0.01370081,0.002548996,0.000490416,0.000833082,0.002711496,0.000476832,0.000808082,0.000205333,0.0001425
324,9.726594,0.02348738,1.25e-06,0.00188908,6.67e-07,0.000439332,0.003162662,0.009632568,0.002514329,0.000646582,0.000821832,0.002716496,0.000502665,0.000791916,0.000224499,0.0001435
325,9.750081,0.02414913,1e-06,0.001886163,7.5e-07,0.000430583,0.001032998,0.005048159,0.01011065,0.000491166,0.000820748,0.002660996,0.000497916,0.000801915,0.0002295,0.000136583
326,9.77423,0.02362788,1e-06,0.001893914,6.67e-07,0.000405999,0.001332581,0.01165456,0.002725913,0.000483499,0.000834665,0.002653496,0.000478332,0.000814582,0.0002055,0.000143167
327,9.797858,0.02592479,1.083e-06,0.001898497,6.66e-07,0.000449583,0.001030248,0.01417406,0.002561162,0.000642332,0.000837166,0.002694162,0.000479083,0.000808998,0.000204917,0.000142833
328,9.823783,0.02410088,1.083e-06,0.001893414,9.16e-07,0.000421166,0.001041999,0.01254348,0.002525663,0.000492999,0.000836832,0.002696245,0.00049125,0.000806498,0.000206417,0.000142916
329,9.847884,0.02525071,1.083e-06,0.001898414,6.66e-07,0.000410166,0.001332665,0.01332981,0.002661829,0.000479833,0.000836415,0.002677163,0.000468249,0.000805915,0.000207083,0.000141417
330,9.873135,0.02439496,1e-06,0.001897664,8.33e-07,0.000453999,0.001146748,0.0124914,0.002724079,0.000487916,0.000848582,0.002708162,0.000477916,0.000806415,0.000206583,0.000143666
331,9.89753,0.02575054,1e-06,0.001899664,5.83e-07,0.000411999,0.001028582,0.01414548,0.002625246,0.000502999,0.000834415,0.002632163,0.000485249,0.000811832,0.000226083,0.00014525
332,9.92328,0.02330746,1.166e-06,0.001891747,8.34e-07,0.000985998,0.002419829,0.009703401,0.002682246,0.000505499,0.000821082,0.002632496,0.000496666,0.000801998,0.000220333,0.000144167
333,9.946588,0.02503954,1e-06,0.00191583,8.33e-07,0.000397666,0.001041665,0.005876491,0.01010582,0.000498582,0.000895582,0.002661412,0.000483916,0.000811165,0.000207417,0.000142166
334,9.971627,0.02407563,1.084e-06,0.00189783,6.66e-07,0.000398166,0.001025499,0.01245781,0.002782579,0.000507999,0.000835498,0.00252533,0.000479832,0.000813332,0.000206333,0.000143667
335,9.995703,0.02527613,1.25e-06,0.00189283,6.67e-07,0.000378333,0.001328164,0.01330131,0.002685579,0.000471582,0.000836749,0.002728162,0.000486749,0.000815249,0.00020425,0.00014525
336,10.02098,0.02565454,1e-06,0.00187408,9.16e-07,0.000426166,0.000917332,0.005909241,0.00807157,0.000479999,0.000836832,0.005490324,0.000481,0.000814498,0.000203667,0.000147916
337,10.04663,0.02416271,1.167e-06,0.00190833,7.5e-07,0.000426666,0.001044248,0.005035825,0.01010007,0.000475083,0.000840415,0.002694496,0.000473832,0.000809916,0.000206999,0.000144917
338,10.0708,0.02376679,1.083e-06,0.001898664,8.33e-07,0.000387166,0.001341498,0.01173523,0.002730828,0.00049375,0.000823332,0.002673162,0.000490832,0.000795166,0.000252166,0.000143083
339,10.09456,0.02420621,9.16e-07,0.001904247,7.5e-07,0.000405833,0.001043831,0.005517575,0.009714234,0.000480166,0.000835665,0.002670496,0.000474416,0.000810415,0.000203666,0.000144
340,10.11877,0.02241446,1.166e-06,0.001903331,8.33e-07,0.000418166,0.001030998,0.005063909,0.008405403,0.000485499,0.000820749,0.002645579,0.000487499,0.000793332,0.00021675,0.000141249
341,10.14118,0.02549062,1.25e-06,0.001927247,6.67e-07,0.000390166,0.001354498,0.01340073,0.002731995,0.000504499,0.000821582,0.002696329,0.00050275,0.000794415,0.000221583,0.000142916
342,10.16667,0.02259996,1e-06,0.001895414,9.16e-07,0.00043675,0.001038248,0.005513658,0.008078903,0.000491583,0.000835748,0.002646163,0.000502249,0.000793415,0.0002235,0.000142416
343,10.18927,0.02517154,1.333e-06,0.002187414,6.66e-07,0.001104332,0.002353579,0.01133765,0.00263733,0.000483499,0.000838832,0.002594245,0.000471916,0.000808249,0.000205083,0.000147416
344,10.21445,0.02341854,1.166e-06,0.001897997,1.084e-06,0.001010165,0.002544412,0.009700318,0.002627079,0.000488999,0.000850915,0.002633246,0.000491333,0.000824415,0.000206749,0.000140667
345,10.23786,0.02423029,9.17e-07,0.00192308,8.33e-07,0.000381666,0.001028415,0.005573324,0.009692485,0.000479582,0.000833332,0.002670246,0.000475582,0.000809832,0.00020625,0.00015475
346,10.26209,0.02380196,1e-06,0.00216208,5e-07,0.001079748,0.002409913,0.009628318,0.002740662,0.000480832,0.000842166,0.002800912,0.000485082,0.000808082,0.000207667,0.000155
347,10.2859,0.02506354,8.33e-07,0.001893497,5.83e-07,0.000411833,0.001325498,0.0133079,0.002507829,0.000487499,0.000839832,0.002639496,0.000485166,0.000812999,0.000203499,0.000147083
348,10.31096,0.0217218,1.166e-06,0.001892497,8.33e-07,0.000425666,0.001027249,0.009989733,0.002769663,0.000485582,0.000838499,0.002643412,0.000487999,0.000808749,0.000205416,0.000145333
349,10.33268,0.0290907,8.33e-07,0.001895331,7.5e-07,0.000419499,0.001093582,0.01435214,0.005577824,0.000487749,0.000837749,0.002787662,0.000478416,0.000813165,0.000203833,0.000142167
350,10.36177,0.02352805,7.5e-07,0.001886414,6.66e-07,0.000417666,0.001339748,0.01167081,0.002503162,0.000488249,0.000836749,0.002738329,0.000478249,0.000817582,0.000206666,0.000143
351,10.3853,0.02496946,1.334e-06,0.001926413,8.33e-07,0.000358916,0.001029582,0.005899491,0.01010715,0.000504582,0.000840332,0.002649996,0.000481749,0.000814499,0.000204833,0.00014975
352,10.41027,0.02943887,1e-06,0.001922996,6.67e-07,0.000429833,0.001043081,0.01254131,0.007529655,0.000495999,0.000837332,0.002986078,0.000476333,0.000808915,0.000206833,0.000158833
353,10.43971,0.03475253,9.17e-07,0.00193208,8.33e-07,0.000401333,0.001340831,0.02068255,0.003358994,0.000565166,0.000835415,0.003661744,0.000812166,0.000814165,0.000204083,0.00014225
354,10.47446,0.02776154,9.17e-07,0.002329829,7.5e-07,0.000388333,0.00187183,0.01288373,0.003439411,0.000572916,0.000835749,0.003703744,0.000573166,0.000795748,0.00022075,0.000144666
355,10.50222,0.03074612,1.084e-06,0.001912246,8.34e-07,0.000367083,0.00163533,0.01279698,0.008360653,0.00048225,0.000842582,0.002694162,0.000479999,0.000819082,0.00020475,0.000149083
356,10.53297,0.0237223,1.5e-06,0.00190808,6.67e-07,0.000412583,0.001331664,0.01168123,0.002714746,0.000496999,0.000836165,0.002693912,0.000486916,0.000805999,0.000206916,0.000144917
357,10.55669,0.02419504,1.25e-06,0.001920414,7.5e-07,0.000422249,0.001024332,0.005570241,0.009636901,0.000478082,0.000846749,0.002649246,0.000470916,0.000807415,0.000207,0.000159499
358,10.58089,0.0214383,1.167e-06,0.001939246,7.5e-07,0.000418666,0.001031415,0.01037748,0.002363412,0.000452333,0.000838749,0.002394829,0.000444833,0.000822332,0.000207749,0.000145333
359,10.60232,0.02182455,9.16e-07,0.001913331,6.66e-07,0.00043975,0.001134331,0.0110174,0.002162746,0.000451166,0.000852582,0.002248247,0.000444582,0.000812582,0.000203833,0.000142417
360,10.62415,0.02083005,1e-06,0.001912497,6.67e-07,0.000399582,0.000698916,0.003074828,0.009429235,0.000461916,0.000837415,0.002412413,0.000437832,0.000816332,0.00020325,0.000144166
361,10.64498,0.02467671,7.5e-07,0.001893747,6.66e-07,0.000439333,0.000694082,0.005817491,0.01013482,0.000478249,0.000855332,0.002730745,0.000469333,0.000814082,0.000203999,0.000144084
362,10.66966,0.02373104,1.167e-06,0.001898413,8.34e-07,0.000385582,0.001328832,0.01166306,0.002688745,0.000486583,0.000831499,0.002769662,0.000470332,0.000839249,0.000207333,0.00015975
363,10.69339,0.02419671,1.25e-06,0.00189183,7.5e-07,0.000402916,0.001042165,0.005488491,0.009794568,0.000481249,0.000836999,0.002623412,0.000473666,0.000809499,0.000204166,0.00014575
364,10.71758,0.02262963,1.084e-06,0.00190283,7.5e-07,0.000426416,0.000915498,0.005240825,0.008444736,0.000484833,0.000840165,0.002656079,0.000540666,0.000824415,0.000207,0.000144333
365,10.74021,0.02467788,9.17e-07,0.001892747,7.5e-07,0.000971081,0.002345663,0.01129757,0.002469329,0.00048175,0.000838832,0.002742745,0.000474583,0.000809998,0.000207667,0.000144249
366,10.76489,0.02431421,1.084e-06,0.001933497,7.5e-07,0.000391416,0.001065581,0.01251881,0.002557579,0.000635499,0.000834082,0.002729663,0.000483499,0.000814748,0.000204333,0.000143667
367,10.78921,0.02420121,7.5e-07,0.001905497,8.33e-07,0.000380666,0.001031665,0.005061492,0.0102009,0.000493832,0.000843082,0.002638996,0.000480416,0.000809999,0.000207166,0.000145916
368,10.81341,0.0236423,1.083e-06,0.00190133,7.5e-07,0.0004065,0.001324414,0.0116559,0.002524329,0.000484583,0.000895915,0.002803162,0.000486666,0.000807915,0.000207167,0.000142583
369,10.83705,0.02576354,1.25e-06,0.001900164,7.5e-07,0.000430999,0.001026332,0.01419406,0.002520913,0.000496249,0.000837165,0.002703246,0.000478749,0.000810665,0.000205833,0.000157167
370,10.86281,0.02405788,8.33e-07,0.001884581,6.66e-07,0.000467833,0.001030415,0.0125234,0.002514829,0.000476416,0.000835915,0.002674746,0.000471833,0.000806082,0.000206999,0.000163333
371,10.88687,0.02562871,1.083e-06,0.00190233,6.67e-07,0.000419083,0.001357581,0.01331389,0.002952578,0.000497583,0.000822332,0.002723495,0.00048425,0.000794748,0.000215917,0.000143166
372,10.9125,0.02283105,1e-06,0.001909996,8.34e-07,0.000424249,0.001097582,0.00561299,0.008090321,0.000479749,0.000843082,0.002749329,0.000462499,0.000809915,0.000206667,0.000142833
373,10.93533,0.02415629,1.083e-06,0.001903831,7.5e-07,0.000407332,0.001024832,0.005067658,0.01011657,0.000486833,0.000839248,0.002609079,0.000536166,0.000813499,0.000205083,0.000144333
374,10.95949,0.02125897,1.083e-06,0.001898581,6.66e-07,0.000394666,0.001358915,0.009047235,0.002702579,0.000798499,0.000837082,0.002579245,0.000477416,0.000812082,0.000203917,0.000146999
375,10.98075,0.02441763,1e-06,0.001899913,6.67e-07,0.000399999,0.001034332,0.005614491,0.00989815,0.00047875,0.000841915,0.002601246,0.000484499,0.000812332,0.000207333,0.000143
376,11.00516,0.02263946,7.5e-07,0.001907413,8.34e-07,0.000403333,0.001047748,0.005038658,0.008442903,0.000482666,0.000832332,0.002824079,0.000497166,0.000795498,0.000222917,0.000143166
377,11.0278,0.02512429,1.25e-06,0.00189483,9.17e-07,0.000425499,0.001326498,0.01329048,0.002513829,0.000493833,0.000835665,0.002691912,0.00048875,0.000812582,0.000207499,0.00014075
378,11.05293,0.02435371,9.16e-07,0.001924414,6.66e-07,0.000423,0.001193498,0.01247248,0.002691662,0.000481832,0.000868916,0.002653662,0.000480916,0.000812832,0.00020375,0.000145166
379,11.07728,0.02602854,9.16e-07,0.001919914,7.5e-07,0.000396333,0.001106998,0.01415881,0.002777912,0.000486083,0.000838498,0.002708913,0.000473249,0.000809915,0.000205916,0.000144334
380,11.10331,0.02372746,1e-06,0.001911247,7.5e-07,0.000402832,0.001328915,0.01169565,0.002523496,0.000481083,0.000837748,0.002886996,0.000482916,0.000811998,0.00020475,0.000158083
381,11.12704,0.02497071,1.25e-06,0.001919747,6.67e-07,0.000364749,0.001031499,0.005855073,0.01019473,0.000486416,0.000865998,0.002613579,0.000477166,0.000810749,0.000205916,0.000143167
382,11.15201,0.02426121,1e-06,0.001907497,1e-06,0.000423916,0.001022249,0.01250115,0.002785245,0.000484499,0.000837499,0.002650579,0.000490416,0.000807499,0.000206999,0.000141667
383,11.17627,0.02545221,1.084e-06,0.00189458,6.67e-07,0.000430915,0.001329748,0.0132994,0.002684746,0.000495416,0.000843832,0.002821995,0.000485999,0.000814332,0.000205,0.0001445
384,11.20172,0.02408238,1e-06,0.001912081,6.66e-07,0.000385,0.001032165,0.01253081,0.002508829,0.000532499,0.000820415,0.002705663,0.000493415,0.000793999,0.000223666,0.000142167
385,11.2258,0.02564129,1.166e-06,0.002072913,5.84e-07,0.001234081,0.002538746,0.01144381,0.002721245,0.000489999,0.000836166,0.002673995,0.000475083,0.000809499,0.000202916,0.000141083
386,11.25144,0.02446896,1e-06,0.00191458,7.5e-07,0.000424249,0.001466998,0.0119089,0.002676496,0.000491749,0.000842998,0.003103162,0.000483499,0.000805249,0.000206833,0.0001425
387,11.27591,0.02584504,9.17e-07,0.001905497,7.5e-07,0.000413333,0.001034748,0.01418198,0.002688495,0.00049925,0.000822332,0.002645245,0.000477,0.000808998,0.000216333,0.000150167
388,11.30176,0.02287821,1e-06,0.00225833,8.33e-07,0.000527166,0.002082163,0.009702235,0.002695662,0.000486916,0.000838498,0.002639746,0.000477499,0.000811332,0.000204833,0.000152
389,11.32464,0.02541263,1e-06,0.001885664,6.67e-07,0.000404499,0.001333998,0.01334056,0.002614329,0.000491333,0.000845332,0.002842245,0.000480833,0.000806748,0.000207167,0.00015825
390,11.35005,0.02431171,9.17e-07,0.00189733,5.83e-07,0.000385583,0.001033082,0.01273181,0.002546663,0.000480666,0.000851165,0.002628662,0.000590666,0.000813499,0.000205416,0.000145667
391,11.37436,0.02404929,1e-06,0.00189683,7.5e-07,0.000394749,0.001025082,0.005046408,0.01011648,0.000477749,0.000836999,0.002618412,0.000476499,0.000809082,0.000205167,0.000144083
392,11.39841,0.02372488,1.083e-06,0.001901664,5.83e-07,0.000381999,0.000920415,0.01191381,0.002764329,0.000473166,0.000835499,0.002723162,0.000649416,0.000796082,0.000222333,0.000141333
393,11.42214,0.02418346,1.167e-06,0.001898747,6.66e-07,0.000424583,0.001045415,0.005555574,0.009692068,0.000484499,0.000836915,0.002623163,0.000464832,0.000809666,0.000203666,0.0001425
394,11.44632,0.02252113,9.17e-07,0.00191608,9.17e-07,0.000405583,0.001084914,0.005058492,0.008412403,0.000491416,0.000830749,0.002671245,0.000491916,0.000794832,0.000220833,0.000140833
395,11.46884,0.02526346,9.17e-07,0.001898997,8.33e-07,0.000389583,0.001326581,0.0132684,0.002790579,0.000502333,0.000821332,0.002623912,0.000474999,0.000808749,0.000206416,0.000149833
396,11.4941,0.02419263,1.25e-06,0.001894747,7.5e-07,0.000410832,0.001031915,0.0126039,0.002560496,0.000483333,0.000835332,0.002723579,0.000480082,0.000815499,0.000207333,0.000143583
397,11.5183,0.02421754,1.083e-06,0.001899247,5.83e-07,0.000419083,0.001042582,0.005034241,0.01011415,0.000488665,0.000838832,0.002740829,0.0004785,0.000808415,0.000206666,0.000144667
398,11.54251,0.02366421,8.33e-07,0.00189208,8.33e-07,0.00038325,0.001326164,0.01163715,0.002680079,0.000478666,0.000839249,0.002774495,0.000494999,0.000796499,0.000215083,0.000144833
399,11.56618,0.02426713,1e-06,0.001898497,7.5e-07,0.000402999,0.001056832,0.005544324,0.009756318,0.000488665,0.000834332,0.002644246,0.000482666,0.000806249,0.000207666,0.000142583
400,11.59044,0.02052388,1.084e-06,0.00189183,9.17e-07,0.000378916,0.000800748,0.005472241,0.00659299,0.000447166,0.000846498,0.002480329,0.000453,0.000810082,0.000204499,0.000143584
401,11.61097,0.0220678,1.083e-06,0.001895414,7.5e-07,0.000394999,0.001117832,0.0110739,0.00224908,0.000458833,0.000831915,0.002436579,0.000444833,0.000812582,0.000204583,0.000145416
402,11.63304,0.02116088,8.33e-07,0.001897414,7.5e-07,0.000421166,0.000699915,0.003116328,0.009329235,0.000456499,0.000838332,0.002740246,0.000486249,0.000808582,0.000205917,0.000159416
403,11.6542,0.02595162,9.17e-07,0.001905663,5e-07,0.000415583,0.001052998,0.01413823,0.002747996,0.000493832,0.000836499,0.002714162,0.000485333,0.000806498,0.000205833,0.000147583
404,11.68015,0.02375779,1e-06,0.001877413,6.67e-07,0.000403249,0.001356332,0.01162931,0.002494996,0.000479916,0.000839915,0.002855829,0.000648999,0.000795248,0.000233833,0.000141083
405,11.70391,0.02575079,8.33e-07,0.001908664,5.83e-07,0.000447333,0.001040498,0.01417298,0.002548246,0.000487082,0.000837166,0.002676495,0.000468416,0.000809749,0.000206749,0.000146
406,11.72966,0.02649446,1.084e-06,0.002161413,9.17e-07,0.001090331,0.00240733,0.009725484,0.005521741,0.000478666,0.000834665,0.002637246,0.000481332,0.000806332,0.000206583,0.000141333
407,11.75615,0.02803545,1.25e-06,0.001890663,7.5e-07,0.000368083,0.001329581,0.01334523,0.002523579,0.003495161,0.000836248,0.002606079,0.000478416,0.000812249,0.000205083,0.000143083
408,11.78419,0.02451738,1e-06,0.001887997,8.33e-07,0.000419749,0.001029582,0.01247148,0.002524496,0.000491082,0.000834999,0.002884245,0.000671666,0.000793665,0.000360416,0.000146167
409,11.8087,0.02408346,9.17e-07,0.00190558,7.5e-07,0.000432582,0.001027915,0.005024326,0.0100864,0.000480499,0.000840332,0.002653162,0.000466916,0.000813749,0.000205,0.000145333
410,11.83279,0.02392638,1.083e-06,0.001906497,7.5e-07,0.000361166,0.001352581,0.01165206,0.002883245,0.000488582,0.000836166,0.002799579,0.000489749,0.000794998,0.00021575,0.000144167
411,11.85671,0.02433263,1.083e-06,0.00191708,8.34e-07,0.000458249,0.001036582,0.005575991,0.009708984,0.000476249,0.000836332,0.002671246,0.000463832,0.000815999,0.000213416,0.00015675
412,11.88105,0.02252646,8.33e-07,0.00190333,7.5e-07,0.000392583,0.001029082,0.005078658,0.008488486,0.00048375,0.000842498,0.002669413,0.000473749,0.000812998,0.000204083,0.00014625
413,11.90357,0.02538829,1.25e-06,0.00188208,7.5e-07,0.000395583,0.001332998,0.01339023,0.002700746,0.000491582,0.000849666,0.002699662,0.000487332,0.000810666,0.000204249,0.0001415
414,11.92896,0.02257313,9.17e-07,0.001896247,7.5e-07,0.000416249,0.001024499,0.005537074,0.00807557,0.000476249,0.000837582,0.002663079,0.000487166,0.000809832,0.000206667,0.000141249
415,11.95154,0.02808229,9.16e-07,0.002251747,6.66e-07,0.001086249,0.002440496,0.01128056,0.005409741,0.000503499,0.000839332,0.002627996,0.000483999,0.000807998,0.000206667,0.000142416
416,11.97962,0.0237473,9.17e-07,0.001917414,8.33e-07,0.000410083,0.001325664,0.01162548,0.002687913,0.000592249,0.000849998,0.002698412,0.000477083,0.000810332,0.00020475,0.000146166
417,12.00336,0.02569313,1.083e-06,0.001923747,9.17e-07,0.000444832,0.001030999,0.01419606,0.002512162,0.000488333,0.000835749,0.002617079,0.000479082,0.000813999,0.000206666,0.000142417
418,12.02906,0.02255938,1.084e-06,0.00193158,1e-06,0.000390999,0.001027249,0.005056075,0.008475403,0.000482665,0.000843666,0.002706495,0.00048325,0.000810498,0.000207417,0.000141999
419,12.05162,0.02540213,1.167e-06,0.001920164,5.83e-07,0.000420999,0.001337748,0.01328639,0.002766996,0.000485082,0.000844249,0.002697579,0.000481332,0.000811916,0.000206999,0.000140917
420,12.07702,0.02458421,9.17e-07,0.00190183,8.34e-07,0.000979248,0.001050998,0.01220765,0.002705996,0.000484666,0.000836415,0.002661246,0.000594999,0.000810582,0.000206666,0.000142166
421,12.1016,0.02596021,9.17e-07,0.00192433,8.34e-07,0.000370416,0.001026581,0.01426231,0.002717163,0.000523249,0.000836582,0.002648995,0.000488416,0.000808832,0.000207,0.000144583
422,12.12756,0.02364563,1.25e-06,0.00190308,8.34e-07,0.000393832,0.001323998,0.01165432,0.002692995,0.000503333,0.000843748,0.002697829,0.0004755,0.000806082,0.000205749,0.000143083
423,12.15121,0.02494554,9.17e-07,0.001891997,8.33e-07,0.000401,0.001028581,0.005899824,0.0101059,0.000491083,0.000838415,0.002640996,0.000488666,0.000794082,0.000221083,0.000142166
424,12.17615,0.02429688,1.25e-06,0.00189283,5.84e-07,0.000386416,0.001026248,0.01250406,0.002738412,0.000481416,0.000857582,0.002767412,0.000481333,0.000809748,0.000205167,0.000144416
425,12.20045,0.02591204,1e-06,0.001893997,5.84e-07,0.000411582,0.001329248,0.01381106,0.002705745,0.000546083,0.000890498,0.002671829,0.000497083,0.000793165,0.000217,0.000143166
426,12.22636,0.02441896,1.167e-06,0.00190483,7.5e-07,0.000414833,0.001044332,0.01253915,0.002704412,0.000486499,0.000835166,0.002810912,0.000488582,0.000810499,0.000204666,0.000173167
427,12.25078,0.02571438,9.17e-07,0.002152246,6.67e-07,0.001084331,0.002413996,0.01169973,0.002679329,0.000485999,0.000844499,0.002717079,0.000479166,0.000807332,0.000204583,0.0001445
428,12.2765,0.02358879,8.33e-07,0.001889914,6.67e-07,0.000383666,0.001336498,0.0116124,0.002665079,0.0004705,0.000913581,0.002664496,0.000476916,0.000805915,0.00020775,0.000160583
429,12.30009,0.02435546,1.333e-06,0.001919164,1e-06,0.000413499,0.001024832,0.005608407,0.009649734,0.000553083,0.000838332,0.002717579,0.000468582,0.000808582,0.000203667,0.000147666
430,12.32444,0.02387704,1.083e-06,0.001896997,8.34e-07,0.000854665,0.003171078,0.009788651,0.002547412,0.000485833,0.000836082,0.002660412,0.000475333,0.000807415,0.00020625,0.000145
431,12.34832,0.02540579,8.34e-07,0.001904913,6.67e-07,0.000390999,0.001352748,0.01333373,0.002702163,0.000484332,0.000837749,0.002767412,0.000476249,0.000807582,0.00020675,0.000139666
432,12.37372,0.02425579,1.084e-06,0.001897913,9.17e-07,0.000373833,0.000917415,0.01259098,0.002703829,0.000479749,0.000842166,0.002809995,0.000469916,0.000820665,0.000204583,0.00014275
433,12.39798,0.02868295,8.33e-07,0.002139747,6.66e-07,0.000414083,0.001474664,0.01627406,0.002735079,0.000486832,0.000838832,0.002668163,0.000475749,0.000808749,0.000205999,0.0001595
434,12.42666,0.02378463,1.167e-06,0.00189458,6.67e-07,0.000980248,0.002669162,0.009674151,0.002712746,0.000619999,0.000836749,0.002758495,0.000477916,0.000808832,0.000206083,0.000143833
435,12.45045,0.02624971,1.75e-05,0.001882581,7.5e-07,0.000993915,0.001069498,0.01388256,0.002548079,0.000489082,0.000837582,0.002711079,0.000657083,0.000795665,0.000222666,0.000141667
436,12.4767,0.02395038,8.34e-07,0.00188033,5.83e-07,0.001373081,0.00249933,0.0097134,0.002697913,0.000491666,0.000840332,0.002804578,0.000479416,0.000809082,0.000207167,0.000152666
437,12.50065,0.02552887,1e-06,0.00191358,8.33e-07,0.000391583,0.001352081,0.01328715,0.002878412,0.000489333,0.000835165,0.002717412,0.0004915,0.000806748,0.000205417,0.000158666
438,12.52618,0.02468971,1.167e-06,0.00191108,7.5e-07,0.000825749,0.001320081,0.01209156,0.002701413,0.000497499,0.000838665,0.002716246,0.000627249,0.000809582,0.000206749,0.000141917
439,12.55087,0.02582471,1.167e-06,0.001915663,8.33e-07,0.000413833,0.001030248,0.01421298,0.002617413,0.000500666,0.000822498,0.002663329,0.000484583,0.000795582,0.000222583,0.000143333
440,12.57669,0.02330371,9.16e-07,0.001880081,7.5e-07,0.000957331,0.002310497,0.009640401,0.002836245,0.000522249,0.000834749,0.002665079,0.000489832,0.000816249,0.000206416,0.000142917
441,12.59999,0.02867804,1.25e-06,0.001899746,5.84e-07,0.000414999,0.001024832,0.01418564,0.002527996,0.000497749,0.000836832,0.005639325,0.000491082,0.000808665,0.000207833,0.0001415
442,12.62867,0.02404988,1e-06,0.00191308,7.5e-07,0.000375749,0.001032415,0.01252123,0.002526996,0.000479416,0.000848415,0.002701079,0.000485332,0.000812249,0.000207333,0.000144833
443,12.65272,0.02425546,9.17e-07,0.002443496,7.5e-07,0.000489999,0.001927247,0.01131173,0.002483246,0.000490415,0.000836499,0.002639496,0.000470166,0.000812582,0.000204249,0.000144667
444,12.67698,0.02590687,1e-06,0.001910997,5e-07,0.000400333,0.000916248,0.006029907,0.008065653,0.0004995,0.000821248,0.005586908,0.000483499,0.000808082,0.000206583,0.000176416
445,12.70288,0.02645379,9.17e-07,0.001907663,7.5e-07,0.000397166,0.001027082,0.01419564,0.002696163,0.000497999,0.000836832,0.002898078,0.000837332,0.000809249,0.000205333,0.000143583
446,12.72934,0.0231428,1.167e-06,0.001884663,0.000524749,0.000526833,0.002202663,0.009699818,0.002717662,0.000491416,0.000820415,0.002638246,0.000482416,0.000793915,0.000215583,0.00014325
447,12.75248,0.02458179,1e-06,0.001924914,5.83e-07,0.000420416,0.001039999,0.005561407,0.009653651,0.000528416,0.000881582,0.002925912,0.000485416,0.000795498,0.00022075,0.00014225
448,12.77706,0.02355663,1e-06,0.002150746,6.67e-07,0.001114331,0.002416413,0.009600234,0.002678079,0.00047575,0.000840498,0.002652746,0.000465333,0.000814082,0.000204666,0.000142083
449,12.80062,0.02534363,1.167e-06,0.001924663,8.34e-07,0.000417999,0.001353581,0.01333339,0.002713496,0.000478916,0.000838415,0.002649829,0.000468166,0.000812915,0.000206333,0.000143917
450,12.82596,0.02345346,9.17e-07,0.00191758,6.67e-07,0.000416916,0.000915665,0.003586161,0.01062998,0.000498832,0.001002665,0.002849412,0.000475749,0.000808416,0.000206333,0.000144166
451,12.84942,0.02480338,9.17e-07,0.00190658,8.33e-07,0.000417999,0.001025332,0.009234568,0.00664774,0.000493249,0.000842082,0.002586745,0.000484333,0.000791999,0.000230249,0.00014075
452,12.87422,0.02360621,1.25e-06,0.00188883,8.33e-07,0.000424416,0.003227412,0.009719484,0.002717329,0.000498499,0.000821415,0.002639496,0.000493999,0.000797249,0.000226833,0.000149166
453,12.89783,0.02580554,1e-06,0.001905747,6.66e-07,0.000416166,0.001046832,0.01412473,0.002545079,0.000518999,0.000835666,0.002775912,0.000475999,0.000811499,0.000205249,0.000142
454,12.92363,0.02433846,1.083e-06,0.001889081,5.83e-07,0.000429083,0.001035248,0.01261548,0.002696829,0.000497333,0.000837082,0.002624329,0.000553166,0.000811498,0.00020475,0.000142916
455,12.94797,0.02519496,1.083e-06,0.001902997,6.67e-07,0.000404332,0.001332248,0.01329181,0.002666746,0.000489082,0.000840165,0.00263258,0.000474332,0.000810582,0.000205083,0.00014325
456,12.97317,0.02464263,1.083e-06,0.001895997,8.34e-07,0.000446082,0.000917832,0.01285406,0.002724328,0.000490916,0.000834666,0.002835995,0.000485583,0.000808415,0.000205,0.000141833
457,12.99781,0.02597504,1.166e-06,0.001890414,6.67e-07,0.000397916,0.001093665,0.01413956,0.002791079,0.000478666,0.000836831,0.002706079,0.00046875,0.000814248,0.000206083,0.000149917
458,13.02378,0.02356796,1.083e-06,0.00188733,5.84e-07,0.000395249,0.001351414,0.01173365,0.002547746,0.000491166,0.000833748,0.002657996,0.000494166,0.000807499,0.000204916,0.000161416
459,13.04735,0.02587804,1.083e-06,0.001904747,7.5e-07,0.000417082,0.001028915,0.01418073,0.00253358,0.000586249,0.000884665,0.002691412,0.000491833,0.000809082,0.000206083,0.000141833
460,13.07323,0.02425879,1e-06,0.00189108,5.83e-07,0.000388583,0.001033498,0.01248023,0.002699912,0.000571249,0.000837082,0.002716996,0.000479332,0.000809499,0.000207416,0.000142334
461,13.09749,0.02440463,9.17e-07,0.002420829,9.17e-07,0.000449082,0.001986997,0.01141315,0.002504413,0.000487916,0.000835915,0.002675912,0.000475416,0.000807832,0.0002055,0.000139833
462,13.12189,0.02575062,1.167e-06,0.001912497,7.5e-07,0.000421416,0.000955332,0.00595824,0.00796282,0.00049625,0.000820082,0.005553074,0.000483082,0.000806416,0.000206166,0.000173333
463,13.14764,0.02543346,9.17e-07,0.001883747,8.33e-07,0.001361248,0.002547912,0.01135723,0.002492412,0.000502166,0.000830415,0.002684579,0.000486833,0.000882249,0.000259582,0.000143334
464,13.17308,0.02463921,1e-06,0.001876747,1e-06,0.000447333,0.001329331,0.01179698,0.002786745,0.000482583,0.000834248,0.003436911,0.000484916,0.000812832,0.000204,0.000144583
465,13.19772,0.02606812,1.25e-06,0.00191358,6.67e-07,0.000400249,0.000916999,0.01430156,0.002907412,0.000505082,0.000819999,0.002657246,0.000488999,0.000794165,0.0002155,0.000145416
466,13.22378,0.02368929,1.167e-06,0.002152746,7.5e-07,0.001114582,0.002379329,0.009641485,0.002651412,0.000480416,0.000846332,0.002658746,0.000476832,0.000935749,0.000206083,0.000143666
467,13.24747,0.02509762,1.333e-06,0.001885663,8.34e-07,0.000394332,0.001362998,0.01327781,0.002621829,0.000485166,0.000836832,0.002593412,0.000475333,0.000815582,0.00020375,0.000142749
468,13.27257,0.02403154,1.084e-06,0.002568162,7.5e-07,0.001076748,0.002394163,0.009599734,0.002529496,0.000633166,0.000866498,0.002712079,0.00047225,0.000817998,0.000203667,0.000155749
469,13.2966,0.02548654,8.34e-07,0.001880413,6.67e-07,0.001363331,0.002488579,0.01139965,0.002629913,0.000473082,0.000838749,0.002647746,0.000541749,0.000872248,0.000203167,0.000146416
470,13.32209,0.02389013,1.083e-06,0.001906747,5.83e-07,0.000419499,0.001325248,0.0116624,0.002741912,0.000521249,0.000836499,0.002794912,0.000487499,0.000806166,0.000206249,0.000180083
471,13.34598,0.02432571,9.17e-07,0.001906164,7.5e-07,0.000380582,0.001030915,0.005578324,0.009670818,0.000506833,0.000887248,0.002719496,0.000481499,0.000815582,0.0002035,0.000143083
472,13.3703,0.02412488,1.083e-06,0.001937747,5.83e-07,0.00040275,0.001028831,0.0124959,0.002693579,0.000480999,0.000838332,0.002614829,0.000472749,0.000807832,0.000205916,0.00014375
473,13.39443,0.02532146,1.083e-06,0.001908664,6.66e-07,0.000449166,0.001329748,0.01330589,0.002708329,0.000503166,0.000822749,0.002649412,0.000487499,0.000794166,0.000216249,0.000144667
474,13.41975,0.02436088,1.167e-06,0.00191958,7.5e-07,0.000622499,0.001340331,0.01202523,0.002711913,0.000558915,0.000878999,0.002659329,0.000475416,0.000812082,0.000207416,0.00014725
475,13.44411,0.02425571,1.25e-06,0.001894414,7.5e-07,0.000409749,0.001032165,0.005104575,0.01019682,0.000504582,0.000823416,0.002644662,0.000468249,0.000808416,0.000224416,0.00014225
476,13.46837,0.0238578,1.083e-06,0.001887997,7.5e-07,0.00040825,0.001329497,0.0117299,0.002555413,0.000485665,0.001071749,0.002753245,0.000479083,0.000809498,0.000203,0.000142667
477,13.49223,0.02580479,1e-06,0.001906331,6.66e-07,0.000427,0.001031915,0.01016573,0.006528573,0.000543499,0.000889665,0.002649746,0.000481332,0.000817249,0.000218583,0.0001435
478,13.51803,0.02370138,9.17e-07,0.002150913,6.67e-07,0.001102498,0.002492329,0.009709484,0.002634329,0.000480166,0.000839665,0.002656746,0.000472499,0.000813416,0.000205333,0.000142416
479,13.54173,0.02533504,1.333e-06,0.001911413,7.5e-07,0.000393416,0.001333332,0.01330465,0.002796578,0.000492916,0.000840916,0.002625495,0.00047175,0.000809082,0.000205749,0.000147667
480,13.56707,0.02580021,9.17e-07,0.00193408,1.083e-06,0.00041525,0.000921415,0.005988907,0.008012153,0.0005025,0.000841082,0.005519407,0.000494499,0.000792749,0.000228083,0.000148083
481,13.59287,0.02593696,1.084e-06,0.001919913,1.167e-06,0.000392582,0.001030915,0.01417639,0.002658412,0.000484,0.000838332,0.002659662,0.000538916,0.000858498,0.000214667,0.000162416
482,13.6188,0.02365713,1e-06,0.001914581,6.66e-07,0.000379666,0.001460081,0.01152531,0.002739579,0.000506749,0.000830499,0.002650745,0.000495083,0.000793165,0.000217416,0.000142584
483,13.64246,0.02640946,1e-06,0.001925581,8.33e-07,0.000400083,0.001034415,0.01447039,0.002975161,0.000496166,0.000836082,0.002620246,0.000489583,0.000794998,0.00022125,0.000143666
484,13.66887,0.02385971,1.417e-06,0.002151246,5e-07,0.001059915,0.002514413,0.009693734,0.002634163,0.000475165,0.000835916,0.002721329,0.000476666,0.000925748,0.000206833,0.000162666
485,13.69273,0.02508796,1e-06,0.001919747,6.67e-07,0.000426333,0.001336414,0.01332698,0.002511163,0.000477999,0.000835332,0.002619412,0.000468333,0.000815665,0.000205833,0.000143083
486,13.71782,0.02408271,1.083e-06,0.002750996,8.33e-07,0.000926332,0.002289579,0.009599485,0.002649662,0.000652999,0.000820832,0.002735829,0.000485749,0.000795749,0.000229416,0.000144166
487,13.7419,0.02430488,1.084e-06,0.001914913,7.5e-07,0.00037575,0.001033665,0.005068908,0.01011498,0.000494749,0.000822998,0.002738329,0.000482833,0.000814832,0.000281499,0.000159584
488,13.76621,0.02371879,9.16e-07,0.001894331,6.66e-07,0.0003945,0.001325414,0.01174131,0.002755412,0.00048675,0.000836748,0.002648496,0.000476583,0.000809998,0.0002045,0.000143166
489,13.78992,0.02437946,1e-06,0.001915997,8.33e-07,0.000405583,0.001030748,0.005550908,0.009683234,0.000489416,0.000907499,0.002759745,0.000475583,0.000811582,0.000207499,0.000139834
490,13.8143,0.02413929,1e-06,0.001903746,9.17e-07,0.000437416,0.001026832,0.01247465,0.002527579,0.000495,0.000839165,0.002789495,0.000479083,0.000815582,0.000208416,0.000140417
491,13.83844,0.02507679,1e-06,0.001916497,8.33e-07,0.000405083,0.001365581,0.01328065,0.002480163,0.000481749,0.000842249,0.002672995,0.000467333,0.000812582,0.000208,0.000142083
492,13.86352,0.02314855,1e-06,0.001915913,6.67e-07,0.00038075,0.000916248,0.00604299,0.00807482,0.000503833,0.000819999,0.002685912,0.000647832,0.000796582,0.000218833,0.000143167
493,13.88667,0.02546204,1.083e-06,0.002141413,7.5e-07,0.001096498,0.002480413,0.01135906,0.002657745,0.000478916,0.000839082,0.002771329,0.000478499,0.000805666,0.000206749,0.000144833
494,13.91213,0.02375904,8.33e-07,0.001899747,6.67e-07,0.000396499,0.001333581,0.01168015,0.002781995,0.000500833,0.000833332,0.002679245,0.000493666,0.000811166,0.000205083,0.000142249
495,13.93589,0.02606571,1.25e-06,0.001898497,5.83e-07,0.0004305,0.001030165,0.01417948,0.002762578,0.00048275,0.000837748,0.002806829,0.000479083,0.000809832,0.000205333,0.000141083
496,13.96196,0.02431379,1.166e-06,0.001894664,6.67e-07,0.000445249,0.001037832,0.01248656,0.002711078,0.000527083,0.000834915,0.002716246,0.000482332,0.000807082,0.000223417,0.000145499
497,13.98627,0.02336463,1.25e-06,0.001896247,8.33e-07,0.000508583,0.000926915,0.01136365,0.003029745,0.000498583,0.000833165,0.002644079,0.000487166,0.000795749,0.000233166,0.0001455
498,14.00963,0.02184013,1e-06,0.001915497,8.33e-07,0.000413666,0.001179998,0.00424791,0.008442986,0.000492749,0.000869999,0.002631246,0.000479832,0.000811832,0.000207667,0.000144916
499,14.03147,0,0,0,0,0,0,0,0,0,0,0,0,0,0,0

Averages:
0.02806295,1.125682e-06,0.00195804,2.37332e-06,0.003838637,0.001444174,0.01004242,0.004633617,0.0006031332,0.0008398018,0.002976163,0.0005566415,0.0008105243,0.0002093715,0.0001469293
