OpenCV version: 2.4
Usage: 7-SobelDerivatives <input-number> [<samples>]
input-number - is the video device number. Defaults to zero. E.g. for /dev/video2 just use '2' as argument.
samples - number of samples before application ends. Defaults to 1000; zero means infinite.
sample_number,elapsed_time,frame,mat_alloc,read_img,convert_color,gaussian_blur,sobel,convert_scale,sobel2,conver_scale2,add_weighted,show_img
0,0,0.2162891,8.75e-06,0.07294322,0.008303904,0.06540281,0.007779738,0.02056388,0.007783987,0.01992022,0.004759492,0.008823069
1,0.2162891,0.2349876,1.416e-06,0.07446313,0.004938492,0.1045546,0.003751077,0.01785505,0.004021411,0.01768147,0.004591242,0.003129745
2,0.4512767,0.1915667,1.25e-06,0.07345505,0.003977243,0.06507056,0.003283578,0.01815014,0.003165328,0.01764347,0.004536243,0.002283829
3,0.6428434,0.2214801,1.083e-06,0.07822437,0.004843826,0.07732271,0.003280578,0.02274696,0.003528578,0.02427488,0.004551826,0.002705245
4,0.8643234,0.1951451,1.083e-06,0.07623554,0.004104743,0.06570814,0.003260411,0.01799464,0.003132578,0.01782655,0.00454791,0.002333496
5,1.059469,0.1942755,1.333e-06,0.07651504,0.003193161,0.06570239,0.003109828,0.01776972,0.003223328,0.01789905,0.004535076,0.00232658
6,1.253744,0.1956863,1.417e-06,0.07705737,0.004418909,0.06526973,0.003115828,0.01796547,0.003138162,0.0177583,0.004642826,0.002318329
7,1.44943,0.1914805,1.25e-06,0.07249813,0.002733162,0.06579514,0.003613494,0.0184318,0.003375911,0.01786689,0.004595909,0.002568829
8,1.640911,0.194985,1.25e-06,0.07637854,0.003870077,0.06578448,0.003125744,0.01800255,0.003112828,0.01782247,0.004550576,0.002336496
9,1.835896,0.195206,1.25e-06,0.07681338,0.003821744,0.06568948,0.003122912,0.0180073,0.003122912,0.01775205,0.004530743,0.002344246
10,2.031102,0.1954798,1.334e-06,0.07625613,0.004103243,0.06617556,0.003119411,0.01806172,0.003147661,0.01774597,0.004540409,0.00232833
11,2.226582,0.2262929,1.334e-06,0.09305502,0.003144245,0.07545554,0.003772827,0.02017605,0.003142829,0.02051322,0.004718076,0.002313746
12,2.452875,0.1945238,1.75e-06,0.07670646,0.003340328,0.06570564,0.003127411,0.01776397,0.003146328,0.01775439,0.004646742,0.002330746
13,2.647398,0.1948394,1.084e-06,0.07647288,0.003895743,0.06562506,0.003115078,0.01774755,0.003117579,0.01788147,0.004654492,0.002328496
14,2.842238,0.1951849,1.333e-06,0.07658788,0.003862327,0.06569664,0.003093745,0.0180018,0.003133412,0.01793355,0.00453891,0.002335329
15,3.037423,0.1926057,1.25e-06,0.07528313,0.002730246,0.06556831,0.003072412,0.01807964,0.003230828,0.01775614,0.004556159,0.00232758
16,3.230028,0.1943972,1.333e-06,0.07660546,0.002670996,0.06554856,0.003325911,0.0184653,0.003075911,0.01782839,0.004545743,0.002329579
17,3.424426,0.1943963,1.25e-06,0.07669763,0.002675995,0.06563506,0.003085495,0.01832714,0.003193911,0.01787964,0.004544159,0.002355996
18,3.618822,0.1976221,1.167e-06,0.07925904,0.002708162,0.06653064,0.003423078,0.0179138,0.003081745,0.01783697,0.004537326,0.002330163
19,3.816444,0.1937888,1.166e-06,0.07618854,0.002676246,0.06592489,0.003090745,0.01818364,0.003053245,0.01779106,0.004546492,0.002332747
20,4.010233,0.1943009,1.333e-06,0.07688671,0.002789579,0.06563031,0.003340244,0.01781164,0.003074912,0.01776522,0.004660409,0.002340579
21,4.204534,0.1945725,1.25e-06,0.07705288,0.002686162,0.06571931,0.003074995,0.0181973,0.003071495,0.01779447,0.004648742,0.002325913
22,4.399106,0.1940379,1.25e-06,0.07662196,0.002683662,0.06572031,0.003110662,0.01816972,0.003086411,0.01777456,0.004548242,0.002321163
23,4.593144,0.1942794,1.334e-06,0.07675746,0.002735328,0.06576448,0.003047079,0.01783514,0.003461995,0.01778905,0.004543659,0.00234383
24,4.787423,0.1945437,1.416e-06,0.07690463,0.002683995,0.06582406,0.003086079,0.01818355,0.003080412,0.01790514,0.004554159,0.002320246
25,4.981967,0.1936639,1.417e-06,0.07612779,0.002695245,0.06568489,0.003364078,0.01779464,0.003080745,0.01803097,0.00456366,0.002320496
26,5.175631,0.1939389,1.333e-06,0.07672421,0.002667829,0.06549223,0.003101329,0.01781422,0.003193828,0.0180368,0.004568576,0.00233858
27,5.36957,0.195229,1.333e-06,0.07711013,0.002692162,0.06631564,0.003376661,0.01794497,0.003073911,0.01782872,0.004557826,0.002327663
28,5.564799,0.1937629,1.167e-06,0.07638454,0.002659162,0.06573056,0.003083079,0.01809347,0.003172912,0.01777939,0.004539826,0.002318829
29,5.758562,0.1948449,1.334e-06,0.07673913,0.002906412,0.06608064,0.003123328,0.01808164,0.003137911,0.01779964,0.004660742,0.002314163
30,5.953407,0.1958777,1.333e-06,0.07697871,0.00388766,0.06603564,0.003392578,0.0177818,0.003185162,0.01774047,0.004554909,0.002319413
31,6.149285,0.1948629,1.333e-06,0.07647396,0.003219328,0.06598689,0.003106911,0.01787389,0.003084995,0.01814005,0.004691242,0.002284247
32,6.344147,0.1947639,1.25e-06,0.07682321,0.003245161,0.06588923,0.003077161,0.01775939,0.003161578,0.0179248,0.004532909,0.002349246
33,6.538911,0.1943599,1.25e-06,0.07702038,0.003089578,0.06557773,0.003111662,0.01776872,0.003186662,0.01774539,0.004543993,0.00231458
34,6.733271,0.1941795,1.166e-06,0.07653688,0.002700579,0.06592939,0.003108328,0.01814939,0.003107578,0.01777655,0.00453591,0.002333746
35,6.927451,0.1942714,1.25e-06,0.07681321,0.002658079,0.06578056,0.003078995,0.01803039,0.003217995,0.01782164,0.00453341,0.002335913
36,7.121722,0.1948946,1.166e-06,0.07761671,0.002699579,0.06549923,0.003365828,0.01791039,0.003106995,0.01779231,0.004575826,0.002326579
37,7.316617,0.1940389,1.083e-06,0.07671221,0.002674412,0.06590781,0.003083412,0.0178308,0.003043245,0.01793205,0.004540575,0.00231333
38,7.510656,0.194013,1.25e-06,0.07665313,0.002674162,0.06554864,0.003128995,0.01805822,0.003217244,0.01775905,0.004642909,0.002329413
39,7.704669,0.194872,1.5e-06,0.07729146,0.002659913,0.06578331,0.003081995,0.01833214,0.003054829,0.01780022,0.004543326,0.00232333
40,7.899541,0.1936939,1.333e-06,0.07636913,0.002719662,0.06558273,0.003122495,0.01778597,0.003457328,0.01779147,0.004535409,0.002328413
41,8.093235,0.1891991,1.5e-06,0.07259063,0.002685412,0.06524339,0.003105744,0.01795697,0.003065662,0.01768706,0.004535576,0.002327163
42,8.282434,0.1927189,1.334e-06,0.07504063,0.002688996,0.06599581,0.003089495,0.01806972,0.003175995,0.01779497,0.004534909,0.00232708
43,8.475153,0.1935519,1.167e-06,0.07523563,0.003197578,0.06611348,0.003073661,0.01802089,0.003199078,0.01782522,0.004540993,0.002344246
44,8.668705,0.1962658,1.166e-06,0.07704712,0.004484243,0.06566514,0.003341994,0.01781256,0.003232078,0.01778972,0.004567409,0.002324413
45,8.864971,0.1965712,1.167e-06,0.07740996,0.00388566,0.06597764,0.003098412,0.01803755,0.003194828,0.01804914,0.00453416,0.002382662
46,9.061542,0.1956449,1.25e-06,0.07671579,0.004231576,0.06560089,0.003057661,0.01806697,0.003192078,0.01791222,0.004536659,0.00232983
47,9.257187,0.1959118,1.25e-06,0.07698212,0.003970077,0.06595956,0.003114329,0.01803655,0.003093328,0.01777781,0.004657575,0.002319163
48,9.453098,0.1969043,1.5e-06,0.07714404,0.004109493,0.06657222,0.003056162,0.01807647,0.003200911,0.01789039,0.004538326,0.002314829
49,9.650003,0.1950955,1.417e-06,0.07672929,0.003299244,0.06600364,0.003094162,0.01782647,0.003101495,0.0180773,0.004655159,0.00230733
50,9.845098,0.195757,1.25e-06,0.07705046,0.003549995,0.06611456,0.003162995,0.01806564,0.003061912,0.0178808,0.00454816,0.002321246
51,10.04086,0.1953251,1.166e-06,0.07684229,0.003906327,0.06594923,0.003081411,0.01788497,0.003062662,0.01775255,0.004539243,0.002305246
52,10.23618,0.1955072,1.333e-06,0.07672663,0.003838661,0.06593106,0.003126744,0.01806372,0.003183578,0.0177898,0.004532159,0.002313496
53,10.43169,0.1915176,1.25e-06,0.07335271,0.003851744,0.06561031,0.003096912,0.01797189,0.003131662,0.0176453,0.004545076,0.002310747
54,10.62321,0.194535,1.166e-06,0.07555554,0.00421941,0.06601464,0.003124078,0.01785639,0.003127745,0.01774955,0.004562743,0.002323746
55,10.81774,0.1930255,1.416e-06,0.07505313,0.002810579,0.06609048,0.003146661,0.01805289,0.003128161,0.0177528,0.004663409,0.002325996
56,11.01077,0.1959343,1.417e-06,0.07695646,0.003873577,0.06607806,0.003083495,0.01809514,0.003082412,0.01789089,0.004543076,0.00232983
57,11.2067,0.1952353,1.167e-06,0.07756162,0.002778412,0.06584706,0.003101912,0.01802214,0.003094412,0.0178223,0.004652326,0.002353913
58,11.40194,0.1951241,1.166e-06,0.07616646,0.003903577,0.06599898,0.003381412,0.01785497,0.003201744,0.01775889,0.004531993,0.002324913
59,11.59706,0.200502,1.167e-06,0.08136095,0.00386116,0.06619573,0.003118578,0.01802555,0.003087745,0.01782914,0.00458266,0.002439329
60,11.79756,0.1941575,1.333e-06,0.07662629,0.002777829,0.06585406,0.003123162,0.01793614,0.003104245,0.0178818,0.004544492,0.002308163
61,11.99172,0.194063,1.167e-06,0.07618913,0.002870329,0.06589273,0.003156245,0.01778472,0.003406078,0.01778747,0.004654159,0.002320997
62,12.18578,0.1953727,1.5e-06,0.07646254,0.00419766,0.06560223,0.003081412,0.01818805,0.003094578,0.01788855,0.004537826,0.00231833
63,12.38115,0.1957173,1.417e-06,0.07666787,0.003881577,0.06604873,0.003100661,0.01805805,0.003235412,0.01784814,0.00457191,0.002303579
64,12.57687,0.1959578,1.333e-06,0.07650496,0.00392316,0.06644448,0.003114245,0.01813847,0.003093412,0.01777239,0.004652742,0.00231258
65,12.77283,0.1938629,1.167e-06,0.07655496,0.002687579,0.06578423,0.003233744,0.01776347,0.003099662,0.01776889,0.004641409,0.00232783
66,12.96669,0.1949797,1.334e-06,0.07731937,0.002627913,0.06589373,0.003109078,0.01825147,0.003123911,0.01780256,0.004548076,0.002302246
67,13.16167,0.1957982,1.667e-06,0.07748312,0.003308411,0.06595831,0.003129578,0.01807597,0.003103161,0.01777555,0.004648409,0.002313996
68,13.35747,0.1939893,1.416e-06,0.07609688,0.00388666,0.06531206,0.003083162,0.01797089,0.003133495,0.01764164,0.004543576,0.002319496
69,13.55146,0.203767,1.25e-06,0.08466678,0.004077494,0.06576514,0.003121328,0.01828689,0.003127078,0.01775364,0.004656743,0.002310663
70,13.75523,0.1945762,1.166e-06,0.07681663,0.002774662,0.06608689,0.003114495,0.01781697,0.003097495,0.01775339,0.004665075,0.002449413
71,13.9498,0.1962384,1.25e-06,0.07719496,0.00384941,0.06616164,0.003107328,0.01808014,0.003227328,0.01775789,0.004541993,0.002316496
72,14.14604,0.1962797,1.334e-06,0.07734687,0.004558409,0.06565139,0.003104495,0.01776564,0.003117661,0.01785772,0.00456666,0.002309496
73,14.34232,0.1960368,1.25e-06,0.07697321,0.003824077,0.06615881,0.003116912,0.0180838,0.003247245,0.01778539,0.004534576,0.00231158
74,14.53836,0.1945932,1.25e-06,0.07696512,0.002788412,0.06590139,0.003129495,0.01776455,0.003128829,0.0177958,0.004800326,0.002317996
75,14.73295,0.1959331,1.417e-06,0.07763337,0.003856494,0.06571581,0.003101662,0.01776639,0.003240245,0.01776547,0.004552326,0.002299913
76,14.92888,0.1965171,1.167e-06,0.07711446,0.003952494,0.06621573,0.003126078,0.01806764,0.003121745,0.01783306,0.004768159,0.002316579
77,15.1254,0.1952809,1.167e-06,0.07704171,0.003182828,0.06595014,0.003153078,0.01806355,0.003252162,0.01778914,0.004542993,0.00230408
78,15.32068,0.196288,1.25e-06,0.07760062,0.003877078,0.06608139,0.003115829,0.01787639,0.003124995,0.01775622,0.004541076,0.002313163
79,15.51697,0.1957598,1.333e-06,0.07680688,0.004253409,0.06566839,0.003112245,0.01806372,0.003256911,0.01775522,0.004541493,0.002300163
80,15.71273,0.1944691,1.083e-06,0.07652596,0.00389916,0.06569931,0.003107995,0.01763964,0.003096495,0.01764314,0.004541743,0.002314579
81,15.9072,0.1954429,1.417e-06,0.07743621,0.003430077,0.06553006,0.003099078,0.01807272,0.003251161,0.01775797,0.004532326,0.002331913
82,16.10264,0.1960329,1.417e-06,0.07700104,0.003806494,0.06614223,0.003103912,0.01807855,0.003282161,0.01775331,0.004546826,0.002316996
83,16.29868,0.1950938,1.333e-06,0.07714412,0.002882078,0.06595689,0.003111162,0.0178243,0.003123329,0.01805755,0.004666576,0.002326412
84,16.49377,0.195694,1.25e-06,0.07769971,0.003190245,0.06604673,0.003111162,0.01777814,0.003251662,0.0177583,0.004533326,0.002323497
85,16.68946,0.1953695,1.667e-06,0.07701237,0.002844162,0.06605189,0.003116412,0.01812764,0.003146579,0.01807914,0.004666826,0.002322829
86,16.88483,0.1962624,1.334e-06,0.07708271,0.00397866,0.06599223,0.003107579,0.0180793,0.003167078,0.01788114,0.004660492,0.002311913
87,17.08109,0.1954208,1.5e-06,0.07728362,0.003140995,0.06589881,0.003101994,0.01783839,0.003118995,0.01802047,0.004691326,0.002324663
88,17.27652,0.1957494,1.333e-06,0.07675421,0.00443891,0.06552356,0.003242828,0.01804939,0.003129745,0.01774339,0.004559243,0.002306829
89,17.47226,0.1960378,1.584e-06,0.07700771,0.003889994,0.06601848,0.003141828,0.01812047,0.003160578,0.01782789,0.004532826,0.002336496
90,17.6683,0.1967774,1.333e-06,0.07740413,0.00383066,0.06645339,0.003098245,0.01803855,0.003244828,0.01782097,0.00458341,0.002301913
91,17.86508,0.1954163,1.417e-06,0.07696121,0.003368078,0.06593548,0.003147744,0.01780514,0.003291912,0.01778764,0.004805159,0.002312496
92,18.0605,0.197181,1.167e-06,0.07817846,0.003872577,0.06597898,0.003111911,0.01817755,0.003172995,0.01778439,0.004567826,0.002335163
93,18.25768,0.1963889,1.166e-06,0.07743287,0.003869327,0.06603714,0.003106411,0.01802072,0.003126662,0.01792189,0.004546326,0.002326413
94,18.45407,0.1951917,1.334e-06,0.07675929,0.003573911,0.06572656,0.003126994,0.01805297,0.003275828,0.01778714,0.004576493,0.002311163
95,18.64926,0.1914399,1.667e-06,0.0732733,0.00387941,0.06553898,0.003096828,0.0179258,0.003124661,0.01771405,0.004576742,0.002308497
96,18.8407,0.1985841,1.333e-06,0.08007404,0.00384841,0.06545298,0.003227495,0.01802039,0.003133328,0.01782772,0.004534826,0.002463579
97,19.03928,0.1936209,1.666e-06,0.07496913,0.004110326,0.06538406,0.003382328,0.01780664,0.003166078,0.0179313,0.004535659,0.002333663
98,19.2329,0.1959467,1.417e-06,0.07707779,0.003806661,0.06581131,0.003119411,0.01805805,0.003245495,0.0179433,0.004580659,0.00230258
99,19.42885,0.1985558,1.25e-06,0.07738371,0.002864912,0.06589423,0.003115995,0.02017647,0.003283745,0.01894389,0.004572159,0.002319496
100,19.62741,0.1957372,1.333e-06,0.07673554,0.003914993,0.06602906,0.003122495,0.01805372,0.003290162,0.01773847,0.004543159,0.002308246
101,19.82314,0.1958301,1.417e-06,0.07683896,0.003856077,0.06606081,0.003101745,0.01808314,0.003255828,0.01777455,0.004546326,0.002311246
102,20.01897,0.1951236,1.25e-06,0.07736246,0.002771078,0.06595281,0.003145495,0.0180718,0.003220661,0.01774956,0.004537326,0.002311163
103,20.2141,0.1958754,1.334e-06,0.07692154,0.003845077,0.06598373,0.003157661,0.01792689,0.003127245,0.0180628,0.004548242,0.002300913
104,20.40997,0.1962266,1.25e-06,0.07720562,0.00388741,0.06605164,0.003114411,0.01808072,0.003231661,0.01778414,0.004537743,0.002331996
105,20.6062,0.1945641,1.334e-06,0.07714296,0.002797495,0.06588881,0.003106495,0.01787005,0.003120662,0.01777422,0.004542826,0.002319246
106,20.80076,0.1964472,1.25e-06,0.07698437,0.003857994,0.06623839,0.003115162,0.01839022,0.003224828,0.01775722,0.004551409,0.00232633
107,20.99721,0.1962064,1.334e-06,0.07698779,0.003915661,0.06611423,0.003114578,0.01807739,0.003127245,0.01790372,0.004647076,0.002317413
108,21.19342,0.1955858,1.167e-06,0.07735679,0.003146662,0.06603223,0.003400828,0.01778797,0.003252578,0.01776547,0.004531743,0.002310329
109,21.389,0.1956811,1.417e-06,0.07681346,0.003874077,0.06588998,0.003111662,0.01814205,0.003133328,0.01782939,0.004540326,0.002345412
110,21.58468,0.196145,1.5e-06,0.07714896,0.003989077,0.06585339,0.003376994,0.01779655,0.003278994,0.01781997,0.00455816,0.002321413
111,21.78083,0.1974025,1.416e-06,0.07733946,0.002778246,0.06584848,0.003126412,0.01830247,0.003225245,0.01776089,0.006680822,0.00233908
112,21.97823,0.2049011,1.416e-06,0.08588586,0.003905077,0.06598156,0.003203244,0.01806897,0.003130578,0.01777355,0.004540992,0.00240983
113,22.18313,0.1953698,1.333e-06,0.07696296,0.003227162,0.06605648,0.003387328,0.0178653,0.003262162,0.01774105,0.004539409,0.00232658
114,22.3785,0.1956832,1.25e-06,0.07728312,0.003221995,0.06597439,0.003112328,0.01809905,0.003218661,0.01779464,0.004540659,0.00243708
115,22.57418,0.1958362,1.333e-06,0.07681638,0.003870827,0.06603589,0.003118745,0.01783364,0.003240495,0.01806147,0.00453941,0.002317996
116,22.77002,0.1960079,1.25e-06,0.07777071,0.002903328,0.06626173,0.003126078,0.01807397,0.003130995,0.01776314,0.004657075,0.002319663
117,22.96603,0.1962733,1.417e-06,0.07742829,0.003878244,0.06618248,0.003245244,0.01777197,0.003150079,0.0177488,0.004544493,0.002322246
118,23.1623,0.1957783,1.834e-06,0.07681846,0.003838911,0.06600439,0.003122328,0.0180898,0.003260078,0.01779039,0.004532742,0.002319413
119,23.35808,0.1944242,1.333e-06,0.07666446,0.003465911,0.06556281,0.003105328,0.01787722,0.003135495,0.0177488,0.004538076,0.002324747
120,23.5525,0.1964671,1.167e-06,0.07729812,0.003802827,0.06627273,0.003117745,0.0181263,0.003240245,0.01775497,0.004545076,0.002307913
121,23.74897,0.1946405,1.416e-06,0.07671729,0.002812996,0.06591423,0.003109495,0.01801414,0.003136411,0.01795847,0.004639992,0.00233608
122,23.94361,0.1952374,1.5e-06,0.07743596,0.003185912,0.06590264,0.003089328,0.01775689,0.003242161,0.01775306,0.004545993,0.002323996
123,24.13885,0.1953108,1.417e-06,0.07669821,0.003854327,0.06601273,0.003120828,0.01788722,0.003119912,0.01775405,0.004544659,0.002317413
124,24.33416,0.1941455,1.334e-06,0.07624663,0.002777495,0.06604856,0.003107661,0.01807747,0.003122245,0.01789655,0.00455016,0.002317412
125,24.52831,0.1955958,1.25e-06,0.07675037,0.004553743,0.06554164,0.003114995,0.01787122,0.003151245,0.01774947,0.004541992,0.002319913
126,24.7239,0.1966406,1.416e-06,0.07745721,0.003898743,0.06605881,0.003235078,0.0180673,0.003134078,0.01778497,0.004532826,0.002470163
127,24.92054,0.1944914,1.334e-06,0.07583529,0.003800577,0.06611873,0.003123079,0.01790555,0.003140995,0.0176978,0.004556493,0.00231158
128,25.11503,0.1970618,1e-06,0.07716513,0.004645659,0.06603698,0.003245578,0.01784355,0.003114662,0.01786872,0.004533493,0.002607079
129,25.3121,0.1959555,1.25e-06,0.07707146,0.003853161,0.06627748,0.003235161,0.01779564,0.003131495,0.01774422,0.004542159,0.002303496
130,25.50805,0.1935904,1.333e-06,0.07564888,0.003217661,0.06578906,0.003112912,0.01796539,0.003135078,0.0176928,0.004564159,0.00246308
131,25.70164,0.1958361,1.5e-06,0.07669129,0.003842327,0.06620223,0.003124745,0.01807139,0.003247328,0.01779322,0.004541076,0.002320996
132,25.89748,0.1948024,1.25e-06,0.07616154,0.003188411,0.06657139,0.003113162,0.0179053,0.003134412,0.01774814,0.004667076,0.002311663
133,26.09228,0.1952467,1.25e-06,0.07687704,0.003214412,0.06599523,0.003126911,0.01817464,0.003128078,0.01786939,0.004544326,0.002315413
134,26.28753,0.1974515,1.166e-06,0.07849804,0.003821243,0.06604931,0.003220078,0.01812739,0.003118912,0.01776355,0.004530743,0.00232108
135,26.48498,0.1963111,1.584e-06,0.07732979,0.00384166,0.06598214,0.003110912,0.01807689,0.003214745,0.01789855,0.004548243,0.002306579
136,26.68129,0.1957567,1.167e-06,0.07679962,0.003864077,0.06604906,0.003134995,0.01805905,0.003242245,0.0177533,0.004537659,0.002315497
137,26.87705,0.1952847,1.333e-06,0.07712346,0.003231328,0.06586539,0.003117494,0.01801797,0.003110745,0.01781797,0.004674326,0.002324663
138,27.07233,0.1957534,1.583e-06,0.07736862,0.003172745,0.06613548,0.003128328,0.0180848,0.003241828,0.01775756,0.004544826,0.002317663
139,27.26808,0.1952105,1.166e-06,0.07652154,0.003859827,0.06597323,0.003118328,0.01787881,0.003113828,0.0177553,0.00454441,0.002444079
140,27.46329,0.1953964,1.334e-06,0.07712312,0.003150829,0.06591548,0.003131578,0.01806155,0.003112495,0.0180418,0.004542493,0.002315746
141,27.65869,0.1959693,1.167e-06,0.07737187,0.003844161,0.06601623,0.003121411,0.01787347,0.003101412,0.01775805,0.004548076,0.002333413
142,27.85466,0.1960013,1.167e-06,0.07758096,0.003207412,0.06612531,0.003119162,0.01808522,0.003258412,0.01775655,0.004540993,0.002326163
143,28.05066,0.1954378,1.25e-06,0.07682654,0.003684494,0.06613723,0.003119411,0.01790214,0.003117245,0.0177803,0.004543993,0.002325246
144,28.2461,0.1966771,1.416e-06,0.07741254,0.003882661,0.06619873,0.003388161,0.01779097,0.003390828,0.01774664,0.004547742,0.002317413
145,28.44278,0.1960495,1.167e-06,0.07705929,0.003907743,0.06599856,0.003129745,0.01801589,0.003093412,0.01793472,0.004580576,0.002328412
146,28.63883,0.1952601,1.5e-06,0.07688737,0.003488078,0.06570289,0.003373328,0.01791397,0.003257161,0.01775772,0.004546076,0.002331996
147,28.83409,0.1964382,1.417e-06,0.07728087,0.00384266,0.06624981,0.003108578,0.01808614,0.003228494,0.01778406,0.004543243,0.002312912
148,29.03052,0.1965224,1.167e-06,0.07717579,0.003881827,0.06633923,0.003112328,0.01807855,0.003264078,0.0177923,0.004544993,0.002332163
149,29.22705,0.1949185,1.334e-06,0.07691004,0.002798828,0.06612814,0.003406911,0.01779597,0.003268995,0.01775097,0.004542326,0.002314996
150,29.42197,0.1965396,1.333e-06,0.07752979,0.00389716,0.06604398,0.003209245,0.01806914,0.003128495,0.01777205,0.004562409,0.002325996
151,29.6185,0.1960148,1.25e-06,0.07684896,0.004481326,0.06558348,0.003233912,0.01807722,0.003135911,0.01776747,0.004535326,0.002349913
152,29.81452,0.1969906,1.25e-06,0.07743521,0.004421326,0.06583514,0.003216328,0.01827572,0.003137245,0.01779989,0.004545076,0.002323413
153,30.01151,0.1966918,1.416e-06,0.07738921,0.00382691,0.06674306,0.003102828,0.01777414,0.003242828,0.01774972,0.004542993,0.002318663
154,30.2082,0.1944622,1.166e-06,0.07695504,0.002754412,0.06589464,0.003093828,0.01776297,0.003242661,0.01789697,0.004529826,0.002330663
155,30.40266,0.1963606,1.25e-06,0.07737287,0.00386891,0.06603198,0.003223162,0.01807705,0.003135578,0.01777781,0.004554075,0.002317913
156,30.59902,0.1965913,1.167e-06,0.07759746,0.003802494,0.06609889,0.003226578,0.0180198,0.003119745,0.0178288,0.004538326,0.002357996
157,30.79562,0.1965899,1.166e-06,0.07660438,0.003997743,0.06685747,0.003121328,0.01807247,0.003221662,0.0178388,0.004554326,0.002320579
158,30.99221,0.1961471,1.666e-06,0.07712329,0.004265493,0.06552648,0.003123412,0.01806805,0.003284494,0.01789822,0.004535409,0.00232058
159,31.18835,0.1958899,1.333e-06,0.07687554,0.003802744,0.06610489,0.003146161,0.01804172,0.003273078,0.01777064,0.004536743,0.002337079
160,31.38424,0.195581,1.417e-06,0.07628496,0.004709826,0.06548531,0.003088245,0.01784414,0.003119995,0.01806489,0.004652993,0.002329246
161,31.57982,0.1951096,1.5e-06,0.07621929,0.00386266,0.06587614,0.003117078,0.01807764,0.003160411,0.01793114,0.004548159,0.00231558
162,31.77493,0.1964798,1.334e-06,0.07718754,0.004439159,0.06574356,0.003244578,0.01802814,0.003121078,0.0178213,0.004532576,0.002360497
163,31.97141,0.1952072,1.083e-06,0.07610954,0.003898244,0.06608198,0.003112328,0.01804605,0.003237662,0.01782039,0.004579909,0.002319997
164,32.16662,0.1951302,1.5e-06,0.07619829,0.003942077,0.06594706,0.003400911,0.01779372,0.003127495,0.01774964,0.004655826,0.002313663
165,32.36175,0.1954063,1.167e-06,0.07672921,0.003117245,0.06626581,0.003124162,0.01807339,0.003248412,0.01797889,0.004536159,0.00233183
166,32.55716,0.1953409,1.25e-06,0.07613054,0.00448841,0.06562881,0.003109078,0.01807214,0.003260995,0.01778005,0.004533159,0.002336413
167,32.7525,0.1913079,1.167e-06,0.07333963,0.00386666,0.06567523,0.003144078,0.01765231,0.003109745,0.01765255,0.004547159,0.002319413
168,32.94381,0.1940424,1.25e-06,0.07561454,0.003171161,0.06603623,0.003091245,0.01808297,0.003129245,0.01803605,0.004548242,0.002331413
169,33.13785,0.1937159,1.25e-06,0.07507379,0.003237578,0.06635447,0.003103329,0.01809014,0.003117995,0.01777905,0.004653243,0.002304996
170,33.33156,0.1959868,1.417e-06,0.07694088,0.003842577,0.06603164,0.003129495,0.01806805,0.003223994,0.01775981,0.004663576,0.002325412
171,33.52755,0.1939545,1.334e-06,0.07666837,0.003217412,0.06564731,0.003114578,0.01768514,0.003122078,0.01764097,0.004552409,0.002304913
172,33.72151,0.1957564,1.25e-06,0.07683137,0.003839661,0.06591556,0.003138828,0.01805255,0.003168412,0.01793472,0.004538326,0.002335746
173,33.91726,0.1961138,1.666e-06,0.07707438,0.003795327,0.06614348,0.003107828,0.01783264,0.003376245,0.01779155,0.004680826,0.002309913
174,34.11338,0.1969238,1.25e-06,0.07753262,0.003839827,0.06646189,0.003126078,0.01803839,0.003238994,0.01781864,0.004542576,0.00232358
175,34.3103,0.1954212,1.417e-06,0.07708604,0.003198494,0.06588448,0.003121995,0.01807589,0.003337495,0.01780955,0.004575743,0.002330079
176,34.50572,0.1959959,1.25e-06,0.07751254,0.003864993,0.06548248,0.003504411,0.01781839,0.003143995,0.01780514,0.004544909,0.00231783
177,34.70172,0.1956272,1.583e-06,0.07717979,0.003248995,0.06599081,0.003117161,0.01820914,0.003249745,0.01776564,0.004534326,0.002329996
178,34.89734,0.1957978,1.167e-06,0.07681212,0.003943994,0.06600556,0.003108579,0.01806797,0.003119745,0.01776764,0.004650993,0.002319996
179,35.09314,0.1960602,1.334e-06,0.07719904,0.003625161,0.06618039,0.003131579,0.01805855,0.003114911,0.01787156,0.004560159,0.002317496
180,35.2892,0.196524,1.334e-06,0.07749621,0.004421826,0.06551639,0.003260411,0.01801555,0.003131995,0.01781964,0.004534076,0.00232658
181,35.48573,0.1955878,1.25e-06,0.07661296,0.003898743,0.06597239,0.003262245,0.01804547,0.003160578,0.01777205,0.004542493,0.002319663
182,35.68131,0.195279,1.166e-06,0.07697671,0.003200994,0.06624023,0.003100162,0.01789264,0.003243078,0.01775747,0.004555242,0.00231133
183,35.87659,0.1953149,1.416e-06,0.07733246,0.002808662,0.06608231,0.003162411,0.01804697,0.003275578,0.01775097,0.004533076,0.00232108
184,36.07191,0.1957584,1.334e-06,0.07666162,0.003844244,0.06598148,0.003124162,0.01813555,0.003227828,0.0179103,0.004534409,0.002337497
185,36.26767,0.1958346,1.25e-06,0.07701337,0.003849494,0.06593673,0.003117829,0.01800447,0.003132829,0.01791505,0.004543576,0.002319996
186,36.4635,0.1962335,1.333e-06,0.07725754,0.00369166,0.06604406,0.003142078,0.01806055,0.003227495,0.01775197,0.004728909,0.002327913
187,36.65973,0.1953083,1.084e-06,0.07655179,0.00390266,0.06611098,0.003230495,0.01777122,0.003129412,0.0177583,0.004534493,0.002317829
188,36.85504,0.1956158,1.333e-06,0.07696429,0.003786661,0.06579256,0.003403912,0.0177833,0.003137662,0.01787355,0.004535242,0.002337247
189,37.05066,0.1965368,1.167e-06,0.07703588,0.00389316,0.06641814,0.003081662,0.01808922,0.003288994,0.01784389,0.004553993,0.002330662
190,37.24719,0.1961449,1.167e-06,0.07674879,0.003853077,0.06644556,0.003150161,0.01804689,0.003268911,0.01776172,0.004533909,0.002334747
191,37.44334,0.1959223,1.417e-06,0.07670246,0.003860494,0.06625398,0.003127995,0.01807497,0.003240578,0.01779139,0.004546909,0.00232208
192,37.63926,0.196749,1.333e-06,0.07731921,0.004540909,0.06580348,0.003224994,0.01801697,0.003124912,0.01781889,0.004533076,0.002365246
193,37.83601,0.196471,1.5e-06,0.07719996,0.003908243,0.06634014,0.003115495,0.01806122,0.003122828,0.01775714,0.004662493,0.002301996
194,38.03248,0.1963736,1.25e-06,0.07683846,0.004635826,0.06581548,0.003171911,0.01806214,0.003129329,0.01774997,0.004655242,0.002313997
195,38.22886,0.1963194,1.25e-06,0.07705304,0.003949077,0.06571448,0.003616244,0.01807455,0.003251078,0.01779047,0.004541409,0.00232783
196,38.42518,0.1954288,1.417e-06,0.07645429,0.003846327,0.06603281,0.003150661,0.01816422,0.003154828,0.01776289,0.004542743,0.002318663
197,38.6206,0.1954144,1.334e-06,0.07686979,0.003245578,0.06620264,0.003108412,0.01813297,0.003242245,0.01775431,0.004540326,0.002316829
198,38.81602,0.195427,1.584e-06,0.07729337,0.00388566,0.06550023,0.003250662,0.0177428,0.003123995,0.01775497,0.00455666,0.002317079
199,39.01145,0.1958298,1.083e-06,0.07669571,0.003875327,0.06615256,0.003107995,0.01809989,0.003253995,0.01778514,0.004537242,0.002320913
200,39.20728,0.1955975,1.416e-06,0.07700454,0.003809577,0.06598664,0.003166745,0.01785889,0.003148078,0.01775822,0.004547826,0.002315579
201,39.40287,0.1958574,1.25e-06,0.07744862,0.003226328,0.06596439,0.003235495,0.01806647,0.003240744,0.01779239,0.004549993,0.002331746
202,39.59873,0.1945394,1.25e-06,0.07672063,0.003456494,0.06555064,0.003117245,0.01791264,0.003147329,0.01775972,0.004541159,0.00233233
203,39.79327,0.1959896,1.167e-06,0.07702496,0.003881993,0.06591439,0.003116662,0.01806405,0.003125912,0.01790397,0.004536576,0.002419912
204,39.98926,0.1969315,1.5e-06,0.07767946,0.004125743,0.06633622,0.003241662,0.01776264,0.003126578,0.01779097,0.004545659,0.00232108
205,40.18619,0.1950168,1.083e-06,0.07695729,0.002804329,0.06600673,0.003119995,0.0181048,0.003126911,0.01802972,0.004547243,0.002318662
206,40.38121,0.195784,1.333e-06,0.07706921,0.003884327,0.06606839,0.003130662,0.01787339,0.003124162,0.01775847,0.00455841,0.002315662
207,40.57699,0.1954468,1.166e-06,0.07744446,0.002812995,0.06596889,0.003119162,0.01808014,0.003108662,0.0179083,0.004695992,0.002306997
208,40.77244,0.196115,1.167e-06,0.07708562,0.003874244,0.06605739,0.003143411,0.01816105,0.003161745,0.01777639,0.004543076,0.002310913
209,40.96855,0.1956808,1.167e-06,0.07724962,0.003284661,0.06608198,0.003117412,0.01807372,0.003112661,0.01777272,0.00466666,0.002320246
210,41.16423,0.1964783,1.167e-06,0.07754112,0.004247826,0.06596373,0.003099078,0.0177633,0.003249745,0.01774731,0.004541659,0.002323329
211,41.36071,0.1952136,1.25e-06,0.07683271,0.003505577,0.06606881,0.003161244,0.01788364,0.003112995,0.01777764,0.004533076,0.002336663
212,41.55593,0.1963104,1.5e-06,0.07716004,0.003884327,0.06617889,0.003385161,0.01779855,0.003252495,0.01775655,0.00454741,0.002345496
213,41.75224,0.1961785,1.25e-06,0.07741687,0.004242077,0.06576264,0.003235912,0.01778439,0.003101245,0.01776847,0.004544243,0.002321413
214,41.94842,0.1966248,1.25e-06,0.07727987,0.003867827,0.06640839,0.003098162,0.01807114,0.003252078,0.01776022,0.004556159,0.002329747
215,42.14504,0.1949695,1.5e-06,0.07699071,0.002789828,0.06641706,0.003119912,0.01789772,0.003114828,0.01775781,0.004538659,0.002341496
216,42.34001,0.1973063,1.417e-06,0.07757604,0.004385493,0.06627548,0.003120579,0.01807955,0.003258078,0.01776422,0.004539742,0.002305663
217,42.53732,0.1959639,1.333e-06,0.07695879,0.003902993,0.06594873,0.003131828,0.0180833,0.003094245,0.01786547,0.004647242,0.002329997
218,42.73328,0.1968591,1.334e-06,0.07750271,0.004248493,0.06604289,0.003118912,0.01807105,0.003239494,0.01777772,0.004537493,0.002318996
219,42.93014,0.1968041,1.333e-06,0.07808921,0.004089743,0.06571106,0.003129745,0.01788555,0.003126245,0.01788622,0.004532409,0.00235258
220,43.12694,0.1956602,1.25e-06,0.07699029,0.003525328,0.06607381,0.003113995,0.0180728,0.003243245,0.0178003,0.00453291,0.002306246
221,43.3226,0.1964298,1.25e-06,0.07703312,0.00446691,0.06563606,0.003143911,0.01802705,0.003318995,0.01792155,0.004543243,0.002337746
222,43.51903,0.1969834,1.417e-06,0.07778446,0.003957077,0.06618581,0.003507411,0.01779422,0.003131745,0.0177688,0.004540242,0.002312246
223,43.71602,0.196079,1.583e-06,0.07672121,0.003989077,0.06623106,0.003109995,0.01782564,0.003418911,0.01778572,0.004660826,0.002334996
224,43.9121,0.1917408,1.083e-06,0.07417346,0.002856995,0.06583398,0.003110578,0.01810614,0.003126912,0.01768114,0.004535992,0.002314497
225,44.10384,0.1946244,1.25e-06,0.07590663,0.003614578,0.06635456,0.003126828,0.01788039,0.003112828,0.01775672,0.004542659,0.002327913
226,44.29846,0.1963517,1.333e-06,0.07694079,0.003902743,0.06634523,0.003121245,0.01816905,0.003240411,0.01778622,0.004538826,0.00230583
227,44.49481,0.1948908,1.334e-06,0.07691079,0.00353141,0.06572439,0.003112328,0.01787364,0.003109411,0.01776414,0.004537493,0.002325829
228,44.6897,0.1968963,1.334e-06,0.07752879,0.00443991,0.06572514,0.003144662,0.01819697,0.003243162,0.01776547,0.004544742,0.002306163
229,44.8866,0.1960885,1.25e-06,0.07677496,0.00387466,0.06634481,0.003145745,0.01804147,0.003311162,0.01774122,0.004544743,0.002308496
230,45.08269,0.1956044,1.25e-06,0.07716112,0.003206828,0.06620014,0.003370828,0.01779114,0.003128912,0.01776405,0.00464591,0.002334246
231,45.27829,0.1964858,1.584e-06,0.07726537,0.00391116,0.06613498,0.003111329,0.01806822,0.003374662,0.01774747,0.004546659,0.002324413
232,45.47478,0.196356,1.416e-06,0.07731846,0.00386741,0.06637239,0.003085745,0.01773522,0.003130995,0.01796147,0.004547992,0.002334913
233,45.67113,0.1911572,1.333e-06,0.07329721,0.00395816,0.06522481,0.003109078,0.01796072,0.003121745,0.01766255,0.004542826,0.002278746
234,45.86229,0.1949017,1.333e-06,0.07571313,0.003860494,0.06620964,0.003112745,0.01819622,0.003177578,0.01775306,0.004547992,0.002329496
235,46.05719,0.193873,1.167e-06,0.0751368,0.00400691,0.06562139,0.003094078,0.0178383,0.003127245,0.01803164,0.004643076,0.002372413
236,46.25107,0.1965263,1.083e-06,0.07726071,0.003949077,0.06600714,0.003508994,0.01793739,0.003170744,0.01782405,0.004542409,0.002324746
237,46.44759,0.1962968,1.083e-06,0.07743337,0.003216245,0.06654081,0.003129245,0.01799089,0.003273995,0.01780155,0.004587159,0.002322497
238,46.64389,0.1963236,1.334e-06,0.07724279,0.00385041,0.06597531,0.003115328,0.01803389,0.003258412,0.01794914,0.00454716,0.002349829
239,46.84021,0.1964336,1.167e-06,0.07709829,0.004264909,0.06594489,0.003118245,0.01804297,0.003275078,0.01779755,0.004570993,0.002319496
240,47.03665,0.1964763,1.583e-06,0.07737029,0.003863494,0.06613839,0.003120995,0.01802497,0.003225662,0.01783097,0.004569659,0.00233033
241,47.23312,0.1959147,1.25e-06,0.07681604,0.003888327,0.06607781,0.003121328,0.01803797,0.003250244,0.01782589,0.004570659,0.002325163
242,47.42904,0.1965112,1.167e-06,0.07731429,0.004517743,0.06547714,0.003143912,0.01781455,0.003305328,0.0180513,0.004537993,0.002347746
243,47.62555,0.1960819,1.333e-06,0.07699421,0.003878827,0.06602481,0.003104328,0.0182003,0.003244078,0.01776172,0.004532993,0.002339329
244,47.82163,0.1960673,1.417e-06,0.07676737,0.004670159,0.06552181,0.003112162,0.0180843,0.003129995,0.01779589,0.004655993,0.002328163
245,48.0177,0.1968582,1.25e-06,0.07794062,0.003844327,0.06605339,0.003236161,0.01805822,0.003106328,0.01776022,0.004532659,0.002324997
246,48.21456,0.1960089,1.166e-06,0.07745862,0.003194412,0.06629548,0.003098995,0.01812839,0.003247828,0.01774847,0.004540326,0.002295246
247,48.41056,0.1949189,1.333e-06,0.07663246,0.003159745,0.06600398,0.003163745,0.01803905,0.003272828,0.01777447,0.004532326,0.002338996
248,48.60548,0.1952127,1.25e-06,0.07732954,0.003192828,0.06597756,0.003097995,0.01787872,0.003118161,0.01775681,0.004538826,0.002320996
249,48.8007,0.1962037,1.75e-06,0.07714979,0.00397391,0.06600123,0.003113745,0.0180933,0.003264828,0.01775072,0.004536993,0.002317413
250,48.9969,0.1957693,1.333e-06,0.07679738,0.003840911,0.06604164,0.003131662,0.0180648,0.003221495,0.0178043,0.004546326,0.002319496
251,49.19267,0.1953859,1.083e-06,0.07671379,0.003605411,0.06601589,0.003108994,0.01807155,0.003134829,0.0178823,0.004546159,0.002305913
252,49.38806,0.1963686,1.416e-06,0.07733429,0.003887077,0.06609248,0.003388995,0.01780805,0.003234828,0.01776131,0.004536742,0.002323413
253,49.58442,0.1954445,1.25e-06,0.07667371,0.003112245,0.06612231,0.003129162,0.01823847,0.003127162,0.01813505,0.004581659,0.002323496
254,49.77987,0.1952673,1.417e-06,0.07701879,0.003193828,0.06593223,0.003359995,0.0178038,0.003171828,0.0178998,0.004568493,0.00231708
255,49.97514,0.1957788,1.083e-06,0.07681179,0.003869161,0.06631989,0.003118412,0.01779514,0.003219995,0.01775706,0.004545159,0.002341163
256,50.17091,0.1956612,1.167e-06,0.07656671,0.004399576,0.06564581,0.003109495,0.01807589,0.003128245,0.01776914,0.004657159,0.002307996
257,50.36658,0.195671,1.583e-06,0.07678354,0.003887911,0.06595606,0.003120662,0.01806114,0.003104495,0.01788464,0.004537159,0.00233383
258,50.56225,0.1957438,1.25e-06,0.07706837,0.003846493,0.06555264,0.003106661,0.01788206,0.003120745,0.01830347,0.004532243,0.002329912
259,50.75799,0.1945549,1.25e-06,0.07617871,0.00391591,0.06568864,0.003146245,0.01794872,0.003175078,0.01764231,0.004535993,0.002321996
260,50.95255,0.1952965,1e-06,0.07673746,0.003181412,0.06617464,0.003091662,0.01807797,0.003231328,0.0179263,0.004544076,0.002330663
261,51.14784,0.1967939,1.584e-06,0.07753279,0.00429166,0.06582223,0.003122579,0.01784105,0.003525578,0.0177903,0.004533409,0.002332747
262,51.34464,0.195889,1.083e-06,0.07686638,0.00395366,0.06595764,0.003123745,0.01807189,0.003126662,0.01780147,0.004646325,0.002340163
263,51.54052,0.1956607,1.167e-06,0.07721146,0.003139745,0.06604439,0.003133078,0.01793889,0.003129329,0.01817005,0.004547826,0.002344747
264,51.73619,0.1970012,1.417e-06,0.07763629,0.003895661,0.06638381,0.003124579,0.01807639,0.003237828,0.01776555,0.004537325,0.00234233
265,51.93319,0.1957673,1.25e-06,0.07719138,0.00391016,0.06550548,0.003114411,0.01782889,0.003546494,0.01778764,0.004549409,0.002332247
266,52.12895,0.196222,1.25e-06,0.07708629,0.00384841,0.06611398,0.003100328,0.01809014,0.003130245,0.01797722,0.00454191,0.002332246
267,52.32518,0.1965486,1.334e-06,0.07739387,0.004558743,0.06574489,0.003244161,0.01775347,0.003119662,0.01785914,0.004558825,0.002314497
268,52.52172,0.1961995,1.25e-06,0.07698587,0.00386466,0.06598448,0.003091911,0.01809297,0.003550161,0.01775939,0.004540409,0.002328413
269,52.71792,0.1966247,1.25e-06,0.07718654,0.004222826,0.06605164,0.003155412,0.01778855,0.003443578,0.0177938,0.004644993,0.002336079
270,52.91455,0.1967601,1.333e-06,0.07823929,0.003227411,0.06605914,0.003094495,0.01809105,0.003263578,0.01778647,0.004538076,0.002459246
271,53.11131,0.1947509,1.333e-06,0.07586096,0.004794076,0.06525339,0.003111245,0.01774347,0.003426161,0.01769464,0.004543992,0.00232158
272,53.30606,0.1963153,1.25e-06,0.07740362,0.003827161,0.06600881,0.003096412,0.01807839,0.003124912,0.01789322,0.004555742,0.002325746
273,53.50238,0.1961709,1.583e-06,0.07768121,0.003814744,0.06554698,0.003113828,0.01807505,0.003107078,0.01792347,0.00454266,0.002364329
274,53.69855,0.1956311,1.25e-06,0.07669863,0.003855327,0.06613164,0.003096495,0.01776347,0.003131994,0.01808639,0.004542409,0.002323496
275,53.89418,0.1993843,1.167e-06,0.08199953,0.002835162,0.06578939,0.003100245,0.01776781,0.003140578,0.01775197,0.00455491,0.002443496
276,54.09356,0.1970038,1.334e-06,0.07783096,0.003919327,0.06610539,0.003247412,0.01806647,0.003109578,0.0178248,0.004532909,0.00236558
277,54.29057,0.1954037,1.5e-06,0.07723829,0.002735329,0.06638539,0.003093578,0.01807397,0.003238578,0.01776872,0.004535409,0.002332913
278,54.48597,0.1965148,1.25e-06,0.07725337,0.003846827,0.06620739,0.003127412,0.01802822,0.003102495,0.01804814,0.004578576,0.002321163
279,54.68248,0.1955957,1.5e-06,0.07736846,0.003569077,0.06591473,0.003102078,0.01777381,0.003243494,0.01776614,0.004540076,0.00231633
280,54.87808,0.1962685,1.25e-06,0.07725546,0.003891994,0.06602264,0.003239578,0.01807589,0.003101828,0.01780656,0.004543742,0.00232958
281,55.07435,0.1960168,1.25e-06,0.07700129,0.003987743,0.06594639,0.003132745,0.01804714,0.003258912,0.01775505,0.004546909,0.002339413
282,55.27036,0.1965343,1.583e-06,0.07771571,0.004118076,0.06557648,0.003253911,0.01801064,0.003169078,0.01778014,0.004582409,0.00232633
283,55.4669,0.1960281,1.5e-06,0.07677654,0.00390491,0.06621139,0.003137995,0.01807539,0.003253578,0.01778539,0.004546659,0.002334746
284,55.66293,0.1957988,1.334e-06,0.07708971,0.003248245,0.06620922,0.003102329,0.01807914,0.003111912,0.01782372,0.004804825,0.002328413
285,55.85873,0.195685,1.25e-06,0.07733004,0.003163078,0.06622539,0.003185162,0.01789214,0.003251328,0.01777822,0.004531159,0.002327246
286,56.05441,0.1959133,1.5e-06,0.07707296,0.003555577,0.06613789,0.003163245,0.01801222,0.003274245,0.01779231,0.004575075,0.00232833
287,56.25032,0.195968,1.583e-06,0.07700621,0.003649078,0.06625864,0.003108412,0.0180708,0.003245494,0.0177763,0.004533659,0.00231783
288,56.44629,0.197217,1.25e-06,0.07795887,0.003869911,0.06627231,0.003120411,0.01808789,0.003247078,0.01778747,0.004542743,0.002329079
289,56.64351,0.1949529,1.25e-06,0.07683188,0.002802578,0.06621473,0.003131328,0.01808247,0.003252161,0.01778114,0.004541159,0.002314247
290,56.83846,0.1959758,1.25e-06,0.07695138,0.003882493,0.06633073,0.003088661,0.01777114,0.003187995,0.01787547,0.004559826,0.00232683
291,57.03444,0.19223,1.417e-06,0.07408163,0.003861994,0.06536331,0.003132578,0.01795139,0.003304578,0.01764289,0.004541826,0.002348413
292,57.22667,0.1935923,1.167e-06,0.07433221,0.00397616,0.06618098,0.003135494,0.01807055,0.003124829,0.0177858,0.004657826,0.002327246
293,57.42026,0.1941496,1.75e-06,0.07522838,0.004191243,0.06559548,0.003120162,0.0180418,0.003119745,0.01783139,0.004690576,0.00232908
294,57.61441,0.1965024,1.334e-06,0.07734279,0.003886743,0.06622348,0.003113328,0.01806864,0.003114161,0.01787447,0.004544576,0.002332913
295,57.81091,0.1946176,1.25e-06,0.07700287,0.002763829,0.06607998,0.003126161,0.01777822,0.003217828,0.01777164,0.004543576,0.002332247
296,58.00553,0.19733,1.167e-06,0.07806196,0.003865494,0.06618373,0.003261078,0.01804939,0.003265412,0.01778464,0.004538743,0.002318413
297,58.20286,0.1960927,1.25e-06,0.07728937,0.003873661,0.06616214,0.003126412,0.0178873,0.003124911,0.01775972,0.004535076,0.002332829
298,58.39895,0.1962738,1.166e-06,0.07681196,0.003863327,0.06646464,0.003108328,0.01807739,0.003251161,0.01777305,0.004603909,0.002318913
299,58.59523,0.1945481,1.5e-06,0.07690087,0.002782912,0.06610389,0.003119495,0.01777697,0.003220745,0.01775905,0.004546659,0.002335996
300,58.78977,0.1968199,1.583e-06,0.07771404,0.003822411,0.06622381,0.003109328,0.01808039,0.003249494,0.01776197,0.004549076,0.00230783
301,58.98659,0.1948679,1.25e-06,0.07639671,0.003995244,0.06571739,0.003128328,0.01787914,0.003117912,0.01776139,0.004541076,0.002329497
302,59.18146,0.1964552,1.167e-06,0.07711671,0.00390916,0.06634339,0.003105662,0.01809972,0.003254662,0.0177863,0.004532076,0.00230633
303,59.37792,0.1952768,1.333e-06,0.07711046,0.002831829,0.06609781,0.003253662,0.01805905,0.003280578,0.01776505,0.004543659,0.002333413
304,59.57319,0.1961833,1.5e-06,0.07680379,0.004261993,0.06599314,0.003084995,0.01783281,0.003415411,0.01779339,0.004646909,0.002349329
305,59.76938,0.1966913,1.5e-06,0.07735571,0.004294993,0.06590123,0.003150995,0.0180743,0.003165995,0.01787222,0.004541242,0.002333163
306,59.96607,0.1966485,1.667e-06,0.07733404,0.003909077,0.06629706,0.003123994,0.01808222,0.003240078,0.01778955,0.004545576,0.002325246
307,60.16272,0.1956678,1.667e-06,0.07679387,0.003581577,0.06608314,0.003173495,0.01809889,0.003286828,0.01776331,0.004537576,0.002347412
308,60.35839,0.1959559,1.167e-06,0.07704146,0.003875493,0.06592898,0.003107078,0.01795305,0.003140162,0.01802305,0.004580159,0.00230533
309,60.55434,0.201319,1.416e-06,0.07953337,0.003867077,0.06913489,0.003095828,0.01779589,0.003123245,0.01777964,0.004532492,0.002455163
310,60.75566,0.1955517,1.416e-06,0.07665179,0.003877744,0.06573856,0.003113495,0.01814672,0.003142245,0.01789755,0.004662242,0.002319913
311,60.95121,0.196187,1.25e-06,0.07695554,0.004487243,0.06561339,0.003127829,0.01817397,0.003128245,0.0178263,0.004533826,0.002339413
312,61.1474,0.1970285,1.25e-06,0.07762071,0.003881327,0.06632339,0.003116161,0.01804297,0.003242995,0.01781897,0.004644826,0.002335913
313,61.34443,0.1960488,1.334e-06,0.07659238,0.004395493,0.06627323,0.003120745,0.0178083,0.003222078,0.01776339,0.004542993,0.002328829
314,61.54048,0.1960552,1.25e-06,0.07710738,0.003965827,0.06591023,0.003106578,0.01808955,0.003128412,0.01778697,0.004653409,0.00230558
315,61.73653,0.1968252,1.25e-06,0.07748837,0.003914244,0.06629489,0.003262745,0.01804264,0.003159745,0.01778455,0.00454341,0.002333329
316,61.93336,0.1914709,1.333e-06,0.07433188,0.003059329,0.06532431,0.003086412,0.01771472,0.003141995,0.01789614,0.004543992,0.002370746
317,62.12483,0.1944134,1.417e-06,0.07511646,0.003912327,0.06608048,0.003114412,0.01805097,0.003311828,0.01791697,0.004576909,0.002331663
318,62.31924,0.1966777,1.25e-06,0.07754904,0.003863494,0.06615381,0.003121995,0.01813547,0.003110079,0.01783455,0.004544326,0.002363663
319,62.51592,0.195034,1.416e-06,0.07685196,0.002764995,0.06623889,0.003120078,0.01802889,0.003252912,0.01780755,0.004563243,0.002404079
320,62.71095,0.191844,1.417e-06,0.07396105,0.003208912,0.06592856,0.003096495,0.01793664,0.003122162,0.01771389,0.004535493,0.002339413
321,62.9028,0.2038423,1.25e-06,0.07621129,0.003846577,0.06791314,0.003242328,0.01803155,0.003125245,0.02442338,0.004735076,0.002312496
322,63.10664,0.196404,1.25e-06,0.07703404,0.00398741,0.06628206,0.003382995,0.01782447,0.003228828,0.01781705,0.004534576,0.00231133
323,63.30304,0.1950263,1.417e-06,0.07695754,0.002820912,0.06616989,0.003145411,0.01805047,0.003262162,0.01775189,0.00454066,0.002325913
324,63.49807,0.1956226,1.333e-06,0.07667538,0.003553994,0.06604873,0.003109578,0.01846497,0.003163495,0.0177533,0.00453966,0.002312163
325,63.69369,0.1953798,1.334e-06,0.07690829,0.003871744,0.06557181,0.003110078,0.01806839,0.003103161,0.01788872,0.004537493,0.002318746
326,63.88907,0.1967415,1.333e-06,0.07760137,0.003868911,0.06605481,0.003383995,0.01806164,0.003131745,0.01777205,0.004551743,0.002313913
327,64.08581,0.1968063,1.25e-06,0.07767471,0.003873827,0.06619689,0.003235744,0.01808247,0.003109245,0.01775697,0.004533909,0.002341247
328,64.28262,0.1959537,1.25e-06,0.07721829,0.003858827,0.06579789,0.003110245,0.01801864,0.003135079,0.01792905,0.004557242,0.002327163
329,64.47857,0.1959931,1.167e-06,0.07686554,0.003872077,0.06610289,0.003159828,0.01804364,0.003289744,0.01776397,0.004559576,0.002334663
330,64.67457,0.1959286,1.333e-06,0.07776346,0.003876744,0.06549773,0.003109828,0.01788689,0.003135661,0.01780322,0.004534993,0.002318746
331,64.87049,0.1960603,1.167e-06,0.07703512,0.003872577,0.06591381,0.003149078,0.01804447,0.003291328,0.0178783,0.00455166,0.002322746
332,65.06656,0.1945535,1.333e-06,0.07707638,0.002785995,0.06596531,0.003108245,0.01778122,0.003230245,0.01775897,0.004534326,0.002311496
333,65.26111,0.1972733,1.334e-06,0.07773537,0.004158827,0.06618339,0.003163995,0.01818572,0.003130828,0.0178488,0.004539243,0.002325746
334,65.45838,0.1953578,1.25e-06,0.07695987,0.003222078,0.06610081,0.003123245,0.01803764,0.003144745,0.01789722,0.004541243,0.002329663
335,65.65374,0.1960881,1.417e-06,0.07714904,0.00431941,0.06550414,0.003110579,0.01783655,0.003416161,0.01778322,0.004655076,0.002312496
336,65.84983,0.1967936,1.417e-06,0.07771454,0.003871077,0.06611523,0.003085078,0.0180743,0.003264245,0.01779922,0.004539076,0.002329413
337,66.04662,0.1965102,1.167e-06,0.07715062,0.003895161,0.06631514,0.003150828,0.01779922,0.003434245,0.01778597,0.004641742,0.00233608
338,66.24313,0.1961706,1.25e-06,0.07713912,0.003965161,0.06598114,0.003098245,0.01807247,0.003132328,0.01779305,0.004657242,0.00233058
339,66.4393,0.1962175,1.417e-06,0.07753012,0.003896994,0.06603814,0.003109829,0.01788497,0.003122495,0.0177673,0.004538326,0.002327913
340,66.63552,0.195822,1.25e-06,0.07719021,0.003203245,0.06615039,0.003089412,0.01808597,0.003451077,0.01778122,0.004543743,0.002325496
341,66.83134,0.1968556,1.417e-06,0.07717479,0.00424116,0.06617864,0.003147994,0.01778939,0.003546494,0.01779264,0.004665409,0.002317663
342,67.0282,0.2010458,1.25e-06,0.0815082,0.00420266,0.06624439,0.003279828,0.01806972,0.003134161,0.01776097,0.004537492,0.00230708
343,67.22924,0.1964079,1.5e-06,0.07706596,0.003827244,0.06638556,0.003112662,0.01808339,0.003219662,0.01785105,0.004543576,0.002317329
344,67.42565,0.1964496,1.333e-06,0.07736754,0.003963827,0.06599598,0.003119828,0.01813239,0.003251244,0.01774339,0.004547576,0.002326496
345,67.6221,0.1966423,1.084e-06,0.07817479,0.003169412,0.06619264,0.003149162,0.01804205,0.003275328,0.0177553,0.004544743,0.002337829
346,67.81874,0.1960008,1.083e-06,0.07717804,0.004250076,0.06550564,0.003091078,0.0180883,0.003261328,0.01777564,0.004538992,0.00231058
347,68.01474,0.1960601,1e-06,0.07704321,0.00385991,0.06640481,0.003124578,0.01786781,0.003117828,0.0177758,0.004546159,0.002318996
348,68.2108,0.196721,1e-06,0.07766596,0.004341493,0.06564964,0.003245161,0.01804272,0.003162745,0.01775364,0.004540326,0.00231833
349,68.40752,0.1961109,1.25e-06,0.07687654,0.00396466,0.06615989,0.003151578,0.01777997,0.003424745,0.01777614,0.004655076,0.00232108
350,68.60364,0.195863,1.167e-06,0.07728229,0.003212912,0.06627347,0.003103745,0.0180693,0.003253661,0.01778497,0.004545242,0.002336246
351,68.7995,0.1966303,1.583e-06,0.07772254,0.004236493,0.06577881,0.003240162,0.01792805,0.003111245,0.01774689,0.004548076,0.002316497
352,68.99613,0.1954056,1.334e-06,0.07702904,0.003185245,0.06614748,0.003090245,0.01807339,0.003234245,0.01779272,0.004541659,0.002310246
353,69.19153,0.1951994,1.25e-06,0.07698162,0.003231995,0.06622198,0.003108079,0.0177883,0.003123828,0.01787714,0.004547826,0.002317413
354,69.38673,0.1964117,1.25e-06,0.07764046,0.003213495,0.06642706,0.003083329,0.01809122,0.003264162,0.01781814,0.004534576,0.002337997
355,69.58315,0.1959184,1.167e-06,0.07678879,0.003866994,0.06642039,0.003123328,0.0178658,0.003104495,0.01775272,0.004549076,0.002445663
356,69.77906,0.1962334,1.333e-06,0.07723054,0.003907244,0.06635364,0.003081745,0.01777922,0.003251162,0.01776189,0.004541493,0.002325163
357,69.9753,0.1964158,1.333e-06,0.07750246,0.003911744,0.06619089,0.003124745,0.01795622,0.003100412,0.01775447,0.004552409,0.00232108
358,70.17171,0.1964258,1.25e-06,0.07737379,0.003823577,0.06617198,0.003097495,0.01807914,0.003255995,0.01775764,0.004544076,0.002320913
359,70.36814,0.1958992,1.25e-06,0.07697613,0.004460743,0.06571889,0.003128578,0.01787847,0.003105495,0.01777655,0.004535159,0.002317913
360,70.56404,0.1963813,1.334e-06,0.07751071,0.003866411,0.06626422,0.003113245,0.01775272,0.003241995,0.01775497,0.004555909,0.00231983
361,70.76042,0.1955733,1.667e-06,0.07667987,0.003865744,0.06612764,0.003116912,0.01806747,0.003109745,0.0177513,0.004530826,0.002322163
362,70.95599,0.1954705,1.166e-06,0.07685304,0.00389291,0.06552831,0.003109161,0.0180843,0.003124745,0.01801389,0.004531826,0.002331163
363,71.15146,0.1967196,1.333e-06,0.07766179,0.003876661,0.06618031,0.003245828,0.01776414,0.003119495,0.01800764,0.004547743,0.002314663
364,71.34818,0.1958158,1.25e-06,0.07676696,0.003858327,0.06614439,0.003107828,0.01806014,0.003244994,0.01778764,0.004533659,0.002310663
365,71.544,0.1959593,1.333e-06,0.07712171,0.004040827,0.06602339,0.003115078,0.0177928,0.003239912,0.0177473,0.00455716,0.002319746
366,71.73996,0.196595,1.417e-06,0.07747421,0.003950411,0.06612914,0.003488244,0.01780972,0.003124829,0.01776864,0.004534075,0.00231433
367,71.93655,0.1942849,1.25e-06,0.07655104,0.002760745,0.06624706,0.003125412,0.01786197,0.003124328,0.01774572,0.004552993,0.002314413
368,72.13084,0.1963049,1.25e-06,0.07736962,0.003208662,0.06633381,0.003517994,0.01780139,0.003135495,0.01777105,0.004843492,0.002322163
369,72.32714,0.1955617,1.333e-06,0.07733754,0.003205328,0.06629648,0.003093745,0.01788539,0.003126912,0.0177423,0.00454241,0.002330246
370,72.52271,0.1960592,1.666e-06,0.07693629,0.003840911,0.06620347,0.003121329,0.0180688,0.003247579,0.01778347,0.004539492,0.002316163
371,72.71876,0.1965624,1.167e-06,0.07767396,0.004456743,0.06570498,0.003205912,0.01776139,0.003114829,0.01777672,0.004535159,0.00233158
372,72.91533,0.1970966,1.25e-06,0.07789671,0.003837911,0.06625597,0.003217162,0.0180773,0.003137661,0.01779364,0.004554159,0.00232483
373,73.11242,0.1961921,1.416e-06,0.07694346,0.003517911,0.06595814,0.003116912,0.01782072,0.003239412,0.01871622,0.004547243,0.002330663
374,73.30862,0.1965591,1.25e-06,0.07716746,0.003942494,0.06630314,0.003111578,0.01808497,0.003158828,0.01775639,0.004715326,0.002317662
375,73.50517,0.1965042,1.167e-06,0.07732396,0.003915911,0.06640956,0.003223661,0.01791122,0.003113911,0.01775289,0.004537243,0.002314663
376,73.70168,0.1952356,1.333e-06,0.07698721,0.002811078,0.06628306,0.003113162,0.01807864,0.003162828,0.01786822,0.004547576,0.002382497
377,73.89691,0.196785,1.166e-06,0.07742837,0.003914327,0.06630264,0.003210411,0.01813614,0.003152078,0.01776331,0.004538826,0.002337746
378,74.0937,0.1959843,1.25e-06,0.07769562,0.002766829,0.06636281,0.003119828,0.01807189,0.003248745,0.0178523,0.004541243,0.00232383
379,74.28968,0.1965733,1.5e-06,0.07756587,0.00425316,0.06562473,0.003114745,0.01785297,0.003244328,0.01802797,0.004579075,0.002308997
380,74.48626,0.1966692,1.25e-06,0.07725196,0.003856661,0.06641123,0.003113662,0.01806564,0.003249745,0.01774272,0.004665742,0.00231058
381,74.68293,0.1970069,1.666e-06,0.07766279,0.004078326,0.06608689,0.003242328,0.01801522,0.003124661,0.0178838,0.004536659,0.002374579
382,74.87993,0.1960469,1.417e-06,0.07676929,0.003895743,0.06607148,0.003116329,0.01820997,0.003282495,0.01779589,0.00457141,0.002332913
383,75.07598,0.1945429,1.25e-06,0.07662229,0.002848746,0.06604164,0.003394412,0.01778064,0.003136995,0.01786439,0.004537826,0.002314663
384,75.27052,0.1965834,1.166e-06,0.07780962,0.003177328,0.06630756,0.003115328,0.01782047,0.003124162,0.01822122,0.00453691,0.002469662
385,75.46711,0.1969896,1.167e-06,0.07711296,0.004703826,0.06570306,0.003207494,0.01782422,0.003250745,0.01811747,0.004750992,0.002317663
386,75.6641,0.1963858,1.084e-06,0.07725979,0.00384891,0.06621573,0.003131328,0.01798647,0.003265078,0.01781897,0.004534909,0.002323496
387,75.86048,0.1956713,1.5e-06,0.07732137,0.002726912,0.06638431,0.003114495,0.01807514,0.003113412,0.01792897,0.004677743,0.002327413
388,76.05615,0.195762,1.333e-06,0.07663721,0.003992077,0.06590123,0.003112912,0.01821139,0.003185578,0.01783305,0.004574243,0.002312996
389,76.25191,0.1962864,1.5e-06,0.07706937,0.003860827,0.06637006,0.003112245,0.0180618,0.003223494,0.01773489,0.00453766,0.002314579
390,76.4482,0.1963557,1.333e-06,0.07772662,0.003895827,0.06558789,0.003121995,0.01807189,0.003248078,0.01784889,0.00453741,0.002315746
391,76.64456,0.1961913,1.417e-06,0.07690537,0.00385491,0.06608439,0.003149911,0.01803497,0.003275078,0.01781772,0.004631409,0.00243608
392,76.84075,0.196538,1.333e-06,0.07720304,0.004248327,0.06615339,0.003240995,0.01782514,0.003143079,0.01786389,0.00453166,0.002327162
393,77.03729,0.1969026,1.5e-06,0.07753454,0.00459766,0.06565431,0.003163578,0.01806264,0.003212995,0.01782389,0.004533909,0.002317579
394,77.23419,0.1968683,1.25e-06,0.07706821,0.003977494,0.06670922,0.003109162,0.01813522,0.003121744,0.01777922,0.004661909,0.002304829
395,77.43106,0.1963925,1.333e-06,0.07714438,0.00383666,0.06629298,0.003400495,0.01779747,0.003224411,0.0178293,0.004542576,0.002322913
396,77.62745,0.1974393,1.75e-06,0.07798129,0.003922911,0.06634914,0.003271745,0.0180808,0.003133995,0.01782872,0.004535576,0.00233333
397,77.82489,0.1972762,1.083e-06,0.07802204,0.003891077,0.06623681,0.003115995,0.01779997,0.003581577,0.01778081,0.004534076,0.002312746
398,78.02217,0.1953343,1.166e-06,0.07706529,0.002868912,0.06619089,0.003114662,0.01819414,0.003130412,0.0177868,0.004654659,0.002327413
399,78.2175,0.1969072,1.167e-06,0.07750621,0.003776744,0.06629789,0.003111828,0.01812114,0.003234578,0.01781314,0.004728825,0.002315663
400,78.41441,0.1950818,1.25e-06,0.07718887,0.002775079,0.06602473,0.003104245,0.01806864,0.003107829,0.01788264,0.00454116,0.002387412
401,78.60949,0.1950768,1.5e-06,0.07700137,0.002830412,0.06596948,0.003272412,0.01806397,0.003138745,0.01787172,0.004596493,0.002330746
402,78.80457,0.1961966,1.25e-06,0.07756771,0.003899744,0.06598123,0.003110995,0.0179343,0.003121078,0.01774905,0.004538576,0.002292663
403,79.00076,0.1962198,1.167e-06,0.07702087,0.003895911,0.06619598,0.003391245,0.0177993,0.003218745,0.01776639,0.004543742,0.002386497
404,79.19698,0.1957264,1.25e-06,0.07728429,0.003921077,0.06568814,0.003129828,0.01793964,0.003134078,0.01777064,0.004533576,0.002323913
405,79.39271,0.1973008,1.417e-06,0.07758954,0.004445409,0.06596281,0.003240662,0.01806514,0.003100328,0.01802389,0.004533659,0.002337913
406,79.59001,0.1958859,1.5e-06,0.07691729,0.004457159,0.06563139,0.003212078,0.0179273,0.003127411,0.0177623,0.004533659,0.00231583
407,79.78589,0.1959373,1.25e-06,0.07695488,0.00386616,0.06599248,0.003120328,0.0180743,0.003243661,0.0178248,0.004548825,0.002310663
408,79.98183,0.1970757,1.75e-06,0.07787546,0.003924493,0.06612281,0.003220328,0.01806605,0.003143161,0.01782739,0.004539742,0.002354497
409,80.17891,0.1946448,1.333e-06,0.07675688,0.002786662,0.06605914,0.003148412,0.01806105,0.003227495,0.01775072,0.004551659,0.002301413
410,80.37355,0.2003976,1.5e-06,0.07754037,0.003229578,0.06970597,0.003502161,0.01834647,0.003215245,0.01782064,0.004578076,0.002457579
411,80.57395,0.1969291,1.5e-06,0.07781779,0.004278743,0.06561056,0.003516078,0.0178553,0.003111245,0.01776097,0.004544659,0.002432246
412,80.77088,0.1961478,1.5e-06,0.07706721,0.00387941,0.06611506,0.003086828,0.01813539,0.003258411,0.01775464,0.004534993,0.002314413
413,80.96703,0.1961166,1.417e-06,0.07737879,0.003955743,0.06558214,0.003156244,0.01778797,0.003530495,0.01778664,0.00453741,0.002399746
414,81.16314,0.2004211,1.25e-06,0.08136812,0.003890661,0.06605173,0.003146161,0.0182138,0.003142412,0.01776064,0.004538993,0.00230733
415,81.36356,0.1965638,1.334e-06,0.07674146,0.00396541,0.06609814,0.003151245,0.01858122,0.003239494,0.01775747,0.004724075,0.002303996
416,81.56013,0.1962854,1.333e-06,0.07704213,0.003953494,0.06612031,0.003179245,0.01812739,0.003260745,0.01774747,0.004538742,0.00231458
417,81.75641,0.1957253,1.334e-06,0.07739662,0.003865577,0.06567173,0.003126744,0.01787764,0.003109578,0.01775781,0.004534576,0.002383663
418,81.95214,0.1967543,1.584e-06,0.07703262,0.004905409,0.06568364,0.003265745,0.01809589,0.003161828,0.01775522,0.004534409,0.002317913
419,82.14889,0.1964933,1.5e-06,0.07721204,0.004021744,0.06613289,0.003150745,0.01803264,0.003151162,0.01783005,0.004652159,0.00230833
420,82.34539,0.1960456,1.25e-06,0.07758029,0.003559827,0.06605948,0.003091995,0.01774589,0.003254495,0.0178138,0.004611909,0.002326663
421,82.54143,0.1957163,1.25e-06,0.07745546,0.003190245,0.06597006,0.003112161,0.0180698,0.003099412,0.01792964,0.004582243,0.002306079
422,82.73715,0.1970191,1.333e-06,0.07787271,0.00382866,0.06610139,0.003231328,0.01806814,0.003323661,0.01775064,0.004536576,0.002304663
423,82.93417,0.1960634,1.333e-06,0.07765471,0.003184912,0.06607598,0.003148161,0.01813039,0.003232328,0.0177803,0.004542409,0.002312913
424,83.13023,0.1964706,1.25e-06,0.07720496,0.003919077,0.06623589,0.003206828,0.01806814,0.003155912,0.01781964,0.004535242,0.002323663
425,83.3267,0.1955402,1.166e-06,0.07737787,0.003415661,0.06564914,0.003120578,0.01803489,0.003106495,0.01782155,0.004686826,0.002325996
426,83.52224,0.1965213,1.167e-06,0.07745179,0.00396066,0.06602081,0.003367328,0.01785014,0.003242744,0.01775922,0.004544076,0.002323412
427,83.71876,0.1944915,1.333e-06,0.07674162,0.002766663,0.06600514,0.003120662,0.01792139,0.003109745,0.0179808,0.004532825,0.00231133
428,83.91326,0.1963709,1.25e-06,0.07729171,0.003939911,0.06613081,0.003366911,0.01778122,0.003254995,0.0177443,0.004538243,0.002321579
429,84.10963,0.1951955,1.166e-06,0.07752346,0.002755079,0.06608881,0.003127328,0.01776714,0.003233245,0.01775489,0.004616826,0.00232758
430,84.30482,0.1961312,1.25e-06,0.07704487,0.003871243,0.06607198,0.003088829,0.0181448,0.003250578,0.01778722,0.00454191,0.002328496
431,84.50095,0.1962549,1.417e-06,0.07757221,0.003822244,0.06608481,0.003110745,0.0177563,0.003225745,0.01782647,0.004543409,0.00231158
432,84.69721,0.19665,1.167e-06,0.07764837,0.004320743,0.06554564,0.003089829,0.01808055,0.003288244,0.01774522,0.004614493,0.002315746
433,84.89386,0.1965969,1.333e-06,0.07715829,0.003909577,0.06614681,0.003112245,0.01821139,0.003255661,0.01795964,0.004533326,0.002308662
434,85.09045,0.1954926,1.25e-06,0.07730713,0.002913245,0.06602514,0.003129745,0.01806747,0.003128078,0.01787806,0.004722242,0.002320246
435,85.28595,0.1957383,1.166e-06,0.07774087,0.003160828,0.06604631,0.003110245,0.01775839,0.003254412,0.0177513,0.004599826,0.002314996
436,85.48169,0.1951941,1.333e-06,0.07689862,0.002770662,0.06672048,0.003112328,0.01795505,0.003121412,0.01775455,0.00454766,0.002311996
437,85.67688,0.1957198,1.333e-06,0.07710829,0.00425666,0.06558081,0.003106578,0.01776356,0.003246828,0.0178198,0.004537076,0.00229883
438,85.8726,0.1970809,1.167e-06,0.07809729,0.003845078,0.06601773,0.003231244,0.01805089,0.003153411,0.01778864,0.004569742,0.002325747
439,86.06968,0.1947385,1.25e-06,0.07687637,0.002758162,0.06596014,0.003119078,0.01806839,0.003253411,0.01776014,0.004533909,0.002407663
440,86.26442,0.1959463,1.083e-06,0.07715596,0.003886994,0.06604106,0.003223245,0.01794455,0.003093579,0.01775372,0.004542242,0.002303913
441,86.46037,0.1960889,1.167e-06,0.07746287,0.003213912,0.06611364,0.003097578,0.01827555,0.003247995,0.01782022,0.004549409,0.00230658
442,86.65645,0.1957404,1.417e-06,0.07710396,0.00355841,0.06596373,0.003108661,0.01808614,0.003218829,0.01785655,0.004535492,0.002307247
443,86.85219,0.1964841,1.167e-06,0.07724979,0.00388591,0.06624806,0.003087912,0.01813439,0.003242161,0.01778122,0.004535243,0.002318246
444,87.04868,0.1956112,1.167e-06,0.07730221,0.003176328,0.06607664,0.003110162,0.01808247,0.003239078,0.01778247,0.004542493,0.002298163
445,87.24429,0.1955224,1.417e-06,0.07676346,0.00400566,0.06597073,0.003207161,0.01776014,0.003125162,0.01775297,0.004607326,0.002328412
446,87.43981,0.1962736,1.167e-06,0.07718729,0.00414391,0.06583839,0.003121245,0.01811947,0.003255578,0.01776106,0.004545909,0.00229958
447,87.63609,0.1944498,1.333e-06,0.07703704,0.002733662,0.06577506,0.003114995,0.01787689,0.003113662,0.01782539,0.004643575,0.002328163
448,87.83054,0.1954453,1.166e-06,0.07776512,0.002651079,0.06584073,0.003144745,0.01825514,0.003133328,0.01774922,0.00461491,0.002289912
449,88.02598,0.1945903,8.166e-06,0.07710871,0.002662579,0.06569739,0.003122328,0.0180783,0.003207911,0.01781405,0.004579825,0.002310997
450,88.22057,0.1952636,1.417e-06,0.07765729,0.002717496,0.06569281,0.003139578,0.01818972,0.003132412,0.0178773,0.004541743,0.002313829
451,88.41583,0.194413,1.25e-06,0.07657871,0.002760746,0.06594981,0.003109745,0.01806855,0.003130828,0.01778247,0.004718326,0.00231258
452,88.61025,0.1946137,1.416e-06,0.07707579,0.002682329,0.06575306,0.003113579,0.01823947,0.003129912,0.01777114,0.00454341,0.002303579
453,88.80486,0.1953697,1.583e-06,0.07784821,0.002682829,0.06572481,0.003261411,0.01809805,0.003151745,0.01774622,0.004533826,0.002320996
454,89.00023,0.1948745,1.25e-06,0.07729862,0.002769829,0.06568639,0.003090162,0.01782447,0.003135328,0.01809764,0.004660409,0.002310413
455,89.19511,0.1950768,1.083e-06,0.07732662,0.002709578,0.06593081,0.003118745,0.01817905,0.003155995,0.01775764,0.00454666,0.002350579
456,89.39018,0.1956113,1.167e-06,0.07797512,0.002689246,0.06582848,0.003104912,0.01813497,0.003128495,0.01789589,0.004535909,0.002317079
457,89.58579,0.1953775,1.417e-06,0.07723746,0.002665829,0.06629939,0.003103578,0.01820972,0.003139828,0.01782139,0.004576826,0.002322079
458,89.78117,0.1950373,1.167e-06,0.07759112,0.002665579,0.06562098,0.003341078,0.01797172,0.003186328,0.01776939,0.004579909,0.002309996
459,89.97621,0.1958804,1.25e-06,0.07814262,0.002680329,0.06590398,0.003114329,0.01799314,0.003100078,0.01805514,0.004542576,0.002346996
460,90.17209,0.1964961,1.334e-06,0.07733854,0.004247244,0.06570939,0.003214661,0.0180868,0.003119912,0.01783614,0.004540576,0.002401496
461,90.36859,0.1968333,1.416e-06,0.07740196,0.003918327,0.06621214,0.003108662,0.01808789,0.003279161,0.01791797,0.004580243,0.002325579
462,90.56542,0.1967052,1.25e-06,0.07758162,0.00387941,0.06612823,0.003107495,0.01817139,0.003217662,0.01775305,0.004545659,0.002319413
463,90.76212,0.1955319,1.333e-06,0.07711487,0.003260078,0.06604556,0.003261078,0.01804472,0.003145245,0.01782247,0.00453591,0.002300663
464,90.95766,0.1964471,1.666e-06,0.07725521,0.004309243,0.06571098,0.003157828,0.01803922,0.003290662,0.0178193,0.004539576,0.002323413
465,91.1541,0.2015743,1.333e-06,0.08253353,0.004219326,0.06560789,0.003109245,0.01808105,0.003123079,0.0178228,0.004647909,0.002428163
466,91.35568,0.1953221,1.25e-06,0.07744321,0.002822912,0.06589773,0.003336995,0.01779847,0.003276828,0.01779222,0.004639576,0.002312913
467,91.551,0.1963246,1.167e-06,0.07702821,0.00385991,0.06629989,0.003120829,0.01814047,0.003258995,0.01775055,0.004544993,0.002319579
468,91.74732,0.1960881,1.417e-06,0.07774521,0.002805912,0.06616839,0.003101078,0.01806214,0.003251911,0.0180343,0.004610326,0.002307413
469,91.94341,0.1963951,1.5e-06,0.07696738,0.003855494,0.06626748,0.003405828,0.01784297,0.003231995,0.01795689,0.004537076,0.002328496
470,92.13981,0.1970917,1.333e-06,0.07760237,0.003951577,0.06638197,0.003128662,0.01813905,0.003136828,0.01782372,0.004603159,0.002322996
471,92.3369,0.1969224,1.25e-06,0.07766546,0.003629494,0.06647548,0.003114912,0.01802297,0.003242495,0.01781214,0.004633159,0.00232508
472,92.53382,0.1959478,1.5e-06,0.07735954,0.003270661,0.06634848,0.003191829,0.01782422,0.003229744,0.01786806,0.004546242,0.00230758
473,92.72977,0.1967099,1.333e-06,0.07766462,0.003845077,0.06610906,0.003119745,0.01823014,0.003129578,0.01775381,0.004540242,0.00231633
474,92.92648,0.1971678,1.334e-06,0.07844071,0.003206994,0.06635764,0.003157579,0.01803664,0.003281661,0.01782706,0.004535326,0.002322829
475,93.12365,0.1966962,1.333e-06,0.07701012,0.004597242,0.06582123,0.003089495,0.01814689,0.003241744,0.01779247,0.004533992,0.002461663
476,93.32034,0.1961036,1.166e-06,0.07746571,0.003206911,0.06626173,0.003111245,0.01808689,0.003159328,0.01796305,0.004531243,0.00231633
477,93.51645,0.1916735,1.167e-06,0.0737333,0.003187828,0.06595898,0.003103828,0.01772672,0.003429245,0.01767255,0.004541576,0.00231833
478,93.70812,0.1952075,1.167e-06,0.07527271,0.003936576,0.06686014,0.003097578,0.01808622,0.003129911,0.01784905,0.004656243,0.002317913
479,93.90333,0.1937049,1.417e-06,0.07551779,0.002814495,0.06620139,0.003125578,0.0178333,0.003113829,0.01807455,0.004718492,0.002303996
480,94.09703,0.1955317,1.417e-06,0.07608463,0.003860494,0.06645931,0.003116412,0.01824072,0.003101578,0.01779172,0.004537242,0.002338163
481,94.29256,0.1921182,1.417e-06,0.07413513,0.003190662,0.06596706,0.003106329,0.01771814,0.003137328,0.01797647,0.004573575,0.00231208
482,94.48468,0.1936623,1.333e-06,0.07464871,0.00387091,0.06595698,0.003123078,0.0180853,0.003136495,0.01789539,0.004620993,0.002323079
483,94.67834,0.1950653,1.334e-06,0.07566096,0.00396966,0.06628948,0.003114495,0.01813714,0.003139912,0.01788639,0.004547409,0.00231858
484,94.87341,0.1915591,1.333e-06,0.07417605,0.002766412,0.06583681,0.003148745,0.01768706,0.003359994,0.01772064,0.004541409,0.002320663
485,95.06497,0.1940634,1.333e-06,0.07500188,0.004121494,0.06570731,0.003137161,0.01807947,0.003291161,0.0178178,0.004535326,0.002370497
486,95.25903,0.1947647,1.416e-06,0.07557088,0.003857993,0.06648881,0.003116911,0.01784264,0.003249162,0.01775905,0.004553993,0.002323829
487,95.4538,0.1943641,1.583e-06,0.07536671,0.003322495,0.06642189,0.003111745,0.01791222,0.003410495,0.01784555,0.004652493,0.002318913
488,95.64816,0.1947035,1.25e-06,0.07527104,0.00396816,0.06630964,0.003127745,0.01808597,0.003109828,0.01778314,0.004709825,0.002336913
489,95.84286,0.1943192,1.5e-06,0.07621221,0.002774079,0.06649097,0.003142995,0.01793914,0.003123162,0.01776172,0.004532659,0.002340746
490,96.03718,0.1939216,1.417e-06,0.07455696,0.004506493,0.06573048,0.003144745,0.0180728,0.003137578,0.0177893,0.004653075,0.002328747
491,96.23111,0.1945109,1.083e-06,0.07524471,0.003834827,0.06627431,0.003121745,0.01808222,0.003117245,0.01795789,0.004555742,0.002321163
492,96.42562,0.1944039,1.167e-06,0.07584838,0.003213078,0.06615356,0.003150744,0.01802405,0.003254995,0.01782064,0.004605909,0.00233133
493,96.62002,0.1937739,1.167e-06,0.07519404,0.003229661,0.06614181,0.003389662,0.01789839,0.003136078,0.01782597,0.004634493,0.002322663
494,96.81379,0.1935935,1.25e-06,0.07454338,0.003208579,0.06638556,0.003120662,0.01845972,0.003109078,0.01789739,0.004540742,0.002327163
495,97.00739,0.1937338,1.667e-06,0.07503296,0.003264162,0.06626039,0.003113578,0.01808872,0.003147661,0.01783772,0.004650159,0.002336747
496,97.20112,0.1926965,1.167e-06,0.07481121,0.002767329,0.06596806,0.003399744,0.01779739,0.003131411,0.01787897,0.004603159,0.00233808
497,97.39382,0.1939699,1.75e-06,0.07458671,0.003998494,0.06625706,0.003112578,0.01813355,0.003110745,0.01777922,0.004663659,0.00232608
498,97.58779,0.1933735,1.167e-06,0.07519038,0.002861995,0.06614339,0.003125829,0.01814214,0.003242494,0.01779272,0.004537575,0.00233583
499,97.78116,0,0,0,0,0,0,0,0,0,0,0

Averages:
0.1955623,1.34184e-06,0.07685457,0.003634642,0.06600253,0.00316283,0.01798395,0.003194966,0.01782106,0.004565643,0.002340791
