OpenCV version: 2.4
Usage: 7-SobelDerivatives <input-number> [<samples>]
input-number - is the video device number. Defaults to zero. E.g. for /dev/video2 just use '2' as argument.
samples - number of samples before application ends. Defaults to 1000; zero means infinite.
sample_number,elapsed_time,frame,mat_alloc,read_img,gpumat_alloc,gpu_frame_upload,convert_color,gaussian_blur,sobel,convert_scale,sobel2,convert_scale2,add_weighted,gpu_frame_download,show_img
0,0,0.1586266,4.167e-06,0.07427063,9.17e-07,0.01004015,0.02505529,0.01063273,0.008069321,0.003711994,0.008154486,0.003593328,0.002281996,0.005062992,0.007748571
1,0.1586266,0.158791,1.083e-06,0.07510646,1.083e-06,0.01741197,0.007817237,0.02754879,0.007461155,0.003294578,0.007172238,0.003400995,0.001909163,0.003670495,0.003995743
2,0.3174176,0.1439567,2.25e-06,0.07768371,1.166e-06,0.008094904,0.005729074,0.01583372,0.01293148,0.003831743,0.007075989,0.00385191,0.004148744,0.002457662,0.00231433
3,0.4613743,0.1324439,1.667e-06,0.07227163,1.084e-06,0.008412486,0.005699157,0.01157415,0.009692568,0.00400166,0.009478485,0.003711077,0.002643996,0.002469663,0.002486246
4,0.5938181,0.1743134,1.083e-06,0.09824809,2.417e-06,0.008672236,0.0105064,0.02233705,0.007477488,0.003111328,0.01112815,0.004088994,0.002053663,0.003199995,0.003486494
5,0.7681315,0.1375066,1.25e-06,0.07691954,1.083e-06,0.008054487,0.009861317,0.01420673,0.007373155,0.003433661,0.007440572,0.003421661,0.002096246,0.002367997,0.002328913
6,0.9056381,0.1439614,1.333e-06,0.07723071,1.25e-06,0.007487571,0.009994817,0.02052722,0.007593405,0.003139161,0.007596821,0.003121662,0.001864914,0.003060495,0.002342079
7,1.0496,0.1497933,1.583e-06,0.07556446,1.166e-06,0.007637571,0.009949234,0.02052872,0.01574014,0.003514828,0.007261988,0.003160412,0.001851914,0.002237663,0.002343663
8,1.199393,0.1592714,1.334e-06,0.07582879,8.34e-07,0.008416403,0.007228071,0.0206653,0.01574731,0.005712574,0.01560189,0.003567161,0.001851247,0.002304413,0.002346079
9,1.358664,0.182384,1.083e-06,0.08395653,8.34e-07,0.00777182,0.007501738,0.02514846,0.02431896,0.009206401,0.007503405,0.007605071,0.001827664,0.002251246,0.005290742
10,1.541048,0.1497543,1.083e-06,0.07591471,1.083e-06,0.007344239,0.009954567,0.0205188,0.01567839,0.003490327,0.007255322,0.003173911,0.001856331,0.00222333,0.002342246
11,1.690803,0.1599659,1.334e-06,0.07743812,1.167e-06,0.007632321,0.007241905,0.02062597,0.01566731,0.005742074,0.01557048,0.003543578,0.001798497,0.002224663,0.002478496
12,1.850769,0.1588856,1.083e-06,0.07779954,1e-06,0.007451655,0.007267988,0.01812322,0.01567389,0.005716574,0.01554889,0.004718326,0.001857997,0.002256163,0.002469246
13,2.009654,0.1538367,1.583e-06,0.07615113,9.16e-07,0.008331403,0.01000782,0.02052905,0.01572914,0.006149074,0.007281238,0.003146411,0.001868081,0.002219329,0.002421497
14,2.163491,0.1864556,1.25e-06,0.09813826,1.083e-06,0.01340114,0.01021398,0.02859145,0.01022082,0.004610576,0.0110674,0.003121912,0.00183658,0.002901912,0.002349246
15,2.349946,0.1521029,1.5e-06,0.07497505,8.34e-07,0.009877984,0.003702494,0.01497956,0.01585197,0.005740408,0.01573456,0.004780075,0.001879581,0.002243163,0.002335746
16,2.502049,0.1550155,1.417e-06,0.0738483,1.084e-06,0.007545821,0.007251738,0.01814414,0.01571206,0.005745408,0.01557681,0.004641909,0.001814914,0.002233163,0.002498746
17,2.657065,0.1407903,1.083e-06,0.07505438,1e-06,0.007522321,0.009975234,0.02054922,0.007484405,0.003140995,0.007327655,0.003172161,0.001841664,0.00223458,0.002485579
18,2.797855,0.1637352,1.166e-06,0.07536463,1e-06,0.008296236,0.01622772,0.03400353,0.008315653,0.003391078,0.007975404,0.003335828,0.002045663,0.002273663,0.002503579
19,2.96159,0.1639892,1.25e-06,0.07602963,1.084e-06,0.007738404,0.01642806,0.03404969,0.00831832,0.003368578,0.007993487,0.003366244,0.002010497,0.002244247,0.002439662
20,3.125579,0.1485778,1.167e-06,0.0743643,1e-06,0.007427404,0.01001373,0.02054163,0.01580022,0.003509245,0.007304321,0.003177828,0.001855164,0.002249497,0.002332246
21,3.274157,0.1498918,1.416e-06,0.07545463,1.333e-06,0.007700737,0.009994984,0.02053013,0.01581522,0.003464078,0.007268988,0.003132079,0.00182408,0.002298996,0.002405163
22,3.424049,0.1412509,1.334e-06,0.07486555,1e-06,0.008430153,0.009793567,0.02054913,0.007494988,0.003152495,0.007320321,0.003164495,0.00186383,0.002270663,0.002343413
23,3.5653,0.1517491,1.333e-06,0.07503196,9.17e-07,0.008576819,0.0101609,0.02053022,0.01595606,0.003479411,0.007630155,0.003836993,0.001874664,0.002277996,0.002391663
24,3.717049,0.1425806,1.167e-06,0.07482496,1.166e-06,0.008416403,0.007239572,0.01495048,0.01164773,0.00442066,0.01151915,0.003258994,0.001711581,0.002283663,0.00230508
25,3.85963,0.1513194,1.666e-06,0.07511338,1e-06,0.009420318,0.009978401,0.02049697,0.01578764,0.003445995,0.007302405,0.003177828,0.001842247,0.002279496,0.002472079
26,4.010949,0.1345894,1.666e-06,0.07655929,9.17e-07,0.008006487,0.005782658,0.01160856,0.009353902,0.003710244,0.009251485,0.004073493,0.001628998,0.002266329,0.00234533
27,4.145538,0.1353579,1e-06,0.07604713,8.33e-07,0.007633821,0.007258738,0.01477014,0.009028736,0.002995745,0.007573821,0.003072412,0.001762414,0.002865078,0.002347996
28,4.280896,0.1513496,1.417e-06,0.07432838,1e-06,0.009455235,0.009949817,0.02048122,0.01587556,0.003431078,0.007349404,0.003829578,0.00186383,0.002343163,0.002439913
29,4.432246,0.1513696,1.166e-06,0.07626788,1e-06,0.007655988,0.01079223,0.0204928,0.01576272,0.003449911,0.007264655,0.003157411,0.001841414,0.00223433,0.002448079
30,4.583615,0.1510213,1.333e-06,0.07674263,1e-06,0.007548738,0.009984234,0.02049855,0.01580739,0.003588078,0.007284072,0.003140911,0.00186458,0.00220483,0.002354913
31,4.734637,0.1444599,1.5e-06,0.07619746,8.33e-07,0.009014485,0.007453738,0.01478364,0.01154515,0.004420826,0.01150057,0.003245912,0.001727497,0.00221658,0.002351662
32,4.879097,0.1371533,1.167e-06,0.07706979,1e-06,0.00848507,0.003324328,0.006735822,0.01220281,0.004427243,0.01179506,0.004435826,0.002921745,0.002419413,0.003333995
33,5.01625,0.1391371,1.417e-06,0.07259497,9.16e-07,0.01247998,0.007290989,0.01481206,0.01161231,0.00398966,0.006838739,0.003040662,0.001743913,0.00225883,0.002472663
34,5.155387,0.1517267,1.167e-06,0.0749793,8.34e-07,0.008245736,0.009775068,0.02054413,0.01574256,0.003535495,0.007383321,0.003173828,0.001882914,0.003857494,0.002604829
35,5.307114,0.1470447,1.167e-06,0.0724968,9.99e-07,0.008015404,0.009805984,0.0205458,0.01576972,0.003528245,0.007283654,0.003158829,0.00186233,0.00224633,0.002329413
36,5.454158,0.142241,1.083e-06,0.07465538,1e-06,0.008317487,0.007262238,0.01479306,0.0116079,0.004408993,0.01149556,0.003305245,0.00173083,0.002259163,0.00240308
37,5.596399,0.1610474,1.166e-06,0.07400063,1.167e-06,0.009153402,0.007357488,0.02051922,0.01585331,0.005768991,0.01613806,0.004461743,0.002900912,0.00239133,0.002499996
38,5.757447,0.1553247,1.083e-06,0.0742448,7.5e-07,0.008922819,0.004434993,0.02063022,0.01576064,0.005733824,0.01563589,0.003465578,0.00185283,0.00224733,0.002393996
39,5.912771,0.174008,1.166e-06,0.07458238,9.17e-07,0.00821582,0.01002315,0.03398044,0.02547738,0.003714911,0.00796382,0.003327078,0.00203458,0.002254747,0.002431579
40,6.086779,0.1498106,9.16e-07,0.07376855,1e-06,0.00840032,0.009783401,0.02050413,0.01575364,0.004706825,0.007293322,0.003154912,0.001865913,0.002244747,0.002332912
41,6.23659,0.1622478,1.583e-06,0.07394171,1.167e-06,0.008299486,0.01619006,0.03400203,0.008363486,0.003342162,0.00794382,0.003372245,0.002032497,0.002249579,0.002507996
42,6.398838,0.1641099,1.25e-06,0.07559321,1.25e-06,0.008120237,0.01666147,0.03399478,0.008312904,0.003360078,0.00798857,0.003363495,0.002075663,0.00222908,0.002407913
43,6.562948,0.1444262,1.5e-06,0.07534096,1.25e-06,0.007467488,0.00999165,0.02054672,0.0110654,0.003188495,0.007274071,0.003122412,0.001858247,0.002252496,0.002315497
44,6.707374,0.1633647,1.167e-06,0.07511788,1e-06,0.008013237,0.01643847,0.03397811,0.00834182,0.003315411,0.008024071,0.003355161,0.002042997,0.002235579,0.002499746
45,6.870739,0.1460486,1.167e-06,0.07593863,9.16e-07,0.007479738,0.01084115,0.02052022,0.01104557,0.003196745,0.007296738,0.003155745,0.00186358,0.002291413,0.002416996
46,7.016787,0.1656961,1.417e-06,0.07549105,8.33e-07,0.009531235,0.01668897,0.03400994,0.00828957,0.003681077,0.007967487,0.003347828,0.002041497,0.002241413,0.002403746
47,7.182483,0.1640177,1.25e-06,0.07550713,1e-06,0.008667986,0.01603906,0.03400986,0.008250403,0.003383911,0.007983737,0.003374745,0.002053913,0.002250413,0.002494246
48,7.346501,0.1631144,1.334e-06,0.0747298,1e-06,0.00792807,0.01663839,0.03402953,0.00831857,0.003363161,0.008009404,0.003398994,0.002033997,0.00224183,0.002420329
49,7.509615,0.1485758,1.167e-06,0.07424721,9.16e-07,0.007660655,0.01000415,0.0205123,0.01570598,0.003543744,0.007225989,0.003137411,0.001860831,0.002305746,0.002369663
50,7.658191,0.1486598,1.333e-06,0.07439363,8.33e-07,0.007684238,0.009971734,0.02052405,0.01574048,0.003514244,0.007224738,0.003142745,0.001866414,0.002194497,0.002400912
51,7.806851,0.1501026,1.167e-06,0.07459663,1.083e-06,0.00849207,0.009777651,0.02049005,0.01629789,0.003582328,0.007258155,0.003114245,0.001842413,0.002216163,0.002432747
52,7.956953,0.1417064,1.166e-06,0.07416588,8.33e-07,0.008256903,0.007267989,0.01480156,0.01161148,0.004411327,0.01148915,0.003302161,0.001746497,0.002299997,0.002351496
53,8.09866,0.1554766,1.417e-06,0.07410863,9.17e-07,0.00788557,0.007192072,0.01817797,0.01575239,0.005724991,0.01556581,0.004660743,0.001861413,0.002209747,0.002334913
54,8.254137,0.1566359,1.5e-06,0.07466338,1e-06,0.00829507,0.007157072,0.01815814,0.01573698,0.005754574,0.01558431,0.004648492,0.001877164,0.002256913,0.002501329
55,8.410772,0.1561453,1e-06,0.07398813,1.083e-06,0.008094654,0.007127238,0.01817622,0.01572531,0.006195073,0.01556714,0.004749492,0.001854497,0.002266497,0.002398996
56,8.566918,0.1340907,1.166e-06,0.07439021,9.16e-07,0.008701486,0.00402841,0.007460488,0.01165181,0.004377743,0.01149606,0.004405576,0.002890745,0.002343413,0.002342663
57,8.701008,0.1498503,1e-06,0.07491105,9.16e-07,0.007452572,0.01080198,0.02051305,0.01579414,0.003461994,0.007249155,0.003165995,0.00186683,0.00223333,0.002398329
58,8.850859,0.1495255,1e-06,0.07399188,1.083e-06,0.007749154,0.0108444,0.02050463,0.01600997,0.003482328,0.007292571,0.003170162,0.001841747,0.002224496,0.00241208
59,9.000384,0.1505891,1.333e-06,0.07411063,9.16e-07,0.008882403,0.009886484,0.0205073,0.01588072,0.003518745,0.007555737,0.003747328,0.00186158,0.002306246,0.002329663
60,9.150973,0.1502343,1.417e-06,0.0744043,9.17e-07,0.00815857,0.009855318,0.02055522,0.01575322,0.004671742,0.007259322,0.003152245,0.00186408,0.00221883,0.002339163
61,9.301208,0.1487415,1.083e-06,0.07422613,8.33e-07,0.007690238,0.009995233,0.02053047,0.01579739,0.003515327,0.007285822,0.003159911,0.001865664,0.002253913,0.002419496
62,9.449949,0.129234,1.416e-06,0.0743978,9.17e-07,0.008842736,0.00377791,0.007252905,0.006909156,0.004523909,0.01146223,0.00440741,0.002889079,0.002418996,0.002349496
63,9.579183,0.1467806,1.416e-06,0.07943562,7.5e-07,0.007863488,0.007274988,0.01477181,0.01167923,0.004393659,0.01153457,0.003278328,0.00173958,0.002326247,0.002480912
64,9.725964,0.1319255,1.166e-06,0.07416255,1.084e-06,0.009414401,0.003434995,0.006541489,0.01003073,0.004407993,0.01176748,0.004382743,0.002906245,0.002491496,0.002383163
65,9.857889,0.1446212,1.084e-06,0.07428605,1.083e-06,0.007492905,0.01091007,0.02050888,0.01131632,0.003213245,0.007209655,0.003193161,0.001857581,0.002201913,0.002429246
66,10.00251,0.1427014,1.5e-06,0.0746993,8.33e-07,0.008921236,0.007199571,0.01481198,0.01155306,0.004408826,0.01150048,0.003281911,0.001784664,0.00221508,0.002322913
67,10.14521,0.1576136,1.417e-06,0.07437871,8.34e-07,0.008235236,0.007353322,0.02051605,0.01572547,0.005769907,0.01560097,0.003468494,0.001855414,0.002210163,0.002497579
68,10.30283,0.1562515,1.667e-06,0.0736038,1.166e-06,0.008746986,0.007434405,0.01819055,0.01579806,0.00575099,0.01558506,0.004674409,0.001869997,0.002204413,0.002389996
69,10.45908,0.1508906,1.75e-06,0.07542146,1.166e-06,0.008318154,0.009923734,0.02049472,0.01581597,0.003514411,0.007642571,0.003244161,0.001861331,0.002237579,0.00241358
70,10.60997,0.1379703,1.834e-06,0.07385221,9.17e-07,0.01419356,0.006030657,0.01161665,0.009381235,0.00371816,0.009250985,0.003607328,0.001645081,0.002333496,0.002338163
71,10.74794,0.1557229,1.083e-06,0.07276988,1.167e-06,0.009103985,0.007251988,0.01819264,0.01581672,0.005747741,0.01557856,0.004766159,0.001868247,0.002258246,0.002366497
72,10.90366,0.1580892,1.25e-06,0.07484763,1.167e-06,0.008404486,0.007336739,0.0205343,0.01572964,0.005734908,0.01561622,0.003448411,0.001840664,0.00225758,0.002336246
73,11.06175,0.1616356,1.166e-06,0.07424288,8.33e-07,0.009458818,0.007354071,0.02051572,0.01583031,0.005741491,0.01626681,0.004445493,0.002887995,0.00238183,0.002508162
74,11.22339,0.1623766,1.25e-06,0.07420563,1.083e-06,0.008358237,0.01616614,0.03400903,0.008313569,0.003339328,0.008003154,0.003356411,0.002024331,0.002257913,0.002340496
75,11.38576,0.163482,1.333e-06,0.07468446,1.083e-06,0.008750236,0.01635389,0.03402086,0.00830657,0.003383411,0.007933738,0.003374911,0.002042163,0.00225308,0.002376246
76,11.54924,0.1630493,1.25e-06,0.07403763,1.083e-06,0.008133237,0.01667347,0.03403145,0.008744986,0.003390078,0.007990487,0.003419661,0.002050497,0.00225758,0.002317912
77,11.71229,0.1434953,1.25e-06,0.07443471,8.34e-07,0.007467071,0.009991317,0.02050147,0.01103132,0.003189828,0.007235905,0.003132245,0.001840247,0.002253163,0.002415913
78,11.85579,0.1464118,1.333e-06,0.07478705,1e-06,0.008111987,0.003803494,0.007451071,0.01585823,0.005756074,0.01560031,0.005742074,0.003913244,0.002479829,0.002906079
79,12.0022,0.139857,1.417e-06,0.07418638,1.417e-06,0.007430571,0.009980984,0.02055563,0.007516404,0.003152745,0.007258072,0.003181411,0.001846581,0.002252913,0.002492496
80,12.14206,0.1485856,1.333e-06,0.0741313,9.17e-07,0.007591571,0.0100094,0.02052713,0.01581622,0.003556161,0.007277822,0.003160828,0.001850747,0.002248996,0.002413163
81,12.29064,0.1357375,1.25e-06,0.07529796,9.17e-07,0.008105487,0.00631099,0.0115994,0.009619818,0.003753744,0.009530234,0.00391466,0.002676413,0.002554996,0.002371663
82,12.42638,0.1368434,1.334e-06,0.0742548,7.1e-05,0.008763985,0.004007744,0.007450321,0.01183106,0.004422909,0.01396964,0.004411493,0.002917329,0.002424496,0.002317246
83,12.56322,0.142696,1.583e-06,0.07440063,1.25e-06,0.008657903,0.009934317,0.02053405,0.007643238,0.003596161,0.007699988,0.003505494,0.001870414,0.002268329,0.002582663
84,12.70592,0.1626658,1.5e-06,0.07461488,1.417e-06,0.008009237,0.01638389,0.03401053,0.008226653,0.003330161,0.007959321,0.003362828,0.00202983,0.002237913,0.002497662
85,12.86859,0.1439121,1.084e-06,0.07428955,1.167e-06,0.00819582,0.009784234,0.02051338,0.01109773,0.003168245,0.007277488,0.003166745,0.001865247,0.002218913,0.002332496
86,13.0125,0.1508903,1.166e-06,0.07452138,1e-06,0.008955319,0.009903067,0.02052113,0.01658472,0.003512245,0.007237655,0.003151661,0.001872997,0.002237997,0.002389996
87,13.16339,0.1689371,1.25e-06,0.08045429,9.17e-07,0.008303903,0.01654956,0.03400044,0.008255237,0.003386661,0.007973904,0.003383328,0.002041496,0.002254747,0.002331413
88,13.33233,0.1433223,1.083e-06,0.07434888,8.33e-07,0.007432905,0.009963151,0.02053505,0.01107148,0.003181328,0.007223822,0.003149245,0.001865163,0.002220413,0.002328913
89,13.47565,0.1489998,1e-06,0.07459871,1.083e-06,0.007732655,0.009997233,0.02052538,0.01578581,0.003475744,0.007225155,0.003164995,0.00186458,0.002227164,0.002400246
90,13.62465,0.1350629,1.416e-06,0.07478963,1e-06,0.008735652,0.00404191,0.007409822,0.0118379,0.004384326,0.0117904,0.00438941,0.002963412,0.002398162,0.00231983
91,13.75971,0.1354284,1.25e-06,0.07427746,1e-06,0.007976487,0.007156988,0.01480431,0.01160931,0.003336495,0.006850155,0.003018662,0.001740164,0.00225908,0.002396996
92,13.89514,0.1336973,1.167e-06,0.07474271,7.5e-07,0.009079402,0.005725241,0.01162623,0.009530318,0.003714244,0.009267318,0.003715911,0.001631747,0.002247997,0.002414246
93,14.02884,0.1576247,1.167e-06,0.07606821,7.5e-07,0.007781571,0.007186238,0.01816889,0.01591506,0.005750907,0.01562139,0.004676326,0.001872997,0.002253496,0.002327663
94,14.18646,0.1585546,1.417e-06,0.07425213,1e-06,0.008640403,0.007135905,0.01817789,0.01575814,0.006153406,0.01557623,0.005236575,0.002890912,0.00239308,0.002337496
95,14.34502,0.1341894,1.167e-06,0.0747213,1e-06,0.009112735,0.004206493,0.008187237,0.01003657,0.00444191,0.01148223,0.004410493,0.002881412,0.002378413,0.002328413
96,14.4792,0.1509621,1.25e-06,0.07523271,8.34e-07,0.007747154,0.004251576,0.01547531,0.01574739,0.005766741,0.01560539,0.004672909,0.001870664,0.002261413,0.002328746
97,14.63017,0.1737914,1.416e-06,0.07463146,9.17e-07,0.007528654,0.01019032,0.03397578,0.02553279,0.003766577,0.007980071,0.003377244,0.002038247,0.00226183,0.002506079
98,14.80396,0.1500554,1e-06,0.07466788,1e-06,0.007662821,0.01083565,0.02051097,0.01581731,0.003497994,0.007282571,0.003183245,0.001869331,0.002322246,0.002403413
99,14.95401,0.1633468,1.334e-06,0.07496638,1e-06,0.008165737,0.01646414,0.0340477,0.00838382,0.003381911,0.007988237,0.003325911,0.002033414,0.002260913,0.002326329
100,15.11736,0.1539707,1.5e-06,0.07967479,1.083e-06,0.007741321,0.009952817,0.02051913,0.01570939,0.003541161,0.007250905,0.003167412,0.001857747,0.002245496,0.002307913
101,15.27133,0.156442,1.167e-06,0.07519721,1e-06,0.007530488,0.007195655,0.01813922,0.01576864,0.005722657,0.01560164,0.004623326,0.001850663,0.00230008,0.002510246
102,15.42777,0.1423859,1.333e-06,0.07640379,9.17e-07,0.007557738,0.00995865,0.0205163,0.007500321,0.003166161,0.007593738,0.003157578,0.001844247,0.00220633,0.00247883
103,15.57016,0.1502635,1.333e-06,0.07609613,9.16e-07,0.007613071,0.009966984,0.0205293,0.01566181,0.003563994,0.007253571,0.003164662,0.001848497,0.00221308,0.002350163
104,15.72042,0.1639195,1.334e-06,0.07615013,1.083e-06,0.007710571,0.01656556,0.03399828,0.00824882,0.003364911,0.007925904,0.003334328,0.00202858,0.002239747,0.002350246
105,15.88434,0.1646088,1.417e-06,0.07673304,9.17e-07,0.00772207,0.01664014,0.03399095,0.008227737,0.003349495,0.007931737,0.003364745,0.002044913,0.002252996,0.002348663
106,16.04895,0.1602987,1.417e-06,0.07195138,1e-06,0.008159737,0.01654889,0.03401778,0.008258904,0.003331827,0.007961738,0.003372828,0.002045413,0.002244496,0.002403246
107,16.20925,0.1441006,1.25e-06,0.07470805,1.084e-06,0.00788882,0.009924318,0.02054988,0.01103082,0.003154995,0.007288154,0.003170829,0.00187108,0.00223158,0.002279746
108,16.35335,0.1625101,1.5e-06,0.07361413,1.083e-06,0.008029071,0.01651756,0.03461869,0.008286736,0.003432911,0.007967821,0.003384244,0.00205508,0.002267747,0.002333496
109,16.51586,0.1494931,1.167e-06,0.07467463,1.084e-06,0.007417654,0.01079498,0.02049972,0.01575156,0.003483244,0.007251072,0.003111911,0.001871997,0.002315163,0.002318913
110,16.66535,0.1491608,1.333e-06,0.07472721,1e-06,0.007666737,0.009983901,0.02052788,0.01574831,0.003515161,0.007243489,0.003167494,0.001875081,0.002336329,0.002366913
111,16.81451,0.1512492,1.167e-06,0.07498655,1e-06,0.008535986,0.009774984,0.02053855,0.01571456,0.004735409,0.007283822,0.003174828,0.001853164,0.002228913,0.002420246
112,16.96576,0.1417313,1.334e-06,0.07526705,9.17e-07,0.007717404,0.004034577,0.01482481,0.01169715,0.004392326,0.01181431,0.004357327,0.002947162,0.002353079,0.00232383
113,17.10749,0.1711981,1.167e-06,0.07238438,9.16e-07,0.007796821,0.009897651,0.02832012,0.02548113,0.009317985,0.007994987,0.003373912,0.00204408,0.002260413,0.002324496
114,17.27869,0.1633796,1e-06,0.07489421,1e-06,0.00819882,0.01635072,0.03400636,0.00831207,0.003360078,0.008006653,0.003391245,0.002059497,0.002340329,0.00245758
115,17.44207,0.140548,1.25e-06,0.07487871,1.083e-06,0.007494488,0.009959484,0.02052905,0.007458655,0.003131745,0.007292988,0.003178578,0.001859081,0.002319329,0.00244358
116,17.58262,0.1504482,1.167e-06,0.07469938,1.25e-06,0.008827903,0.009911817,0.0205298,0.01589764,0.003516578,0.007292738,0.003211245,0.001857331,0.002256496,0.002444829
117,17.73307,0.1415082,1.25e-06,0.07416771,7.5e-07,0.00806782,0.007295238,0.01475139,0.01162665,0.004425576,0.0114924,0.003234495,0.001736747,0.00229508,0.00241308
118,17.87458,0.1586824,1.166e-06,0.0744353,9.16e-07,0.008345904,0.007244071,0.01818405,0.01584372,0.005796074,0.01590464,0.005255241,0.002946912,0.002411246,0.002313163
119,18.03326,0.1365359,1.167e-06,0.07521071,1.083e-06,0.009071486,0.004172826,0.008329487,0.01179023,0.004394243,0.01149798,0.004376826,0.002887246,0.002375663,0.002426996
120,18.16979,0.1748141,1.416e-06,0.0750978,1e-06,0.008572403,0.0099534,0.02812312,0.02549312,0.009345318,0.008001738,0.003383911,0.002049496,0.002277663,0.002513663
121,18.34461,0.1755194,1.166e-06,0.07510746,9.16e-07,0.008717069,0.01002182,0.03401011,0.02552529,0.004083493,0.007990154,0.003382994,0.002052164,0.002306663,0.002320079
122,18.52013,0.1629387,1.25e-06,0.07499305,1.083e-06,0.007706737,0.01659181,0.03403653,0.008301904,0.003397744,0.007944821,0.003327244,0.002059164,0.002247496,0.00232983
123,18.68307,0.1433258,1.584e-06,0.07419655,1e-06,0.007437654,0.009974567,0.02054897,0.01108315,0.003190245,0.007205572,0.003242578,0.001854747,0.002213413,0.002375746
124,18.82639,0.1549169,1.417e-06,0.0807792,7.5e-07,0.007454654,0.009984317,0.02051697,0.01574756,0.003533078,0.007214072,0.003171328,0.001858747,0.00222308,0.002431746
125,18.98131,0.1473909,1.25e-06,0.07298347,8.33e-07,0.00798057,0.009952318,0.02053397,0.01572631,0.003501494,0.007230822,0.003103078,0.001850497,0.00219633,0.002329996
126,19.1287,0.1526928,1.75e-06,0.0751763,1.084e-06,0.009761484,0.009868401,0.02051113,0.01606331,0.003521911,0.00818382,0.003199578,0.00185733,0.002218997,0.002327746
127,19.28139,0.1623084,1.416e-06,0.07414563,9.16e-07,0.008152987,0.01625881,0.0340402,0.008275904,0.003333911,0.007974321,0.003357077,0.002024497,0.002242163,0.00250058
128,19.4437,0.1627742,1.167e-06,0.07433121,1.167e-06,0.00800682,0.01664114,0.03401594,0.00831857,0.003395744,0.007988238,0.003368077,0.002035414,0.002314996,0.002355663
129,19.60648,0.1629247,1.417e-06,0.07464696,1.166e-06,0.008343987,0.01617047,0.0340122,0.00835957,0.003353078,0.00794432,0.003328411,0.002027997,0.002249747,0.002485412
130,19.7694,0.1398638,1.25e-06,0.0741403,1.25e-06,0.007813071,0.009884984,0.02053072,0.007545487,0.003140579,0.007241321,0.003144579,0.00187058,0.002231913,0.002317746
131,19.90926,0.1512268,1.167e-06,0.07421071,9.16e-07,0.009313652,0.009861317,0.02049788,0.01590256,0.003524077,0.007628155,0.003169828,0.002433496,0.002277996,0.00240508
132,20.06049,0.1506503,1.334e-06,0.07516321,1.166e-06,0.008787903,0.0099349,0.02049947,0.01579439,0.003508911,0.007282654,0.003162412,0.00184183,0.00227383,0.002398329
133,20.21114,0.1440109,1.416e-06,0.07615346,7.5e-07,0.008568903,0.007258571,0.01477856,0.01168015,0.004390243,0.01154648,0.003283828,0.00174883,0.00227108,0.00232858
134,20.35515,0.1342586,1.25e-06,0.07460821,7.5e-07,0.009035068,0.003436911,0.00673899,0.01222473,0.004391493,0.01180248,0.004382659,0.002916246,0.002409162,0.002310663
135,20.48941,0.1357052,1.25e-06,0.07486805,9.17e-07,0.007575071,0.007252155,0.01478206,0.01167265,0.003286078,0.006848989,0.002982996,0.001740163,0.002292413,0.002402413
136,20.62512,0.1533462,1e-06,0.07424963,1.334e-06,0.007540154,0.007565655,0.02051772,0.01584814,0.005759824,0.01216565,0.003216245,0.001881247,0.002278829,0.002320746
137,20.77846,0.1560757,1.167e-06,0.07454388,1e-06,0.007556488,0.007261489,0.01817739,0.01576356,0.005770824,0.01558931,0.004719826,0.00184158,0.00229033,0.002558829
138,20.93454,0.1384259,1.083e-06,0.07524813,1e-06,0.008680653,0.003478161,0.01147298,0.01170106,0.004392743,0.01147898,0.004399492,0.002883996,0.002367913,0.002319746
139,21.07296,0.1408379,1.583e-06,0.07426413,1.084e-06,0.008682319,0.009788651,0.02053188,0.007532988,0.003182912,0.007239238,0.003146912,0.001844163,0.002296913,0.00232508
140,21.2138,0.1643144,1.5e-06,0.07421513,1.334e-06,0.009378651,0.01630514,0.0339987,0.008894569,0.003385161,0.00798307,0.003340078,0.00205608,0.002262663,0.00249233
141,21.37812,0.1629902,1.583e-06,0.07471171,1e-06,0.008245486,0.01619597,0.03400111,0.00827582,0.003364745,0.007969653,0.003399162,0.002084913,0.002238663,0.002500413
142,21.54111,0.1441705,1.416e-06,0.0742213,1.25e-06,0.008657153,0.009777651,0.0205258,0.01102107,0.003140328,0.007250071,0.003164329,0.00183308,0.002230663,0.002346413
143,21.68528,0.1634326,1.25e-06,0.07449338,1.167e-06,0.008800319,0.01647331,0.0340317,0.008274236,0.003385995,0.00796032,0.003380995,0.002067997,0.002241746,0.002320163
144,21.84871,0.1633618,1.417e-06,0.07470063,1e-06,0.008855736,0.01602814,0.03401961,0.008288236,0.003382745,0.00799707,0.003349161,0.002018414,0.002234413,0.002485246
145,22.01207,0.1435333,1.167e-06,0.07426555,1.083e-06,0.007823821,0.009821317,0.02056963,0.01101523,0.003173078,0.007252072,0.003164078,0.001855164,0.002248579,0.002342497
146,22.1556,0.1630145,1.083e-06,0.07444113,9.16e-07,0.00863757,0.01603147,0.03400553,0.008261904,0.003400244,0.008004404,0.003443744,0.002054497,0.002265496,0.002466497
147,22.31862,0.16435,1.167e-06,0.07551629,8.33e-07,0.008690569,0.01605089,0.0340182,0.008323487,0.003423327,0.008156904,0.003396661,0.002029997,0.002247746,0.002493913
148,22.48297,0.1440651,1.25e-06,0.07503913,8.34e-07,0.007423904,0.009974734,0.0205093,0.01105565,0.003170579,0.007279488,0.003171828,0.00188558,0.00221883,0.002333996
149,22.62703,0.1631508,1.25e-06,0.0751513,8.33e-07,0.007732821,0.01660114,0.03401703,0.008313903,0.003355995,0.007961987,0.003374078,0.00203333,0.002205996,0.002401163
150,22.79019,0.1629811,1.167e-06,0.0749373,9.17e-07,0.007693904,0.01657306,0.03402961,0.008347403,0.003380828,0.007994737,0.003375161,0.002050497,0.002259079,0.002337413
151,22.95317,0.1445685,1.25e-06,0.07514538,1.083e-06,0.007861654,0.009814568,0.02058522,0.0110744,0.003170744,0.007287072,0.003191662,0.001875413,0.002235163,0.002324913
152,23.09773,0.1403589,1.083e-06,0.07586429,7.5e-07,0.007969487,0.007246405,0.01478464,0.0116544,0.00439916,0.008985152,0.002997162,0.001700747,0.00225283,0.002502829
153,23.23809,0.1595445,1.084e-06,0.07575088,9.17e-07,0.008090237,0.007751987,0.02052413,0.01591922,0.005717741,0.01579639,0.003538911,0.001870081,0.002249913,0.002332996
154,23.39764,0.1567922,1.166e-06,0.07506888,9.17e-07,0.007542988,0.007289904,0.01823322,0.01596231,0.005757824,0.01562264,0.004722242,0.001838248,0.002268496,0.002483329
155,23.55443,0.1458123,1.333e-06,0.07524196,9.17e-07,0.008693153,0.01013173,0.02051688,0.01113648,0.003137412,0.007346738,0.003150828,0.00186108,0.00228358,0.002310246
156,23.70024,0.1526649,1.25e-06,0.0754983,8.33e-07,0.008377653,0.009772235,0.02053422,0.01582389,0.004685659,0.007604237,0.003137495,0.002291247,0.002538162,0.002399746
157,23.85291,0.1410076,1.334e-06,0.07534338,9.17e-07,0.007533071,0.009978234,0.02055163,0.007571738,0.003191828,0.007280239,0.003154911,0.001823914,0.002275996,0.002300413
158,23.99392,0.1651507,1.167e-06,0.07443805,1e-06,0.008901152,0.01641522,0.03401895,0.009587484,0.003388578,0.008031737,0.003732077,0.002050414,0.002251829,0.002332997
159,24.15907,0.1406919,1.167e-06,0.0751778,1.083e-06,0.007399738,0.009986484,0.02057447,0.007443488,0.003162328,0.007245989,0.003132078,0.001833747,0.00222708,0.002506412
160,24.29976,0.1492032,1.084e-06,0.07432938,1.083e-06,0.008386653,0.009791984,0.02049338,0.01586947,0.003503495,0.007263488,0.003141495,0.001851663,0.002225247,0.002344746
161,24.44896,0.1491971,1.334e-06,0.07429796,9.17e-07,0.008121737,0.009802817,0.02056347,0.01576689,0.003635078,0.007285905,0.003185578,0.001860413,0.002195414,0.002479579
162,24.59816,0.1511335,1.417e-06,0.0749753,9.16e-07,0.00849507,0.01005065,0.02051488,0.01590156,0.00354941,0.007674655,0.003491827,0.001855581,0.00223233,0.002389912
163,24.74929,0.1316055,1.25e-06,0.07412455,1.084e-06,0.008837402,0.003783827,0.007215822,0.009796984,0.004435243,0.01147265,0.004374326,0.002885079,0.00235833,0.002318996
164,24.8809,0.1442178,1.25e-06,0.07442063,1e-06,0.008510487,0.009775817,0.02049555,0.01103632,0.003120328,0.007266238,0.003180579,0.001825663,0.00223608,0.00234783
165,25.02511,0.1352919,1.084e-06,0.07524438,9.17e-07,0.008279986,0.003823828,0.008083653,0.01169165,0.004395493,0.01168573,0.004391243,0.002953662,0.002418579,0.002321747
166,25.16041,0.1615871,1.167e-06,0.07216605,1e-06,0.008891652,0.01662656,0.03400119,0.008378737,0.003408827,0.007997654,0.003380828,0.002051163,0.002328497,0.002353746
167,25.32199,0.1404773,1.333e-06,0.07450388,8.33e-07,0.007902654,0.009792317,0.02056288,0.007585904,0.003187078,0.007279739,0.003157411,0.001823664,0.002261913,0.002417663
168,25.46247,0.1636084,1.166e-06,0.0747998,7.5e-07,0.008311153,0.01659989,0.03399336,0.00835857,0.003346245,0.007998403,0.003399995,0.002055663,0.002233747,0.002509662
169,25.62608,0.1635817,1.417e-06,0.07447388,1.5e-06,0.008945152,0.01646639,0.03400919,0.008336987,0.003381578,0.00799582,0.003376578,0.002023913,0.002229413,0.00233983
170,25.78966,0.1414454,1.167e-06,0.07458221,9.17e-07,0.007533571,0.0108354,0.0205388,0.007629904,0.003219329,0.007283988,0.003194578,0.001865497,0.002254913,0.002505163
171,25.93111,0.1630181,1e-06,0.07451938,8.33e-07,0.00797057,0.01667747,0.03403486,0.008421237,0.003350661,0.007998987,0.003345328,0.002036747,0.002259579,0.002401413
172,26.09412,0.1632981,1.416e-06,0.07435821,9.16e-07,0.008946486,0.01604039,0.03401936,0.008356903,0.003422911,0.00800882,0.003361245,0.00202458,0.00224483,0.002511996
173,26.25742,0.1490843,1.417e-06,0.07478213,9.17e-07,0.007477988,0.0099884,0.02050572,0.01587414,0.003499661,0.007291738,0.003146579,0.001863163,0.002262497,0.002389913
174,26.40651,0.1633262,1.166e-06,0.07483705,1e-06,0.008329903,0.01623564,0.03404061,0.008331403,0.003358911,0.00804657,0.003383162,0.002019996,0.002235413,0.00250533
175,26.56983,0.1417792,1.5e-06,0.0744363,1e-06,0.008221737,0.009778234,0.02055205,0.007873987,0.003159995,0.007519322,0.003168828,0.00196658,0.002734912,0.002364746
176,26.71161,0.150507,1.417e-06,0.07485488,9.17e-07,0.009074568,0.009776151,0.02052438,0.01585931,0.003446661,0.007343821,0.003159162,0.001852913,0.00228383,0.002328996
177,26.86212,0.145986,1.25e-06,0.07708454,1e-06,0.008174653,0.007283655,0.01480064,0.0117059,0.004386577,0.01187523,0.00371691,0.00233133,0.002298746,0.00232558
178,27.00811,0.1362728,1.25e-06,0.07636404,9.16e-07,0.008640736,0.004024494,0.007468655,0.01176748,0.004424492,0.01157006,0.004387493,0.002918329,0.002376829,0.002327996
179,27.14438,0.1382263,1.417e-06,0.07671971,1e-06,0.007536655,0.008156237,0.01477498,0.01166148,0.003288078,0.006816156,0.003025828,0.001720997,0.002206247,0.002317496
180,27.2826,0.1520639,1.084e-06,0.07750829,7.5e-07,0.007899987,0.009912984,0.02050722,0.01585672,0.003488994,0.007312155,0.003159161,0.001867331,0.00222133,0.002327912
181,27.43467,0.1509435,1.25e-06,0.07661913,9.16e-07,0.007620071,0.009991234,0.02051072,0.01578397,0.003488827,0.007242822,0.003180411,0.001869997,0.002229663,0.002404497
182,27.58561,0.153214,1.667e-06,0.07718588,8.34e-07,0.009108152,0.0102099,0.02047913,0.01588189,0.003464494,0.007293155,0.003166328,0.00184008,0.00225408,0.002328413
183,27.73883,0.1518676,1.416e-06,0.07764412,1e-06,0.007635321,0.009968067,0.02054113,0.01577681,0.003470744,0.007257238,0.003149245,0.001864831,0.002220413,0.002337246
184,27.89069,0.1360981,1.083e-06,0.07647304,7.5e-07,0.00822582,0.005779324,0.01161857,0.009491318,0.003753577,0.009558401,0.003707994,0.002430996,0.002719996,0.002337246
185,28.02679,0.1432644,1.584e-06,0.07569363,1e-06,0.009045152,0.004027576,0.01484514,0.01165298,0.00434716,0.0114614,0.00439116,0.002886828,0.00259583,0.002314996
186,28.17006,0.1353386,1.25e-06,0.07624846,1e-06,0.007567488,0.007275655,0.01480331,0.009164902,0.003045828,0.007220822,0.003052912,0.00179358,0.002806162,0.002357247
187,28.30539,0.1494758,1.25e-06,0.07521613,9.16e-07,0.007637905,0.00998115,0.02052013,0.01578231,0.003452327,0.007299905,0.003159495,0.001866747,0.00224183,0.002315746
188,28.45487,0.1514642,1.333e-06,0.07596004,9.17e-07,0.008697819,0.009949817,0.02051722,0.01587614,0.003502161,0.007312572,0.003128411,0.001858914,0.002333413,0.002325413
189,28.60633,0.1530426,1.334e-06,0.07634004,1.083e-06,0.009407819,0.0098604,0.02051755,0.01590331,0.003547161,0.007868821,0.003158078,0.00182183,0.002290247,0.002324913
190,28.75938,0.1515322,1.583e-06,0.07572346,9.17e-07,0.008878902,0.01013382,0.02048488,0.01581823,0.003506244,0.007287655,0.003168495,0.001878747,0.002305496,0.002343746
191,28.91091,0.1356637,1.333e-06,0.07579046,1.084e-06,0.008743569,0.004018577,0.007450738,0.01170231,0.004423493,0.01152773,0.004416826,0.002883495,0.002374663,0.002329413
192,29.04657,0.1388653,1.166e-06,0.07672879,7.5e-07,0.007649738,0.007270821,0.01477181,0.01178281,0.003276411,0.007192156,0.003092411,0.001787997,0.002978579,0.002331829
193,29.18544,0.1496325,1.416e-06,0.0751393,1.083e-06,0.007687571,0.01000907,0.0205058,0.01580864,0.003528994,0.007238988,0.003139578,0.001858997,0.002288747,0.002424329
194,29.33507,0.1519832,1.25e-06,0.07619104,1e-06,0.007706571,0.009997567,0.0205023,0.01591156,0.003672411,0.007602821,0.00388866,0.001847497,0.002342663,0.00231783
195,29.48705,0.1359683,1.083e-06,0.07679979,1e-06,0.00837207,0.005789324,0.0116069,0.009395819,0.00376666,0.009282902,0.003796327,0.00239058,0.002430329,0.002335496
196,29.62302,0.1590387,1.5e-06,0.0756083,1.083e-06,0.007550821,0.007478322,0.0205058,0.01594364,0.00608799,0.01384806,0.004415493,0.002904079,0.002365579,0.00232808
197,29.78206,0.1484333,1.166e-06,0.07639229,1.166e-06,0.007675071,0.00425291,0.008483986,0.01576964,0.005743407,0.01558106,0.005746824,0.003912327,0.002460413,0.002413079
198,29.93049,0.1752155,1.334e-06,0.07677679,1.084e-06,0.007417904,0.009998484,0.02833979,0.02541563,0.009331235,0.00797832,0.003359745,0.002039663,0.002246163,0.00230933
199,30.10571,0.155489,1.584e-06,0.07626113,1.166e-06,0.008082571,0.003798743,0.02038522,0.01568456,0.005751907,0.01560114,0.003477995,0.001860497,0.00220658,0.002375912
200,30.2612,0.1649793,1.167e-06,0.07657446,8.34e-07,0.00814982,0.01632364,0.03400986,0.008364653,0.003314078,0.008021154,0.003369078,0.00205833,0.002299246,0.002492996
201,30.42618,0.1424695,1.25e-06,0.07667521,1e-06,0.007486988,0.009999567,0.02054688,0.007501821,0.003191245,0.007288655,0.003190245,0.00187608,0.002211413,0.002499163
202,30.56865,0.1517822,1.167e-06,0.07611221,1.166e-06,0.008712153,0.009893484,0.02052822,0.01591039,0.003485161,0.007453071,0.003190578,0.001857247,0.002235747,0.002401579
203,30.72043,0.1511379,1.75e-06,0.07621029,8.33e-07,0.007684155,0.009958317,0.02052347,0.01587614,0.003593661,0.007693154,0.003116412,0.00182708,0.002256163,0.002396496
204,30.87157,0.1481637,1.25e-06,0.07206655,1.25e-06,0.009396152,0.01002098,0.02052072,0.01577981,0.003558328,0.007254405,0.003145078,0.00185233,0.002233913,0.002332913
205,31.01973,0.1506842,1.167e-06,0.07447113,8.33e-07,0.008349236,0.009780818,0.02053572,0.01572072,0.004680743,0.007349571,0.003189579,0.001849663,0.002247747,0.002507246
206,31.17042,0.1505888,1.334e-06,0.07420638,8.33e-07,0.008908319,0.009845818,0.02048405,0.01590281,0.003523411,0.007584821,0.003670577,0.001861914,0.002264746,0.00233383
207,31.321,0.1522153,1.334e-06,0.07668296,1.167e-06,0.008843486,0.009926233,0.02050613,0.01583589,0.003423411,0.007304739,0.003183744,0.001842914,0.00225658,0.002406746
208,31.47322,0.1659995,1.583e-06,0.07599104,8.34e-07,0.009694734,0.01651156,0.03404469,0.008275653,0.003392495,0.007993153,0.003365662,0.002041746,0.002258163,0.002428163
209,31.63922,0.1424549,1.5e-06,0.07661163,9.17e-07,0.007471988,0.009978984,0.02052463,0.007606071,0.003187162,0.007321821,0.003159495,0.00184608,0.002257747,0.002486829
210,31.78167,0.1511097,1.084e-06,0.07667496,1e-06,0.007651905,0.0099819,0.02053813,0.01582281,0.003494578,0.007331655,0.003183245,0.001847913,0.002243664,0.002336829
211,31.93278,0.1507118,1.25e-06,0.07615029,8.34e-07,0.00771832,0.01000123,0.0205218,0.01580372,0.003505328,0.007304071,0.003159412,0.00186058,0.00225758,0.002427329
212,32.0835,0.1527535,1.167e-06,0.07605738,1.167e-06,0.00771832,0.009973651,0.02052363,0.01595689,0.003509245,0.007627321,0.00371766,0.003060329,0.00226683,0.002339912
213,32.23625,0.151536,1.25e-06,0.07688196,9.16e-07,0.007723405,0.009997483,0.02055397,0.01584964,0.003561911,0.007284822,0.003147161,0.001864247,0.002278747,0.002390496
214,32.38779,0.1516661,1.167e-06,0.07615446,8.33e-07,0.008752653,0.009947067,0.02053447,0.01581997,0.003511661,0.007320905,0.003159412,0.001862747,0.00226683,0.002333912
215,32.53945,0.1516328,1.25e-06,0.07643738,1e-06,0.008354069,0.009809151,0.02051272,0.01613206,0.003500911,0.007245489,0.003181661,0.001850664,0.002197163,0.002409246
216,32.69108,0.1452553,1.25e-06,0.07676704,9.17e-07,0.009064485,0.007449821,0.01480173,0.01157656,0.00443716,0.01151865,0.003287494,0.001727998,0.002227413,0.002394746
217,32.83634,0.133063,1.084e-06,0.07638346,1.25e-06,0.008438486,0.003515994,0.00653274,0.009882817,0.004443493,0.01180106,0.004428993,0.002894579,0.002409079,0.002329997
218,32.9694,0.150903,1.25e-06,0.07632396,7.5e-07,0.007963321,0.01651722,0.02069138,0.007969403,0.003363745,0.00798932,0.003371162,0.00203158,0.002255746,0.002424163
219,33.12031,0.1494427,1.167e-06,0.07695488,1e-06,0.009721317,0.009873234,0.0205148,0.01108448,0.003394328,0.007838237,0.003531828,0.001885497,0.002235246,0.002406663
220,33.26975,0.1512408,1.417e-06,0.07616904,1.25e-06,0.007576488,0.01081231,0.02050097,0.01575256,0.003490995,0.007299154,0.003147912,0.001862997,0.00222158,0.002404079
221,33.42099,0.1668801,1.5e-06,0.07647513,9.17e-07,0.009276402,0.01671531,0.03402094,0.008276653,0.003408495,0.00795132,0.003396245,0.002675662,0.00225958,0.002421913
222,33.58787,0.1653104,1.084e-06,0.07693004,1e-06,0.007961404,0.01666747,0.03400136,0.008325486,0.003386162,0.007991487,0.003392244,0.002054664,0.002260746,0.002337246
223,33.75318,0.1646046,1.167e-06,0.07627971,1.166e-06,0.007757155,0.01657614,0.03404103,0.008367236,0.003407411,0.008013654,0.003386078,0.002048997,0.002253829,0.002470996
224,33.91778,0.1688261,1.167e-06,0.08052612,9.16e-07,0.007959404,0.01664247,0.03399311,0.008324153,0.003344162,0.008001903,0.003405578,0.00206083,0.002246163,0.00232008
225,34.08661,0.1459278,1.083e-06,0.07673746,9.17e-07,0.007461071,0.01000432,0.02053297,0.01106132,0.003205245,0.007304155,0.003152994,0.001852247,0.002263413,0.00235058
226,34.23254,0.1517724,1.167e-06,0.07628404,8.33e-07,0.008737069,0.009938817,0.02053888,0.01587531,0.003467244,0.007321071,0.003175579,0.001872497,0.002235079,0.00232483
227,34.38431,0.1436514,1.417e-06,0.07709246,1e-06,0.00822557,0.004032744,0.01483664,0.01162481,0.004436743,0.01151456,0.004376159,0.002882829,0.00230808,0.002318329
228,34.52796,0.1533574,1.25e-06,0.07719846,8.33e-07,0.008746236,0.00400866,0.01500956,0.01574197,0.005938324,0.01559798,0.004683242,0.001874247,0.002237246,0.002319413
229,34.68132,0.1592364,1.334e-06,0.07600596,1e-06,0.007656821,0.007479822,0.02057347,0.01577722,0.00585049,0.01567714,0.003543744,0.001878414,0.002254163,0.002536829
230,34.84056,0.1599019,1e-06,0.07634346,1.166e-06,0.008307737,0.007332405,0.02053847,0.01578656,0.005773324,0.01563723,0.003570078,0.001874747,0.002248329,0.002487413
231,35.00046,0.1462543,1.25e-06,0.07690213,1e-06,0.007545405,0.0100069,0.0205388,0.0111114,0.003194078,0.007322572,0.003183328,0.00187033,0.002249247,0.002327829
232,35.14671,0.146747,1.584e-06,0.07553913,1.25e-06,0.008912985,0.007497905,0.01476056,0.01172257,0.004396076,0.01188215,0.003805578,0.002412912,0.003447662,0.002366662
233,35.29346,0.1459188,1.667e-06,0.07568163,8.33e-07,0.00845657,0.0098079,0.02049955,0.01108907,0.003177245,0.007285238,0.003547828,0.001849664,0.002200163,0.002321496
234,35.43938,0.1651052,1.084e-06,0.07670746,9.17e-07,0.008473653,0.01630347,0.0340072,0.00819832,0.003394744,0.007969154,0.003409411,0.00204533,0.002249747,0.002344746
235,35.60448,0.1502963,1.333e-06,0.07616454,1e-06,0.007485154,0.009985068,0.02052663,0.01575647,0.003501911,0.007248821,0.003154995,0.001850247,0.00219558,0.002424496
236,35.75478,0.1437737,1.083e-06,0.07647971,9.17e-07,0.008069986,0.007285322,0.01477648,0.01163223,0.004447577,0.01150865,0.003271244,0.001731081,0.00223508,0.002334329
237,35.89855,0.1581714,1.25e-06,0.07692571,1e-06,0.007513238,0.007271821,0.01820272,0.01571939,0.005780741,0.01554806,0.004658076,0.001847997,0.00222833,0.002473079
238,36.05672,0.1515851,1.25e-06,0.07636904,1.083e-06,0.00851007,0.009914984,0.02050363,0.01578731,0.003583911,0.007271988,0.003148829,0.001863413,0.00220733,0.002422246
239,36.20831,0.1504867,1.166e-06,0.07612204,9.17e-07,0.007615571,0.009991984,0.02051838,0.01574781,0.003535078,0.007313155,0.003195828,0.001874414,0.002242496,0.00232783
240,36.3588,0.1500215,1.333e-06,0.07973529,1.167e-06,0.008961568,0.007164572,0.01476881,0.0117289,0.004438327,0.01237523,0.003770077,0.002368663,0.002319663,0.002387912
241,36.50882,0.1643181,1.167e-06,0.07625588,1.083e-06,0.007671654,0.01660189,0.03399528,0.008344236,0.003392245,0.007977153,0.003405745,0.002051997,0.002239246,0.002380496
242,36.67314,0.1418112,1.084e-06,0.07622021,9.17e-07,0.007456904,0.01000373,0.02054372,0.007486571,0.003148662,0.007272071,0.003141495,0.001856164,0.00220583,0.002473829
243,36.81495,0.1520022,1.084e-06,0.07658571,1.167e-06,0.008843152,0.009910901,0.02053013,0.01574972,0.003483161,0.007306988,0.003172245,0.001860414,0.002227746,0.002329746
244,36.96695,0.1508423,1.083e-06,0.07595138,1e-06,0.007653737,0.009974401,0.02051705,0.01589072,0.003540328,0.007486238,0.003358994,0.001873247,0.00227583,0.002318246
245,37.11779,0.1441841,1.417e-06,0.07678546,8.33e-07,0.008054321,0.007290071,0.01475806,0.01163973,0.004473326,0.0115214,0.003330245,0.001731914,0.002262829,0.002334497
246,37.26197,0.1593109,1.334e-06,0.07699612,1.084e-06,0.008630319,0.007238905,0.01818014,0.01577672,0.005762657,0.01560689,0.004645492,0.001859081,0.002293579,0.00231858
247,37.42129,0.1608666,1.084e-06,0.07694687,9.17e-07,0.008714819,0.007403905,0.02053622,0.01576781,0.005762741,0.01563931,0.003492827,0.001862831,0.002262829,0.002474413
248,37.58215,0.1573487,1.416e-06,0.07898612,1e-06,0.008811569,0.01027723,0.02050597,0.01579114,0.006078907,0.007309655,0.003153328,0.001859497,0.002248247,0.002324663
249,37.7395,0.1445971,1.334e-06,0.07693971,8.33e-07,0.00841882,0.00990115,0.0205208,0.00788757,0.003787744,0.007311822,0.003188078,0.001873247,0.002274163,0.002491829
250,37.8841,0.15179,1.166e-06,0.07617921,9.16e-07,0.007631321,0.009981984,0.02054055,0.01591647,0.003518494,0.007584738,0.003886827,0.00188583,0.00234358,0.002318913
251,38.03589,0.1509601,1.417e-06,0.07637788,1e-06,0.007692404,0.009998234,0.02052205,0.01585531,0.003502078,0.007299154,0.003162995,0.001879247,0.002268747,0.002399579
252,38.18685,0.1433213,1.25e-06,0.07681738,1e-06,0.008145153,0.009782735,0.0205398,0.007542571,0.003169912,0.007587821,0.003182744,0.001867747,0.002199247,0.002483913
253,38.33017,0.1479848,1.167e-06,0.07630604,1e-06,0.007480155,0.009969484,0.02051663,0.01112048,0.003218162,0.007607487,0.003171745,0.002275747,0.003953993,0.002362663
254,38.47815,0.1340584,1.25e-06,0.07549271,1.083e-06,0.008920736,0.005713157,0.01167423,0.009322235,0.00371866,0.009268902,0.003666744,0.001649997,0.00223233,0.002396413
255,38.61221,0.1458293,1.25e-06,0.07772746,1.25e-06,0.008490237,0.0099199,0.02053088,0.007645321,0.003183411,0.007497905,0.00441191,0.001874746,0.002213247,0.002331829
256,38.75804,0.1344785,1.333e-06,0.07632713,8.33e-07,0.007998987,0.005783491,0.0116164,0.009337568,0.003727244,0.009280818,0.004161994,0.00167408,0.002230247,0.002338413
257,38.89252,0.1583978,1.25e-06,0.0757298,1e-06,0.008848485,0.007264572,0.01817722,0.01580522,0.005760824,0.01571897,0.004679992,0.001864664,0.002208079,0.002337747
258,39.05092,0.1600705,1.333e-06,0.07663338,8.33e-07,0.008612736,0.007413155,0.0204808,0.01572214,0.005752158,0.01561806,0.003446828,0.001851413,0.002209663,0.002327997
259,39.21099,0.1418535,1.417e-06,0.07624854,1e-06,0.007433238,0.009959484,0.02056888,0.007472321,0.003192495,0.007298238,0.003156911,0.001849497,0.00218208,0.002489413
260,39.35284,0.1510412,1.5e-06,0.07608446,9.17e-07,0.007476488,0.0108039,0.02051622,0.01576114,0.003506411,0.007262822,0.003198161,0.001869914,0.002234079,0.002325163
261,39.50388,0.1523453,1.25e-06,0.07708896,1.084e-06,0.007591154,0.01083857,0.02050288,0.01590397,0.003498494,0.007340988,0.003151995,0.001863831,0.002229579,0.00233258
262,39.65623,0.1555124,1.25e-06,0.07628463,9.17e-07,0.01000815,0.009899317,0.02050122,0.01597064,0.003481994,0.009699651,0.003210495,0.001868414,0.002265079,0.002320663
263,39.81174,0.1507063,1.25e-06,0.07624296,1e-06,0.007666821,0.01000465,0.02051847,0.01589439,0.003489911,0.007314655,0.003119412,0.001883497,0.002244663,0.002324579
264,39.96245,0.1326304,1.5e-06,0.07573938,1e-06,0.00799582,0.003883327,0.007227655,0.009839484,0.004436076,0.01152365,0.004394159,0.002891912,0.002374246,0.002322163
265,40.09508,0.1429235,1.25e-06,0.07628729,9.17e-07,0.007427238,0.01080798,0.02055572,0.007537321,0.003189245,0.007282655,0.003208495,0.001870913,0.00224333,0.002511163
266,40.238,0.150548,1.167e-06,0.07633621,1e-06,0.007474904,0.009960151,0.02052505,0.01579406,0.003492911,0.007316488,0.003158829,0.001864663,0.002297663,0.002324913
267,40.38855,0.1520448,1.333e-06,0.07662688,1e-06,0.008593403,0.009899901,0.02050872,0.01591031,0.003595578,0.007280071,0.003163662,0.00186983,0.002260413,0.002333746
268,40.54059,0.1514641,1.5e-06,0.07583538,1.083e-06,0.008820069,0.009928401,0.02051222,0.01583797,0.003519244,0.007288489,0.003175078,0.00185958,0.00226783,0.002417246
269,40.69206,0.1516774,1.416e-06,0.07616938,1.084e-06,0.007723987,0.01087407,0.0205158,0.01592139,0.003494328,0.007340405,0.003156995,0.001869497,0.002278579,0.002330497
270,40.84374,0.1529168,1.333e-06,0.07749638,1.25e-06,0.007717821,0.01084006,0.02052755,0.01583606,0.003571328,0.007329155,0.003120828,0.00187983,0.00227683,0.002318413
271,40.99665,0.1437229,1.167e-06,0.07639163,7.5e-07,0.007594738,0.01000657,0.02056755,0.007854654,0.003512995,0.007606487,0.003128829,0.001906497,0.002819662,0.002331329
272,41.14038,0.1497578,1.25e-06,0.07514296,9.17e-07,0.008021654,0.009959817,0.0205373,0.01571089,0.003503911,0.007244155,0.003187494,0.001867997,0.00218983,0.002389663
273,41.29013,0.1465105,1.583e-06,0.07678021,1e-06,0.0100769,0.007190905,0.01478748,0.01170165,0.00442216,0.01055798,0.003998993,0.002369996,0.00229958,0.00232208
274,41.43664,0.133399,1.25e-06,0.07602604,8.33e-07,0.008440653,0.003806744,0.007251738,0.009781151,0.004418659,0.01147065,0.004460409,0.002894912,0.002370496,0.002475413
275,41.57004,0.164313,1.5e-06,0.07583046,1e-06,0.008164237,0.01654722,0.03406795,0.008340153,0.003393245,0.00795982,0.003373745,0.00204958,0.002251996,0.00233208
276,41.73436,0.1732041,1.5e-06,0.08162195,1.083e-06,0.01019798,0.01655072,0.03397103,0.009437068,0.003394078,0.007966404,0.003452994,0.002044997,0.00223158,0.002332746
277,41.90756,0.1454751,1.167e-06,0.07617629,1e-06,0.007544404,0.01000373,0.02051972,0.01103415,0.003205411,0.007241072,0.003155245,0.00186533,0.002231746,0.00249583
278,42.05303,0.1512992,1.584e-06,0.07621913,1e-06,0.00766507,0.009976151,0.02053022,0.01574572,0.003520745,0.007278905,0.003852743,0.001875747,0.00224483,0.00238733
279,42.20433,0.141665,1.416e-06,0.07691146,1.167e-06,0.008351487,0.007143071,0.01478273,0.0116339,0.004400327,0.008937152,0.003011578,0.001744748,0.002260829,0.002485163
280,42.346,0.1357284,1.334e-06,0.07647779,1e-06,0.008428403,0.003503494,0.006738156,0.01218723,0.004436993,0.01182315,0.004444159,0.002910662,0.002423246,0.002352747
281,42.48173,0.1327249,1.167e-06,0.07664504,8.33e-07,0.007835571,0.007199405,0.01488223,0.006968488,0.003042995,0.006832406,0.002992745,0.001760497,0.002243247,0.002320246
282,42.61445,0.1517084,1.166e-06,0.07640654,9.16e-07,0.007688405,0.0099399,0.02049005,0.01645914,0.003433911,0.007458738,0.003088245,0.001894497,0.002520579,0.002326329
283,42.76616,0.15057,1.334e-06,0.07522379,1.167e-06,0.008565736,0.0099564,0.02058063,0.01580906,0.003539161,0.007261655,0.003191328,0.00186233,0.00223033,0.002347079
284,42.91673,0.1517583,1.416e-06,0.07643121,1e-06,0.007801571,0.009988234,0.02053005,0.01588206,0.003513827,0.007685988,0.003399661,0.001866414,0.002260163,0.002396746
285,43.06849,0.1435364,1.417e-06,0.07723071,8.33e-07,0.007737987,0.003745078,0.01495248,0.01164881,0.00443841,0.01147348,0.004395743,0.002912662,0.002498329,0.002500413
286,43.21203,0.1594469,1.417e-06,0.07655813,9.17e-07,0.007572321,0.007456238,0.02055813,0.01588139,0.00580949,0.01563364,0.003511577,0.001849247,0.002282913,0.002331497
287,43.37147,0.1594842,1.333e-06,0.07662263,1e-06,0.007659821,0.007272904,0.02061838,0.01579489,0.005783491,0.01561606,0.003462994,0.001865414,0.002295663,0.002489579
288,43.53096,0.1589055,1.084e-06,0.07676379,8.34e-07,0.008493819,0.007163739,0.01819589,0.01579047,0.005737741,0.01560564,0.004682659,0.001866497,0.002266746,0.00233658
289,43.68986,0.1601478,1.25e-06,0.07647446,1.083e-06,0.007619238,0.007311655,0.01819164,0.01588681,0.005777907,0.01595689,0.005304491,0.002889746,0.002407496,0.002325163
290,43.85001,0.1550561,1.084e-06,0.07673271,1e-06,0.00849482,0.01023498,0.02052497,0.01610472,0.00617649,0.007250322,0.003169245,0.001834747,0.002197246,0.002333746
291,44.00507,0.1407155,1.25e-06,0.07723971,1.083e-06,0.008686153,0.003677494,0.01151765,0.01159631,0.004385742,0.01143765,0.004410493,0.002887495,0.002390913,0.002483579
292,44.14578,0.1426796,1.5e-06,0.07707288,1e-06,0.007443821,0.00999315,0.02057088,0.007464155,0.003192328,0.007230321,0.003162329,0.001846247,0.002214746,0.002486246
293,44.28846,0.1649273,1e-06,0.07656121,9.17e-07,0.007627821,0.01708997,0.03401236,0.00823832,0.003384661,0.007968154,0.003386994,0.00205508,0.002259497,0.002341329
294,44.45339,0.1424534,1.334e-06,0.07661854,1.084e-06,0.007514238,0.009968734,0.02052647,0.007545072,0.003160411,0.007339572,0.003184161,0.001863914,0.002215163,0.002514746
295,44.59584,0.1519243,1.167e-06,0.07653288,1.25e-06,0.008756152,0.009936568,0.0205053,0.01575914,0.003483911,0.007251405,0.003202328,0.001841164,0.00230383,0.002349163
296,44.74777,0.1518539,1.417e-06,0.07646463,1.084e-06,0.008652402,0.009789735,0.02050722,0.01579122,0.003529578,0.007446238,0.003161828,0.001859497,0.002238496,0.00241058
297,44.89962,0.1649835,1.25e-06,0.07691354,1.083e-06,0.007781988,0.01660881,0.03403145,0.008302153,0.003373662,0.007972487,0.003354661,0.002053747,0.002251329,0.00233733
298,45.0646,0.1451598,1.083e-06,0.07645213,8.33e-07,0.009058152,0.01022165,0.02055013,0.007685321,0.003198661,0.007475988,0.003158245,0.00192483,0.002917829,0.002514912
299,45.20976,0.1426625,1.25e-06,0.07351638,1e-06,0.007426738,0.0099739,0.02052288,0.0110259,0.003206579,0.007291738,0.003191995,0.001872247,0.002311829,0.00232008
300,45.35243,0.1515008,1.167e-06,0.07472221,8.33e-07,0.009249735,0.009894567,0.02050647,0.01592214,0.003511494,0.008107571,0.003175328,0.00183958,0.00224958,0.00232008
301,45.50393,0.1410509,1.25e-06,0.07465721,9.17e-07,0.009207235,0.007184322,0.01479039,0.01161673,0.004391826,0.009051485,0.003006162,0.001802247,0.002892412,0.002448663
302,45.64498,0.1418949,1.25e-06,0.07461363,9.16e-07,0.008763403,0.003889827,0.01494681,0.0116084,0.004423576,0.01149381,0.004418743,0.002887829,0.002376329,0.002470413
303,45.78687,0.1492046,1.333e-06,0.07501696,1e-06,0.007497905,0.00999115,0.02051355,0.01580539,0.003515994,0.007290155,0.003121911,0.001863331,0.002278163,0.002307746
304,45.93608,0.1487693,1e-06,0.07448938,1e-06,0.007498238,0.009970151,0.02053672,0.01578598,0.003527244,0.007331238,0.003184912,0.00186858,0.00225658,0.00231833
305,46.08485,0.1631359,1.417e-06,0.07483421,9.16e-07,0.007825738,0.01660039,0.03402486,0.008358737,0.003404244,0.007995487,0.003416911,0.002038831,0.002244746,0.002389413
306,46.24798,0.163324,1.417e-06,0.07478463,1.167e-06,0.008177653,0.01652614,0.03400744,0.00837282,0.003402078,0.00801082,0.003372828,0.002054414,0.002269579,0.002342997
307,46.41131,0.1439696,1.333e-06,0.0745818,9.17e-07,0.007570321,0.009972151,0.02055255,0.01110873,0.003153245,0.007306905,0.003159078,0.001855664,0.002284413,0.002422496
308,46.55528,0.1651042,1.167e-06,0.0744903,8.33e-07,0.009341069,0.01679889,0.03401578,0.008340153,0.003386661,0.008016904,0.00375791,0.00205583,0.002268913,0.002629829
309,46.72038,0.1632198,1.5e-06,0.0748833,9.17e-07,0.008367153,0.01606997,0.03403744,0.008249403,0.003454328,0.00798407,0.003409912,0.00203133,0.002251913,0.002478579
310,46.8836,0.1441968,1.333e-06,0.07454355,9.16e-07,0.00826982,0.009788484,0.02052588,0.0109954,0.003212495,0.007286488,0.003141912,0.001855247,0.002244246,0.002331079
311,47.0278,0.1630301,1.25e-06,0.07444796,9.17e-07,0.00772232,0.01658331,0.03404194,0.008281237,0.003385661,0.007990987,0.003332161,0.002045747,0.002851829,0.002344746
312,47.19083,0.1637928,1.166e-06,0.07490746,1.166e-06,0.008939819,0.01605572,0.03404586,0.008337153,0.003348828,0.007988487,0.003397745,0.002035913,0.00224433,0.002489162
313,47.35462,0.1429024,1.334e-06,0.07444421,9.16e-07,0.00843807,0.009908067,0.02053788,0.00790732,0.004716409,0.007385572,0.003131995,0.00186383,0.002211497,0.002355246
314,47.49752,0.1406359,1.167e-06,0.07486996,1e-06,0.007421155,0.009967317,0.0205413,0.007624654,0.003172328,0.007292905,0.003143912,0.001857497,0.002233413,0.002509329
315,47.63816,0.1644041,1.334e-06,0.07461671,1e-06,0.009456985,0.01632681,0.03396719,0.00845057,0.003408078,0.008015487,0.003338911,0.002029414,0.002443496,0.002348079
316,47.80256,0.1435107,1.333e-06,0.07438988,1.25e-06,0.007475738,0.009989651,0.02052838,0.01105315,0.003247328,0.007274405,0.003144495,0.001842497,0.002223746,0.00233883
317,47.94607,0.1625946,1.334e-06,0.07451905,1e-06,0.007769654,0.01660197,0.03403828,0.008329319,0.003395328,0.007960654,0.003370911,0.00203258,0.00224933,0.002325163
318,48.10867,0.1636052,1e-06,0.07506213,9.17e-07,0.008177403,0.01662897,0.03400794,0.008298237,0.003387078,0.008010403,0.003407745,0.00204883,0.00226258,0.002311913
319,48.27227,0.1467408,1.334e-06,0.07471805,8.33e-07,0.008238153,0.009794568,0.02058497,0.01129823,0.003190245,0.007610238,0.003163661,0.001892331,0.002792662,0.003455578
320,48.41901,0.1669406,1.25e-06,0.07345888,1e-06,0.01308273,0.01668897,0.03398669,0.008325987,0.003389911,0.008006154,0.003404828,0.00203933,0.00224008,0.002314829
321,48.58595,0.1443999,1.5e-06,0.07505254,1.083e-06,0.007555905,0.009959317,0.02053055,0.0110694,0.003173245,0.007292655,0.003171578,0.00184708,0.00225733,0.002487746
322,48.73035,0.1419723,1.166e-06,0.07464296,1e-06,0.008457653,0.004028994,0.01485906,0.01175773,0.004394993,0.01180781,0.004372076,0.002982329,0.002337996,0.002328496
323,48.87233,0.1400884,1.5e-06,0.07336413,1.417e-06,0.008525069,0.009941484,0.02056505,0.007550488,0.003183078,0.007294322,0.003221495,0.001872913,0.00225783,0.00230958
324,49.01241,0.1486633,1.167e-06,0.07406905,1.166e-06,0.007690905,0.009958234,0.02052397,0.01581748,0.003589161,0.007307988,0.003174911,0.001870331,0.002280246,0.002378663
325,49.16108,0.1451428,1.584e-06,0.07481929,9.17e-07,0.007591238,0.01079965,0.02052547,0.01116765,0.003214828,0.007304321,0.003179912,0.00185158,0.002281246,0.002405163
326,49.30622,0.1411617,1.5e-06,0.07324372,9.17e-07,0.008865986,0.004220409,0.01490639,0.01167773,0.004416743,0.01150173,0.004414743,0.002916246,0.002508245,0.00248733
327,49.44738,0.1312651,1.25e-06,0.07482005,8.34e-07,0.007683987,0.007251322,0.01483298,0.006984155,0.003055996,0.007181571,0.003014912,0.001768331,0.002206996,0.002462746
328,49.57865,0.1499593,1.25e-06,0.07411513,1.084e-06,0.008145736,0.009845985,0.02054113,0.01582239,0.004696076,0.007266821,0.003132662,0.00186233,0.00220133,0.00232733
329,49.72861,0.1504476,1.25e-06,0.07424096,1.166e-06,0.009110069,0.009848234,0.02053947,0.01593056,0.003536411,0.007563654,0.003186078,0.001856664,0.002234496,0.00239858
330,49.87905,0.1507166,1.583e-06,0.07451813,1e-06,0.008430153,0.009790734,0.02049472,0.01571964,0.004712909,0.007474238,0.003123911,0.001831747,0.002221997,0.002395829
331,50.02977,0.1517528,1.416e-06,0.07400871,9.17e-07,0.008672236,0.01003557,0.02052463,0.01588181,0.004696909,0.007539821,0.003975161,0.00188608,0.00219583,0.002333746
332,50.18152,0.1416945,1.333e-06,0.07428988,9.17e-07,0.008860069,0.003963244,0.01485556,0.01158598,0.004433743,0.01149248,0.004396742,0.002886912,0.002601413,0.002326246
333,50.32322,0.1305568,1.25e-06,0.07472171,9.16e-07,0.007585571,0.007266405,0.01481798,0.006929239,0.003008995,0.006863239,0.003044829,0.001734163,0.002247747,0.002334746
334,50.45377,0.1498333,1.334e-06,0.07485863,1.083e-06,0.00798732,0.01001215,0.02050188,0.01593681,0.003540744,0.007342155,0.003182745,0.00187408,0.002247747,0.002346579
335,50.60361,0.1493079,1.083e-06,0.07347855,8.33e-07,0.008262237,0.009916817,0.02050922,0.01595114,0.003560244,0.007956821,0.003198828,0.001837747,0.002251163,0.002383246
336,50.75292,0.1512402,1.167e-06,0.07476688,1.083e-06,0.008850236,0.009815234,0.02050238,0.01576747,0.004698492,0.007271739,0.003137078,0.001849997,0.002244996,0.002333413
337,50.90416,0.1488979,1.166e-06,0.07438863,9.17e-07,0.007748154,0.009995484,0.02050672,0.01578389,0.003519494,0.007280155,0.003166162,0.00186008,0.002235496,0.00241158
338,51.05305,0.1491528,1.167e-06,0.0745088,9.17e-07,0.00777657,0.009996818,0.02050513,0.01582764,0.003526328,0.007312405,0.003162995,0.001871497,0.002262163,0.002400412
339,51.20221,0.1427155,1.5e-06,0.07484763,1.083e-06,0.008337237,0.007176738,0.01480731,0.0116554,0.004484909,0.01155148,0.003293662,0.001768914,0.002280913,0.002508745
340,51.34492,0.154706,1.25e-06,0.07304938,9.17e-07,0.007866654,0.007179988,0.0182218,0.01575456,0.005767657,0.01560181,0.004750659,0.001860914,0.002261913,0.002388496
341,51.49963,0.1580613,1.083e-06,0.07434105,8.33e-07,0.007604238,0.007270655,0.01817797,0.01578822,0.00626699,0.01559806,0.005233658,0.002902162,0.00239283,0.002483579
342,51.65769,0.1423044,1.25e-06,0.0749398,1e-06,0.007862404,0.007271571,0.01478456,0.0116949,0.004429409,0.0115654,0.003228578,0.001744747,0.00229608,0.002484663
343,51.79999,0.1453281,1.5e-06,0.0745728,1e-06,0.009738401,0.0098884,0.02057797,0.007878571,0.003160161,0.007554738,0.003169078,0.002009664,0.004274493,0.002501329
344,51.94532,0.1617428,1.5e-06,0.07303472,1e-06,0.008082987,0.01666906,0.03401653,0.008405237,0.003396994,0.008018987,0.003417995,0.002045747,0.002338662,0.002313413
345,52.10707,0.1635174,1.25e-06,0.07477363,9.17e-07,0.008725652,0.01604864,0.03401745,0.00842432,0.003397578,0.00800957,0.003339661,0.002030497,0.002271497,0.002476746
346,52.27058,0.1440314,1.25e-06,0.07438363,9.17e-07,0.007643821,0.009968567,0.02052872,0.0110949,0.003540994,0.007270655,0.003130912,0.001852663,0.00222033,0.002393996
347,52.41461,0.1628751,1.333e-06,0.0745408,1.25e-06,0.008000654,0.01648239,0.03403895,0.008331236,0.003365995,0.008012904,0.003382411,0.002043913,0.002230747,0.002442496
348,52.57749,0.1658396,1.667e-06,0.07738388,1.083e-06,0.008010154,0.01665372,0.0340177,0.008322653,0.003378578,0.007997321,0.003344327,0.002053581,0.002348412,0.00232658
349,52.74333,0.1625981,1.417e-06,0.07429455,1e-06,0.008021737,0.01654197,0.03403753,0.00829582,0.003390244,0.008009987,0.003403662,0.00203883,0.002234829,0.002326497
350,52.90593,0.1435716,1.25e-06,0.07453771,9.17e-07,0.007442321,0.009988734,0.02051955,0.01102165,0.003178745,0.007280821,0.003150245,0.001854497,0.002251163,0.002343996
351,53.0495,0.1343408,1.167e-06,0.07497388,1e-06,0.008204403,0.009785068,0.01407123,0.007192072,0.003191994,0.007260822,0.003177662,0.001868913,0.002210413,0.002402163
352,53.18384,0.1416664,1.083e-06,0.07518238,1e-06,0.007773321,0.009943983,0.02051138,0.007626904,0.003185329,0.007686237,0.003162412,0.001864663,0.00222183,0.002505913
353,53.32551,0.1500871,1.25e-06,0.07451405,1e-06,0.008885569,0.009940317,0.02048747,0.01576239,0.003530245,0.007270071,0.003195578,0.001861831,0.002225913,0.002411413
354,53.47559,0.1508946,1.25e-06,0.0749683,1e-06,0.008414069,0.009878068,0.02052688,0.01587097,0.003521911,0.007612404,0.003646411,0.001863164,0.002261746,0.002328413
355,53.62649,0.1487696,1.25e-06,0.07432255,8.34e-07,0.007584071,0.009979567,0.0205293,0.01581039,0.003573078,0.007286905,0.003164078,0.001858664,0.002230079,0.00242883
356,53.77526,0.1439886,1.5e-06,0.07461996,9.17e-07,0.008058487,0.007270405,0.01480114,0.01177148,0.004426243,0.01196156,0.003731244,0.002394996,0.002549412,0.002401246
357,53.91925,0.1439211,1e-06,0.07408946,1.083e-06,0.007972238,0.009925067,0.02053038,0.01112723,0.003206995,0.007311405,0.003162412,0.00187333,0.002234246,0.002486246
358,54.06317,0.1498973,1.5e-06,0.07420288,1.084e-06,0.008832652,0.009920984,0.02052205,0.01583198,0.003557744,0.007295905,0.003171245,0.001866997,0.002260329,0.002431913
359,54.21306,0.1626565,1.583e-06,0.07374771,8.34e-07,0.008718236,0.01633539,0.03401928,0.00837707,0.003401328,0.008032987,0.003404578,0.002049246,0.002256413,0.00231183
360,54.37572,0.1632938,9.17e-07,0.07478013,9.17e-07,0.008117403,0.01641439,0.03399845,0.008336486,0.003368411,0.008040154,0.003383161,0.002071747,0.002280246,0.002501413
361,54.53901,0.1405531,1.166e-06,0.07459755,1e-06,0.007578571,0.01001332,0.0205063,0.007574821,0.003174578,0.007339405,0.003161411,0.001849831,0.002259996,0.002495163
362,54.67957,0.1494836,1.583e-06,0.07494988,9.17e-07,0.007746404,0.009989734,0.02053213,0.01578481,0.003502328,0.007295155,0.003140661,0.001860247,0.00227208,0.002407663
363,54.82905,0.1634656,1.25e-06,0.07503105,8.34e-07,0.008348236,0.01618022,0.03400694,0.00839107,0.003376161,0.008054987,0.003359995,0.002054663,0.00225758,0.002402579
364,54.99252,0.141251,1.417e-06,0.07440546,1e-06,0.008378236,0.009803818,0.02054855,0.007562654,0.003209912,0.007543238,0.003184911,0.001857831,0.002292246,0.002461746
365,55.13377,0.1493367,9.17e-07,0.07452188,1.083e-06,0.007721571,0.01000482,0.02051597,0.01616089,0.003514245,0.007232571,0.003159162,0.00186558,0.002218997,0.002418996
366,55.2831,0.1505375,1.334e-06,0.07496196,8.33e-07,0.008721569,0.009946401,0.02050797,0.01592464,0.003588744,0.007279405,0.003146662,0.00185083,0.002214413,0.002392746
367,55.43364,0.1522851,1.167e-06,0.07418021,1.084e-06,0.009388485,0.009873317,0.02049763,0.01588181,0.003494161,0.009401402,0.003161828,0.001877497,0.002191246,0.002335247
368,55.58593,0.1506192,1.083e-06,0.07427121,1.084e-06,0.009655484,0.009907067,0.0205213,0.01576206,0.003492078,0.007338738,0.003150579,0.001865413,0.00224233,0.002410746
369,55.73655,0.1516038,1.25e-06,0.07514396,9.17e-07,0.009194568,0.009918651,0.02052997,0.01590064,0.003539744,0.007694237,0.003196412,0.001854247,0.002232413,0.00239683
370,55.88815,0.1501354,1.334e-06,0.0739858,9.17e-07,0.008482569,0.009805734,0.02053347,0.01575931,0.004713409,0.007285072,0.003150911,0.001851414,0.002230913,0.00233458
371,56.03829,0.1504599,1.25e-06,0.07431663,1.083e-06,0.008921486,0.009789151,0.02054163,0.01591206,0.003581411,0.007690904,0.003150495,0.001814747,0.002291496,0.00244758
372,56.18875,0.1342209,1e-06,0.07499838,1e-06,0.00831132,0.003792577,0.007434322,0.01176481,0.00443266,0.01146281,0.004446827,0.002883578,0.00238333,0.002308246
373,56.32297,0.1347461,1.75e-06,0.07354713,9.17e-07,0.007912737,0.007192572,0.01482881,0.01166848,0.003336328,0.006859322,0.003074829,0.00174208,0.002262747,0.002318413
374,56.45771,0.164148,1.333e-06,0.0744398,9.16e-07,0.009214402,0.01635122,0.03397369,0.008488236,0.003423661,0.00804157,0.003421495,0.002044747,0.002270413,0.002476496
375,56.62186,0.1453757,1.5e-06,0.07493838,9.17e-07,0.008576653,0.01015073,0.02051605,0.01106873,0.003210161,0.007289488,0.003156745,0.001870831,0.002270829,0.002324663
376,56.76724,0.1630645,1.333e-06,0.0742533,1.083e-06,0.008873069,0.01605822,0.03399603,0.00834132,0.003422995,0.00799357,0.003356328,0.002039747,0.002254746,0.002472746
377,56.9303,0.162858,1.5e-06,0.07446638,9.17e-07,0.007945737,0.01656764,0.03401486,0.00834132,0.003360078,0.008022654,0.003391911,0.002052747,0.002368329,0.002323913
378,57.09316,0.1408114,1.25e-06,0.07490213,1.083e-06,0.007538905,0.009968734,0.02055105,0.007512404,0.003226662,0.007315321,0.003176495,0.001866581,0.002248413,0.002502329
379,57.23397,0.149057,1.167e-06,0.07435538,8.33e-07,0.007809654,0.009976567,0.0205088,0.01585564,0.00353966,0.007304572,0.003171328,0.001873081,0.002255329,0.002404996
380,57.38303,0.1457217,1.167e-06,0.07480254,1.084e-06,0.00774032,0.003869661,0.007518404,0.01590781,0.005762241,0.01561156,0.005751324,0.00391591,0.002519496,0.002320163
381,57.52875,0.1512817,1.416e-06,0.07529055,1e-06,0.008139237,0.004189493,0.01543939,0.01577548,0.005732407,0.01560839,0.004668742,0.001848914,0.002267329,0.00231933
382,57.68003,0.1417292,1.417e-06,0.07422921,9.17e-07,0.008137737,0.009786317,0.0206063,0.007878904,0.003192412,0.007604404,0.003179162,0.001934663,0.002847662,0.00233008
383,57.82176,0.1485408,1.667e-06,0.07372455,9.17e-07,0.007605571,0.0100919,0.02056488,0.01583031,0.003528744,0.007320988,0.003469078,0.00186583,0.002210997,0.002325329
384,57.9703,0.1335706,1.333e-06,0.07486005,1.334e-06,0.007726237,0.003852327,0.007436821,0.01167507,0.004440243,0.01149065,0.004489743,0.002881828,0.002380663,0.00233433
385,58.10387,0.1374018,1.25e-06,0.07351471,1.083e-06,0.009715568,0.007154238,0.01477839,0.01175506,0.003361662,0.007121155,0.002998995,0.00178208,0.002866996,0.002350579
386,58.24127,0.1497683,1.416e-06,0.07433988,1.167e-06,0.008874652,0.009808734,0.02050863,0.01575439,0.003531244,0.007274072,0.003164245,0.001868413,0.002227913,0.00241358
387,58.39104,0.149273,1.416e-06,0.0746938,1e-06,0.007698654,0.009993651,0.02051513,0.01589872,0.003598494,0.007313571,0.003142579,0.00186608,0.002231746,0.002318163
388,58.54031,0.1332247,1.25e-06,0.07408721,9.17e-07,0.008973569,0.005710074,0.01160232,0.009375401,0.003770327,0.009249985,0.003777994,0.00204608,0.00223133,0.002398246
389,58.67354,0.1477651,1.333e-06,0.07651238,1e-06,0.007445322,0.0099999,0.02052122,0.0112279,0.003253829,0.007600321,0.003170328,0.001920247,0.00372966,0.002381663
390,58.8213,0.1502694,1.167e-06,0.0742703,9.17e-07,0.009298068,0.009971067,0.02054063,0.01578531,0.003509994,0.007284322,0.003185911,0.001857581,0.002217329,0.00234683
391,58.97157,0.1606585,1.167e-06,0.07631463,7.5e-07,0.009359569,0.007401904,0.0205203,0.01572539,0.005776574,0.01560339,0.003482911,0.001875081,0.002214329,0.002382496
392,59.13223,0.1606084,1.334e-06,0.07734146,8.33e-07,0.007511155,0.007420821,0.02051338,0.01575314,0.005747824,0.01638481,0.003503828,0.001842413,0.00223333,0.00235408
393,59.29284,0.1604459,1.083e-06,0.07771362,1e-06,0.007621405,0.007277821,0.02062613,0.01574031,0.005761408,0.01562256,0.003497578,0.00185383,0.002244913,0.002484246
394,59.45329,0.1583552,1.416e-06,0.07720721,1.083e-06,0.007564655,0.007257988,0.01813672,0.01577331,0.005764408,0.01559156,0.004642159,0.001862997,0.002226413,0.00232533
395,59.61164,0.161022,1.167e-06,0.07765821,7.5e-07,0.007523654,0.007262822,0.01813172,0.01575731,0.006209657,0.01561622,0.005221908,0.002885079,0.002418579,0.002334913
396,59.77266,0.1662317,1.166e-06,0.07788404,1e-06,0.008031237,0.01661981,0.03397061,0.00836032,0.003378078,0.007988404,0.003349244,0.002026497,0.002259997,0.002361329
397,59.93889,0.1515841,1.25e-06,0.07723029,1.084e-06,0.007692821,0.009961817,0.02052363,0.01574039,0.003526245,0.007289238,0.003183412,0.001857663,0.00223733,0.002338913
398,60.09048,0.1588731,1.084e-06,0.07740121,1.083e-06,0.007592571,0.007288572,0.01812447,0.01575472,0.005777241,0.01560247,0.004867158,0.001862331,0.002265746,0.002334413
399,60.24935,0.1504643,1.333e-06,0.0754273,9.17e-07,0.008044403,0.003700578,0.01498239,0.01580439,0.005763574,0.01560989,0.004678242,0.001872164,0.002259996,0.00231908
400,60.39982,0.1573574,1.166e-06,0.07582121,1e-06,0.007580905,0.007278238,0.01820289,0.01580581,0.005765324,0.01562606,0.004670826,0.001864663,0.002263997,0.002475329
401,60.55717,0.1419167,1.167e-06,0.07602363,1e-06,0.007566488,0.009972984,0.02057563,0.007522738,0.003167245,0.007338072,0.003156911,0.001855747,0.00225558,0.002479496
402,60.69909,0.1653991,1.25e-06,0.07665046,8.34e-07,0.008001153,0.01652014,0.03402153,0.008451903,0.003406161,0.00830557,0.003346078,0.00204258,0.002243246,0.002408246
403,60.86449,0.150227,1.167e-06,0.07606496,8.34e-07,0.007449654,0.01000507,0.02052763,0.01575964,0.003509661,0.007313488,0.003170995,0.001883247,0.00220583,0.002334829
404,61.01472,0.1453178,1.25e-06,0.07628071,9.16e-07,0.007436238,0.009969067,0.02055997,0.0110519,0.003220578,0.007240738,0.003170662,0.001872664,0.002195663,0.002317413
405,61.16003,0.1511385,1.25e-06,0.07677213,9.17e-07,0.007650071,0.01000307,0.02050555,0.01577481,0.003517911,0.007273988,0.003153245,0.001874664,0.00221558,0.002395329
406,61.31117,0.1411575,1.417e-06,0.0842242,1.084e-06,0.007662237,0.005708491,0.01161965,0.009347401,0.003777078,0.009249985,0.003216161,0.001635164,0.002380496,0.002334163
407,61.45233,0.1325225,1.25e-06,0.07671671,9.17e-07,0.007608821,0.007270572,0.01479939,0.006866573,0.003050411,0.006844156,0.003019912,0.00174483,0.002235663,0.002363246
408,61.58485,0.1412532,1.5e-06,0.07709204,9.16e-07,0.007587905,0.007292738,0.01474198,0.01164457,0.004394909,0.008964236,0.003039078,0.001751497,0.00224433,0.002497496
409,61.72611,0.1579277,1.167e-06,0.07660229,1.25e-06,0.007546488,0.007272572,0.01812164,0.01572748,0.00577124,0.01557373,0.004746409,0.001865331,0.002237829,0.00246033
410,61.88403,0.1325565,1.25e-06,0.07665146,1.083e-06,0.007638488,0.007253571,0.01479198,0.006972906,0.003063745,0.006824489,0.003016911,0.001743748,0.002243413,0.002353413
411,62.01659,0.1423645,1.334e-06,0.07724954,1e-06,0.007637321,0.007292739,0.01477739,0.01164498,0.004470159,0.009239152,0.003025662,0.00176708,0.002905912,0.002352246
412,62.15895,0.1588017,1.333e-06,0.07530629,8.33e-07,0.007999987,0.007339238,0.02049447,0.01588673,0.005808074,0.01597614,0.003527161,0.001872331,0.002265329,0.00232383
413,62.31776,0.1393837,1.166e-06,0.07565888,1.334e-06,0.008874652,0.003680411,0.01148415,0.01163365,0.004440659,0.01154648,0.004413327,0.002889162,0.002375829,0.002383996
414,62.45714,0.1379438,1.584e-06,0.07629429,1e-06,0.00835557,0.007153572,0.01478881,0.01170373,0.003309078,0.006882322,0.003029995,0.001728248,0.002287079,0.002408496
415,62.59508,0.1510171,1.333e-06,0.07609829,8.33e-07,0.008122904,0.009880234,0.02050438,0.01600772,0.003540495,0.007284571,0.003188662,0.001859747,0.002233829,0.00229408
416,62.7461,0.1507689,1.083e-06,0.07524496,9.16e-07,0.008988403,0.0097949,0.02050963,0.01582406,0.003505744,0.007320655,0.003136995,0.001868247,0.002256079,0.002317247
417,62.89687,0.1521768,1.25e-06,0.07583513,1e-06,0.009202985,0.0102159,0.02049697,0.01594089,0.003478328,0.007340738,0.003167662,0.00188558,0.002293746,0.002316663
418,63.04905,0.1498442,1.333e-06,0.0752008,9.17e-07,0.007725737,0.009956651,0.02055822,0.01583572,0.003561411,0.007318155,0.003161245,0.001870997,0.002252663,0.002400329
419,63.19889,0.1500877,1.25e-06,0.07537563,1e-06,0.007743238,0.01001365,0.02050813,0.01581372,0.003599411,0.007279905,0.003172328,0.001866914,0.002308246,0.002404246
420,63.34898,0.1521874,1.167e-06,0.07580096,1e-06,0.00868082,0.009906984,0.02051855,0.01591689,0.003525078,0.008144903,0.003179495,0.00186908,0.002299413,0.00234308
421,63.50117,0.1442838,1.083e-06,0.07523004,1e-06,0.00828157,0.007269238,0.01481314,0.01169006,0.004753076,0.01153398,0.003763994,0.00234533,0.002287746,0.002313496
422,63.64545,0.1421514,1.583e-06,0.07521663,1.083e-06,0.007477988,0.009973401,0.02051855,0.007717904,0.003237912,0.00765057,0.003185245,0.001951081,0.002743578,0.00247583
423,63.7876,0.148987,1.25e-06,0.07420738,9.16e-07,0.008055237,0.009933068,0.02055947,0.01577256,0.003530578,0.007285988,0.003201412,0.001889163,0.002217747,0.002332246
424,63.93659,0.1418099,1.083e-06,0.07491679,1.084e-06,0.00834832,0.003997077,0.01480914,0.01159165,0.004404576,0.01152348,0.004420159,0.002879079,0.002602996,0.002314496
425,64.0784,0.1317435,1.25e-06,0.0747833,1.083e-06,0.007647405,0.007267821,0.01485573,0.007060489,0.003062245,0.007075572,0.003046911,0.001785331,0.002837245,0.002319163
426,64.21014,0.1485892,1e-06,0.0741948,1.15e-05,0.007685987,0.009998068,0.02050955,0.01578856,0.003462411,0.007275571,0.003168078,0.001861747,0.00221233,0.00241958
427,64.35873,0.12853,1e-06,0.07549938,1.166e-06,0.008138321,0.004850742,0.009620484,0.008168737,0.003416911,0.00834657,0.003341911,0.002102164,0.002725412,0.002317246
428,64.48726,0.1347864,1.333e-06,0.07485146,9.16e-07,0.008714153,0.00401491,0.007237738,0.01196865,0.004436493,0.01152648,0.004448576,0.002888495,0.00236108,0.00233608
429,64.62205,0.149582,1.333e-06,0.07492855,9.16e-07,0.007758238,0.0100569,0.02052038,0.01580072,0.003539744,0.007274739,0.003187244,0.001863081,0.002226996,0.002423163
430,64.77163,0.1506826,1.334e-06,0.07450438,1e-06,0.00845982,0.009798901,0.02052822,0.01574006,0.00468141,0.007298404,0.003168245,0.001875831,0.002221579,0.002403413
431,64.92231,0.1507252,1.083e-06,0.0734908,8.33e-07,0.008384487,0.009922317,0.02052872,0.01588389,0.004708909,0.007671821,0.003672744,0.001878413,0.002268747,0.002312413
432,65.07304,0.15313,1.333e-06,0.07262272,9.17e-07,0.01352806,0.0100069,0.02052922,0.01578764,0.003539411,0.007313071,0.003373911,0.001893414,0.002226996,0.002306413
433,65.22617,0.1492263,1.25e-06,0.07463355,1.084e-06,0.00768657,0.009972901,0.02050305,0.01589081,0.003546411,0.007306321,0.003185328,0.001877914,0.002294913,0.002326246
434,65.37539,0.1335317,1.167e-06,0.07462055,9.17e-07,0.00825207,0.005811907,0.01159423,0.009403235,0.003757494,0.009258985,0.003734494,0.002388663,0.002398579,0.002309413
435,65.50892,0.1517461,1.5e-06,0.07432205,9.17e-07,0.008912236,0.01008782,0.02050097,0.01593422,0.003507577,0.007598405,0.003548494,0.002676079,0.002317496,0.00233833
436,65.66067,0.150162,1.167e-06,0.07406888,7.5e-07,0.00831932,0.009789651,0.02053638,0.01579589,0.004714992,0.007307988,0.003190412,0.001874663,0.002235413,0.002326497
437,65.81083,0.1501074,1.417e-06,0.0743418,1.166e-06,0.008904319,0.009912234,0.02050613,0.01585422,0.003571411,0.007320988,0.003180245,0.00186283,0.002323747,0.002326912
438,65.96094,0.1516471,1.25e-06,0.07463896,9.16e-07,0.009681151,0.009903068,0.02053205,0.01596481,0.003499578,0.007691821,0.003218328,0.00191033,0.002302163,0.002302663
439,66.11259,0.1490657,1.333e-06,0.07428396,1e-06,0.007719905,0.01000057,0.02051505,0.01593639,0.003518577,0.007336989,0.003162161,0.00186958,0.00231383,0.00240633
440,66.26165,0.149313,1.167e-06,0.07432413,1.083e-06,0.007802404,0.0100084,0.02054363,0.01624981,0.003548911,0.007251405,0.003163995,0.001869747,0.002228413,0.002319913
441,66.41097,0.1636269,1.583e-06,0.07496921,1.083e-06,0.008670819,0.01633789,0.03401211,0.00827307,0.003398328,0.007963154,0.003404828,0.00204108,0.002208329,0.002345413
442,66.57459,0.1434165,1.333e-06,0.07432405,1e-06,0.007433738,0.00996765,0.02052863,0.0110264,0.003203911,0.007285572,0.003187661,0.00186283,0.002204497,0.002389246
443,66.71801,0.1633232,1.25e-06,0.07432713,1.25e-06,0.008986985,0.01603389,0.03402678,0.008309319,0.003469995,0.00798107,0.003392328,0.002044497,0.002252579,0.002496163
444,66.88133,0.1633872,1.333e-06,0.07498988,9.17e-07,0.007968737,0.01667522,0.03406294,0.00830307,0.003375411,0.008005154,0.003399328,0.002049413,0.00222358,0.002332246
445,67.04472,0.1450088,1.334e-06,0.07447146,8.33e-07,0.00832657,0.009808151,0.02052613,0.01170031,0.003207661,0.007322988,0.003173329,0.001858997,0.002211746,0.002399246
446,67.18973,0.1419973,1e-06,0.07459121,1e-06,0.00802982,0.007291655,0.01477614,0.01168865,0.004411659,0.01156923,0.003285245,0.001733414,0.00228158,0.002336663
447,67.33173,0.1590669,1.25e-06,0.07466046,1.084e-06,0.008533236,0.007182072,0.01815164,0.01582714,0.005821741,0.01596647,0.005325575,0.002902745,0.002379496,0.002313996
448,67.49079,0.1630648,1.25e-06,0.07408513,8.33e-07,0.008976403,0.01604372,0.03401703,0.008348403,0.003416578,0.008004487,0.003385745,0.002044246,0.002256747,0.002484246
449,67.65386,0.1500141,1.417e-06,0.07495938,1.167e-06,0.007620904,0.009963567,0.02050872,0.01581631,0.00411666,0.007320655,0.003199661,0.001889247,0.002221413,0.002394996
450,67.80387,0.1646332,1.166e-06,0.07511613,1.083e-06,0.009295652,0.01628606,0.03401628,0.008332237,0.003423411,0.007972654,0.003396161,0.002053247,0.002392579,0.002346496
451,67.9685,0.1436292,1.167e-06,0.07434463,1.25e-06,0.007501154,0.009982818,0.02052363,0.01106965,0.003216495,0.007294238,0.003171578,0.001855997,0.002259913,0.002406663
452,68.11213,0.1439738,1e-06,0.07446121,1.333e-06,0.007536154,0.01000473,0.0205253,0.01111423,0.003196162,0.007321321,0.003276245,0.00189008,0.002254497,0.002391496
453,68.25611,0.1503023,1.25e-06,0.0745353,1.083e-06,0.008836986,0.009932067,0.02053588,0.01594514,0.003491495,0.007333988,0.003144328,0.001847331,0.002297579,0.002399913
454,68.40641,0.142151,1.417e-06,0.07437655,1e-06,0.008199904,0.007288155,0.01476114,0.01167898,0.004421743,0.01155073,0.003333994,0.001738831,0.002299829,0.002498746
455,68.54856,0.159053,1.167e-06,0.0742953,1.167e-06,0.008879402,0.007171822,0.0181528,0.01589439,0.005784574,0.01594381,0.005319491,0.002887995,0.002392997,0.002328079
456,68.70761,0.1624862,1.417e-06,0.0739063,9.17e-07,0.008148903,0.01652922,0.03399611,0.008419737,0.003411161,0.008015153,0.003395662,0.00205108,0.002272079,0.002338413
457,68.8701,0.1438107,1.25e-06,0.07440696,1.25e-06,0.007548238,0.009987817,0.02051788,0.01111615,0.003199994,0.007296572,0.003166745,0.00185783,0.002297663,0.002412329
458,69.01391,0.1631637,1.333e-06,0.0745858,1.084e-06,0.007733571,0.01661981,0.03404003,0.00842507,0.003391411,0.008016487,0.003766828,0.002039913,0.002213163,0.002329246
459,69.17707,0.1632055,1.167e-06,0.07459005,9.17e-07,0.008688069,0.01607806,0.03398219,0.00829907,0.003371245,0.007989654,0.003390744,0.002048913,0.002301247,0.002464162
460,69.34028,0.143396,1.25e-06,0.07423938,1.083e-06,0.007432071,0.009966734,0.02053763,0.01109498,0.003219078,0.007258738,0.003185745,0.00188383,0.00224358,0.002331913
461,69.48368,0.1632147,1.583e-06,0.07432446,8.33e-07,0.008740069,0.01636489,0.03402211,0.008326903,0.003393578,0.00798757,0.003369912,0.002059413,0.00222183,0.002401496
462,69.64689,0.1447006,1.25e-06,0.07481996,9.17e-07,0.00830207,0.009772401,0.02052272,0.01102906,0.003175245,0.007313488,0.003204578,0.001865997,0.002222247,0.002470662
463,69.79159,0.1509686,9.17e-07,0.07432421,1.083e-06,0.008918403,0.009774234,0.02051547,0.01575081,0.004717825,0.007286072,0.003194161,0.001863914,0.00221208,0.002409413
464,69.94256,0.1513843,1.333e-06,0.07420946,1.084e-06,0.008852985,0.009882401,0.02052097,0.01590164,0.003539661,0.007460821,0.00389391,0.002477413,0.002246996,0.002395663
465,70.09394,0.1504881,1.25e-06,0.07449055,9.17e-07,0.008383236,0.009809235,0.02051522,0.01575264,0.004738325,0.007253489,0.003139911,0.001861414,0.00221033,0.002331579
466,70.24443,0.149998,1.083e-06,0.07421255,9.16e-07,0.008758903,0.009949067,0.02051922,0.01575364,0.003505994,0.007300822,0.003199828,0.00206558,0.00240983,0.002320579
467,70.39443,0.1424001,1.5e-06,0.0746193,1e-06,0.008378487,0.007298321,0.01478723,0.01166998,0.004426659,0.01159348,0.003326995,0.001737664,0.002235496,0.002323996
468,70.53683,0.1570572,1.083e-06,0.07462555,1e-06,0.008444987,0.007215905,0.01819297,0.01584656,0.005772324,0.01574622,0.004684076,0.001846664,0.002279163,0.002400746
469,70.69389,0.1581581,1.166e-06,0.07422596,1e-06,0.008595152,0.007429322,0.02051972,0.01579464,0.005735657,0.01567689,0.003547578,0.00188058,0.002260663,0.002489746
470,70.85205,0.1571012,1.167e-06,0.07470113,9.17e-07,0.008664736,0.007164322,0.01819972,0.01579314,0.005752074,0.01559414,0.004703826,0.001862413,0.002335413,0.002328163
471,71.00915,0.1574743,1.333e-06,0.0750163,1e-06,0.00765882,0.008166071,0.01816789,0.01577897,0.005780324,0.01560072,0.004715576,0.001862664,0.002241246,0.002483413
472,71.16662,0.1392357,1.084e-06,0.07222538,1.083e-06,0.008724153,0.0099734,0.0206163,0.007528238,0.003210662,0.007339654,0.003200662,0.00186533,0.00225908,0.002290663
473,71.30586,0.1625937,1.166e-06,0.0742893,1.416e-06,0.007815904,0.01660797,0.03402994,0.008353819,0.003405245,0.008010404,0.003385911,0.00203683,0.002258163,0.002397579
474,71.46845,0.163773,1.166e-06,0.07464396,1e-06,0.008848902,0.01637672,0.03402378,0.00837557,0.003398828,0.00803332,0.003407161,0.002058247,0.002275746,0.00232858
475,71.63222,0.1417971,1.084e-06,0.07420613,7.5e-07,0.008270653,0.009953901,0.02053388,0.007861321,0.003865077,0.007311571,0.003172912,0.001868913,0.00225933,0.002491579
476,71.77402,0.1633931,1.333e-06,0.07410305,9.16e-07,0.009011486,0.01641331,0.0340057,0.008303403,0.003393161,0.008043404,0.003383828,0.002041996,0.00228933,0.002402163
477,71.93741,0.1639908,1.166e-06,0.07484713,1.084e-06,0.008858652,0.01603272,0.03402703,0.008360987,0.003410828,0.00835282,0.003432827,0.002040414,0.002226079,0.00239908
478,72.1014,0.1491403,1.667e-06,0.07420071,9.17e-07,0.007389488,0.01081415,0.02051197,0.01576181,0.003506244,0.007271238,0.003174078,0.001854247,0.002242414,0.002411329
479,72.25055,0.1627847,1.25e-06,0.07434488,8.33e-07,0.008001237,0.01644139,0.0340062,0.008354736,0.003371828,0.008026237,0.003388161,0.002048247,0.002305163,0.002494496
480,72.41333,0.1430558,1.25e-06,0.0739998,1.083e-06,0.007433571,0.009974651,0.02053763,0.01105765,0.003215412,0.007277571,0.003181745,0.001862914,0.002190663,0.002321829
481,72.55639,0.1503163,1.083e-06,0.07413338,1e-06,0.008386737,0.009792401,0.0205378,0.01574514,0.004774076,0.007302571,0.003244245,0.001870414,0.002198579,0.00232883
482,72.7067,0.1489204,1.25e-06,0.07440146,1.167e-06,0.007652904,0.01000257,0.02052113,0.01582156,0.003527495,0.007303904,0.003188745,0.001866497,0.002208913,0.00242283
483,72.85562,0.1406245,1.084e-06,0.07485171,1e-06,0.007449821,0.01000623,0.02054447,0.007525571,0.003186828,0.007305905,0.003178995,0.00187083,0.00221483,0.002487246
484,72.99625,0.1490497,1.25e-06,0.07456471,1e-06,0.007651738,0.009996567,0.02051313,0.01582864,0.003519327,0.007300905,0.003184245,0.001865997,0.002236663,0.002385496
485,73.1453,0.1340719,1.333e-06,0.07412163,8.34e-07,0.007844737,0.004845242,0.007458738,0.0117689,0.004456076,0.01149323,0.004438743,0.002883912,0.002368913,0.002389663
486,73.27937,0.1363868,1.417e-06,0.07516688,8.34e-07,0.00797307,0.007169822,0.01479523,0.01168748,0.003348828,0.006889572,0.002990745,0.001765914,0.002212997,0.002383996
487,73.41576,0.1516395,1.333e-06,0.07427555,1e-06,0.009876317,0.009916068,0.02050913,0.01600264,0.003584411,0.007723487,0.003246412,0.00187533,0.002298496,0.00232933
488,73.56739,0.149969,1.334e-06,0.07437421,1.083e-06,0.008887736,0.00980915,0.02050297,0.01581123,0.003506911,0.007335738,0.003189245,0.00188158,0.002266996,0.00240083
489,73.71736,0.1504721,1.25e-06,0.07481555,9.16e-07,0.008740486,0.009904484,0.02050655,0.01595014,0.003503078,0.007362738,0.003153912,0.00185383,0.002279413,0.002399746
490,73.86784,0.1507178,1.25e-06,0.07421346,1.25e-06,0.008824902,0.009779401,0.02049805,0.01581581,0.004719076,0.007284821,0.003136495,0.001842164,0.002276246,0.002324913
491,74.01855,0.1643462,1.25e-06,0.07453971,1.084e-06,0.009368984,0.01629856,0.03408178,0.008373236,0.003400578,0.008058737,0.003382828,0.00204908,0.002288329,0.00250208
492,74.1829,0.144267,1.25e-06,0.07495713,1.167e-06,0.007494238,0.009992233,0.02053588,0.01110048,0.003225245,0.007330988,0.003157245,0.001845913,0.00229558,0.002329663
493,74.32717,0.1500218,1.417e-06,0.0743268,1e-06,0.008757903,0.009920317,0.02054213,0.01585831,0.003532911,0.007338405,0.003209578,0.001862497,0.00224783,0.002422663
494,74.47719,0.1491558,1.166e-06,0.07446646,1e-06,0.007727488,0.01001473,0.02050755,0.01585806,0.003521244,0.007296905,0.003194745,0.00187233,0.002277413,0.002416746
495,74.62634,0.1502383,1.417e-06,0.07479663,1.333e-06,0.008495737,0.0099404,0.02049963,0.01596114,0.003520327,0.007350738,0.003212662,0.001870747,0.002254246,0.002333247
496,74.77658,0.1389508,1.25e-06,0.0744593,1.084e-06,0.008882235,0.003784327,0.01175865,0.01171256,0.004760743,0.01144848,0.004421743,0.002898912,0.002359163,0.002462329
497,74.91553,0.1402819,1.416e-06,0.07456721,9.17e-07,0.007431571,0.01000382,0.02054638,0.007507571,0.003193495,0.007294321,0.003191162,0.001844913,0.00221883,0.002480329
498,75.05582,0.1491365,1.334e-06,0.07469688,8.33e-07,0.007681405,0.009981733,0.02052247,0.01579547,0.003505327,0.007282739,0.003177494,0.001860664,0.002218663,0.002411496
499,75.20495,0,0,0,0,0,0,0,0,0,0,0,0,0,0

Averages:
0.1504099,1.287688e-06,0.07522472,1.155998e-06,0.008267916,0.009982641,0.02123736,0.01252059,0.003929073,0.009009624,0.003495147,0.002015664,0.00231582,0.002408906
