OpenCV version: 2.4
Usage: 7-SobelDerivatives <input-number> [<samples>]
input-number - is the video device number. Defaults to zero. E.g. for /dev/video2 just use '2' as argument.
samples - number of samples before application ends. Defaults to 1000; zero means infinite.
sample_number,elapsed_time,frame,mat_alloc,read_img,gpumat_alloc,gpu_frame_upload,convert_color,gaussian_blur,sobel,convert_scale,sobel2,convert_scale2,add_weighted,gpu_frame_download,show_img
0,0,0.4439322,4.416e-06,0.1787908,1.084e-06,0.02885496,0.04882476,0.03316787,0.04021802,0.01242781,0.04608868,0.01160681,0.008329321,0.0123374,0.0232803
1,0.4439322,0.3803164,1.167e-06,0.2066944,1.083e-06,0.02817671,0.02139663,0.0416436,0.0294692,0.01000599,0.01735197,0.007420489,0.004547743,0.006614073,0.006993323
2,0.8242487,0.3293627,1.25e-06,0.1843353,9.16e-07,0.02607163,0.02151122,0.02628446,0.01940905,0.008072321,0.01540598,0.009225736,0.003930161,0.007958071,0.007156656
3,1.153611,0.3146434,1.167e-06,0.1829806,1e-06,0.0212358,0.02112522,0.0213883,0.01759697,0.007596905,0.01775797,0.007327572,0.004529826,0.005752908,0.007349156
4,1.468255,0.3857964,1.333e-06,0.1848866,1.083e-06,0.02871979,0.0728708,0.02846737,0.02188713,0.007322739,0.01645439,0.007078655,0.004258994,0.005736658,0.008110821
5,1.854051,0.356084,1.417e-06,0.2013512,1.167e-06,0.02115013,0.02930045,0.02425746,0.02227105,0.007700238,0.02128447,0.006840073,0.00420391,0.006056408,0.01166598
6,2.210135,0.3198507,1.167e-06,0.1839023,1e-06,0.02741821,0.01391381,0.02814929,0.01862747,0.007048573,0.01650139,0.007027906,0.004154993,0.005887241,0.007217323
7,2.529986,0.4069581,1.417e-06,0.1956572,1.084e-06,0.04449943,0.055748,0.03312178,0.0220178,0.01103573,0.01632089,0.00866857,0.004109077,0.008057654,0.007719489
8,2.936944,0.3835424,1.417e-06,0.1829223,1.584e-06,0.02842937,0.07292572,0.02845621,0.02197005,0.007308572,0.01654731,0.007030323,0.00412241,0.005830908,0.007996237
9,3.320486,0.3879517,1.583e-06,0.1872125,9.17e-07,0.02934687,0.07281872,0.02838787,0.02209113,0.007293572,0.01656606,0.007021322,0.004276494,0.005930991,0.007003739
10,3.708438,0.3274982,1.333e-06,0.1828476,9.17e-07,0.02136047,0.02925262,0.02437996,0.01925939,0.008419904,0.01618706,0.006903156,0.003985077,0.00664624,0.008254404
11,4.035936,0.348563,1.667e-06,0.1847345,1e-06,0.02113722,0.02928104,0.04077994,0.01915947,0.008006904,0.01951047,0.007862238,0.00478966,0.005760491,0.007538405
12,4.384499,0.3258162,1.417e-06,0.1836226,1.333e-06,0.02120972,0.02925154,0.02426596,0.0191528,0.008274403,0.01622481,0.006839239,0.003950328,0.005995907,0.007026073
13,4.710315,0.3279588,1.416e-06,0.1849424,8.33e-07,0.02102455,0.02997662,0.02426905,0.01920747,0.00832082,0.01636297,0.006840406,0.004118994,0.005916991,0.006976323
14,5.038274,0.3253838,1.417e-06,0.1828269,1e-06,0.02129822,0.02928979,0.0242438,0.01921047,0.008313821,0.01613264,0.007025072,0.003963661,0.006057324,0.007019739
15,5.363658,0.3333215,1.25e-06,0.1903449,1e-06,0.0211068,0.02929871,0.02427763,0.01920647,0.008296404,0.01606972,0.006821323,0.00413441,0.005658825,0.008104071
16,5.69698,0.3330686,1.167e-06,0.1851054,1e-06,0.0211448,0.02931996,0.02428621,0.02046172,0.008393237,0.01822472,0.007600072,0.004693826,0.005680742,0.008155737
17,6.030048,0.3281908,1.167e-06,0.185083,1.083e-06,0.02094205,0.0292832,0.02429505,0.01933947,0.00838132,0.01616322,0.006784657,0.00410241,0.005694991,0.008119238
18,6.358239,0.3272771,1.333e-06,0.1842063,1e-06,0.02089622,0.02930354,0.02428196,0.0194078,0.008305904,0.01627539,0.006832489,0.003955161,0.005842074,0.007967905
19,6.685516,0.3480662,1.5e-06,0.1858016,1.166e-06,0.02129713,0.02924879,0.04073835,0.02035572,0.007946155,0.01804839,0.006806489,0.004098994,0.005697658,0.008024238
20,7.033582,0.3276561,1.583e-06,0.1843647,1e-06,0.02111555,0.02932012,0.02428821,0.0192153,0.008303237,0.01619672,0.006821157,0.003983993,0.005915241,0.008129238
21,7.361238,0.3844992,1.334e-06,0.1847395,1.5e-06,0.02848312,0.07292014,0.02841971,0.0218853,0.007326489,0.01653314,0.007005573,0.004280076,0.005920908,0.006982489
22,7.745738,0.3845873,1.584e-06,0.1839321,1.416e-06,0.02844471,0.0728608,0.02849471,0.02192113,0.007383238,0.01653306,0.007008989,0.004115077,0.005767658,0.008122904
23,8.130325,0.3864783,1.333e-06,0.1854198,9.16e-07,0.02882904,0.07292039,0.02840179,0.0219593,0.007338155,0.01647273,0.007072822,0.00426866,0.005670992,0.008122404
24,8.516803,0.3859042,1.25e-06,0.1851499,1.084e-06,0.02853262,0.0729103,0.02844462,0.02194013,0.007327322,0.01649564,0.007082073,0.004129327,0.005758408,0.008131487
25,8.902707,0.3845272,1.5e-06,0.1846821,1.083e-06,0.02869904,0.07290664,0.02840637,0.02191697,0.007294488,0.01644081,0.00699649,0.00430191,0.005859907,0.007019906
26,9.287235,0.3858695,1.334e-06,0.1849482,1.5e-06,0.02883346,0.07290547,0.02846579,0.02195588,0.007354406,0.01649064,0.006983906,0.004152327,0.005676241,0.008100321
27,9.673104,0.3226945,1.5e-06,0.186291,9.17e-07,0.02753871,0.01394764,0.02815387,0.01866939,0.007020156,0.01655114,0.007060572,0.004265411,0.005796657,0.007397572
28,9.995799,0.3254757,1.334e-06,0.1837028,1.083e-06,0.02075022,0.02928229,0.02429771,0.01920497,0.00833857,0.01626139,0.006866489,0.003958244,0.005811241,0.006999323
29,10.32127,0.3275247,1.583e-06,0.1852907,1.166e-06,0.02118338,0.02927679,0.02429646,0.01920247,0.008303821,0.01607547,0.006987823,0.004097243,0.005815908,0.006991823
30,10.6488,0.3259425,1.667e-06,0.1838773,8.33e-07,0.02106022,0.02930812,0.02428255,0.01920805,0.008274071,0.01614681,0.00682174,0.004006577,0.005972574,0.006981989
31,10.97474,0.3973691,1.333e-06,0.1844219,1.084e-06,0.02880237,0.04857851,0.06082799,0.02197963,0.00856807,0.01909689,0.006994489,0.004288244,0.005714408,0.008094154
32,11.37211,0.3528483,1.417e-06,0.184007,1e-06,0.02149097,0.04868067,0.02840071,0.02218588,0.007340989,0.01667272,0.006991656,0.004145744,0.005967741,0.006961822
33,11.72496,0.3826779,1.334e-06,0.1845615,1e-06,0.02580938,0.07293072,0.02840754,0.02196647,0.007322072,0.01654931,0.007004156,0.00431116,0.005679658,0.00813357
34,12.10764,0.3221521,1.5e-06,0.1791164,9.16e-07,0.02094413,0.02929896,0.0244168,0.01924939,0.008361153,0.01614298,0.006991739,0.00396816,0.005653242,0.008006737
35,12.42979,0.3837235,1.5e-06,0.1825476,1.084e-06,0.02892145,0.07286472,0.02846837,0.02211847,0.007312738,0.01642881,0.007003656,0.004335244,0.005927574,0.007792238
36,12.81351,0.3825018,1.333e-06,0.1823411,1e-06,0.02855946,0.0728893,0.02843729,0.0218623,0.007374738,0.01652272,0.007018989,0.004168327,0.005619408,0.007705821
37,13.19601,0.3844472,1.333e-06,0.1833002,1e-06,0.02885854,0.07294114,0.02845421,0.02188347,0.007337655,0.01653772,0.007017573,0.00429741,0.005699324,0.008117571
38,13.58046,0.3237149,1.334e-06,0.1806548,9.17e-07,0.02175438,0.02926879,0.02429771,0.01927122,0.008313153,0.01632197,0.006929906,0.003998661,0.005908657,0.006993406
39,13.90418,0.3149128,1.167e-06,0.1828793,9.17e-07,0.02118772,0.02118647,0.0212908,0.01757839,0.007581821,0.01771622,0.007270239,0.00448041,0.005737408,0.008001987
40,14.21909,0.349883,1.417e-06,0.1805282,1.25e-06,0.0214478,0.04869934,0.02840829,0.02191205,0.007342072,0.01652489,0.007040073,0.00416741,0.005635492,0.008174654
41,14.56897,0.3265052,1.333e-06,0.1840578,1.334e-06,0.02118413,0.02936412,0.02435371,0.01927747,0.008353404,0.01611747,0.00679549,0.00412066,0.005862241,0.007016073
42,14.89548,0.3237653,1.334e-06,0.1815149,1.334e-06,0.0212113,0.02937071,0.02428163,0.01927955,0.008327987,0.01621673,0.006817573,0.003959078,0.005793491,0.006989656
43,15.21924,0.3650693,1.333e-06,0.1830777,1e-06,0.02808146,0.04874451,0.02840512,0.02312888,0.008137821,0.01969964,0.007948488,0.005099659,0.005756407,0.00698724
44,15.58431,0.3911996,1.583e-06,0.1829905,1.083e-06,0.02857379,0.0729293,0.02850304,0.02319696,0.008085488,0.01980305,0.00802407,0.005008076,0.006200824,0.007881904
45,15.97551,0.3573947,1.5e-06,0.1820934,9.17e-07,0.02134105,0.04870159,0.02844621,0.02298947,0.008148237,0.01961405,0.007935238,0.005170576,0.005865741,0.007086739
46,16.33291,0.3561659,1.5e-06,0.1812286,1.083e-06,0.02141005,0.04869876,0.02837604,0.0228288,0.008108238,0.01971839,0.007979571,0.005029909,0.005822158,0.006962739
47,16.68907,0.3297551,1.5e-06,0.1867919,1.166e-06,0.02091988,0.02932354,0.0243278,0.01931947,0.008301654,0.01615181,0.006785156,0.00409616,0.005677075,0.008057988
48,17.01883,0.3629577,1.5e-06,0.188576,9.17e-07,0.02649196,0.04872092,0.02841904,0.02188688,0.007404655,0.01656489,0.007041405,0.004150161,0.005662908,0.008036404
49,17.38178,0.3311905,1.417e-06,0.187908,1.083e-06,0.02096463,0.0292802,0.02428296,0.01923639,0.008321987,0.01608431,0.007193322,0.004108161,0.005689574,0.008118488
50,17.71298,0.3329661,1.583e-06,0.188714,1e-06,0.02101722,0.02930629,0.02429205,0.0203583,0.008398154,0.01615348,0.006891573,0.004022577,0.005684575,0.00812532
51,18.04594,0.333566,1.5e-06,0.1890271,1.167e-06,0.02099597,0.02927671,0.02449746,0.0204678,0.008399737,0.01615364,0.006852406,0.004118327,0.005643658,0.008130487
52,18.37951,0.3320173,1.417e-06,0.1888563,1e-06,0.02086205,0.02931687,0.02434713,0.0192163,0.008284071,0.01609431,0.006772739,0.003950161,0.007235905,0.007079073
53,18.71152,0.3312059,1.333e-06,0.1882195,1.083e-06,0.02102513,0.02931462,0.02430571,0.01927097,0.008286987,0.01598539,0.00683374,0.00409966,0.005782325,0.008079487
54,19.04273,0.3564016,1.333e-06,0.1868751,1e-06,0.02124455,0.04862968,0.02842029,0.02304597,0.007316155,0.01651198,0.007122489,0.004119577,0.006126907,0.006986573
55,19.39913,0.3560208,1.416e-06,0.1871783,9.16e-07,0.02149063,0.04866467,0.02840762,0.02189447,0.007339655,0.01644289,0.007019906,0.004355827,0.00608424,0.007140239
56,19.75515,0.3466522,1.416e-06,0.1817897,1.166e-06,0.02136438,0.02927729,0.04075335,0.01935097,0.008028237,0.0196303,0.007936821,0.004673576,0.005673991,0.008170988
57,20.10181,0.3542397,1.167e-06,0.1846146,9.17e-07,0.02176747,0.04868134,0.02838946,0.02190272,0.007352405,0.01652697,0.006995406,0.004267993,0.005629325,0.008109904
58,20.45604,0.3271567,1.417e-06,0.1842397,1.5e-06,0.0209753,0.02934912,0.02427138,0.01927355,0.00834132,0.01623506,0.006852822,0.003955328,0.005633824,0.008026321
59,20.7832,0.3259742,1.333e-06,0.1822213,1e-06,0.02128738,0.02925829,0.02442554,0.0192573,0.008391404,0.01598348,0.007011239,0.004091411,0.005995574,0.008048904
60,21.10918,0.3258302,1.75e-06,0.1834982,1e-06,0.02115172,0.0292792,0.02429363,0.01945764,0.008301487,0.01613648,0.00681049,0.00395966,0.005952324,0.006986656
61,21.43501,0.3280493,1.25e-06,0.185228,9.17e-07,0.02112897,0.02930504,0.02438721,0.01944814,0.00830882,0.01619973,0.00682549,0.004137577,0.00608399,0.006994156
62,21.76306,0.376914,1.583e-06,0.1810826,9.17e-07,0.02411338,0.0728498,0.02847662,0.0217768,0.007306655,0.01653639,0.007015072,0.004104244,0.005652491,0.007997404
63,22.13997,0.3246296,1.417e-06,0.1821647,1.166e-06,0.02119663,0.02924037,0.0243493,0.0192213,0.008339904,0.01617498,0.006907572,0.004145244,0.005897908,0.006989072
64,22.4646,0.3259175,1.417e-06,0.183811,1.166e-06,0.02099097,0.02933229,0.02428788,0.0191823,0.008339154,0.01614973,0.007039573,0.003964494,0.005827658,0.006989905
65,22.79052,0.3283126,1.417e-06,0.185745,8.34e-07,0.0212333,0.02928846,0.02435721,0.01923197,0.008337154,0.01610389,0.006837906,0.004116827,0.005994574,0.007064073
66,23.11883,0.3824104,1.416e-06,0.1845211,1.333e-06,0.02589446,0.07293505,0.02841087,0.02185672,0.007371322,0.01652548,0.006996989,0.004153327,0.005654408,0.008087904
67,23.50124,0.3840946,1.333e-06,0.1841545,1.166e-06,0.02878079,0.07290481,0.02842021,0.02187355,0.007339572,0.01648623,0.006992989,0.004283827,0.005875074,0.006980572
68,23.88533,0.3790016,1.5e-06,0.1849793,1.167e-06,0.02191572,0.07290614,0.02841362,0.02190922,0.007353989,0.01655947,0.007056073,0.004141827,0.005636158,0.008127404
69,24.26434,0.3601696,1.583e-06,0.1916953,1.334e-06,0.02129813,0.04871434,0.02839237,0.02190322,0.007372905,0.01641323,0.007043489,0.004290827,0.006044574,0.006998322
70,24.62451,0.3843361,1.333e-06,0.184413,1e-06,0.02886054,0.07289255,0.02842262,0.02190822,0.007344488,0.01652931,0.006967906,0.00419716,0.005810741,0.006987156
71,25.00884,0.3860468,1.417e-06,0.1859345,9.17e-07,0.02867537,0.07292522,0.02848162,0.02188938,0.007372822,0.01646189,0.007024989,0.004314826,0.005965408,0.006998406
72,25.39489,0.3832847,1.5e-06,0.1845622,9.17e-07,0.02651338,0.0729258,0.02844471,0.02193263,0.007404489,0.01661456,0.007065822,0.004136077,0.005691241,0.007991321
73,25.77817,0.3865793,1.166e-06,0.1854452,1.166e-06,0.02888921,0.07288764,0.02840837,0.02194172,0.007386739,0.01653414,0.007047156,0.00431816,0.005627324,0.008091321
74,26.16475,0.3843348,1.834e-06,0.1838235,1.083e-06,0.02890946,0.0729268,0.02844712,0.02191288,0.007332489,0.01648714,0.007104489,0.004141827,0.005604575,0.007641655
75,26.54909,0.3863392,1.5e-06,0.1854146,1e-06,0.02890496,0.07290697,0.02841437,0.02190005,0.007363489,0.01637764,0.006978072,0.004331827,0.005638074,0.008106655
76,26.93543,0.3273389,1.584e-06,0.1844537,1.083e-06,0.0210623,0.0292897,0.02430313,0.01926864,0.008346571,0.01618414,0.006794073,0.003960827,0.005648075,0.008025071
77,27.26276,0.379888,1.417e-06,0.1843795,9.17e-07,0.02378113,0.07291289,0.02843054,0.02194738,0.007405072,0.01646681,0.006997989,0.004269411,0.005775491,0.007519405
78,27.64265,0.3277317,1.834e-06,0.1846526,8.33e-07,0.02101172,0.02929645,0.02429271,0.01929214,0.008334238,0.01632398,0.006897072,0.003962077,0.005656492,0.008009571
79,27.97038,0.3286874,1.333e-06,0.1847862,1e-06,0.02096172,0.02927204,0.02526213,0.01916747,0.008300904,0.01603031,0.007001823,0.004100244,0.005680991,0.008121237
80,28.29907,0.3223958,1.334e-06,0.1845964,1.083e-06,0.02864712,0.01395023,0.02897479,0.01849347,0.007029406,0.01650914,0.007016656,0.004159827,0.00600824,0.007008156
81,28.62147,0.3320895,1.667e-06,0.1890793,8.33e-07,0.02093788,0.02936254,0.02427271,0.0192033,0.008410071,0.01613814,0.006796907,0.00412641,0.005640908,0.008118821
82,28.95356,0.3210493,1.5e-06,0.1842566,1e-06,0.02861954,0.01396081,0.02817712,0.01853372,0.007006989,0.01648172,0.007033989,0.004118243,0.005658908,0.007199073
83,29.27461,0.3861695,7.833e-06,0.1857113,1.25e-06,0.02824746,0.07289722,0.02847087,0.02189797,0.007356322,0.01647031,0.007017406,0.00427591,0.005684241,0.008131404
84,29.66078,0.3806709,1.583e-06,0.1841745,1.166e-06,0.02456338,0.07281339,0.02841971,0.0219028,0.007319905,0.01646122,0.007115072,0.004133577,0.005641242,0.008123321
85,30.04145,0.3854714,1.416e-06,0.1848532,1.083e-06,0.02870721,0.07288047,0.02839229,0.02187805,0.007355906,0.01641731,0.007001572,0.00431741,0.005734408,0.007931071
86,30.42692,0.3839012,1.417e-06,0.1842727,1.25e-06,0.02851446,0.07292922,0.02840229,0.02189472,0.007409822,0.01650981,0.006987573,0.004143743,0.005645075,0.007189072
87,30.81082,0.3848975,1.333e-06,0.1847665,1e-06,0.02884096,0.07297939,0.02841904,0.02190097,0.007420572,0.01646289,0.006980573,0.004244826,0.005889325,0.006990156
88,31.19572,0.3278139,1.25e-06,0.1854918,9.17e-07,0.02110638,0.02924596,0.02435046,0.01925214,0.008323987,0.01627498,0.006854656,0.00399241,0.005899825,0.007019155
89,31.52353,0.3291096,1.334e-06,0.1858848,9.16e-07,0.02149797,0.02931087,0.02437971,0.01927505,0.008387487,0.01609139,0.007025906,0.004123493,0.006105491,0.007025156
90,31.85264,0.3282432,1.417e-06,0.18535,1e-06,0.0210133,0.02931095,0.02429296,0.01925639,0.008343321,0.01617439,0.006855739,0.003944161,0.005682408,0.008017154
91,32.18088,0.3299151,1.166e-06,0.186699,1.084e-06,0.02110705,0.02930137,0.0242758,0.01929214,0.008422403,0.01610164,0.006777823,0.004103411,0.005677408,0.008154737
92,32.5108,0.3280521,1.75e-06,0.1858722,1.083e-06,0.02109288,0.02929437,0.0243678,0.01922805,0.008315237,0.01624539,0.006846906,0.003967494,0.005822741,0.006996156
93,32.83885,0.3321733,1.417e-06,0.1897719,1e-06,0.0212538,0.02926812,0.0242638,0.01929855,0.008322654,0.01612764,0.006848489,0.004110994,0.005926991,0.006977989
94,33.17102,0.3283028,1.417e-06,0.1850888,9.17e-07,0.02099488,0.02931621,0.02426021,0.01950864,0.008303904,0.01607881,0.007021656,0.003941411,0.005738408,0.008047571
95,33.49933,0.3282272,1.416e-06,0.1857225,1.167e-06,0.02114663,0.02929704,0.02430855,0.01946597,0.008308987,0.01614748,0.006853656,0.004138743,0.005819741,0.007015406
96,33.82755,0.3800697,1.416e-06,0.1860835,1.083e-06,0.02167588,0.07291514,0.02841329,0.02197472,0.007379572,0.01664856,0.007022405,0.004154827,0.005643492,0.00815582
97,34.20762,0.3280186,1.5e-06,0.1858244,1.25e-06,0.02095988,0.02928687,0.02429654,0.0193003,0.008315404,0.01612873,0.00681924,0.004069327,0.005987407,0.007027739
98,34.53564,0.3271138,1.334e-06,0.1848795,1e-06,0.02107447,0.0292792,0.02427138,0.0192018,0.008402654,0.01625897,0.006864906,0.003969244,0.005901074,0.007008323
99,34.86276,0.3286489,1.333e-06,0.1863905,1.083e-06,0.02113772,0.02933287,0.02426688,0.01921822,0.008341737,0.01600781,0.007035406,0.004071077,0.005839075,0.007005239
100,35.19141,0.3281232,1.333e-06,0.1857021,9.16e-07,0.02109097,0.02934095,0.02428596,0.01936097,0.008405487,0.01615564,0.006861406,0.003974994,0.005920074,0.007022323
101,35.51953,0.3277087,1.083e-06,0.1851543,1e-06,0.02118213,0.02931079,0.0242583,0.0193768,0.008420904,0.01614231,0.006836239,0.004123494,0.005901324,0.00699999
102,35.84724,0.3860148,1.5e-06,0.1842768,1e-06,0.02885071,0.0728728,0.02846687,0.02268905,0.007396322,0.01656698,0.007090655,0.004117994,0.005716575,0.007967571
103,36.23325,0.3286225,1.417e-06,0.1853483,1e-06,0.02139405,0.0293107,0.0242828,0.01921997,0.008273821,0.01618539,0.006823907,0.004129327,0.005627324,0.008024488
104,36.56187,0.3911876,1.25e-06,0.1913137,1e-06,0.02803071,0.07288247,0.02842421,0.02189505,0.007285488,0.01645414,0.007149655,0.004089911,0.005636158,0.008023821
105,36.95306,0.3348969,1.166e-06,0.1927162,1.167e-06,0.02112997,0.02925679,0.02428888,0.01923089,0.008293487,0.01610481,0.006823739,0.004132744,0.005740741,0.007176322
106,37.28796,0.319277,1.417e-06,0.183771,1.083e-06,0.02688996,0.01393689,0.02813537,0.01857005,0.007059906,0.01661189,0.007025156,0.00414991,0.005705408,0.007418988
107,37.60724,0.384594,1.25e-06,0.184102,9.17e-07,0.02891662,0.07298447,0.02840162,0.02191147,0.007373655,0.01653573,0.006992572,0.004273827,0.006101491,0.006998322
108,37.99183,0.3865569,1.333e-06,0.1852277,1e-06,0.02855171,0.07290705,0.02906362,0.02191955,0.007384072,0.01655414,0.007049406,0.00415216,0.005615742,0.008129404
109,38.37839,0.3854231,1.25e-06,0.1844046,9.17e-07,0.02866329,0.07294905,0.02840821,0.02192622,0.007315072,0.01636981,0.007072406,0.004281076,0.005648825,0.00838232
110,38.76381,0.3844657,1.333e-06,0.1832317,1e-06,0.02902612,0.07298814,0.02843212,0.02193047,0.007402739,0.01649881,0.006982322,0.004176244,0.005667158,0.008127571
111,39.14828,0.3852952,1.333e-06,0.1851674,8.34e-07,0.02868837,0.07280206,0.02841671,0.0221203,0.007368739,0.01654131,0.006987322,0.004312994,0.005926157,0.006961656
112,39.53357,0.3849196,1.333e-06,0.1832499,1.167e-06,0.02881762,0.07289472,0.02842262,0.02209047,0.007303989,0.01674556,0.007185989,0.004124577,0.005953574,0.008128071
113,39.91849,0.3321662,1.334e-06,0.1896392,9.17e-07,0.02140622,0.02930504,0.0242698,0.0191673,0.00830982,0.01619248,0.006828906,0.004120911,0.005976491,0.006947739
114,40.25066,0.3838487,1.333e-06,0.1834551,9.17e-07,0.02849104,0.07284522,0.02842921,0.02185263,0.007330239,0.01645431,0.007118156,0.004126743,0.005626325,0.008117488
115,40.63451,0.3219996,1.25e-06,0.1852399,1.084e-06,0.02814737,0.01396915,0.02814221,0.0185443,0.00701924,0.01647614,0.007019572,0.00430841,0.005641325,0.007489655
116,40.95651,0.353896,1.584e-06,0.1844847,1e-06,0.02155072,0.04871109,0.02840987,0.02182455,0.007385822,0.01650606,0.007024489,0.004148327,0.005640408,0.008207321
117,41.3104,0.3860824,1.167e-06,0.1854973,1e-06,0.02859021,0.07290339,0.02841096,0.02184163,0.007306572,0.01649339,0.007023239,0.00426216,0.005645992,0.008105404
118,41.69648,0.3528355,1.5e-06,0.1834137,1e-06,0.02140455,0.04865576,0.02840354,0.02189113,0.007444156,0.01658289,0.007071155,0.004158827,0.005675825,0.008131487
119,42.04932,0.3531533,1.333e-06,0.1845775,1.167e-06,0.0216708,0.04869659,0.02839771,0.02186955,0.007326739,0.01643731,0.007121906,0.004251326,0.005801408,0.006999906
120,42.40247,0.3267352,1.417e-06,0.1838646,9.17e-07,0.0211018,0.02931154,0.02429413,0.01924664,0.008300154,0.01612389,0.006820323,0.003977327,0.005664825,0.008027654
121,42.72921,0.3805615,1.583e-06,0.1842541,1.25e-06,0.02451696,0.07293789,0.02842304,0.02186188,0.007348989,0.01640906,0.006978572,0.004293577,0.005972408,0.007562155
122,43.10977,0.3261377,1.334e-06,0.1837587,8.34e-07,0.02112272,0.02930179,0.02429288,0.01922722,0.00825732,0.01620114,0.006877239,0.003947411,0.006166574,0.006982489
123,43.43591,0.3826874,1.25e-06,0.184386,1e-06,0.02538121,0.07292214,0.02840462,0.02313197,0.007329572,0.01652172,0.007065906,0.004278243,0.005731908,0.007531822
124,43.81859,0.38036,1.25e-06,0.1832817,1e-06,0.02480279,0.07292022,0.02849537,0.0219303,0.007319738,0.01653364,0.007125739,0.004118494,0.005632408,0.008197321
125,44.19895,0.3861335,1.25e-06,0.1853582,1.334e-06,0.02865487,0.0729348,0.02841754,0.02195155,0.007310239,0.01642639,0.006993989,0.00431966,0.005664408,0.008099238
126,44.58509,0.38422,1.334e-06,0.1838974,9.16e-07,0.02960687,0.07230047,0.02854171,0.02192697,0.007417656,0.01650272,0.007006906,0.004156494,0.005858074,0.007002489
127,44.96931,0.3277215,1.334e-06,0.1842277,1.166e-06,0.02163755,0.02930537,0.02428555,0.0192748,0.008286571,0.01609764,0.006827739,0.00408816,0.005663492,0.008024404
128,45.29703,0.3277999,1.333e-06,0.1840055,1e-06,0.02106388,0.02926954,0.02428446,0.02013497,0.008255737,0.01621731,0.006835406,0.003959994,0.005760491,0.008010238
129,45.62483,0.3282452,1.584e-06,0.185169,9.17e-07,0.02131655,0.02929195,0.02428463,0.01943622,0.008361403,0.01608314,0.007077239,0.004102577,0.006088408,0.007031572
130,45.95307,0.3284186,1.25e-06,0.184967,1.25e-06,0.0219943,0.02931596,0.02429246,0.01930522,0.008303488,0.01616897,0.006867489,0.003990911,0.005972824,0.007237489
131,46.28149,0.3810148,1.417e-06,0.1847595,1e-06,0.02415638,0.07291622,0.02841412,0.02184388,0.007380155,0.01647964,0.006990739,0.00429316,0.005641074,0.008137488
132,46.66251,0.3343899,1.667e-06,0.1926097,1.166e-06,0.02078947,0.02929679,0.02430188,0.01918697,0.008255821,0.01626589,0.006834156,0.003943411,0.005801491,0.007101489
133,46.9969,0.3364422,1.416e-06,0.1933722,9.17e-07,0.02117697,0.02931629,0.02437313,0.01923297,0.008360988,0.01619014,0.007335239,0.004139327,0.005951657,0.00699099
134,47.33334,0.3278142,1.25e-06,0.184596,1e-06,0.02200147,0.02931296,0.02430296,0.0192088,0.008429904,0.01609239,0.007022823,0.003949327,0.005897824,0.006997573
135,47.66115,0.3285888,1.5e-06,0.186401,1.25e-06,0.02099739,0.02932704,0.02428221,0.01923705,0.00833107,0.01602906,0.006817073,0.00416616,0.005639908,0.007358072
136,47.98974,0.3284081,1.5e-06,0.1853112,9.17e-07,0.02101613,0.02931571,0.02428321,0.01921372,0.00837632,0.01621481,0.006852239,0.003950911,0.005710491,0.008160904
137,48.31815,0.328412,1.25e-06,0.185857,8.34e-07,0.02134222,0.02927187,0.0243878,0.01922972,0.008279487,0.01616406,0.006783489,0.004090911,0.005881407,0.007121989
138,48.64656,0.3290904,1.333e-06,0.1861668,1.167e-06,0.02096738,0.02927104,0.0242738,0.01938097,0.008323404,0.01625647,0.006848823,0.00394916,0.005663575,0.007986488
139,48.97565,0.3284497,1.417e-06,0.1857015,1.083e-06,0.02139622,0.02925895,0.0242768,0.01942297,0.008299987,0.01598173,0.006974489,0.00412666,0.006039908,0.006968072
140,49.3041,0.3275847,1.583e-06,0.1857023,1e-06,0.02101797,0.02925754,0.02428205,0.01922064,0.008277487,0.01615289,0.006914322,0.003983661,0.005804574,0.006968739
141,49.63169,0.387517,1.5e-06,0.1856805,8.34e-07,0.02866421,0.07293064,0.02840454,0.02305313,0.007354656,0.01651114,0.007046322,0.00428491,0.006058324,0.007526239
142,50.0192,0.3283223,1.5e-06,0.1852598,1.167e-06,0.02093763,0.02932537,0.0243598,0.01940922,0.008319403,0.01622739,0.006780656,0.003942327,0.005648825,0.008109238
143,50.34753,0.3281647,1.5e-06,0.1849826,1.083e-06,0.02098705,0.0293097,0.02538788,0.01943222,0.008295821,0.01611214,0.006837157,0.004092743,0.005714908,0.007009823
144,50.67569,0.383937,1.333e-06,0.1837007,9.16e-07,0.02901637,0.07290405,0.02840704,0.02208738,0.007287989,0.01659798,0.007028072,0.00412091,0.005623742,0.007160489
145,51.05963,0.3876266,1.334e-06,0.1864655,1.083e-06,0.02904096,0.07289797,0.02841846,0.02211005,0.007347072,0.01658039,0.006998739,0.00435241,0.005708324,0.007704322
146,51.44726,0.3877622,1.416e-06,0.1874765,1.25e-06,0.02862371,0.07294539,0.02848229,0.02195763,0.007382322,0.01665456,0.007039239,0.004151994,0.006042657,0.007003239
147,51.83502,0.3852287,1.417e-06,0.1847775,1e-06,0.02936095,0.07292564,0.02840412,0.02180888,0.007279405,0.01650431,0.006966406,0.004271493,0.005869575,0.007057989
148,52.22025,0.384438,1.417e-06,0.1836866,9.16e-07,0.02868171,0.07287897,0.02843054,0.02185097,0.007339488,0.01659089,0.007036823,0.004177827,0.005624574,0.008137238
149,52.60468,0.3846841,1.25e-06,0.184564,8.33e-07,0.02887812,0.07295397,0.02846112,0.02185063,0.007351072,0.01639914,0.007060989,0.004275244,0.005699824,0.007187823
150,52.98937,0.3275186,1.25e-06,0.184695,1.084e-06,0.02092788,0.02926679,0.0243168,0.01921905,0.00831132,0.01615064,0.006845823,0.003974993,0.005787992,0.008019987
151,53.31689,0.3529059,1.25e-06,0.1845001,9.17e-07,0.02128688,0.04867101,0.02839654,0.02186497,0.007375571,0.01644622,0.007001823,0.004287326,0.006081241,0.006991989
152,53.66979,0.3890183,1.417e-06,0.1882674,1.083e-06,0.02857962,0.07297939,0.02842912,0.02186905,0.007377322,0.01654164,0.007044155,0.004130827,0.005661658,0.008135654
153,54.05881,0.3533711,1.334e-06,0.1849255,1.167e-06,0.02132647,0.04867568,0.02845762,0.0219323,0.007335322,0.01650256,0.007048739,0.00429916,0.005862325,0.007002905
154,54.41218,0.3262702,1.25e-06,0.1842532,8.34e-07,0.02086963,0.02928446,0.02436288,0.01921905,0.008314904,0.01609247,0.007013156,0.003935327,0.005906407,0.007016573
155,54.73845,0.3280578,1.25e-06,0.1852589,1.167e-06,0.02148147,0.02933337,0.02426005,0.01924047,0.008296737,0.01607464,0.006823823,0.004137494,0.006143324,0.007005155
156,55.06651,0.3211946,1.167e-06,0.1857857,1.25e-06,0.02690162,0.01392031,0.02812221,0.01858305,0.007065156,0.01651997,0.007005156,0.004149243,0.005737908,0.007401822
157,55.3877,0.3282231,1.583e-06,0.1855973,1.25e-06,0.02130013,0.02933279,0.02428013,0.0192238,0.00838382,0.01618631,0.006884656,0.004101994,0.005934658,0.006994655
158,55.71593,0.3822326,1.25e-06,0.1838576,1e-06,0.02602513,0.0728848,0.02843587,0.02192688,0.007328406,0.01663781,0.007093573,0.004121327,0.006004241,0.007914654
159,56.09816,0.3591562,1.333e-06,0.1898036,1.416e-06,0.0214733,0.04872784,0.02839079,0.02193363,0.007319906,0.01637797,0.007079323,0.00425016,0.005654324,0.008142571
160,56.45732,0.3535435,1.416e-06,0.1841612,9.17e-07,0.02135822,0.04866409,0.02842529,0.02193138,0.007346739,0.01648073,0.006987655,0.004170161,0.005895824,0.008119904
161,56.81086,0.3817864,1.25e-06,0.1853941,1.166e-06,0.02479038,0.07295947,0.02840004,0.02197405,0.007397655,0.01645039,0.006986656,0.004292743,0.005697824,0.007440656
162,57.19265,0.3817067,1.25e-06,0.1843398,1.084e-06,0.02543996,0.07292797,0.02842979,0.02193072,0.007284655,0.01652714,0.007051073,0.00411516,0.005633908,0.008024237
163,57.57435,0.3846125,1.5e-06,0.1844471,1.166e-06,0.02860104,0.07291639,0.02840854,0.0219953,0.007358572,0.01659681,0.007065739,0.004247827,0.005956741,0.007015739
164,57.95897,0.3855789,1.5e-06,0.1841977,1.167e-06,0.02906504,0.07292189,0.02842254,0.02183555,0.007404738,0.01648097,0.007112489,0.004135327,0.005841324,0.008158654
165,58.34454,0.3867507,1.333e-06,0.1856065,9.17e-07,0.02855571,0.07288747,0.02902696,0.02184972,0.007312322,0.01641322,0.006985073,0.00432991,0.005662241,0.008119238
166,58.7313,0.3276682,1.333e-06,0.1849734,1.25e-06,0.02083363,0.0292967,0.02428446,0.01917372,0.008381321,0.01618498,0.006828739,0.003942994,0.005744075,0.008021571
167,59.05896,0.3290623,1.417e-06,0.1861655,1.225e-05,0.02090272,0.02926529,0.02426946,0.01918905,0.008314071,0.01616081,0.006853656,0.004107827,0.005673241,0.008147071
168,59.38803,0.3268613,1.333e-06,0.1844124,1.25e-06,0.02120963,0.02928695,0.02427688,0.01922522,0.008365237,0.01629931,0.006873573,0.003983994,0.005929324,0.006996239
169,59.71489,0.3507544,1.333e-06,0.1861261,1.333e-06,0.02132513,0.02924737,0.04073619,0.01922239,0.008013654,0.01952422,0.007875155,0.004765992,0.005781908,0.008133571
170,60.06564,0.3277324,1.5e-06,0.184536,9.16e-07,0.02117313,0.02928695,0.02433746,0.01921664,0.00836407,0.01615956,0.00684874,0.003992827,0.005654575,0.00816007
171,60.39337,0.3338447,1.167e-06,0.1862558,1.083e-06,0.02113697,0.02927879,0.0242903,0.0204258,0.008365154,0.01813972,0.007531905,0.004764076,0.005863074,0.007790821
172,60.72722,0.3282317,1.333e-06,0.185567,1e-06,0.02111547,0.02928429,0.02429671,0.0193738,0.008377987,0.01625873,0.006822823,0.003967244,0.006198907,0.006966406
173,61.05545,0.3288932,1.583e-06,0.1859066,9.16e-07,0.02140797,0.02932462,0.0242768,0.01942705,0.008276154,0.01623247,0.006814906,0.004129743,0.006086241,0.007008156
174,61.38434,0.3274689,1.416e-06,0.184796,1.083e-06,0.02133605,0.02929637,0.02428705,0.01922839,0.00833007,0.01606156,0.007106822,0.003952494,0.006071657,0.00699999
175,61.71181,0.3287826,1.416e-06,0.1861307,1.167e-06,0.02143655,0.02928412,0.0242913,0.01926289,0.008358904,0.01611489,0.006837323,0.004145994,0.005914241,0.007003072
176,62.04059,0.3275302,1.5e-06,0.1847375,1.084e-06,0.02090155,0.02929295,0.02429913,0.01923589,0.00834582,0.01623031,0.00681299,0.003955244,0.005725158,0.007991071
177,62.36813,0.3287732,1.167e-06,0.1862714,1e-06,0.02137638,0.0292937,0.0243403,0.01924614,0.008384654,0.01613056,0.006795573,0.00409816,0.005834491,0.006999656
178,62.6969,0.3278098,1.5e-06,0.1847978,1.167e-06,0.02099697,0.02930429,0.02435571,0.0192918,0.008336404,0.01627164,0.006831906,0.00395991,0.005679158,0.007981571
179,63.02471,0.329118,1.417e-06,0.185861,7.5e-07,0.02117247,0.02927129,0.02428488,0.01927347,0.008284237,0.01601714,0.007005323,0.004087744,0.005644657,0.008213654
180,63.35383,0.381832,1.834e-06,0.1838299,1e-06,0.02561971,0.07285239,0.02848812,0.02195288,0.007317822,0.01662856,0.007055073,0.00416341,0.005771658,0.008149654
181,63.73566,0.3860001,1.667e-06,0.185385,1e-06,0.02938304,0.07282747,0.02840546,0.02182163,0.007387072,0.01645506,0.006979405,0.004318994,0.006038324,0.006995906
182,64.12166,0.3276578,1.5e-06,0.184694,1.166e-06,0.0209773,0.02929529,0.02433838,0.01921289,0.008317571,0.01626356,0.006861573,0.003934744,0.005653741,0.008106071
183,64.44932,0.3286826,1.333e-06,0.1856131,1.083e-06,0.02092688,0.0292822,0.02429763,0.01922355,0.008328154,0.01617014,0.006857072,0.004127411,0.005712908,0.00814107
184,64.778,0.3835042,1.5e-06,0.1846645,1e-06,0.02646046,0.07295797,0.02841362,0.02204163,0.007353739,0.01665789,0.007039489,0.004129827,0.005691741,0.008090821
185,65.1615,0.3871302,1.167e-06,0.1861933,9.17e-07,0.02860421,0.07291447,0.02840004,0.02203588,0.007395739,0.01656314,0.006967489,0.00429691,0.005640658,0.008116321
186,65.54863,0.3837346,1.25e-06,0.1846571,1e-06,0.02609988,0.07297505,0.02839204,0.02258063,0.007483322,0.01656106,0.007030239,0.004121993,0.005664325,0.008166654
187,65.93237,0.3288681,1.334e-06,0.1865402,1.084e-06,0.02125747,0.02927204,0.02429696,0.01923664,0.008340487,0.01613639,0.006853156,0.004089827,0.005841908,0.007000572
188,66.26124,0.3279072,1.416e-06,0.1846617,1e-06,0.02107905,0.0292732,0.02434005,0.0193908,0.008337988,0.01623431,0.006847906,0.003985744,0.005646074,0.008107904
189,66.58914,0.3552439,1.166e-06,0.186332,1e-06,0.02168913,0.04858634,0.02838687,0.02207772,0.007303405,0.01654822,0.007009822,0.004231327,0.006044741,0.007032072
190,66.94439,0.3531966,1.417e-06,0.1848495,1.167e-06,0.02129313,0.04873693,0.02842387,0.02192105,0.007289822,0.01651014,0.006993656,0.00417066,0.006016074,0.006989156
191,67.29758,0.3551255,1.334e-06,0.1850355,1.083e-06,0.02178347,0.04871976,0.02846787,0.0219688,0.007384072,0.01647106,0.007112739,0.00430466,0.005749158,0.008125988
192,67.65271,0.3852538,1.334e-06,0.1864441,1.167e-06,0.02664446,0.07292905,0.02847579,0.0218928,0.007306156,0.01657064,0.007064405,0.004106327,0.005690575,0.008126987
193,68.03796,0.3848153,1.333e-06,0.1844052,1.083e-06,0.02884162,0.07288405,0.02839387,0.0219263,0.007394738,0.01648872,0.007017239,0.004306493,0.005820158,0.007334489
194,68.42278,0.3273443,1.416e-06,0.184858,1.166e-06,0.02097805,0.02936562,0.02434771,0.01926614,0.008296154,0.01605739,0.006990322,0.003942577,0.005825075,0.007414655
195,68.75012,0.3553921,1.334e-06,0.1858545,1.167e-06,0.02153155,0.04869842,0.02844246,0.0219408,0.007323489,0.01641756,0.006997155,0.004334327,0.005647908,0.008201487
196,69.10551,0.3576979,1.5e-06,0.1922209,1.167e-06,0.02239722,0.02925312,0.04071927,0.01929339,0.008009821,0.01956697,0.007861321,0.004709493,0.005634741,0.008029071
197,69.46321,0.3940633,1.416e-06,0.1932162,1e-06,0.02866254,0.07285122,0.02841329,0.02191847,0.007335239,0.01655039,0.007066405,0.00425866,0.005776991,0.008011488
198,69.85728,0.3553618,1.417e-06,0.1858927,1.167e-06,0.0224353,0.04868576,0.02847829,0.02183788,0.007319655,0.01657606,0.007048072,0.004153244,0.005628075,0.007304155
199,70.21264,0.3867546,1.25e-06,0.1861435,1e-06,0.02851804,0.07283339,0.02844087,0.02184272,0.007364572,0.01640131,0.007137156,0.004294243,0.005633408,0.008143071
200,70.59939,0.3278469,1.584e-06,0.184941,1.083e-06,0.02096797,0.0293382,0.02429155,0.01919305,0.00830032,0.01613014,0.006861906,0.003962577,0.005732325,0.008125237
201,70.92724,0.3831606,1.417e-06,0.1858772,1e-06,0.02545979,0.07295272,0.02839596,0.0218468,0.007402405,0.01646806,0.007031823,0.004274076,0.005735825,0.007713488
202,71.3104,0.3805697,1.5e-06,0.1842924,9.16e-07,0.02487629,0.07289647,0.02849046,0.02185563,0.007360406,0.01677656,0.007035323,0.00409366,0.005666658,0.007223405
203,71.69097,0.384972,1.417e-06,0.1850924,1.333e-06,0.02862971,0.07287214,0.02839579,0.02190155,0.007325322,0.01650881,0.007056656,0.004299243,0.005871074,0.007016573
204,72.07594,0.3851659,1.666e-06,0.184043,1.167e-06,0.02986979,0.07226497,0.02898246,0.02189122,0.007343738,0.01648872,0.007100822,0.004122494,0.00606599,0.006989823
205,72.46111,0.3271504,1.834e-06,0.184872,1e-06,0.02138513,0.02928379,0.02426971,0.01919755,0.008306071,0.01608206,0.006798907,0.004132243,0.005836408,0.006983739
206,72.78826,0.3269855,1.25e-06,0.1844455,1e-06,0.02110138,0.02938062,0.02429321,0.01927672,0.00837432,0.01619097,0.006794406,0.003982744,0.006141407,0.00700199
207,73.11524,0.3292487,1.833e-06,0.185794,1.333e-06,0.02116488,0.02929295,0.02433955,0.0193683,0.008296487,0.01610881,0.006788656,0.004113993,0.005826741,0.008151154
208,73.44449,0.3279219,1.416e-06,0.1844038,1e-06,0.02099005,0.02933787,0.02429771,0.01942505,0.008317488,0.01620539,0.006915073,0.003954244,0.006068824,0.008003987
209,73.77241,0.3286455,1.417e-06,0.1850348,1.167e-06,0.02143988,0.02929071,0.02436021,0.0192403,0.008284487,0.01604806,0.007047989,0.004087993,0.005730908,0.008077571
210,74.10106,0.3816091,1.166e-06,0.1851228,1.333e-06,0.02432488,0.07292372,0.02847087,0.0219488,0.007313322,0.01650889,0.007028739,0.004156661,0.005655491,0.008152404
211,74.48267,0.3277721,1.25e-06,0.1850332,9.17e-07,0.02100097,0.02926646,0.02430346,0.01928722,0.008313487,0.01609306,0.006809156,0.004124327,0.005865408,0.007673155
212,74.81044,0.3849457,1.667e-06,0.1847579,1.25e-06,0.02881412,0.07288772,0.02840887,0.0220848,0.007354322,0.01671047,0.007010072,0.004116661,0.005807491,0.006990406
213,75.19539,0.317513,1.417e-06,0.1849482,1.083e-06,0.02122405,0.02121605,0.02123922,0.01781314,0.007633489,0.01779755,0.007256489,0.00452491,0.005623824,0.008233571
214,75.5129,0.3275459,1.25e-06,0.183854,1.083e-06,0.02129547,0.02927187,0.02428255,0.01927947,0.008297737,0.01615864,0.007060655,0.003945077,0.006149491,0.007948654
215,75.84044,0.3309955,1.416e-06,0.1879595,7.5e-07,0.02182588,0.02931271,0.02428321,0.0191778,0.008320653,0.01605089,0.006796573,0.00414466,0.005797575,0.007323822
216,76.17144,0.3537443,1.166e-06,0.1855107,9.17e-07,0.02120463,0.04864209,0.02840446,0.02186622,0.007449905,0.01652756,0.007096739,0.004154161,0.005877241,0.007008489
217,76.52518,0.317251,1.25e-06,0.1872667,9.17e-07,0.02116547,0.02117813,0.02126122,0.01747481,0.007562322,0.01687647,0.00665424,0.003880077,0.005673908,0.008255487
218,76.84244,0.3859155,1.667e-06,0.1841646,1e-06,0.02951895,0.0728753,0.02841971,0.02197305,0.007380322,0.01658056,0.007048656,0.004152327,0.005639574,0.008159738
219,77.22835,0.3845323,1.25e-06,0.1845216,9.17e-07,0.02881187,0.07284155,0.02838996,0.0218868,0.007351739,0.01647589,0.007090489,0.004293243,0.005852741,0.007014239
220,77.61288,0.3842534,1.75e-06,0.1836295,9.17e-07,0.02856679,0.07295264,0.02843104,0.0218493,0.007333655,0.01647564,0.007014905,0.004152077,0.005693325,0.008151821
221,77.99714,0.3850142,1.583e-06,0.1839685,1.25e-06,0.02890845,0.07293822,0.02840754,0.02188605,0.007526655,0.01647689,0.007004739,0.004957159,0.005755824,0.007181239
222,78.38215,0.3282477,1.417e-06,0.1856716,1e-06,0.02082563,0.02928687,0.02427138,0.01918722,0.008245821,0.01621122,0.006823989,0.003921661,0.005650324,0.008149488
223,78.7104,0.3276126,1.416e-06,0.1850138,1.084e-06,0.02115822,0.02933637,0.0243028,0.01927439,0.008463653,0.01620389,0.006830489,0.004124827,0.005923908,0.006977739
224,79.03801,0.3183776,1.167e-06,0.1846895,9.16e-07,0.02642396,0.01393331,0.02814637,0.01620347,0.007042989,0.01664372,0.007027406,0.004165744,0.005968657,0.008130321
225,79.35639,0.3808175,1.333e-06,0.1792278,1.084e-06,0.02895695,0.0729583,0.02849421,0.0220748,0.007323322,0.01654522,0.007058072,0.00430141,0.005831658,0.008043321
226,79.73721,0.3848438,1.166e-06,0.1839066,1.334e-06,0.02860087,0.07291864,0.02842404,0.02190655,0.007405572,0.01660881,0.007053656,0.004143327,0.005734908,0.008138321
227,80.12205,0.3332007,1.5e-06,0.1854004,8.33e-07,0.02126313,0.02931887,0.02428505,0.02034539,0.008316987,0.01816747,0.007550072,0.004736576,0.005685074,0.008129404
228,80.45525,0.3851107,1.583e-06,0.183994,9.16e-07,0.02888304,0.07289022,0.02847704,0.0219513,0.007326655,0.01656681,0.007021572,0.004159244,0.005638491,0.008199904
229,80.84036,0.3224446,1.917e-06,0.1856451,1.083e-06,0.02740154,0.0139759,0.02815612,0.01862022,0.007019906,0.01637639,0.007093989,0.004261076,0.005870241,0.008021071
230,81.16281,0.3833448,1.417e-06,0.1845133,9.17e-07,0.02658388,0.0729158,0.02839921,0.02201038,0.007323489,0.01648831,0.00699749,0.004175326,0.005745408,0.008189904
231,81.54615,0.3337439,1.333e-06,0.1897027,1.166e-06,0.0213653,0.02931879,0.02428788,0.01941955,0.00839032,0.01613064,0.006921073,0.004128493,0.006270907,0.007805738
232,81.87989,0.3850876,1.25e-06,0.1846721,1.167e-06,0.02912362,0.07295939,0.02840829,0.02195897,0.007350739,0.01670239,0.007006073,0.004116993,0.005802491,0.006984073
233,82.26498,0.3918865,1.416e-06,0.1852827,1.083e-06,0.02849629,0.07293989,0.02848679,0.02312955,0.008095321,0.01950647,0.007983487,0.005111576,0.005833491,0.007018405
234,82.65687,0.3273785,1.25e-06,0.1844079,1.417e-06,0.02128022,0.0292947,0.02434605,0.01920555,0.008301403,0.01608773,0.007169155,0.003969827,0.005908824,0.007404489
235,82.98425,0.3845359,1.417e-06,0.1848029,9.17e-07,0.02783212,0.07291139,0.02841604,0.02202522,0.007338655,0.01651664,0.007012406,0.00432066,0.005924324,0.007433239
236,83.36878,0.3814907,1.334e-06,0.1852202,1.167e-06,0.02417079,0.07281655,0.02841771,0.02201813,0.007369905,0.01663272,0.007022156,0.004178744,0.005632241,0.008008988
237,83.75027,0.3331307,1.584e-06,0.1907346,9.17e-07,0.02130155,0.02926937,0.02433855,0.01919714,0.008378737,0.01613131,0.006814406,0.004110327,0.005864825,0.006987405
238,84.0834,0.3290337,1.333e-06,0.1858475,1.166e-06,0.02097913,0.0293037,0.02433813,0.01923097,0.008337737,0.01629581,0.006858406,0.003974161,0.005721074,0.008144571
239,84.41244,0.3294337,1.417e-06,0.1864214,1e-06,0.02095655,0.02930787,0.02432913,0.01921789,0.008332987,0.01599431,0.006975239,0.004089827,0.005647908,0.008158237
240,84.74187,0.3855017,1.75e-06,0.1853703,1e-06,0.02857612,0.07290464,0.02859971,0.0219163,0.007342489,0.01652072,0.007016489,0.004159077,0.006093741,0.006999322
241,85.12737,0.3624304,1.334e-06,0.1895114,1.166e-06,0.02584479,0.04867009,0.02839904,0.02190247,0.007403405,0.01641347,0.006971989,0.004278577,0.006012824,0.007019906
242,85.4898,0.3919828,1.167e-06,0.1845538,8.34e-07,0.02881837,0.07291497,0.02843821,0.02285022,0.008061237,0.01956097,0.008022987,0.005003909,0.005718491,0.008037655
243,85.88179,0.3514007,1.083e-06,0.1865883,1e-06,0.02138138,0.02922995,0.04073552,0.0193468,0.007969654,0.01961089,0.007930987,0.004734326,0.005754325,0.008116487
244,86.23319,0.3268358,1.417e-06,0.1845506,1.167e-06,0.02119772,0.02930995,0.02428805,0.01925105,0.008323487,0.01612781,0.006983656,0.00395191,0.005841408,0.007007573
245,86.56002,0.3297182,1.25e-06,0.1860652,9.16e-07,0.02125255,0.02926804,0.02425388,0.0192533,0.008330404,0.01604681,0.006782657,0.004133827,0.005670324,0.00865907
246,86.88974,0.3270908,1.417e-06,0.1846722,1.083e-06,0.02110238,0.0292917,0.02428246,0.0192743,0.008447154,0.01617706,0.006779656,0.003965494,0.006054991,0.007040906
247,87.21683,0.328832,1.5e-06,0.185966,1e-06,0.02101772,0.02926262,0.02426271,0.01927747,0.00828832,0.01616889,0.006787406,0.004113994,0.005670658,0.008013654
248,87.54566,0.3287222,1.5e-06,0.1855553,1.167e-06,0.02101513,0.0293277,0.02428538,0.01932455,0.008340904,0.01620514,0.006931656,0.003956327,0.005747075,0.008030321
249,87.87439,0.3288192,1.333e-06,0.1848159,9.17e-07,0.02203838,0.02928779,0.02426988,0.01918964,0.008346987,0.01605914,0.006981156,0.004106911,0.005636574,0.008084654
250,88.20321,0.3803645,1.667e-06,0.1840848,1.083e-06,0.02433046,0.07292205,0.02842712,0.02180463,0.007316905,0.01648731,0.007017155,0.004165077,0.005664908,0.008141321
251,88.58357,0.3283951,1.584e-06,0.1854143,1e-06,0.0210233,0.0293197,0.02428255,0.01920589,0.008403903,0.01609081,0.006830823,0.004127327,0.005652407,0.008041488
252,88.91197,0.3276376,1.25e-06,0.1850043,1.083e-06,0.02087822,0.02929712,0.02428321,0.01915997,0.008298153,0.01623531,0.006862656,0.003923827,0.005674658,0.008017821
253,89.2396,0.3284035,1.417e-06,0.1852743,1e-06,0.02097922,0.0292617,0.02425921,0.0192098,0.008383487,0.01619356,0.006846323,0.00410566,0.005684658,0.008203154
254,89.56801,0.3267729,1.833e-06,0.1843288,1.083e-06,0.0212718,0.02929387,0.0243093,0.01924539,0.008370321,0.01612139,0.007038989,0.003976494,0.005824741,0.006988906
255,89.89478,0.3290688,1.167e-06,0.1866478,9.17e-07,0.02125497,0.0293302,0.02430563,0.01921239,0.008323904,0.01606156,0.00684849,0.004133243,0.005946075,0.007002489
256,90.22385,0.3194808,1.25e-06,0.1839733,9.17e-07,0.02682379,0.01393706,0.02812737,0.01873055,0.007036822,0.01662106,0.006943739,0.004150077,0.005657908,0.007476988
257,90.54333,0.3859291,1.5e-06,0.185465,1.084e-06,0.02883379,0.07293772,0.02841971,0.0220723,0.007413488,0.01657748,0.006983655,0.004267994,0.005977907,0.006977406
258,90.92926,0.3845087,1.5e-06,0.1837545,9.17e-07,0.0285332,0.07294305,0.02839146,0.02190663,0.007350322,0.01656189,0.007038905,0.004136411,0.005762074,0.008127821
259,91.31377,0.3862791,1.667e-06,0.1845193,1.334e-06,0.02906912,0.07271805,0.02849037,0.02276938,0.007342572,0.01643272,0.007168655,0.00428041,0.006032491,0.007452988
260,91.70005,0.3364795,1.584e-06,0.1933245,9.17e-07,0.02105605,0.0292742,0.02427946,0.01923972,0.00832582,0.01621248,0.006904573,0.00400541,0.005699575,0.008155237
261,92.03653,0.3321902,1.334e-06,0.1896561,1e-06,0.02127247,0.02928096,0.02433505,0.01921422,0.008360487,0.01613831,0.006799656,0.004125994,0.005859574,0.007145072
262,92.36872,0.3849157,1.583e-06,0.1840727,9.17e-07,0.02853337,0.07296464,0.02842437,0.0221023,0.007331238,0.01657656,0.007003406,0.00411791,0.005653408,0.008133237
263,92.75363,0.3859959,1.333e-06,0.1861227,1e-06,0.02859554,0.0728998,0.02839429,0.02195163,0.007316822,0.01649456,0.007007156,0.004304076,0.005888741,0.007018239
264,93.13963,0.3275169,1.5e-06,0.1846554,9.17e-07,0.02094772,0.02926745,0.02429238,0.01929839,0.00831332,0.01609873,0.007017822,0.003953744,0.005641324,0.008028238
265,93.46714,0.3287162,1.416e-06,0.1853685,1.167e-06,0.02125305,0.02932845,0.02428155,0.01931639,0.008283571,0.01606406,0.00689549,0.00415066,0.005767574,0.008004321
266,93.79586,0.3184084,1.417e-06,0.1845378,1e-06,0.02709521,0.01392323,0.02814787,0.01596573,0.007023489,0.01657881,0.007022156,0.004152827,0.005773491,0.008185404
267,94.11427,0.3850002,1.583e-06,0.1847174,1.084e-06,0.02861229,0.07290997,0.02848037,0.02186905,0.007394988,0.01643831,0.006996823,0.00427991,0.005712158,0.007586321
268,94.49927,0.3850067,1.667e-06,0.1841842,1e-06,0.02871537,0.07288472,0.02840662,0.02188447,0.007360905,0.01657106,0.007048239,0.00413991,0.005666825,0.008141737
269,94.88428,0.3853477,1.417e-06,0.1855965,1.166e-06,0.02854987,0.0729343,0.02840221,0.0218648,0.007351822,0.01644281,0.007066823,0.004270243,0.005850824,0.007014823
270,95.26962,0.3274469,1.417e-06,0.1845291,9.17e-07,0.0208903,0.02928021,0.02428896,0.01918864,0.00832332,0.01617214,0.006820823,0.003999827,0.005873657,0.008077571
271,95.59707,0.328057,1.584e-06,0.185058,1e-06,0.02105088,0.02930904,0.02428921,0.01925955,0.008361821,0.01607947,0.006819906,0.00411341,0.005685825,0.008027321
272,95.92513,0.3825574,1.333e-06,0.1844665,1.25e-06,0.02407721,0.0729143,0.02842779,0.0218818,0.007432072,0.01654356,0.008423153,0.004144827,0.005693991,0.00854957
273,96.30769,0.3283732,1.25e-06,0.185793,1.083e-06,0.02138147,0.02924912,0.02428038,0.0192313,0.00830632,0.01614956,0.006840156,0.004112493,0.005977908,0.007049155
274,96.63606,0.3178342,1.417e-06,0.1841036,1e-06,0.02675771,0.01390865,0.02817746,0.01611831,0.007020823,0.01654014,0.007071072,0.00413166,0.005862158,0.008140154
275,96.95389,0.3540838,1.583e-06,0.1847607,1.166e-06,0.02149755,0.04859476,0.02840054,0.0219158,0.007306072,0.01642239,0.006978823,0.004330243,0.005756741,0.008117404
276,97.30798,0.3870904,1.25e-06,0.1840365,1.084e-06,0.0313017,0.0729653,0.02847504,0.02190755,0.007341989,0.01650664,0.007094656,0.004135077,0.005747074,0.007576488
277,97.69507,0.3841352,1.583e-06,0.1847926,1.167e-06,0.02795229,0.07295372,0.02841046,0.02191088,0.007294405,0.01658647,0.007044656,0.004250577,0.005938907,0.006997406
278,98.0792,0.3864685,1.334e-06,0.1845798,1.166e-06,0.02853204,0.07291705,0.02841596,0.02263138,0.007316488,0.01654497,0.007699071,0.004155577,0.005633491,0.008040154
279,98.46567,0.3605936,1.25e-06,0.2172937,8.33e-07,0.02212363,0.02928512,0.02428046,0.01928755,0.008294403,0.01603422,0.006968323,0.004120744,0.005915657,0.006987656
280,98.82626,0.3522337,1.25e-06,0.1839752,1.167e-06,0.02139255,0.04868726,0.02841537,0.02193463,0.007279155,0.01651064,0.006978573,0.00417216,0.005901658,0.006984072
281,99.1785,0.3536845,1.333e-06,0.1848366,9.17e-07,0.02158022,0.04868767,0.02845454,0.0219808,0.007380905,0.01644764,0.006969572,0.00432241,0.006006408,0.007015406
282,99.53218,0.327597,1.75e-06,0.1844236,1.333e-06,0.02101238,0.02930862,0.02431905,0.01927314,0.00838432,0.01626198,0.006898406,0.003949827,0.005748991,0.008013571
283,99.85978,0.3160413,1.417e-06,0.1847741,1.083e-06,0.02213355,0.02118005,0.02126563,0.01748456,0.007594738,0.01695931,0.00663774,0.003935077,0.005920241,0.00815382
284,100.1758,0.3265373,1.25e-06,0.184655,1.25e-06,0.02090213,0.02928845,0.0243033,0.01920747,0.00831582,0.01610248,0.007013989,0.003950744,0.005780991,0.007014406
285,100.5024,0.3291051,1.417e-06,0.1860247,1.167e-06,0.02118122,0.02930987,0.02434455,0.01916805,0.008315321,0.01608589,0.006830656,0.004131744,0.005620991,0.008089488
286,100.8315,0.3273726,1.167e-06,0.1843124,1.334e-06,0.02103205,0.02928479,0.02432421,0.0192088,0.008353654,0.01619289,0.006805073,0.003972327,0.005860825,0.008023071
287,101.1588,0.3280074,1.333e-06,0.1848623,1.166e-06,0.02120563,0.02930871,0.02428954,0.01919555,0.008268987,0.01622422,0.006826072,0.004090827,0.005674658,0.008058404
288,101.4868,0.3276022,1.5e-06,0.1853326,1.333e-06,0.02110338,0.02925021,0.0242523,0.01924314,0.008335737,0.01626956,0.006872406,0.00396266,0.005866491,0.007110906
289,101.8144,0.3283342,1.75e-06,0.185715,9.17e-07,0.02129647,0.02927354,0.0242833,0.01920155,0.008335653,0.01604898,0.007021572,0.004109577,0.006022491,0.007023405
290,102.1428,0.3261028,1.666e-06,0.1841144,1e-06,0.02107155,0.02930429,0.0242788,0.0192178,0.008320654,0.01612264,0.006817573,0.004002827,0.005806658,0.007042989
291,102.4689,0.328748,1.334e-06,0.1852965,1.25e-06,0.02106738,0.02928471,0.02430513,0.01944397,0.008383237,0.01614264,0.00682399,0.00414091,0.005831991,0.008024904
292,102.7976,0.3285615,1.583e-06,0.1851645,9.17e-07,0.02106038,0.02928487,0.02427229,0.01938005,0.008319237,0.01626289,0.006834656,0.003948578,0.005861824,0.008169737
293,103.1262,0.3283548,1.333e-06,0.1848528,1.166e-06,0.02130755,0.02925737,0.0244508,0.0192408,0.008321904,0.01614114,0.006965406,0.004136494,0.006075657,0.007602405
294,103.4545,0.3285912,1.417e-06,0.1854868,1.333e-06,0.02097538,0.02934787,0.02431113,0.01925972,0.00828532,0.01616848,0.007074823,0.003946993,0.005715075,0.008016904
295,103.7831,0.3286107,1.416e-06,0.185102,1.083e-06,0.02106105,0.02995879,0.02428413,0.01927447,0.008275154,0.01603998,0.006808073,0.004147577,0.005634574,0.008022404
296,104.1117,0.3274707,1.333e-06,0.1844816,1.083e-06,0.02092263,0.02929754,0.02435046,0.01929264,0.00833307,0.01621364,0.006799823,0.003967243,0.005672992,0.00813657
297,104.4392,0.3286107,1.333e-06,0.1850663,1.334e-06,0.0214533,0.02924212,0.02430021,0.01928597,0.008321821,0.01617347,0.006810406,0.00407491,0.005794491,0.008084988
298,104.7678,0.3860393,1.417e-06,0.1855684,1.084e-06,0.02882004,0.07294047,0.02841212,0.02196505,0.007317489,0.01658581,0.007028489,0.004135743,0.005790991,0.007472239
299,105.1539,0.3304202,1.25e-06,0.1865143,1.167e-06,0.02176455,0.02930254,0.02427588,0.01931247,0.008267821,0.01600531,0.007072822,0.004126744,0.005774491,0.008000821
300,105.4843,0.354323,1.417e-06,0.1851696,1.084e-06,0.02228696,0.04867926,0.02838737,0.02179997,0.007357988,0.01652747,0.007039072,0.004180243,0.005908241,0.006984239
301,105.8386,0.3869217,1.5e-06,0.1867142,1e-06,0.02860887,0.0728888,0.02839312,0.0218703,0.007359072,0.01643131,0.007039656,0.004304327,0.005647324,0.007662238
302,106.2255,0.3277483,1.416e-06,0.1850463,1e-06,0.02091013,0.0293007,0.02430038,0.01921022,0.008306904,0.01622248,0.006843739,0.003940578,0.005659074,0.008005404
303,106.5533,0.3288165,1.417e-06,0.1855396,1e-06,0.02116747,0.02930879,0.02423488,0.0192223,0.00836082,0.01616398,0.006827406,0.004140244,0.005653491,0.008195071
304,106.8821,0.3282295,1.333e-06,0.1853888,1e-06,0.0209553,0.02931379,0.02430588,0.01920605,0.00834082,0.01608214,0.007018572,0.003950577,0.005658908,0.008006321
305,107.2103,0.3853105,1.417e-06,0.18515,8.33e-07,0.02883187,0.07291164,0.02841471,0.02188038,0.007319239,0.01645672,0.007010156,0.004333244,0.00598849,0.007011739
306,107.5956,0.3481243,1.417e-06,0.1792024,1.167e-06,0.02120755,0.04867576,0.02840562,0.02189405,0.007405238,0.01652481,0.007002323,0.00414616,0.005666824,0.007990988
307,107.9438,0.3843082,1.25e-06,0.183938,1.667e-06,0.02826637,0.07290055,0.02848846,0.02187705,0.007314656,0.01648139,0.006994822,0.00424916,0.005648741,0.008146154
308,108.3281,0.3266166,1.5e-06,0.1833057,1.166e-06,0.02123872,0.02929862,0.02434163,0.01927189,0.008331654,0.01626239,0.006838073,0.00396141,0.005726658,0.008037154
309,108.6547,0.3863391,1.417e-06,0.1849126,9.17e-07,0.02376896,0.07288655,0.02842279,0.02271888,0.008072238,0.01946164,0.007949321,0.005131242,0.006002157,0.007010323
310,109.041,0.3820916,1.667e-06,0.184722,1e-06,0.02448163,0.07293939,0.02840104,0.02258521,0.007352906,0.01649522,0.007059072,0.004160161,0.005717241,0.00817507
311,109.4231,0.384292,1.334e-06,0.1850342,1.167e-06,0.02776062,0.07295114,0.02841062,0.02191138,0.007382906,0.01650464,0.007041572,0.004308077,0.005937074,0.007047239
312,109.8074,0.3802318,1.167e-06,0.1845809,1.083e-06,0.02371655,0.07289314,0.02841837,0.0219033,0.007298072,0.01652922,0.006992656,0.004141327,0.005622408,0.008133654
313,110.1876,0.3849189,1.083e-06,0.1842536,1.25e-06,0.02895729,0.0730163,0.02839979,0.02199855,0.007305322,0.01648189,0.007020072,0.00430341,0.005646158,0.007534155
314,110.5726,0.3272971,1.417e-06,0.1844392,9.17e-07,0.02093997,0.0292932,0.02428888,0.01927714,0.008268654,0.01608714,0.006989156,0.00393566,0.005674158,0.008101571
315,110.8999,0.3844591,1.416e-06,0.184843,1e-06,0.02833196,0.0729993,0.02841396,0.02195905,0.007306655,0.01639922,0.007008406,0.004315326,0.005859325,0.007020405
316,111.2843,0.3853835,1.5e-06,0.1853415,9.16e-07,0.02747296,0.0729063,0.02853262,0.02193613,0.007376155,0.01652898,0.007156155,0.004155744,0.006007074,0.007967487
317,111.6697,0.3859257,1.416e-06,0.1853964,1.083e-06,0.02942062,0.07285939,0.02840946,0.02179205,0.007330906,0.01649064,0.007016156,0.004262576,0.005947408,0.006997656
318,112.0556,0.3233347,1.584e-06,0.1867105,1e-06,0.02802679,0.01393915,0.02814554,0.01861806,0.007032489,0.01659881,0.007059156,0.004136827,0.005645324,0.007419572
319,112.379,0.3534073,1.417e-06,0.18493,1.084e-06,0.02140788,0.04870092,0.02841037,0.02187913,0.007338572,0.01642089,0.007079739,0.004273827,0.005680324,0.007283155
320,112.7324,0.3304158,1.584e-06,0.1862467,1.25e-06,0.0212093,0.02932062,0.02427888,0.0202838,0.00829207,0.01609464,0.006796406,0.003990494,0.005870491,0.008029571
321,113.0628,0.3879308,1.5e-06,0.1860357,9.16e-07,0.02885446,0.07293005,0.02848087,0.0231948,0.007395572,0.01645172,0.007037239,0.004312327,0.005683658,0.007551988
322,113.4507,0.3249839,1.25e-06,0.181856,1e-06,0.02116188,0.02925237,0.02435696,0.01922714,0.00831382,0.01625606,0.006859906,0.003954327,0.005872324,0.007870904
323,113.7757,0.3484554,1.417e-06,0.1834776,1e-06,0.02129738,0.02928704,0.04075194,0.01936622,0.007964738,0.0197323,0.007970904,0.004767409,0.005713741,0.008123655
324,114.1242,0.3327768,1.583e-06,0.1895663,1.25e-06,0.02095188,0.02933229,0.02426338,0.01945914,0.008297071,0.01608739,0.007052405,0.003909411,0.005665324,0.008189404
325,114.4569,0.3279742,1.333e-06,0.18564,1.083e-06,0.02111713,0.02931987,0.02428221,0.01927714,0.008282987,0.01606839,0.006826573,0.00413691,0.005968824,0.007051739
326,114.7849,0.3268067,1.333e-06,0.1842874,1.083e-06,0.02113513,0.02931312,0.02433988,0.01923264,0.008405903,0.01622989,0.006803156,0.00396341,0.006090324,0.007003489
327,115.1117,0.3749178,1.334e-06,0.180417,9.17e-07,0.02253046,0.07286847,0.02839996,0.02189713,0.007322238,0.01643223,0.007046322,0.004292327,0.005716491,0.007992904
328,115.4866,0.3264874,1.334e-06,0.1828874,8.34e-07,0.02124097,0.02926837,0.0242808,0.01927772,0.008308487,0.01631231,0.006909156,0.003997493,0.006104824,0.007897738
329,115.8131,0.3509336,1.334e-06,0.1862621,1.083e-06,0.02136263,0.02931479,0.0407611,0.01934855,0.007987988,0.0195033,0.007806321,0.004751159,0.005741658,0.008091571
330,116.1641,0.3486478,1.166e-06,0.1857495,1.084e-06,0.02110605,0.02930737,0.04075169,0.01929097,0.007944238,0.01958447,0.007134989,0.003982827,0.005648325,0.00814507
331,116.5127,0.3835939,1.25e-06,0.1861033,1.167e-06,0.02620621,0.07295497,0.02840979,0.02191805,0.007375488,0.01643556,0.006988406,0.00429791,0.005920824,0.006980989
332,116.8963,0.3273511,1.25e-06,0.1846005,9.17e-07,0.02109763,0.02932145,0.02432105,0.0192813,0.008317154,0.01627047,0.006835656,0.00392616,0.005805658,0.007571905
333,117.2236,0.3297897,1.333e-06,0.1861567,1.084e-06,0.02123097,0.02930495,0.02431538,0.01931514,0.008332403,0.01618156,0.006958989,0.004123993,0.005733075,0.00813407
334,117.5534,0.329416,1.584e-06,0.1851548,1.25e-06,0.02193188,0.02928287,0.02428021,0.01918772,0.00836532,0.01611672,0.007007072,0.003955078,0.00596499,0.008166488
335,117.8828,0.3287513,1.25e-06,0.1851238,1e-06,0.02117197,0.02927295,0.02427813,0.01918289,0.00834207,0.01664989,0.006809073,0.004119827,0.005652741,0.008145737
336,118.2116,0.3280131,1.25e-06,0.1849718,1.083e-06,0.02112322,0.02928279,0.0243328,0.0191893,0.008330154,0.01619456,0.006852323,0.00398316,0.005672492,0.008078154
337,118.5396,0.3849907,1.333e-06,0.1849949,1.084e-06,0.02882021,0.07292555,0.02846412,0.02183822,0.007319405,0.01650081,0.007012906,0.00427441,0.005847574,0.006990239
338,118.9246,0.3269539,1.25e-06,0.1846531,1e-06,0.0210423,0.0292687,0.02428363,0.01922164,0.008303737,0.01627672,0.006917489,0.003953328,0.005999824,0.007031155
339,119.2516,0.3281909,1.5e-06,0.1850579,8.34e-07,0.0209883,0.02930829,0.0244138,0.01927097,0.00833482,0.01600081,0.006999323,0.004076494,0.005681491,0.008056404
340,119.5797,0.3852531,1.25e-06,0.1842889,1e-06,0.02893046,0.07289055,0.02844196,0.02195388,0.007376155,0.01650281,0.007010573,0.004153993,0.005661575,0.008039987
341,119.965,0.3862429,1.417e-06,0.1848299,1.084e-06,0.0288942,0.07284155,0.02838779,0.0218668,0.007449405,0.01640381,0.006984572,0.004283827,0.006224323,0.008074238
342,120.3512,0.3858457,1.5e-06,0.1842635,9.17e-07,0.02883004,0.07286847,0.02839971,0.0226638,0.007340822,0.01655764,0.007002823,0.004111327,0.005770241,0.008034987
343,120.7371,0.3862166,1.75e-06,0.1844432,1e-06,0.02887121,0.0729263,0.02840321,0.0230888,0.007299738,0.01651081,0.007014322,0.004297994,0.005758157,0.007600155
344,121.1233,0.3855195,1.25e-06,0.185256,1.333e-06,0.02895079,0.07280347,0.02847079,0.02190372,0.007327906,0.01645272,0.007141989,0.00413716,0.006047408,0.007024989
345,121.5088,0.3863704,1.167e-06,0.186267,1.083e-06,0.02868654,0.0728873,0.02840621,0.02190305,0.007314155,0.01647047,0.007018489,0.004329994,0.00611274,0.006972239
346,121.8952,0.3827108,1.334e-06,0.1839802,1e-06,0.02655671,0.07292455,0.02840571,0.02192613,0.007397822,0.01656264,0.007032989,0.004143994,0.005638158,0.00813957
347,122.2779,0.3319845,1.333e-06,0.1894683,1.083e-06,0.02125205,0.02932329,0.02434971,0.01923239,0.008278071,0.01620081,0.006803406,0.00410016,0.005979241,0.006994656
348,122.6099,0.3541795,1.5e-06,0.1845684,1.083e-06,0.02145655,0.04869434,0.02838346,0.02219021,0.007326655,0.01669164,0.007020406,0.004162327,0.005647074,0.008035905
349,122.9641,0.3868837,1.167e-06,0.1853508,1.083e-06,0.02872612,0.07291497,0.02839554,0.02210747,0.007396655,0.01656489,0.007017322,0.004302994,0.00602174,0.008082988
350,123.351,0.3285807,1.333e-06,0.1853749,8.33e-07,0.0210358,0.02931187,0.02426038,0.01929789,0.008362654,0.01612814,0.006924239,0.00399066,0.005787908,0.008104154
351,123.6795,0.329204,1.167e-06,0.186048,1e-06,0.02202938,0.02934696,0.02427238,0.01914314,0.00840007,0.01613072,0.006831239,0.004110077,0.005881991,0.007007906
352,124.0087,0.3851232,1.334e-06,0.1838795,1e-06,0.02872221,0.07288922,0.02840679,0.02185413,0.007832238,0.01671039,0.007017239,0.00412966,0.005637408,0.008041987
353,124.3939,0.3854742,1.5e-06,0.1853592,1e-06,0.02853721,0.07291905,0.02841121,0.0218898,0.007395072,0.01652514,0.007030906,0.00428816,0.006103407,0.007012489
354,124.7793,0.3811649,1.333e-06,0.1844402,1.167e-06,0.02463329,0.0729138,0.02843471,0.02187722,0.007333405,0.01646906,0.007093655,0.004146077,0.005646492,0.008174487
355,125.1605,0.3847672,1.583e-06,0.1848887,9.16e-07,0.02862312,0.07293614,0.02840812,0.02186922,0.007311988,0.01643589,0.006995489,0.00433291,0.005948908,0.007014156
356,125.5453,0.3270704,1.166e-06,0.1824618,1e-06,0.02148947,0.02939137,0.02496204,0.01925705,0.008426154,0.01632931,0.006899989,0.003987577,0.005691908,0.008171571
357,125.8723,0.3853486,1.25e-06,0.1843657,8.34e-07,0.02880037,0.07292447,0.02845562,0.0218943,0.007322989,0.01645706,0.007010405,0.004229994,0.005669491,0.008216071
358,126.2577,0.3899491,1.583e-06,0.1899212,9.16e-07,0.02851421,0.07290489,0.02841796,0.02192638,0.007323822,0.01663981,0.007025573,0.004147993,0.005809075,0.007315738
359,126.6476,0.3853073,1.25e-06,0.1839303,1.334e-06,0.02895529,0.07292547,0.02841579,0.02191213,0.007427738,0.01642006,0.007075322,0.004274077,0.005768657,0.008199904
360,127.0329,0.3657358,1.333e-06,0.1894755,1e-06,0.02784912,0.04875542,0.02839737,0.02188888,0.007287406,0.01648064,0.007002656,0.00417141,0.006080657,0.00834432
361,127.3987,0.3271563,1.333e-06,0.1845358,1.084e-06,0.02122605,0.02927387,0.02429088,0.01925389,0.008350987,0.01610464,0.006886656,0.004101577,0.006134324,0.006995239
362,127.7258,0.328791,1.417e-06,0.1855615,1e-06,0.0210633,0.02927745,0.02435271,0.01923355,0.00832157,0.01630906,0.006873073,0.003960161,0.005713074,0.008123154
363,128.0546,0.350393,1.084e-06,0.1857892,8.33e-07,0.02128155,0.02926479,0.04073602,0.01923839,0.007962571,0.01956672,0.007887655,0.004772492,0.005686741,0.008204904
364,128.405,0.3274969,1.333e-06,0.185373,1.167e-06,0.02093413,0.02929512,0.02426313,0.01926272,0.008313237,0.01606806,0.00698799,0.00394766,0.006049491,0.006999822
365,128.7325,0.354173,1.25e-06,0.1844586,1.083e-06,0.02179522,0.04868967,0.02845454,0.02194263,0.007389239,0.01638322,0.006987239,0.004341077,0.005643991,0.008085237
366,129.0867,0.3289509,1.25e-06,0.1856513,1.083e-06,0.02116263,0.02931929,0.02432421,0.01935272,0.008349987,0.01618706,0.006845739,0.003982244,0.005651074,0.008122321
367,129.4156,0.3280985,1.417e-06,0.1846464,1e-06,0.0212388,0.02934762,0.02425763,0.01927447,0.008310821,0.01614831,0.006911156,0.004093577,0.005777824,0.008089488
368,129.7437,0.3307883,1.75e-06,0.186937,1.25e-06,0.0217368,0.02931887,0.02428688,0.0191888,0.008316904,0.01629864,0.00684824,0.003988743,0.005723742,0.008140654
369,130.0745,0.3278349,1.417e-06,0.1847585,9.16e-07,0.02134005,0.02931445,0.02436879,0.01917405,0.00829832,0.01653622,0.007066323,0.004112493,0.005870825,0.006992572
370,130.4024,0.3512776,1.25e-06,0.1869424,1.25e-06,0.02113538,0.02927162,0.0407476,0.0191888,0.007970404,0.01955322,0.007893988,0.004697326,0.005678741,0.008195654
371,130.7536,0.3272107,1.334e-06,0.1847145,9.17e-07,0.02115138,0.02930054,0.02432788,0.0192118,0.00840882,0.01613872,0.006809823,0.00412191,0.006011407,0.007011656
372,131.0809,0.3286254,1.5e-06,0.1854633,1.083e-06,0.02115938,0.02931137,0.02432171,0.0192308,0.008307903,0.01622648,0.006813156,0.003968494,0.006249824,0.007570405
373,131.4095,0.3280042,1.416e-06,0.1849376,9.17e-07,0.02094805,0.0292847,0.02434455,0.01926005,0.008392237,0.01624897,0.006805072,0.004108577,0.005664158,0.008007904
374,131.7375,0.3282874,1.5e-06,0.1861252,1.333e-06,0.02112147,0.02926862,0.02426829,0.0192423,0.00828182,0.01612673,0.007039406,0.003983743,0.005829075,0.006997905
375,132.0658,0.3861961,1.583e-06,0.1854922,1.084e-06,0.02887345,0.07296597,0.02842012,0.0218793,0.007328155,0.01639772,0.007013656,0.00432516,0.00600224,0.007495489
376,132.452,0.383111,1.25e-06,0.1848867,1.25e-06,0.02599246,0.07292405,0.02839287,0.02189497,0.007413489,0.01654031,0.006997156,0.004167743,0.005733992,0.008164737
377,132.8351,0.3847612,1.417e-06,0.1844685,9.17e-07,0.02890337,0.07292147,0.02847896,0.02188697,0.007281822,0.01645789,0.006996322,0.004286577,0.006040824,0.007036156
378,133.2198,0.3853831,1.417e-06,0.1850835,9.17e-07,0.02881221,0.07295447,0.02842596,0.02189055,0.007318405,0.01654089,0.007091739,0.004152327,0.006092323,0.007018323
379,133.6052,0.327773,1.084e-06,0.185272,9.16e-07,0.02113947,0.02931654,0.02429163,0.01926372,0.008271154,0.01610139,0.007022989,0.004104244,0.006003741,0.006984072
380,133.933,0.3872851,1.584e-06,0.1860576,1.083e-06,0.02859637,0.07287122,0.02842762,0.02293871,0.007319905,0.01644464,0.00699149,0.004161743,0.005706575,0.007766571
381,134.3203,0.3858917,1.333e-06,0.1856165,1.333e-06,0.02805829,0.0729228,0.02839729,0.02194105,0.007373406,0.01643447,0.006988573,0.00428316,0.005805657,0.008067904
382,134.7062,0.3286557,1.5e-06,0.1854158,1.25e-06,0.02115813,0.02928679,0.02435305,0.01927447,0.00834257,0.01623039,0.006813323,0.003948743,0.005894241,0.007935405
383,135.0348,0.3849222,1.583e-06,0.1862314,1.334e-06,0.02724729,0.07296655,0.02838845,0.02198147,0.007308905,0.01646356,0.007000323,0.004297493,0.005617575,0.007416321
384,135.4197,0.3833853,1.25e-06,0.1852225,1e-06,0.02626479,0.07293614,0.02841312,0.02194338,0.007332072,0.01646381,0.007229072,0.004203494,0.005722241,0.007652488
385,135.8031,0.3889139,1.5e-06,0.187468,8.33e-07,0.0296772,0.07288589,0.02839179,0.02183238,0.007314489,0.01645181,0.006989072,0.004322077,0.005914824,0.007664071
386,136.192,0.3833882,1.333e-06,0.1852281,1.084e-06,0.02667954,0.07290055,0.0284157,0.02179938,0.007388072,0.01647289,0.007007072,0.004178244,0.005637991,0.007678238
387,136.5754,0.390027,1.916e-06,0.1835003,9.17e-07,0.0288877,0.07291805,0.02844262,0.02260063,0.008076987,0.01952155,0.008056571,0.005105575,0.005900325,0.007013822
388,136.9655,0.3861259,1.417e-06,0.1856135,8.33e-07,0.02832237,0.07287222,0.02842554,0.02192197,0.007313822,0.01658256,0.007040573,0.00413591,0.005688074,0.008207154
389,137.3516,0.3925364,1.5e-06,0.1918351,9.16e-07,0.02852621,0.07298972,0.02846345,0.02187563,0.007337572,0.01640647,0.007064073,0.004270326,0.005644491,0.008120905
390,137.7441,0.3875823,1.833e-06,0.1868505,9.17e-07,0.02854546,0.07290655,0.02850087,0.02184555,0.007412905,0.01649681,0.007014322,0.00418641,0.005682075,0.008138154
391,138.1317,0.3376874,1.5e-06,0.1942813,1e-06,0.02100572,0.02925929,0.02427229,0.01926222,0.008407737,0.01613447,0.007046072,0.004105411,0.005765241,0.008145154
392,138.4694,0.3827352,1.25e-06,0.1856443,1.25e-06,0.02425013,0.07287064,0.02842012,0.02202705,0.007292406,0.01731039,0.007052906,0.00412591,0.005634575,0.00810432
393,138.8521,0.3822859,1.417e-06,0.1848008,1.083e-06,0.02463638,0.07287264,0.02841945,0.02213455,0.007411989,0.01658889,0.007062822,0.004297743,0.005847491,0.008210654
394,139.2344,0.3304162,1.167e-06,0.1871483,1.167e-06,0.02103355,0.02927462,0.02427155,0.01939039,0.008330737,0.01603931,0.007013072,0.003995494,0.006038241,0.007878654
395,139.5648,0.3215871,1.25e-06,0.1847603,1.25e-06,0.02826496,0.01394723,0.02813621,0.0185633,0.006979406,0.01640072,0.007054906,0.004330243,0.005828491,0.007318822
396,139.8864,0.3287561,1.25e-06,0.1856382,1.083e-06,0.02109497,0.02930737,0.02428863,0.01919964,0.008359237,0.01623398,0.006844489,0.003936577,0.005722158,0.008128487
397,140.2152,0.3852991,1.167e-06,0.1855968,1e-06,0.02858746,0.0729433,0.02840487,0.0219163,0.007308905,0.01648623,0.006979739,0.00425516,0.005825074,0.006993073
398,140.6005,0.3874116,1.584e-06,0.185864,1e-06,0.02878062,0.0729073,0.02839687,0.02290105,0.007341739,0.01653489,0.007048239,0.00411991,0.005651825,0.007862654
399,140.9879,0.3282215,1.25e-06,0.1858927,1.167e-06,0.02113572,0.0292792,0.02434805,0.01926055,0.008287737,0.01601647,0.007004156,0.004112577,0.005879157,0.007002739
400,141.3161,0.3293627,1.167e-06,0.1857801,1.084e-06,0.02096555,0.02937979,0.02496446,0.01929822,0.008299737,0.01609523,0.006804489,0.003992328,0.005639324,0.008141237
401,141.6455,0.3285655,1.417e-06,0.1852954,1.416e-06,0.02114822,0.02927337,0.02436488,0.01928947,0.008302571,0.01611147,0.00689624,0.00406966,0.005791491,0.008019904
402,141.974,0.3552014,1.25e-06,0.1862636,1.166e-06,0.02203088,0.04864534,0.02839037,0.02180063,0.007317238,0.01657497,0.006954322,0.004108994,0.005652324,0.007460239
403,142.3292,0.3270766,1.417e-06,0.1848634,1.083e-06,0.02109222,0.0292452,0.02430538,0.0192133,0.008367654,0.01620681,0.006821739,0.004130994,0.005800824,0.007026572
404,142.6563,0.3251365,1.416e-06,0.18274,8.33e-07,0.02108655,0.02116922,0.03148545,0.01749972,0.007584488,0.01812772,0.007376488,0.004327327,0.005648574,0.008088654
405,142.9815,0.3854372,1.5e-06,0.1854281,9.99e-07,0.02829454,0.07291372,0.02840629,0.02184005,0.007327655,0.01646114,0.007008323,0.004319993,0.005885907,0.007548989
406,143.3669,0.3282379,1.333e-06,0.1850571,1.25e-06,0.02094797,0.0293447,0.02433763,0.01924339,0.008376237,0.01623664,0.006821406,0.003989994,0.005876824,0.008003405
407,143.6951,0.3294394,1.416e-06,0.1866035,9.17e-07,0.02096688,0.02928695,0.02427629,0.01919547,0.008297653,0.01617064,0.006824239,0.00408091,0.005682158,0.008052321
408,144.0246,0.3281772,1.25e-06,0.1849735,1.333e-06,0.02111255,0.02933095,0.02425121,0.01925472,0.008332654,0.01630681,0.006859323,0.003973743,0.005731741,0.008047488
409,144.3527,0.3821561,1.25e-06,0.1855318,1.083e-06,0.02497571,0.07293072,0.02839121,0.02193897,0.007312239,0.01638514,0.007081239,0.00426316,0.005661408,0.007682155
410,144.7349,0.3291466,1.333e-06,0.1864574,1.333e-06,0.0210488,0.02928745,0.02432438,0.01930314,0.008593904,0.01619081,0.006810406,0.00400541,0.006103991,0.007018239
411,145.064,0.3297657,1.584e-06,0.1866955,1.417e-06,0.02118913,0.02933454,0.02427405,0.01918489,0.008297487,0.01610923,0.00676599,0.004107827,0.005782741,0.008021404
412,145.3938,0.3281215,1.25e-06,0.185125,1.167e-06,0.02100197,0.02931137,0.02427596,0.01920239,0.008306237,0.01621639,0.006896155,0.003944244,0.005718908,0.008120404
413,145.7219,0.329168,1.333e-06,0.1861812,1.167e-06,0.02102172,0.0292932,0.02428496,0.0192973,0.008283737,0.01624006,0.006881073,0.004106827,0.005876574,0.007698821
414,146.0511,0.3862559,1.5e-06,0.1853097,1.167e-06,0.02865179,0.07297155,0.02844029,0.02191572,0.007321405,0.01646597,0.007076989,0.004126244,0.005627741,0.00834582
415,146.4374,0.3284877,1.583e-06,0.1853733,1e-06,0.02126563,0.02924737,0.02426946,0.01926772,0.008297404,0.01606631,0.006803573,0.004140576,0.005664658,0.008089071
416,146.7658,0.3182579,1.5e-06,0.1848177,1e-06,0.02648304,0.01393223,0.02816912,0.01622822,0.007039989,0.01649364,0.006976323,0.004176243,0.005828991,0.008109904
417,147.0841,0.3875428,1.333e-06,0.1868751,1e-06,0.02864421,0.0729803,0.02841112,0.02193255,0.007361906,0.01652214,0.00697999,0.004261326,0.005879908,0.007691905
418,147.4716,0.3831279,1.5e-06,0.18461,1.334e-06,0.02658004,0.0729478,0.02840812,0.02198155,0.007312072,0.01656389,0.007156655,0.004136911,0.006204573,0.007223489
419,147.8548,0.3870015,1.334e-06,0.1856447,1e-06,0.02940221,0.07291355,0.02841346,0.02181638,0.007330322,0.01639989,0.007065239,0.004276077,0.005626408,0.008110904
420,148.2418,0.3829607,1.333e-06,0.1840674,1e-06,0.02592954,0.07289064,0.02847329,0.02274313,0.007337572,0.01648547,0.006987905,0.004160994,0.005651741,0.008230654
421,148.6247,0.384343,1.083e-06,0.1863586,1.25e-06,0.02589279,0.07293672,0.02841187,0.02185038,0.007381238,0.01644747,0.006989239,0.004308576,0.005686242,0.008077487
422,149.0091,0.3485369,1.25e-06,0.1793686,1.083e-06,0.0215573,0.04872742,0.02839796,0.0218463,0.007339156,0.01655322,0.006991905,0.004139161,0.005649741,0.007963737
423,149.3576,0.3789972,1.5e-06,0.1818385,9.17e-07,0.02482713,0.07295622,0.02840312,0.02195788,0.007325905,0.01651997,0.007031905,0.00429241,0.005730908,0.008110737
424,149.7366,0.3510144,1.75e-06,0.1826273,1.083e-06,0.02122272,0.04863742,0.02840654,0.02203913,0.007317822,0.01666822,0.007029156,0.00412016,0.005975324,0.006967739
425,150.0876,0.3537256,1.416e-06,0.1848716,1e-06,0.02158663,0.04867792,0.02842454,0.02204705,0.007320739,0.01655556,0.007018739,0.004326077,0.005892241,0.007002072
426,150.4414,0.3526134,1.166e-06,0.1843585,1.083e-06,0.02133597,0.04866892,0.02842529,0.02187563,0.007356238,0.01654256,0.007001989,0.004147327,0.005839241,0.007059572
427,150.794,0.3851124,1.333e-06,0.184319,1.083e-06,0.02886562,0.0728763,0.02840604,0.02250663,0.007356822,0.01654864,0.007012656,0.004265244,0.005950907,0.007002156
428,151.1791,0.3282384,1.417e-06,0.1852159,1e-06,0.0209498,0.02931645,0.02432263,0.0192313,0.008335154,0.01626572,0.00683374,0.003970494,0.005796241,0.00799857
429,151.5073,0.381153,1.417e-06,0.184455,9.17e-07,0.02422488,0.07290564,0.02840071,0.02213322,0.007327072,0.01638272,0.007152572,0.00428466,0.005704658,0.008179571
430,151.8885,0.380705,1.416e-06,0.1848085,1e-06,0.02370038,0.07288839,0.02848954,0.02188638,0.007374655,0.01657773,0.007070572,0.00418491,0.005685075,0.008036404
431,152.2692,0.3191641,1.416e-06,0.1851099,9.17e-07,0.02687112,0.01391456,0.02885046,0.01600464,0.007054239,0.01646356,0.006964322,0.00430516,0.005817408,0.007806404
432,152.5883,0.327298,1.417e-06,0.1844074,9.17e-07,0.0209768,0.0293412,0.02432313,0.01924147,0.008331904,0.01625164,0.006816323,0.00394441,0.005654742,0.008006654
433,152.9156,0.3849797,1.333e-06,0.184566,1.083e-06,0.02888521,0.07291397,0.02840912,0.02209805,0.007300488,0.01648189,0.007025656,0.00430041,0.005985241,0.007011239
434,153.3006,0.3273906,1.333e-06,0.1845295,1e-06,0.02088688,0.02930154,0.0242773,0.01927872,0.008311737,0.01606256,0.007036406,0.00393766,0.005680991,0.008084905
435,153.628,0.3837882,1.083e-06,0.1839933,1.333e-06,0.02849379,0.0728393,0.02840571,0.02194863,0.007316739,0.01636322,0.007089323,0.004320326,0.006004491,0.007010989
436,154.0118,0.3825513,1.25e-06,0.1846087,1e-06,0.02621329,0.07287114,0.02847896,0.02182847,0.007348405,0.01651739,0.006995322,0.004130577,0.006354407,0.007202406
437,154.3943,0.3845733,1.417e-06,0.1848315,1e-06,0.02856479,0.07291647,0.02843296,0.02181313,0.007364156,0.01642972,0.007028822,0.004280744,0.005901741,0.007006905
438,154.7789,0.3844892,1.25e-06,0.1836731,1e-06,0.02856504,0.07299455,0.02842587,0.02189155,0.007368322,0.01657922,0.007053156,0.004155743,0.005673241,0.008107154
439,155.1634,0.3318823,1.667e-06,0.1892296,8.33e-07,0.02238338,0.02114405,0.0314812,0.01750472,0.007600321,0.01805347,0.006768906,0.003913411,0.005677324,0.008123404
440,155.4953,0.3267885,1.417e-06,0.1847986,1.083e-06,0.02105863,0.02927729,0.02429696,0.01922447,0.008288654,0.01615547,0.006874572,0.003978661,0.005847241,0.006985405
441,155.8221,0.3556484,1.5e-06,0.1874743,8.33e-07,0.02119597,0.04858417,0.02845979,0.02187597,0.007358239,0.01651972,0.007020406,0.004301243,0.005863991,0.006992239
442,156.1777,0.3253232,1.25e-06,0.1824245,1e-06,0.0208693,0.02929229,0.02430763,0.01923855,0.008357737,0.01635181,0.00685374,0.003937244,0.005712074,0.007976154
443,156.5031,0.3273941,1.416e-06,0.1844432,1.083e-06,0.02110855,0.0293227,0.02428288,0.01925755,0.008331487,0.01618639,0.006794657,0.004111076,0.005799658,0.007753405
444,156.8304,0.3275134,1.167e-06,0.1850223,1e-06,0.02092722,0.0293532,0.02430654,0.01942205,0.008358904,0.01614947,0.006990239,0.003956244,0.006052074,0.006972989
445,157.158,0.3277029,1.25e-06,0.1844712,1.084e-06,0.02120438,0.02927554,0.02428046,0.01939072,0.008283987,0.01604673,0.006780906,0.004123327,0.005835824,0.008007488
446,157.4857,0.3282179,1.584e-06,0.1857316,1e-06,0.0212173,0.02935387,0.02429471,0.01923422,0.008333737,0.01622822,0.006862489,0.003984244,0.00597124,0.007003656
447,157.8139,0.3814259,1.25e-06,0.18458,1.25e-06,0.02457971,0.07292755,0.02846512,0.0218648,0.007344905,0.01651231,0.007009655,0.00425241,0.005755241,0.008131738
448,158.1953,0.3290464,1.25e-06,0.1857331,1e-06,0.02090572,0.0294717,0.02431513,0.01929089,0.008354737,0.01624398,0.006831489,0.003983161,0.005700574,0.008213654
449,158.5244,0.3284935,1.166e-06,0.1854281,1e-06,0.02108397,0.02931645,0.02427205,0.01927072,0.008967402,0.01601406,0.006972239,0.004123243,0.006036324,0.007006739
450,158.8528,0.328246,1.25e-06,0.1856712,0.000214416,0.02098488,0.02927404,0.02430271,0.01924772,0.008262487,0.01614389,0.006831156,0.003997161,0.005780074,0.007534988
451,159.1811,0.3274805,1.25e-06,0.1842199,9.16e-07,0.02131022,0.02926337,0.02426571,0.01930055,0.008357237,0.01608831,0.006770406,0.00412341,0.005654325,0.008124904
452,159.5086,0.3835106,1.166e-06,0.1846433,9.16e-07,0.02618629,0.07291414,0.02840462,0.02209313,0.007319488,0.01664797,0.007117406,0.00411741,0.006047657,0.008017071
453,159.8921,0.3832903,1.5e-06,0.1837611,1.084e-06,0.02675012,0.07287914,0.02839912,0.02259038,0.007331821,0.01663648,0.007013405,0.004261744,0.005660657,0.008003738
454,160.2754,0.3840115,1.583e-06,0.1846291,1e-06,0.02832029,0.07293089,0.02841046,0.02184588,0.007341988,0.01649806,0.007066572,0.00413166,0.005828325,0.007005655
455,160.6594,0.3935279,1.333e-06,0.1928529,9.16e-07,0.02856962,0.07291439,0.02842304,0.02187538,0.007343072,0.01643114,0.007000823,0.00432741,0.005666824,0.008121071
456,161.0529,0.3833964,1.5e-06,0.1856013,1.25e-06,0.02640579,0.07288805,0.02842212,0.02186738,0.007382238,0.01653714,0.007027739,0.004152744,0.005615574,0.007493572
457,161.4363,0.3852213,1.5e-06,0.1841883,1.167e-06,0.02886762,0.07302172,0.02849112,0.02186522,0.007337655,0.01649789,0.007031239,0.004269827,0.005688991,0.007959071
458,161.8215,0.3848449,1.25e-06,0.18477,1.083e-06,0.02888837,0.07279789,0.02847637,0.02185138,0.007335488,0.01659614,0.007049739,0.004145494,0.005927574,0.007004156
459,162.2064,0.3285785,1.333e-06,0.1853621,9.16e-07,0.0210123,0.02928845,0.02427571,0.01941039,0.008363903,0.01600164,0.007054656,0.004073827,0.005719241,0.008013987
460,162.535,0.3273153,1.583e-06,0.1849751,1.084e-06,0.02118888,0.02928262,0.0243838,0.01937289,0.00827432,0.01615048,0.00676949,0.003993827,0.005930491,0.006990739
461,162.8623,0.3282497,9.583e-06,0.184713,9.16e-07,0.02108155,0.02933512,0.02428446,0.01940505,0.008413237,0.01620397,0.00683724,0.004112327,0.006048157,0.007804988
462,163.1905,0.3286982,1.166e-06,0.185947,1e-06,0.02127888,0.02931295,0.02428863,0.01933439,0.008268821,0.01624256,0.006787989,0.003950994,0.006257073,0.007026739
463,163.5192,0.3846766,1.167e-06,0.1842742,8.33e-07,0.02863246,0.0729358,0.02841204,0.02194488,0.007377822,0.01646689,0.007074405,0.004290244,0.00596424,0.007301572
464,163.9039,0.3864451,1.333e-06,0.1856188,1e-06,0.02890687,0.07297772,0.02838662,0.02192963,0.007392988,0.01655514,0.007150572,0.004121744,0.005718407,0.007684322
465,164.2903,0.3274615,1.417e-06,0.1845951,8.34e-07,0.02110155,0.02927487,0.02428805,0.01928539,0.008286654,0.01604522,0.006792239,0.004129077,0.005644408,0.008016654
466,164.6178,0.3281439,1.166e-06,0.1858035,1.083e-06,0.02117272,0.02932437,0.02431454,0.01925272,0.008375154,0.01618464,0.006814906,0.003988744,0.005907824,0.007002489
467,164.9459,0.3206561,1.333e-06,0.1841328,1e-06,0.02780204,0.01390023,0.02815171,0.01877322,0.007007572,0.01657522,0.006997406,0.004274993,0.005643325,0.007395238
468,165.2666,0.3868401,1.5e-06,0.1859384,1.167e-06,0.02858787,0.07292347,0.02846521,0.02251472,0.007288322,0.01670947,0.007026989,0.00414541,0.005650325,0.007587238
469,165.6534,0.3802277,1.25e-06,0.1840293,1.167e-06,0.02377805,0.07284997,0.02840996,0.02199763,0.007305572,0.01636081,0.007210239,0.004266243,0.005831075,0.008186403
470,166.0337,0.3860165,1.333e-06,0.1847845,1.25e-06,0.02910287,0.07291005,0.02844037,0.02182505,0.007401821,0.01648998,0.007007989,0.00417841,0.005876657,0.007996238
471,166.4197,0.3809645,1.583e-06,0.184109,1.416e-06,0.02491246,0.07293122,0.02840729,0.02185663,0.007380739,0.01642997,0.006986323,0.00425416,0.005666324,0.008027404
472,166.8006,0.3535425,1.333e-06,0.185474,9.17e-07,0.02131147,0.04864859,0.02844662,0.0218618,0.007329822,0.01656214,0.006987655,0.004138077,0.005816241,0.006963906
473,167.1542,0.3533746,1.333e-06,0.1848365,9.17e-07,0.02138013,0.04871042,0.02839371,0.02188263,0.007335988,0.01657014,0.007013156,0.004293326,0.005955991,0.007000406
474,167.5076,0.3593121,1.666e-06,0.1847449,9.16e-07,0.02123297,0.04861626,0.02838904,0.02263788,0.008098321,0.01962872,0.007988738,0.005013825,0.005945074,0.007013822
475,167.8669,0.3831379,1.416e-06,0.1835075,1.25e-06,0.02747796,0.07288205,0.02840837,0.02187938,0.007317905,0.01643256,0.007030572,0.00432916,0.005734491,0.008135321
476,168.25,0.3280865,1.417e-06,0.1850975,9.17e-07,0.02093763,0.02930579,0.02428055,0.01922055,0.00839932,0.01623514,0.006878073,0.003951577,0.005687241,0.008090821
477,168.5781,0.3203087,1.666e-06,0.183904,1.084e-06,0.02706546,0.01422215,0.02816571,0.01915922,0.007000322,0.01647056,0.006979656,0.00425516,0.005652158,0.007431655
478,168.8984,0.3272531,1.334e-06,0.18452,9.17e-07,0.02141538,0.02927895,0.0242908,0.01933322,0.00839207,0.01631239,0.006842989,0.003989077,0.005772408,0.007103489
479,169.2257,0.3278091,1.334e-06,0.1849435,1e-06,0.02140005,0.02929337,0.02428788,0.01924647,0.008357321,0.01599897,0.007011905,0.004112161,0.006144073,0.007011073
480,169.5535,0.353654,1.333e-06,0.1891461,1.083e-06,0.02124822,0.02923304,0.04074435,0.0192388,0.007938321,0.01952655,0.00791707,0.00471041,0.005756324,0.008192404
481,169.9071,0.3265705,1.417e-06,0.1841658,1.167e-06,0.0211548,0.02931646,0.02433471,0.01924939,0.008362321,0.01616064,0.006849489,0.004114577,0.005861158,0.006998572
482,170.2337,0.3494888,1.5e-06,0.1867952,1e-06,0.02120938,0.02924337,0.04074644,0.01920564,0.007951321,0.0195913,0.007132072,0.00392091,0.005674991,0.008015655
483,170.5832,0.3263869,1.417e-06,0.1838899,1.083e-06,0.02137747,0.0293062,0.02427604,0.01927889,0.008272487,0.01619006,0.006818656,0.004140827,0.005850491,0.006983405
484,170.9096,0.3282627,1.25e-06,0.186337,1e-06,0.02099822,0.0292637,0.02428271,0.01928589,0.008295737,0.01604631,0.006972989,0.003936911,0.005832574,0.007008406
485,171.2378,0.3265955,1.5e-06,0.1842558,1.333e-06,0.02121022,0.02929121,0.02431429,0.01927389,0.008293403,0.01604598,0.006796156,0.004119244,0.005971657,0.007020822
486,171.5644,0.3284674,1.667e-06,0.1848936,9.16e-07,0.02141722,0.02927929,0.02425505,0.01928897,0.008355153,0.01618981,0.00692274,0.003987327,0.005737324,0.008138321
487,171.8929,0.3818321,1.5e-06,0.183809,9.17e-07,0.02592954,0.07293155,0.02842279,0.02183655,0.007357738,0.01648181,0.007002072,0.004242577,0.005677408,0.00813857
488,172.2747,0.3842811,1.25e-06,0.1843532,1e-06,0.02730446,0.07286222,0.02840346,0.02303113,0.007324238,0.01656772,0.007046989,0.004131743,0.005676325,0.007577404
489,172.659,0.327262,1.667e-06,0.1843651,8.34e-07,0.02093463,0.02927329,0.02425805,0.01917622,0.00835207,0.01603298,0.007027739,0.00410141,0.005662741,0.008075238
490,172.9863,0.3278138,1.584e-06,0.184814,8.33e-07,0.02111872,0.02934245,0.02428671,0.01920922,0.00835432,0.01614197,0.006853572,0.003989661,0.005674324,0.008026488
491,173.3141,0.3263564,1.333e-06,0.1843184,1.083e-06,0.0209343,0.02928104,0.02428888,0.01922505,0.00837107,0.01613789,0.006800156,0.004129827,0.005868741,0.006998656
492,173.6404,0.328131,1.416e-06,0.1853103,1e-06,0.02083897,0.02927045,0.02428229,0.01935547,0.00834457,0.01626173,0.006859156,0.003924244,0.005684324,0.007997071
493,173.9686,0.390306,1.417e-06,0.189586,1.083e-06,0.02866904,0.07286922,0.02840804,0.02206688,0.007342071,0.01666606,0.007040155,0.004311494,0.005851824,0.007492738
494,174.3589,0.3285029,1.25e-06,0.1861672,1.083e-06,0.02101672,0.02935145,0.02430371,0.01925447,0.008293987,0.01613081,0.007000739,0.003972994,0.00599549,0.007012989
495,174.6874,0.3882516,1.25e-06,0.1841123,9.17e-07,0.0288902,0.07290722,0.02849212,0.02191988,0.009869735,0.01650914,0.007063906,0.004332159,0.006072908,0.008079904
496,175.0756,0.3610269,1.25e-06,0.185275,1.25e-06,0.02154547,0.04869692,0.02843804,0.0232228,0.008111238,0.01952064,0.007949987,0.005031243,0.00597649,0.007256572
497,175.4367,0.3281447,1.417e-06,0.1850224,1.083e-06,0.02138988,0.02930795,0.02428863,0.01923397,0.00831807,0.01613872,0.006878573,0.004124243,0.005840075,0.007599738
498,175.7648,0.3292372,1.25e-06,0.1869983,1e-06,0.02099422,0.02929445,0.02429613,0.01926547,0.00833532,0.01633681,0.006820489,0.003969161,0.00594499,0.006979656
499,176.094,0,0,0,0,0,0,0,0,0,0,0,0,0,0

Averages:
0.3521881,1.427842e-06,0.1849871,1.506166e-06,0.02397608,0.04673761,0.02688425,0.02053176,0.007832584,0.01656238,0.007013825,0.004168635,0.00582349,0.007667431
