OpenCV version: 2.4
Usage: 7-SobelDerivatives <input-number> [<samples>]
input-number - is the video device number. Defaults to zero. E.g. for /dev/video2 just use '2' as argument.
samples - number of samples before application ends. Defaults to 1000; zero means infinite.
sample_number,elapsed_time,frame,mat_alloc,read_img,convert_color,gaussian_blur,sobel,convert_scale,sobel2,conver_scale2,add_weighted,show_img
0,0,0.6122299,7.75e-06,0.181071,0.01855372,0.2022398,0.02369046,0.06110199,0.02372288,0.0612529,0.01398189,0.02660737
1,0.6122299,0.5862702,1.667e-06,0.1819807,0.00810407,0.2457441,0.01067107,0.05467991,0.009687401,0.05411275,0.01430614,0.006982322
2,1.1985,0.5712235,1e-06,0.2051972,0.01014582,0.2068236,0.009524818,0.05444058,0.009493068,0.05457908,0.01397914,0.007039239
3,1.769724,0.5414522,1.167e-06,0.1807423,0.009288818,0.2024674,0.009512901,0.0544445,0.009562568,0.054403,0.01398123,0.007048322
4,2.311176,0.54576,1.5e-06,0.1854461,0.007663237,0.2030167,0.009866401,0.05443808,0.009891151,0.05439325,0.01398556,0.007058072
5,2.856936,0.5512793,1.334e-06,0.18447,0.007930904,0.2057798,0.01034015,0.0551735,0.01098115,0.05503983,0.01421339,0.007349155
6,3.408215,0.5451965,1.083e-06,0.1841747,0.007769904,0.2032667,0.009887151,0.05467216,0.009896651,0.05441666,0.01399506,0.007116405
7,3.953412,0.5507455,1.333e-06,0.1848506,0.01333381,0.2028084,0.009845901,0.05458283,0.009778067,0.054546,0.01388023,0.007118322
8,4.504157,0.5449359,1.5e-06,0.1847294,0.007713237,0.2028341,0.009778485,0.0545605,0.009785401,0.05455116,0.01399498,0.006987156
9,5.049093,0.5474599,1.5e-06,0.185005,0.009437319,0.2032733,0.009764735,0.05460291,0.009785651,0.05459366,0.01400223,0.006993572
10,5.596553,0.5469638,1.25e-06,0.1847657,0.009464318,0.2029646,0.009883068,0.05455975,0.009897234,0.05443675,0.01399706,0.006994073
11,6.143517,0.5486185,1.25e-06,0.1845164,0.01181356,0.2026962,0.009902401,0.05444916,0.009884234,0.05441433,0.01399173,0.006949239
12,6.692135,0.5491725,1.25e-06,0.184907,0.01181548,0.2028004,0.009956401,0.05443825,0.009789318,0.05451383,0.01399864,0.006951906
13,7.241308,0.5489715,1.333e-06,0.1855427,0.01157406,0.2021303,0.009925317,0.05448475,0.009914067,0.05442833,0.01399481,0.006975822
14,7.790279,0.5493981,1.25e-06,0.1852785,0.01159582,0.2028101,0.009879735,0.05447891,0.009900901,0.05445225,0.01399848,0.007002156
15,8.339677,0.5524331,1.5e-06,0.1879605,0.01170457,0.2022689,0.01034015,0.05453233,0.01019932,0.05443608,0.01399406,0.006995739
16,8.89211,0.5502025,1.583e-06,0.1871471,0.009448652,0.2030521,0.01037998,0.05444625,0.01016882,0.05456941,0.01399981,0.006988823
17,9.442313,0.5477343,1.166e-06,0.1874465,0.007743321,0.2021247,0.0103509,0.05447716,0.01017982,0.05442958,0.01398998,0.006991155
18,9.990047,0.5484723,1.333e-06,0.1871752,0.007487488,0.2032724,0.01026232,0.05459008,0.01010507,0.05455166,0.01400031,0.007026405
19,10.53852,0.5518561,1.5e-06,0.1913839,0.007743571,0.2023833,0.01034015,0.05442858,0.01017782,0.05440675,0.01400498,0.006985572
20,11.09038,0.5538345,1.333e-06,0.1873317,0.0127349,0.2033365,0.01033523,0.05447133,0.01021982,0.05444075,0.01399498,0.006967905
21,11.64421,0.552203,1.25e-06,0.1871609,0.01167581,0.2025453,0.01045165,0.05445991,0.01038582,0.054575,0.01399314,0.006954322
22,12.19641,0.552291,1.583e-06,0.1868152,0.01195448,0.2022961,0.01042248,0.05497958,0.01017182,0.05454291,0.01400139,0.007105489
23,12.7487,0.552092,1.25e-06,0.1872484,0.01191157,0.2024657,0.0102369,0.05458216,0.01009073,0.054553,0.01398289,0.007019406
24,13.3008,0.5515713,1.167e-06,0.186987,0.0119374,0.2022405,0.0103434,0.05447125,0.01017307,0.0544305,0.01400123,0.006985822
25,13.85237,0.5510215,1.416e-06,0.1869727,0.0115499,0.2021463,0.01036032,0.0544515,0.01016823,0.05440216,0.01399473,0.006974155
26,14.40339,0.551762,1.667e-06,0.1862925,0.01249515,0.20235,0.01035715,0.05463908,0.01019507,0.05449866,0.01399573,0.006937072
27,14.95515,0.5490294,1.084e-06,0.1869651,0.009276235,0.2022867,0.01024532,0.054659,0.01019282,0.05443075,0.01399264,0.006979739
28,15.50418,0.5533612,1.25e-06,0.1868793,0.01293573,0.2028691,0.01043207,0.05447383,0.01021123,0.05444141,0.01399873,0.007118572
29,16.05754,0.5508827,1.083e-06,0.186714,0.01162665,0.2024499,0.01013173,0.05449216,0.01004923,0.05443908,0.01399764,0.006981238
30,16.60842,0.551422,1.333e-06,0.1865337,0.0116939,0.2028288,0.01001257,0.05464683,0.01004115,0.05465141,0.01387898,0.007133238
31,17.15985,0.55031,1.25e-06,0.1858653,0.01127915,0.2028691,0.01003823,0.05477425,0.01006523,0.05444575,0.01400148,0.006970238
32,17.71016,0.551112,1.25e-06,0.1867337,0.01159431,0.2023325,0.01035448,0.054469,0.01019248,0.054436,0.01399648,0.007001739
33,18.26127,0.5522437,1.25e-06,0.187384,0.0115629,0.2027988,0.01005298,0.05448325,0.01001365,0.05493791,0.01399473,0.007014323
34,18.81351,0.5515816,1.5e-06,0.1872529,0.01197023,0.2024478,0.01007298,0.05448258,0.009908818,0.05444183,0.01400339,0.006999655
35,19.36509,0.5519682,1.75e-06,0.1872245,0.01160656,0.2028967,0.01026848,0.05447358,0.01015365,0.05439041,0.01399248,0.006960156
36,19.91706,0.5521899,1.417e-06,0.1874695,0.01169773,0.2028828,0.01009565,0.05446841,0.01005607,0.054424,0.01399414,0.007100239
37,20.46925,0.5515188,1.25e-06,0.1870319,0.01119773,0.2029831,0.0101259,0.05446883,0.01019307,0.054546,0.01399806,0.006972988
38,21.02077,0.5472576,1.666e-06,0.1856431,0.009577568,0.2019745,0.01004465,0.05445941,0.01001415,0.05443216,0.01399298,0.007117406
39,21.56803,0.5466648,1.333e-06,0.1866032,0.007447738,0.2024673,0.0101019,0.05445508,0.0101429,0.05444341,0.01399139,0.007010572
40,22.11469,0.5478449,1.166e-06,0.186245,0.009318902,0.2023624,0.009998484,0.05447066,0.01002882,0.05443241,0.01400098,0.006986072
41,22.66254,0.5504205,1.333e-06,0.18752,0.009249652,0.2033311,0.01030157,0.05446,0.01013023,0.05442775,0.01399456,0.007004405
42,23.21296,0.5454447,1.417e-06,0.184741,0.007878654,0.2028187,0.009753151,0.05473341,0.009662818,0.05488033,0.01398864,0.006986655
43,23.7584,0.5451501,1.5e-06,0.1851179,0.007460988,0.2024776,0.00997665,0.05468483,0.009888651,0.05454191,0.01399173,0.007008405
44,24.30355,0.5513294,1.416e-06,0.1847245,0.009295485,0.2041985,0.009972234,0.05441216,0.01160982,0.05591108,0.01400156,0.007202655
45,24.85488,0.5458407,1.5e-06,0.185302,0.007764071,0.2028416,0.009988901,0.05447308,0.01002398,0.05444875,0.01400198,0.006994822
46,25.40072,0.5471276,1.084e-06,0.1848809,0.009296818,0.2033415,0.009907818,0.0544315,0.009898984,0.05440758,0.01400248,0.006958989
47,25.94785,0.5458085,1.333e-06,0.184195,0.009478485,0.2022131,0.009772568,0.05471566,0.009790901,0.05462916,0.01400073,0.007011573
48,26.49366,0.5442343,1.5e-06,0.1840989,0.007514821,0.2025801,0.01025115,0.054583,0.009643818,0.05455858,0.01399048,0.007011989
49,27.03789,0.5466237,1.417e-06,0.1844968,0.009345318,0.2027756,0.0100584,0.054485,0.009938984,0.05452225,0.01400498,0.006994989
50,27.58452,0.5456697,1.583e-06,0.1841608,0.009538068,0.2022537,0.009838817,0.05458783,0.009770151,0.05454525,0.01399489,0.006978656
51,28.13019,0.5449745,1.583e-06,0.1846317,0.007720821,0.2027346,0.009841568,0.05457875,0.009912151,0.054549,0.01388689,0.007117489
52,28.67516,0.5454069,1.166e-06,0.1849569,0.007964821,0.2023291,0.009981651,0.05458175,0.009964317,0.05460733,0.01398889,0.007030989
53,29.22057,0.5469658,1.083e-06,0.1851974,0.009294568,0.2028779,0.009709568,0.05460916,0.009738234,0.05456025,0.01399764,0.006979989
54,29.76753,0.5457651,1.333e-06,0.1846948,0.007693321,0.2033893,0.0100719,0.05447075,0.009928067,0.05453141,0.01400206,0.006982156
55,30.3133,0.546956,1.166e-06,0.185334,0.009514568,0.2024722,0.009776401,0.05459491,0.009725734,0.05453183,0.01399139,0.007013822
56,30.86026,0.5503664,1.25e-06,0.18484,0.0130339,0.2028131,0.009876484,0.05447333,0.009906068,0.05444525,0.01400314,0.006973905
57,31.41062,0.5498625,1.334e-06,0.1851206,0.01186257,0.2031287,0.009820151,0.05476266,0.009739402,0.0544235,0.01399331,0.007010239
58,31.96048,0.5490699,1.334e-06,0.1845685,0.01161406,0.2030316,0.01005282,0.05448583,0.009907484,0.05444041,0.01399506,0.006972739
59,32.50955,0.5505885,1.25e-06,0.1856104,0.01173315,0.202884,0.009975317,0.05452333,0.009884318,0.0544105,0.01448989,0.007076322
60,33.06014,0.5484034,1.333e-06,0.1843125,0.01160115,0.2028844,0.009879151,0.054494,0.009803067,0.054448,0.01399506,0.006984656
61,33.60855,0.553711,1.5e-06,0.1893762,0.01205323,0.2027252,0.009838651,0.05446333,0.009841401,0.05443466,0.01399756,0.006979238
62,34.16226,0.5477874,1.916e-06,0.184103,0.01183573,0.2024193,0.009772151,0.054506,0.009726735,0.05444625,0.01399323,0.006983072
63,34.71004,0.5485757,1.25e-06,0.1845105,0.01160256,0.2025665,0.009828734,0.05457508,0.009728234,0.05472358,0.01401881,0.007020405
64,35.25862,0.5487223,1.5e-06,0.1843995,0.01161898,0.203025,0.009868818,0.05456033,0.009823235,0.05445491,0.01400348,0.006966572
65,35.80734,0.5483733,1.167e-06,0.1844729,0.01181457,0.2024613,0.009763151,0.05453325,0.009808068,0.05450458,0.01398931,0.007024989
66,36.35572,0.548379,1.334e-06,0.1853508,0.01160206,0.2023609,0.009613568,0.05447633,0.009556652,0.05445008,0.01399723,0.006969989
67,36.90409,0.5492427,1.333e-06,0.1856917,0.01178607,0.2027242,0.009619901,0.05446475,0.009551985,0.05442316,0.01398506,0.006994573
68,37.45334,0.5483193,1.25e-06,0.1843846,0.01163582,0.2027047,0.009620901,0.05449975,0.009542818,0.05460591,0.01401656,0.007306989
69,38.00166,0.5484635,1.75e-06,0.1849953,0.01157698,0.2027031,0.009489485,0.05460133,0.009407735,0.05468525,0.01400114,0.007001405
70,38.55012,0.5482552,1.667e-06,0.1847193,0.0119584,0.2025376,0.009488985,0.05458608,0.009429485,0.0545555,0.01388048,0.007097738
71,39.09838,0.547665,1.333e-06,0.1849719,0.01182423,0.2018408,0.009467318,0.054606,0.009416318,0.05454508,0.01400314,0.006988906
72,39.64604,0.5478469,1.25e-06,0.1842433,0.01174581,0.2029183,0.009471651,0.05457458,0.009414568,0.05450091,0.01389164,0.007084822
73,40.19389,0.547539,1.25e-06,0.184568,0.01155023,0.2021061,0.009509235,0.05474458,0.009449235,0.05462433,0.01400139,0.006984572
74,40.74143,0.547834,1.417e-06,0.1839628,0.01192473,0.2022578,0.009608402,0.05499108,0.009530902,0.05458041,0.01398264,0.006993822
75,41.28926,0.548601,1.25e-06,0.1850138,0.01195581,0.2025882,0.009502402,0.0545915,0.009448568,0.05452983,0.01388323,0.007086405
76,41.83786,0.5467734,1.334e-06,0.1860857,0.01156273,0.2010988,0.009501735,0.05413416,0.009433819,0.05408375,0.01387356,0.006997822
77,42.38463,0.549371,1.666e-06,0.1853524,0.009294569,0.2056618,0.009614068,0.054468,0.009571652,0.05442658,0.01399748,0.006982822
78,42.93401,0.5457641,1.583e-06,0.185849,0.008181237,0.2024583,0.009622402,0.05463475,0.009551234,0.05453758,0.01399839,0.006929739
79,43.47977,0.5482558,1.75e-06,0.1866674,0.009241652,0.203055,0.009615901,0.054604,0.009417652,0.05457216,0.01407598,0.007004323
80,44.02803,0.5514929,1.333e-06,0.186492,0.01305915,0.2027656,0.009599735,0.05449408,0.009554318,0.05441141,0.01398948,0.007125738
81,44.57952,0.5502029,1.416e-06,0.1864815,0.01203506,0.202651,0.009616818,0.05446266,0.009547318,0.05443433,0.01400198,0.006970739
82,45.12972,0.549864,1.416e-06,0.1865269,0.01188173,0.2025558,0.009597152,0.05444116,0.009525818,0.0544035,0.01399314,0.006937489
83,45.67958,0.550712,1.5e-06,0.1868196,0.01157015,0.2028963,0.009633984,0.054817,0.009542568,0.05445616,0.01399373,0.006980989
84,46.2303,0.549423,1.416e-06,0.18598,0.01188523,0.2026729,0.009464401,0.05454425,0.009419819,0.05451233,0.01388281,0.007059738
85,46.77972,0.5496588,1.333e-06,0.1863057,0.01196165,0.2018777,0.009624985,0.0544435,0.009562984,0.05440591,0.01451698,0.006958072
86,47.32938,0.5504968,1.333e-06,0.1872524,0.01167123,0.2026143,0.009592485,0.05445125,0.009525984,0.05441066,0.01400289,0.006974322
87,47.87988,0.5496156,1.334e-06,0.1865661,0.01215115,0.2017683,0.009612234,0.05446458,0.009572651,0.05439625,0.01399631,0.007086655
88,48.42949,0.550222,1.167e-06,0.186397,0.0116589,0.2029411,0.009484735,0.05455166,0.009412151,0.05451591,0.01419723,0.007062155
89,48.97971,0.5510576,1.166e-06,0.1868145,0.01169998,0.2033077,0.009622652,0.05444983,0.009580652,0.05447958,0.01413698,0.006964572
90,49.53077,0.5494947,1.5e-06,0.1861123,0.01155156,0.2027551,0.009466235,0.05456008,0.009434485,0.05464708,0.01387648,0.007089905
91,50.08027,0.5493439,1.416e-06,0.1866631,0.01156465,0.2020397,0.009601651,0.05442958,0.009551901,0.05453925,0.01400039,0.006952239
92,50.62961,0.5500094,1.5e-06,0.1864015,0.01193665,0.2025799,0.009592985,0.05444833,0.009535568,0.05454716,0.01398665,0.006979155
93,51.17962,0.5503136,1.417e-06,0.1872619,0.01160381,0.2022489,0.009628068,0.05445566,0.009544985,0.05458333,0.01400065,0.006984905
94,51.72993,0.5507229,1.333e-06,0.186539,0.0117379,0.2027873,0.009619818,0.05446825,0.009662068,0.05459016,0.01432248,0.006994572
95,52.28066,0.5495575,1.167e-06,0.1867447,0.0116489,0.2020122,0.009593985,0.05446375,0.009537902,0.05457816,0.01399706,0.006979738
96,52.83021,0.5543768,1.417e-06,0.1905759,0.01173323,0.2027168,0.009610402,0.05447633,0.009681318,0.0546495,0.01398998,0.006941906
97,53.38459,0.5508506,1.25e-06,0.1871135,0.01173656,0.2027922,0.009609485,0.0546265,0.009543735,0.05443983,0.01400114,0.006986405
98,53.93544,0.5499039,1.416e-06,0.1861764,0.01165815,0.20279,0.009581984,0.05460175,0.009568902,0.05441941,0.01397839,0.007127489
99,54.48534,0.55089,1.333e-06,0.1869647,0.01162748,0.2029035,0.009636234,0.05470166,0.009558318,0.05452141,0.01400123,0.006974072
100,55.03623,0.550399,1.417e-06,0.1867761,0.0116114,0.2028743,0.009605651,0.05459816,0.009544652,0.05440683,0.01399706,0.006983406
101,55.58663,0.5503252,1.417e-06,0.1866655,0.01160423,0.2027388,0.009618318,0.0547625,0.009569984,0.05440908,0.01400373,0.006951739
102,56.13696,0.5492774,1.416e-06,0.186396,0.01167706,0.2020833,0.009607152,0.05458308,0.009543318,0.05441108,0.01400231,0.006972656
103,56.68624,0.5505452,1.333e-06,0.1868595,0.01157623,0.2029279,0.009643734,0.05460883,0.009553234,0.0544265,0.01400556,0.006942405
104,57.23678,0.550155,1.5e-06,0.1869785,0.01170848,0.2023026,0.009753484,0.05451466,0.009562068,0.05438716,0.01399198,0.006954489
105,57.78694,0.5500803,1.417e-06,0.1866604,0.01180048,0.2026103,0.009617318,0.05446416,0.009561818,0.05441808,0.01399981,0.006946489
106,58.33702,0.5499909,1.833e-06,0.1866065,0.0117519,0.2026663,0.009584735,0.05446916,0.009537485,0.05440933,0.01399231,0.006971322
107,58.88701,0.550586,1.333e-06,0.1865643,0.01174615,0.2033038,0.009625235,0.05443416,0.009537818,0.05441108,0.01399964,0.006962489
108,59.43759,0.5498505,1.333e-06,0.1862873,0.01172548,0.2028714,0.009492985,0.05455641,0.009425985,0.05452416,0.01399431,0.006971072
109,59.98744,0.5507953,2e-06,0.186889,0.0115444,0.2033895,0.009617151,0.05444633,0.009537318,0.05440766,0.01399181,0.006970073
110,60.53824,0.5501255,1.417e-06,0.1861065,0.01176431,0.2031429,0.009588901,0.05446183,0.009544568,0.05457258,0.01399631,0.006946155
111,61.08836,0.5516376,1.25e-06,0.1872758,0.0117159,0.2028453,0.009664735,0.0544525,0.009553485,0.0549375,0.01399414,0.007197072
112,61.64,0.5497377,1.416e-06,0.1862523,0.01169165,0.2028096,0.009606901,0.05445,0.009562234,0.05441891,0.01398914,0.006955572
113,62.18974,0.5497255,1.25e-06,0.1867808,0.01158173,0.2023853,0.009618568,0.05445058,0.009541652,0.0544005,0.01398998,0.006975155
114,62.73946,0.5516879,1.417e-06,0.1865513,0.01168831,0.2042868,0.009566318,0.05460958,0.009432235,0.05458391,0.01399998,0.006968072
115,63.29115,0.5501164,1.333e-06,0.1862872,0.01155965,0.2029248,0.009625735,0.05452508,0.009743901,0.05448625,0.01399331,0.006969072
116,63.84127,0.5492143,1.25e-06,0.1858915,0.01194057,0.2023169,0.009624318,0.05443941,0.009535568,0.05447508,0.01400065,0.006989072
117,64.39048,0.5491628,1.333e-06,0.1865211,0.01122248,0.2023575,0.009635235,0.05443933,0.009622818,0.05440075,0.01400056,0.006961656
118,64.93965,0.545847,1.333e-06,0.1863031,0.007637405,0.2027688,0.009633734,0.05444716,0.009566985,0.0544095,0.01399048,0.007088489
119,65.48549,0.553399,1.417e-06,0.1875675,0.01380231,0.2030749,0.009612151,0.05445533,0.009534151,0.05441016,0.01399123,0.006949822
120,66.03889,0.5474351,1.583e-06,0.1858115,0.009284318,0.202747,0.009498485,0.05473916,0.009781401,0.05452141,0.01406356,0.006986656
121,66.58633,0.5487311,1.417e-06,0.1871862,0.009308651,0.2031962,0.009624818,0.0545055,0.009557235,0.05439391,0.01400239,0.006954822
122,67.13506,0.5468166,1.166e-06,0.1867865,0.007969654,0.2031073,0.009620901,0.054447,0.009542901,0.05440158,0.01399406,0.006945655
123,67.68188,0.5485689,1.333e-06,0.1869931,0.009547652,0.2030688,0.009594984,0.05443708,0.009423235,0.05452491,0.01399648,0.006981322
124,68.23044,0.5472633,1.417e-06,0.1869577,0.007700238,0.2036797,0.009616152,0.054428,0.009546568,0.05440091,0.01398681,0.006945822
125,68.77771,0.5477667,1.417e-06,0.186847,0.009275152,0.2027003,0.009592151,0.05449766,0.009409319,0.05451125,0.01399148,0.006940905
126,69.32547,0.5464895,1.25e-06,0.1861139,0.007708988,0.2036384,0.009583235,0.0545345,0.009541151,0.05440083,0.01400164,0.006965572
127,69.87196,0.5469694,1.333e-06,0.1866361,0.009223152,0.2021481,0.009508902,0.05456275,0.009437235,0.05450583,0.01398823,0.006957739
128,70.41893,0.5485707,1.25e-06,0.1870177,0.009866318,0.2026584,0.009681234,0.05445466,0.009537735,0.05440708,0.01398864,0.006957656
129,70.9675,0.5498525,1.25e-06,0.1868049,0.01159973,0.2024708,0.009622651,0.05445525,0.009545068,0.05440675,0.01399831,0.006947822
130,71.51736,0.5499911,1.417e-06,0.1869808,0.01123448,0.2026931,0.009744567,0.054455,0.009523901,0.05439541,0.0139984,0.006964072
131,72.06735,0.5509849,1.417e-06,0.1870448,0.0115554,0.2031758,0.009607068,0.05446941,0.009563652,0.05444916,0.01415789,0.006960239
132,72.61833,0.549789,1.167e-06,0.186188,0.01188148,0.2026378,0.009624902,0.05446833,0.009560652,0.05443458,0.01399673,0.006995406
133,73.16812,0.5506001,1.334e-06,0.186649,0.01178873,0.2030921,0.009611235,0.05449016,0.009541984,0.05443308,0.01399481,0.006997656
134,73.71872,0.5508568,1.417e-06,0.1871377,0.01195556,0.2026626,0.009634151,0.05448183,0.009538485,0.05445258,0.01400131,0.006991156
135,74.26958,0.5515734,1.417e-06,0.1873577,0.01174931,0.2034202,0.009612235,0.05446783,0.009547234,0.05441883,0.01399656,0.007002072
136,74.82115,0.550225,1.333e-06,0.1866649,0.01160407,0.2026397,0.009623902,0.05448241,0.009551901,0.05459525,0.01407314,0.006988489
137,75.37138,0.5513505,1.333e-06,0.1868575,0.01192423,0.2028351,0.009600401,0.0549825,0.009548818,0.05444633,0.01400081,0.007153489
138,75.92273,0.549417,1.5e-06,0.1861249,0.01193423,0.202139,0.009611401,0.05447766,0.009578235,0.05443375,0.01399648,0.007119822
139,76.47214,0.549386,1.25e-06,0.1868878,0.01157673,0.2018291,0.009593818,0.05445383,0.009526818,0.05440591,0.01414289,0.006967822
140,77.02153,0.549059,1.333e-06,0.1859948,0.0119829,0.2019687,0.009622068,0.05445091,0.009541818,0.05441483,0.01413823,0.006943405
141,77.57059,0.5510523,1.333e-06,0.1869535,0.01163298,0.2031583,0.009617485,0.05458808,0.009552318,0.05459941,0.01400339,0.006945489
142,78.12164,0.5491284,1.5e-06,0.186498,0.01168656,0.2017941,0.009634734,0.05445341,0.009563568,0.05454416,0.01400356,0.006948822
143,78.67077,0.550573,1.583e-06,0.1874659,0.01127815,0.2026541,0.009602984,0.05444741,0.009533402,0.05461233,0.01399831,0.006978739
144,79.22134,0.5461501,1.5e-06,0.1868645,0.007722238,0.2023532,0.009627652,0.05446575,0.009438568,0.05468733,0.01400156,0.006987906
145,79.76749,0.5489413,1.25e-06,0.1873495,0.009257569,0.2031308,0.009623985,0.054464,0.009545235,0.05456766,0.01399623,0.007005073
146,80.31643,0.5474219,1.25e-06,0.1870305,0.007474988,0.2030855,0.009774068,0.05478666,0.009559735,0.05472083,0.01400364,0.006984656
147,80.86386,0.5524898,1.417e-06,0.1919261,0.009415318,0.2019484,0.009617151,0.05445858,0.009541318,0.05458116,0.01399498,0.007005323
148,81.41635,0.546832,1.166e-06,0.1869294,0.007754404,0.2029842,0.009625984,0.05443416,0.009558652,0.0546145,0.01399189,0.006937739
149,81.96318,0.5529018,1.334e-06,0.192169,0.009432068,0.2020258,0.009630484,0.05473433,0.009533401,0.05441066,0.01400348,0.006961155
150,82.51608,0.549796,1.333e-06,0.1865682,0.007466238,0.2064869,0.009607235,0.05461058,0.009560318,0.05449933,0.01399439,0.007001489
151,83.06588,0.5513223,1.333e-06,0.1870754,0.009409402,0.2032489,0.009608234,0.05465616,0.009546235,0.05609866,0.01471198,0.006965989
152,83.6172,0.5507954,1.25e-06,0.1862808,0.01257765,0.2025503,0.009604818,0.054591,0.009544651,0.05444591,0.01403164,0.007167406
153,84.16799,0.5505238,1.833e-06,0.186958,0.01123615,0.203089,0.009624234,0.05464791,0.009557318,0.05446608,0.01400206,0.006941238
154,84.71852,0.5492537,1.166e-06,0.1862659,0.01193123,0.2018394,0.009629484,0.05461458,0.009542568,0.05440641,0.01399039,0.007032572
155,85.26777,0.5490065,1.416e-06,0.1870008,0.01110065,0.2017802,0.009618151,0.05459308,0.009568068,0.05440166,0.01399564,0.006946906
156,85.81678,0.546285,1.25e-06,0.1869127,0.007663821,0.2026438,0.009578068,0.05459758,0.009545401,0.05440408,0.01399281,0.006945572
157,86.36306,0.5481634,1.5e-06,0.186802,0.009364652,0.202781,0.009762151,0.0544395,0.009527402,0.05454366,0.01399189,0.006949655
158,86.91123,0.5516589,1.25e-06,0.1865992,0.01298023,0.2030028,0.009465735,0.05455541,0.009422485,0.054539,0.01413481,0.006957905
159,87.46288,0.5507007,1.25e-06,0.1871245,0.01170298,0.2026836,0.009640068,0.05449675,0.009566568,0.05451041,0.01400581,0.006968738
160,88.01358,0.5502306,1.167e-06,0.1867635,0.01188481,0.2025577,0.009597318,0.05450933,0.009551402,0.05439366,0.01399548,0.006976239
161,88.56382,0.5521961,1.416e-06,0.1879945,0.01168856,0.2033568,0.009680568,0.05445525,0.009543068,0.05440616,0.01398348,0.007086239
162,89.11601,0.5506008,1.75e-06,0.1868929,0.01159473,0.202915,0.009593151,0.05462183,0.009439235,0.05460675,0.01399339,0.006942073
163,89.66661,0.5515585,1.167e-06,0.18706,0.01179315,0.2030872,0.009601735,0.05496774,0.009559151,0.05454483,0.01398973,0.006953822
164,90.21817,0.5498172,1.25e-06,0.1867089,0.0118379,0.202281,0.009488818,0.05460291,0.009439568,0.05451,0.01400348,0.006943406
165,90.76799,0.5535462,1.334e-06,0.189858,0.01172182,0.2027769,0.009623901,0.0544705,0.009550401,0.05444108,0.01399639,0.007105822
166,91.32153,0.5498876,1.417e-06,0.1863726,0.01194198,0.2026443,0.009611652,0.05442891,0.009534819,0.05439975,0.01399506,0.006957072
167,91.87142,0.550375,1.5e-06,0.1871941,0.0116644,0.20243,0.009616485,0.05452608,0.009567485,0.05441625,0.01400523,0.006953489
168,92.4218,0.549454,1.166e-06,0.1861932,0.01193648,0.2022132,0.009594485,0.05460216,0.009543485,0.05439683,0.01399056,0.006982405
169,92.97125,0.5497205,1.417e-06,0.1868503,0.0116469,0.2021504,0.009699985,0.05446475,0.009539484,0.05442275,0.01400464,0.006939906
170,93.52097,0.5502929,1.583e-06,0.1868681,0.01158365,0.2028762,0.009606485,0.05445091,0.009549152,0.05441041,0.01399031,0.006956072
171,94.07126,0.549747,1.416e-06,0.1867784,0.01157923,0.2023583,0.009595402,0.05448341,0.009554234,0.054425,0.01399648,0.006975239
172,94.62101,0.5506753,1.333e-06,0.1867543,0.01168706,0.202889,0.009973151,0.05447716,0.009554485,0.054415,0.01399664,0.006927156
173,95.17169,0.5510255,1.25e-06,0.1870137,0.01185473,0.2031019,0.009601984,0.05446225,0.009518402,0.05441166,0.01410031,0.006959238
174,95.72271,0.5498677,1.417e-06,0.1865089,0.0116994,0.2021523,0.009627818,0.054445,0.009567651,0.05493191,0.01399673,0.006936572
175,96.27258,0.550934,1.25e-06,0.1873279,0.01176007,0.2027242,0.009698818,0.05445158,0.009566151,0.05443158,0.01399923,0.006973156
176,96.82351,0.5500441,1.083e-06,0.187135,0.01168281,0.2022448,0.009493485,0.05445433,0.009556401,0.05439658,0.01400114,0.007078489
177,97.37356,0.5508667,1.5e-06,0.1873703,0.01159406,0.202962,0.009661401,0.0543985,0.009555651,0.05437158,0.01400089,0.006950822
178,97.92442,0.550007,1.5e-06,0.186627,0.01173523,0.2027166,0.009470069,0.05453391,0.009414902,0.05442766,0.01399889,0.007081155
179,98.47443,0.5505614,1.333e-06,0.1873395,0.01155631,0.2027478,0.009629651,0.05440791,0.009563818,0.05435883,0.01400514,0.006951072
180,99.02499,0.549975,1.333e-06,0.1870387,0.01194506,0.2021109,0.009598401,0.05440375,0.009528568,0.05436525,0.01399931,0.006983739
181,99.57497,0.549654,1.416e-06,0.1874236,0.01157473,0.2017503,0.009636652,0.05439975,0.009576735,0.05435816,0.01399331,0.006939239
182,100.1246,0.5498523,1.25e-06,0.1868083,0.01181723,0.2023689,0.009482402,0.05441008,0.009537818,0.054349,0.01399589,0.007081406
183,100.6745,0.550612,1.5e-06,0.1866941,0.01190481,0.2027258,0.009617568,0.05448333,0.009566151,0.05468691,0.01399314,0.006938573
184,101.2251,0.5500597,1.166e-06,0.1866792,0.01167423,0.202826,0.009474568,0.05452816,0.009419485,0.05449058,0.01389056,0.007075739
185,101.7751,0.550168,1.25e-06,0.1868307,0.01179715,0.2026491,0.009611734,0.05439741,0.009555651,0.05435725,0.01398856,0.006979155
186,102.3253,0.5508125,1.5e-06,0.1876496,0.01172206,0.202501,0.009628151,0.05440091,0.009552068,0.05437216,0.01400006,0.006984905
187,102.8761,0.550112,1.333e-06,0.1866641,0.01122807,0.2033163,0.009617984,0.05438841,0.009568318,0.05433833,0.01399431,0.006994739
188,103.4262,0.5462527,1.084e-06,0.1864712,0.007777821,0.2026924,0.009734818,0.054433,0.009612901,0.05437683,0.01401573,0.007136906
189,103.9725,0.5462435,1.25e-06,0.1868075,0.007447155,0.203142,0.009607234,0.05439591,0.009547235,0.05433108,0.01399564,0.006968489
190,104.5187,0.5463731,1.583e-06,0.1861992,0.009447401,0.2017008,0.009596485,0.05441366,0.009551651,0.05436925,0.01399156,0.007101572
191,105.0651,0.5454951,1.25e-06,0.1864667,0.007663571,0.2021179,0.009471901,0.05451725,0.009461652,0.05451008,0.01398939,0.007295405
192,105.6106,0.5480482,1.25e-06,0.1866555,0.009407818,0.2028657,0.009603651,0.05439816,0.009535151,0.05434925,0.01413056,0.007101239
193,106.1587,0.567846,1.5e-06,0.2066177,0.009594484,0.2023809,0.009709485,0.05440341,0.009561068,0.05449275,0.01398964,0.007095072
194,106.7265,0.5462482,1.25e-06,0.1864838,0.007688404,0.2029176,0.009476068,0.05450175,0.009416902,0.05460025,0.01392323,0.007238988
195,107.2727,0.5473526,1.5e-06,0.18683,0.009442235,0.2020604,0.009616902,0.05439425,0.009544568,0.0545085,0.01400481,0.006949489
196,107.8201,0.5447141,1.416e-06,0.185842,0.007949238,0.2019505,0.009491651,0.05450866,0.009441318,0.05458275,0.01389348,0.007053072
197,108.3648,0.5497935,1.5e-06,0.1880368,0.0104549,0.2022665,0.009610151,0.0544015,0.009523401,0.05451341,0.01399539,0.006989905
198,108.9146,0.551184,1.333e-06,0.187737,0.01170157,0.2026948,0.009593318,0.05440833,0.009563735,0.05450833,0.01399256,0.006983072
199,109.4658,0.5510985,1.334e-06,0.1879362,0.01176456,0.2022047,0.009616401,0.05453175,0.009530068,0.05455775,0.01399264,0.006963072
200,110.0169,0.5496826,1.416e-06,0.1868971,0.01155532,0.2016237,0.009608735,0.05451383,0.009541568,0.05488108,0.01408623,0.006973656
201,110.5666,0.549662,1.75e-06,0.1869651,0.01195806,0.2016948,0.009628484,0.05454108,0.009548568,0.05436541,0.01398806,0.006970655
202,111.1162,0.5501475,1.333e-06,0.1873903,0.01169973,0.2020233,0.009600651,0.0545625,0.009540068,0.05436166,0.01399039,0.006977489
203,111.6664,0.5510743,1.167e-06,0.1875769,0.01159707,0.2028136,0.009646234,0.05453291,0.009545068,0.05438158,0.01399831,0.006981489
204,112.2175,0.5513606,1.666e-06,0.1874495,0.01156165,0.2029886,0.009618068,0.0548325,0.009528651,0.05442533,0.01399706,0.006957572
205,112.7688,0.5511225,1.167e-06,0.1875914,0.01172798,0.2026331,0.009644568,0.05454333,0.009562568,0.0544545,0.01399139,0.006972489
206,113.3199,0.5505302,1.25e-06,0.1874188,0.01171931,0.2023529,0.009745651,0.05442575,0.009554818,0.05434733,0.01399581,0.006968572
207,113.8705,0.5558548,1.5e-06,0.192147,0.01189715,0.2027811,0.009607068,0.05439616,0.009558901,0.05435675,0.01399873,0.007110405
208,114.4263,0.5500884,1.417e-06,0.186478,0.01178056,0.2030145,0.009493402,0.05448625,0.009436651,0.05446258,0.01399298,0.006941989
209,114.9764,0.5511925,1.333e-06,0.1869359,0.0119359,0.2028079,0.009808817,0.05470541,0.009576234,0.05435108,0.01399398,0.007075988
210,115.5276,0.5507801,1.333e-06,0.1871544,0.01196565,0.2027463,0.009592651,0.05448066,0.009542485,0.05436025,0.01399573,0.006940739
211,116.0784,0.5507962,1.25e-06,0.187366,0.01161581,0.2028613,0.009657401,0.0544165,0.009546401,0.05437616,0.01398998,0.006965322
212,116.6292,0.5503242,1.333e-06,0.1867204,0.01189273,0.2027813,0.009648484,0.05438866,0.009547735,0.05437033,0.01399573,0.006977489
213,117.1795,0.5512465,1.666e-06,0.1875506,0.01168173,0.2030673,0.009650318,0.05440083,0.009566151,0.05436308,0.01398556,0.006979322
214,117.7308,0.5503224,1.25e-06,0.1867253,0.01189023,0.2027538,0.009585151,0.054477,0.009539651,0.05437233,0.01399164,0.006986072
215,118.2811,0.5505145,1.25e-06,0.1871182,0.01157448,0.2028046,0.009603735,0.054387,0.009557568,0.05435816,0.01400298,0.007106572
216,118.8316,0.5500295,1.333e-06,0.1868968,0.01160765,0.202675,0.009588735,0.05440291,0.009421818,0.05446425,0.01398548,0.006985488
217,119.3816,0.5507355,1.583e-06,0.1871219,0.01170182,0.2028547,0.009619568,0.0544195,0.009537735,0.05437708,0.01399556,0.007106072
218,119.9324,0.5501833,1.083e-06,0.1869077,0.01171231,0.202699,0.009611901,0.05442775,0.009528152,0.05434883,0.01399448,0.006952072
219,120.4825,0.5508295,1.417e-06,0.1876384,0.01173498,0.2025043,0.009676485,0.05440816,0.009541901,0.05434725,0.01399023,0.006986322
220,121.0334,0.550146,1.5e-06,0.1867725,0.01170923,0.202631,0.009625318,0.05438925,0.009550985,0.05450708,0.01399864,0.006960489
221,121.5835,0.5493915,1.584e-06,0.186649,0.01195206,0.201884,0.009618901,0.054388,0.009560402,0.05434508,0.01399414,0.006998405
222,122.1329,0.5440236,1.416e-06,0.1830504,0.01161131,0.2014393,0.009505068,0.05410866,0.009434318,0.05403416,0.01388814,0.006950905
223,122.6769,0.5477,1.334e-06,0.1853177,0.01151165,0.2019935,0.009611651,0.05439283,0.009431985,0.05448191,0.01400048,0.006956989
224,123.2246,0.553274,1.25e-06,0.1859903,0.01173756,0.2060595,0.009631901,0.05491983,0.009516151,0.0543485,0.01399589,0.007073156
225,123.7779,0.5519665,1.334e-06,0.1865474,0.01155023,0.2022682,0.009594151,0.05453916,0.009536151,0.05697949,0.0139914,0.006959072
226,124.3299,0.5500986,1.25e-06,0.1863743,0.0116994,0.2026121,0.009638067,0.054914,0.009557568,0.05435733,0.01399273,0.006951906
227,124.88,0.5491317,1.333e-06,0.1863135,0.01184148,0.2020429,0.009595235,0.05439966,0.009557151,0.054352,0.01405406,0.006974323
228,125.4291,0.5502419,1.25e-06,0.1867771,0.01170473,0.2027252,0.009597485,0.05441483,0.009563985,0.0543785,0.01400006,0.007078739
229,125.9793,0.5492208,1.333e-06,0.1863137,0.01159032,0.2023725,0.009603068,0.05442983,0.009533651,0.05438841,0.01400264,0.006985322
230,126.5286,0.5505524,1.333e-06,0.1859612,0.01160398,0.2036902,0.009619735,0.05466716,0.009577568,0.05445066,0.01399564,0.006984906
231,127.0791,0.548899,1.25e-06,0.1859531,0.01187948,0.2020693,0.009606651,0.0544135,0.009547235,0.05443425,0.01398939,0.007004906
232,127.628,0.5496649,1.417e-06,0.1860271,0.01180656,0.2027577,0.009621068,0.05443408,0.009567151,0.05446433,0.01399531,0.006990156
233,128.1777,0.5489147,1.334e-06,0.1861352,0.01177815,0.2020464,0.009602735,0.05441841,0.009526901,0.05438716,0.01399731,0.007021072
234,128.7266,0.5494315,1.417e-06,0.1858977,0.01190257,0.2026438,0.009513902,0.0545435,0.009443151,0.05448691,0.01388289,0.007115655
235,129.276,0.5502055,1.25e-06,0.1864694,0.01173998,0.2027053,0.009596818,0.05476183,0.009549902,0.05437091,0.01399289,0.007017155
236,129.8262,0.5502782,1.25e-06,0.1868059,0.01173956,0.2026297,0.009630401,0.05440633,0.009563484,0.05439158,0.01398923,0.007120822
237,130.3765,0.5514839,1e-06,0.18773,0.01181598,0.2027671,0.009611318,0.05451875,0.009517235,0.05438383,0.01399498,0.007143738
238,130.928,0.5494116,1.167e-06,0.1859431,0.01179098,0.2025626,0.009504984,0.05453183,0.009458568,0.05449941,0.01411973,0.006999239
239,131.4774,0.5503776,1.333e-06,0.1869797,0.01174848,0.2024738,0.009623401,0.05445441,0.009551318,0.05442716,0.01413814,0.006979905
240,132.0278,0.5498711,1.25e-06,0.1860696,0.01174081,0.2028966,0.009565568,0.05453816,0.009448401,0.05450875,0.01396989,0.007132072
241,132.5776,0.5499123,1.583e-06,0.1864012,0.01156831,0.2026593,0.009618984,0.05442366,0.009567401,0.05467741,0.01399789,0.006996572
242,133.1276,0.5489027,1.5e-06,0.1857321,0.01201048,0.2018724,0.009598568,0.0544275,0.009539735,0.05458641,0.01413423,0.006999738
243,133.6765,0.5488177,1.334e-06,0.1860723,0.0117239,0.2017643,0.009597485,0.054494,0.009549818,0.05452441,0.01398864,0.007101488
244,134.2253,0.5497219,1.25e-06,0.186282,0.01199273,0.2017768,0.009612818,0.05442025,0.009577401,0.054509,0.01454014,0.007009489
245,134.775,0.5495071,1.417e-06,0.1865956,0.01157665,0.2022218,0.009645652,0.054412,0.009553151,0.05449825,0.01399648,0.007006072
246,135.3245,0.5545148,1.5e-06,0.1908184,0.01161365,0.2025359,0.009587985,0.054576,0.009537985,0.05485183,0.01400106,0.006990489
247,135.879,0.5505017,1.5e-06,0.1868994,0.01172782,0.20259,0.009622568,0.05441825,0.009725235,0.054503,0.01399423,0.007019739
248,136.4295,0.550405,1.5e-06,0.1864631,0.01159806,0.2032299,0.009594818,0.0545635,0.009428402,0.05450475,0.01399131,0.007029572
249,136.9799,0.549647,1.416e-06,0.1869097,0.01160456,0.2018559,0.009621651,0.05470775,0.009562818,0.05438741,0.01399231,0.007003489
250,137.5296,0.5504855,1.25e-06,0.1865835,0.01173848,0.2030798,0.009633985,0.05454533,0.009541485,0.05437525,0.01399681,0.006989655
251,138.0801,0.5495331,1.5e-06,0.1867211,0.01157948,0.2018492,0.009540152,0.054839,0.009498068,0.05448766,0.01399939,0.007017572
252,138.6296,0.550907,1.417e-06,0.1871998,0.01176557,0.2027105,0.009633901,0.05467683,0.009548568,0.05437741,0.01400123,0.006991822
253,139.1805,0.5494083,1.834e-06,0.1869139,0.01158506,0.2018274,0.009614901,0.05454841,0.009562984,0.05436,0.01400131,0.006992489
254,139.7299,0.5495506,1.333e-06,0.18664,0.0117249,0.2020846,0.009634068,0.0545545,0.009544901,0.05436483,0.01398848,0.007013072
255,140.2795,0.550873,1.5e-06,0.1872941,0.01172531,0.20259,0.009760901,0.05441716,0.009569401,0.054377,0.01400264,0.007134905
256,140.8303,0.5494356,1.417e-06,0.1863685,0.0118469,0.2019837,0.009760484,0.05450625,0.009621485,0.05437016,0.01398414,0.006992655
257,141.3798,0.549441,1.333e-06,0.1866775,0.01163531,0.2021899,0.009575568,0.05441341,0.009553485,0.0543795,0.01399339,0.007021655
258,141.9292,0.5491485,1.583e-06,0.1860984,0.01173998,0.2023593,0.009629735,0.05441791,0.009543318,0.05436866,0.01399664,0.006992989
259,142.4784,0.5550553,1.333e-06,0.1913012,0.01174906,0.2029104,0.009619818,0.05442575,0.009540651,0.05440275,0.01399798,0.007106322
260,143.0334,0.5491126,1.167e-06,0.1859285,0.01176056,0.2024614,0.009512901,0.05453766,0.009438735,0.054378,0.01398623,0.007107406
261,143.5825,0.5548444,1.417e-06,0.1866515,0.01160023,0.2030557,0.01018315,0.05831349,0.009554068,0.05437866,0.01399964,0.007106488
262,144.1374,0.5523019,1.334e-06,0.1887326,0.01173315,0.2029134,0.009625318,0.05439475,0.009532818,0.05442608,0.01398873,0.006953739
263,144.6897,0.5519879,1.417e-06,0.1889808,0.01194848,0.2021563,0.009607902,0.0544055,0.009549151,0.05436008,0.01399764,0.006980739
264,145.2417,0.5509004,1.833e-06,0.1877251,0.01177565,0.2024942,0.009609151,0.0543875,0.009582402,0.05436508,0.01398973,0.006969822
265,145.7926,0.5531295,1.25e-06,0.189805,0.01170965,0.2027598,0.009618735,0.05438658,0.009565818,0.0543465,0.01398614,0.006950072
266,146.3457,0.5519239,1.667e-06,0.1879912,0.01192656,0.2030433,0.009596984,0.054396,0.009539402,0.05435191,0.01400248,0.007074405
267,146.8976,0.5736747,1.333e-06,0.2066881,0.01171265,0.2059511,0.009623151,0.05451716,0.009538568,0.05444533,0.01406514,0.007132239
268,147.4713,0.5506516,1.417e-06,0.1879037,0.01159306,0.2021788,0.009634735,0.05447741,0.009552318,0.05435266,0.01400606,0.006951489
269,148.0219,0.5508289,1.167e-06,0.1881438,0.01169765,0.2021291,0.009614484,0.05440225,0.009541235,0.05436783,0.01399531,0.006936073
270,148.5728,0.5536855,1.5e-06,0.1899378,0.01198473,0.2022948,0.009604652,0.05494666,0.009551568,0.05438,0.01399248,0.006991322
271,149.1265,0.5537916,1.333e-06,0.1907579,0.01194348,0.2022008,0.009619402,0.054396,0.009545901,0.05435133,0.01399748,0.006977989
272,149.6803,0.5585534,1.417e-06,0.1948407,0.0118529,0.2027228,0.009478151,0.05482591,0.009419819,0.05446591,0.01387198,0.007073822
273,150.2388,0.5512424,1.417e-06,0.1904276,0.009436901,0.2023358,0.009608318,0.05438408,0.009565151,0.0543565,0.01398989,0.007136822
274,150.79,0.5518579,1.333e-06,0.1905045,0.01018707,0.2022088,0.009582818,0.05440183,0.009558818,0.054336,0.01399531,0.007081405
275,151.3419,0.5505573,1.083e-06,0.1915909,0.007742821,0.2022223,0.009617734,0.05443916,0.009547568,0.05438583,0.01400031,0.007009573
276,151.8925,0.5508966,1.166e-06,0.1916481,0.007479821,0.2029107,0.009615902,0.05439,0.009532401,0.05433891,0.01400598,0.006973656
277,152.4434,0.5531585,1.417e-06,0.1927769,0.009357818,0.2020325,0.009593984,0.05438508,0.009548734,0.05434808,0.01398898,0.007124989
278,152.9965,0.5506524,1.25e-06,0.1908966,0.007724737,0.2029705,0.009499068,0.0545115,0.009447652,0.05462858,0.01399956,0.006972988
279,153.5472,0.5518367,1.416e-06,0.1910308,0.009394235,0.2021845,0.009618401,0.05438925,0.009542235,0.05446758,0.01398506,0.007223239
280,154.099,0.5509756,1.333e-06,0.1907114,0.009353652,0.2019065,0.009596401,0.0543985,0.009535902,0.05436375,0.01413264,0.006975572
281,154.65,0.5520405,1.25e-06,0.1914678,0.007844571,0.2029299,0.009638401,0.05441575,0.009567818,0.05489991,0.01429364,0.006981489
282,155.202,0.5518726,1.5e-06,0.1913026,0.009269319,0.2022383,0.009459151,0.05454725,0.009431235,0.05462575,0.01399689,0.007000655
283,155.7539,0.545217,1.334e-06,0.1876044,0.007442238,0.2018542,0.009476568,0.05423683,0.009426818,0.05437216,0.01387831,0.006924155
284,156.2991,0.548299,1.167e-06,0.1892891,0.007687071,0.2022604,0.009628235,0.05442058,0.009567568,0.05445833,0.01399365,0.006992905
285,156.8474,0.5513069,1.417e-06,0.1913099,0.007479238,0.2036481,0.009629318,0.05439016,0.009559485,0.05433466,0.01399448,0.006960156
286,157.3987,0.5489696,1.25e-06,0.1893482,0.007715987,0.2029527,0.009606984,0.05439466,0.009548735,0.05443425,0.01398939,0.006977489
287,157.9477,0.5547883,1.583e-06,0.1946691,0.007802071,0.2032443,0.009595652,0.05438483,0.009550735,0.05442583,0.01399306,0.007121155
288,158.5025,0.5540606,1.167e-06,0.1891634,0.01298698,0.2026408,0.009830068,0.05455375,0.009556068,0.05436591,0.01400448,0.006958072
289,159.0565,0.5535217,1.25e-06,0.190206,0.01198323,0.2023448,0.009615151,0.05446933,0.009559901,0.05436241,0.01398781,0.006991822
290,159.6101,0.552776,1.334e-06,0.1892994,0.01173206,0.2026654,0.009611651,0.05443541,0.009538151,0.05438625,0.01400439,0.007101905
291,160.1628,0.5531229,1.583e-06,0.1898885,0.01171556,0.2026168,0.009638318,0.05441466,0.009554818,0.05435141,0.01399748,0.006943655
292,160.716,0.5526326,1.417e-06,0.1893595,0.01161957,0.2027354,0.009600234,0.05442141,0.009540985,0.05436358,0.01399164,0.006998822
293,161.2686,0.5511484,1.167e-06,0.188009,0.01202481,0.2020984,0.009691651,0.05444058,0.009526651,0.05435366,0.01399306,0.007009405
294,161.8197,0.5499726,1.333e-06,0.1863238,0.01176723,0.2027503,0.009623151,0.05449966,0.009527485,0.05434416,0.01414956,0.006985988
295,162.3697,0.5491693,1.333e-06,0.1862136,0.01207798,0.2019122,0.009608818,0.05442491,0.009548985,0.05438875,0.01399631,0.006996405
296,162.9189,0.5499322,1.5e-06,0.18597,0.01184173,0.2032987,0.009466735,0.0545005,0.009442901,0.05444991,0.01400081,0.006959405
297,163.4688,0.5489788,1.166e-06,0.1863896,0.01159048,0.2020443,0.009622068,0.05441583,0.009556985,0.05436666,0.01398723,0.007004405
298,164.0178,0.5491335,1.417e-06,0.1854128,0.01188881,0.2028308,0.009583568,0.05452775,0.009563734,0.054371,0.01398389,0.006969738
299,164.5669,0.5500526,1.416e-06,0.1861648,0.01173648,0.2030442,0.009631568,0.05441083,0.009539401,0.05450075,0.01398306,0.007040155
300,165.117,0.5492625,1.167e-06,0.1864017,0.01186165,0.2021018,0.009475068,0.05450683,0.009437235,0.05449275,0.01399289,0.006991405
301,165.6662,0.5485311,1.666e-06,0.185311,0.01163565,0.2027235,0.009489901,0.05450175,0.009432069,0.05446899,0.01398731,0.006979239
302,166.2148,0.5497027,1.416e-06,0.1870381,0.0116989,0.2019953,0.009622651,0.05442066,0.009569484,0.05437983,0.01399914,0.006977239
303,166.7645,0.5556579,1.333e-06,0.1922409,0.01170848,0.2028573,0.009625651,0.05439033,0.009555151,0.0543375,0.01398756,0.006953822
304,167.3201,0.5496158,1.333e-06,0.1863197,0.01196398,0.2021653,0.009597901,0.05456958,0.009551318,0.05447991,0.01400356,0.006963239
305,167.8697,0.5470196,1.25e-06,0.1845381,0.01155823,0.2020386,0.009494234,0.05450025,0.009442485,0.05447891,0.01399764,0.006969905
306,168.4168,0.5495015,1.25e-06,0.1867339,0.01177057,0.2019568,0.009621985,0.05440891,0.009539735,0.05446616,0.01400173,0.007000489
307,168.9663,0.5500808,1.25e-06,0.1869023,0.01194456,0.2018058,0.009615401,0.05439,0.0100559,0.05438666,0.01400323,0.006975655
308,169.5163,0.5505447,1.417e-06,0.1871302,0.01196273,0.2026079,0.009516985,0.054504,0.009420318,0.05433566,0.01398739,0.007078072
309,170.0669,0.5500287,1.333e-06,0.1865918,0.01185081,0.2023004,0.009609235,0.05473941,0.009569818,0.05438908,0.01400173,0.006975072
310,170.6169,0.5516492,1.5e-06,0.188651,0.0117599,0.2023125,0.009600068,0.05441941,0.009535568,0.05436691,0.01399806,0.007004239
311,171.1686,0.5528044,1.916e-06,0.1885695,0.01190548,0.2032776,0.009589901,0.054424,0.009629568,0.05441016,0.01400139,0.006994822
312,171.7214,0.5501441,1.25e-06,0.1866009,0.01172215,0.2027469,0.009627484,0.05447283,0.009551985,0.05444641,0.01398756,0.006986655
313,172.2715,0.5513268,1.417e-06,0.1875813,0.01157923,0.2031311,0.009607651,0.05445983,0.009561818,0.0544135,0.01399656,0.006994405
314,172.8228,0.5512346,1.334e-06,0.1853214,0.01178923,0.2049617,0.009709484,0.05443716,0.009560568,0.05440366,0.01398739,0.007062738
315,173.3741,0.5491591,1.25e-06,0.1847246,0.01157165,0.2036159,0.009606651,0.054479,0.009525151,0.05445208,0.01418523,0.006997572
316,173.9232,0.548306,1.416e-06,0.1847613,0.01155607,0.2028903,0.009607818,0.05455316,0.009569235,0.05442241,0.01399831,0.006945989
317,174.4715,0.5489426,1.5e-06,0.1852568,0.01183123,0.2028656,0.009610568,0.05445216,0.009561901,0.05439258,0.01399339,0.006976906
318,175.0205,0.5484444,1.334e-06,0.1850519,0.0116524,0.2028511,0.009497568,0.0545475,0.009422485,0.05449641,0.01387423,0.007049489
319,175.5689,0.5491959,1.417e-06,0.1854449,0.01161073,0.2030688,0.009599568,0.05449208,0.009441318,0.05455516,0.01399048,0.006991489
320,176.1181,0.5438753,1.25e-06,0.1830407,0.01155598,0.2011328,0.009478568,0.05413283,0.009427235,0.05426475,0.01388331,0.006957822
321,176.662,0.549396,1.25e-06,0.1851954,0.01176665,0.2032043,0.009601652,0.05447641,0.009562735,0.05446091,0.01412506,0.007001655
322,177.2114,0.5488139,1.416e-06,0.1848251,0.01126556,0.2037288,0.009591901,0.0544535,0.009548734,0.05443075,0.01398606,0.006982072
323,177.7602,0.5480611,1.25e-06,0.1852812,0.01153898,0.2021795,0.009499818,0.05460216,0.009431985,0.05455625,0.01399564,0.006974323
324,178.3083,0.548459,1.5e-06,0.1844995,0.01169706,0.2032635,0.009461318,0.05458141,0.009414651,0.05444691,0.01398364,0.007109489
325,178.8567,0.5546171,1.083e-06,0.1902545,0.01173865,0.2031783,0.009675152,0.05465025,0.009541401,0.0544935,0.01400623,0.007077988
326,179.4114,0.5497045,1.166e-06,0.1859895,0.01172015,0.2028284,0.009499734,0.0544545,0.009556318,0.05457075,0.01398973,0.007094239
327,179.9611,0.5473363,1.25e-06,0.1849454,0.01155073,0.2018072,0.009492485,0.05456808,0.009459735,0.05453158,0.01398339,0.006996489
328,180.5084,0.5474755,1.667e-06,0.1846452,0.01159557,0.2021591,0.009603151,0.05449266,0.009538068,0.05445133,0.01399514,0.006993572
329,181.0559,0.545201,1.416e-06,0.1847981,0.009276569,0.2020615,0.009513319,0.05458816,0.009432735,0.05454225,0.01399456,0.006992406
330,181.6011,0.5448755,1.25e-06,0.184918,0.007930154,0.2027543,0.009485235,0.05475591,0.009430152,0.05458316,0.01407023,0.006947156
331,182.1459,0.5453793,1.333e-06,0.1845964,0.009512652,0.2021773,0.009493985,0.0545465,0.009574984,0.05451425,0.01400148,0.006960488
332,182.6913,0.5439383,1.25e-06,0.1845176,0.007723654,0.202658,0.009487401,0.05459583,0.009419652,0.05454499,0.01399206,0.006997822
333,183.2353,0.5467467,1.416e-06,0.1853246,0.009294402,0.2026473,0.009487568,0.05455541,0.009964067,0.05452466,0.01399464,0.006952572
334,183.782,0.5440237,1.417e-06,0.1847257,0.007695238,0.2025841,0.009486818,0.05458483,0.009429152,0.05455441,0.01399173,0.006970322
335,184.326,0.5498859,1.416e-06,0.1851965,0.009234235,0.2020262,0.009552652,0.05472524,0.01043823,0.05774607,0.01399356,0.006971906
336,184.8759,0.5499488,1.416e-06,0.184853,0.0132374,0.202375,0.009723318,0.0547565,0.009580152,0.05443458,0.01399364,0.006993739
337,185.4259,0.5474326,1.333e-06,0.1857169,0.009343901,0.2033237,0.009600984,0.0545195,0.009525151,0.05440675,0.01398806,0.007006406
338,185.9733,0.54486,1.333e-06,0.1853016,0.007747988,0.2028096,0.009499151,0.05457033,0.009413985,0.05456558,0.01398639,0.006964072
339,186.5182,0.5473862,1.583e-06,0.1856635,0.009472735,0.2032785,0.009583152,0.05444425,0.009541568,0.05442183,0.01399373,0.006985406
340,187.0655,0.5457125,1.667e-06,0.18517,0.007667488,0.2037888,0.009469068,0.05465025,0.009424735,0.05453191,0.01400248,0.007006072
341,187.6113,0.5519807,1.334e-06,0.1892921,0.01018423,0.203509,0.009604318,0.05444925,0.009554735,0.0544125,0.01399648,0.006976739
342,188.1632,0.5460448,1.584e-06,0.1849051,0.009477235,0.2027127,0.009479568,0.05457333,0.009412319,0.05452016,0.01399423,0.006968573
343,188.7093,0.545647,1.5e-06,0.185826,0.007729237,0.2030243,0.009497568,0.05459891,0.009425152,0.05453633,0.01404881,0.006959072
344,189.2549,0.5453833,1.25e-06,0.1846385,0.009245652,0.2024677,0.009519151,0.05453975,0.009444901,0.0545375,0.01399906,0.006989822
345,189.8003,0.547512,1.25e-06,0.1852135,0.007871071,0.203169,0.01103923,0.05514366,0.009445151,0.05463875,0.01399489,0.006995489
346,190.3478,0.5493291,1.25e-06,0.1846527,0.01351773,0.2019203,0.009682485,0.05448675,0.009521151,0.05443966,0.01409306,0.007014072
347,190.8972,0.5465548,1.334e-06,0.1854737,0.009263568,0.2028203,0.009636151,0.05443491,0.009556068,0.0544065,0.01399489,0.006967322
348,191.4437,0.5450076,1.417e-06,0.1848455,0.007718321,0.2034028,0.009482651,0.0545735,0.009423401,0.05456608,0.01399756,0.006996322
349,191.9887,0.5455459,1.583e-06,0.1852295,0.009278985,0.2020869,0.009485568,0.05457258,0.009434235,0.05452091,0.01399131,0.006944322
350,192.5343,0.5496451,1.417e-06,0.1849125,0.01278756,0.2028073,0.009670818,0.05447983,0.009587818,0.05442025,0.01399456,0.006983072
351,193.0839,0.5489482,1.5e-06,0.1852426,0.01184831,0.2027072,0.009627984,0.05448958,0.009409402,0.05463258,0.01399306,0.006995988
352,193.6329,0.5494259,1.5e-06,0.1863726,0.01151031,0.2025058,0.009621902,0.05444608,0.009570901,0.05442491,0.01400139,0.006970489
353,194.1823,0.5490271,1.25e-06,0.185416,0.01182123,0.2027571,0.009627901,0.05445058,0.009406402,0.05455575,0.01399373,0.006997156
354,194.7313,0.5493958,1.333e-06,0.1858367,0.01191848,0.2026367,0.009513401,0.05459125,0.009448735,0.05452891,0.01388414,0.007036156
355,195.2807,0.5493068,1.334e-06,0.1854158,0.01183656,0.2029984,0.009613651,0.05446808,0.009547734,0.0544175,0.01399414,0.007013572
356,195.83,0.5489947,1.25e-06,0.1852927,0.01170615,0.2027119,0.009616568,0.054504,0.009633901,0.05453691,0.01399698,0.006994322
357,196.379,0.5480719,1.417e-06,0.1852028,0.01202115,0.2017647,0.009604734,0.05447858,0.009562902,0.05444233,0.01399831,0.006994988
358,196.9271,0.5488498,1.416e-06,0.1854911,0.01164782,0.2025225,0.009627068,0.05463591,0.009567152,0.0543935,0.01399756,0.006965738
359,197.4759,0.5485375,1.5e-06,0.185272,0.01171165,0.2019307,0.009602567,0.05448458,0.009551984,0.05497183,0.01400048,0.007010239
360,198.0245,0.5476578,1.333e-06,0.184527,0.01174332,0.2023413,0.009518901,0.05457975,0.009430652,0.05453808,0.01388756,0.007089822
361,198.5721,0.5482105,1.417e-06,0.1850061,0.01156898,0.202157,0.009501484,0.05468433,0.009422902,0.05486891,0.01399139,0.007007905
362,199.1203,0.5475855,1.5e-06,0.1846029,0.01184265,0.2020813,0.009588235,0.05448541,0.009531235,0.05444866,0.01398314,0.007020489
363,199.6679,0.5493478,1.417e-06,0.185404,0.0115884,0.2033023,0.009594318,0.05447358,0.009559485,0.05444316,0.01399631,0.006984822
364,200.2173,0.54859,1.25e-06,0.1852253,0.01126507,0.2030332,0.009611485,0.05445658,0.009575484,0.05441683,0.01399039,0.007014489
365,200.7659,0.5485822,1.5e-06,0.1849248,0.01211623,0.202488,0.009624485,0.05446758,0.009553401,0.05441733,0.01399781,0.006991072
366,201.3144,0.5488179,1.334e-06,0.1853392,0.01174365,0.202744,0.009484068,0.054611,0.009426319,0.0545065,0.01388631,0.007075489
367,201.8633,0.5483312,1.667e-06,0.1853072,0.01160215,0.2023545,0.009514818,0.05457941,0.009451485,0.05454533,0.01400381,0.006970822
368,202.4116,0.5480079,1.25e-06,0.1843827,0.0118049,0.2027814,0.009602735,0.05446583,0.009538485,0.05443341,0.01399723,0.006999905
369,202.9596,0.5485078,1.084e-06,0.1853373,0.01162281,0.2025085,0.009618151,0.05445191,0.009552402,0.05443408,0.01399806,0.006983488
370,203.5081,0.5472107,1.417e-06,0.1843479,0.01186123,0.2019263,0.009615484,0.05448016,0.009544484,0.05444133,0.01400481,0.006987656
371,204.0553,0.5477262,1.584e-06,0.1847425,0.01174198,0.2020768,0.009591567,0.0545505,0.009430652,0.05460183,0.01399506,0.006993739
372,204.603,0.5474952,1.417e-06,0.1843321,0.01165106,0.2023938,0.009633151,0.05447925,0.009560401,0.05442725,0.01400073,0.007015989
373,205.1505,0.5484848,1.25e-06,0.1850422,0.01162131,0.2027893,0.009482234,0.05458816,0.009417318,0.05454883,0.01399989,0.006994322
374,205.699,0.5489693,1.416e-06,0.1849831,0.01183106,0.2030683,0.009612401,0.05449191,0.009571067,0.05443175,0.01399964,0.006978573
375,206.248,0.5493163,1.5e-06,0.1857432,0.01171565,0.2027104,0.009690485,0.05447125,0.009535818,0.05442833,0.01399531,0.007024323
376,206.7973,0.5476872,1.25e-06,0.1843757,0.01167415,0.2025096,0.009562652,0.05450091,0.009524318,0.05443641,0.01400164,0.007100572
377,207.345,0.5483192,1.25e-06,0.1847727,0.0119714,0.2023627,0.009603318,0.05447941,0.009537234,0.05459458,0.01400739,0.006989239
378,207.8933,0.5487194,1.25e-06,0.1852302,0.01162923,0.2027129,0.009627402,0.05448416,0.009404735,0.05454708,0.01399056,0.007091822
379,208.442,0.547673,1.5e-06,0.1848835,0.01162648,0.2021028,0.009498652,0.05458699,0.009444402,0.05454783,0.01400131,0.006979489
380,208.9897,0.5478988,1.5e-06,0.1848011,0.01159548,0.2024243,0.009592235,0.05449708,0.009550651,0.05442833,0.01399773,0.007010322
381,209.5376,0.5474159,1.334e-06,0.1846917,0.01158265,0.2020859,0.009513068,0.05458491,0.009442901,0.05453675,0.01400073,0.006975905
382,210.085,0.5474076,1.334e-06,0.1843411,0.01186331,0.2019238,0.009606651,0.05446741,0.009564818,0.05461808,0.01403823,0.006982905
383,210.6324,0.5474916,1.25e-06,0.1845648,0.01195606,0.2018356,0.009614651,0.05446875,0.009547485,0.05451225,0.01399715,0.006993655
384,211.1799,0.5473752,1.417e-06,0.1845094,0.01183823,0.2019413,0.009660735,0.05445591,0.009565568,0.05443233,0.01399856,0.006971739
385,211.7273,0.5486952,1.5e-06,0.185165,0.01185415,0.2020773,0.009603402,0.05447341,0.009426485,0.05508441,0.01399606,0.007013406
386,212.276,0.5485872,1.584e-06,0.1852022,0.01162273,0.2026968,0.009629902,0.05446908,0.009552484,0.05443358,0.0139969,0.006981988
387,212.8246,0.5483679,1.25e-06,0.185195,0.01155331,0.2020455,0.009595818,0.05463858,0.009535318,0.05479041,0.01400106,0.007011572
388,213.3729,0.5473371,1.667e-06,0.1839678,0.01162515,0.2025308,0.009686484,0.05447566,0.009615734,0.05445125,0.01399889,0.006983656
389,213.9203,0.5493425,1.416e-06,0.184725,0.0116029,0.2038599,0.009694901,0.05447458,0.009561901,0.05443416,0.01398864,0.006999072
390,214.4696,0.5484695,1.25e-06,0.1848605,0.0116444,0.2029118,0.009615735,0.05448175,0.009536901,0.05443583,0.01400098,0.006980405
391,215.0181,0.5485226,1.5e-06,0.1848825,0.01161623,0.2029646,0.009602068,0.05448208,0.009428235,0.05454991,0.01400006,0.006995405
392,215.5666,0.5430922,1.25e-06,0.1820333,0.01184231,0.2008184,0.009579484,0.05430383,0.009527651,0.05411466,0.01389698,0.006974322
393,216.1097,0.5486446,1.25e-06,0.185357,0.01160365,0.2025243,0.009622402,0.05456208,0.009454651,0.05453133,0.01399931,0.006988655
394,216.6584,0.5480194,1.25e-06,0.1843005,0.0117779,0.2027876,0.009682484,0.05446641,0.009565485,0.05444075,0.01400339,0.006993655
395,217.2064,0.547388,1.417e-06,0.1846073,0.01160506,0.2020944,0.009506151,0.05459566,0.009417652,0.05455941,0.01399981,0.007001072
396,217.7538,0.5473147,1.5e-06,0.18426,0.01187631,0.2021241,0.009636567,0.0544765,0.009528485,0.0544375,0.01399281,0.006980989
397,218.3011,0.5487245,1.333e-06,0.1850298,0.01160948,0.2029658,0.009607151,0.05453766,0.009564568,0.05443116,0.01399364,0.006983905
398,218.8498,0.5481154,2e-06,0.1849645,0.01165381,0.2023665,0.009701818,0.05448183,0.009542484,0.05442641,0.01399048,0.006985489
399,219.3979,0.548049,1.333e-06,0.1849214,0.01163298,0.2024471,0.009476651,0.05459166,0.009432402,0.05455441,0.01400423,0.006986822
400,219.946,0.548444,1.25e-06,0.1846743,0.0116629,0.2025195,0.01012832,0.05449866,0.009537985,0.05443433,0.01400148,0.006985238
401,220.4944,0.5521856,1.166e-06,0.189373,0.01168915,0.2020628,0.009598151,0.05448941,0.009528151,0.05445025,0.01399823,0.006995322
402,221.0466,0.5482425,1.333e-06,0.1845803,0.01163182,0.2029637,0.009595567,0.05449225,0.009554985,0.0544445,0.01399681,0.006981322
403,221.5948,0.5477253,1.166e-06,0.1846141,0.01157482,0.2021983,0.009610735,0.05448575,0.009418318,0.05469158,0.01401006,0.007120405
404,222.1426,0.54844,1.417e-06,0.1848645,0.01172281,0.2026843,0.009573902,0.05459966,0.009414901,0.05455491,0.01389156,0.007132156
405,222.691,0.5503207,1.417e-06,0.187498,0.01162748,0.2020945,0.009645318,0.05446983,0.009543818,0.05442791,0.01400273,0.007009655
406,223.2413,0.5481446,1.5e-06,0.1846186,0.01160248,0.2028519,0.009630068,0.05447466,0.009535901,0.05443591,0.01399089,0.007002655
407,223.7895,0.5480719,1.417e-06,0.1847734,0.01183982,0.2024029,0.009602901,0.05448466,0.009548735,0.05443025,0.01399664,0.006991155
408,224.3375,0.5470455,1.166e-06,0.1838209,0.01161523,0.2023745,0.009615735,0.05448341,0.009550485,0.05456975,0.01399939,0.007014989
409,224.8846,0.5469584,1.417e-06,0.184409,0.01121573,0.2023781,0.009505819,0.0545545,0.009420985,0.05452491,0.01399614,0.006951739
410,225.4315,0.546716,1.333e-06,0.1835549,0.01173806,0.2020507,0.009590735,0.05464325,0.009551068,0.05439591,0.0140559,0.007134238
411,225.9783,0.5506905,1.584e-06,0.1872925,0.01159531,0.2020573,0.009628734,0.05448675,0.009632568,0.05498099,0.01400364,0.007011072
412,226.5289,0.5470566,1.5e-06,0.1840539,0.01157581,0.2023226,0.009592568,0.054552,0.009539734,0.05443233,0.01399189,0.006994322
413,227.076,0.5475577,1.417e-06,0.1844119,0.01161181,0.2019911,0.009496484,0.05476008,0.009425235,0.05486874,0.01400414,0.006986822
414,227.6236,0.5478551,1.167e-06,0.1844958,0.01194123,0.2023565,0.009505735,0.05456833,0.009468568,0.05444099,0.01397664,0.007100155
415,228.1714,0.5540746,1.5e-06,0.1846738,0.01162698,0.2048984,0.009596151,0.05617566,0.01059748,0.05534483,0.01399756,0.007162239
416,228.7255,0.5489597,1.333e-06,0.1854432,0.01174665,0.2025643,0.009626067,0.0545675,0.009567235,0.05443083,0.01399681,0.007015822
417,229.2745,0.5486411,1.333e-06,0.184546,0.01179673,0.2032335,0.009510318,0.05459233,0.009448402,0.05453941,0.01399214,0.006980989
418,229.8231,0.5484333,1.167e-06,0.1846455,0.01198681,0.2025133,0.009531734,0.05471841,0.009494318,0.05454,0.01389614,0.007105905
419,230.3715,0.5487764,1.583e-06,0.1853462,0.01157923,0.202686,0.009630485,0.05448675,0.009566901,0.05448899,0.01399414,0.006996155
420,230.9203,0.5479206,1.166e-06,0.1843909,0.01162523,0.2027041,0.009626318,0.05447966,0.009584401,0.05451791,0.01400298,0.006987989
421,231.4682,0.5516219,1.5e-06,0.1888861,0.01167115,0.2019723,0.009637818,0.05447491,0.009554651,0.05443041,0.01400389,0.006989072
422,232.0198,0.5480611,1.166e-06,0.184492,0.01163882,0.202782,0.009688568,0.05445858,0.009551484,0.05444275,0.01400939,0.006996405
423,232.5679,0.5483846,1.417e-06,0.1845655,0.0116144,0.2028952,0.009585984,0.05466174,0.009512318,0.05456275,0.01398898,0.006996323
424,233.1163,0.5468923,1.417e-06,0.183903,0.01184723,0.2020574,0.009615734,0.0544735,0.009556234,0.0544535,0.01398789,0.006996322
425,233.6632,0.548448,1.666e-06,0.1843965,0.01150198,0.2033856,0.009584901,0.05456416,0.009538401,0.05447266,0.01400231,0.006999822
426,234.2116,0.5451594,1.083e-06,0.183232,0.01163698,0.2016998,0.01002815,0.05414533,0.009432985,0.05411816,0.01388106,0.006983822
427,234.7568,0.5521131,1.667e-06,0.1893241,0.0117019,0.2020106,0.009602235,0.05447983,0.009544151,0.05445,0.01398989,0.007008738
428,235.3089,0.5482274,1.25e-06,0.1843353,0.01160031,0.203257,0.009599318,0.05448375,0.009540818,0.05443199,0.01399715,0.006980488
429,235.8571,0.5475127,1.334e-06,0.184238,0.01159907,0.2024693,0.009488569,0.05458058,0.009434235,0.0547065,0.01399756,0.006997572
430,236.4046,0.5484739,1.25e-06,0.1849349,0.01161206,0.2027144,0.009700984,0.05455525,0.009550484,0.05442625,0.01400139,0.006976906
431,236.9531,0.5470238,1.25e-06,0.1843981,0.0115724,0.2020088,0.009477568,0.05459149,0.009453318,0.05453025,0.01399798,0.006992573
432,237.5001,0.5471897,1.5e-06,0.1841866,0.01159106,0.2023488,0.009489819,0.05458116,0.009438651,0.05453925,0.01398381,0.007028988
433,238.0473,0.5482854,1.25e-06,0.1847149,0.01158281,0.2029247,0.009516234,0.0545965,0.009436235,0.05453508,0.01399864,0.006979072
434,238.5956,0.5473468,1.333e-06,0.1838831,0.01198806,0.2021813,0.009501234,0.0546015,0.009451568,0.05472316,0.01388064,0.007134905
435,239.143,0.5482899,1.416e-06,0.1847574,0.01162481,0.2027583,0.009487818,0.05458208,0.009429735,0.05465725,0.01399414,0.006996905
436,239.6913,0.5477516,1.583e-06,0.1850066,0.01160023,0.2020978,0.009594318,0.05449075,0.009552985,0.05444258,0.01398973,0.006975072
437,240.239,0.5483025,1.583e-06,0.1850326,0.01184423,0.2018633,0.009475069,0.05459308,0.009419235,0.05504558,0.01400448,0.007023322
438,240.7873,0.548383,1.334e-06,0.1849935,0.01156723,0.2027326,0.009640818,0.05446108,0.009557902,0.05443324,0.01399256,0.007002739
439,241.3357,0.5483763,1.25e-06,0.1851654,0.01156356,0.2020837,0.009482401,0.05477583,0.009420401,0.05487724,0.01399998,0.007006573
440,241.8841,0.5484325,1.5e-06,0.1848446,0.01160356,0.2028044,0.009607735,0.05449291,0.009530235,0.054569,0.01399139,0.006987156
441,242.4325,0.549227,1.583e-06,0.1853927,0.01157223,0.2032039,0.009622651,0.05446183,0.009547401,0.05443233,0.01399506,0.006997322
442,242.9817,0.5481927,1.5e-06,0.1847616,0.01201156,0.2024183,0.009501985,0.05456349,0.009411735,0.0544265,0.01400123,0.007094739
443,243.5299,0.5494079,1.5e-06,0.1854088,0.01127173,0.2037034,0.009609818,0.05446941,0.009528901,0.05443658,0.01399014,0.006987572
444,244.0793,0.5487873,1.25e-06,0.1851038,0.01188631,0.2024681,0.009617901,0.05462783,0.009551901,0.05452008,0.01400123,0.007008906
445,244.6281,0.5491726,1.417e-06,0.1858038,0.01162832,0.2025362,0.009493235,0.05472641,0.009429985,0.05453583,0.01400681,0.007010656
446,245.1773,0.5485129,1.334e-06,0.1851704,0.01185081,0.2024378,0.009509651,0.05457675,0.009428901,0.05453891,0.01399448,0.007003905
447,245.7258,0.552379,1.25e-06,0.1886699,0.01192473,0.2027453,0.009614817,0.0544585,0.009547318,0.05443366,0.01399856,0.006984989
448,246.2782,0.5515304,1.083e-06,0.1852935,0.01189115,0.2051989,0.009606818,0.054484,0.009526568,0.054432,0.01399181,0.007104655
449,246.8297,0.5486964,1.333e-06,0.1852817,0.01176273,0.2025132,0.009591568,0.05458,0.009542484,0.05443033,0.01399556,0.006997489
450,247.3784,0.5475074,1.416e-06,0.1848064,0.01159415,0.201902,0.009663151,0.05458624,0.009437068,0.05452516,0.01399439,0.006997406
451,247.9259,0.5488086,1.333e-06,0.1852202,0.01159981,0.2028494,0.009494151,0.05459008,0.009429151,0.05461616,0.01400423,0.007004072
452,248.4747,0.5511406,1.416e-06,0.1868134,0.01184998,0.2028622,0.01016057,0.05449366,0.009555234,0.054426,0.01399523,0.006982905
453,249.0259,0.5508904,1.667e-06,0.18738,0.01182515,0.2026366,0.009593152,0.05448933,0.009529734,0.05444383,0.01399831,0.006992655
454,249.5768,0.55122,1.25e-06,0.1870097,0.01171023,0.2032529,0.009598235,0.05448675,0.009559568,0.05450233,0.01399656,0.007102488
455,250.128,0.5511638,1.5e-06,0.1874109,0.0116134,0.2030119,0.009615568,0.05447041,0.009545735,0.05450841,0.01400056,0.006985322
456,250.6791,0.5499222,1.416e-06,0.1871196,0.01196931,0.2017465,0.009607735,0.05448033,0.009546485,0.05444675,0.01400556,0.006998489
457,251.2291,0.5506594,1.417e-06,0.1874457,0.01160423,0.2024848,0.009616651,0.05447783,0.009553068,0.05444024,0.01405364,0.006981822
458,251.7797,0.5497071,1.25e-06,0.1871449,0.01165657,0.2017993,0.009471068,0.05459083,0.009433318,0.05461,0.01399814,0.007001655
459,252.3294,0.5509732,1.416e-06,0.1873888,0.0116139,0.2027511,0.009708401,0.05453658,0.009550901,0.05444108,0.01399948,0.006981572
460,252.8804,0.5497656,1.167e-06,0.1869046,0.01176198,0.2018815,0.009612317,0.05447241,0.009576734,0.05450416,0.01405898,0.006991739
461,253.4302,0.5501085,1.167e-06,0.1871195,0.01157573,0.2022454,0.009621901,0.05448158,0.009545568,0.05444516,0.01399181,0.007080655
462,253.9803,0.5497119,1.667e-06,0.1868237,0.01171948,0.2020905,0.009661235,0.05448308,0.009524401,0.05443508,0.01399081,0.006981905
463,254.53,0.5507343,1.333e-06,0.1873693,0.01158732,0.2021799,0.009608568,0.05447216,0.009560901,0.05495591,0.01398773,0.007011156
464,255.0807,0.550031,1.333e-06,0.1868784,0.01172915,0.2023688,0.009609151,0.05447233,0.009523152,0.05444916,0.01399573,0.007003739
465,255.6308,0.5504635,1.333e-06,0.1871083,0.01156407,0.2023238,0.009613734,0.05458616,0.009521318,0.05475233,0.01399948,0.006992989
466,256.1812,0.551114,1.833e-06,0.1869978,0.01151456,0.2035289,0.009640318,0.054469,0.009552234,0.05442516,0.01399356,0.006990656
467,256.7323,0.5516694,1.084e-06,0.1874714,0.01170415,0.2033153,0.009602484,0.0544815,0.009554151,0.05442775,0.01399539,0.007116155
468,257.284,0.5508058,1.25e-06,0.1873759,0.01170231,0.2026933,0.009610734,0.05445891,0.009561734,0.05444491,0.01398714,0.006969572
469,257.8348,0.5515961,1.417e-06,0.1872919,0.01212773,0.2030845,0.009642734,0.05448066,0.009546152,0.05442216,0.01399173,0.007007073
470,258.3864,0.5499432,1.416e-06,0.1865304,0.01195848,0.2023731,0.009468735,0.05466,0.009424985,0.05444291,0.01399598,0.007087155
471,258.9363,0.5503944,1.416e-06,0.1875227,0.01174982,0.2020485,0.009622068,0.054467,0.009542651,0.054447,0.01399998,0.006993239
472,259.4867,0.5497346,1.333e-06,0.1866433,0.009606235,0.2043855,0.009633401,0.05446866,0.009567901,0.0544315,0.01400006,0.006996738
473,260.0365,0.5479367,1.583e-06,0.1873139,0.007692654,0.2038649,0.009485151,0.05458433,0.009425485,0.05455458,0.01399506,0.007018989
474,260.5844,0.5494509,1.167e-06,0.1869847,0.009393902,0.2039206,0.009610484,0.05459133,0.009563401,0.05442975,0.01398648,0.006969072
475,261.1339,0.546578,1.334e-06,0.1872691,0.007684987,0.2026147,0.009480568,0.0545815,0.009406568,0.0545435,0.01399873,0.006996989
476,261.6804,0.5487494,1.25e-06,0.1873844,0.009372485,0.2027485,0.009634734,0.05446166,0.009559985,0.05441875,0.01418839,0.006979239
477,262.2292,0.5464138,1.333e-06,0.1870104,0.007893237,0.2024733,0.009637568,0.05447233,0.009547234,0.05441725,0.01398281,0.006978322
478,262.7756,0.5483356,1.25e-06,0.1867691,0.009526151,0.2029852,0.009498651,0.05458125,0.009468819,0.05453383,0.0138909,0.007080488
479,263.3239,0.5498576,1.25e-06,0.1876359,0.01030248,0.202822,0.009622485,0.05449674,0.009521568,0.05444991,0.01398789,0.007017322
480,263.8738,0.5503219,1.25e-06,0.1866461,0.01198015,0.2026418,0.009484401,0.05457966,0.009450401,0.05443641,0.01398681,0.007114989
481,264.4241,0.5514195,1.333e-06,0.1872905,0.0115019,0.2033456,0.009510235,0.05458183,0.009423152,0.05472608,0.01387898,0.007159905
482,264.9755,0.5502564,1.75e-06,0.1870553,0.01194748,0.2021056,0.009612818,0.05447408,0.009549901,0.05450525,0.01399023,0.007013988
483,265.5258,0.5498258,1.5e-06,0.1869856,0.01155481,0.2022133,0.009627318,0.0544725,0.009563818,0.0544475,0.01399173,0.006967739
484,266.0756,0.5502749,1.667e-06,0.1873019,0.01178507,0.202135,0.009596901,0.05446091,0.009560401,0.05443583,0.01399964,0.006997489
485,266.6259,0.5503139,1.417e-06,0.1872467,0.01155148,0.2024325,0.009653235,0.054465,0.009555652,0.05443733,0.01400131,0.006969239
486,267.1762,0.5506952,1.25e-06,0.1869529,0.01158873,0.2028637,0.009470984,0.0547915,0.009410485,0.05462633,0.01399348,0.006995906
487,267.7269,0.5499869,1.583e-06,0.1870196,0.0117124,0.2021212,0.009597485,0.05447291,0.009638651,0.05443841,0.01399414,0.006990489
488,268.2769,0.5509064,1.167e-06,0.1870562,0.01174982,0.2028078,0.009668901,0.05454191,0.009529318,0.05444275,0.01400031,0.007108239
489,268.8278,0.5543058,1.333e-06,0.1889403,0.01170381,0.2023139,0.009623068,0.05447041,0.01009257,0.0544525,0.01556689,0.007140988
490,269.3821,0.5518554,1.25e-06,0.1887815,0.01158648,0.2023918,0.009623651,0.05448291,0.009559985,0.05443424,0.01399731,0.006996322
491,269.934,0.5557509,1.5e-06,0.189161,0.01172973,0.2034147,0.009619067,0.05678841,0.009567318,0.05442125,0.01400156,0.007046322
492,270.4897,0.5528648,1.166e-06,0.1891137,0.0116269,0.2031365,0.009472985,0.05458649,0.009423818,0.0545295,0.01400564,0.006968072
493,271.0426,0.553568,1.417e-06,0.1890477,0.0119464,0.2033893,0.009627152,0.0544635,0.009553318,0.05443058,0.01400389,0.007104739
494,271.5961,0.550628,1.334e-06,0.1888833,0.01247173,0.201262,0.009498985,0.05412433,0.009410319,0.054076,0.01389406,0.007005988
495,272.1468,0.5533389,1.333e-06,0.1897529,0.0116949,0.2029161,0.009609568,0.05443174,0.009554318,0.054426,0.01399439,0.006957656
496,272.7001,0.5527918,1.583e-06,0.1886408,0.01188631,0.203204,0.009594318,0.05443191,0.009539068,0.054415,0.01399914,0.007079655
497,273.2529,0.5530497,1.417e-06,0.1892925,0.01168456,0.2029598,0.009583151,0.05445058,0.009538151,0.05458516,0.01399906,0.006955322
498,273.8059,0.5523709,1.334e-06,0.1886714,0.01442281,0.2013018,0.009488902,0.05411733,0.009443651,0.05407025,0.01387998,0.006973406
499,274.3583,0,0,0,0,0,0,0,0,0,0,0

Averages:
0.5487166,1.382962e-06,0.1861871,0.01108537,0.2023295,0.009669191,0.05443401,0.00960015,0.05439928,0.01397783,0.007032879
