OpenCV version: 2.4
Usage: 7-SobelDerivatives <input-number> [<samples>]
input-number - is the video device number. Defaults to zero. E.g. for /dev/video2 just use '2' as argument.
samples - number of samples before application ends. Defaults to 1000; zero means infinite.
sample_number,elapsed_time,frame,mat_alloc,read_img,gpumat_alloc,gpu_frame_upload,convert_color,gaussian_blur,sobel,convert_scale,sobel2,convert_scale2,add_weighted,gpu_frame_download,show_img
0,0,0.03738644,3.917e-06,0.007860071,8.33e-07,0.001697164,0.004912492,0.008701736,0.007142655,0.001556997,0.001892664,0.001120665,0.000526332,0.000877249,0.001093665
1,0.03738644,0.05758916,1e-06,0.02373221,1.167e-06,0.006406823,0.00157933,0.003550495,0.01336939,0.00162458,0.003206995,0.001946497,0.001076748,0.000780499,0.000313416
2,0.0949756,0.02749812,1.25e-06,0.007479738,7.5e-07,0.001424081,0.00206283,0.003368994,0.003912161,0.002169413,0.003219411,0.001542748,0.001192581,0.000652999,0.000471166
3,0.1224737,0.03503911,1.084e-06,0.007476654,1e-06,0.001585164,0.002068164,0.003349744,0.003402245,0.001739497,0.003388161,0.001673497,0.009406318,0.000623582,0.000324
4,0.1575128,0.02628237,1.583e-06,0.006443156,1.334e-06,0.001759414,0.001368831,0.002485412,0.002671079,0.001272332,0.002631579,0.005763657,0.000957582,0.000557915,0.0003685
5,0.1837952,0.02426429,2.25e-06,0.006334073,6.67e-07,0.001121581,0.001718497,0.00249808,0.006156656,0.001214248,0.002473163,0.001168165,0.000689249,0.000550249,0.000337416
6,0.2080595,0.02295738,1.5e-06,0.006950739,1e-06,0.001128998,0.001405664,0.00211333,0.005712241,0.001107582,0.002084996,0.001007582,0.000587249,0.000526999,0.0003295
7,0.2310169,0.02629421,1.333e-06,0.006253907,9.17e-07,0.001181831,0.001570747,0.002493246,0.008554403,0.001187081,0.002350747,0.001172581,0.000660999,0.000514583,0.000351832
8,0.2573111,0.02447638,1.166e-06,0.0103299,8.34e-07,0.001370497,0.001574414,0.002412163,0.002534496,0.001188331,0.002391413,0.001177832,0.000668415,0.000497666,0.00032925
9,0.2817875,0.02209338,1.25e-06,0.009851817,9.17e-07,0.001362415,0.001300581,0.00193333,0.002149663,0.001045665,0.001995164,0.001022581,0.000568083,0.000531832,0.000330083
10,0.3038808,0.02218946,1.167e-06,0.009223151,8.34e-07,0.001164998,0.001436831,0.00194908,0.002138913,0.001184331,0.002377997,0.001200748,0.000669915,0.000514083,0.000327416
11,0.3260703,0.02662821,1.084e-06,0.009808151,9.16e-07,0.001301248,0.001572748,0.003184244,0.002532163,0.001234748,0.002386579,0.001169582,0.001687914,0.001399247,0.000349583
12,0.3526985,0.02539488,1.167e-06,0.009604401,8.33e-07,0.001263998,0.001554664,0.00241083,0.002546579,0.001181331,0.002434163,0.001183665,0.000711082,0.00214958,0.000352583
13,0.3780934,0.03501203,1e-06,0.01031907,1.167e-06,0.001548581,0.001413164,0.002467413,0.002543829,0.001705081,0.003147494,0.007642321,0.003291578,0.000587499,0.000343833
14,0.4131054,0.03346228,2.333e-06,0.00806557,7.5e-07,0.001169832,0.002061913,0.003263995,0.01127881,0.00164708,0.003093329,0.001307414,0.000689332,0.000534499,0.000347417
15,0.4465677,0.02739454,1.084e-06,0.006719072,1e-06,0.001413748,0.00210433,0.008067237,0.002573912,0.001489581,0.002353746,0.001163665,0.000659999,0.000478916,0.000368249
16,0.4739622,0.02468504,2.7417e-05,0.007336738,1e-06,0.00410616,0.003711744,0.00195758,0.00213733,0.001033748,0.001957081,0.001026165,0.000582832,0.000477082,0.000330167
17,0.4986473,0.02361555,1.166e-06,0.009045819,1e-06,0.001266998,0.001329164,0.00249983,0.002527079,0.001173748,0.002356496,0.001867664,0.000730082,0.000490583,0.000325916
18,0.5222628,0.02436904,1.167e-06,0.009672151,9.17e-07,0.001805663,0.001625748,0.002444412,0.002508746,0.001171748,0.00235483,0.001302415,0.000667998,0.000488833,0.000324416
19,0.5466319,0.0213593,1.167e-06,0.009278401,1e-06,0.001253665,0.001300414,0.001928247,0.00220758,0.001038415,0.001967163,0.001005249,0.000569915,0.000470583,0.000337499
20,0.5679912,0.02242421,1.25e-06,0.009266235,7.5e-07,0.001134248,0.001330998,0.001946497,0.002532663,0.001176248,0.002373329,0.001166832,0.000681165,0.000487999,0.000326
21,0.5904154,0.02296305,1.834e-06,0.009634984,1.167e-06,0.001161665,0.001407164,0.002438663,0.002255579,0.001190332,0.002203163,0.001180831,0.000667832,0.00049675,0.000323082
22,0.6133784,0.02331646,9.17e-07,0.009811484,6.67e-07,0.001356164,0.001406914,0.00241858,0.002267746,0.001190248,0.002190163,0.001172082,0.000668915,0.000506749,0.000325833
23,0.6366949,0.0229923,1.25e-06,0.009611318,1e-06,0.001288748,0.001365248,0.002415746,0.00226358,0.001198914,0.002192413,0.001170248,0.000665749,0.000495333,0.000322749
24,0.6596872,0.02334988,1.25e-06,0.009744401,1.083e-06,0.001297665,0.001548664,0.002444746,0.00226433,0.001190331,0.002197496,0.001172415,0.000680166,0.000484499,0.000322833
25,0.6830371,0.02166913,1.25e-06,0.008306153,1e-06,0.001186665,0.001359665,0.002421079,0.002320163,0.001190998,0.00219183,0.001174081,0.000677999,0.000512249,0.000326
26,0.7047062,0.02829704,1.084e-06,0.006795905,1.5e-06,0.00194358,0.001561748,0.009628901,0.002314913,0.001192164,0.002190747,0.001170581,0.000669749,0.000502166,0.000324
27,0.7330032,0.02111022,1.167e-06,0.007170322,9.16e-07,0.001749664,0.001410581,0.002486746,0.002258913,0.001206582,0.002185579,0.001166665,0.000666082,0.000483333,0.000323666
28,0.7541134,0.02304496,1.084e-06,0.008102486,1.417e-06,0.00192108,0.001141082,0.00194458,0.001887747,0.003825744,0.00181308,0.001045832,0.000563749,0.000470832,0.00032625
29,0.7771584,0.01894089,1.166e-06,0.007235405,1.334e-06,0.001358997,0.001135415,0.001953164,0.001950163,0.001032749,0.001827747,0.001032665,0.000580665,0.000486499,0.000344917
30,0.7960993,0.02749854,1.416e-06,0.006270407,7.5e-07,0.00192308,0.001341748,0.009555568,0.002299496,0.001177581,0.002238997,0.001186414,0.000669499,0.000490416,0.000343166
31,0.8235978,0.02084205,1e-06,0.007236488,7.5e-07,0.001400081,0.001358832,0.002425912,0.002275413,0.001187915,0.002209913,0.001172581,0.000665083,0.000526749,0.000381333
32,0.8444399,0.02517229,1.167e-06,0.006095407,1e-06,0.001569997,0.002079247,0.00819057,0.001906664,0.001026748,0.001807247,0.001007582,0.000661582,0.000496582,0.0003285
33,0.8696122,0.02260355,1e-06,0.009713984,7.5e-07,0.001168248,0.001137249,0.002269579,0.00229133,0.001184165,0.002169496,0.001170332,0.000661082,0.000494999,0.000341333
34,0.8922157,0.02431071,1e-06,0.0101879,1.333e-06,0.001847497,0.001378832,0.002425412,0.002265747,0.001171248,0.002165746,0.001164998,0.000859499,0.000516666,0.000324832
35,0.9165264,0.02089288,1.667e-06,0.009345402,8.33e-07,0.001223415,0.001134331,0.001954163,0.001919747,0.001100499,0.001829497,0.001031915,0.000561249,0.000468332,0.000321833
36,0.9374193,0.02231621,1e-06,0.0103629,9.16e-07,0.001228082,0.001128248,0.001980247,0.001902413,0.001133665,0.00189758,0.001187582,0.000666582,0.000487166,0.000339833
37,0.9597355,0.02315705,1.166e-06,0.009617985,9.16e-07,0.001197749,0.001350581,0.002411579,0.002388246,0.001316831,0.00219508,0.001183915,0.000668749,0.000500499,0.000323749
38,0.9828926,0.02673471,1.417e-06,0.01041598,9.16e-07,0.001189832,0.001365331,0.002404163,0.005238825,0.001207748,0.002226079,0.001172915,0.000669249,0.000518749,0.0003235
39,1.009627,0.02552971,1.333e-06,0.009255485,1.084e-06,0.001208914,0.001354665,0.002404329,0.005248908,0.001200248,0.002199747,0.001171831,0.000664416,0.000495332,0.000323416
40,1.035157,0.02319355,1.084e-06,0.009752234,9.17e-07,0.001205914,0.001381581,0.002486496,0.002278247,0.001194998,0.002200579,0.001189582,0.000668165,0.0005095,0.000324249
41,1.058351,0.02787837,1.334e-06,0.009196151,1.084e-06,0.001432081,0.004832075,0.002477996,0.00229008,0.001529497,0.002872079,0.001474998,0.000861748,0.000565666,0.000343583
42,1.086229,0.02960412,1.083e-06,0.009396735,1e-06,0.001579914,0.001898247,0.003283161,0.002938829,0.001473664,0.002855995,0.001462748,0.000851499,0.003537911,0.000323332
43,1.115833,0.02654754,1.167e-06,0.0103444,8.33e-07,0.001192581,0.001354248,0.00240658,0.002263079,0.001303998,0.002189163,0.00400566,0.000668249,0.000494916,0.000322666
44,1.142381,0.02325046,1.25e-06,0.009765067,1e-06,0.001234248,0.001393165,0.002407579,0.002285496,0.001198665,0.00228283,0.001175498,0.000665582,0.000499166,0.000340916
45,1.165631,0.02987612,1.25e-06,0.00615874,8.33e-07,0.004448576,0.006333407,0.002417246,0.002886079,0.001539247,0.002881912,0.001473081,0.000865999,0.000545749,0.000323999
46,1.195507,0.05626758,1.25e-06,0.009810234,1.25e-06,0.001808748,0.008608402,0.006128574,0.01006598,0.004393493,0.002882495,0.003772994,0.007854571,0.000618832,0.00032075
47,1.251775,0.04886575,1.416e-06,0.007499488,1.167e-06,0.001382914,0.00203933,0.003275911,0.01044207,0.004419159,0.002920579,0.006776405,0.009040069,0.000657666,0.000409582
48,1.30064,0.04494518,1.166e-06,0.007796738,7.5e-07,0.001166331,0.00188533,0.003301328,0.005139659,0.004405576,0.01072207,0.002867745,0.006532156,0.000785665,0.000340667
49,1.345586,0.0233068,1.167e-06,0.009937817,9.17e-07,0.001184164,0.001357415,0.002404162,0.002354247,0.001206831,0.002186913,0.001181165,0.000667999,0.000498582,0.000325416
50,1.368892,0.02653146,1.083e-06,0.01026873,1e-06,0.001206165,0.001355331,0.002400496,0.005189241,0.001201248,0.002202163,0.001177082,0.000669499,0.000530666,0.000328749
51,1.395424,0.0238748,1.167e-06,0.009551151,1.167e-06,0.001367664,0.001414331,0.002417746,0.002973329,0.001211914,0.002229413,0.001178332,0.000669999,0.000519415,0.000339167
52,1.419299,0.02305955,1e-06,0.009592567,1e-06,0.001187665,0.001387665,0.002467662,0.002303163,0.001190832,0.002211496,0.001182915,0.000681082,0.000529416,0.000323083
53,1.442358,0.0231348,1.25e-06,0.009801318,8.33e-07,0.001170581,0.001345665,0.002404829,0.002314997,0.001201998,0.002208996,0.001179831,0.000668083,0.000499166,0.000337249
54,1.465493,0.02572854,1.083e-06,0.009580984,1e-06,0.001219832,0.001389664,0.002404996,0.00223583,0.00402466,0.002195997,0.001171581,0.000667999,0.000500916,0.000333999
55,1.491222,0.02321046,1e-06,0.009729901,9.17e-07,0.001193915,0.001334497,0.002405746,0.002348663,0.001314581,0.002198664,0.001175581,0.000668749,0.000496582,0.000341667
56,1.514432,0.02613737,1.166e-06,0.009358819,1.5e-06,0.001399747,0.001724998,0.002425662,0.002259913,0.00400491,0.00228333,0.001174998,0.000667916,0.000497166,0.000337249
57,1.540569,0.0232968,1.25e-06,0.009719818,9.17e-07,0.001231831,0.001398498,0.002401579,0.002344996,0.001315331,0.00223108,0.001174498,0.000665666,0.000488832,0.0003225
58,1.563866,0.02355255,1e-06,0.01016232,9.17e-07,0.001210915,0.001356164,0.002412163,0.002317413,0.001192664,0.002221914,0.001179581,0.000670332,0.000502333,0.000324833
59,1.587419,0.02598204,1.167e-06,0.009601484,1.417e-06,0.001314081,0.001404998,0.002413996,0.00224433,0.00413191,0.002196163,0.001174081,0.000665666,0.000495666,0.000337082
60,1.613401,0.02294388,1.417e-06,0.009464984,1.167e-06,0.001193498,0.001350081,0.002404996,0.002324163,0.001321498,0.002208663,0.001172332,0.000668665,0.000508583,0.000323832
61,1.636345,0.02586996,1.084e-06,0.009582484,2e-06,0.001317581,0.001412998,0.00241158,0.002249746,0.004024577,0.002189663,0.001173081,0.000665999,0.000497916,0.000341249
62,1.662215,0.02304913,1.5e-06,0.009630651,9.16e-07,0.001186832,0.001395247,0.002403413,0.002361913,0.001190665,0.002190746,0.001163748,0.000667416,0.000518166,0.000337916
63,1.685264,0.03899444,1.166e-06,0.01122906,8.34e-07,0.001576664,0.004996908,0.00240708,0.002748995,0.001469665,0.002948745,0.001944163,0.008799069,0.000546666,0.000325416
64,1.724258,0.03368803,1.416e-06,0.007916321,1.25e-06,0.001269415,0.00186433,0.003281994,0.004585076,0.009418152,0.002700912,0.001171665,0.000663332,0.000486749,0.000327416
65,1.757946,0.03333886,1.333e-06,0.006995489,8.33e-07,0.001170082,0.001332247,0.01116948,0.00227333,0.001181581,0.00216833,0.004030743,0.002109497,0.000575332,0.000330583
66,1.791285,0.03721102,1.083e-06,0.009803818,9.16e-07,0.001448581,0.005050159,0.002425829,0.002286496,0.001191498,0.003085579,0.003879077,0.007149405,0.000560249,0.000328333
67,1.828496,0.03061195,1.084e-06,0.007142988,7.5e-07,0.001424331,0.002730162,0.003293745,0.004589242,0.00633099,0.002436663,0.001162664,0.000664833,0.000497749,0.000336749
68,1.859108,0.02787937,1.416e-06,0.007444238,9.17e-07,0.001197081,0.001309498,0.004145993,0.007572155,0.001321664,0.002196163,0.001172665,0.000668582,0.000525583,0.000323416
69,1.886987,0.02788229,1.166e-06,0.007191489,8.33e-07,0.001293165,0.002522912,0.008469153,0.002289163,0.001175915,0.002250413,0.001201581,0.000669166,0.000492332,0.000325
70,1.91487,0.02593954,1.416e-06,0.009817568,8.33e-07,0.001194415,0.001372164,0.00242558,0.002266912,0.001183999,0.002165663,0.003997493,0.000669082,0.00050125,0.000343166
71,1.940809,0.02854812,1e-06,0.009555318,8.33e-07,0.001167665,0.001417414,0.002998995,0.002940579,0.004364743,0.002885162,0.001462997,0.000863332,0.000566416,0.000323666
72,1.969357,0.02995112,1.667e-06,0.008888485,9.17e-07,0.001825664,0.005379241,0.003342661,0.002948995,0.001476581,0.002873079,0.001477497,0.000864582,0.000528083,0.000343666
73,1.999309,0.02360438,1.25e-06,0.01031573,7.5e-07,0.001193164,0.001353332,0.002412746,0.002252663,0.001178498,0.00216758,0.001153581,0.000679499,0.000491416,0.000404166
74,2.022913,0.03030495,1.166e-06,0.009457568,1.084e-06,0.001528997,0.005735241,0.003003578,0.002937246,0.001462747,0.002960329,0.001473997,0.000869166,0.000548582,0.000325249
75,2.053218,0.02650854,1.25e-06,0.008709569,1.083e-06,0.00190608,0.001899997,0.003260495,0.003082578,0.001523248,0.002872745,0.001496914,0.000865332,0.000543666,0.000345583
76,2.079726,0.02795504,1.084e-06,0.009297235,1.166e-06,0.00206408,0.002638496,0.003385328,0.002971078,0.001518581,0.002862912,0.001465915,0.000859581,0.000539583,0.000349999
77,2.107681,0.02273613,1.166e-06,0.009388569,7.5e-07,0.001194164,0.001416331,0.002417663,0.002278913,0.001187665,0.00219608,0.001169664,0.000679166,0.000478999,0.000327
78,2.130418,0.03021112,1.334e-06,0.009432234,9.17e-07,0.001324665,0.006496239,0.002425329,0.002865246,0.001472414,0.002946829,0.001477914,0.000892248,0.000553916,0.000321833
79,2.160629,0.02637687,1.333e-06,0.009021402,1.25e-06,0.001461665,0.001925246,0.003274662,0.002993745,0.001481248,0.002977328,0.001473664,0.000863249,0.000578166,0.000323916
80,2.187006,0.02730746,1.083e-06,0.008941902,9.17e-07,0.001334664,0.00614299,0.002503413,0.002311746,0.001196081,0.002193997,0.001175998,0.000667249,0.000511999,0.000325416
81,2.214313,0.02296046,1.167e-06,0.009599651,9.16e-07,0.001171415,0.001402664,0.002417497,0.002306912,0.001190165,0.002190413,0.001171998,0.000679416,0.000504666,0.000323583
82,2.237273,0.02330221,1.25e-06,0.009830401,8.33e-07,0.001241081,0.001393665,0.002407746,0.002355246,0.001194498,0.002189246,0.001183082,0.000666082,0.000499833,0.000339249
83,2.260576,0.02392238,1.416e-06,0.01031648,9.17e-07,0.001213415,0.001321998,0.002406079,0.002277496,0.001498415,0.002198996,0.001182165,0.000669749,0.000513499,0.000321749
84,2.284498,0.02331763,1.167e-06,0.009698901,1.25e-06,0.001414914,0.001394581,0.00241408,0.002273579,0.001181999,0.002240996,0.001180498,0.000664166,0.000527332,0.000324166
85,2.307816,0.0227683,1.25e-06,0.009437401,8.34e-07,0.001340414,0.001207581,0.002405913,0.00226508,0.001180998,0.002236746,0.001184498,0.000672333,0.000513249,0.000321999
86,2.330584,0.02657704,1.25e-06,0.01044315,1.083e-06,0.001171915,0.001408331,0.002423163,0.002285913,0.001175998,0.002175329,0.003996161,0.000668082,0.000486666,0.000339999
87,2.357161,0.02366571,1.583e-06,0.009361151,1.167e-06,0.001317331,0.001126998,0.001926831,0.001897497,0.001029081,0.001804164,0.003824827,0.000566249,0.000482416,0.000326416
88,2.380827,0.02640596,1.25e-06,0.01042107,9.16e-07,0.001230248,0.001129248,0.002484746,0.002271247,0.001171331,0.002185913,0.00399766,0.000669583,0.000503915,0.000338833
89,2.407233,0.0234928,1.166e-06,0.01002498,7.5e-07,0.001235831,0.001388748,0.002413663,0.002279163,0.001253165,0.002229829,0.001171998,0.000678583,0.000487499,0.000327416
90,2.430725,0.0317752,1.333e-06,0.00612774,8.33e-07,0.00438641,0.007999903,0.002492163,0.002906245,0.001721914,0.002893079,0.001500247,0.000863082,0.000535333,0.000346916
91,2.462501,0.02663754,1.416e-06,0.009196735,8.34e-07,0.001731414,0.00191683,0.003305578,0.002932828,0.001475581,0.002859496,0.001461164,0.000861915,0.000569499,0.00032425
92,2.489138,0.0230818,1.083e-06,0.009809901,9.17e-07,0.001251748,0.001380831,0.002399663,0.002244579,0.001172665,0.002170163,0.001167832,0.000660665,0.000482583,0.000339166
93,2.51222,0.02349804,1.167e-06,0.01029015,8.33e-07,0.001183165,0.001352664,0.00240408,0.002247913,0.001176415,0.002175829,0.001155832,0.000663665,0.000497916,0.000348416
94,2.535718,0.02984545,1.083e-06,0.009817151,1.25e-06,0.001270248,0.002938328,0.002410746,0.002825746,0.001477997,0.002851496,0.001461164,0.000919248,0.003549911,0.000321083
95,2.565563,0.02640062,1.083e-06,0.009313485,1.167e-06,0.001263498,0.001907164,0.003266244,0.002919162,0.001633414,0.002867829,0.001465581,0.000863998,0.000560666,0.000337333
96,2.591964,0.02571054,1.25e-06,0.009552735,1e-06,0.001163414,0.001415831,0.002416913,0.002268996,0.004016577,0.002212413,0.001178582,0.000671249,0.000488916,0.000322666
97,2.617675,0.02287846,1.167e-06,0.009534818,8.33e-07,0.001181832,0.001354248,0.002427329,0.002331413,0.001191498,0.002191496,0.001170248,0.000672583,0.000498582,0.000322416
98,2.640553,0.02646629,1e-06,0.01040857,9.16e-07,0.001179082,0.001353914,0.002411163,0.00226258,0.004007993,0.002188413,0.001172248,0.000668249,0.000489416,0.000322749
99,2.667019,0.02307663,1.417e-06,0.009552401,1.084e-06,0.001303414,0.001400081,0.00241108,0.002322579,0.001197665,0.00219083,0.001180248,0.000668665,0.000524166,0.000323
100,2.690096,0.02590904,1.083e-06,0.009690568,8.33e-07,0.001332081,0.001351832,0.002404246,0.002249663,0.00400741,0.002193746,0.001174332,0.000681415,0.000497249,0.000324583
101,2.716005,0.02301655,1e-06,0.009592068,1e-06,0.001158331,0.001415998,0.002408079,0.002362413,0.001194081,0.002213913,0.001175582,0.000670832,0.000501916,0.000321333
102,2.739022,0.02327405,1.25e-06,0.009799318,9.16e-07,0.001304748,0.001392081,0.002401246,0.002316163,0.001193832,0.002183246,0.001170998,0.000668583,0.000518665,0.000323
103,2.762296,0.02634312,1.25e-06,0.01028332,1.167e-06,0.001188914,0.001349998,0.002403913,0.002241246,0.004004744,0.00217983,0.001184164,0.000665916,0.000500582,0.000338083
104,2.788639,0.0288712,1.25e-06,0.009512401,1.167e-06,0.001314331,0.005541657,0.00246733,0.002260246,0.001683081,0.002869078,0.001464748,0.000861248,0.00056925,0.000325416
105,2.81751,0.02597029,1.583e-06,0.008692986,1.333e-06,0.001554248,0.00192383,0.003282661,0.002961329,0.001492581,0.002859495,0.001459498,0.000864165,0.000558832,0.00031775
106,2.84348,0.02278855,1.25e-06,0.009541068,8.34e-07,0.001159831,0.001413498,0.002409829,0.002277663,0.001179998,0.002162247,0.001151414,0.000661416,0.000507249,0.00032225
107,2.866269,0.0229243,1.167e-06,0.009634234,1.084e-06,0.001188248,0.001386997,0.002413496,0.002284913,0.001183165,0.002173413,0.001165998,0.000660666,0.000490249,0.000340666
108,2.889193,0.02529121,1.083e-06,0.01113657,1.075e-05,0.001216498,0.001345831,0.003218578,0.002295663,0.001189415,0.002194079,0.001167832,0.000671332,0.000503249,0.000340333
109,2.914484,0.02313505,1.084e-06,0.009661901,8.33e-07,0.001280498,0.001396914,0.002431913,0.00228833,0.001199164,0.002199747,0.001171581,0.000678582,0.000497666,0.000326833
110,2.937619,0.02316513,1.334e-06,0.009706317,9.17e-07,0.001299498,0.001398498,0.002428329,0.002278913,0.001190248,0.002187246,0.001173165,0.000671166,0.000505499,0.000323999
111,2.960785,0.0229963,1.167e-06,0.009493318,9.16e-07,0.001172582,0.001421497,0.002451163,0.002380746,0.001193832,0.002185163,0.001182581,0.000670082,0.000506083,0.000337166
112,2.983781,0.02606721,1.167e-06,0.009702734,8.34e-07,0.001247914,0.001396081,0.005379992,0.002279913,0.001189498,0.002188746,0.001193831,0.000669333,0.000491166,0.000325999
113,3.009848,0.02489579,1e-06,0.01015023,8.33e-07,0.001285415,0.001367747,0.002439746,0.002276913,0.001189748,0.002963912,0.001468165,0.000864415,0.000537666,0.000349999
114,3.034744,0.02678937,1.167e-06,0.009327568,1.166e-06,0.001683331,0.00190783,0.003292245,0.002953162,0.001466664,0.002863995,0.001446665,0.000863998,0.000650416,0.000331166
115,3.061533,0.0226513,1.5e-06,0.009342485,8.34e-07,0.001173831,0.001348081,0.002413913,0.00226033,0.001172581,0.00217133,0.001155665,0.000662082,0.000557082,0.000391583
116,3.084184,0.02346346,1.083e-06,0.01007815,8.33e-07,0.001290331,0.001405165,0.002416746,0.002260329,0.001179082,0.002156413,0.001166998,0.000664249,0.000507749,0.000336333
117,3.107648,0.02969162,1.25e-06,0.007137239,8.33e-07,0.003682494,0.005585991,0.002413329,0.003139995,0.001555414,0.002969912,0.001463164,0.000862832,0.000554916,0.00032425
118,3.13734,0.03071462,1.417e-06,0.009385735,1.166e-06,0.002012247,0.005082075,0.003472328,0.002993662,0.001516247,0.002869662,0.001463998,0.001058665,0.000512332,0.000345083
119,3.168054,0.0232708,1.416e-06,0.009484485,7.5e-07,0.001582831,0.001370747,0.00247083,0.002301413,0.001185081,0.002185913,0.001183998,0.000667166,0.000496332,0.000339833
120,3.191325,0.03017353,1.25e-06,0.006190156,6.67e-07,0.003890577,0.007855154,0.002407329,0.002305413,0.001268165,0.002967328,0.001447331,0.000846499,0.000614749,0.000378916
121,3.221499,0.02966662,1e-06,0.009897984,1.417e-06,0.001210164,0.001837747,0.003320662,0.002964078,0.001465165,0.002861495,0.004337993,0.000861832,0.000579999,0.000327083
122,3.251165,0.02654562,1.25e-06,0.008980486,8.33e-07,0.001539331,0.005174575,0.002473746,0.002290663,0.001189414,0.002192997,0.001194748,0.000669582,0.000501083,0.000336916
123,3.277711,0.0290447,1.083e-06,0.009513818,1.084e-06,0.001463331,0.004965242,0.002441329,0.003055912,0.001484414,0.002878329,0.00146883,0.000863999,0.000562582,0.00034475
124,3.306755,0.03026603,1.167e-06,0.009554068,1e-06,0.001263164,0.005518325,0.003282161,0.002976079,0.001473581,0.002964745,0.001461081,0.000861332,0.000584332,0.000324999
125,3.337022,0.01895497,1.083e-06,0.009494568,1.166e-06,0.001210332,0.000784165,0.001434081,0.001510414,0.000962832,0.001445081,0.000869749,0.000474332,0.00044025,0.000326916
126,3.355976,0.02085422,1.083e-06,0.01032557,7.5e-07,0.001341247,0.000846249,0.001427331,0.001532248,0.001141081,0.001819414,0.001022915,0.000565582,0.000504416,0.000326333
127,3.376831,0.02088938,1.167e-06,0.009351318,8.33e-07,0.001218915,0.001099831,0.001932997,0.001995414,0.001042081,0.001813914,0.001027915,0.000577916,0.000500999,0.000326083
128,3.39772,0.02388696,9.17e-07,0.0102669,9.16e-07,0.001385915,0.001390081,0.002406996,0.002252996,0.001329915,0.002188663,0.001172081,0.000668416,0.000484582,0.000338583
129,3.421607,0.02561112,1e-06,0.009516984,9.17e-07,0.001194165,0.001403081,0.002420663,0.002236413,0.001169498,0.00217133,0.003997493,0.000670166,0.000506832,0.000322583
130,3.447218,0.02652129,1.25e-06,0.01045157,1e-06,0.001173165,0.001352164,0.002403246,0.002238747,0.004015993,0.002193997,0.001182748,0.000672249,0.000512749,0.000322416
131,3.473739,0.02553529,1.25e-06,0.009376735,8.33e-07,0.001140581,0.001430581,0.00242133,0.002262413,0.00401766,0.002219246,0.001188332,0.000669915,0.000482083,0.000324333
132,3.499275,0.02325196,1.083e-06,0.009540734,7.5e-07,0.001197998,0.001352665,0.002604996,0.002321079,0.001318581,0.002238247,0.001184748,0.000676165,0.000494416,0.0003205
133,3.522527,0.02302188,1.083e-06,0.009513151,1.167e-06,0.001145832,0.001417414,0.002418496,0.002327413,0.001208915,0.002288496,0.001189998,0.000668416,0.000502165,0.000339333
134,3.545549,0.02601588,1.334e-06,0.009709817,8.34e-07,0.001260164,0.001396665,0.002408246,0.002265246,0.004086827,0.002213413,0.001176331,0.000668916,0.000503916,0.000324166
135,3.571564,0.02586171,1.5e-06,0.008812819,1.333e-06,0.001166582,0.001389414,0.002416496,0.005160492,0.001209498,0.002191413,0.001983914,0.000686248,0.000515333,0.000326666
136,3.597426,0.02305088,1.084e-06,0.009485401,1.333e-06,0.001267248,0.001423331,0.00241083,0.002397579,0.001200165,0.002186079,0.001161915,0.000671333,0.000521999,0.000322582
137,3.620477,0.02534796,1.25e-06,0.007173572,8.33e-07,0.002968328,0.00443866,0.002471996,0.002285246,0.001177582,0.002173329,0.001152748,0.000662833,0.000516749,0.000324833
138,3.645825,0.03635769,1e-06,0.006114657,7.5e-07,0.001915163,0.003411328,0.01148548,0.002949162,0.001469164,0.002901496,0.004353159,0.000864082,0.000566583,0.000325666
139,3.682183,0.02587413,1.167e-06,0.009559318,8.33e-07,0.001323498,0.001377914,0.00240833,0.00228158,0.004020993,0.00219908,0.001170498,0.000669082,0.000518916,0.000342916
140,3.708057,0.02298463,1.166e-06,0.009637651,1e-06,0.001178915,0.001414498,0.002407246,0.002285913,0.001196331,0.002204997,0.001180081,0.000668582,0.000483583,0.000324666
141,3.731041,0.02560663,1.083e-06,0.009470401,8.34e-07,0.001173581,0.001403831,0.002429496,0.00227108,0.004011743,0.002193413,0.001175248,0.000666416,0.000483583,0.000325916
142,3.756648,0.0232438,1.25e-06,0.009635984,8.33e-07,0.001421332,0.001387997,0.00240583,0.002309746,0.001187998,0.002186996,0.001181582,0.000683249,0.000514249,0.000326749
143,3.779892,0.02354446,1.083e-06,0.01009882,9.17e-07,0.001195248,0.001365998,0.002411996,0.002390329,0.001205415,0.00218433,0.001181331,0.000670582,0.000513749,0.000324667
144,3.803436,0.02323355,9.16e-07,0.009705984,7.5e-07,0.001234165,0.001395498,0.002419746,0.002258163,0.001354748,0.002191163,0.001172998,0.000669499,0.000509332,0.000320583
145,3.82667,0.02266163,1.083e-06,0.009372485,1e-06,0.001183748,0.001371998,0.002408413,0.002252496,0.001170665,0.002238163,0.001174664,0.000656416,0.000508749,0.00032175
146,3.849331,0.03551428,1.084e-06,0.009501817,1.167e-06,0.001266665,0.00794782,0.006207157,0.002975911,0.001519748,0.002867495,0.001467998,0.000874249,0.000554915,0.00032825
147,3.884846,0.02617479,1.333e-06,0.008824153,1.166e-06,0.001643998,0.00190508,0.003292495,0.002929828,0.001465248,0.002858579,0.001468414,0.000892998,0.000566916,0.000324583
148,3.911021,0.02361071,1.417e-06,0.01034982,9.17e-07,0.001191414,0.001351332,0.002407162,0.002265663,0.001173998,0.002174163,0.001154749,0.000697165,0.000501916,0.000340999
149,3.934631,0.02530529,1.083e-06,0.009412235,1.417e-06,0.00168558,0.001394248,0.002408163,0.002857495,0.001464914,0.002849496,0.001459581,0.000888915,0.000538082,0.000344083
150,3.959937,0.02646487,1e-06,0.009247485,8.33e-07,0.001429081,0.001907664,0.003277828,0.002953828,0.001478248,0.002888412,0.001483414,0.000877499,0.000595499,0.000324083
151,3.986401,0.01936197,1e-06,0.009872067,8.34e-07,0.001202164,0.000835499,0.001435081,0.001505831,0.000887832,0.001428081,0.000873248,0.000464083,0.000532499,0.00032375
152,4.005763,0.01954355,1.583e-06,0.009674318,7.5e-07,0.001222831,0.000835999,0.001434497,0.001525164,0.000887166,0.001445997,0.001126249,0.000569582,0.000475166,0.000344249
153,4.025307,0.02552596,1.25e-06,0.007214072,7.5e-07,0.00439766,0.004742408,0.001957331,0.001927663,0.001077498,0.001819414,0.001024582,0.000565499,0.000469999,0.000327833
154,4.050833,0.02210696,1.333e-06,0.009294402,1.333e-06,0.001547581,0.001915913,0.002003164,0.00191208,0.001039082,0.00181958,0.001033165,0.000571999,0.000642582,0.00032475
155,4.07294,0.02786679,1.417e-06,0.00614574,9.16e-07,0.004315327,0.006440739,0.002459246,0.002321497,0.001185748,0.002322412,0.001176582,0.000668332,0.000502749,0.000326083
156,4.100807,0.02294705,1.333e-06,0.009497818,1e-06,0.001181915,0.001417248,0.002499996,0.002293663,0.001187581,0.002200246,0.001186665,0.000669749,0.000486916,0.000322916
157,4.123754,0.02299021,9.17e-07,0.009554484,1e-06,0.001229165,0.001377081,0.002417413,0.002329996,0.001196414,0.002196997,0.001184331,0.000668083,0.000489249,0.000345082
158,4.146744,0.02783262,1.333e-06,0.009461652,1.083e-06,0.001304665,0.006188073,0.002469913,0.002283579,0.001253415,0.002189413,0.001176998,0.000669832,0.000505833,0.000326833
159,4.174577,0.02317529,1.416e-06,0.009577068,9.17e-07,0.001278664,0.001382165,0.002487746,0.002372496,0.001211248,0.002191413,0.001172165,0.000666999,0.000495249,0.000337749
160,4.197752,0.02320655,1.333e-06,0.009666818,9.17e-07,0.001188914,0.001352331,0.002584413,0.002272246,0.001236915,0.002206246,0.001174415,0.000679749,0.000517582,0.000324667
161,4.220958,0.02302571,1e-06,0.009493651,6.67e-07,0.001288997,0.001399081,0.002410747,0.002312746,0.001193998,0.00221258,0.001203081,0.000670249,0.000511582,0.000327333
162,4.243984,0.02315546,1.166e-06,0.009648318,1e-06,0.001261831,0.001396748,0.002411996,0.002357913,0.001187248,0.002195996,0.001186915,0.000667999,0.000496416,0.000341916
163,4.26714,0.02624412,1.084e-06,0.01012465,1.083e-06,0.001237248,0.001320498,0.00240483,0.002282579,0.004023994,0.002196413,0.001168915,0.000667415,0.000488416,0.000326999
164,4.293384,0.02751537,1.166e-06,0.009447235,1.083e-06,0.001452665,0.005725907,0.002468746,0.002298163,0.001239165,0.002198079,0.001170165,0.000668082,0.000499333,0.000345583
165,4.320899,0.02384788,1.083e-06,0.009374318,1e-06,0.001218998,0.001337082,0.003270161,0.002314163,0.001435998,0.002194913,0.001172664,0.000669083,0.000536749,0.000321666
166,4.344747,0.02928628,1.25e-06,0.009216568,1e-06,0.001308498,0.006529156,0.002431163,0.002277079,0.001426248,0.002872662,0.001460748,0.000862998,0.000572083,0.000326832
167,4.374033,0.02908779,1e-06,0.009301068,1e-06,0.001228165,0.00189958,0.003274912,0.002919162,0.001468081,0.002877995,0.004365076,0.000862999,0.000541249,0.000347499
168,4.403121,0.02643846,1.25e-06,0.01032915,9.17e-07,0.001209248,0.001318831,0.002490162,0.002248497,0.003985327,0.002195996,0.001173915,0.000669915,0.000488916,0.000326333
169,4.429559,0.02580771,1.25e-06,0.009695734,9.16e-07,0.001149832,0.001395331,0.002425496,0.00224158,0.004016243,0.002191663,0.001171248,0.000670083,0.000510415,0.000337917
170,4.455367,0.02310871,1e-06,0.009687317,9.17e-07,0.001306248,0.001346831,0.002405996,0.002322079,0.001194499,0.002184829,0.001176915,0.000666582,0.000491416,0.000324083
171,4.478476,0.02544479,1e-06,0.009303151,8.34e-07,0.001174914,0.001400331,0.002421996,0.002257163,0.004009244,0.002195496,0.001176332,0.000673832,0.000486999,0.0003435
172,4.503921,0.02280646,1.333e-06,0.009491568,9.16e-07,0.001186415,0.001382415,0.002405162,0.002293247,0.001190248,0.002180496,0.001181248,0.000667999,0.000485749,0.000339666
173,4.526727,0.02578737,1.083e-06,0.009512818,8.33e-07,0.001276665,0.001425247,0.00242033,0.00224933,0.004031743,0.00219708,0.001169664,0.000666583,0.000512249,0.000323749
174,4.552515,0.02766662,1.084e-06,0.00980565,1.25e-06,0.001340082,0.00573299,0.00244008,0.002263746,0.001189581,0.002213497,0.001181331,0.000668166,0.000504082,0.000325083
175,4.580181,0.02402313,1.083e-06,0.009591068,9.17e-07,0.001165998,0.001424248,0.002464329,0.00228283,0.001188081,0.003160661,0.001237832,0.000671999,0.000486082,0.000348
176,4.604204,0.02307455,1.167e-06,0.009466568,7.5e-07,0.001258581,0.001427664,0.002584079,0.002276663,0.001194748,0.002193663,0.001191999,0.000672248,0.000481333,0.000325083
177,4.627279,0.02302538,1.333e-06,0.009487651,9.17e-07,0.001201998,0.001344498,0.002560162,0.002280913,0.001184248,0.002193997,0.001179914,0.000753999,0.000495583,0.000340166
178,4.650304,0.02375513,1.25e-06,0.01036182,1e-06,0.001215582,0.001329664,0.002404913,0.002337329,0.001189915,0.002185497,0.001229998,0.000676249,0.000494832,0.000327083
179,4.674059,0.02540954,1.25e-06,0.009249151,1.334e-06,0.001153248,0.001421081,0.002412996,0.002262579,0.004007411,0.002193329,0.001184748,0.000673166,0.000508749,0.0003405
180,4.699469,0.03097962,1.25e-06,0.007101821,1.084e-06,0.003503911,0.007033905,0.002425163,0.003161828,0.001528247,0.003004162,0.001476498,0.000859915,0.000540499,0.000341333
181,4.730448,0.0296042,1.25e-06,0.009154986,1.166e-06,0.001912247,0.00186333,0.003300328,0.002941162,0.001498831,0.002875745,0.00434416,0.000872915,0.000514666,0.000323416
182,4.760053,0.02276046,1.167e-06,0.009301068,1e-06,0.001193332,0.001376164,0.00240958,0.002255829,0.001351331,0.002191997,0.001172914,0.000669666,0.000513083,0.000323332
183,4.782813,0.02336963,1.166e-06,0.01008457,1.417e-06,0.001163082,0.001389997,0.00240658,0.002256663,0.001173914,0.00223733,0.001176082,0.000667998,0.000475833,0.000334999
184,4.806183,0.02388046,1.333e-06,0.0124034,9.17e-07,0.001163082,0.001143664,0.001932164,0.001885663,0.001029165,0.001933247,0.001027832,0.000568332,0.000457583,0.000334083
185,4.830063,0.02984395,1.25e-06,0.00615749,8.34e-07,0.004385243,0.005633824,0.002484329,0.00228808,0.003996243,0.002197747,0.001185998,0.000667748,0.000503916,0.00034125
186,4.859907,0.02570962,1e-06,0.009499985,8.33e-07,0.001157332,0.001428247,0.002416413,0.002265996,0.004032661,0.002201079,0.001181832,0.000667832,0.000528916,0.000327499
187,4.885617,0.02296546,1.25e-06,0.009570568,1e-06,0.001203248,0.001347415,0.002404912,0.00235283,0.001203831,0.002193747,0.001172914,0.000669249,0.00051925,0.000325249
188,4.908582,0.02364546,1.167e-06,0.01028632,9.16e-07,0.001192832,0.001342081,0.002403079,0.002341996,0.001196248,0.002211913,0.001177499,0.000670082,0.000493416,0.000327916
189,4.932228,0.02540946,1.083e-06,0.006114324,8.33e-07,0.004625743,0.005451241,0.001937413,0.001961414,0.001046748,0.001844497,0.001043998,0.000567666,0.000472749,0.00034175
190,4.957637,0.02606012,1e-06,0.009592818,8.33e-07,0.001402081,0.001389998,0.002406329,0.002267497,0.004085076,0.002233247,0.001172165,0.000667915,0.000513499,0.000327666
191,4.983697,0.02569129,1.167e-06,0.009544901,1.083e-06,0.001175248,0.001403831,0.002404997,0.002259163,0.00402041,0.002197579,0.001170915,0.000671416,0.000499999,0.000340583
192,5.009389,0.02286338,1e-06,0.009263401,1e-06,0.001341998,0.001391915,0.002409746,0.002298913,0.001189998,0.002285829,0.001189832,0.000670832,0.000494666,0.000324249
193,5.032252,0.02618937,1.25e-06,0.0100679,1e-06,0.001183915,0.001356165,0.002407496,0.002263913,0.004030993,0.00219208,0.001184831,0.000667916,0.000493999,0.000337916
194,5.058441,0.02310771,1e-06,0.009662318,8.33e-07,0.001256082,0.001394497,0.002408163,0.002323163,0.001209415,0.002193329,0.001174665,0.000669832,0.000488333,0.000326083
195,5.081549,0.02075022,1.583e-06,0.009215652,9.17e-07,0.001222498,0.001124748,0.001928663,0.001913081,0.001089914,0.001847247,0.001021915,0.000565916,0.000476249,0.000341833
196,5.102299,0.03041295,1e-06,0.007091821,8.34e-07,0.005947407,0.006470906,0.002469662,0.00233608,0.001201081,0.00220158,0.001168165,0.000670415,0.000524833,0.000329166
197,5.132712,0.02914687,1.167e-06,0.00612024,9.16e-07,0.005240408,0.005513491,0.002437996,0.00232033,0.001257165,0.003065661,0.001460748,0.000860665,0.000543499,0.000324583
198,5.161859,0.03415928,1e-06,0.009931901,1e-06,0.001599497,0.00239583,0.003930743,0.003003829,0.001467997,0.004249577,0.005829407,0.000865582,0.000552666,0.000330249
199,5.196018,0.02426146,1.5e-06,0.009222818,1.083e-06,0.001166082,0.001418164,0.002414663,0.002318079,0.001199415,0.002190996,0.001174165,0.000991165,0.001824914,0.000338416
200,5.22028,0.03150345,1.5e-06,0.00614949,9.16e-07,0.004314827,0.008058737,0.002467579,0.002771162,0.001473664,0.003048079,0.001479414,0.000863165,0.000548416,0.000326499
201,5.251783,0.02676979,1e-06,0.009766651,1.083e-06,0.001187248,0.001862747,0.003278912,0.002954995,0.001608497,0.002888662,0.001463665,0.000874331,0.000558166,0.000323833
202,5.278553,0.02313305,1.417e-06,0.009688651,8.33e-07,0.001252248,0.001392914,0.00240883,0.002329246,0.001190998,0.002185413,0.001183498,0.000665666,0.000494499,0.000338833
203,5.301686,0.02281513,1.084e-06,0.009456401,1e-06,0.001162915,0.001350081,0.002448746,0.002321996,0.001198831,0.00219908,0.001175998,0.000677749,0.000493333,0.000327916
204,5.324501,0.02578729,1e-06,0.009629568,8.33e-07,0.001230082,0.001389914,0.00242633,0.002248913,0.003986243,0.002203497,0.001175664,0.000678999,0.000493833,0.000322416
205,5.350289,0.02288071,1.416e-06,0.009369068,1e-06,0.001335748,0.001361415,0.002404912,0.002332997,0.001202831,0.002194413,0.001169082,0.000667332,0.000502749,0.000337749
206,5.373169,0.02304505,1.25e-06,0.009447318,1.25e-06,0.001249748,0.001426664,0.00242058,0.002248079,0.001368332,0.002217246,0.001170081,0.000668749,0.000499833,0.000325916
207,5.396214,0.02068755,1.167e-06,0.009217735,1.166e-06,0.001280415,0.001098331,0.001959914,0.001859414,0.001025081,0.001813997,0.001024332,0.000581416,0.000487082,0.0003375
208,5.416902,0.02280338,1e-06,0.0101899,9.17e-07,0.001228331,0.001131082,0.001925997,0.002322163,0.001176748,0.002202413,0.001154164,0.000664249,0.000482083,0.000324333
209,5.439705,0.02302005,1e-06,0.009580401,1.083e-06,0.001185165,0.001398498,0.002480996,0.002275996,0.001208998,0.00220108,0.001173498,0.000668582,0.000518833,0.000325916
210,5.462725,0.02304663,1.416e-06,0.009637651,7.5e-07,0.001155582,0.001415831,0.002417162,0.002331997,0.001194164,0.002208163,0.001179248,0.000670916,0.000505249,0.0003285
211,5.485772,0.02311146,1.25e-06,0.009490568,8.33e-07,0.001380581,0.001390998,0.002468662,0.002281747,0.001197914,0.002232997,0.001170581,0.000669416,0.000503416,0.000322499
212,5.508883,0.02323921,1.167e-06,0.009623568,8.33e-07,0.001307498,0.001372081,0.002468996,0.002275329,0.001315832,0.002204163,0.001173248,0.000666915,0.000505916,0.000323666
213,5.532123,0.02369363,1.333e-06,0.01018573,9.16e-07,0.001161998,0.001346332,0.002572245,0.002257497,0.001294164,0.002193163,0.001177165,0.000665749,0.000513249,0.000324083
214,5.555816,0.02755671,1e-06,0.009706067,8.34e-07,0.001352581,0.005712491,0.002427579,0.002259413,0.001209915,0.002203829,0.001192082,0.000672582,0.000497999,0.000320333
215,5.583373,0.02222813,1.25e-06,0.008821235,1.167e-06,0.001163415,0.001382581,0.002463079,0.00226658,0.001185665,0.002273913,0.001179164,0.000666916,0.000485499,0.000337666
216,5.605601,0.02474338,1.25e-06,0.009448235,1e-06,0.001280247,0.003165162,0.002476663,0.002262163,0.001191081,0.00220233,0.001221164,0.000674166,0.000495082,0.000324833
217,5.630344,0.02246913,1.084e-06,0.008989152,1.083e-06,0.001154165,0.001421248,0.002411996,0.002303413,0.001185664,0.002193413,0.001303332,0.000682499,0.000500665,0.000321417
218,5.652814,0.02445871,1.083e-06,0.01107015,9.16e-07,0.001203498,0.001351998,0.002407663,0.002332579,0.001199998,0.002199997,0.001180915,0.000671498,0.000517583,0.000320833
219,5.677272,0.02539413,1.083e-06,0.009239902,1.083e-06,0.001153248,0.001422165,0.002417996,0.002256413,0.004007327,0.002213496,0.001176248,0.000669999,0.000494916,0.000340249
220,5.702666,0.0314607,1e-06,0.00613849,1e-06,0.004451992,0.007604655,0.002429412,0.003196745,0.001551414,0.002883162,0.001462165,0.000862998,0.000540833,0.000336832
221,5.734127,0.02979579,1.084e-06,0.009189401,1e-06,0.001340165,0.001931913,0.003313995,0.002946495,0.001477165,0.002854245,0.004340743,0.001500997,0.000551749,0.000346833
222,5.763923,0.02278855,1.75e-06,0.009357235,1.166e-06,0.001167998,0.001400498,0.00240558,0.002273829,0.001327081,0.00218158,0.001174748,0.000653916,0.000518082,0.000325083
223,5.786711,0.02571396,1.417e-06,0.009605317,1.334e-06,0.001458997,0.001719831,0.002421079,0.002762162,0.001662831,0.002876079,0.001463081,0.000861498,0.000555583,0.000324749
224,5.812425,0.03258686,1.333e-06,0.009086152,8.34e-07,0.001715997,0.005035158,0.006153907,0.002956745,0.001544164,0.002861412,0.001478998,0.000861248,0.000548083,0.000342833
225,5.845012,0.02223946,1.084e-06,0.008830985,8.34e-07,0.001294248,0.001423997,0.002419246,0.002274997,0.001172831,0.002169996,0.001152832,0.000662749,0.000489499,0.000346166
226,5.867252,0.02300405,1.167e-06,0.009589151,9.16e-07,0.001298998,0.001422498,0.002416079,0.002270997,0.001187081,0.00217508,0.001158915,0.000661749,0.000498249,0.000323166
227,5.890256,0.02307655,1.167e-06,0.009593151,1.167e-06,0.001341247,0.001354582,0.002419162,0.002286163,0.001186332,0.002215579,0.001180499,0.000668748,0.000502416,0.000326333
228,5.913332,0.02394854,1.167e-06,0.01055357,7.5e-07,0.001298664,0.001319332,0.002410079,0.002292663,0.001201081,0.00218733,0.001175998,0.000663249,0.000503916,0.000340749
229,5.937281,0.02297871,1.083e-06,0.009212652,1.166e-06,0.001330582,0.00145508,0.00249133,0.002431329,0.001191082,0.002197663,0.001181748,0.000670332,0.000492416,0.000322249
230,5.96026,0.03040653,1.167e-06,0.007106238,1e-06,0.003724661,0.006826655,0.002415163,0.002775745,0.001470915,0.002863745,0.001462164,0.000864332,0.000569583,0.000325166
231,5.990666,0.04083168,1.167e-06,0.009362985,9.16e-07,0.009865318,0.001864663,0.00615124,0.002979579,0.001483164,0.004553409,0.002201663,0.001330248,0.000711249,0.000326083
232,6.031498,0.03791994,1.084e-06,0.008968902,1.083e-06,0.001204998,0.008025654,0.00824782,0.003887243,0.001489748,0.002881245,0.001472331,0.000860082,0.000553916,0.000325833
233,6.069418,0.03130928,1.166e-06,0.009487485,1e-06,0.001352165,0.006483739,0.003326495,0.003021161,0.001492831,0.002882329,0.001502331,0.000863248,0.000548666,0.000346666
234,6.100727,0.02333179,1e-06,0.009719151,1e-06,0.001323247,0.001401998,0.002455163,0.002285913,0.001193248,0.002271496,0.001175998,0.000669082,0.000510416,0.000324083
235,6.124059,0.02237346,1e-06,0.008910569,8.33e-07,0.001172915,0.001425831,0.002497329,0.002289413,0.001194332,0.002196746,0.001174748,0.000670416,0.000518499,0.000320833
236,6.146432,0.02331263,1e-06,0.009524152,1.083e-06,0.001452248,0.001415331,0.002429412,0.002315497,0.001191748,0.002209329,0.001189498,0.000679249,0.000580249,0.000323833
237,6.169745,0.02047297,1e-06,0.008988069,1.584e-06,0.001219831,0.001080665,0.001928913,0.001890331,0.001034915,0.001904496,0.001028082,0.000566749,0.000502916,0.000325416
238,6.190218,0.02347804,1.333e-06,0.01040707,1.083e-06,0.001184165,0.001115915,0.002270996,0.00227408,0.001180831,0.002178496,0.001325832,0.000671499,0.000519665,0.000347083
239,6.213696,0.02619729,1e-06,0.009437651,9.17e-07,0.001605581,0.001467831,0.002413413,0.002275246,0.001176998,0.002180663,0.001194165,0.000703249,0.003414744,0.000325833
240,6.239893,0.02410396,1.25e-06,0.0103409,1e-06,0.001222331,0.001390415,0.002406829,0.00227208,0.001426664,0.002266163,0.001181498,0.000737582,0.000533583,0.000323666
241,6.263997,0.02610346,1e-06,0.009935484,1e-06,0.001218998,0.001392247,0.00240358,0.002237329,0.001180665,0.00220408,0.004034493,0.000670416,0.000479249,0.000344916
242,6.290101,0.02723079,8.33e-07,0.009682484,8.34e-07,0.001269498,0.001395581,0.002427912,0.002227747,0.001175164,0.005803991,0.001501164,0.000864416,0.000557082,0.000324083
243,6.317331,0.02669887,1.5e-06,0.009509401,1.167e-06,0.001325914,0.001876581,0.003267411,0.003138745,0.001497664,0.002871745,0.001460915,0.000858915,0.000548332,0.000340583
244,6.34403,0.02738046,1.25e-06,0.009723985,1.166e-06,0.001275832,0.00572749,0.002420996,0.002249747,0.001171664,0.002169247,0.001153748,0.000664166,0.000481415,0.00033975
245,6.371411,0.02282896,1.167e-06,0.009394652,7.5e-07,0.001259914,0.001403581,0.00241833,0.002275496,0.001204748,0.002201496,0.001163915,0.000669416,0.000502832,0.000332666
246,6.39424,0.02327321,1.167e-06,0.0100844,9.17e-07,0.001137914,0.001394915,0.002417746,0.002236163,0.001174581,0.002177247,0.001159414,0.000663833,0.000501832,0.000323083
247,6.417513,0.0228623,1.25e-06,0.009590901,8.33e-07,0.001198248,0.001343081,0.00241383,0.002263579,0.001196165,0.00218233,0.001173248,0.000670166,0.000503666,0.000324999
248,6.440375,0.02376338,1.166e-06,0.01040565,7.5e-07,0.001234665,0.001310831,0.002475912,0.00227383,0.001185832,0.002188079,0.001180165,0.000668582,0.000503166,0.00033475
249,6.464139,0.02332455,1.084e-06,0.009400818,1.166e-06,0.001688331,0.001397164,0.002489496,0.00226308,0.001192998,0.00218283,0.001181081,0.000666916,0.000523416,0.000336166
250,6.487463,0.02314371,1.167e-06,0.009622318,8.33e-07,0.001323581,0.001365581,0.002417663,0.002335996,0.001190415,0.002208747,0.001168998,0.000668832,0.000510999,0.000328583
251,6.510607,0.02304171,1.167e-06,0.009619651,7.5e-07,0.001166248,0.001411331,0.002412329,0.00233683,0.001199248,0.00222908,0.001179748,0.000666749,0.000495082,0.0003235
252,6.533649,0.02597521,1.25e-06,0.009754734,5.83e-07,0.001316331,0.001376415,0.002407496,0.002252996,0.004008244,0.002186996,0.001167415,0.000669082,0.000482916,0.000350749
253,6.559624,0.02673612,1.417e-06,0.009395068,9.17e-07,0.001448664,0.004962492,0.002465913,0.002300413,0.001191664,0.002270497,0.001194498,0.000669249,0.000494665,0.000340667
254,6.58636,0.02723437,1e-06,0.009486318,1.167e-06,0.001484247,0.005478825,0.002419579,0.00228033,0.001229748,0.002194079,0.001170915,0.000667416,0.000495832,0.000324916
255,6.613594,0.02268555,1.416e-06,0.009369568,1e-06,0.001228248,0.001350665,0.002412663,0.002265329,0.001192332,0.002206329,0.001175915,0.000666832,0.000493,0.000322249
256,6.63628,0.02367296,1.416e-06,0.01021615,8.34e-07,0.001218164,0.001319915,0.002474413,0.002269412,0.001198499,0.002285996,0.001175998,0.000668499,0.000503832,0.000339833
257,6.659953,0.02983162,1.083e-06,0.006115824,9.16e-07,0.00444741,0.006514989,0.00241583,0.002772495,0.001509498,0.002862412,0.001449914,0.000857165,0.000561999,0.000322083
258,6.689784,0.03355794,1e-06,0.009415984,8.34e-07,0.001909746,0.005591825,0.003277494,0.002941746,0.004346076,0.002876495,0.001481081,0.000862582,0.000526999,0.000326083
259,6.723342,0.02908245,1e-06,0.009304235,1.084e-06,0.001178831,0.00191083,0.006131324,0.002991078,0.001492914,0.002855496,0.001462164,0.000862249,0.000563499,0.000327749
260,6.752425,0.0221878,1.5e-06,0.008830735,1e-06,0.001196665,0.001349915,0.002407412,0.00238158,0.001180415,0.002183496,0.001158998,0.000675332,0.000497083,0.000323666
261,6.774613,0.02313138,1.167e-06,0.009546651,1.167e-06,0.001334498,0.001395664,0.002432246,0.00229633,0.001197664,0.00222183,0.001168915,0.000666749,0.000542999,0.000325499
262,6.797744,0.02371063,1.083e-06,0.01044607,9.16e-07,0.001197415,0.001397248,0.002416246,0.002261663,0.001175081,0.002172664,0.001157664,0.000661416,0.000497582,0.000325583
263,6.821455,0.02354871,1.083e-06,0.01018457,1e-06,0.001226665,0.001323164,0.002430496,0.00229083,0.001201415,0.002199079,0.001180999,0.000667998,0.00050275,0.000338666
264,6.845003,0.02340463,1.167e-06,0.009704817,7.5e-07,0.001304665,0.001526914,0.002419246,0.00237408,0.001185331,0.00219833,0.001165998,0.000667499,0.000513332,0.0003425
265,6.868408,0.02292538,1.333e-06,0.009423735,9.17e-07,0.001211581,0.001332914,0.00246983,0.002286246,0.001186665,0.002330079,0.001184998,0.000671083,0.000503249,0.000322749
266,6.891333,0.02285655,1.083e-06,0.009472068,1e-06,0.001168915,0.001417664,0.002415163,0.002310163,0.001199248,0.00219458,0.001178831,0.000668916,0.000503832,0.000325083
267,6.91419,0.02368046,1.334e-06,0.009324568,1.167e-06,0.001185414,0.001149248,0.001938081,0.001904246,0.003840161,0.001926997,0.001033831,0.000565583,0.000483666,0.000326166
268,6.93787,0.02673846,1.166e-06,0.01037773,1.167e-06,0.001315915,0.001388331,0.002409079,0.002274413,0.004106993,0.002194163,0.001173499,0.000667665,0.000505333,0.000322999
269,6.964609,0.02323396,1.25e-06,0.009613985,1e-06,0.001186748,0.001405831,0.002459746,0.002382913,0.001251914,0.002199997,0.001173414,0.000667333,0.000561165,0.000328667
270,6.987843,0.02203646,1.416e-06,0.008376403,1e-06,0.001364081,0.001397165,0.002425996,0.002358746,0.001241831,0.002200497,0.001173581,0.000660832,0.0005055,0.000329416
271,7.009879,0.02374379,1.166e-06,0.009503735,1.083e-06,0.001169582,0.001145831,0.001923164,0.00188258,0.001019415,0.004690326,0.001042915,0.000558665,0.000477666,0.000327666
272,7.033623,0.02485171,1.666e-06,0.009129569,8.33e-07,0.001216748,0.001134915,0.002258913,0.002261413,0.001175665,0.002165996,0.004004577,0.000670832,0.00050225,0.000328332
273,7.058475,0.02717721,1.25e-06,0.006371406,7.5e-07,0.00193583,0.002185663,0.008244654,0.002392579,0.001182915,0.00217808,0.001173081,0.000661916,0.000504582,0.0003445
274,7.085652,0.02069172,1.083e-06,0.009269402,8.33e-07,0.001158498,0.001168582,0.001931246,0.001900581,0.001019331,0.001844331,0.001019998,0.000560749,0.000471833,0.000345249
275,7.106344,0.02081638,1.333e-06,0.009112152,6.67e-07,0.001181414,0.001129999,0.00193208,0.00188658,0.001023165,0.001816164,0.001223331,0.000668666,0.000514999,0.000325833
276,7.12716,0.03148712,1.166e-06,0.006412323,9.17e-07,0.002153746,0.002032247,0.009636318,0.002321162,0.001170582,0.00218083,0.004049493,0.000672332,0.000526916,0.000329083
277,7.158647,0.02254105,1.334e-06,0.009210235,1e-06,0.001142498,0.001394081,0.002400663,0.002265663,0.001201664,0.002273247,0.001167831,0.000655166,0.000499832,0.000327833
278,7.181188,0.02444821,1.333e-06,0.01015465,1.084e-06,0.001490997,0.001394581,0.002399663,0.002234746,0.001178165,0.00226383,0.001836747,0.000663415,0.0004795,0.000349499
279,7.205636,0.02057355,1.333e-06,0.009292235,1.083e-06,0.001151332,0.001153248,0.001928247,0.001874414,0.001021165,0.001787247,0.001005248,0.000554749,0.000475749,0.0003275
280,7.22621,0.02529088,1.75e-06,0.008977652,9.17e-07,0.00171708,0.004459243,0.001936914,0.002141746,0.001169332,0.002177079,0.001166332,0.000663749,0.000556999,0.000322083
281,7.251501,0.02273296,1.167e-06,0.009486818,8.33e-07,0.001230831,0.001398748,0.00240533,0.002233913,0.001188748,0.002156746,0.001155082,0.000655415,0.000478166,0.000341166
282,7.274234,0.02957445,1.833e-06,0.008939819,9.16e-07,0.001630498,0.004888492,0.002416913,0.002248829,0.001172415,0.002172163,0.001407331,0.000852666,0.003503577,0.000339
283,7.303808,0.02988987,1.25e-06,0.0100309,1.333e-06,0.001286914,0.001908081,0.003308078,0.002979495,0.004318326,0.002862829,0.001451747,0.000856916,0.000556665,0.000327333
284,7.333698,0.0227573,1.166e-06,0.009081819,1e-06,0.001478248,0.001417414,0.002472079,0.00230458,0.001186665,0.002161746,0.001162082,0.000671332,0.000493916,0.000325249
285,7.356455,0.02370046,1.083e-06,0.01002148,1.583e-06,0.001567831,0.001398498,0.002402746,0.002313746,0.001178831,0.002184497,0.001156165,0.000661665,0.000485249,0.000327083
286,7.380156,0.03288145,9.16e-07,0.006346407,1e-06,0.002327579,0.00222133,0.01151898,0.002950245,0.001465915,0.002866495,0.001455581,0.000855082,0.000546666,0.000325249
287,7.413037,0.02907329,1.25e-06,0.009333401,9.17e-07,0.001147582,0.00191033,0.003263744,0.002982079,0.001527414,0.002851745,0.004325743,0.000866416,0.000533999,0.000328666
288,7.442111,0.02889404,1.25e-06,0.006388323,9.16e-07,0.001859914,0.002657329,0.009660984,0.00228883,0.001185331,0.002180414,0.001170914,0.000666083,0.000505082,0.000328666
289,7.471005,0.02260738,1.166e-06,0.009312819,9.16e-07,0.001160665,0.001416414,0.002417913,0.002290246,0.001172665,0.00217883,0.001159581,0.000661999,0.00050725,0.000326916
290,7.493612,0.02638662,1.083e-06,0.008758486,1.166e-06,0.001304998,0.005468408,0.002556246,0.002272579,0.001180665,0.00217383,0.001174831,0.000661083,0.000492416,0.000340832
291,7.519999,0.02262921,1.166e-06,0.009324485,1e-06,0.001152832,0.001415497,0.002409413,0.002296413,0.001179831,0.002173747,0.001175998,0.000661665,0.000492416,0.00034475
292,7.542628,0.02579612,1.083e-06,0.009318485,1e-06,0.001363081,0.001372081,0.002395497,0.005185324,0.001201165,0.002300746,0.001171665,0.000660249,0.000479666,0.000346083
293,7.568424,0.02340988,1.166e-06,0.01012832,1.167e-06,0.001154581,0.001397581,0.00240233,0.002283329,0.001178332,0.002210996,0.001163332,0.000662832,0.000499916,0.000325999
294,7.591834,0.02064138,1.334e-06,0.009173568,9.17e-07,0.001231664,0.001150332,0.00192958,0.00188108,0.001023332,0.001834747,0.001045582,0.000558999,0.000482666,0.000327582
295,7.612475,0.02140671,1.75e-06,0.009000485,2e-06,0.001496331,0.001121748,0.001952997,0.001878664,0.001089748,0.00216483,0.001150498,0.000660915,0.0004905,0.000396249
296,7.633882,0.02865295,1.083e-06,0.006357657,1e-06,0.00210683,0.002159246,0.009641984,0.002303997,0.001172248,0.002234829,0.001176748,0.000660583,0.000507666,0.000329082
297,7.662535,0.02251746,1.416e-06,0.009274485,1e-06,0.001158748,0.001361748,0.00239883,0.002254579,0.001165832,0.002169663,0.001229748,0.000664665,0.000481666,0.000355083
298,7.685052,0.02687846,1.083e-06,0.0100779,1e-06,0.001460165,0.001397414,0.002402496,0.002269246,0.001179332,0.002179913,0.00406991,0.000968498,0.00052025,0.000351249
299,7.711931,0.02293721,1.417e-06,0.009509401,9.17e-07,0.001182248,0.001411164,0.002404246,0.00225858,0.001175248,0.002164996,0.001296415,0.000699666,0.000504415,0.0003285
300,7.734868,0.02227413,1.583e-06,0.008967236,1e-06,0.001152581,0.001415415,0.002429829,0.002276413,0.001168998,0.00217108,0.001148498,0.000658416,0.000549915,0.000333166
301,7.757142,0.02288755,1.25e-06,0.009466151,1e-06,0.001299665,0.001409747,0.002427996,0.002291497,0.001172831,0.002165413,0.001160415,0.000659082,0.000500916,0.000331583
302,7.78003,0.02754862,1.167e-06,0.008968319,7.5e-07,0.001494747,0.005319908,0.002443913,0.002251746,0.001176165,0.002650412,0.001464831,0.000884165,0.000564166,0.000328333
303,7.807578,0.0300047,1e-06,0.009943317,8.34e-07,0.001380664,0.00191783,0.003265995,0.002937745,0.001458164,0.005842158,0.00150133,0.000857916,0.000548916,0.000348832
304,7.837583,0.02592404,1.167e-06,0.008958152,1.166e-06,0.001906831,0.001394497,0.00244133,0.005218658,0.001185331,0.00216983,0.001162582,0.000658999,0.000496915,0.000328583
305,7.863507,0.02253071,1.333e-06,0.009184235,9.17e-07,0.001271581,0.001286832,0.002425662,0.00232883,0.001177748,0.002192413,0.001162331,0.000663416,0.000508333,0.000327082
306,7.886038,0.02367996,1.167e-06,0.009891817,1.25e-06,0.001568164,0.001416248,0.002425246,0.002368579,0.001186249,0.002179996,0.001161081,0.000660083,0.000490249,0.000329833
307,7.909718,0.02130555,1.167e-06,0.009703401,1.083e-06,0.001363415,0.001130081,0.001931914,0.001902996,0.001064082,0.001823414,0.001009081,0.000557666,0.000473416,0.000343833
308,7.931023,0.02291713,1.416e-06,0.009461985,1.667e-06,0.001841163,0.001197582,0.001933997,0.002348412,0.001178665,0.00217058,0.001289998,0.000662499,0.000498332,0.000330833
309,7.95394,0.02300813,1.167e-06,0.009609651,1.166e-06,0.001154082,0.001399997,0.00239983,0.00226258,0.001289664,0.002190663,0.001147082,0.000662749,0.000489332,0.000400166
310,7.976949,0.02917795,1e-06,0.008970485,1.333e-06,0.001411581,0.005258409,0.002424246,0.002268079,0.001175165,0.002166997,0.003992493,0.000663582,0.000517499,0.000327083
311,8.006126,0.02274805,1.167e-06,0.009273735,9.17e-07,0.001162081,0.001531581,0.002422246,0.00227208,0.001168248,0.002173246,0.001255581,0.000663083,0.000495082,0.000329
312,8.028875,0.0279337,1.417e-06,0.008983485,9.17e-07,0.001390331,0.005494657,0.00241258,0.002281746,0.001238331,0.002926662,0.001454831,0.000865916,0.000540332,0.000342499
313,8.056808,0.02712779,1.25e-06,0.01001257,8.33e-07,0.001333748,0.001919247,0.003266161,0.003049745,0.001465498,0.002865828,0.001472498,0.000853749,0.000558165,0.0003285
314,8.083936,0.02562088,1.167e-06,0.009199652,1.75e-06,0.001366664,0.001411915,0.005302658,0.002310162,0.001198999,0.002170329,0.001158498,0.000673499,0.000497916,0.000327666
315,8.109557,0.02280405,1.167e-06,0.009215985,1e-06,0.001145915,0.001402581,0.002460412,0.00234883,0.001425498,0.002169496,0.001161498,0.000660832,0.000481166,0.000329666
316,8.132361,0.0230238,1.25e-06,0.009202235,9.17e-07,0.001659497,0.001425498,0.002419662,0.002279913,0.001179498,0.00218433,0.001169665,0.000661249,0.000511666,0.000328416
317,8.155385,0.02043447,1.25e-06,0.008950069,1.25e-06,0.001291331,0.001105248,0.001917414,0.00186083,0.001100248,0.001818414,0.001019498,0.000571249,0.00045125,0.000346416
318,8.175819,0.03018978,1.166e-06,0.006327823,1e-06,0.001837331,0.002664662,0.008176153,0.002360413,0.003999577,0.00218258,0.001167915,0.000659582,0.000484249,0.000327333
319,8.206009,0.02511171,1.083e-06,0.009021569,8.33e-07,0.001146165,0.001429998,0.002410912,0.002246913,0.00400016,0.00219558,0.001164832,0.000660582,0.000489666,0.000343416
320,8.231121,0.02477413,1.5e-06,0.008628569,7.5e-07,0.001124915,0.001427414,0.00240933,0.002233496,0.004101827,0.00218783,0.001167831,0.000662082,0.000484416,0.000344166
321,8.255895,0.0225578,1.417e-06,0.009174152,1e-06,0.001158331,0.001400164,0.00240758,0.002331829,0.001183832,0.002188829,0.001166665,0.000663499,0.000539083,0.000341416
322,8.278453,0.0204863,1.25e-06,0.009153235,1e-06,0.001150415,0.001147998,0.001927164,0.001878914,0.001032665,0.001835497,0.001011665,0.000553999,0.000466582,0.000325916
323,8.298939,0.02230671,1.083e-06,0.01019115,7.5e-07,0.001151582,0.001117665,0.001920663,0.001881497,0.001239582,0.002184579,0.001148748,0.000659083,0.000491749,0.000318583
324,8.321246,0.02963895,1e-06,0.009033985,1.25e-06,0.001357831,0.005683658,0.002418829,0.002244413,0.001178165,0.002160413,0.00404441,0.000664832,0.000522166,0.000328
325,8.350885,0.02468213,1.5e-06,0.008590069,9.17e-07,0.001128082,0.001433914,0.002426746,0.00223558,0.001167331,0.002152747,0.004029076,0.000667749,0.000521583,0.000326833
326,8.375567,0.03314203,1e-06,0.006355323,7.5e-07,0.002120079,0.00210633,0.01181056,0.003017746,0.001524997,0.003043828,0.001448831,0.000853332,0.000530416,0.000328833
327,8.408709,0.02424229,1.167e-06,0.008003487,7.5e-07,0.002219746,0.001922497,0.003319828,0.002782996,0.001174248,0.002160746,0.001161415,0.000657749,0.000493749,0.000343916
328,8.432951,0.02359713,1.416e-06,0.0101039,2e-06,0.001397414,0.001409331,0.002429996,0.002280663,0.001186165,0.002160746,0.001147332,0.000654832,0.000494416,0.000328916
329,8.456548,0.02290746,1.084e-06,0.009631651,1e-06,0.001155748,0.001432498,0.002437996,0.002260079,0.001174082,0.002165246,0.001154915,0.000667249,0.000498166,0.000327749
330,8.479456,0.02206046,1.083e-06,0.008704153,1e-06,0.001179498,0.001431748,0.002459579,0.002261663,0.001180665,0.00219133,0.001165998,0.000660915,0.000496499,0.000326333
331,8.501516,0.02295496,1.667e-06,0.009482485,8.33e-07,0.001342581,0.001382331,0.002403413,0.002311496,0.001182915,0.002177413,0.001173332,0.000659082,0.000493416,0.000343999
332,8.524471,0.02383929,1.167e-06,0.008971985,1e-06,0.001905497,0.001146415,0.001933497,0.001890247,0.003822494,0.00181008,0.001013998,0.000562666,0.000451833,0.000328416
333,8.54831,0.02293871,1.166e-06,0.009971484,1e-06,0.001153082,0.001127914,0.002259913,0.002271247,0.001321914,0.002180413,0.001158499,0.000661332,0.000490416,0.000340332
334,8.571249,0.02529029,1.083e-06,0.008979152,1.25e-06,0.001222498,0.001420498,0.002407663,0.002425662,0.001189665,0.002178747,0.00398566,0.000661499,0.000488666,0.000328249
335,8.596539,0.02237505,1.333e-06,0.008442986,1.167e-06,0.001131998,0.001418914,0.00241358,0.002262496,0.001190415,0.002825745,0.001180082,0.000664415,0.000514416,0.0003275
336,8.618914,0.03064337,1.25e-06,0.006354989,8.34e-07,0.002127996,0.001984664,0.009639067,0.002989995,0.001480915,0.002855162,0.001457747,0.000858165,0.000565416,0.000327166
337,8.649558,0.0283682,1.167e-06,0.008644819,1.084e-06,0.001153414,0.001915247,0.006126157,0.002972162,0.001512747,0.002864412,0.001450998,0.000863415,0.000535749,0.000326833
338,8.677926,0.03136845,1.25e-06,0.009970401,1.083e-06,0.001347665,0.006276073,0.003277078,0.002943162,0.001467331,0.002887828,0.001457748,0.000855165,0.000544499,0.000339166
339,8.709294,0.02291746,1e-06,0.009554818,7.5e-07,0.001262664,0.001408498,0.002399579,0.002256747,0.001191748,0.002196579,0.001159999,0.000648415,0.000508166,0.000328499
340,8.732212,0.02516421,1.416e-06,0.009081402,1.417e-06,0.001141331,0.001415748,0.002407246,0.002262997,0.001177498,0.002164663,0.004022243,0.000664166,0.000495166,0.000328916
341,8.757376,0.02275546,1.25e-06,0.009426235,1.25e-06,0.001256831,0.001314081,0.002404413,0.002277413,0.001174748,0.002236496,0.001164582,0.000655665,0.000492333,0.000350166
342,8.780132,0.02879854,1.084e-06,0.008954569,8.33e-07,0.001439831,0.006043407,0.002422496,0.002353579,0.001528081,0.002854662,0.001462331,0.000858082,0.000533666,0.000345916
343,8.80893,0.02724554,1.25e-06,0.009958151,1.166e-06,0.001338998,0.001891664,0.003320744,0.003107495,0.001552248,0.002872078,0.001458248,0.000852499,0.000562332,0.000328666
344,8.836176,0.02280763,1.167e-06,0.009449734,8.34e-07,0.001153248,0.001411164,0.002455079,0.002309247,0.001176831,0.002190246,0.001160915,0.000662416,0.000506582,0.000330166
345,8.858983,0.02262263,1.333e-06,0.009249152,1e-06,0.001167665,0.001370498,0.002529495,0.00229058,0.001182998,0.00217783,0.001158581,0.000658583,0.000493499,0.000341416
346,8.881606,0.03598869,1.417e-06,0.006350406,8.34e-07,0.002132496,0.002365746,0.01162081,0.003032745,0.001486747,0.002844746,0.001438414,0.000860165,0.003524995,0.000329166
347,8.917595,0.02836145,1.75e-06,0.008533569,1e-06,0.001268498,0.00193058,0.003290411,0.002978329,0.004327243,0.002845495,0.001449331,0.000854916,0.000556332,0.000323999
348,8.945956,0.03032553,1.416e-06,0.009984317,1.25e-06,0.001397748,0.00616524,0.003275411,0.002967496,0.001468664,0.002389163,0.001171581,0.000661832,0.000517333,0.000324083
349,8.976282,0.02535013,1.25e-06,0.007147155,1.083e-06,0.002993079,0.004467742,0.002445746,0.00230133,0.001171998,0.00216858,0.001163915,0.000659665,0.000494499,0.000334083
350,9.001632,0.02191538,1.25e-06,0.008670902,1.084e-06,0.001146831,0.001423748,0.002407662,0.00226833,0.001181832,0.002162079,0.001171498,0.000660666,0.000490416,0.000329083
351,9.023547,0.02270663,1.25e-06,0.009407818,9.17e-07,0.001193498,0.001409831,0.002405829,0.00228333,0.001179831,0.002169414,0.001165831,0.000657332,0.000489166,0.000342583
352,9.046254,0.02349213,1.25e-06,0.01007673,1.25e-06,0.001308581,0.001397248,0.002404663,0.002269663,0.001176498,0.002194413,0.001154581,0.000661916,0.000513332,0.000332
353,9.069746,0.02318305,1.333e-06,0.009518568,1.25e-06,0.001477415,0.001420664,0.002509913,0.002246079,0.001179332,0.002174329,0.001164582,0.000667832,0.000497333,0.000324416
354,9.092929,0.02272646,1.084e-06,0.008992152,1.083e-06,0.001522247,0.001417332,0.002438579,0.002338246,0.001188081,0.002167247,0.001160248,0.000668082,0.000501583,0.000330499
355,9.115655,0.01996822,1e-06,0.008526319,8.34e-07,0.001122915,0.001168831,0.001931497,0.001939747,0.001049165,0.001843663,0.001016665,0.000561333,0.000467999,0.00033825
356,9.135624,0.01978497,1.083e-06,0.008466736,8.34e-07,0.001136748,0.001128748,0.001937664,0.001915747,0.001081748,0.001796164,0.001000415,0.000540749,0.000450916,0.000327416
357,9.155409,0.02010963,1.416e-06,0.00859332,9.16e-07,0.001124915,0.001235248,0.001925497,0.001888164,0.001093998,0.001838414,0.001035331,0.000557833,0.000473999,0.000340583
358,9.175518,0.02364429,1.166e-06,0.01015823,1.167e-06,0.001415081,0.001402164,0.002392996,0.00228208,0.001178664,0.002165247,0.001157081,0.000660583,0.000487332,0.0003425
359,9.199162,0.02572529,1.25e-06,0.009480152,1e-06,0.001340831,0.001402164,0.00240308,0.002251079,0.004005494,0.00217433,0.001159748,0.000660582,0.000499416,0.000346166
360,9.224888,0.02270388,1.5e-06,0.009406651,9.17e-07,0.001175914,0.001402581,0.002401497,0.002317829,0.001189248,0.002168997,0.001156748,0.000659582,0.000495916,0.000326499
361,9.247592,0.02302596,1.084e-06,0.009524651,1.083e-06,0.001373081,0.001402165,0.002396413,0.002242163,0.001237498,0.002186996,0.001171165,0.000661915,0.00049975,0.000327999
362,9.270618,0.02879362,1.167e-06,0.008935985,1e-06,0.001457664,0.005604575,0.002412412,0.002850412,0.001473248,0.002864329,0.001458581,0.000856748,0.000546083,0.000331416
363,9.299411,0.03176862,1.084e-06,0.006317239,7.5e-07,0.001924331,0.002788828,0.01014715,0.002981411,0.001520998,0.002846912,0.001483748,0.000886248,0.000541999,0.000327916
364,9.33118,0.02253321,1.416e-06,0.009002319,1.5e-06,0.001302498,0.001415748,0.002408829,0.002396163,0.001209914,0.002166914,0.001148914,0.000658083,0.000489749,0.000331166
365,9.353713,0.02282005,1.667e-06,0.009296485,1.083e-06,0.001410748,0.001392581,0.002392496,0.002337663,0.001175081,0.002163747,0.001151665,0.000658582,0.000495416,0.000342833
366,9.376533,0.0315177,1.25e-06,0.006335239,6.67e-07,0.002114163,0.00220308,0.009638234,0.002283997,0.001225998,0.00217958,0.003993243,0.000662666,0.000521499,0.000358083
367,9.408051,0.02541704,1.166e-06,0.009280819,9.16e-07,0.001128082,0.001401581,0.002404079,0.002256247,0.001177164,0.005016992,0.001261998,0.000665666,0.000491666,0.000330666
368,9.433468,0.03288245,1.25e-06,0.00631524,9.16e-07,0.002043747,0.002226496,0.01170448,0.003030246,0.001516997,0.002854662,0.001446081,0.000854999,0.000535832,0.0003515
369,9.46635,0.02454388,1.417e-06,0.008994402,1e-06,0.001118915,0.001926663,0.003305078,0.002990328,0.001400165,0.00216783,0.001152581,0.000658832,0.000501166,0.0003255
370,9.490894,0.02956062,1.5e-06,0.009042235,1.5e-06,0.001441498,0.005500158,0.002445246,0.002252829,0.001171415,0.00216158,0.004025327,0.000673165,0.000514499,0.000329666
371,9.520455,0.02531779,1.167e-06,0.009156485,7.5e-07,0.001159998,0.001432914,0.002401996,0.00225133,0.001174748,0.002159913,0.004075244,0.000667165,0.000491583,0.000344499
372,9.545773,0.02470829,1.5e-06,0.008607569,9.17e-07,0.001130831,0.001434415,0.002407246,0.002253996,0.001171915,0.005030325,0.001177498,0.000664916,0.000481416,0.000345749
373,9.570481,0.02286571,1.166e-06,0.009543818,7.5e-07,0.001167165,0.001413331,0.002403163,0.002255913,0.001173081,0.00223808,0.001171581,0.000663499,0.000502666,0.0003315
374,9.593347,0.02593154,1.25e-06,0.009848151,1e-06,0.001157248,0.001427665,0.002414662,0.002257163,0.001166665,0.002187663,0.003975994,0.000665332,0.000500916,0.000327833
375,9.619278,0.02218038,1.583e-06,0.008641903,9.16e-07,0.001148082,0.001428581,0.002599662,0.00226558,0.001180165,0.002165329,0.001251832,0.000661915,0.000492,0.000342832
376,9.641458,0.0309442,1.166e-06,0.009933484,1.167e-06,0.001342081,0.005801741,0.003303327,0.003024412,0.001465998,0.002860662,0.001445331,0.000853748,0.000584083,0.000326999
377,9.672403,0.02221855,1.25e-06,0.008899902,1e-06,0.001142248,0.001407415,0.002477662,0.002262663,0.001178998,0.002177997,0.001162998,0.000665082,0.000512666,0.000328666
378,9.694621,0.0235313,1e-06,0.01005315,9.16e-07,0.001336331,0.001362748,0.00241383,0.002310996,0.001183915,0.002183329,0.001178665,0.000662999,0.000498999,0.000344416
379,9.718153,0.0205948,1.083e-06,0.008921985,1.084e-06,0.001449497,0.001143082,0.00192933,0.001903247,0.001032082,0.001837913,0.001015999,0.000558332,0.000472083,0.000329082
380,9.738747,0.02517629,1.333e-06,0.008960902,8.34e-07,0.00202658,0.001118831,0.00192083,0.002175247,0.001176498,0.002240746,0.001154415,0.000655916,0.003415994,0.000328166
381,9.763924,0.02512104,1.417e-06,0.009052985,9.17e-07,0.001159748,0.001400581,0.002406413,0.002273663,0.001182081,0.002173163,0.001169749,0.003473577,0.000499166,0.000327583
382,9.789045,0.02524013,1.084e-06,0.009084818,1.75e-06,0.001175915,0.001418164,0.002419996,0.002273747,0.001168164,0.002208914,0.003998076,0.000659999,0.000501333,0.000328166
383,9.814285,0.02607387,1.417e-06,0.009877317,9.17e-07,0.001153665,0.001399997,0.00240183,0.002245663,0.001171498,0.00217333,0.003996243,0.000665332,0.000657583,0.000329083
384,9.840359,0.02966128,1.167e-06,0.008935985,1.083e-06,0.001667581,0.002428246,0.003276161,0.005815074,0.001485498,0.002852662,0.001460331,0.000854582,0.000535166,0.000347749
385,9.87002,0.02243288,1.25e-06,0.009150235,8.34e-07,0.001130831,0.001399665,0.002420829,0.002278413,0.001188581,0.002205497,0.001170914,0.000663583,0.000493499,0.000328749
386,9.892453,0.02850604,1.334e-06,0.006344239,8.34e-07,0.00215283,0.001978496,0.009643568,0.00230633,0.001217748,0.002191663,0.001154831,0.000663166,0.000521249,0.000329749
387,9.920959,0.02265146,1.333e-06,0.009029486,1.25e-06,0.001418164,0.001384081,0.00240033,0.002272746,0.001287831,0.002179413,0.001159665,0.000661082,0.000527833,0.000328249
388,9.94361,0.02938453,1.333e-06,0.008998652,1.167e-06,0.001423081,0.005306575,0.002439496,0.002328662,0.001175332,0.00216208,0.001151081,0.000657832,0.003411995,0.000327249
389,9.972995,0.02509179,1.417e-06,0.008966236,1e-06,0.001150081,0.001429248,0.002422162,0.002279913,0.001177165,0.002169997,0.001147331,0.000657582,0.003365412,0.000324249
390,9.998087,0.02569071,1.583e-06,0.009380735,7.5e-07,0.001144081,0.001398831,0.002399497,0.002265162,0.001435081,0.00218108,0.003991994,0.000661665,0.00050025,0.000329999
391,10.02378,0.02550796,1.167e-06,0.009478401,1e-06,0.001166332,0.001388247,0.00240458,0.002250579,0.001176415,0.002173663,0.00400191,0.000661249,0.00047575,0.000328666
392,10.04929,0.03299986,1e-06,0.008518153,1.083e-06,0.002011497,0.005243491,0.006138157,0.002941329,0.001473414,0.003428994,0.001496831,0.000860332,0.000557749,0.000327833
393,10.08229,0.03485069,1.25e-06,0.006352073,1e-06,0.001914164,0.002957912,0.01021182,0.002949079,0.004407159,0.002867829,0.001449498,0.000868498,0.000540999,0.000329417
394,10.11714,0.02499188,1.166e-06,0.008945152,8.34e-07,0.001398164,0.002782579,0.003407578,0.002993995,0.001894163,0.001459498,0.000868582,0.000458583,0.000452832,0.00032875
395,10.14213,0.01890222,1.5e-06,0.008971152,2.167e-06,0.001671747,0.000848082,0.001425331,0.001490665,0.000964081,0.001434498,0.000864999,0.000460082,0.000440749,0.000327167
396,10.16103,0.02781954,1.417e-06,0.006265407,6.66e-07,0.001826581,0.002566829,0.004743825,0.007066239,0.001133498,0.00182883,0.001007999,0.000559332,0.000491916,0.000327
397,10.18885,0.0199168,1.333e-06,0.00854257,9.16e-07,0.001141332,0.001168831,0.001935664,0.001887413,0.001018915,0.001805664,0.001014999,0.000572415,0.000486916,0.000339833
398,10.20877,0.02147613,1.25e-06,0.01017207,1.167e-06,0.001147748,0.001137248,0.001921163,0.001883747,0.001019499,0.00181983,0.001005498,0.000557999,0.000463833,0.000345083
399,10.23024,0.02048663,1.083e-06,0.008982235,1.167e-06,0.001149332,0.001151581,0.00201608,0.001944747,0.001052165,0.00181083,0.001009499,0.000557582,0.000469916,0.000340416
400,10.25073,0.02071355,1.333e-06,0.008599069,1e-06,0.001135915,0.001157748,0.001932914,0.001872413,0.001018499,0.002340746,0.001166665,0.000673082,0.000486999,0.000327166
401,10.27144,0.02521821,1.333e-06,0.009159318,8.34e-07,0.001152915,0.001424247,0.002405413,0.002243746,0.001170915,0.002164247,0.003979826,0.000661583,0.000504416,0.000349416
402,10.29666,0.02873445,1.25e-06,0.009064235,1.167e-06,0.001336998,0.006037323,0.002444663,0.002283246,0.001521664,0.002847496,0.001452914,0.000852915,0.000541583,0.000348999
403,10.3254,0.02975537,1.333e-06,0.009903067,1.084e-06,0.001348747,0.001912247,0.006123324,0.002934662,0.001465914,0.002857995,0.001457498,0.000855582,0.000566832,0.000327083
404,10.35515,0.02226655,1.083e-06,0.008981069,1.25e-06,0.001212915,0.001421748,0.002410496,0.002241746,0.001165165,0.00218008,0.001151248,0.000670249,0.000499249,0.000330249
405,10.37742,0.02184688,1.333e-06,0.00856807,1.166e-06,0.001134332,0.001428747,0.002446663,0.002266663,0.001178081,0.00216908,0.001159248,0.000659666,0.000485916,0.000347916
406,10.39926,0.02322729,1.333e-06,0.009386318,1.167e-06,0.001621664,0.001431164,0.00249758,0.002267829,0.001181498,0.002197913,0.001163415,0.000660666,0.000491249,0.000325499
407,10.42249,0.02072555,1.083e-06,0.009330485,9.17e-07,0.001158248,0.001092415,0.001940163,0.001968747,0.001035082,0.00181333,0.001007415,0.000561083,0.000470166,0.000346416
408,10.44322,0.02746971,1.25e-06,0.006337323,1e-06,0.001830247,0.002654162,0.008182987,0.002446496,0.001184248,0.00217808,0.001162914,0.000660416,0.000487749,0.000342833
409,10.47069,0.02247488,1.25e-06,0.009079152,1.083e-06,0.001257582,0.001413164,0.002445413,0.002270996,0.001184081,0.002195163,0.001158249,0.000660915,0.000480166,0.000327666
410,10.49316,0.02266813,1.083e-06,0.009099652,1.583e-06,0.001458748,0.001396331,0.002398996,0.00225708,0.001175414,0.002238247,0.001159581,0.000659166,0.000494916,0.000327332
411,10.51583,0.0209533,1.334e-06,0.009416401,1.25e-06,0.001398998,0.001131498,0.001948997,0.001878663,0.001020165,0.001792414,0.001017498,0.000551999,0.000476166,0.000317916
412,10.53678,0.02516529,1.334e-06,0.008972735,1.25e-06,0.001434748,0.005121741,0.001942164,0.001869247,0.001085581,0.002169413,0.001145832,0.000677749,0.000498499,0.000245
413,10.56195,0.02087163,1.917e-06,0.006330323,1e-06,0.002391413,0.001300497,0.00242808,0.002325163,0.001223748,0.002185663,0.001184748,0.000665165,0.000494666,0.00033925
414,10.58282,0.02324896,1.166e-06,0.009724151,7.5e-07,0.001247498,0.001400165,0.002475579,0.00229458,0.001209248,0.002200746,0.001174915,0.000667499,0.000515082,0.000337583
415,10.60607,0.02087113,1.5e-06,0.009387484,7.5e-07,0.001198415,0.001110332,0.001931413,0.001944914,0.001043831,0.001829331,0.001035331,0.000567999,0.000492916,0.000326916
416,10.62694,0.0231638,1.083e-06,0.01032415,7.5e-07,0.001327414,0.001120499,0.00192483,0.002325329,0.001182582,0.002248246,0.001199832,0.000674915,0.000505999,0.000328166
417,10.6501,0.02405904,1.167e-06,0.006690072,1.083e-06,0.00240133,0.001395247,0.00240708,0.002265746,0.001176498,0.00218583,0.004028827,0.000669499,0.000493249,0.000343416
418,10.67416,0.02258705,1.167e-06,0.008203653,1.084e-06,0.001794997,0.001596164,0.002420413,0.002276496,0.001177415,0.002185579,0.001336082,0.000770582,0.000499832,0.000323583
419,10.69675,0.0213773,1.25e-06,0.00792582,1e-06,0.001388665,0.001347831,0.002405496,0.002259996,0.001179165,0.002210496,0.001163498,0.000665583,0.000502165,0.000326333
420,10.71813,0.03058753,1.334e-06,0.006138573,1.25e-06,0.001443414,0.002141413,0.009633235,0.002314329,0.001180665,0.002191413,0.004002244,0.000668165,0.000514583,0.000356916
421,10.74871,0.02354096,1.166e-06,0.009507985,8.33e-07,0.001182248,0.001417831,0.00241283,0.002272163,0.001180831,0.002422996,0.001362998,0.000865832,0.000586416,0.000326832
422,10.77226,0.03280428,1.083e-06,0.008868819,9.17e-07,0.001828663,0.005342325,0.00615124,0.003008162,0.001488914,0.002877329,0.001469331,0.000861082,0.000551915,0.0003545
423,10.80506,0.02727146,9.17e-07,0.0100244,7.5e-07,0.001247998,0.00190458,0.003278162,0.002943245,0.001471331,0.002869995,0.001759664,0.000866749,0.000555249,0.000348416
424,10.83233,0.02312438,1.083e-06,0.009712734,1.084e-06,0.001205665,0.001377664,0.002409913,0.002289746,0.001172331,0.002183997,0.001243331,0.000671499,0.000514499,0.000340833
425,10.85546,0.02294221,1.333e-06,0.009505568,8.34e-07,0.001197581,0.001344331,0.002411913,0.00227208,0.001173581,0.002220163,0.001163248,0.000799499,0.000524666,0.000327416
426,10.8784,0.02323388,1.25e-06,0.009495068,1.417e-06,0.001474164,0.001421164,0.00243308,0.002288162,0.001177249,0.002190163,0.001168248,0.000664165,0.000520666,0.000399083
427,10.90163,0.02258888,1.167e-06,0.009166735,7.5e-07,0.001190998,0.001403498,0.002405579,0.002281413,0.001183832,0.002180329,0.001265998,0.000667749,0.000518249,0.000322583
428,10.92422,0.02337488,1.416e-06,0.01005707,7.5e-07,0.001164748,0.001402081,0.002422163,0.002249746,0.001201415,0.002195747,0.001183831,0.000665749,0.000502416,0.000327749
429,10.9476,0.02320638,1.416e-06,0.009622985,7.5e-07,0.001458997,0.001373915,0.002419079,0.002265746,0.001190082,0.002187996,0.001181582,0.000670249,0.000491165,0.000342416
430,10.9708,0.02278221,1.583e-06,0.009390569,1e-06,0.001255998,0.001410664,0.002417579,0.002253913,0.001187665,0.002192496,0.001174915,0.000671249,0.000497583,0.000326999
431,10.99358,0.02151847,1.083e-06,0.01007215,9.17e-07,0.001195665,0.001112415,0.00198933,0.001887497,0.001037415,0.00182383,0.001034832,0.000565165,0.00047575,0.000322416
432,11.0151,0.02457488,9.16e-07,0.009441402,8.33e-07,0.001277998,0.001143915,0.001945913,0.001872747,0.004020327,0.00220908,0.001183831,0.000667832,0.000485,0.000325082
433,11.03968,0.02688512,1.083e-06,0.009536818,8.34e-07,0.001446081,0.004972325,0.002465329,0.002268163,0.001198415,0.002312163,0.001180248,0.000669249,0.000491166,0.000343249
434,11.06656,0.02477354,1.167e-06,0.009510485,6.66e-07,0.001660498,0.004349909,0.001959414,0.00189608,0.001036998,0.001941747,0.001028665,0.000572916,0.000472832,0.000342167
435,11.09134,0.02080163,1.25e-06,0.009214485,7.5e-07,0.001303248,0.001114165,0.001931163,0.001974164,0.001039165,0.001817163,0.001019249,0.000574915,0.000486416,0.0003255
436,11.11214,0.0284762,1.084e-06,0.006093906,9.17e-07,0.002098913,0.002257247,0.009664234,0.002295496,0.001214165,0.002189996,0.001169498,0.000667749,0.000497499,0.0003255
437,11.14061,0.02077338,1.083e-06,0.009292068,7.5e-07,0.001168748,0.001141582,0.001937247,0.001958163,0.001038832,0.00181858,0.001061165,0.000560999,0.000470249,0.000323917
438,11.16139,0.0217583,1.25e-06,0.01033657,8.33e-07,0.001205165,0.001115332,0.001935746,0.001867331,0.001025831,0.001834164,0.001052248,0.000563749,0.000485,0.000335082
439,11.18315,0.02298246,1.084e-06,0.009501068,8.33e-07,0.001316081,0.001397164,0.00240733,0.002241413,0.001180581,0.002186413,0.001225998,0.000695916,0.000503332,0.00032525
440,11.20613,0.02611096,1.083e-06,0.009769484,8.33e-07,0.001174249,0.001352164,0.002408746,0.002371996,0.001178248,0.002173247,0.001166081,0.000662332,0.003511411,0.000341083
441,11.23224,0.02645162,1.167e-06,0.01030432,7.5e-07,0.001182998,0.001410415,0.002402579,0.002241913,0.001171415,0.002176746,0.004048494,0.000673582,0.000512249,0.000325
442,11.25869,0.02584604,1.084e-06,0.009341318,9.16e-07,0.001314415,0.001389248,0.002405579,0.00225733,0.001174831,0.005251658,0.001199332,0.000670165,0.000511166,0.000329
443,11.28454,0.02874029,1.084e-06,0.009392068,1.166e-06,0.001412915,0.005013908,0.002449663,0.002897995,0.001485415,0.002873662,0.001470747,0.000863582,0.000550166,0.000327916
444,11.31328,0.02684029,1e-06,0.009355485,1.5e-06,0.001625747,0.001939247,0.003394328,0.002948828,0.001480415,0.002860162,0.001471081,0.000862498,0.000573083,0.000326916
445,11.34012,0.01948363,1.167e-06,0.007162988,1e-06,0.004190744,0.000734998,0.001421831,0.001512165,0.000902748,0.001451081,0.000871499,0.000460499,0.000448833,0.000324082
446,11.3596,0.02588879,1.083e-06,0.006121407,8.33e-07,0.002118747,0.002010747,0.006980988,0.002566329,0.001215498,0.002194413,0.001178832,0.000667415,0.000509166,0.000323333
447,11.38549,0.02305546,1.5e-06,0.009687484,1e-06,0.001168748,0.001395914,0.002484663,0.002273413,0.001194915,0.002192913,0.001165914,0.000665083,0.000496499,0.000327416
448,11.40855,0.02385513,1.25e-06,0.01050757,8.33e-07,0.001225665,0.001321498,0.002406079,0.00234033,0.001193081,0.002188746,0.001171915,0.000666666,0.000487499,0.000343999
449,11.4324,0.02645046,1.25e-06,0.00612449,9.16e-07,0.004624409,0.005731824,0.001992414,0.001937247,0.00168858,0.001832581,0.001039665,0.000674915,0.000457833,0.000344333
450,11.45885,0.02221621,1.083e-06,0.009197069,9.16e-07,0.001197832,0.001115998,0.002270329,0.002369497,0.001200164,0.002182497,0.001171415,0.000678498,0.000504583,0.000326333
451,11.48107,0.02344396,1.25e-06,0.009275985,1.25e-06,0.001418081,0.001835497,0.002422913,0.002416746,0.001195998,0.002178247,0.001181081,0.000667082,0.000499416,0.000350416
452,11.50451,0.02060205,1.25e-06,0.009100402,9.17e-07,0.001163164,0.001149915,0.00194658,0.001908164,0.001084915,0.00184933,0.001020749,0.000568249,0.000484832,0.000323583
453,11.52511,0.02499488,1.333e-06,0.0102074,1e-06,0.001296915,0.001119664,0.001934247,0.00190008,0.001032332,0.001830247,0.001165665,0.000655916,0.003525077,0.000325
454,11.55011,0.02613062,1.583e-06,0.009847401,1e-06,0.001279164,0.001373248,0.002411413,0.002275996,0.001175498,0.002182497,0.004063076,0.000670249,0.000500166,0.000349333
455,11.57624,0.02290821,1.25e-06,0.009374818,8.33e-07,0.001251915,0.001379247,0.002404497,0.002274413,0.001174998,0.002254663,0.001181998,0.000679415,0.000604666,0.000325499
456,11.59915,0.02633237,1.25e-06,0.01021948,9.16e-07,0.001197165,0.001352498,0.002398663,0.002266246,0.001182831,0.002180497,0.004004243,0.000691999,0.000510666,0.000325916
457,11.62548,0.03012087,1.083e-06,0.006132407,6.66e-07,0.00453566,0.006221823,0.002417996,0.003170911,0.001548998,0.002877662,0.001471831,0.000862915,0.000553582,0.000325333
458,11.6556,0.03034795,1.167e-06,0.009407734,1.417e-06,0.002006997,0.005059158,0.003286328,0.002958912,0.001476748,0.002866662,0.001521914,0.000888832,0.000544665,0.000327417
459,11.68595,0.02376513,1.25e-06,0.009475568,1e-06,0.00163983,0.001403248,0.002405246,0.002290163,0.001181165,0.002171996,0.001159165,0.000661166,0.000508915,0.000866416
460,11.70971,0.02291263,1.334e-06,0.009395234,7.5e-07,0.001295165,0.001390831,0.002408413,0.002255996,0.001182081,0.002182913,0.001152332,0.000663166,0.000494249,0.000490166
461,11.73263,0.02327771,1.25e-06,0.009260734,1.167e-06,0.001431914,0.001751581,0.002420496,0.00227383,0.001176914,0.002173164,0.001167914,0.000766166,0.000503749,0.000348833
462,11.7559,0.02277188,1.167e-06,0.009405901,9.17e-07,0.001198998,0.001386998,0.002413162,0.00228008,0.001224831,0.002173997,0.001157164,0.000662749,0.000524416,0.0003415
463,11.77868,0.0220618,1e-06,0.0105769,7.5e-07,0.001209914,0.001141415,0.00195058,0.001914497,0.001039082,0.001811914,0.001034915,0.000565999,0.000487666,0.000327166
464,11.80074,0.02216171,1e-06,0.009446652,9.16e-07,0.001280915,0.001158165,0.001981663,0.00221658,0.001187415,0.002215163,0.001179581,0.000667916,0.000500916,0.000324832
465,11.8229,0.02319896,1.583e-06,0.009491152,8.33e-07,0.001205415,0.001352831,0.002426996,0.002367163,0.001435831,0.002200329,0.001187665,0.000667832,0.000496083,0.000365249
466,11.8461,0.02615437,1e-06,0.009435901,9.17e-07,0.001290331,0.003161745,0.002418746,0.002322163,0.001443164,0.002866662,0.001459664,0.000860582,0.000541999,0.0003515
467,11.87225,0.02907862,1.5e-06,0.009342235,9.17e-07,0.001157331,0.00192183,0.006142407,0.002932495,0.001487081,0.002891912,0.001477331,0.000863582,0.000534749,0.00032525
468,11.90133,0.03304895,1.167e-06,0.009429734,1.084e-06,0.00200583,0.004957408,0.003286578,0.002962912,0.001478998,0.005713574,0.001482081,0.000860332,0.000546249,0.000322999
469,11.93438,0.02586254,1.083e-06,0.009567151,9.17e-07,0.001341331,0.001408831,0.002428996,0.002243163,0.00400716,0.00219158,0.001171915,0.000675165,0.000499083,0.000326166
470,11.96024,0.0231008,1.417e-06,0.009769234,1.083e-06,0.001194331,0.001351082,0.002407496,0.002329746,0.001198498,0.002183246,0.001173165,0.000669332,0.00049925,0.000322916
471,11.98334,0.0231013,1.25e-06,0.009520818,8.33e-07,0.001308498,0.001421164,0.00242108,0.002325079,0.001197665,0.002222663,0.001172915,0.000669832,0.000514749,0.00032475
472,12.00644,0.02621879,1e-06,0.009719401,7.5e-07,0.001406081,0.001398331,0.002402746,0.002395413,0.004009743,0.00219633,0.001172248,0.000676082,0.000515916,0.000324749
473,12.03266,0.02365646,1.167e-06,0.0103224,1.167e-06,0.001197831,0.001346998,0.002408746,0.002329079,0.001194498,0.002194664,0.001174664,0.000664583,0.000497999,0.000322666
474,12.05632,0.02623662,1.083e-06,0.009822067,8.34e-07,0.001376414,0.001403081,0.00240883,0.005168324,0.001191415,0.002199747,0.001173498,0.000669415,0.000496249,0.000325667
475,12.08256,0.02295688,1.5e-06,0.009609235,6.66e-07,0.001192832,0.001354248,0.002420746,0.002327329,0.001191332,0.002194746,0.001174665,0.000671832,0.000496249,0.0003215
476,12.10551,0.02733821,1e-06,0.009266651,1e-06,0.00212358,0.002852246,0.002413496,0.003093578,0.001483081,0.002890745,0.001469248,0.000863748,0.00055325,0.000326582
477,12.13285,0.03531703,1.166e-06,0.006145907,1e-06,0.004623576,0.007835321,0.003296411,0.003010578,0.001478248,0.005720407,0.001470914,0.000874499,0.000533333,0.000325666
478,12.16817,0.03200353,1.417e-06,0.009562234,1.084e-06,0.001243331,0.007630571,0.003293911,0.002951829,0.001489664,0.002881745,0.001459581,0.000671332,0.000491583,0.000325249
479,12.20017,0.02267671,1.083e-06,0.009298485,7.5e-07,0.001181581,0.001423081,0.00242558,0.002279413,0.001201664,0.00219283,0.001178915,0.000667999,0.000499499,0.000325833
480,12.22285,0.02830854,1.5e-06,0.009402401,1.083e-06,0.001274582,0.006830738,0.002412747,0.002255329,0.001202832,0.002215829,0.001183165,0.000689832,0.000510499,0.000328
481,12.25116,0.02285688,1.166e-06,0.009498985,9.17e-07,0.001174248,0.001399497,0.00240383,0.002260996,0.001181498,0.002188747,0.001163081,0.000663082,0.000505333,0.000415499
482,12.27401,0.02316088,1.25e-06,0.009728734,1.083e-06,0.001305998,0.001392498,0.002425329,0.002240414,0.001173748,0.002214496,0.001190665,0.000663582,0.000502499,0.000320583
483,12.29717,0.02683179,1.084e-06,0.009458734,9.17e-07,0.001454081,0.004952408,0.002419163,0.002264746,0.001304415,0.002186663,0.001156082,0.000799332,0.000492082,0.000342083
484,12.32401,0.02319355,1e-06,0.009737901,1e-06,0.001255248,0.001392914,0.002407496,0.002256413,0.001306165,0.002187246,0.001157082,0.000660165,0.000505916,0.000325
485,12.3472,0.0221803,1.25e-06,0.008846652,9.17e-07,0.001181748,0.001420414,0.00241408,0.002262246,0.001211248,0.002194663,0.001152332,0.000665332,0.000505749,0.000323666
486,12.36938,0.03340778,1e-06,0.009987483,1e-06,0.001342331,0.005589991,0.003012079,0.002969662,0.001474414,0.002867912,0.004403993,0.000868415,0.000567416,0.000322082
487,12.40279,0.03092528,1.083e-06,0.006120074,9.17e-07,0.001711247,0.00217058,0.01036173,0.002977995,0.001486497,0.002890579,0.001466664,0.000871249,0.000545499,0.000321166
488,12.43371,0.02371855,1.334e-06,0.01036248,1e-06,0.001189831,0.001356165,0.002408246,0.002259996,0.001277748,0.00218633,0.001165665,0.000672332,0.000510832,0.000326583
489,12.45743,0.02343071,1.25e-06,0.009538985,1e-06,0.001434998,0.00172208,0.002419663,0.002264246,0.001176748,0.002197413,0.001174665,0.000667499,0.000505249,0.000326916
490,12.48086,0.02095305,1e-06,0.009427818,6.66e-07,0.001324748,0.001093415,0.001934164,0.001903497,0.001042665,0.001809663,0.001021582,0.000580999,0.000476833,0.000335999
491,12.50182,0.02266613,1.083e-06,0.01010515,9.17e-07,0.001198998,0.001073498,0.00193533,0.002287497,0.001205414,0.00218383,0.001168915,0.000670582,0.000510999,0.000323916
492,12.52448,0.02332671,1.084e-06,0.009715984,8.33e-07,0.001432581,0.001371748,0.002409163,0.002342662,0.001197165,0.002179913,0.001166582,0.000666499,0.000504332,0.000338166
493,12.54781,0.02742087,1.083e-06,0.0103264,8.33e-07,0.001206915,0.001354081,0.002408246,0.002247413,0.004002327,0.002644246,0.001465914,0.000865499,0.000550332,0.000347583
494,12.57523,0.02938862,1e-06,0.009352901,1e-06,0.001436081,0.001919914,0.006139823,0.002979079,0.001487581,0.002864328,0.001461581,0.000864832,0.000557249,0.00032325
495,12.60462,0.02266621,1.084e-06,0.009429151,9.17e-07,0.001190414,0.001349082,0.002423662,0.002256663,0.001177915,0.002197913,0.001154915,0.000661832,0.000497999,0.000324666
496,12.62728,0.02298163,1.5e-06,0.009484318,1e-06,0.001351248,0.001421831,0.00243458,0.002264413,0.001182248,0.002165079,0.001165249,0.000660832,0.000525249,0.000324083
497,12.65027,0.0208888,1.084e-06,0.009193401,1.084e-06,0.001401914,0.001140832,0.00194183,0.001920997,0.001050165,0.001837747,0.001026998,0.000564416,0.000482749,0.000325583
498,12.67115,0.02304538,1e-06,0.01028982,8.34e-07,0.001207414,0.001129915,0.00193383,0.002298413,0.001194582,0.002285829,0.001184498,0.000666916,0.000510083,0.000342249
499,12.6942,0,0,0,0,0,0,0,0,0,0,0,0,0,0

Averages:
0.0253884,1.275138e-06,0.009139581,1.006336e-06,0.001503651,0.002134059,0.002949462,0.002549972,0.001536475,0.002366556,0.001487693,0.0008036845,0.0005797391,0.0003352461
