OpenCV version: 2.4
Usage: 7-SobelDerivatives <input-number> [<samples>]
input-number - is the video device number. Defaults to zero. E.g. for /dev/video2 just use '2' as argument.
samples - number of samples before application ends. Defaults to 1000; zero means infinite.
sample_number,elapsed_time,frame,mat_alloc,read_img,convert_color,gaussian_blur,sobel,convert_scale,sobel2,conver_scale2,add_weighted,show_img
0,0,0.02893662,1.6167e-05,0.006994405,0.004497576,0.008561403,0.000979498,0.002543413,0.000919748,0.002556329,0.000621083,0.001246997
1,0.02893662,0.02218963,1e-06,0.006761323,0.000439582,0.008314154,0.000514832,0.002288163,0.000536832,0.002273663,0.000580333,0.000479749
2,0.05112625,0.03330511,2.334e-06,0.01425081,0.000929332,0.01064657,0.000496666,0.002804578,0.0005585,0.002485329,0.000600082,0.000530916
3,0.08443136,0.02404505,1.167e-06,0.007302488,0.000472833,0.008808652,0.000512833,0.002916828,0.000651749,0.002475496,0.000579832,0.000323167
4,0.1084764,0.02175172,1.75e-06,0.006478406,0.000515166,0.008459653,0.000396749,0.00225958,0.000419749,0.002264913,0.000586916,0.000368833
5,0.1302281,0.02165397,1.334e-06,0.006341073,0.000491082,0.00854632,0.000405999,0.002261746,0.000448583,0.002236996,0.000574249,0.000346583
6,0.1518821,0.02172221,1.667e-06,0.006464656,0.000559832,0.00864582,0.000320082,0.00223783,0.000348416,0.002246247,0.000575665,0.000322
7,0.1736043,0.02223846,1.25e-06,0.006908739,0.000414666,0.008703486,0.000421082,0.002291496,0.000358667,0.002238163,0.000585165,0.00031575
8,0.1958428,0.02375113,1.167e-06,0.008636903,0.000446999,0.008495653,0.000319083,0.002236496,0.000355833,0.002250246,0.000681166,0.000327582
9,0.2195939,0.0223793,1.25e-06,0.007140739,0.000499582,0.00863807,0.000329249,0.002232246,0.000349583,0.002292997,0.000575999,0.000319582
10,0.2419732,0.02471329,1.167e-06,0.009264818,0.000818499,0.008427569,0.00031875,0.002378913,0.000366499,0.00223658,0.000574166,0.000326332
11,0.2666865,0.0292542,1.167e-06,0.008815652,0.002728246,0.008643986,0.000328582,0.005067575,0.000518083,0.002248413,0.000574749,0.000327749
12,0.2959407,0.02542029,1.167e-06,0.009236568,0.00184558,0.008114237,0.000312666,0.00241708,0.000356832,0.00223808,0.000585666,0.000312416
13,0.321361,0.02750462,1.083e-06,0.009023986,0.001110748,0.008694152,0.000330083,0.002235246,0.000349583,0.002240663,0.003156912,0.000362166
14,0.3488656,0.02793387,1.333e-06,0.008982985,0.001285332,0.008394986,0.000327916,0.002235413,0.000349499,0.002315913,0.002665496,0.001374998
15,0.3767995,0.02566687,1.083e-06,0.006564656,0.001368665,0.01147298,0.000358416,0.00224308,0.000384749,0.00224858,0.000577249,0.000447416
16,0.4024663,0.02634796,1.25e-06,0.006630073,0.000960332,0.008086653,0.00031675,0.006685155,0.000410583,0.002363663,0.000578082,0.000315416
17,0.4288143,0.02601612,1.083e-06,0.01009573,0.001373414,0.008491903,0.000320416,0.002238913,0.000361333,0.002235246,0.000586166,0.000311916
18,0.4548304,0.02488513,1.25e-06,0.008621736,0.001414248,0.008692402,0.0003295,0.002342829,0.000353667,0.002243163,0.000574082,0.000312249
19,0.4797156,0.02447238,1.417e-06,0.008730986,0.001306248,0.008268403,0.000327416,0.002236413,0.00035325,0.002236913,0.000583832,0.000427499
20,0.5041879,0.02464413,1e-06,0.009222152,0.000832749,0.008514069,0.000328999,0.002237247,0.000351166,0.002247413,0.000593832,0.0003155
21,0.5288321,0.02443813,1.334e-06,0.008701402,0.001294415,0.008271153,0.000333249,0.002231747,0.000355249,0.002357913,0.000577416,0.000314249
22,0.5532702,0.02478788,1e-06,0.009366735,0.000824749,0.008392319,0.00032075,0.002359246,0.000385999,0.002240413,0.000583583,0.000313083
23,0.5780581,0.02502271,1.084e-06,0.009183818,0.001264248,0.00852682,0.000328916,0.002236163,0.000348749,0.002238997,0.000584582,0.000309333
24,0.6030808,0.02486529,1e-06,0.008847736,0.001195581,0.008636486,0.000317,0.002234913,0.000387416,0.002339663,0.000588499,0.000316999
25,0.6279461,0.02523071,1.083e-06,0.009180235,0.001706997,0.008089987,0.000313083,0.002442163,0.000357833,0.002243913,0.000582499,0.000312916
26,0.6531768,0.02470613,1.334e-06,0.008627236,0.001403664,0.008239653,0.000315583,0.002628496,0.000354999,0.00224233,0.000582416,0.000310416
27,0.6778829,0.02535704,1.25e-06,0.009566651,0.001271581,0.008136987,0.00035275,0.002535912,0.00035425,0.002237996,0.000585332,0.000314333
28,0.7032399,0.02445863,1.25e-06,0.008575819,0.001290582,0.008373819,0.000327416,0.002237997,0.000351999,0.002398413,0.000575582,0.00032575
29,0.7276986,0.02456488,1e-06,0.008769402,0.001280415,0.008348986,0.000317083,0.002235663,0.000478666,0.002232663,0.000575832,0.000325166
30,0.7522634,0.02490804,1.167e-06,0.009240401,0.001225998,0.008377653,0.000321917,0.002241913,0.000356166,0.002236913,0.000593999,0.000311916
31,0.7771715,0.02477371,1.083e-06,0.008695403,0.001365247,0.008608236,0.000319333,0.002240663,0.000362083,0.002280246,0.000587749,0.000313666
32,0.8019452,0.02558288,1.416e-06,0.009477985,0.001309831,0.008228153,0.0003215,0.002245913,0.000368749,0.002729496,0.000586832,0.000313
33,0.8275281,0.02499588,1e-06,0.009131402,0.001255748,0.00831307,0.000383166,0.002358329,0.000389666,0.002262997,0.000574832,0.000325666
34,0.8525239,0.02458788,1.333e-06,0.008741153,0.001389581,0.008082487,0.000349916,0.00223283,0.000483415,0.002403746,0.000575333,0.000328083
35,0.8771118,0.02530696,1.167e-06,0.009452234,0.001289165,0.00829232,0.000377416,0.002388162,0.000376167,0.002236746,0.000583666,0.000309916
36,0.9024188,0.02473163,9.17e-07,0.008798235,0.001338665,0.00822432,0.000337333,0.002364079,0.000377249,0.00239333,0.000583999,0.000313499
37,0.9271504,0.02578429,1.083e-06,0.009474568,0.001225165,0.008789819,0.000387416,0.002359746,0.000378916,0.00226883,0.000574749,0.000323999
38,0.9529347,0.02452613,1.333e-06,0.008784486,0.001230081,0.008387153,0.000352249,0.002232497,0.000370666,0.002239496,0.000614666,0.000313499
39,0.9774608,0.02565662,9.17e-07,0.009043069,0.001337498,0.009042318,0.000342916,0.00223683,0.000382166,0.002268996,0.000587833,0.000414082
40,1.003117,0.02505721,1.583e-06,0.009348318,0.001249165,0.008223653,0.000337666,0.00225308,0.000374083,0.002372329,0.000583082,0.00031425
41,1.028175,0.03012762,1.417e-06,0.008648569,0.001899997,0.008925236,0.000338916,0.006739322,0.000391499,0.002245663,0.000585333,0.000351666
42,1.058302,0.02772337,9.16e-07,0.007514738,0.001342248,0.01228273,0.000413916,0.002499246,0.000385583,0.002383912,0.000587666,0.000312416
43,1.086026,0.02665437,1.5e-06,0.006401323,0.004599076,0.009371901,0.000340083,0.002245413,0.000381999,0.002414579,0.000583583,0.000314916
44,1.11268,0.02882937,1e-06,0.009772484,0.001075915,0.008226403,0.00033925,0.002255246,0.000370833,0.005828324,0.000593915,0.000366
45,1.141509,0.03087662,1.083e-06,0.01135632,0.001386914,0.00822532,0.000339333,0.005807657,0.000426583,0.002300163,0.000587999,0.000445249
46,1.172386,0.02447038,1e-06,0.00865857,0.001345831,0.008221486,0.000349083,0.00234008,0.000412666,0.002239496,0.000574999,0.000327166
47,1.196856,0.02567096,1.167e-06,0.009688901,0.001256998,0.00829357,0.000371082,0.002381496,0.000384417,0.002237579,0.000701416,0.000354332
48,1.222527,0.02566321,1.333e-06,0.009205068,0.000987999,0.009119401,0.000334417,0.002432079,0.000384499,0.002268913,0.000612916,0.000316583
49,1.248191,0.02437763,1e-06,0.008638986,0.001267248,0.008380237,0.000337082,0.00223933,0.000382166,0.002237246,0.000584833,0.000309499
50,1.272568,0.02511138,1.167e-06,0.009315484,0.001305915,0.00830457,0.000339583,0.002336746,0.000372249,0.002240413,0.000583749,0.0003115
51,1.29768,0.02485213,9.17e-07,0.008607152,0.001253248,0.008712236,0.000337416,0.002237997,0.000380916,0.002327746,0.000667749,0.000326749
52,1.322532,0.02445538,1.584e-06,0.008865985,0.001221415,0.008236903,0.000345999,0.002237414,0.000371166,0.002282413,0.000575915,0.000316583
53,1.346987,0.02501154,1.334e-06,0.009116818,0.001374831,0.008250487,0.000336666,0.002235496,0.000383833,0.002327913,0.000660832,0.000323333
54,1.371999,0.02496888,1.334e-06,0.008761985,0.001323332,0.008690902,0.000343166,0.00234033,0.000370832,0.002243413,0.000582333,0.000311249
55,1.396967,0.02506463,1.166e-06,0.009255152,0.001261998,0.008441736,0.000338916,0.00223833,0.000385249,0.002236497,0.000591999,0.000313583
56,1.422032,0.02462779,1.25e-06,0.008772985,0.001262165,0.008194403,0.000349916,0.002377413,0.000483666,0.002281913,0.000575666,0.000328416
57,1.44666,0.02529596,1e-06,0.009466651,0.001252581,0.008283903,0.000386333,0.002371996,0.000391916,0.00224133,0.000575832,0.000324417
58,1.471956,0.02438879,1.5e-06,0.008674319,0.001233748,0.00834232,0.000347333,0.00227833,0.000379082,0.002237663,0.000583166,0.000311333
59,1.496345,0.02489854,1.083e-06,0.008885319,0.001380498,0.008488486,0.000356083,0.002262913,0.000395332,0.002244913,0.000574249,0.000309667
60,1.521243,0.02496754,1.083e-06,0.009279735,0.001357998,0.00804557,0.000362083,0.002266246,0.000400166,0.002350913,0.000576749,0.000327
61,1.546211,0.02457379,1e-06,0.008643153,0.001316331,0.008335403,0.000352333,0.002323746,0.000377999,0.002325413,0.000585666,0.00031275
62,1.570785,0.02666579,1.083e-06,0.0100454,0.001734247,0.008733486,0.000347416,0.002241079,0.000397416,0.002232997,0.000575582,0.000357083
63,1.59745,0.02921754,1.084e-06,0.009269401,0.001869414,0.008285153,0.000470249,0.004513243,0.000603332,0.003263745,0.000578582,0.000363333
64,1.626668,0.02493629,9.17e-07,0.006616655,0.001225332,0.0108234,0.000351583,0.002382912,0.000393083,0.002239163,0.000584249,0.000319
65,1.651604,0.02487171,1.083e-06,0.006337907,0.001249164,0.01098457,0.000517832,0.00224208,0.000388416,0.00225183,0.000585915,0.000312917
66,1.676476,0.02499129,1.083e-06,0.006652489,0.001218998,0.01067565,0.000348499,0.00242308,0.000382832,0.002384913,0.000586749,0.000317
67,1.701467,0.02657604,1.25e-06,0.007966571,0.001419497,0.008175154,0.000345083,0.004932492,0.000402999,0.002402413,0.000579332,0.000351249
68,1.728043,0.02507063,1.583e-06,0.00654524,0.001237498,0.01094882,0.0003775,0.002272413,0.000382916,0.002397746,0.000576582,0.000330333
69,1.753114,0.02549462,1.833e-06,0.006628322,0.001687664,0.008059987,0.000344666,0.004878992,0.000421083,0.002394996,0.000629332,0.00044775
70,1.778608,0.02877304,1.334e-06,0.009609151,0.001242498,0.00822382,0.000357499,0.002649829,0.000394416,0.005465075,0.000586999,0.000242416
71,1.807381,0.02511246,1e-06,0.006472239,0.001775331,0.01047765,0.000430165,0.002235997,0.000382749,0.00243258,0.000577582,0.000327166
72,1.832494,0.02547179,1.084e-06,0.009418401,0.001260498,0.008687319,0.00034775,0.002244996,0.000381749,0.002234997,0.000581999,0.000312999
73,1.857966,0.02442638,1.167e-06,0.008694903,0.001228414,0.008223904,0.000344416,0.002419246,0.000382082,0.002236247,0.000584332,0.000311666
74,1.882392,0.02490513,1.25e-06,0.009031152,0.001394165,0.008351153,0.000355249,0.002241996,0.0003815,0.002244163,0.000576082,0.000328416
75,1.907297,0.02485738,1.167e-06,0.009146485,0.001234831,0.008357403,0.000353666,0.002236163,0.00038025,0.002243579,0.000574083,0.000329749
76,1.932155,0.02458596,9.16e-07,0.00863832,0.001316247,0.00835482,0.000347,0.002239163,0.000396332,0.002388663,0.000588166,0.000316333
77,1.956741,0.02533971,1.167e-06,0.009503068,0.001261498,0.008340986,0.00036325,0.002232413,0.000379749,0.002354413,0.000577082,0.000326083
78,1.98208,0.02543354,1.083e-06,0.009140486,0.001267414,0.008771653,0.000358832,0.002235497,0.000380249,0.002280663,0.000577499,0.000420166
79,2.007514,0.02507838,1e-06,0.009568651,0.001155832,0.008252237,0.000345916,0.002239663,0.000388332,0.002233247,0.000584999,0.000308499
80,2.032592,0.02496063,1e-06,0.009202985,0.001256498,0.008393236,0.000346833,0.002235747,0.000383082,0.002239663,0.000574999,0.000326583
81,2.057553,0.02449546,1.334e-06,0.008655985,0.001406998,0.008057487,0.0003445,0.002392246,0.000384249,0.002343913,0.000588832,0.000319916
82,2.082048,0.02533429,1.083e-06,0.009484985,0.001271664,0.008253487,0.000427916,0.002365329,0.000383416,0.00224008,0.000591416,0.000314916
83,2.107383,0.02523154,1.167e-06,0.009370234,0.001314665,0.008313153,0.000354749,0.002236247,0.000379583,0.002358829,0.000577499,0.000325416
84,2.132614,0.02435404,8.33e-07,0.00859457,0.001296331,0.008355153,0.000348166,0.00223858,0.000379582,0.002243497,0.000575499,0.000321833
85,2.156968,0.02501379,9.17e-07,0.009141151,0.000973499,0.008765652,0.000357333,0.00226008,0.000383832,0.00224733,0.000573916,0.000310083
86,2.181982,0.02440213,1.083e-06,0.009007986,0.000804415,0.008218737,0.000340166,0.00223733,0.000391666,0.002324329,0.000749166,0.000327249
87,2.206384,0.02521229,9.16e-07,0.009450485,0.001269831,0.008346403,0.000342833,0.002245663,0.000389999,0.002261663,0.000589333,0.000315166
88,2.231596,0.02452363,9.17e-07,0.008798986,0.001219081,0.008358236,0.000351833,0.00223358,0.000384499,0.002242663,0.000576416,0.000357416
89,2.25612,0.02468596,1.417e-06,0.008695986,0.001216081,0.008667236,0.000349166,0.002234746,0.000382083,0.00224133,0.000573332,0.000324583
90,2.280806,0.02503329,1.084e-06,0.009123401,0.001421331,0.00834432,0.000345166,0.00224058,0.000389083,0.002266996,0.000588749,0.000312583
91,2.305839,0.02453588,1e-06,0.008695403,0.001404164,0.00817357,0.00035125,0.002266746,0.000380749,0.00235883,0.000576082,0.000328083
92,2.330375,0.02552029,1.334e-06,0.009333401,0.001258665,0.008645319,0.000350083,0.002237246,0.000391666,0.002395663,0.000590749,0.000316166
93,2.355895,0.02506654,1.166e-06,0.009314652,0.001265998,0.008220236,0.000354666,0.002236497,0.000381499,0.002280246,0.000680833,0.000330749
94,2.380962,0.02472604,1e-06,0.008969652,0.001252748,0.008259903,0.000344333,0.002241663,0.000382666,0.002373996,0.000585166,0.000314916
95,2.405688,0.02485088,1e-06,0.008814069,0.000936998,0.008856569,0.00034425,0.00223858,0.000522749,0.002236829,0.000575999,0.000323833
96,2.430539,0.02452504,9.17e-07,0.008704819,0.001494247,0.008226487,0.000354166,0.00223283,0.000381999,0.002242747,0.000577165,0.000309666
97,2.455064,0.02528162,1e-06,0.009379151,0.001296915,0.008334403,0.000347833,0.002241246,0.000379499,0.002400496,0.000585666,0.000315416
98,2.480346,0.02471346,9.17e-07,0.008942819,0.001176664,0.008360237,0.000344499,0.002240413,0.000391833,0.002348996,0.000590916,0.000316166
99,2.505059,0.02441513,1e-06,0.008574486,0.001281915,0.008346819,0.00034275,0.002272663,0.000384832,0.002239163,0.000664916,0.000306583
100,2.529474,0.02464821,1.25e-06,0.008949236,0.001223248,0.008244736,0.000344083,0.002270163,0.000488499,0.002240413,0.000582749,0.000303833
101,2.554122,0.02476771,1.416e-06,0.008835736,0.001582914,0.00821607,0.000362499,0.002261913,0.00038175,0.002241163,0.000575665,0.000308583
102,2.57889,0.02534804,1.167e-06,0.009460818,0.001289748,0.008220653,0.000358083,0.002371413,0.000389666,0.002352079,0.000576999,0.000327416
103,2.604238,0.02490863,1.333e-06,0.009024152,0.000964165,0.008818569,0.000345833,0.002242246,0.000383666,0.002233413,0.000584416,0.000310833
104,2.629147,0.02533929,1.25e-06,0.009416818,0.001259165,0.008254319,0.000351667,0.002237496,0.000397499,0.002339413,0.000684249,0.000397416
105,2.654486,0.02541679,1e-06,0.009557734,0.001270665,0.008474903,0.000344499,0.002237747,0.000387332,0.002245413,0.000586499,0.000311
106,2.679903,0.02433321,1e-06,0.008588486,0.001431164,0.00820107,0.000343917,0.002237163,0.000395832,0.00223733,0.000585166,0.000312083
107,2.704236,0.02551554,1.25e-06,0.009448902,0.000955248,0.008791986,0.000346083,0.002419579,0.000395833,0.002256329,0.000586583,0.000313749
108,2.729752,0.02508921,9.16e-07,0.00860407,0.00160883,0.00867832,0.000346666,0.002236496,0.000393499,0.00223683,0.000592666,0.000390916
109,2.754841,0.02476196,1.333e-06,0.008888486,0.001326248,0.008196986,0.000408666,0.00241483,0.000386916,0.002239079,0.000583666,0.00031575
110,2.779603,0.02544262,1e-06,0.009252069,0.001246247,0.008722486,0.00034425,0.002240329,0.000382166,0.002354163,0.000585083,0.000314832
111,2.805045,0.02443238,1.083e-06,0.008684403,0.001384331,0.008214237,0.000343499,0.002236913,0.000391249,0.002273497,0.000587499,0.000315666
112,2.829478,0.02503846,1.083e-06,0.009262985,0.001423164,0.008235237,0.000345499,0.002237497,0.000399999,0.002235747,0.000577499,0.000319749
113,2.854516,0.02473946,1e-06,0.008806485,0.000912749,0.008416569,0.000342666,0.00223533,0.0003915,0.002234079,0.001083082,0.000315999
114,2.879256,0.02459379,1.166e-06,0.008656153,0.000935498,0.008895569,0.000361083,0.002233746,0.000379833,0.002236747,0.000581999,0.000311999
115,2.903849,0.02508129,1.333e-06,0.009183152,0.001285081,0.00846657,0.000344083,0.002239746,0.000390749,0.002270497,0.000585332,0.000314749
116,2.928931,0.02463096,1.167e-06,0.008653736,0.001248581,0.008117904,0.000392416,0.002514662,0.000390166,0.00240883,0.000577582,0.000325916
117,2.953562,0.02555104,1.25e-06,0.009642401,0.001289331,0.008462487,0.000345582,0.002235997,0.000386999,0.002284913,0.000586666,0.000315416
118,2.979113,0.02453646,1.084e-06,0.008729485,0.001288665,0.008212903,0.000346666,0.002253913,0.000383583,0.00234433,0.000587832,0.000387999
119,3.003649,0.02462221,1.333e-06,0.008725153,0.001271581,0.008466986,0.000342833,0.002265413,0.000384,0.002244579,0.000607916,0.000312416
120,3.028271,0.02529563,1.167e-06,0.009328651,0.000952915,0.00857982,0.000343749,0.002234413,0.000463833,0.002481579,0.000592166,0.000317333
121,3.053567,0.02465788,1.167e-06,0.008815485,0.001265248,0.008468403,0.000357416,0.00223608,0.000376583,0.002246829,0.000576083,0.000314583
122,3.078225,0.02546687,1.083e-06,0.009677151,0.001255498,0.00814257,0.000385666,0.00236733,0.000401082,0.002233913,0.000574166,0.000428416
123,3.103692,0.02497279,1.333e-06,0.009414401,0.001250165,0.00808757,0.000343,0.002238079,0.000395,0.002234996,0.000696249,0.000311999
124,3.128665,0.02496713,1e-06,0.009156068,0.001200832,0.008388236,0.000347166,0.00224308,0.000384416,0.002348163,0.000587166,0.000310999
125,3.153632,0.02549229,9.17e-07,0.009233652,0.001223664,0.008574653,0.000356416,0.002415663,0.000397583,0.002388246,0.000585249,0.000316249
126,3.179124,0.02447688,1.083e-06,0.00864407,0.001263498,0.008285486,0.000387916,0.002367496,0.0003955,0.002233746,0.000576082,0.000322
127,3.203601,0.02556879,1.166e-06,0.009743068,0.001283665,0.008211153,0.000344083,0.002415162,0.000419083,0.002250913,0.000574499,0.000326
128,3.22917,0.02474538,1.083e-06,0.008608486,0.001254415,0.00837857,0.000362832,0.002610913,0.000395499,0.002235747,0.000574999,0.000322832
129,3.253915,0.02443254,1.25e-06,0.008630403,0.001318997,0.00835082,0.000345916,0.002266747,0.000381749,0.002239663,0.000584916,0.000312082
130,3.278348,0.02580662,1e-06,0.009987817,0.001366331,0.008266653,0.000426166,0.00223533,0.000382499,0.002251996,0.000574499,0.000314333
131,3.304154,0.02461104,1.167e-06,0.008778736,0.001396998,0.008191986,0.000342833,0.00233708,0.000394249,0.002270413,0.000585999,0.000311583
132,3.328765,0.02550388,6.67e-07,0.009539818,0.001255498,0.008278986,0.000385833,0.002363996,0.000395666,0.00238433,0.000585332,0.00031375
133,3.354269,0.02534387,1.083e-06,0.009451735,0.001318581,0.008299153,0.000346333,0.002335163,0.000399832,0.002289997,0.000577582,0.000324416
134,3.379613,0.02483479,1e-06,0.008646652,0.001289998,0.008613736,0.000349249,0.002237747,0.000388332,0.002394247,0.000589665,0.000324166
135,3.404448,0.02557846,9.16e-07,0.009359402,0.001374164,0.008550736,0.000346166,0.002418746,0.000383916,0.002245163,0.000585999,0.00031325
136,3.430026,0.02457763,1.083e-06,0.008639319,0.001314665,0.008346153,0.000345166,0.00224233,0.000382666,0.002396913,0.000591665,0.000317667
137,3.454604,0.02566654,8.34e-07,0.009811567,0.001303831,0.008311403,0.00036675,0.002236496,0.000381666,0.00235083,0.000576165,0.000327
138,3.48027,0.02537246,1.083e-06,0.009170985,0.001215582,0.008707986,0.000356832,0.002233997,0.000381666,0.002272913,0.000656665,0.00037475
139,3.505643,0.02512521,1e-06,0.008867569,0.001563164,0.008562402,0.000346167,0.002271996,0.000383333,0.002236746,0.000585249,0.000307583
140,3.530768,0.02522504,1.25e-06,0.009292069,0.001408997,0.008135237,0.000356416,0.002238746,0.00038025,0.002405413,0.000576832,0.000429833
141,3.555993,0.02487363,1.084e-06,0.008847652,0.001244665,0.00807857,0.000347749,0.002816746,0.000396916,0.002245663,0.000582915,0.000311666
142,3.580867,0.02527788,1e-06,0.009401735,0.001290498,0.008472319,0.00034675,0.002242913,0.000382916,0.00223958,0.000586749,0.000313416
143,3.606145,0.02485954,1.334e-06,0.009095735,0.001279248,0.008364736,0.000357666,0.002231413,0.00038375,0.002244996,0.000585832,0.000314833
144,3.631004,0.02480129,1.166e-06,0.008737569,0.001287665,0.008280986,0.000531166,0.00223733,0.000383499,0.002287913,0.000720832,0.000333167
145,3.655805,0.02515296,9.17e-07,0.009427485,0.001285081,0.00820857,0.000346499,0.00224583,0.000385333,0.002244163,0.000694082,0.000314999
146,3.680958,0.02559854,1.333e-06,0.008758236,0.001600081,0.009060568,0.000352333,0.002315246,0.000380416,0.00223708,0.000580166,0.000313082
147,3.706557,0.02529579,1.083e-06,0.009563735,0.000949415,0.008552652,0.000362083,0.002239747,0.000378999,0.002243246,0.000691749,0.000313083
148,3.731853,0.02468471,1.167e-06,0.008987568,0.001297665,0.00815807,0.000356833,0.002258996,0.000383999,0.002351913,0.000576249,0.00031225
149,3.756537,0.02489213,1e-06,0.008922235,0.001221332,0.008508986,0.000356916,0.002354996,0.000383249,0.00224508,0.000574249,0.000324083
150,3.78143,0.02498496,1.25e-06,0.009227152,0.001417414,0.008227904,0.000346916,0.002238579,0.0003915,0.002236163,0.000575165,0.000322917
151,3.806415,0.02450454,1.25e-06,0.008636986,0.001546498,0.00806357,0.000346499,0.00238958,0.000386166,0.002237413,0.000585416,0.000311166
152,3.830919,0.02544529,1e-06,0.009666818,0.001298748,0.00809782,0.000378166,0.002373663,0.000493916,0.002239329,0.000581833,0.000313999
153,3.856364,0.02574737,1.25e-06,0.009106235,0.001240081,0.009128569,0.000346333,0.002404829,0.000385166,0.00223858,0.000584832,0.0003115
154,3.882112,0.02508054,1.25e-06,0.008900653,0.001193998,0.008699569,0.000353416,0.002395329,0.000386833,0.002249996,0.000574333,0.000325166
155,3.907192,0.02518088,1.083e-06,0.009339652,0.001277998,0.008335653,0.000358916,0.002246163,0.000382666,0.00223883,0.000687832,0.000312083
156,3.932373,0.02581154,1.167e-06,0.009484068,0.001300998,0.008883319,0.000348249,0.00223733,0.000392416,0.002239079,0.000574833,0.000350083
157,3.958185,0.02516846,1.084e-06,0.009411401,0.001231665,0.00823732,0.000355082,0.002238413,0.0003825,0.002404413,0.000578915,0.000327666
158,3.983353,0.02483763,1.416e-06,0.00868682,0.00180483,0.00806907,0.000346416,0.00231408,0.000478916,0.002239413,0.000584165,0.0003125
159,4.008191,0.02460229,1.167e-06,0.008761902,0.001430665,0.008194403,0.000346166,0.002236496,0.0004925,0.002242413,0.000585749,0.000310833
160,4.032793,0.02530004,1e-06,0.009316401,0.000940249,0.008617069,0.0003835,0.002365496,0.000393582,0.002388913,0.000583916,0.000309916
161,4.058093,0.02453063,1e-06,0.008648736,0.001395331,0.00819157,0.000359416,0.002413246,0.000386666,0.00225008,0.000573749,0.000310833
162,4.082624,0.02552454,9.17e-07,0.009390151,0.001334831,0.008693986,0.000345749,0.00223833,0.00038975,0.002235746,0.000583832,0.00031125
163,4.108148,0.02443354,1.417e-06,0.008707319,0.001316081,0.008259904,0.000360666,0.002236996,0.000380916,0.00228058,0.000575665,0.000314
164,4.132582,0.02457513,1.25e-06,0.008681736,0.001473248,0.008270736,0.000346916,0.002238164,0.000393332,0.002269913,0.000574666,0.000325166
165,4.157157,0.02512479,1e-06,0.009293401,0.001249415,0.008221403,0.000342916,0.00251058,0.000381582,0.002237497,0.000586249,0.000300749
166,4.182282,0.02459221,1.084e-06,0.008766736,0.001307247,0.00817157,0.000407333,0.002419413,0.000384499,0.002239247,0.000583082,0.000311999
167,4.206874,0.02533338,1e-06,0.009434485,0.001283415,0.008457986,0.000355249,0.002231747,0.000381999,0.002273913,0.000586332,0.00032725
168,4.232207,0.02451963,1.417e-06,0.008767152,0.001289165,0.00822632,0.000346749,0.002247496,0.000392916,0.002343747,0.000592665,0.000312
169,4.256727,0.02409313,8.33e-07,0.008959986,0.000788248,0.008102487,0.000345083,0.00223808,0.000397916,0.002354413,0.000586665,0.000319416
170,4.28082,0.02500329,7.5e-07,0.009030569,0.00165958,0.008064404,0.000342999,0.00226783,0.000396166,0.002338996,0.000587499,0.0003145
171,4.305823,0.02499471,1.083e-06,0.008845153,0.001223248,0.008223486,0.000357916,0.002417996,0.0003855,0.002335829,0.000892499,0.000311999
172,4.330818,0.02529263,1e-06,0.009388651,0.001276665,0.008443486,0.00043075,0.002233663,0.000381666,0.002239329,0.000583666,0.00031375
173,4.356111,0.02516713,8.34e-07,0.009210401,0.001282082,0.008428986,0.000347666,0.002237996,0.000388833,0.002367913,0.000587332,0.000315083
174,4.381278,0.02472004,1.334e-06,0.008613152,0.001253665,0.008400986,0.000517166,0.002249163,0.000385666,0.00238908,0.000595499,0.000314332
175,4.405998,0.02510396,1.083e-06,0.009338069,0.001308747,0.008212404,0.000356083,0.002237746,0.000504249,0.002243746,0.000575749,0.000326083
176,4.431102,0.02526887,1e-06,0.008581653,0.001726247,0.008685902,0.000347333,0.002242496,0.000380833,0.002405663,0.000582582,0.000315166
177,4.456371,0.02564971,9.17e-07,0.009797567,0.001304415,0.00832032,0.000348166,0.002236413,0.000392416,0.002348829,0.000586499,0.000314166
178,4.48202,0.02587587,1e-06,0.009127068,0.001233498,0.009222902,0.000348499,0.002241747,0.000381999,0.002386663,0.000614582,0.000317916
179,4.507896,0.02461679,8.33e-07,0.008796153,0.000905915,0.008780486,0.000346499,0.002274246,0.000383083,0.002238996,0.000582166,0.000308416
180,4.532513,0.02500988,1.083e-06,0.009330568,0.001343665,0.008051987,0.000346999,0.002235663,0.000398083,0.002404246,0.000586082,0.0003115
181,4.557523,0.02535388,1.416e-06,0.009457902,0.001240081,0.00806157,0.000348166,0.002724829,0.000390083,0.002243413,0.000574332,0.000312083
182,4.582877,0.02520088,9.17e-07,0.009352818,0.001266915,0.008441986,0.000346499,0.002238997,0.000390166,0.00223258,0.000574165,0.000355833
183,4.608078,0.02475163,1e-06,0.008989819,0.001452414,0.008202153,0.000345833,0.002237246,0.000392666,0.00223583,0.000583166,0.000311499
184,4.632829,0.02449429,1e-06,0.008629902,0.001250082,0.008139903,0.000381833,0.002526829,0.000381666,0.00227808,0.000577915,0.000327083
185,4.657324,0.02485454,1e-06,0.009118735,0.001415831,0.008199403,0.00034575,0.002241913,0.000384832,0.00224658,0.000585833,0.000314666
186,4.682178,0.02481263,1.417e-06,0.008730485,0.001284415,0.00819357,0.000341749,0.002729996,0.000397499,0.00223608,0.000574582,0.000322833
187,4.706991,0.02510988,1.166e-06,0.009402568,0.001225915,0.008351986,0.000354167,0.002235746,0.000383249,0.00225533,0.000574749,0.000325
188,4.732101,0.02410913,1.417e-06,0.008982152,0.000775665,0.00822457,0.00034675,0.002272996,0.00037875,0.002239079,0.000584249,0.0003035
189,4.75621,0.02483021,1.25e-06,0.008833569,0.001423165,0.00813657,0.000343916,0.002573662,0.000386916,0.00223833,0.000581582,0.00031125
190,4.78104,0.02495954,1.25e-06,0.009168318,0.001455831,0.008062487,0.000361083,0.00223233,0.000385416,0.002401412,0.000575083,0.000316333
191,4.806,0.02452838,1.25e-06,0.008730402,0.001235831,0.008189154,0.000356416,0.002375663,0.000491915,0.002253163,0.000573583,0.000320999
192,4.830528,0.02547421,1.167e-06,0.009377152,0.001254997,0.008731736,0.000347166,0.002243247,0.000383582,0.002235497,0.000589332,0.000310333
193,4.856002,0.02550404,1.083e-06,0.009171985,0.001915747,0.00814907,0.000345999,0.00224958,0.000384416,0.002381246,0.000583416,0.000321499
194,4.881506,0.02377388,1.25e-06,0.008953985,0.000421916,0.008176237,0.000343083,0.002237079,0.000499583,0.002239746,0.000584833,0.000316166
195,4.90528,0.02363296,8.34e-07,0.008710652,0.0003995,0.008165653,0.000489583,0.002234746,0.000380249,0.002347996,0.000576416,0.000327333
196,4.928913,0.02360013,1.416e-06,0.00864107,0.000523832,0.008182987,0.000343749,0.00239833,0.000387249,0.002238163,0.000584666,0.000298666
197,4.952513,0.02413938,1e-06,0.009261735,0.000457499,0.008304903,0.000344833,0.002238246,0.00038675,0.002237996,0.000586249,0.000320166
198,4.976653,0.02368171,1.167e-06,0.008597569,0.000431499,0.00854207,0.000346416,0.002244413,0.000385999,0.002233413,0.000583249,0.000315917
199,5.000334,0.02349263,1.167e-06,0.008620402,0.000425666,0.008178737,0.0003565,0.002391912,0.0003845,0.002242079,0.000575499,0.000316167
200,5.023827,0.02357988,1.084e-06,0.008760985,0.000393583,0.00816232,0.000344166,0.002398246,0.000382666,0.002237247,0.000583332,0.00031625
201,5.047407,0.02360188,1.25e-06,0.008700236,0.000398582,0.00829157,0.000346916,0.002236747,0.000486832,0.002239997,0.000584665,0.000315083
202,5.071009,0.02423379,9.16e-07,0.009234069,0.000534666,0.008195736,0.000347583,0.002394829,0.000396916,0.00223233,0.000575166,0.000321583
203,5.095242,0.02349496,1.166e-06,0.008659486,0.000414666,0.008306737,0.000361749,0.002235663,0.000378166,0.002237247,0.000582915,0.000317166
204,5.118737,0.02342455,1.25e-06,0.008576236,0.0004295,0.00829757,0.000343416,0.002239413,0.000389749,0.002242663,0.000584666,0.000320083
205,5.142162,0.02432013,1.333e-06,0.009110068,0.000431166,0.008551653,0.000352333,0.002236413,0.000379833,0.002351913,0.000577249,0.000328166
206,5.166482,0.02387946,1.083e-06,0.00864607,0.000417499,0.008181487,0.000385249,0.002724662,0.000385833,0.002240246,0.000583833,0.000313499
207,5.190362,0.02469263,1.25e-06,0.009832651,0.000410999,0.00817807,0.0003465,0.002398329,0.000381416,0.00223858,0.000590582,0.00031425
208,5.215054,0.02372638,1e-06,0.008816152,0.000402916,0.008283987,0.000361833,0.002233079,0.000486749,0.002244414,0.000580582,0.000315666
209,5.238781,0.0234583,1.083e-06,0.008604653,0.000397082,0.008176154,0.000354083,0.002393496,0.000394666,0.002234163,0.000575415,0.0003275
210,5.262239,0.02398796,1.167e-06,0.009127985,0.000450583,0.008302903,0.000347832,0.002242163,0.00038425,0.00223608,0.000584665,0.000310333
211,5.286227,0.02339146,1.083e-06,0.008546403,0.000434833,0.008305403,0.000357166,0.002234996,0.000382166,0.002240413,0.000573333,0.000315666
212,5.309618,0.02428638,9.16e-07,0.009431068,0.00043925,0.008167986,0.000376583,0.00224133,0.000387666,0.002337496,0.000586999,0.000317083
213,5.333905,0.02418713,1e-06,0.009231485,0.000453999,0.00831232,0.000343416,0.002242247,0.000381749,0.002311246,0.000586083,0.000323582
214,5.358092,0.02357221,1.334e-06,0.008688319,0.000417749,0.008186987,0.000343166,0.002299496,0.000392333,0.002342746,0.000589499,0.000310583
215,5.381664,0.0239923,1.334e-06,0.009111402,0.000417499,0.008176987,0.000341499,0.002243996,0.000381083,0.002304246,0.000583333,0.000430916
216,5.405656,0.02362888,1.334e-06,0.008809319,0.000397916,0.008178236,0.000343166,0.002237247,0.000519416,0.002241496,0.000583749,0.000316999
217,5.429285,0.02409554,1.25e-06,0.009308651,0.000395166,0.00817207,0.000354,0.002233246,0.000375999,0.00235233,0.000574665,0.000328167
218,5.453381,0.02377463,9.17e-07,0.008927902,0.000428333,0.00819607,0.000352999,0.00223433,0.000492666,0.002240746,0.000582749,0.000317916
219,5.477155,0.02351005,9.16e-07,0.008620486,0.000451416,0.008314987,0.000355832,0.002236497,0.000377833,0.002246913,0.000575249,0.000329916
220,5.500665,0.02398463,1.166e-06,0.009246569,0.000415832,0.008177654,0.000385999,0.00224133,0.000380832,0.002240497,0.000582999,0.000311749
221,5.52465,0.02342579,1.083e-06,0.008546486,0.000459833,0.008314653,0.000350999,0.002234913,0.0003785,0.002243579,0.000575166,0.000320583
222,5.548076,0.02438588,1.25e-06,0.009212235,0.000435499,0.008552903,0.000351999,0.00223658,0.000390833,0.002240496,0.000635582,0.0003285
223,5.572462,0.02399754,1.25e-06,0.009080818,0.000427916,0.008262237,0.000343499,0.002238747,0.000388916,0.002352162,0.000575999,0.000326
224,5.596459,0.02352496,9.16e-07,0.00858232,0.000424332,0.00839107,0.000348499,0.00223558,0.000394083,0.002239496,0.000593083,0.000315582
225,5.619984,0.02452838,1.75e-06,0.009470984,0.00043925,0.008521319,0.000350916,0.002234497,0.000378416,0.002244746,0.000574249,0.00031225
226,5.644513,0.02407596,1.083e-06,0.008695903,0.000417249,0.008839319,0.000351666,0.002245997,0.000385249,0.00223883,0.000583832,0.000316833
227,5.668589,0.02410479,1.333e-06,0.009141068,0.00040575,0.008297986,0.000344,0.002394246,0.000382916,0.002238579,0.000583916,0.000315
228,5.692693,0.02375896,1.333e-06,0.008736986,0.000399666,0.008340486,0.000355583,0.00239483,0.000383749,0.002240996,0.000575416,0.000329916
229,5.716452,0.02346779,1.167e-06,0.008593152,0.000396416,0.008367487,0.000343416,0.002239913,0.000390083,0.002234996,0.000575082,0.000326083
230,5.73992,0.02403479,1.166e-06,0.009104652,0.000418416,0.008395486,0.000352,0.00223308,0.000384332,0.00224108,0.000575832,0.00032875
231,5.763955,0.02355321,1.083e-06,0.008720819,0.000438166,0.00817757,0.00035525,0.002232579,0.000381083,0.002238163,0.000583416,0.000425083
232,5.787508,0.02432204,1.083e-06,0.009424652,0.000431416,0.008313403,0.000381499,0.002247413,0.000383249,0.002238413,0.000585666,0.00031525
233,5.81183,0.02460696,1.25e-06,0.009864067,0.000435083,0.00819282,0.000346833,0.002243579,0.000381333,0.002240246,0.000585333,0.000316416
234,5.836437,0.02362088,1.166e-06,0.008609403,0.000419749,0.008182904,0.000343832,0.00254258,0.000384249,0.002238163,0.000584582,0.00031425
235,5.860058,0.02411688,1.084e-06,0.009169485,0.000439249,0.00831982,0.000346083,0.002245579,0.000380333,0.002236413,0.000656332,0.0003225
236,5.884175,0.02357871,1.083e-06,0.00870957,0.000528832,0.00815132,0.000356083,0.002237246,0.000383166,0.002302996,0.000577333,0.000331083
237,5.907754,0.0239228,1.084e-06,0.008974985,0.000396166,0.00831132,0.000353249,0.002233247,0.000382666,0.002363079,0.000574166,0.000332833
238,5.931676,0.02371729,1.499e-06,0.008618403,0.000682666,0.008294236,0.000356666,0.002232997,0.000382082,0.00224433,0.000575666,0.000328749
239,5.955394,0.02372538,1.416e-06,0.008948819,0.000470249,0.00819407,0.000347,0.002240996,0.000390666,0.002233913,0.000585416,0.000312833
240,5.979119,0.02413829,1.083e-06,0.009317235,0.000422166,0.00817682,0.000351999,0.002231413,0.00037925,0.002244579,0.000680166,0.000333583
241,6.003257,0.02336946,1.417e-06,0.00853357,0.000435249,0.00830357,0.000343999,0.002240913,0.000378999,0.002236247,0.000580916,0.000314582
242,6.026627,0.02438179,8.33e-07,0.009449151,0.0004225,0.00817507,0.000390832,0.00223783,0.000400999,0.002251247,0.000722999,0.000330332
243,6.051009,0.0233543,1.834e-06,0.008569986,0.000395249,0.00828407,0.000356416,0.002236746,0.000381833,0.002240663,0.000575416,0.000312083
244,6.074363,0.02369213,1e-06,0.00874457,0.000541082,0.00817857,0.000341999,0.00236258,0.000380916,0.00223958,0.000581582,0.00032025
245,6.098055,0.02381388,1e-06,0.009096485,0.000440666,0.008169653,0.00033875,0.002236496,0.000394083,0.002234413,0.000585832,0.0003165
246,6.121869,0.02380546,1.167e-06,0.008973402,0.000432166,0.00817632,0.000354499,0.00223433,0.000384749,0.00223858,0.000581833,0.000428415
247,6.145674,0.02419846,1.166e-06,0.009307652,0.000439416,0.00817407,0.000357083,0.002391996,0.000385332,0.002242497,0.000573915,0.000325333
248,6.169873,0.02353913,1.084e-06,0.008566819,0.000510082,0.008348487,0.000346833,0.002238163,0.000384416,0.002242913,0.000575582,0.00032475
249,6.193412,0.02370129,1.166e-06,0.008517653,0.000395833,0.008561069,0.000342916,0.002244247,0.000388916,0.002346829,0.000584416,0.000318249
250,6.217113,0.02394455,1.084e-06,0.009110901,0.000428583,0.00830082,0.000344749,0.00224258,0.000382499,0.00223508,0.000583166,0.000315083
251,6.241058,0.02348638,9.16e-07,0.008638736,0.000452583,0.008165987,0.000345499,0.002237413,0.000392,0.002346912,0.000585666,0.000320666
252,6.264544,0.02449479,1.25e-06,0.009555985,0.000413332,0.008321903,0.000388667,0.002238913,0.000384832,0.002247163,0.000574833,0.000367916
253,6.289039,0.02417346,1.083e-06,0.009365901,0.000449,0.008184653,0.000344583,0.002243163,0.000382249,0.002298246,0.000586916,0.000317666
254,6.313212,0.02360254,1.083e-06,0.008669486,0.000421916,0.008182237,0.000344833,0.002449912,0.000397083,0.00223758,0.000584665,0.00031375
255,6.336815,0.02457579,1.25e-06,0.009044818,0.001141082,0.008214403,0.000415833,0.002232746,0.000382499,0.00223983,0.000587166,0.000316166
256,6.361391,0.02457204,1.416e-06,0.008614403,0.001329748,0.008503986,0.000347083,0.002238829,0.000392667,0.002238913,0.000575915,0.000329083
257,6.385963,0.02491779,1.333e-06,0.009276402,0.001407164,0.008131904,0.000340833,0.002243996,0.000379166,0.002236413,0.000583832,0.00031675
258,6.410881,0.02546713,1.166e-06,0.009781318,0.001330831,0.00821682,0.000370499,0.002241413,0.000392833,0.002236246,0.000581249,0.00031475
259,6.436348,0.02476938,1.083e-06,0.008792903,0.001273831,0.008458486,0.0003575,0.002235246,0.000382166,0.002361079,0.000576749,0.000330333
260,6.461117,0.02483229,1e-06,0.009238152,0.001261081,0.008212653,0.00035525,0.002234163,0.000384583,0.002239913,0.000575915,0.000329583
261,6.485949,0.02419488,1.083e-06,0.008558653,0.000960082,0.008555986,0.000352416,0.002236663,0.000381916,0.00224433,0.000576082,0.000327666
262,6.510144,0.02507329,1.166e-06,0.009373568,0.001271915,0.008100403,0.000383583,0.002382829,0.000406833,0.002236413,0.000599166,0.000317416
263,6.535218,0.02477113,1.084e-06,0.009076985,0.001278498,0.008289486,0.000349166,0.002237997,0.000390832,0.00224533,0.000574166,0.000327583
264,6.559989,0.02446638,1.083e-06,0.008727903,0.001245331,0.008273653,0.000360583,0.002231663,0.0003805,0.002353079,0.000576166,0.000316416
265,6.584455,0.02485279,1.333e-06,0.009257569,0.001267664,0.008214653,0.000351167,0.002234913,0.000379916,0.002239913,0.000590249,0.000315416
266,6.609308,0.02432221,1.667e-06,0.008797236,0.001347914,0.008066987,0.000358166,0.00223483,0.000382166,0.00223833,0.000581332,0.000313583
267,6.63363,0.02472379,1e-06,0.009028485,0.001403165,0.00806932,0.000341916,0.00236508,0.000384416,0.002237746,0.000583166,0.000309499
268,6.658354,0.02441371,8.33e-07,0.008728819,0.001337165,0.00812307,0.000344166,0.00223733,0.000393166,0.002329579,0.000578583,0.000340999
269,6.682768,0.02430754,1.083e-06,0.008620736,0.000966832,0.008504403,0.000343582,0.00234233,0.000383083,0.002241746,0.000586916,0.000316833
270,6.707075,0.02570837,1.333e-06,0.009206318,0.001292998,0.008989069,0.000347249,0.002340497,0.000397832,0.002236163,0.000583749,0.000313166
271,6.732783,0.02390754,1e-06,0.008670486,0.000798582,0.008109737,0.000348583,0.002241579,0.000483249,0.00224108,0.000584416,0.000428833
272,6.756691,0.02490463,1.25e-06,0.009365568,0.001224582,0.00809432,0.000353332,0.002232497,0.000381249,0.002350746,0.000576249,0.000324833
273,6.781596,0.02448821,1.25e-06,0.008771152,0.001277915,0.00810232,0.000341416,0.002364163,0.000386249,0.002349496,0.000576333,0.000317916
274,6.806084,0.02439946,1.167e-06,0.008727319,0.001321248,0.008079153,0.000353416,0.002393163,0.000390083,0.002245079,0.000574749,0.000314083
275,6.830483,0.02479721,1.417e-06,0.009192818,0.001287581,0.008200987,0.000349083,0.002242663,0.000379916,0.002239996,0.000584582,0.000318166
276,6.855281,0.02422879,1.25e-06,0.00864807,0.001252498,0.008214403,0.000352333,0.002233996,0.000382666,0.002240663,0.000574249,0.000328666
277,6.879509,0.02495221,1.166e-06,0.009304402,0.000964832,0.008412319,0.00034125,0.002392329,0.000396,0.002236329,0.000575333,0.000328249
278,6.904462,0.02518038,1e-06,0.009026068,0.000944332,0.009081235,0.000351833,0.002239497,0.000388582,0.002248497,0.000585832,0.000313499
279,6.929642,0.02435754,1e-06,0.008778485,0.000907832,0.008563486,0.0003555,0.002232996,0.000380749,0.002248747,0.000573916,0.000314832
280,6.953999,0.02550504,1.084e-06,0.009331401,0.001898997,0.00806357,0.0003455,0.002235163,0.000389083,0.002234413,0.000575749,0.000430082
281,6.979504,0.02440821,1.25e-06,0.008603986,0.001270498,0.008195654,0.000356666,0.002389079,0.00038225,0.002242996,0.000635332,0.0003305
282,7.003913,0.02493104,1.333e-06,0.009237652,0.001296248,0.008211903,0.000346499,0.002238663,0.000448333,0.002242913,0.000588999,0.000318499
283,7.028844,0.02414438,1.417e-06,0.008521653,0.001238331,0.008204487,0.000350249,0.002292996,0.00039575,0.002236163,0.000574249,0.000329083
284,7.052988,0.02509579,1.583e-06,0.009716817,0.001150998,0.008069821,0.000350749,0.002292913,0.000380166,0.00224458,0.000576166,0.000311999
285,7.078084,0.02479521,1.416e-06,0.009102652,0.001293165,0.00813882,0.000341499,0.002403913,0.000380916,0.00223708,0.000581749,0.000313999
286,7.102879,0.02419296,1.334e-06,0.008662486,0.001310331,0.008073487,0.000382582,0.002237247,0.000375916,0.002246163,0.000574666,0.000328749
287,7.127072,0.02500429,1.084e-06,0.009397484,0.001280582,0.008220069,0.000345917,0.002244413,0.000378332,0.002235997,0.000582249,0.000318166
288,7.152076,0.02426263,1.084e-06,0.008646069,0.001290914,0.008217237,0.000343583,0.002239163,0.000388416,0.002235996,0.000584416,0.000315749
289,7.176339,0.02425771,1.334e-06,0.008646402,0.001335998,0.00807082,0.000340667,0.002237329,0.000386666,0.002334496,0.000584916,0.000319083
290,7.200597,0.02477129,8.33e-07,0.009119319,0.001270081,0.008224487,0.000386666,0.002244413,0.000391582,0.00223433,0.000583416,0.000316166
291,7.225368,0.02430988,1.417e-06,0.008652403,0.001273414,0.008108404,0.000344249,0.002302246,0.00038,0.002348746,0.000581666,0.000317333
292,7.249678,0.02517321,1.25e-06,0.009256068,0.001260414,0.008550153,0.000345083,0.002243746,0.00038275,0.002236996,0.000580749,0.000316
293,7.274851,0.02463696,9.17e-07,0.009089318,0.001281415,0.008144487,0.000344333,0.002240746,0.000390666,0.002246663,0.000585499,0.000312916
294,7.299488,0.02469454,8.33e-07,0.008657653,0.001259414,0.00867757,0.000351999,0.002235996,0.000380666,0.00224358,0.000576249,0.000310583
295,7.324183,0.02486596,9.17e-07,0.009257235,0.001287748,0.008218236,0.000344417,0.002241579,0.000382166,0.00223383,0.000582999,0.000316833
296,7.349049,0.02462329,1.166e-06,0.00861307,0.001252164,0.008637403,0.000348333,0.002240746,0.000389583,0.002238829,0.000584416,0.000317583
297,7.373672,0.02471579,1.5e-06,0.009050402,0.001222748,0.008326319,0.00034475,0.002239496,0.000390166,0.002236163,0.000574999,0.00032925
298,7.398388,0.02468521,1.084e-06,0.008789902,0.001226248,0.00807707,0.000812249,0.002243246,0.000392499,0.002240163,0.000586583,0.000316166
299,7.423073,0.02414638,1e-06,0.008580153,0.001242165,0.008206653,0.000346666,0.002240997,0.000392582,0.002236913,0.000582666,0.000316583
300,7.447219,0.02477654,8.33e-07,0.009157986,0.001295497,0.008211487,0.000345166,0.002239997,0.000390166,0.002237163,0.000582499,0.000315749
301,7.471996,0.02414863,1.416e-06,0.008645736,0.001314665,0.00806782,0.000355999,0.00223833,0.000383583,0.002237913,0.000585832,0.000317333
302,7.496144,0.02508696,1.167e-06,0.009342901,0.001280998,0.00830382,0.000382999,0.002247997,0.000385749,0.002235247,0.000589415,0.000316666
303,7.521231,0.02468104,1.167e-06,0.009024652,0.001410664,0.00807932,0.00035425,0.002231496,0.0003785,0.002308163,0.000575832,0.000316999
304,7.545912,0.02422513,1.25e-06,0.008654403,0.001197998,0.008084236,0.000404833,0.002237247,0.000392499,0.002345246,0.000575916,0.000331499
305,7.570138,0.02545887,1.333e-06,0.009137402,0.001952997,0.00825682,0.000349166,0.002245496,0.000375583,0.002237413,0.000586666,0.000315999
306,7.595596,0.02434804,1.25e-06,0.008743653,0.001265081,0.008074737,0.000377999,0.00223758,0.000393249,0.002343413,0.000592916,0.000318166
307,7.619944,0.02496121,1e-06,0.009318651,0.001311915,0.008202903,0.000347083,0.002234663,0.000396583,0.002246496,0.000584499,0.000317416
308,7.644906,0.02436054,1.166e-06,0.008675403,0.001254581,0.008205153,0.000344,0.002237079,0.00037925,0.002248246,0.000683416,0.000332249
309,7.669266,0.02410713,8.33e-07,0.008538819,0.001253498,0.008220737,0.000352666,0.002236163,0.000380999,0.002242747,0.000575082,0.000305583
310,7.693373,0.02561796,1.167e-06,0.009946233,0.001296915,0.00808132,0.000355749,0.002235997,0.000380166,0.002409996,0.000577749,0.000332666
311,7.718991,0.02450971,1.167e-06,0.008861152,0.001269248,0.00827432,0.000346666,0.002243497,0.000377999,0.002237413,0.000582166,0.000316082
312,7.743501,0.02522413,1.334e-06,0.009465818,0.001257497,0.008236737,0.000391166,0.002238163,0.000383249,0.002239497,0.000574832,0.000435833
313,7.768725,0.02540721,1e-06,0.009388068,0.001200915,0.008587986,0.000353083,0.002237413,0.000390916,0.00223908,0.000575999,0.000432749
314,7.794132,0.02398713,1.083e-06,0.008905069,0.000756582,0.00808132,0.0003545,0.002234829,0.000383166,0.00236758,0.000574165,0.000328833
315,7.818119,0.02469621,1.083e-06,0.009138819,0.001263248,0.008066653,0.000343,0.002245413,0.000389082,0.00234233,0.000588415,0.000318167
316,7.842816,0.02538654,1e-06,0.008946486,0.001625164,0.008601902,0.000350916,0.002339913,0.000387083,0.00223583,0.000583082,0.000315166
317,7.868202,0.02450846,1.167e-06,0.009345151,0.000833082,0.00822482,0.00035275,0.002237413,0.000381916,0.002236996,0.000580499,0.000314666
318,7.892711,0.02471263,8.33e-07,0.009207235,0.001252581,0.008084071,0.000389332,0.00223683,0.000382916,0.00224108,0.000595165,0.000322583
319,7.917423,0.02484704,1.5e-06,0.008584402,0.001872831,0.00820457,0.000345999,0.002235997,0.000400082,0.002293746,0.000590249,0.000317667
320,7.94227,0.02528821,1e-06,0.009267235,0.001233665,0.008530236,0.000379749,0.00233858,0.000393832,0.002244663,0.000585083,0.000314166
321,7.967559,0.02469871,1.084e-06,0.009053985,0.001243165,0.008132236,0.0003445,0.002389913,0.000395999,0.002236913,0.000584332,0.000316583
322,7.992257,0.02508454,1.25e-06,0.009379068,0.001239582,0.008061736,0.000343083,0.002401996,0.000516749,0.002239413,0.000583666,0.000318
323,8.017342,0.02490329,1.333e-06,0.008532903,0.001575247,0.008622319,0.000355667,0.002291912,0.00038125,0.00224333,0.000574582,0.000324749
324,8.042245,0.02400488,1.083e-06,0.008776069,0.000803416,0.00821882,0.000374999,0.00231008,0.000382332,0.002240163,0.000582749,0.000315167
325,8.06625,0.02509338,8.33e-07,0.009189902,0.001211998,0.008154236,0.000353666,0.002643746,0.000393083,0.00224783,0.000573082,0.000324999
326,8.091343,0.02422263,1.167e-06,0.008554403,0.001343164,0.00822382,0.000353999,0.00223483,0.00038,0.002242413,0.000574999,0.000313832
327,8.115566,0.02501921,1.583e-06,0.009436985,0.001292498,0.008066737,0.000342583,0.002239746,0.000388583,0.002234329,0.000695666,0.000320499
328,8.140585,0.02418463,1.25e-06,0.008561236,0.000942998,0.008564069,0.000345583,0.002237247,0.000389749,0.00223683,0.000575332,0.000330333
329,8.16477,0.02437529,1.167e-06,0.008641986,0.001331748,0.008191403,0.000357499,0.00223133,0.000376916,0.002237413,0.000581416,0.000424416
330,8.189145,0.02549188,9.16e-07,0.009141569,0.001224331,0.008758653,0.000376499,0.002242996,0.000389166,0.002381663,0.000654416,0.000321666
331,8.214637,0.02422438,1.167e-06,0.008667402,0.001229165,0.008229236,0.000346,0.002241913,0.000381749,0.00223258,0.000582082,0.000313083
332,8.238861,0.02589746,1.333e-06,0.009246735,0.00202583,0.00852332,0.000357083,0.002234496,0.000379999,0.002235663,0.000584833,0.000308166
333,8.264759,0.02493454,1.084e-06,0.008558069,0.002036914,0.008222236,0.000358,0.002235829,0.000379416,0.002240747,0.000583249,0.000318999
334,8.289693,0.02504146,1.084e-06,0.008675152,0.002076997,0.008074237,0.000342416,0.002241663,0.000379749,0.002344996,0.000584333,0.000320833
335,8.314735,0.02637487,1.5e-06,0.009777567,0.00211058,0.008315237,0.000344749,0.002238496,0.000446333,0.002238163,0.000574832,0.000327417
336,8.34111,0.02524429,8.33e-07,0.008722986,0.002052747,0.00813032,0.000345499,0.002470663,0.000383082,0.00224608,0.000573833,0.000318249
337,8.366354,0.02544213,8.34e-07,0.009089401,0.002025747,0.00812507,0.000342083,0.002339996,0.00038125,0.002239329,0.000584083,0.000314333
338,8.391796,0.0225593,1.333e-06,0.007425738,0.000574582,0.008185404,0.000341999,0.00224858,0.000391666,0.002487746,0.000585499,0.000316749
339,8.414355,0.0220763,1.334e-06,0.006918239,0.000533832,0.00818757,0.000342833,0.002235996,0.00038775,0.002561745,0.000584999,0.000322
340,8.436432,0.02263663,7.5e-07,0.007442321,0.000454832,0.00848257,0.000359583,0.002380163,0.000381666,0.002244746,0.000576082,0.000313916
341,8.459068,0.02206305,1.25e-06,0.006886238,0.000441166,0.008617486,0.000359583,0.002243913,0.000382166,0.002235163,0.000585749,0.000310333
342,8.481131,0.02298905,1.083e-06,0.007789237,0.000440833,0.008258403,0.000391666,0.002238247,0.000413499,0.002547079,0.000576416,0.000332583
343,8.50412,0.02242171,1.25e-06,0.007260239,0.000441666,0.008520319,0.000343249,0.002339913,0.000381166,0.00223858,0.000583082,0.00031225
344,8.526542,0.02225305,1.25e-06,0.006886906,0.000436583,0.008816402,0.000344083,0.002242746,0.000387416,0.002234496,0.000576083,0.000327083
345,8.548795,0.02267588,1.083e-06,0.007643154,0.000425416,0.008350487,0.000345082,0.002243997,0.000390916,0.002340829,0.000577166,0.000357749
346,8.571471,0.02203497,1.084e-06,0.006880739,0.000431332,0.008331153,0.000520583,0.002239496,0.000378333,0.002348496,0.000574582,0.000329167
347,8.593506,0.02275905,1.167e-06,0.007616737,0.000440583,0.008500486,0.000345333,0.002339579,0.000383416,0.00223758,0.000582916,0.000311249
348,8.616265,0.02209638,9.16e-07,0.006897406,0.000523249,0.008470986,0.00039075,0.002296329,0.000379916,0.002240247,0.000582832,0.000313749
349,8.638361,0.02224646,1.334e-06,0.006900405,0.000542999,0.00860257,0.000404166,0.002284663,0.000381999,0.00223883,0.000574999,0.000314499
350,8.660608,0.02243138,9.17e-07,0.007429738,0.000452582,0.008440653,0.000354666,0.002234163,0.00038025,0.002242413,0.000582915,0.000313083
351,8.683039,0.02171738,1.167e-06,0.006674489,0.000448916,0.008449236,0.00035075,0.002231746,0.000377666,0.002278913,0.000575416,0.000329083
352,8.704757,0.0225023,1.083e-06,0.007476321,0.000423916,0.00825457,0.000393416,0.002238163,0.000464666,0.00234483,0.000575499,0.000329833
353,8.727259,0.02232321,1e-06,0.007246488,0.000452083,0.008530652,0.000358083,0.002231247,0.000378499,0.00223383,0.000580999,0.000310333
354,8.749582,0.02206155,1.25e-06,0.007030239,0.000427749,0.008384153,0.00034275,0.002239579,0.00038825,0.002234913,0.000696582,0.000316083
355,8.771644,0.02280546,1.167e-06,0.007660654,0.000418999,0.00851207,0.000347916,0.002251163,0.000391499,0.002241746,0.000580999,0.00039925
356,8.794449,0.02365905,1.333e-06,0.00860907,0.000417666,0.008514736,0.000346583,0.002236996,0.000388833,0.002243579,0.000587583,0.000312666
357,8.818108,0.02469429,1e-06,0.009710734,0.00046375,0.008307903,0.000343582,0.002243997,0.000378999,0.002238247,0.000694415,0.000311666
358,8.842803,0.02489771,8.34e-07,0.009381235,0.000413082,0.008908319,0.000359416,0.00228458,0.000379332,0.00226983,0.000574582,0.0003265
359,8.8677,0.02365279,1e-06,0.008707902,0.000411166,0.008373903,0.000357166,0.002290663,0.000382999,0.00224108,0.000576333,0.000310582
360,8.891353,0.02421046,1e-06,0.009083152,0.000556999,0.00839532,0.000344833,0.002246496,0.000436083,0.002245829,0.000573833,0.000326916
361,8.915563,0.02443471,1.167e-06,0.009260235,0.000421249,0.008360986,0.00034875,0.002533412,0.000381666,0.00223658,0.000583332,0.000307333
362,8.939998,0.02430263,1.083e-06,0.009379485,0.000548499,0.00827182,0.000351083,0.002234996,0.000377666,0.002240163,0.000575916,0.000321916
363,8.964301,0.02408046,1.334e-06,0.009179651,0.000436083,0.008246487,0.000344582,0.00223708,0.000387833,0.002350329,0.000584999,0.000312083
364,8.988381,0.02393771,1.167e-06,0.008574153,0.000455166,0.008758902,0.0003505,0.002235913,0.000380749,0.002240496,0.000574833,0.000365832
365,9.012319,0.02349755,1.083e-06,0.00861882,0.000406416,0.008368486,0.000343749,0.002241997,0.000380249,0.002236913,0.000584499,0.000315333
366,9.035817,0.02369913,1.167e-06,0.008615153,0.000696415,0.008274737,0.000343332,0.00223758,0.000388833,0.002243413,0.000586749,0.000311749
367,9.059516,0.02438863,1.417e-06,0.009411901,0.000434666,0.008435487,0.000345499,0.00224208,0.000377999,0.002238413,0.000582749,0.000318416
368,9.083904,0.02359046,1e-06,0.00860032,0.000435916,0.008258153,0.000354416,0.002407746,0.000385499,0.002245247,0.000575416,0.000326749
369,9.107495,0.02352588,1.167e-06,0.008541986,0.000429832,0.008366903,0.000355083,0.00228608,0.000387166,0.002261663,0.000585416,0.000310582
370,9.131021,0.02436429,9.17e-07,0.009318651,0.000443416,0.008220237,0.000373749,0.002363163,0.000388,0.002353496,0.000588582,0.000314083
371,9.155385,0.02369321,1.084e-06,0.008726902,0.000408749,0.008236654,0.000353332,0.002236997,0.000482749,0.002342829,0.000574499,0.000329417
372,9.179078,0.02453946,1.083e-06,0.009359818,0.00042875,0.008513319,0.000343999,0.00234183,0.000380749,0.002274913,0.000582999,0.000312
373,9.203618,0.02398496,1.083e-06,0.009021069,0.000450499,0.008393653,0.000345333,0.002237996,0.000392833,0.002234996,0.000574333,0.000333166
374,9.227603,0.02369263,1.166e-06,0.008708403,0.000407333,0.00824007,0.000379916,0.002298996,0.000393083,0.002364246,0.000590332,0.000309083
375,9.251295,0.02427013,1.334e-06,0.009268901,0.000432499,0.008382153,0.000343417,0.002307662,0.000387166,0.00224833,0.000591999,0.000306666
376,9.275565,0.02372038,1.167e-06,0.008688153,0.000414582,0.008340903,0.000401666,0.00224158,0.000377666,0.002243663,0.000689166,0.000321833
377,9.299286,0.02463279,1.167e-06,0.009614734,0.000441749,0.008279403,0.000345833,0.002427163,0.000383249,0.00224408,0.000584999,0.000310416
378,9.323918,0.02458021,1.167e-06,0.009323901,0.000411833,0.00823982,0.000387999,0.00229908,0.000386499,0.002624412,0.000586916,0.000318583
379,9.348499,0.0235798,1.166e-06,0.008781319,0.000432833,0.00818432,0.000341583,0.00223783,0.000392249,0.002304663,0.000576499,0.000327333
380,9.372079,0.02406896,1.417e-06,0.009271984,0.000414083,0.008238903,0.000343333,0.002272996,0.00038825,0.002237496,0.000586333,0.000314166
381,9.396147,0.02364788,1.083e-06,0.008726736,0.000397082,0.008217154,0.000357332,0.00223583,0.000384416,0.002313496,0.000684166,0.000330583
382,9.419795,0.02447521,1e-06,0.009397568,0.000435166,0.008322569,0.000566333,0.002237663,0.000382583,0.002246996,0.000575749,0.000309583
383,9.444271,0.02428963,9.16e-07,0.009361735,0.000437833,0.008385236,0.000351499,0.002241997,0.000381416,0.002234496,0.000582749,0.00031175
384,9.46856,0.02408613,9.17e-07,0.008629319,0.000425999,0.008759319,0.000420166,0.002294746,0.000416166,0.00224233,0.000574583,0.000322582
385,9.492646,0.02373746,1.417e-06,0.008682736,0.000413332,0.008469153,0.000363499,0.002235247,0.000378749,0.00230483,0.000575166,0.000313332
386,9.516384,0.02422121,1.083e-06,0.008989236,0.000390332,0.008657736,0.000346083,0.002240246,0.000392416,0.002304413,0.000583083,0.000316582
387,9.540605,0.02452654,1.417e-06,0.009547317,0.000400917,0.008325319,0.00035625,0.002297079,0.000392166,0.00230483,0.000576666,0.000324582
388,9.565132,0.0236913,1.25e-06,0.00868157,0.000417416,0.008428902,0.000345917,0.002290079,0.000385083,0.002241996,0.000574916,0.000324166
389,9.588823,0.02372988,1.167e-06,0.008756152,0.000473416,0.00824507,0.000348,0.002237163,0.000390416,0.002372579,0.000588083,0.000317832
390,9.612553,0.02437421,1.25e-06,0.009271402,0.000430582,0.008347487,0.000434583,0.002290246,0.000402666,0.002290329,0.000578249,0.000327417
391,9.636927,0.02360938,1.167e-06,0.008681652,0.000442833,0.00826382,0.000349166,0.002244579,0.000381583,0.002343663,0.000585832,0.000315083
392,9.660536,0.02462221,9.16e-07,0.009348402,0.000426999,0.008657986,0.000349583,0.002236163,0.000395332,0.00230433,0.000575166,0.000327333
393,9.685158,0.02421854,8.33e-07,0.009149735,0.000441333,0.008336736,0.000391666,0.00224433,0.000380749,0.00237258,0.000586499,0.000314083
394,9.709377,0.02387471,1.167e-06,0.008949819,0.000395999,0.008183653,0.000409416,0.002295663,0.0003925,0.002346496,0.000585415,0.000314583
395,9.733252,0.02391204,8.33e-07,0.008696236,0.000398916,0.008170487,0.000353166,0.002591579,0.000398249,0.002396413,0.000586749,0.000319416
396,9.757164,0.02379938,1.084e-06,0.008688485,0.000534666,0.008171737,0.000356999,0.00244408,0.000400249,0.00230083,0.000577665,0.000323583
397,9.780963,0.02457054,9.17e-07,0.009448318,0.000447249,0.008484153,0.000358749,0.002245997,0.000380916,0.002306579,0.000585499,0.000312167
398,9.805534,0.0236738,1.083e-06,0.008620236,0.000419,0.008448736,0.000355583,0.002305996,0.000383749,0.002240997,0.000573665,0.00032475
399,9.829208,0.02370871,1.083e-06,0.008608569,0.000437666,0.008316404,0.000347166,0.002480662,0.000387,0.002239496,0.000581832,0.000308833
400,9.852916,0.02428113,9.17e-07,0.009285818,0.000432499,0.00845307,0.000358333,0.002233496,0.000384916,0.00224008,0.000581582,0.000310416
401,9.877197,0.02374421,1.25e-06,0.008765735,0.0004435,0.00826782,0.000343666,0.002236246,0.000388249,0.002236747,0.000695165,0.000365833
402,9.900942,0.02474054,1.25e-06,0.009429068,0.000421166,0.008254736,0.00035425,0.002763828,0.00038375,0.002237079,0.000584833,0.000310583
403,9.925682,0.02358696,1.334e-06,0.008663569,0.000406166,0.00816482,0.000345333,0.002423329,0.000391666,0.002289913,0.000585499,0.000315333
404,9.949269,0.02422054,1.166e-06,0.008989319,0.000397999,0.008171737,0.000352166,0.002713412,0.000395083,0.00229783,0.000584415,0.000317416
405,9.97349,0.02402613,1.167e-06,0.009110652,0.000407749,0.008329153,0.000346,0.002245079,0.000390666,0.00229683,0.000584666,0.000314166
406,9.997516,0.02366238,9.16e-07,0.008643486,0.000447333,0.008410403,0.000343916,0.002296996,0.000383416,0.002242913,0.000582499,0.0003105
407,10.02118,0.02454588,1e-06,0.009573818,0.000434166,0.008310987,0.000353666,0.002234996,0.000379416,0.002241663,0.000684166,0.000331999
408,10.04572,0.02432571,1.167e-06,0.009245818,0.000443833,0.008366319,0.000391166,0.002321913,0.000389666,0.002245663,0.000576416,0.000343749
409,10.07005,0.02373355,1.833e-06,0.008666486,0.000431583,0.008409069,0.000344583,0.002238163,0.000388583,0.002250663,0.000689082,0.0003135
410,10.09378,0.02448246,1.084e-06,0.009261735,0.000426082,0.008259987,0.000765248,0.002239247,0.000390833,0.002235913,0.000591415,0.000310916
411,10.11827,0.0236323,1e-06,0.008683402,0.000421916,0.008260987,0.000412582,0.002293747,0.000380416,0.002277496,0.000574916,0.000325833
412,10.1419,0.02517063,1e-06,0.0102869,0.000400083,0.00827557,0.000356499,0.002235163,0.000482416,0.002248163,0.000575083,0.000309749
413,10.16707,0.02397446,1.666e-06,0.008743153,0.000403582,0.00818907,0.000353167,0.002590745,0.000446833,0.002346329,0.000585833,0.000314083
414,10.19104,0.02374596,1.167e-06,0.008632736,0.000558499,0.008370487,0.000346666,0.002248829,0.000453333,0.002238746,0.000583916,0.000311583
415,10.21479,0.02420404,1.334e-06,0.009131151,0.000447333,0.00844607,0.000343832,0.00223983,0.000387249,0.002306163,0.000589583,0.000311499
416,10.23899,0.02359388,1.25e-06,0.00858982,0.000444082,0.008384737,0.000411082,0.002244663,0.000384666,0.002235997,0.000585332,0.000312249
417,10.26259,0.02453013,1.083e-06,0.009432151,0.000439333,0.00831382,0.000347416,0.00228583,0.000381499,0.002429746,0.000585749,0.000313499
418,10.28712,0.02425154,1.25e-06,0.009197568,0.000482499,0.008359737,0.000380832,0.002302747,0.000384332,0.002248497,0.000584249,0.000309832
419,10.31137,0.02361329,1.083e-06,0.008656403,0.000410916,0.008408736,0.000342916,0.002235663,0.000377916,0.002278163,0.000575499,0.000326
420,10.33498,0.02409804,1.25e-06,0.008747902,0.000488916,0.008719152,0.000347333,0.002238913,0.000420833,0.002239163,0.000583166,0.000311416
421,10.35908,0.02396188,1.249e-06,0.008750403,0.000454499,0.008210903,0.000363833,0.002233913,0.000491166,0.002554913,0.000575249,0.000325749
422,10.38304,0.02458004,1.25e-06,0.009582484,0.000419333,0.008385236,0.000379916,0.002300663,0.000379999,0.00223608,0.000584749,0.000310333
423,10.40762,0.02415388,1.083e-06,0.009106569,0.000452832,0.00837857,0.000346333,0.002241246,0.000379916,0.00234133,0.000588082,0.000317916
424,10.43178,0.02371613,1.083e-06,0.008615486,0.0004275,0.008506736,0.000349083,0.002300746,0.000389833,0.002236413,0.000583665,0.000305583
425,10.45549,0.02394638,1.083e-06,0.009039569,0.000396499,0.008394737,0.000350916,0.002236913,0.000390832,0.00224033,0.000574249,0.00032125
426,10.47944,0.02388538,1.417e-06,0.008620486,0.000542249,0.008606819,0.000346083,0.002236996,0.000394166,0.00223558,0.000586666,0.000314916
427,10.50332,0.02445279,1.083e-06,0.009442235,0.000472749,0.00828807,0.000346333,0.002235413,0.000390083,0.002272746,0.000688582,0.0003155
428,10.52778,0.02424621,8.33e-07,0.009142485,0.000426166,0.008372487,0.000383249,0.002369663,0.000389083,0.002262079,0.000586416,0.00031375
429,10.55202,0.02375288,1.333e-06,0.00867607,0.000464166,0.008346986,0.000348249,0.002237413,0.000382,0.002286746,0.000681832,0.000328083
430,10.57578,0.02479388,1e-06,0.009506151,0.000464333,0.008218986,0.000549,0.002324496,0.000395999,0.002368996,0.000646499,0.000318416
431,10.60057,0.02352846,1e-06,0.008739569,0.000421166,0.00825532,0.000352833,0.002233913,0.000382082,0.00224258,0.000575666,0.000324333
432,10.6241,0.02424754,8.33e-07,0.009499234,0.00039275,0.008241403,0.00034875,0.002236413,0.000394499,0.002234746,0.000574166,0.000324749
433,10.64835,0.0238578,1.667e-06,0.008786902,0.000435749,0.008524487,0.000359666,0.002232746,0.000384916,0.00224433,0.000576582,0.00031075
434,10.6722,0.02379304,1.167e-06,0.008827068,0.00052975,0.00821682,0.000345582,0.002241163,0.000382916,0.00234858,0.000584166,0.000315832
435,10.696,0.02423063,1.083e-06,0.009231985,0.00043325,0.00827757,0.000527665,0.002237163,0.000384666,0.002240997,0.000572749,0.000323499
436,10.72023,0.02384588,1e-06,0.008654403,0.000420499,0.008667069,0.000346833,0.002235413,0.000387749,0.002236497,0.000583165,0.00031325
437,10.74407,0.02447163,1.084e-06,0.009425484,0.000428416,0.008287987,0.000365749,0.002233913,0.000379583,0.002437246,0.000576499,0.000335666
438,10.76854,0.02453138,1.166e-06,0.009651985,0.000432916,0.008225986,0.000353666,0.002345496,0.00038825,0.002238163,0.000583832,0.000309916
439,10.79308,0.02416229,1e-06,0.009019068,0.000406583,0.008173403,0.000339166,0.002694663,0.000386666,0.002243329,0.000573916,0.0003245
440,10.81724,0.02426279,1.334e-06,0.009181735,0.000533582,0.008432403,0.000350916,0.002242247,0.000385749,0.002238163,0.000584582,0.000312083
441,10.8415,0.02425696,1.25e-06,0.008605069,0.001282998,0.008261153,0.000346749,0.002239163,0.000388917,0.002237663,0.000582082,0.000311916
442,10.86576,0.02514529,1.167e-06,0.009401568,0.001398748,0.00817232,0.000343666,0.002307246,0.000385499,0.00223933,0.000582666,0.000313083
443,10.8909,0.02489129,9.17e-07,0.009156318,0.001305748,0.008183487,0.000351166,0.002335913,0.000421416,0.00223308,0.000576415,0.000326833
444,10.91579,0.02482054,1.083e-06,0.008620069,0.001403581,0.008157071,0.000379832,0.002351996,0.000401416,0.002248747,0.000941998,0.00031475
445,10.94061,0.02450029,1.25e-06,0.008863319,0.001241164,0.008102821,0.000345249,0.002240496,0.000389916,0.002306747,0.000576332,0.000432999
446,10.96512,0.02491588,1e-06,0.009301068,0.001247081,0.008089987,0.000341666,0.00223908,0.000388583,0.00224108,0.000651582,0.000414749
447,10.99003,0.02507096,1e-06,0.009421652,0.001232998,0.00807707,0.000340833,0.002235496,0.000392916,0.002405913,0.000649249,0.000313833
448,11.0151,0.02440913,1e-06,0.008626069,0.001258415,0.008354069,0.00035775,0.002290913,0.000388082,0.00223708,0.000584083,0.000311666
449,11.03951,0.02442763,1.084e-06,0.008741485,0.001254498,0.008218737,0.000358416,0.002228996,0.000380667,0.002345162,0.000585333,0.000313249
450,11.06394,0.02529521,8.33e-07,0.009546151,0.001269081,0.008373153,0.000344916,0.002235163,0.00039575,0.002236413,0.000582416,0.000311332
451,11.08923,0.02441571,1.084e-06,0.008730986,0.001360247,0.008098904,0.000338249,0.002333246,0.000417,0.002238496,0.000585583,0.000311916
452,11.11365,0.02575863,1e-06,0.01003598,0.001245665,0.008277569,0.000377333,0.002293246,0.000391333,0.00224483,0.000573082,0.000318583
453,11.13941,0.02486688,1.167e-06,0.009123818,0.001300748,0.008190737,0.000344416,0.00226708,0.000392416,0.002339163,0.000595999,0.000311332
454,11.16428,0.02468238,1.083e-06,0.008819819,0.001240165,0.008272236,0.000380583,0.00232508,0.000457916,0.002285329,0.000584499,0.000315666
455,11.18896,0.02534338,1e-06,0.009390485,0.001026415,0.008693235,0.00034575,0.002235163,0.000494166,0.002247996,0.000576832,0.000332333
456,11.2143,0.02476938,1.084e-06,0.008671236,0.001379664,0.008551319,0.0003885,0.002251746,0.000392166,0.002235246,0.000575083,0.000323333
457,11.23907,0.02488388,1.084e-06,0.009375318,0.000913998,0.008432403,0.000358583,0.002290496,0.000382333,0.002242579,0.000576166,0.000310916
458,11.26395,0.02466454,1.417e-06,0.008757069,0.001304498,0.008137237,0.000351166,0.002589912,0.000390666,0.002234663,0.000584083,0.000313833
459,11.28862,0.02427688,8.33e-07,0.008700986,0.001219581,0.00812707,0.0003485,0.002248829,0.000380833,0.00234983,0.000584915,0.0003155
460,11.3129,0.02562146,1.167e-06,0.009221902,0.001419581,0.008869485,0.000348416,0.002242163,0.000379,0.002238246,0.000589833,0.000311666
461,11.33852,0.02451721,1.333e-06,0.008693903,0.001277164,0.00844482,0.000352916,0.002235163,0.000379416,0.002237913,0.000583999,0.000310583
462,11.36303,0.02566421,9.17e-07,0.009480401,0.001281165,0.008209403,0.00037725,0.002776162,0.000381749,0.002259246,0.000576499,0.000321417
463,11.3887,0.02431604,1e-06,0.008814486,0.001157998,0.008136987,0.000349999,0.002331247,0.000381749,0.002245746,0.000574416,0.000322416
464,11.41301,0.02562054,1e-06,0.009655651,0.001253165,0.008430986,0.000358666,0.002411746,0.000381333,0.002242246,0.000574916,0.000310833
465,11.43864,0.02491171,1.083e-06,0.009135235,0.001237832,0.008280569,0.000374333,0.002360663,0.000381333,0.002243246,0.000574749,0.000322666
466,11.46355,0.02426238,1.167e-06,0.008571403,0.001301998,0.008284319,0.000355416,0.002232664,0.000378166,0.002235413,0.000590582,0.000311249
467,11.48781,0.02524238,1.5e-06,0.009538318,0.001279248,0.008154653,0.000339749,0.00223858,0.00038025,0.002405496,0.000576665,0.000327916
468,11.51305,0.02441313,1e-06,0.008648569,0.001341081,0.008316153,0.000348166,0.00224308,0.000378916,0.002238746,0.000583749,0.000313666
469,11.53746,0.02422538,1.25e-06,0.008569153,0.001231331,0.008282486,0.000345917,0.002239746,0.000389499,0.00223358,0.000575166,0.000357249
470,11.56169,0.02509054,1.25e-06,0.009079819,0.001359081,0.008516736,0.000343499,0.00224283,0.000379333,0.002266079,0.000588583,0.000313333
471,11.58678,0.02471229,1.083e-06,0.008686653,0.001366497,0.008067237,0.000342583,0.002345079,0.000384083,0.002310163,0.000883499,0.000325416
472,11.61149,0.02530504,1.167e-06,0.009463401,0.001260331,0.00836057,0.000395249,0.002294496,0.000385,0.002242079,0.00057625,0.000326499
473,11.6368,0.02497496,1e-06,0.009227152,0.001285331,0.008187154,0.000340332,0.002241163,0.00037925,0.002347079,0.000594666,0.000371833
474,11.66177,0.02436579,1.166e-06,0.00863732,0.001296914,0.008283987,0.000401416,0.00223483,0.000378582,0.002238163,0.000582083,0.000311332
475,11.68614,0.02475379,1.083e-06,0.009097568,0.001227332,0.008285403,0.000344083,0.002236579,0.000391333,0.002235163,0.000575499,0.00035975
476,11.71089,0.02476971,8.33e-07,0.009029235,0.001302582,0.00818957,0.000352166,0.002235246,0.000375333,0.002378746,0.000577916,0.000328083
477,11.73566,0.02527212,1.083e-06,0.009474235,0.001276998,0.008412986,0.000349333,0.002237579,0.00037825,0.002248746,0.000575416,0.000317499
478,11.76093,0.02488021,1.083e-06,0.009222985,0.001289331,0.008135903,0.000378333,0.002301746,0.00038475,0.002265496,0.000588833,0.000311749
479,11.78581,0.02438313,1e-06,0.008536153,0.001366414,0.008214487,0.000343916,0.002244913,0.000390749,0.002321163,0.000640166,0.000324166
480,11.8102,0.02496646,1.333e-06,0.009309569,0.001262331,0.00818232,0.000399749,0.002301413,0.00038,0.002242163,0.000575665,0.000311917
481,11.83516,0.02429413,1e-06,0.00868432,0.001221248,0.008176403,0.000343583,0.002344996,0.000384083,0.002236829,0.000588749,0.000312917
482,11.85946,0.02617246,1.083e-06,0.009341735,0.00216908,0.008563486,0.000354083,0.002235746,0.000378666,0.002241663,0.000575999,0.000310916
483,11.88563,0.02602487,1.083e-06,0.009058402,0.002304496,0.008128654,0.000352666,0.002234996,0.000382833,0.002648912,0.000578499,0.000334333
484,11.91166,0.02519113,1.166e-06,0.008677653,0.00205883,0.008317153,0.000343833,0.002262329,0.000391916,0.002233497,0.000576332,0.000328416
485,11.93685,0.02581587,1.166e-06,0.009288235,0.002169497,0.00806457,0.000342333,0.002248163,0.000441916,0.002356412,0.000587166,0.000316416
486,11.96266,0.02516063,1.084e-06,0.008587986,0.002119163,0.008305236,0.000348166,0.002237913,0.00038825,0.002240496,0.000618832,0.0003135
487,11.98782,0.02573012,1.083e-06,0.009261402,0.002214663,0.008117154,0.000342916,0.002265163,0.000388916,0.002237996,0.000575999,0.000324833
488,12.01355,0.02551837,1.667e-06,0.009027985,0.00211358,0.008147486,0.00034225,0.002236913,0.000391166,0.002349163,0.000574416,0.000333749
489,12.03907,0.02619079,1e-06,0.009223151,0.002088497,0.008716652,0.000344583,0.002261497,0.000384916,0.002268329,0.000587083,0.000315082
490,12.06526,0.02542163,1.25e-06,0.008894486,0.002044413,0.008348236,0.0003525,0.002235996,0.000377916,0.002275663,0.000576249,0.000314917
491,12.09068,0.02539321,1.083e-06,0.008748736,0.00207258,0.008319736,0.000354,0.002262663,0.000379249,0.002352246,0.000572666,0.000330249
492,12.11608,0.02623404,1e-06,0.009344151,0.002172746,0.008524153,0.0003475,0.002245413,0.000388666,0.002247579,0.000581749,0.000381083
493,12.14231,0.02798904,1.417e-06,0.01039607,0.002125663,0.00830307,0.000342916,0.003275078,0.000398416,0.00224808,0.000583999,0.000314333
494,12.1703,0.02515204,1.333e-06,0.008554569,0.002117997,0.00831032,0.000350499,0.002286413,0.000389416,0.002236747,0.000591915,0.000312833
495,12.19545,0.02583737,1e-06,0.009354985,0.002126746,0.008129071,0.000350582,0.002237163,0.000377666,0.00235658,0.000575666,0.000327916
496,12.22129,0.02515254,1.167e-06,0.008620569,0.002071413,0.00832507,0.000349916,0.002272497,0.000378332,0.002236413,0.000585083,0.000312082
497,12.24644,0.02568104,1.166e-06,0.009212402,0.002196663,0.008149237,0.000350583,0.002248746,0.000388833,0.002236329,0.000573666,0.000323416
498,12.27212,0.02551779,1.334e-06,0.008780319,0.002508079,0.008120737,0.000345749,0.00224583,0.000385499,0.002237163,0.000583999,0.000309083
499,12.29764,0,0,0,0,0,0,0,0,0,0,0

Averages:
0.02459528,1.174166e-06,0.008876439,0.001044955,0.00836505,0.0003600443,0.002334993,0.0003931897,0.002291063,0.000599952,0.0003284233
