OpenCV version: 2.4
Usage: 7-SobelDerivatives <input-number> [<samples>]
input-number - is the video device number. Defaults to zero. E.g. for /dev/video2 just use '2' as argument.
samples - number of samples before application ends. Defaults to 1000; zero means infinite.
sample_number,elapsed_time,frame,mat_alloc,read_img,gpumat_alloc,gpu_frame_upload,convert_color,gaussian_blur,sobel,gpu_frame_download,convert_scale,sobel2,gpu_frame_download2,convert_scale2,add_weighted,show_img
0,0,2.060888,8.75e-06,0.003813578,6.66e-07,2.031525,0.002881163,0.005300993,0.005039742,0.001595415,0.000940499,0.005053742,0.001510415,0.001319831,0.001257749,0.000640499
1,2.060888,0.07800089,1.417e-06,0.02930904,9.17e-07,0.000493249,0.01864347,0.02057664,0.002494746,0.000631749,0.000942499,0.002180497,0.000690832,0.000891166,0.000969165,0.0001755
2,2.138889,0.02138055,2.667e-06,0.005419492,8.34e-07,0.000449082,0.000662166,0.002765413,0.00243658,0.000737165,0.000833249,0.005577826,0.000729082,0.000824249,0.000841832,0.000100916
3,2.16027,0.01955214,1.083e-06,0.003912328,1e-06,0.000532999,0.000659166,0.002730913,0.00218933,0.003491162,0.000832582,0.002576913,0.000766332,0.000829999,0.000929915,9.8417e-05
4,2.179822,0.02312013,1.083e-06,0.003192579,6.67e-07,0.000457999,0.000866166,0.002638579,0.002686496,0.000809083,0.000831332,0.009085487,0.000768332,0.000806749,0.000865999,0.000109583
5,2.202942,0.02587038,1.5e-06,0.003314745,8.33e-07,0.000443833,0.000882582,0.01064074,0.002980163,0.000862999,0.000927498,0.003000579,0.000790666,0.000884832,0.000983749,0.000155666
6,2.228812,0.03210746,2.167e-06,0.00665124,1.25e-06,0.000677666,0.001132832,0.00438616,0.008027989,0.001097665,0.001562664,0.003826912,0.001271081,0.001586748,0.001654748,0.000228333
7,2.26092,0.03166787,2.084e-06,0.006308991,1.666e-06,0.000706833,0.001163248,0.004250244,0.008278655,0.001120665,0.001687998,0.003552078,0.001162165,0.001565081,0.001662081,0.000206083
8,2.292588,0.02724755,2.167e-06,0.006225241,1.25e-06,0.000724582,0.003905745,0.003596662,0.003713161,0.000881499,0.001304748,0.003240579,0.000939415,0.001246332,0.001329998,0.000136166
9,2.319835,0.0256663,1.584e-06,0.00674524,1.084e-06,0.000613665,0.002673913,0.003361746,0.003181079,0.000837915,0.001301498,0.003296412,0.000936832,0.001240415,0.001334498,0.000140417
10,2.345501,0.0267523,1.583e-06,0.005401993,1e-06,0.000620249,0.004915493,0.003489828,0.003042913,0.001034498,0.000987416,0.002871079,0.00216633,0.000978666,0.001124748,0.0001165
11,2.372254,0.02151289,1.167e-06,0.005958575,1.25e-06,0.000510916,0.001241164,0.004143911,0.00266208,0.000767582,0.000837749,0.002711329,0.000819249,0.000883166,0.000858665,0.000116083
12,2.393767,0.02791404,9.16e-07,0.005993825,1.25e-06,0.000426166,0.005152827,0.004548493,0.002649663,0.001014249,0.000839665,0.00476066,0.000756166,0.000791249,0.000872248,0.000106667
13,2.421681,0.02572821,8.34e-07,0.003184245,6.67e-07,0.000608916,0.001069082,0.006225074,0.007806156,0.000747332,0.000838749,0.002705746,0.000762749,0.000813999,0.000855082,0.000109583
14,2.447409,0.02640071,9.16e-07,0.003373162,7.5e-07,0.000899582,0.001085082,0.003541745,0.004571994,0.006294324,0.000834332,0.003109413,0.000916498,0.000812749,0.000851749,0.000108417
15,2.47381,0.02475955,1.084e-06,0.00696149,8.33e-07,0.000554666,0.00462816,0.003027163,0.002652246,0.000750582,0.000842332,0.002811496,0.000747333,0.000815998,0.000854999,0.000111167
16,2.498569,0.0240643,1.083e-06,0.003211745,5.84e-07,0.000383833,0.001218748,0.003613328,0.008639238,0.000747332,0.000838666,0.002786579,0.000756082,0.000902332,0.000854916,0.000109833
17,2.522633,0.03125779,7.5e-07,0.005394159,6.67e-07,0.000472916,0.005151743,0.004943743,0.002734829,0.000746749,0.000840249,0.004808077,0.004279327,0.000871582,0.000904499,0.0001085
18,2.553891,0.0266408,1.084e-06,0.004241494,6.66e-07,0.000405,0.001116748,0.003151496,0.0107754,0.000761666,0.000840665,0.002736663,0.000747999,0.000900166,0.000853082,0.000108666
19,2.580532,0.02412855,1.084e-06,0.003512078,7.5e-07,0.000412916,0.001625414,0.008574155,0.002764829,0.000902999,0.000841916,0.002765246,0.000742082,0.000819749,0.001054748,0.000110584
20,2.604661,0.02539196,1.166e-06,0.003741328,7.5e-07,0.002453997,0.006534741,0.003032162,0.002863829,0.000783166,0.000840749,0.002770996,0.000593832,0.000810916,0.000855999,0.000108333
21,2.630053,0.02336997,1.083e-06,0.004307911,6.66e-07,0.000400416,0.002234164,0.006568491,0.002957912,0.000795082,0.000852499,0.002729496,0.000744666,0.000813416,0.000855498,0.000108667
22,2.653423,0.02558663,1.083e-06,0.003961245,7.5e-07,0.002397163,0.006556074,0.003011329,0.002661663,0.000894999,0.000840332,0.002736746,0.000754999,0.000810332,0.000851416,0.0001085
23,2.679009,0.02285022,1e-06,0.003172745,5e-07,0.000508999,0.001102415,0.008123239,0.002756413,0.000753749,0.000843582,0.002934829,0.000737082,0.000890999,0.000918166,0.000106499
24,2.701859,0.02543913,8.33e-07,0.004308494,7.5e-07,0.000474416,0.002187164,0.008513988,0.00269383,0.000757582,0.000844915,0.003058413,0.000743499,0.000893915,0.000852915,0.000108417
25,2.727298,0.02345805,9.99e-07,0.003973828,7.5e-07,0.002345247,0.004446327,0.003127496,0.002662746,0.000762082,0.000839499,0.002793163,0.000730332,0.000815832,0.000851082,0.000108667
26,2.750757,0.0260363,1e-06,0.003194495,6.67e-07,0.000524999,0.003486662,0.008554905,0.002694996,0.000767582,0.000962332,0.002845996,0.000768332,0.001037999,0.001078498,0.000117834
27,2.776793,0.02438896,1.083e-06,0.007048907,1e-06,0.000539415,0.003790578,0.003353996,0.002682163,0.000745832,0.000838915,0.002859746,0.000753416,0.000814832,0.000851249,0.000107833
28,2.801182,0.02557263,1.333e-06,0.003197079,5.83e-07,0.00039975,0.001221248,0.01102832,0.002685746,0.000764666,0.000895748,0.00284108,0.000772665,0.000791416,0.000866165,0.000106833
29,2.826754,0.02285663,1.166e-06,0.005176993,5e-07,0.000459416,0.005356826,0.003059745,0.002684997,0.000443582,0.000839166,0.00261208,0.000445666,0.000813832,0.000854582,0.000108083
30,2.849611,0.02448038,1e-06,0.004339077,7.5e-07,0.000446167,0.007706072,0.003006079,0.002648413,0.000455833,0.000843582,0.002807913,0.000450249,0.000814999,0.000851832,0.000108417
31,2.874091,0.02233797,1.083e-06,0.003438162,5.83e-07,0.001021749,0.00259808,0.006240657,0.002667413,0.000448166,0.000837833,0.002732412,0.00045525,0.000878998,0.000909249,0.000108333
32,2.896429,0.02344955,1.167e-06,0.003203162,8.33e-07,0.000958332,0.002670413,0.007920572,0.002619663,0.000446333,0.000846582,0.002565913,0.000441499,0.000810499,0.000841166,0.000123416
33,2.919879,0.02220764,1.167e-06,0.006039908,6.67e-07,0.000519166,0.003968911,0.002775413,0.002597413,0.000443666,0.000834499,0.002657496,0.000594582,0.000806583,0.000860498,0.000107667
34,2.942087,0.02495005,1e-06,0.003173913,5.83e-07,0.000832499,0.001559831,0.0103674,0.002870079,0.000448916,0.000837916,0.002641996,0.000442583,0.000813499,0.000852332,0.0001075
35,2.967037,0.02218672,1.25e-06,0.005076326,8.33e-07,0.001218749,0.003986494,0.002882579,0.00262183,0.000640916,0.000838999,0.002679746,0.000463999,0.000810666,0.000855999,0.000108333
36,2.989223,0.02493247,8.33e-07,0.003184496,6.66e-07,0.00061225,0.001044665,0.01121065,0.002694079,0.00045225,0.000838248,0.00260258,0.000445583,0.000811249,0.000931165,0.00010375
37,3.014156,0.02228055,1.083e-06,0.005367492,8.34e-07,0.000997165,0.004275661,0.002811162,0.00273108,0.000452916,0.000835082,0.002581496,0.000448416,0.000810083,0.000856998,0.000111084
38,3.036436,0.02401338,1e-06,0.003730328,9.17e-07,0.000434083,0.002584246,0.008304072,0.002692413,0.000450749,0.000835332,0.002602747,0.000608832,0.000797749,0.000857582,0.000113333
39,3.06045,0.02294364,1.083e-06,0.004192411,6.67e-07,0.002290497,0.00429291,0.002991413,0.002784496,0.000463583,0.000839998,0.002818413,0.000441583,0.000764415,0.000952749,0.000109417
40,3.083393,0.02453922,1e-06,0.003181496,5.83e-07,0.001236582,0.002832746,0.008388821,0.002645247,0.000445666,0.000917915,0.00265408,0.000457416,0.000812832,0.000854999,0.000109833
41,3.107933,0.0217173,9.17e-07,0.003185495,6.67e-07,0.000926082,0.002654996,0.006178325,0.002609746,0.000448833,0.000839165,0.002661413,0.000442,0.000809332,0.000850249,0.000110083
42,3.12965,0.02506413,1.084e-06,0.004346743,6.67e-07,0.002482497,0.006129574,0.002795496,0.003007746,0.000450333,0.000880915,0.00274683,0.000448832,0.000808999,0.000857082,0.000107334
43,3.154714,0.02198405,1e-06,0.003177328,6.67e-07,0.000377,0.001026415,0.008652404,0.002664163,0.000447166,0.000835249,0.002590746,0.000444,0.000808332,0.000851915,0.000107667
44,3.176698,0.02393188,1e-06,0.003189079,6.67e-07,0.000976582,0.002552996,0.008257155,0.002684496,0.000452833,0.000831999,0.002718663,0.000494166,0.000807749,0.000855582,0.000108916
45,3.20063,0.02252638,1.334e-06,0.004200244,1e-06,0.002319996,0.004402494,0.002797413,0.002617413,0.000446083,0.000833582,0.002564413,0.000443166,0.000870999,0.000918665,0.000109583
46,3.223156,0.02473497,1.25e-06,0.005433159,9.17e-07,0.001016999,0.006180908,0.003162329,0.002725662,0.000465166,0.000835083,0.002690496,0.000459166,0.000792999,0.000862415,0.000108417
47,3.247891,0.0221523,1.25e-06,0.003243912,5.83e-07,0.000875499,0.00281383,0.006077908,0.002645329,0.000445,0.000837498,0.002914496,0.0004415,0.000888749,0.000856165,0.000110583
48,3.270044,0.02454455,1.167e-06,0.004201161,5.83e-07,0.002326913,0.006316408,0.002912079,0.00262258,0.000443499,0.000834499,0.002613246,0.000441083,0.000862416,0.000860248,0.000108667
49,3.294588,0.02267722,9.17e-07,0.005550326,6.66e-07,0.001000166,0.00428891,0.002784996,0.002681497,0.000612499,0.000844665,0.002689663,0.000461583,0.000808915,0.000843666,0.00010875
50,3.317265,0.02407713,1.083e-06,0.003185662,5.84e-07,0.000392583,0.001323914,0.0103079,0.002624163,0.00045375,0.000838665,0.002588747,0.000442666,0.000809332,0.000943582,0.0001645
51,3.341343,0.02315647,1e-06,0.003189245,9.17e-07,0.000918249,0.001030998,0.009164654,0.002716163,0.000476749,0.000840082,0.002594913,0.000462833,0.000792249,0.000860582,0.000107833
52,3.364499,0.02417247,1e-06,0.003184746,7.5e-07,0.000642832,0.000997999,0.0101054,0.002614413,0.000449749,0.000841333,0.002891246,0.000598749,0.000879498,0.000854833,0.000109916
53,3.388671,0.02199964,1e-06,0.00513016,7.5e-07,0.000993415,0.004265827,0.00289008,0.002611246,0.000450083,0.000837082,0.002602913,0.000442833,0.000812082,0.000850832,0.000111333
54,3.410671,0.02680046,1e-06,0.007592323,7.5e-07,0.000525082,0.005233493,0.004522577,0.002802579,0.000456,0.000838332,0.002601746,0.000450416,0.000814332,0.000853333,0.000108499
55,3.437472,0.02613521,1e-06,0.003526912,6.67e-07,0.001022998,0.001112665,0.002798246,0.004932243,0.000473416,0.000843499,0.009123571,0.000454999,0.000876582,0.000858332,0.000110084
56,3.463607,0.02430346,1.083e-06,0.006391574,6.67e-07,0.000473583,0.005238159,0.003194829,0.002629413,0.000448582,0.000903499,0.002787496,0.00044975,0.000809415,0.000865332,0.000110083
57,3.48791,0.03277995,1e-06,0.007363823,9.17e-07,0.000499999,0.00488041,0.004689743,0.004509327,0.000491249,0.000842999,0.003625912,0.004109911,0.000805415,0.000848666,0.000110583
58,3.52069,0.03340929,8.33e-07,0.006832657,7.5e-07,0.001311415,0.006759407,0.002779496,0.002463497,0.000450082,0.000831249,0.005317993,0.004889659,0.000739833,0.000923582,0.000108833
59,3.5541,0.02516538,8.33e-07,0.003812412,7.5e-07,0.000526082,0.000926499,0.006276741,0.007391573,0.000449583,0.000842999,0.002710079,0.000451833,0.000810332,0.000856249,0.000109416
60,3.579265,0.02588205,1.25e-06,0.00681099,7.5e-07,0.000597249,0.005157076,0.002965246,0.00259383,0.000456916,0.000817415,0.002592163,0.000465333,0.000803749,0.000857165,0.001762914
61,3.605147,0.0237023,1.083e-06,0.003208329,7.5e-07,0.000626999,0.001049915,0.003511329,0.008396905,0.000619666,0.001032331,0.002793246,0.000484833,0.000908332,0.000955249,0.000113333
62,3.628849,0.02521663,8.33e-07,0.004139411,5.83e-07,0.0005045,0.008503404,0.003009746,0.002675413,0.000466999,0.000815416,0.002831829,0.0004385,0.000744915,0.000963416,0.000121666
63,3.654066,0.02258588,1.166e-06,0.006197158,1.084e-06,0.000564749,0.003943828,0.002758746,0.002706662,0.000441667,0.000861915,0.002743579,0.000605083,0.000793166,0.000859332,0.000107749
64,3.676652,0.02377655,1.25e-06,0.003213746,6.66e-07,0.000623333,0.000998332,0.01024424,0.002609997,0.000444332,0.000834749,0.00257583,0.000444166,0.000810499,0.000866832,0.000108583
65,3.700428,0.02257513,1.083e-06,0.00526541,6.66e-07,0.000938666,0.004280744,0.002793662,0.002601497,0.000468666,0.000820082,0.003130495,0.000447166,0.000766083,0.000953665,0.00010725
66,3.723003,0.02538755,1e-06,0.003209662,7.5e-07,0.000784832,0.001293331,0.01121607,0.00274958,0.000452666,0.000836832,0.002639829,0.000444083,0.000809499,0.000840499,0.000108916
67,3.748391,0.02242389,1.25e-06,0.003430329,6.67e-07,0.001027832,0.002673246,0.006379657,0.002807747,0.000451749,0.000836415,0.00259683,0.000451916,0.000809749,0.000850749,0.00010575
68,3.770815,0.02404347,1.333e-06,0.00502141,1e-06,0.001028498,0.006156908,0.002832913,0.002574746,0.00047325,0.000815748,0.002771913,0.000589083,0.000811165,0.000844416,0.000121083
69,3.794858,0.0229508,1.25e-06,0.00418791,6.67e-07,0.002345913,0.004061245,0.003065995,0.002735663,0.000458166,0.000837582,0.00292033,0.000444916,0.000765499,0.001015498,0.000110167
70,3.817809,0.02406913,7.5e-07,0.003964578,6.66e-07,0.002483247,0.005877408,0.00286158,0.002541163,0.000460249,0.000815832,0.00283233,0.000447082,0.000820916,0.000841415,0.000121917
71,3.841878,0.02187064,1e-06,0.003223746,9.17e-07,0.000347666,0.003507245,0.006039825,0.002628913,0.000446999,0.000837665,0.00261133,0.000448083,0.000815332,0.000855082,0.000106833
72,3.863749,0.02441088,1.25e-06,0.006095991,7.5e-07,0.000499999,0.005909992,0.002831913,0.002712663,0.000591582,0.000838332,0.002702413,0.00044925,0.000814665,0.000840082,0.000122
73,3.88816,0.02198939,1e-06,0.005710242,9.17e-07,0.000538583,0.004105994,0.002794662,0.002591997,0.000446499,0.000833082,0.002746413,0.000446416,0.000808749,0.000858249,0.000106583
74,3.910149,0.02419022,7.5e-07,0.003790828,7.5e-07,0.00237958,0.006324991,0.002868746,0.002711413,0.000450083,0.000835249,0.002611663,0.000445916,0.000806498,0.000854833,0.000108916
75,3.934339,0.02324513,1.083e-06,0.003426412,6.67e-07,0.000845582,0.003437995,0.006414908,0.002643746,0.000457499,0.000820166,0.002796663,0.000442582,0.000833832,0.001013582,0.000110417
76,3.957585,0.0247163,9.17e-07,0.003970995,6.66e-07,0.002794996,0.00459416,0.004541911,0.002665746,0.000462416,0.000816916,0.002566663,0.000525582,0.000809499,0.000856916,0.000108916
77,3.982301,0.0227063,1.167e-06,0.005339159,7.5e-07,0.000900665,0.004498827,0.002798246,0.002606163,0.000465333,0.000906249,0.002865162,0.000438333,0.000764166,0.001013998,0.000108083
78,4.005007,0.0249573,1.084e-06,0.003234745,7.5e-07,0.000676249,0.001021832,0.01101432,0.002669746,0.000450166,0.000845582,0.00274883,0.000434082,0.000897749,0.000852916,0.000109249
79,4.029964,0.02263338,1.083e-06,0.003188496,5.83e-07,0.000409333,0.001187748,0.009101737,0.002621747,0.000453916,0.000838082,0.002617663,0.000453666,0.000809499,0.000841082,0.00010875
80,4.052598,0.02423547,1e-06,0.003188912,8.34e-07,0.000408249,0.003474162,0.007995405,0.002843246,0.000450083,0.000832665,0.002629913,0.000626,0.000814498,0.000861999,0.0001085
81,4.076833,0.02311172,1.167e-06,0.003458328,7.5e-07,0.000833832,0.003382996,0.006439907,0.00258508,0.000472166,0.000817082,0.002776163,0.000443749,0.000744833,0.001017915,0.00013775
82,4.099945,0.02416205,1.334e-06,0.004061744,7.5e-07,0.000498916,0.00248708,0.008176905,0.002676579,0.000446916,0.000833166,0.002752329,0.000467083,0.000790999,0.000860332,0.000107917
83,4.124107,0.02208522,7.5e-07,0.003264079,8.34e-07,0.000991998,0.002733913,0.006224075,0.002625162,0.00049425,0.000836582,0.002696496,0.000443833,0.000808499,0.000855999,0.000108749
84,4.146192,0.02473721,7.5e-07,0.006227491,7.5e-07,0.001131748,0.005500493,0.002830912,0.00288108,0.000455999,0.000862249,0.002623829,0.000446083,0.000811332,0.000854583,0.000109916
85,4.170929,0.0219678,1.334e-06,0.005383825,6.67e-07,0.000917332,0.004283661,0.002797579,0.002519663,0.000444833,0.000837582,0.002571413,0.000440999,0.000810083,0.000851832,0.000107
86,4.192897,0.02370572,1.166e-06,0.003187413,8.33e-07,0.000918082,0.002663496,0.008020656,0.002718079,0.000453916,0.000841582,0.00266983,0.000448166,0.000809916,0.000863748,0.000108833
87,4.216603,0.02177197,1.083e-06,0.004245661,6.66e-07,0.000493833,0.002243663,0.006029325,0.00261433,0.000449749,0.000835166,0.00257508,0.000445082,0.000805499,0.000855999,0.000176833
88,4.238375,0.02448288,8.33e-07,0.005404409,5e-07,0.001020082,0.006194075,0.002951579,0.00268608,0.000534165,0.000834416,0.00263358,0.000449749,0.000806749,0.000858332,0.000108333
89,4.262858,0.02237072,1.083e-06,0.005124326,8.33e-07,0.001031832,0.004226078,0.002955079,0.002677496,0.000444833,0.000840415,0.002696413,0.000592499,0.000813916,0.000857665,0.00010825
90,4.285229,0.02440588,1.083e-06,0.003431329,6.66e-07,0.000638583,0.001062248,0.01009215,0.002645996,0.000461499,0.000817583,0.002974162,0.000442416,0.000765582,0.000963082,0.0001095
91,4.309634,0.02241789,1.167e-06,0.005553409,7.5e-07,0.000957999,0.00425941,0.00278508,0.002623913,0.000448916,0.000844999,0.002720329,0.000451333,0.000811749,0.000850998,0.000107834
92,4.332052,0.0238938,1e-06,0.003180329,5.83e-07,0.000949416,0.002686329,0.008289655,0.002692497,0.000450666,0.000833415,0.002588413,0.000443749,0.000810083,0.000858248,0.000109417
93,4.355946,0.02257897,1.084e-06,0.004193577,6.67e-07,0.002337913,0.004283494,0.002811996,0.00266408,0.000615665,0.000821083,0.002618246,0.000449749,0.000806166,0.000866332,0.000108916
94,4.378525,0.03007371,1.166e-06,0.004843827,1e-06,0.000419916,0.00189308,0.008814405,0.002582579,0.000448,0.000835915,0.004381911,0.004079744,0.000737999,0.000924415,0.00010975
95,4.408599,0.02507013,1.083e-06,0.003816995,8.33e-07,0.000426416,0.000970666,0.003015829,0.01022857,0.000465749,0.000817332,0.003001746,0.000449333,0.000812082,0.000955165,0.000108333
96,4.433669,0.02324422,1.083e-06,0.005866492,6.67e-07,0.001071248,0.004303661,0.003127329,0.002751829,0.000463583,0.000819416,0.002607913,0.000449249,0.000808665,0.000864249,0.000108833
97,4.456913,0.0225508,1.084e-06,0.004007411,6.67e-07,0.000450332,0.000897499,0.002839413,0.004938826,0.003518328,0.000834499,0.002844996,0.00044175,0.000809165,0.000857416,0.000109416
98,4.479464,0.02536555,1.084e-06,0.005595908,7.5e-07,0.001036249,0.006481658,0.003096329,0.002772496,0.000638749,0.000839249,0.002675162,0.00044725,0.000808415,0.000860833,0.000111416
99,4.504829,0.02435455,1.167e-06,0.005660658,6.67e-07,0.001061165,0.004322661,0.002839412,0.002614997,0.000441749,0.000833916,0.00423866,0.000476166,0.000812333,0.000942998,0.000108
100,4.529184,0.0228028,1.083e-06,0.003183829,7.5e-07,0.000675833,0.001026998,0.008978488,0.002746579,0.000449833,0.000838165,0.002681746,0.000444417,0.000814082,0.000852332,0.000108666
101,4.551987,0.02437205,1e-06,0.005349243,6.66e-07,0.001030332,0.006194658,0.002914579,0.00272508,0.000463166,0.000839999,0.002615079,0.000467583,0.000811999,0.000851332,0.000107333
102,4.576359,0.0383767,1.166e-06,0.005687159,7.5e-07,0.000436499,0.005155576,0.003959328,0.003384745,0.001126999,0.001509331,0.01458656,0.000545582,0.000909916,0.000962165,0.000110917
103,4.614736,0.03217171,1.083e-06,0.004348744,6.67e-07,0.000488582,0.001715415,0.005960658,0.01212315,0.000514499,0.001117998,0.002985663,0.000506582,0.001144415,0.001138415,0.000125834
104,4.646907,0.02630055,8.33e-07,0.005147326,1e-06,0.000539666,0.000916999,0.002973329,0.004553327,0.005780658,0.000884666,0.002984579,0.000450499,0.000891082,0.001060082,0.0001165
105,4.673208,0.02372805,1e-06,0.003811161,5.84e-07,0.001365331,0.003001079,0.006220741,0.003223579,0.000438166,0.000768833,0.002675496,0.000447082,0.000812916,0.000852749,0.000109333
106,4.696936,0.02524822,9.17e-07,0.004053828,9.16e-07,0.002393914,0.006288741,0.003128329,0.002716246,0.000466749,0.000830582,0.002937413,0.000582666,0.000783082,0.000955749,0.000109083
107,4.722184,0.02159272,1e-06,0.003266746,6.67e-07,0.000938665,0.00257808,0.006071824,0.002634913,0.000443666,0.000838583,0.002604163,0.000439082,0.000814666,0.000850999,0.000109666
108,4.743777,0.02455263,1e-06,0.003814161,5e-07,0.001052999,0.002764913,0.008036655,0.002529247,0.000447499,0.000900915,0.00276758,0.000451999,0.000814166,0.000861082,0.000109916
109,4.768329,0.02178372,7.5e-07,0.003185745,6.67e-07,0.001224665,0.002769329,0.006003908,0.002530413,0.000445583,0.000833582,0.00257183,0.000445583,0.000804082,0.000858749,0.000108833
110,4.790113,0.02471521,1e-06,0.005301409,8.33e-07,0.001011916,0.006510407,0.003007912,0.002710413,0.0004695,0.000817582,0.002622746,0.000438833,0.000759165,0.000955416,0.000108083
111,4.814828,0.02261739,1.083e-06,0.004239244,8.34e-07,0.002323246,0.004377161,0.002837579,0.00263583,0.000444166,0.000836415,0.00270083,0.000445333,0.000808665,0.000857916,0.000109083
112,4.837446,0.0245948,1.25e-06,0.003189413,5.83e-07,0.000771666,0.003472661,0.008076989,0.00266433,0.000453249,0.000839415,0.002846996,0.000443333,0.000766249,0.000961165,0.0001075
113,4.862041,0.0234798,1e-06,0.003183162,9.17e-07,0.000900165,0.00276083,0.006209157,0.00290433,0.000565332,0.000816999,0.003600745,0.000760499,0.000812249,0.000841082,0.000123333
114,4.88552,0.03231362,1.083e-06,0.004309744,8.34e-07,0.00236083,0.01047265,0.003992411,0.003439328,0.000554583,0.000815832,0.003955828,0.000634665,0.000814249,0.000851749,0.000109833
115,4.917834,0.02398663,1.25e-06,0.004077494,7.5e-07,0.001385415,0.003656911,0.005530326,0.002897829,0.000452416,0.000856415,0.002788997,0.000454249,0.000859915,0.000912749,0.000111917
116,4.941821,0.0245993,1.084e-06,0.004023911,6.66e-07,0.000518,0.002370163,0.008455905,0.002678579,0.000458833,0.000841582,0.002984829,0.00043875,0.000765249,0.000953248,0.0001085
117,4.96642,0.02872121,1.25e-06,0.003213662,5.83e-07,0.000790749,0.001292415,0.01233932,0.003688162,0.000543165,0.000839416,0.003614412,0.000522915,0.000913666,0.000851165,0.000110333
118,4.995141,0.03140504,1.25e-06,0.003185579,6.67e-07,0.000644499,0.001531748,0.0152509,0.003463828,0.000541666,0.000842416,0.003700078,0.000372416,0.000908749,0.000840082,0.000121166
119,5.026546,0.01729723,1.334e-06,0.003181662,5.83e-07,0.000902332,0.000521583,0.005346076,0.001980747,0.000372749,0.000839749,0.002009997,0.000383583,0.000790666,0.000859082,0.000107083
120,5.043843,0.01924314,8.33e-07,0.004430577,8.34e-07,0.000429166,0.000503999,0.006340074,0.002016748,0.000379249,0.000838666,0.002033163,0.000388666,0.000863666,0.000908249,0.000109249
121,5.063087,0.02014814,1.083e-06,0.004022411,6.67e-07,0.000629166,0.00172158,0.005697409,0.002179747,0.000418833,0.000882249,0.002404163,0.000417666,0.000808749,0.000855415,0.000109
122,5.083235,0.02076214,1e-06,0.005173576,8.34e-07,0.001015415,0.004281077,0.002383247,0.002137247,0.000416249,0.000836749,0.002337747,0.000417583,0.000789998,0.000863666,0.00010775
123,5.103997,0.0218113,8.34e-07,0.005871241,8.34e-07,0.000974748,0.003129829,0.002984413,0.002587246,0.000444749,0.000836916,0.002752746,0.000468333,0.000789915,0.000860999,0.0001085
124,5.125808,0.02508088,7.5e-07,0.003214996,5e-07,0.000635999,0.001521831,0.01066574,0.002748163,0.000569833,0.000843998,0.00254033,0.000531416,0.000839916,0.000857832,0.000109583
125,5.150889,0.01925939,1e-06,0.003368329,6.66e-07,0.00050275,0.003587328,0.002833746,0.002670413,0.000545666,0.000849249,0.002553246,0.000526249,0.000844999,0.000866082,0.000109667
126,5.170148,0.02337622,1.25e-06,0.004190244,1e-06,0.000508833,0.006056991,0.002983663,0.002757329,0.000597583,0.000910998,0.00286108,0.000570082,0.000896499,0.000928582,0.000112083
127,5.193525,0.0215558,1.25e-06,0.003999911,1e-06,0.000520749,0.003712495,0.003870661,0.002612163,0.0004535,0.000994415,0.002991662,0.00046425,0.000882665,0.000936165,0.000114917
128,5.21508,0.02400788,1e-06,0.003489995,7.5e-07,0.000947749,0.002825163,0.007965572,0.002652246,0.000448166,0.000897082,0.00256208,0.000443666,0.000813832,0.000851832,0.00010875
129,5.239088,0.02452463,9.17e-07,0.003216412,7.5e-07,0.000887749,0.001101748,0.009008237,0.002909496,0.000455083,0.000837749,0.002856829,0.001371915,0.000915082,0.000850249,0.000112416
130,5.263613,0.0264208,7.5e-07,0.004090661,6.67e-07,0.002431496,0.006365825,0.003008996,0.002901829,0.000551666,0.000835165,0.003830661,0.0005305,0.000911832,0.000851999,0.000108749
131,5.290034,0.02793429,1e-06,0.003214079,8.33e-07,0.000926749,0.002730413,0.01012807,0.003237079,0.000534832,0.000841333,0.004019994,0.000527332,0.000808999,0.000856249,0.000107333
132,5.317968,0.02429122,7.5e-07,0.003156662,5.83e-07,0.000783333,0.003120079,0.008180071,0.00271283,0.000464999,0.000814916,0.002590329,0.000444417,0.000812415,0.001100832,0.000109
133,5.342259,0.02197239,1.083e-06,0.003187496,5.83e-07,0.000646832,0.001028582,0.008187072,0.002798079,0.0004515,0.000836915,0.002607163,0.000450583,0.000808499,0.000858665,0.000109333
134,5.364232,0.02447621,1.25e-06,0.003273829,5.83e-07,0.000401333,0.001320331,0.01030399,0.002666913,0.000452832,0.000838332,0.002918413,0.000442416,0.000891999,0.000855582,0.000108416
135,5.388708,0.0231558,1.167e-06,0.00419691,6.67e-07,0.002336914,0.004346327,0.003336745,0.002770829,0.000453333,0.000839916,0.002651996,0.000450583,0.000809082,0.000852665,0.000108667
136,5.411864,0.02416472,1.25e-06,0.003958411,7.5e-07,0.002444747,0.005960325,0.002873079,0.002694163,0.000466416,0.000885665,0.002647663,0.000457833,0.000812665,0.000852499,0.00010925
137,5.436028,0.02181055,1e-06,0.003177913,7.5e-07,0.000894748,0.002894663,0.006002741,0.002618747,0.000451082,0.000841083,0.002708162,0.000444417,0.000809998,0.000855583,0.000109666
138,5.457839,0.0256988,8.33e-07,0.003333829,6.67e-07,0.000413582,0.001222665,0.01133348,0.002793996,0.00045275,0.000839332,0.002980996,0.000436249,0.000764582,0.000953832,0.000172
139,5.483538,0.02206705,1.083e-06,0.003975661,6.67e-07,0.00236008,0.004007744,0.002856663,0.00257983,0.000441999,0.000838499,0.002642663,0.000454583,0.000809915,0.000919249,0.000178416
140,5.505605,0.02418872,1.083e-06,0.003190496,6.66e-07,0.000927916,0.002854996,0.008419405,0.002660329,0.000452583,0.000832915,0.00262158,0.000445083,0.000809499,0.000863832,0.000108333
141,5.529793,0.02295938,1.25e-06,0.004185411,7.5e-07,0.00233658,0.004418827,0.002983413,0.002745579,0.000462416,0.000815749,0.002789079,0.000457333,0.000810249,0.000845332,0.000107417
142,5.552753,0.0242363,9.16e-07,0.003423996,5.83e-07,0.000991915,0.002799663,0.008273405,0.002614663,0.000461916,0.000841165,0.00260508,0.000448583,0.000809665,0.000843832,0.000120917
143,5.576989,0.02158355,9.17e-07,0.003745161,6.67e-07,0.000469499,0.00234833,0.006180825,0.002612163,0.000463999,0.000890582,0.002646913,0.0004465,0.000807249,0.000861498,0.00010925
144,5.598573,0.02576755,8.33e-07,0.003184829,7.5e-07,0.000958249,0.001059582,0.01135132,0.002778829,0.000453,0.000844249,0.002699246,0.000444249,0.000814832,0.001012916,0.000164666
145,5.62434,0.0223143,7.5e-07,0.005451826,6.67e-07,0.000538749,0.004265744,0.003013079,0.002880913,0.000448666,0.000836249,0.002655579,0.000451833,0.000810665,0.000852166,0.000107416
146,5.646655,0.02353472,1.083e-06,0.003683412,6.66e-07,0.000467916,0.002509497,0.008031322,0.00252183,0.000449916,0.000839999,0.002635579,0.000621999,0.000809666,0.000852082,0.00010975
147,5.670189,0.02293088,1.083e-06,0.003192912,6.67e-07,0.000795666,0.001050665,0.00905257,0.00274333,0.000451916,0.000838165,0.002575163,0.00044825,0.000812749,0.000858665,0.000109083
148,5.69312,0.02436072,1.083e-06,0.004085578,7.5e-07,0.000481166,0.00242633,0.008429404,0.002699497,0.000448832,0.000950749,0.002616746,0.00044875,0.000806749,0.000854998,0.000110084
149,5.717481,0.02291305,1.083e-06,0.005159993,6.66e-07,0.001008665,0.004252328,0.002806413,0.002749496,0.000443666,0.000842582,0.003388745,0.000446583,0.000744999,0.000960332,0.0001075
150,5.740394,0.02472338,1.083e-06,0.003322079,7.5e-07,0.000423999,0.001227915,0.01099215,0.00256083,0.000453416,0.000840665,0.00259683,0.000450249,0.000893332,0.000841916,0.000118166
151,5.765117,0.02220514,1.083e-06,0.003961078,7.5e-07,0.00247958,0.003912077,0.002789163,0.00264083,0.000446999,0.000839499,0.002807329,0.000432333,0.000761499,0.000950415,0.0001825
152,5.787322,0.02422197,1e-06,0.003180746,5.83e-07,0.000913499,0.002804246,0.008433654,0.002761663,0.000461916,0.000817166,0.002622746,0.000459999,0.000797916,0.000858915,0.000107917
153,5.811544,0.02244263,1.25e-06,0.004193328,9.16e-07,0.002320247,0.004238911,0.002794496,0.00255733,0.000448666,0.000835915,0.002670496,0.000605249,0.000810916,0.000856832,0.000108083
154,5.833987,0.02490213,1.167e-06,0.003196828,8.34e-07,0.000396249,0.001192582,0.01117815,0.002758663,0.000449582,0.000841499,0.002653746,0.0004455,0.000819582,0.000856665,0.000111084
155,5.858889,0.02245272,1.083e-06,0.003343745,7.5e-07,0.000395,0.003445578,0.006296408,0.002716996,0.00050425,0.000886332,0.002634496,0.000450583,0.000811915,0.000842832,0.00012275
156,5.881342,0.02416447,1e-06,0.006162992,9.16e-07,0.000572333,0.005841242,0.002795996,0.002602746,0.000547583,0.000835665,0.002586746,0.000445083,0.000807332,0.000857832,0.000107
157,5.905506,0.02282989,1e-06,0.003181996,6.66e-07,0.000615749,0.001525165,0.008433238,0.002848663,0.000458999,0.000839082,0.00270358,0.000449499,0.000813332,0.000853249,0.000105667
158,5.928336,0.02368938,1.166e-06,0.003177579,5.83e-07,0.000888499,0.002597746,0.008034406,0.00258133,0.000450749,0.000846082,0.002746663,0.000498749,0.000873749,0.000885915,0.000106167
159,5.952026,0.02284205,7.5e-07,0.003474745,7.5e-07,0.000847832,0.003413996,0.006312657,0.002665247,0.000467082,0.000816499,0.002620413,0.00045075,0.000807832,0.000854499,0.000108999
160,5.974868,0.02484471,1.084e-06,0.003187829,5e-07,0.000396999,0.001025749,0.01131432,0.002665496,0.000454,0.000837332,0.002741996,0.000442333,0.000813998,0.000852833,0.000110249
161,5.999712,0.02239755,1.083e-06,0.003183163,5.83e-07,0.000884915,0.002830496,0.006438408,0.002753746,0.000462666,0.000816582,0.00276683,0.000449666,0.000745249,0.000956332,0.000107833
162,6.02211,0.02492272,1e-06,0.003514329,8.33e-07,0.000426333,0.001181748,0.01087773,0.002748579,0.000479916,0.000837832,0.002618163,0.000463416,0.000810166,0.000854249,0.000108416
163,6.047033,0.02246097,1e-06,0.003186912,7.5e-07,0.001237332,0.002747413,0.006164074,0.00262333,0.000458833,0.000837165,0.002929913,0.000445333,0.000765665,0.000952749,0.0001105
164,6.069494,0.02365638,1e-06,0.005293159,6.67e-07,0.000450833,0.005960075,0.003192245,0.002516913,0.000454,0.000839582,0.002723163,0.000450832,0.000809249,0.000854832,0.000109834
165,6.09315,0.02321538,1e-06,0.004201994,8.33e-07,0.00226933,0.004448911,0.003001162,0.002724496,0.000461333,0.000838832,0.002807329,0.000614916,0.000780749,0.000955249,0.00010925
166,6.116365,0.02400847,1.083e-06,0.003948411,7.5e-07,0.002500163,0.005896159,0.002809079,0.00272233,0.000449582,0.000836416,0.00263783,0.000446416,0.000810665,0.000840749,0.000108833
167,6.140374,0.02260963,1.084e-06,0.003854661,6.67e-07,0.002369413,0.004399077,0.003112246,0.002622079,0.000441,0.000960498,0.00262008,0.000449666,0.000811916,0.000857748,0.0001095
168,6.162983,0.02513688,1.084e-06,0.003425245,8.33e-07,0.000839416,0.001048748,0.0109654,0.00273283,0.000452666,0.000843332,0.002598413,0.000458333,0.000790082,0.000874165,0.000106333
169,6.18812,0.02271663,1e-06,0.003996661,9.17e-07,0.002408746,0.004109911,0.002899913,0.002843329,0.000449083,0.000866249,0.002910745,0.000448333,0.000816582,0.000856083,0.000109083
170,6.210837,0.02519488,1.083e-06,0.005101409,5.84e-07,0.000996415,0.006178325,0.002770496,0.002624579,0.000615166,0.000836416,0.003702744,0.000534333,0.000862832,0.000861999,0.0001085
171,6.236032,0.02918187,1.166e-06,0.004218161,9.17e-07,0.000457499,0.00934457,0.003778578,0.003274996,0.000531499,0.000837582,0.004127078,0.000750415,0.000896666,0.000852582,0.000110166
172,6.265214,0.0328497,1.083e-06,0.003420579,5.83e-07,0.000576749,0.003436912,0.0134244,0.003422495,0.000563332,0.001000499,0.004246327,0.000569833,0.001054665,0.001013499,0.000118749
173,6.298063,0.02299838,1e-06,0.005772492,8.33e-07,0.001052165,0.004183245,0.003079745,0.00254908,0.000461833,0.000938082,0.002670246,0.000440749,0.000805749,0.000936999,0.000106166
174,6.321062,0.02507797,1.083e-06,0.004187661,1.084e-06,0.00240533,0.006345657,0.003057079,0.002602247,0.000464582,0.000816833,0.002937579,0.000434582,0.000763749,0.000952249,0.00010825
175,6.34614,0.02239439,8.34e-07,0.003182412,6.67e-07,0.001290331,0.002779746,0.006242742,0.002598163,0.000448416,0.000836665,0.002633413,0.000605666,0.000812832,0.000853499,0.000109
176,6.368534,0.02381855,7.5e-07,0.003277162,5.84e-07,0.000972415,0.002561246,0.008311405,0.002593163,0.00044925,0.000834748,0.002546747,0.000441999,0.000864499,0.000852915,0.000111667
177,6.392353,0.02281964,1.083e-06,0.004403578,5e-07,0.002355163,0.004048328,0.002993079,0.002756996,0.000445166,0.000913999,0.002675329,0.000451416,0.000806916,0.000859332,0.00010875
178,6.415172,0.02444972,9.17e-07,0.005378575,6.67e-07,0.001050249,0.006519407,0.002808413,0.002612829,0.000467333,0.000819582,0.002560913,0.000448916,0.000805833,0.000867915,0.000108167
179,6.439622,0.02227839,1.25e-06,0.005154159,7.5e-07,0.000990416,0.004263577,0.003125412,0.002508497,0.000452916,0.000840499,0.002726246,0.000447166,0.000809999,0.000850498,0.000107
180,6.4619,0.02524413,1.083e-06,0.003199496,7.5e-07,0.000756748,0.001045416,0.01097773,0.00268283,0.000444999,0.000842582,0.002794496,0.000688999,0.000859083,0.000841415,0.0001085
181,6.487145,0.02254747,1.083e-06,0.003219829,5e-07,0.000892665,0.003403829,0.006203824,0.002664996,0.000463333,0.000842249,0.002621996,0.000458666,0.000810749,0.000856999,0.00010675
182,6.509692,0.02415688,1e-06,0.003218162,6.67e-07,0.000921332,0.003059746,0.008041155,0.002687163,0.000446999,0.000910332,0.002649663,0.000444833,0.000805582,0.000860416,0.000109833
183,6.533849,0.0229398,8.33e-07,0.004264661,8.33e-07,0.002369164,0.004468827,0.003008162,0.002745913,0.000444083,0.000840915,0.002571746,0.000455083,0.000791249,0.000867999,0.000110333
184,6.556789,0.02494372,1.084e-06,0.003547911,6.67e-07,0.000410416,0.001438498,0.01036457,0.003011329,0.000455249,0.000833249,0.00260283,0.000443166,0.000870165,0.000858166,0.000106416
185,6.581732,0.02170847,1.084e-06,0.003756911,8.33e-07,0.000523666,0.002302664,0.006298491,0.00263133,0.000442416,0.000832998,0.002595247,0.000546666,0.000810832,0.000857249,0.000108083
186,6.603441,0.0245953,1.167e-06,0.00420641,7.5e-07,0.002421747,0.006294325,0.002937495,0.002614247,0.000453749,0.000832082,0.002609247,0.000447499,0.000808915,0.000858666,0.000109
187,6.628036,0.02299963,1e-06,0.005421659,6.66e-07,0.000991499,0.004283327,0.002882246,0.00276058,0.000460999,0.000815332,0.002917746,0.000619749,0.000779416,0.000956582,0.000108833
188,6.651036,0.0237538,1e-06,0.003200329,6.67e-07,0.000946498,0.00266808,0.008104739,0.002630913,0.000445082,0.000837416,0.002638663,0.000443416,0.000870999,0.000857748,0.00010825
189,6.67479,0.02268605,1.083e-06,0.004349744,1e-06,0.002401663,0.004024995,0.002935162,0.002609913,0.000444583,0.000837415,0.002851496,0.000455083,0.000815332,0.000850082,0.0001085
190,6.697476,0.02393563,1.167e-06,0.005493159,8.33e-07,0.000466583,0.006247741,0.002980246,0.002604413,0.000454749,0.000837416,0.002628746,0.000443416,0.000810916,0.000840582,0.000125666
191,6.721411,0.02180555,1e-06,0.003223829,7.5e-07,0.000925582,0.002551746,0.006050658,0.002729913,0.000594999,0.000839249,0.002672747,0.000444082,0.000808582,0.000856166,0.00010625
192,6.743217,0.02501622,9.17e-07,0.003496245,7.5e-07,0.000832582,0.003453579,0.008281321,0.002587497,0.000447332,0.000839582,0.00268658,0.000442166,0.000806332,0.000939832,0.0002015
193,6.768233,0.02285388,1.333e-06,0.003214496,6.66e-07,0.000586583,0.001034332,0.009080487,0.002789996,0.000452749,0.000838833,0.002630496,0.000451083,0.000814415,0.000850416,0.000107999
194,6.791087,0.0242018,9.17e-07,0.003217245,8.34e-07,0.000944498,0.00263183,0.007936322,0.002654413,0.000451249,0.000837749,0.003096662,0.000599333,0.000762332,0.000961499,0.000106916
195,6.815289,0.0229273,1.083e-06,0.004335994,6.67e-07,0.002357663,0.004140828,0.003160579,0.002774913,0.000464166,0.000838998,0.002623247,0.000450749,0.000812582,0.000857332,0.0001085
196,6.838216,0.0240443,6.67e-07,0.003535328,7.5e-07,0.000374999,0.002535664,0.008427154,0.002761496,0.0006125,0.000819748,0.002690747,0.000462666,0.000791332,0.000922749,0.000108499
197,6.86226,0.02195447,1.167e-06,0.003281162,6.67e-07,0.000966165,0.00273883,0.006218074,0.00262308,0.000448083,0.000836415,0.002620163,0.000447833,0.000812582,0.000851249,0.000109
198,6.884215,0.0245673,9.16e-07,0.004223578,7.5e-07,0.00243133,0.006144074,0.002983829,0.002682747,0.000455582,0.000831833,0.002588996,0.000452249,0.000806832,0.000857416,0.000107166
199,6.908782,0.02266472,1e-06,0.005410326,7.5e-07,0.000978332,0.00429041,0.003022579,0.002668747,0.000463916,0.000816582,0.002669163,0.000446666,0.000878999,0.000908082,0.000109166
200,6.931447,0.02372588,1.166e-06,0.003277246,7.5e-07,0.000943498,0.00263858,0.007923655,0.002603413,0.000461166,0.000837166,0.002729496,0.000441166,0.000815499,0.000942832,0.00011025
201,6.955173,0.02194747,1.25e-06,0.00434866,8.34e-07,0.000422499,0.002086664,0.006118158,0.002703579,0.000442333,0.000834082,0.002624663,0.000591416,0.000805082,0.000859082,0.000109167
202,6.97712,0.02453505,1.333e-06,0.005438493,7.5e-07,0.000969582,0.006394907,0.002980163,0.002659829,0.000455583,0.000835749,0.002581163,0.000459749,0.000791082,0.000858166,0.0001085
203,7.001655,0.02192264,1.167e-06,0.005177159,7.5e-07,0.000881499,0.004290244,0.002756913,0.002598413,0.000446249,0.000951332,0.00260008,0.000445249,0.000814332,0.000840499,0.00011875
204,7.023578,0.02441222,9.16e-07,0.006349241,8.34e-07,0.000869748,0.005543826,0.002863496,0.002583996,0.000463666,0.000816333,0.002707412,0.00045675,0.000792415,0.000855666,0.000107916
205,7.04799,0.02259672,1.167e-06,0.004009578,7.5e-07,0.00234208,0.004303577,0.002968996,0.002873412,0.000452083,0.000835416,0.002591413,0.000448416,0.000805915,0.000855416,0.0001085
206,7.070587,0.02356905,1.083e-06,0.003663578,7.5e-07,0.000484,0.002604163,0.007958238,0.00265708,0.000454083,0.000839915,0.002562247,0.000443582,0.000934416,0.000856748,0.000109167
207,7.094156,0.02312147,1.167e-06,0.003181662,6.67e-07,0.000958832,0.001042248,0.009066988,0.002763079,0.000466166,0.000837332,0.00258508,0.000457499,0.000798166,0.000855415,0.000107167
208,7.117277,0.02500046,1.25e-06,0.003189246,7.5e-07,0.000633749,0.001056332,0.01115857,0.002598829,0.000450166,0.000839666,0.002766662,0.000439167,0.000902915,0.000855499,0.000107666
209,7.142278,0.02204739,9.17e-07,0.005148076,5.84e-07,0.001016081,0.004231328,0.002904662,0.00261258,0.000443416,0.000837582,0.002626413,0.000461916,0.000809332,0.000845249,0.00010925
210,7.164325,0.02486505,9.17e-07,0.003518245,7.5e-07,0.000432833,0.001182915,0.0106979,0.002853246,0.000469166,0.000836999,0.00264558,0.000451999,0.000810999,0.000854249,0.00010925
211,7.18919,0.02269338,1e-06,0.003186579,5.83e-07,0.001247582,0.002723163,0.006562241,0.002766329,0.000445749,0.000864582,0.002679247,0.000442832,0.000809916,0.000854499,0.000109083
212,7.211884,0.02342172,1.084e-06,0.003684578,7.5e-07,0.000500999,0.00241458,0.007949406,0.002684746,0.000449249,0.000851416,0.002651413,0.000449082,0.000815333,0.000860748,0.000108334
213,7.235305,0.0234963,9.16e-07,0.003187662,5.84e-07,0.000889165,0.001094332,0.009069737,0.002673663,0.000463916,0.000815749,0.002976329,0.000450333,0.000811082,0.000954999,0.000107833
214,7.258802,0.02445547,1e-06,0.003437996,7.5e-07,0.001010081,0.002767747,0.008073738,0.00263108,0.000458249,0.000836499,0.002985246,0.000429999,0.000765666,0.000950915,0.0001065
215,7.283257,0.02259613,1e-06,0.005270076,8.34e-07,0.000946248,0.004299828,0.003159078,0.00266983,0.000457499,0.000910582,0.00265508,0.000449499,0.000811666,0.000856249,0.000108666
216,7.305853,0.02440663,8.33e-07,0.003181995,7.5e-07,0.00061675,0.001268248,0.0106289,0.002534663,0.000459666,0.000840915,0.002577247,0.000446749,0.000880832,0.000858582,0.0001105
217,7.33026,0.02259472,1.167e-06,0.003931327,5.84e-07,0.00246483,0.003983244,0.003188746,0.002827496,0.000448332,0.000838666,0.002604496,0.000533333,0.000806832,0.000859415,0.00010625
218,7.352855,0.02423638,1e-06,0.005130993,8.34e-07,0.000931248,0.006193408,0.003067746,0.002687829,0.000460417,0.000839665,0.00258183,0.000441916,0.000929582,0.000860665,0.00010925
219,7.377091,0.02286338,1e-06,0.003192329,5.84e-07,0.000812332,0.001033915,0.008702488,0.002687163,0.000661749,0.000843415,0.002702496,0.000451083,0.000812749,0.000851332,0.00011075
220,7.399954,0.02425913,1.083e-06,0.003229829,8.33e-07,0.000742416,0.001056748,0.01019174,0.00262658,0.000453332,0.000837999,0.002892579,0.000448333,0.000811666,0.000855582,0.000110416
221,7.424214,0.02210964,1.084e-06,0.005122743,8.33e-07,0.000995665,0.004239828,0.002827329,0.002701163,0.000458916,0.000838082,0.002698663,0.000456749,0.000809832,0.000849999,0.00010875
222,7.446323,0.02485647,1.083e-06,0.006281908,7.5e-07,0.000538749,0.006122908,0.002802746,0.002648413,0.000594249,0.000841499,0.00280683,0.000448082,0.000810082,0.000851749,0.000107417
223,7.47118,0.02226297,1e-06,0.003936578,7.5e-07,0.002466163,0.003967995,0.002827079,0.002597746,0.000439833,0.000890832,0.002870163,0.000436916,0.000767249,0.000951915,0.00010875
224,7.493443,0.02350972,1e-06,0.003710245,6.66e-07,0.000503583,0.00243683,0.007987905,0.002710747,0.000452499,0.000838915,0.00264033,0.000449249,0.000811916,0.000857665,0.000108167
225,7.516952,0.0226843,9.17e-07,0.003194162,5.83e-07,0.000644749,0.000887416,0.00904082,0.002688247,0.000448166,0.000838998,0.002590247,0.000442332,0.000810999,0.000932082,0.000164583
226,7.539637,0.02440047,1.083e-06,0.003994411,8.34e-07,0.002461913,0.005877075,0.003151579,0.002664329,0.0005345,0.000839832,0.002649329,0.0004505,0.000806665,0.000858749,0.000109667
227,7.564037,0.02213914,1e-06,0.003667745,7.5e-07,0.000399416,0.002830746,0.006272074,0.002618747,0.000464749,0.000871832,0.002643246,0.000605416,0.000793499,0.000860666,0.000109249
228,7.586176,0.02478846,1.166e-06,0.004198994,9.17e-07,0.00236158,0.006000325,0.002935412,0.003191413,0.000444916,0.000838165,0.00259758,0.000440916,0.000814915,0.000841582,0.000120584
229,7.610965,0.02282188,1e-06,0.003559661,7.5e-07,0.000402666,0.001494748,0.008383572,0.002651163,0.000444166,0.000948582,0.002708163,0.000454832,0.000807166,0.000855415,0.00011
230,7.633787,0.0232373,1.084e-06,0.003681995,9.16e-07,0.0005065,0.002368246,0.007976322,0.002618163,0.000446666,0.000838083,0.002578996,0.000441999,0.000810666,0.000858832,0.000108833
231,7.657024,0.02299405,1.5e-06,0.003188995,6.67e-07,0.000844499,0.001060498,0.009019238,0.002638329,0.0004595,0.000833749,0.002718329,0.000454999,0.000805666,0.000860665,0.000107417
232,7.680018,0.02432163,1e-06,0.005404576,5.83e-07,0.000994582,0.006197158,0.002916162,0.002606997,0.000449832,0.000861333,0.002559913,0.000444416,0.000874998,0.000902082,0.000108
233,7.70434,0.02210647,1.25e-06,0.003694745,7.5e-07,0.00236108,0.00426516,0.002954663,0.002721913,0.000449582,0.000839666,0.002594246,0.00044775,0.000810082,0.000855582,0.00011
234,7.726446,0.02503838,9.17e-07,0.003195745,5.84e-07,0.000651915,0.001048166,0.01120323,0.002708663,0.000448166,0.000834499,0.002711412,0.000452083,0.000815666,0.000858498,0.000108834
235,7.751484,0.02231713,1.083e-06,0.005421659,9.17e-07,0.000923415,0.004472911,0.002786412,0.00261958,0.000444249,0.000833249,0.002597913,0.000442,0.000807165,0.000857249,0.000109333
236,7.773802,0.02427863,8.34e-07,0.005285992,8.34e-07,0.001014165,0.006171575,0.002798079,0.002681913,0.000595416,0.000841248,0.002659663,0.000450416,0.000810499,0.000846916,0.000121083
237,7.79808,0.02197689,1.083e-06,0.006027992,7.5e-07,0.000506833,0.003952827,0.00281008,0.002564913,0.000445999,0.000834332,0.002609997,0.000445249,0.000809082,0.000850749,0.000117
238,7.820057,0.02493396,1e-06,0.003218829,5.83e-07,0.000601083,0.001076165,0.01105607,0.002767996,0.000455082,0.000838916,0.002685996,0.000449166,0.000818832,0.000852083,0.000112166
239,7.844991,0.02211897,1.417e-06,0.003225745,5.83e-07,0.000965999,0.00252533,0.006419491,0.002649079,0.000445167,0.000832748,0.00263683,0.000527083,0.000873332,0.000905498,0.000110667
240,7.86711,0.02459013,1e-06,0.004246077,7.5e-07,0.00241958,0.006075575,0.002988246,0.002656829,0.000470583,0.000815832,0.002651413,0.000437666,0.000760749,0.000956166,0.000109666
241,7.8917,0.02222705,1.417e-06,0.005739075,1e-06,0.000505916,0.004083494,0.00284008,0.002707246,0.000447583,0.000838748,0.002691663,0.0005945,0.000809665,0.000857999,0.000108666
242,7.913927,0.02344413,1.25e-06,0.005444409,8.33e-07,0.000530083,0.005757158,0.002845913,0.00262808,0.000451332,0.000834166,0.002695079,0.0004435,0.000854999,0.000849582,0.00010775
243,7.937371,0.02248914,8.33e-07,0.006234658,7.5e-07,0.000468833,0.003974828,0.002904412,0.00263058,0.000439999,0.000837832,0.00272408,0.000447916,0.000862999,0.000852165,0.00010925
244,7.95986,0.02388238,1.084e-06,0.003957661,6.66e-07,0.00249708,0.005872242,0.002816329,0.002657913,0.00044575,0.000845582,0.002574829,0.000454833,0.000789332,0.000859582,0.0001095
245,7.983743,0.02203122,1e-06,0.003206246,5.83e-07,0.001020332,0.002874996,0.006002491,0.00265583,0.000594333,0.000838998,0.002613747,0.000448499,0.000809249,0.000856332,0.000108583
246,8.005774,0.0251058,1.416e-06,0.003485829,6.66e-07,0.000861666,0.003436328,0.008321989,0.002638663,0.000463499,0.000825165,0.002734247,0.000452582,0.000855832,0.000918416,0.0001095
247,8.03088,0.02258097,1.084e-06,0.003205662,5.83e-07,0.000784082,0.003414829,0.006267824,0.002662997,0.000449166,0.000840082,0.002596079,0.0004405,0.000947665,0.000859749,0.000110666
248,8.053461,0.02364797,1e-06,0.003788828,1e-06,0.000443249,0.002493497,0.008035155,0.002622163,0.000449333,0.000842082,0.002746829,0.000451083,0.000812832,0.000853416,0.0001075
249,8.077109,0.02323522,1.25e-06,0.003203329,7.5e-07,0.000790832,0.001024082,0.00934807,0.002746913,0.000448999,0.000839832,0.00260533,0.000457333,0.000793665,0.000865582,0.00010925
250,8.100344,0.02406805,8.33e-07,0.005803992,9.16e-07,0.0004685,0.006047741,0.002869413,0.002619413,0.000505166,0.000892499,0.002637912,0.00044725,0.000811582,0.000854832,0.000108
251,8.124412,0.02203839,1.167e-06,0.005164909,6.67e-07,0.000970915,0.004279327,0.002809246,0.002608413,0.00044325,0.000837165,0.00263633,0.000446999,0.000808499,0.000921415,0.000110084
252,8.14645,0.02492005,1.25e-06,0.003356495,7.5e-07,0.000368083,0.001223582,0.01100432,0.002770579,0.00045875,0.000836665,0.002619496,0.000436,0.000779665,0.000954832,0.000109583
253,8.171371,0.01993256,1.083e-06,0.005702909,6.66e-07,0.00056025,0.003083829,0.002515579,0.002104164,0.000406999,0.000864333,0.002507079,0.000405917,0.000807832,0.000845749,0.000126166
254,8.191303,0.02112264,1e-06,0.003204329,6.67e-07,0.000396333,0.001074998,0.008258822,0.002179747,0.000473749,0.000890249,0.002462746,0.000410917,0.000806748,0.000854999,0.000107333
255,8.212426,0.02083614,1e-06,0.005697159,6.67e-07,0.000994415,0.002939412,0.00261108,0.002187997,0.000407666,0.000837332,0.00283083,0.000548832,0.000810499,0.000858999,0.00011025
256,8.233262,0.02481405,1.25e-06,0.004092744,6.67e-07,0.00246108,0.006302991,0.002796413,0.002630579,0.000441417,0.000956665,0.002869829,0.000434416,0.000761166,0.000956332,0.0001085
257,8.258076,0.02211597,9.17e-07,0.005216909,7.5e-07,0.000962248,0.004268661,0.002895079,0.002616497,0.000445999,0.000840166,0.002653163,0.000443499,0.000811165,0.000853166,0.00010775
258,8.280192,0.02480372,9.17e-07,0.003368912,6.66e-07,0.000396916,0.001225332,0.01085765,0.002763997,0.000454666,0.000836332,0.002612829,0.000499666,0.000819666,0.000855332,0.000110833
259,8.304996,0.01945222,1.166e-06,0.005635576,6.66e-07,0.000586333,0.002837913,0.002404996,0.002086914,0.000429499,0.000816666,0.002469663,0.000410999,0.000806833,0.000857082,0.000107916
260,8.324448,0.0207583,1e-06,0.003181912,6.67e-07,0.000771749,0.000982082,0.007797489,0.002104497,0.000427416,0.000908499,0.00239708,0.000411832,0.000808166,0.000856165,0.00010975
261,8.345206,0.01914497,9.17e-07,0.003206246,5.83e-07,0.000933915,0.001292915,0.003648495,0.004221244,0.000409416,0.000917499,0.002331163,0.000407083,0.000804082,0.000862416,0.000108999
262,8.364351,0.0224818,1.167e-06,0.003937244,6.67e-07,0.000450916,0.000670749,0.008468905,0.002739579,0.000474416,0.000815666,0.002580829,0.000447083,0.000806165,0.000980416,0.000108
263,8.386833,0.02274397,1.084e-06,0.003274162,8.33e-07,0.000961582,0.002896079,0.006549658,0.002706579,0.000465166,0.000843082,0.00282908,0.000441249,0.000812666,0.000841748,0.000121
264,8.409577,0.02482097,1.083e-06,0.004186577,5.84e-07,0.00237958,0.005951575,0.002963079,0.002733746,0.000462249,0.000818666,0.003059579,0.000434999,0.000767666,0.000952499,0.000109083
265,8.434398,0.02236872,1e-06,0.003407662,5.84e-07,0.001018831,0.002739247,0.006283657,0.002721747,0.000516332,0.000842416,0.002605246,0.000455833,0.000809999,0.000856248,0.000109917
266,8.456767,0.02440947,1.084e-06,0.005242992,7.5e-07,0.001017165,0.006392658,0.002794413,0.002640163,0.000595416,0.000837498,0.002662497,0.000455249,0.000816499,0.000847665,0.000105417
267,8.481176,0.02218772,9.17e-07,0.004187744,7.5e-07,0.00235433,0.004046327,0.002823663,0.00271533,0.000445332,0.000835249,0.00255958,0.000445249,0.000806166,0.000857248,0.000109834
268,8.503364,0.0247178,1.417e-06,0.003176412,5.83e-07,0.000658,0.000879415,0.01107323,0.00273908,0.000468999,0.000839916,0.002643663,0.000457499,0.000815249,0.000854665,0.000109667
269,8.528082,0.02186772,1.25e-06,0.003172746,6.67e-07,0.000915498,0.002856413,0.006047158,0.002620663,0.00044575,0.000836998,0.002612913,0.0004565,0.000882832,0.000908499,0.000109833
270,8.549949,0.02452338,8.33e-07,0.003520995,7.5e-07,0.000365917,0.001185748,0.01064023,0.00268958,0.000450666,0.000839082,0.002598163,0.000445916,0.000820249,0.000856665,0.000108583
271,8.574473,0.02179822,1.084e-06,0.004070661,9.16e-07,0.000475833,0.002573663,0.005750158,0.00261483,0.000446749,0.000841333,0.002611913,0.000637332,0.000814332,0.000850749,0.000108667
272,8.596271,0.02414497,9.17e-07,0.005200576,8.33e-07,0.001024915,0.006157991,0.002927913,0.002608996,0.0004455,0.000899915,0.00265908,0.000442249,0.000813582,0.000852916,0.000109583
273,8.620416,0.02271738,1e-06,0.004332661,9.16e-07,0.002334164,0.00431066,0.002789246,0.002606913,0.000455916,0.000910582,0.002750413,0.000452333,0.000811749,0.000853999,0.000106833
274,8.643133,0.02411922,1.083e-06,0.004023911,9.17e-07,0.00238433,0.006030908,0.002934413,0.002633163,0.000452999,0.000866665,0.00257608,0.000439166,0.000811416,0.000844832,0.000119333
275,8.667252,0.0217168,1.083e-06,0.003182329,5.83e-07,0.000988165,0.00252408,0.006022825,0.002805163,0.000521416,0.000834915,0.002612413,0.0004515,0.000804415,0.000858249,0.000109666
276,8.688969,0.02530688,1.166e-06,0.003187412,7.5e-07,0.000921416,0.001047415,0.0110189,0.00274383,0.000462916,0.000816832,0.002620413,0.000442749,0.000882666,0.001024498,0.000135917
277,8.714276,0.02251172,1.167e-06,0.003192079,7.5e-07,0.000786332,0.003423829,0.006067824,0.002770496,0.000451083,0.000844832,0.002749496,0.00045175,0.000810249,0.000851998,0.000109834
278,8.736788,0.02422047,1e-06,0.005226159,7.5e-07,0.001036999,0.006187574,0.002856163,0.002602913,0.000444,0.000835415,0.002808913,0.000449166,0.000806249,0.000857665,0.0001075
279,8.761008,0.02287963,1.166e-06,0.004218328,8.33e-07,0.002319247,0.004506577,0.003030579,0.002702079,0.000453166,0.000837249,0.002587663,0.000458666,0.000793916,0.000859582,0.000110583
280,8.783888,0.02484247,9.17e-07,0.005508992,7.5e-07,0.000989249,0.006159158,0.002834412,0.00266783,0.000591666,0.000839415,0.002992996,0.000432916,0.000764082,0.000952666,0.000107416
281,8.80873,0.02215763,7.5e-07,0.003741494,9.17e-07,0.002077331,0.004456327,0.003114162,0.002697663,0.000447082,0.000837583,0.002564079,0.000456333,0.000793832,0.000861666,0.000108416
282,8.830888,0.02401222,1.25e-06,0.004258577,7.5e-07,0.000485916,0.002469413,0.007997156,0.002689496,0.000456999,0.000831749,0.002595747,0.000450166,0.000808499,0.000857998,0.0001085
283,8.8549,0.02247622,9.16e-07,0.005403243,6.66e-07,0.000970082,0.004266161,0.003048079,0.002560497,0.000446666,0.000836332,0.002596329,0.00044875,0.000805415,0.000983749,0.000109333
284,8.877376,0.02438338,1.083e-06,0.005184909,7.5e-07,0.001037332,0.006220075,0.002916829,0.002662246,0.000452,0.000840582,0.002855162,0.00044575,0.000808749,0.000851749,0.000106166
285,8.90176,0.02301788,1.25e-06,0.003188662,6.67e-07,0.000910582,0.001073415,0.009032487,0.002525914,0.000445499,0.000837665,0.00278533,0.000443333,0.000804832,0.000858999,0.000109249
286,8.924778,0.02411347,1e-06,0.003456912,6.67e-07,0.001048082,0.002737163,0.008122655,0.002612329,0.000446583,0.000832999,0.002617996,0.00044725,0.000805915,0.000872666,0.000111249
287,8.948891,0.02220063,1.083e-06,0.00512041,7.5e-07,0.000970832,0.004267994,0.002878496,0.002628579,0.000591583,0.000838999,0.002683079,0.000445416,0.000813249,0.000851832,0.000108333
288,8.971092,0.02518821,1e-06,0.003185829,6.67e-07,0.000946998,0.001092582,0.01096757,0.002654746,0.00045025,0.000840415,0.002705996,0.000446166,0.000809416,0.000978748,0.000107834
289,8.99628,0.0226853,1e-06,0.003187579,5.83e-07,0.000606499,0.001507498,0.008445655,0.002796913,0.000449916,0.000844749,0.002608163,0.000460749,0.000813082,0.000855332,0.000107583
290,9.018965,0.02407963,1.167e-06,0.003758161,1.083e-06,0.002335747,0.006172241,0.002820413,0.002677246,0.000449416,0.000833249,0.002807496,0.000448333,0.000810082,0.000855999,0.000109
291,9.043045,0.02255955,8.33e-07,0.004216911,6.67e-07,0.00237558,0.00433116,0.002919329,0.002604913,0.000450916,0.000835333,0.002602496,0.000450333,0.000805415,0.000856499,0.000109166
292,9.065605,0.02448038,1.084e-06,0.005396575,1.167e-06,0.001025915,0.006173992,0.002946579,0.002637079,0.000449416,0.000946916,0.002675079,0.00045075,0.000806249,0.000859748,0.000109833
293,9.090085,0.02193139,7.5e-07,0.005157826,7.5e-07,0.000978332,0.004263161,0.002827246,0.002587746,0.0004455,0.000838749,0.002607913,0.000443832,0.000809416,0.000844165,0.000126
294,9.112016,0.02546863,9.17e-07,0.003530495,5.83e-07,0.000415083,0.001171248,0.01136848,0.00281608,0.000468416,0.000820415,0.002641913,0.0004745,0.000791249,0.000859832,0.000109416
295,9.137485,0.02297355,9.16e-07,0.003192496,8.33e-07,0.000578916,0.001076165,0.009296654,0.002581746,0.00044475,0.000864165,0.002591913,0.000441416,0.000811332,0.000982999,0.00010925
296,9.160458,0.02444722,1e-06,0.005361075,8.34e-07,0.001023498,0.006172908,0.002876413,0.002647413,0.000459166,0.000836582,0.002847163,0.000446832,0.000813333,0.000852748,0.00010825
297,9.184906,0.02273055,9.17e-07,0.003192912,5.83e-07,0.000624833,0.001009332,0.008667737,0.00273758,0.000444333,0.000836998,0.002947996,0.000438083,0.000765082,0.000955499,0.000108666
298,9.207636,0.02455755,9.16e-07,0.005478826,1.083e-06,0.001014749,0.006411408,0.002905329,0.002628496,0.000464583,0.000816332,0.002614996,0.000442333,0.000813832,0.000854999,0.000109666
299,9.232194,0.02218872,1.5e-06,0.003192912,5.83e-07,0.000400583,0.003462578,0.006017825,0.002675413,0.000598416,0.000840582,0.002672413,0.000550999,0.000810166,0.000857249,0.000107499
300,9.254382,0.02456472,1.25e-06,0.003459495,8.33e-07,0.000837999,0.003434162,0.007940406,0.002591246,0.000452083,0.000837665,0.00265908,0.000446582,0.000809999,0.000932082,0.000161833
301,9.278947,0.02232539,9.17e-07,0.005686575,6.67e-07,0.000522666,0.004138911,0.003017246,0.002786246,0.000449666,0.000842082,0.002656996,0.000450666,0.000810416,0.000854998,0.000107334
302,9.301273,0.02454897,1e-06,0.003785912,5.83e-07,0.00233283,0.006398658,0.003005829,0.002685246,0.000445333,0.000843498,0.00283133,0.000449333,0.000811165,0.000853082,0.000105167
303,9.325822,0.02292047,8.33e-07,0.003227412,6.67e-07,0.000754916,0.001318331,0.009039904,0.002515496,0.000456083,0.000833166,0.002556246,0.000443249,0.000809249,0.000855916,0.000109
304,9.348742,0.02454513,1.25e-06,0.004107161,8.33e-07,0.002434247,0.005944492,0.002988079,0.002693329,0.0005105,0.000891082,0.002749412,0.000453083,0.000806166,0.000857415,0.000108083
305,9.373287,0.02243414,1.083e-06,0.005148576,7.5e-07,0.000976582,0.004687744,0.002798079,0.002568496,0.00044225,0.000840082,0.002708246,0.000446916,0.000833999,0.000872249,0.000109083
306,9.395721,0.02434305,9.17e-07,0.004388077,7.5e-07,0.00234483,0.006014742,0.002840829,0.002534663,0.000556416,0.000834166,0.002606579,0.000447166,0.000806583,0.000857748,0.000109584
307,9.420064,0.02301705,1.167e-06,0.005396076,8.33e-07,0.000964249,0.004291993,0.003496662,0.00264408,0.000441916,0.000838082,0.002598913,0.000442416,0.000876999,0.000914082,0.000109583
308,9.443081,0.02398072,1e-06,0.003231495,9.17e-07,0.000940332,0.002625413,0.008294571,0.002707663,0.000448,0.000832082,0.002675079,0.00044325,0.000806832,0.000866249,0.000107833
309,9.467062,0.02217797,1.084e-06,0.004417827,8.33e-07,0.000463666,0.002021164,0.006379408,0.002604329,0.000444,0.000844082,0.002627746,0.000600999,0.000812833,0.000851248,0.00010875
310,9.48924,0.02415713,1.083e-06,0.003223246,6.67e-07,0.001288164,0.00279008,0.007958155,0.002592497,0.000461082,0.000815499,0.002770246,0.00044625,0.000743582,0.000957415,0.000109167
311,9.513397,0.02274347,1.083e-06,0.003468662,5.83e-07,0.000417166,0.003427412,0.006452658,0.002735163,0.000511332,0.000883749,0.002621413,0.000448333,0.000811665,0.000841249,0.000123
312,9.536141,0.02459722,1e-06,0.004236328,7.5e-07,0.002545746,0.005847659,0.002857412,0.002867663,0.000462999,0.000816166,0.002741163,0.000459666,0.000793415,0.000859332,0.000107917
313,9.560738,0.02229697,1.333e-06,0.003444579,8.33e-07,0.000979582,0.002678913,0.006138241,0.002913996,0.0004515,0.000839749,0.002630829,0.000447166,0.000809332,0.000850666,0.00011025
314,9.583035,0.02400147,1.166e-06,0.003215829,7.5e-07,0.001063249,0.002555996,0.008267405,0.002627246,0.000451333,0.000843749,0.002700579,0.000451333,0.000854499,0.000861082,0.00010725
315,9.607036,0.02243638,8.34e-07,0.003454828,6.67e-07,0.000847582,0.001036665,0.008285822,0.002678496,0.000455333,0.000842332,0.002606413,0.000450249,0.000811166,0.000857332,0.000108666
316,9.629473,0.0250688,1.25e-06,0.003455579,7.5e-07,0.001007081,0.002904496,0.008621988,0.00259858,0.000446666,0.000863499,0.002888579,0.000450416,0.000749832,0.000971249,0.000108833
317,9.654542,0.02179922,9.17e-07,0.003289829,6.66e-07,0.000967916,0.002663913,0.006188908,0.002610079,0.000442583,0.000833416,0.002578829,0.000451,0.000807832,0.000854665,0.000108667
318,9.676341,0.02482897,1e-06,0.005904909,1e-06,0.000533749,0.006050075,0.002901162,0.002663496,0.000591083,0.000841499,0.003076245,0.000436416,0.000761916,0.000955332,0.000111083
319,9.70117,0.02299972,1e-06,0.005473659,7.5e-07,0.000990666,0.004286494,0.003032412,0.002686663,0.000458416,0.000815166,0.003012745,0.00041925,0.000763415,0.000950666,0.000108416
320,9.724169,0.0234553,9.16e-07,0.003693995,9.17e-07,0.000505249,0.002415497,0.007987322,0.002670996,0.000453499,0.000838166,0.002662496,0.000450083,0.000811332,0.000857082,0.00010775
321,9.747625,0.02295463,1.083e-06,0.003208829,6.66e-07,0.000782916,0.001022082,0.009088654,0.002656413,0.000450666,0.000835249,0.002582663,0.000502999,0.000857582,0.000857165,0.000107667
322,9.770579,0.02424222,1.083e-06,0.005554659,6.66e-07,0.001032582,0.006191492,0.002781579,0.002560246,0.000445083,0.000836082,0.002618747,0.000444249,0.000810332,0.000855666,0.000109749
323,9.794822,0.02258155,9.17e-07,0.005291742,9.17e-07,0.000969915,0.004298828,0.002965662,0.002712163,0.000446999,0.000838582,0.002831163,0.000450833,0.000808499,0.000856915,0.000108417
324,9.817403,0.02362563,1.084e-06,0.005013993,6.66e-07,0.000963249,0.006173408,0.002828579,0.002538163,0.000459833,0.000820249,0.002602663,0.000463749,0.000793833,0.000857082,0.000109083
325,9.841029,0.02226897,1e-06,0.003178745,6.67e-07,0.001262665,0.002816913,0.006051908,0.002634829,0.000593666,0.000838582,0.002674163,0.000454666,0.000813499,0.000841999,0.000105666
326,9.863298,0.0247183,1.083e-06,0.003187829,7.5e-07,0.000989915,0.002947246,0.008504238,0.002728579,0.000459666,0.000839333,0.002698079,0.000497666,0.000901666,0.000853165,0.000109083
327,9.888016,0.02294213,7.5e-07,0.003197912,6.67e-07,0.000650583,0.001068581,0.009023571,0.002771079,0.00044725,0.000838832,0.002719329,0.000447416,0.000814083,0.000852748,0.000109334
328,9.910958,0.02417255,1.166e-06,0.005494326,5e-07,0.000937499,0.006096241,0.00278633,0.002598496,0.000444666,0.000837999,0.002751746,0.000449999,0.000814166,0.000851332,0.000108083
329,9.935131,0.02160405,1.166e-06,0.003181496,5.83e-07,0.000930166,0.002625746,0.006037658,0.002606163,0.000456166,0.000837166,0.002710579,0.000442416,0.000813166,0.000853498,0.000108084
330,9.956735,0.02510688,9.17e-07,0.004342577,7.5e-07,0.00243883,0.006508324,0.002812829,0.00268233,0.000590583,0.000836248,0.00266158,0.000448666,0.000807832,0.000865749,0.000109666
331,9.981842,0.02265055,1e-06,0.003192162,5.84e-07,0.000349332,0.001028666,0.00935832,0.002634579,0.000447,0.000844165,0.00257858,0.000456416,0.000810999,0.000840915,0.000107834
332,10.00449,0.02390805,1e-06,0.003200912,5.84e-07,0.000906248,0.002813913,0.008071239,0.002662829,0.000452166,0.000839999,0.002723996,0.000451,0.000811832,0.000862082,0.00011025
333,10.0284,0.0230578,1.166e-06,0.003196996,7.5e-07,0.000913165,0.001583248,0.008367905,0.002752329,0.000469333,0.000817332,0.002617663,0.000443083,0.000877832,0.000908499,0.0001085
334,10.05146,0.02483605,1e-06,0.003175579,7.5e-07,0.000681082,0.001052916,0.0110024,0.002782746,0.000448166,0.000842165,0.00262383,0.000447333,0.000811582,0.000855165,0.000111333
335,10.07629,0.0227233,1.167e-06,0.005330993,8.33e-07,0.000984832,0.004292244,0.003131079,0.002735413,0.000444332,0.000906749,0.002675163,0.000449083,0.000811249,0.000852498,0.000107667
336,10.09902,0.02474613,1e-06,0.003189496,6.66e-07,0.000898999,0.001583165,0.0103134,0.002627913,0.000448832,0.000832166,0.002618329,0.000447167,0.000806498,0.000869666,0.000108833
337,10.12376,0.02307197,1.083e-06,0.003189412,7.5e-07,0.000638833,0.001532164,0.008529655,0.002958829,0.000450333,0.000861165,0.00268508,0.000447833,0.000809665,0.000857415,0.00010975
338,10.14684,0.02443463,1.084e-06,0.003753494,7.5e-07,0.000465583,0.008105989,0.003188578,0.002620413,0.000447,0.000838665,0.002635747,0.000600415,0.000814833,0.000853165,0.000108917
339,10.17127,0.02290572,1.25e-06,0.003186329,5.84e-07,0.000796582,0.001063498,0.009070404,0.002676996,0.000450666,0.000833666,0.002612246,0.000441083,0.000807665,0.000856249,0.0001085
340,10.19418,0.02479297,7.5e-07,0.005493409,7.5e-07,0.001091748,0.006249325,0.002782079,0.002625413,0.000441583,0.000909415,0.002929913,0.000494999,0.000809166,0.000842915,0.0001215
341,10.21897,0.02199722,1.167e-06,0.003181246,6.66e-07,0.0003815,0.001292165,0.008400488,0.002659496,0.000441499,0.000833333,0.002586829,0.000444333,0.000812999,0.000852915,0.000108584
342,10.24097,0.02473897,1.083e-06,0.003728328,8.33e-07,0.001157332,0.002820663,0.008037405,0.002742746,0.000452083,0.000836082,0.002742996,0.00044975,0.000810499,0.000850582,0.000108583
343,10.2657,0.02229322,1.167e-06,0.003999494,6.67e-07,0.002443246,0.003978745,0.003075162,0.002679746,0.000445083,0.000841916,0.002605996,0.000445583,0.000812582,0.000854582,0.00010925
344,10.288,0.02353288,1.084e-06,0.003175912,7.5e-07,0.000929582,0.002590246,0.007970989,0.00268983,0.000454166,0.000847332,0.002647079,0.000452833,0.000814499,0.000851415,0.000107167
345,10.31153,0.02247972,1e-06,0.003192162,5.83e-07,0.000796333,0.000826832,0.008664154,0.002644747,0.000463332,0.000816332,0.00258183,0.000462583,0.000791249,0.001110082,0.000128499
346,10.33401,0.02397772,7.5e-07,0.003189329,7.5e-07,0.000787748,0.003434496,0.007985238,0.002461914,0.000458999,0.000833249,0.002605329,0.000446916,0.000804916,0.000860332,0.00010775
347,10.35799,0.02212589,1.083e-06,0.005162743,7.5e-07,0.001004248,0.004255411,0.002831329,0.002466747,0.000457832,0.000817833,0.002761662,0.00059075,0.000810498,0.000856666,0.000108333
348,10.38011,0.02405188,1.333e-06,0.006101908,9.17e-07,0.000551583,0.005837658,0.002805663,0.002597996,0.000445083,0.000846332,0.002582413,0.000440166,0.000815499,0.000917499,0.000107833
349,10.40417,0.02256905,1.25e-06,0.005494909,8.33e-07,0.000949665,0.004288661,0.002882412,0.002633747,0.000444332,0.000836833,0.002819496,0.000446332,0.000804749,0.000857999,0.000107833
350,10.42674,0.0239568,7.5e-07,0.005138909,6.67e-07,0.001107165,0.006066825,0.002822662,0.002611997,0.000439166,0.000842749,0.002702079,0.00044425,0.000813248,0.000840583,0.000125749
351,10.45069,0.02315347,8.33e-07,0.003195996,5.83e-07,0.000642499,0.001000165,0.008677155,0.002790913,0.000597165,0.000835833,0.003149162,0.000436499,0.000761249,0.000956999,0.000108416
352,10.47385,0.02490588,1.083e-06,0.003195579,9.17e-07,0.000410166,0.001216998,0.01093207,0.002758746,0.000453333,0.000836832,0.002716663,0.000438583,0.000928665,0.000907499,0.00010875
353,10.49875,0.02205372,1.333e-06,0.003190579,8.34e-07,0.000914915,0.002679496,0.006487574,0.002654497,0.000468749,0.000818249,0.00261508,0.000447666,0.000808082,0.000856665,0.00011
354,10.52081,0.02464397,1.25e-06,0.004221328,6.67e-07,0.002420079,0.006257658,0.002985913,0.002610913,0.000449416,0.000833165,0.002645247,0.000448332,0.000806832,0.000856499,0.000106667
355,10.54545,0.02253739,9.17e-07,0.005438659,7.5e-07,0.000956248,0.004269078,0.003213745,0.002469997,0.000456999,0.000816332,0.00259858,0.000554749,0.000789999,0.000862749,0.000108583
356,10.56799,0.02426822,1e-06,0.005257743,7.5e-07,0.001018165,0.006174825,0.002776329,0.002664163,0.000600666,0.000843415,0.002645913,0.000449333,0.000810832,0.000916249,0.000108833
357,10.59225,0.02282622,9.16e-07,0.003196329,7.5e-07,0.000917666,0.001560581,0.008352155,0.002650996,0.000450499,0.000833749,0.002647663,0.000444666,0.000804749,0.000856665,0.000108834
358,10.61508,0.02443805,8.33e-07,0.003192996,5.83e-07,0.000640749,0.001011332,0.01058174,0.00257858,0.000497999,0.000819916,0.002881079,0.000463499,0.000820916,0.000839999,0.000107833
359,10.63952,0.02193747,8.34e-07,0.003268828,9.17e-07,0.000902665,0.002744747,0.006156158,0.002667496,0.000446999,0.000834249,0.002573996,0.000441,0.000931832,0.000858082,0.000109666
360,10.66146,0.02417197,1.166e-06,0.003502329,5.83e-07,0.000709832,0.001039749,0.0100574,0.00263958,0.000457166,0.000836249,0.002711496,0.000455083,0.000790082,0.000862832,0.000108417
361,10.68563,0.02271105,1.166e-06,0.004091994,7.5e-07,0.000393,0.006447741,0.002948496,0.002613913,0.000443999,0.000834332,0.00271633,0.000449416,0.000806665,0.000854666,0.000108583
362,10.70834,0.02318497,1.166e-06,0.003693412,8.33e-07,0.000497833,0.002394163,0.007973489,0.00254533,0.000444332,0.000841249,0.002581497,0.000441916,0.000809749,0.000841415,0.000118583
363,10.73152,0.0228968,1.083e-06,0.003555495,6.67e-07,0.000391499,0.001180748,0.008686738,0.002803413,0.000450999,0.000951749,0.002648913,0.000448666,0.000810082,0.000856832,0.000109917
364,10.75442,0.02378247,1.166e-06,0.005675409,1.167e-06,0.000560665,0.005994575,0.002829996,0.002630747,0.000455749,0.000835582,0.002582663,0.000458833,0.000789832,0.000857249,0.000108833
365,10.7782,0.02377863,9.17e-07,0.003225662,8.33e-07,0.000935999,0.002835079,0.006355241,0.003091746,0.000555999,0.000841082,0.003608495,0.000547833,0.000816915,0.000853749,0.000109083
366,10.80198,0.03453687,1.5e-06,0.004264661,1e-06,0.000466083,0.01254498,0.004404827,0.003855328,0.000609249,0.001194499,0.00408341,0.00060325,0.001156831,0.001219415,0.000131833
367,10.83652,0.02418138,1.25e-06,0.006682657,9.17e-07,0.001062832,0.004229494,0.002886329,0.002667746,0.000466833,0.000942082,0.002892413,0.000523249,0.000819249,0.000894415,0.000111917
368,10.8607,0.02458005,1.3667e-05,0.005377076,8.33e-07,0.001039832,0.006171908,0.002880496,0.002604913,0.000444332,0.000839666,0.002845913,0.000586665,0.000811333,0.000855665,0.00010775
369,10.88528,0.02251972,8.33e-07,0.004246577,7.5e-07,0.00231908,0.004312328,0.002857996,0.002642246,0.000448749,0.000836916,0.002630329,0.000449666,0.000805249,0.000860999,0.000108
370,10.9078,0.0239138,1.167e-06,0.005458159,6.67e-07,0.000528999,0.006195908,0.002821746,0.002613246,0.000461833,0.000837166,0.002762246,0.000451416,0.000817165,0.000840416,0.000123666
371,10.93171,0.02204772,7.5e-07,0.005207992,7.5e-07,0.000984999,0.004276077,0.002799413,0.00271183,0.000445666,0.000835332,0.002568246,0.000445,0.000806582,0.000856749,0.000108333
372,10.95376,0.02474505,1.084e-06,0.004361827,7.5e-07,0.002437413,0.005971658,0.002893913,0.002674996,0.000595916,0.000837832,0.002747163,0.000447416,0.000809749,0.000856915,0.000108417
373,10.97851,0.0218218,1.333e-06,0.005494743,7.5e-07,0.000499582,0.004250911,0.002842829,0.002596913,0.000443166,0.000839249,0.002577913,0.000457083,0.000846082,0.000862665,0.000108584
374,11.00033,0.02378913,1e-06,0.003219912,8.34e-07,0.000921498,0.00276108,0.007932489,0.002770162,0.000451666,0.000838416,0.002661413,0.000448666,0.000810082,0.000861832,0.000110083
375,11.02412,0.02296772,1e-06,0.003223078,6.67e-07,0.000800749,0.001024665,0.009050404,0.002515746,0.000449083,0.000839332,0.002645163,0.00044275,0.000813665,0.001054749,0.000106666
376,11.04709,0.02475222,1.166e-06,0.005395743,7.5e-07,0.000945832,0.006195658,0.003085579,0.002749246,0.000467249,0.000816999,0.002812913,0.000453083,0.000745498,0.000962082,0.000120417
377,11.07184,0.02228489,9.16e-07,0.003218329,5.83e-07,0.000971666,0.002905079,0.006027825,0.002649163,0.000449249,0.000841582,0.00280658,0.000455999,0.000991832,0.000857915,0.000108167
378,11.09412,0.02525755,1.083e-06,0.004262827,9.17e-07,0.002347663,0.006819574,0.003028079,0.002679663,0.000451083,0.000839165,0.002596163,0.000456416,0.000810416,0.000856749,0.000107749
379,11.11938,0.02273772,1.167e-06,0.003499995,5.83e-07,0.001062582,0.00266158,0.006331574,0.002653663,0.000753332,0.000866082,0.002686746,0.000445667,0.000808832,0.000859165,0.00010675
380,11.14212,0.02417805,1.417e-06,0.005149992,7.5e-07,0.001023999,0.006150241,0.002880246,0.002612663,0.000444333,0.000841999,0.002587579,0.0004525,0.000798665,0.001125082,0.000108583
381,11.1663,0.02287605,1.083e-06,0.003210912,5.84e-07,0.000624332,0.001267082,0.008748571,0.002765329,0.000451083,0.000838998,0.002638247,0.000435999,0.000935249,0.000850249,0.000108333
382,11.18917,0.02418405,1.333e-06,0.005498909,8.34e-07,0.000532916,0.006205324,0.00286333,0.002622912,0.0004565,0.000836415,0.002793163,0.000592249,0.000820082,0.000851416,0.000108666
383,11.21336,0.02202897,1.166e-06,0.003203746,1.083e-06,0.001009749,0.002958829,0.006145241,0.002626663,0.00044875,0.000832832,0.00258583,0.000446416,0.000805998,0.000855499,0.000107167
384,11.23539,0.02459022,9.17e-07,0.003730578,6.67e-07,0.001112748,0.002826496,0.008033322,0.002535413,0.0004475,0.000903582,0.002700746,0.000439583,0.000896499,0.000853998,0.000108167
385,11.25998,0.0225278,1e-06,0.005422326,6.67e-07,0.000923998,0.004263828,0.003004495,0.00264608,0.000444333,0.000834248,0.002573164,0.000447332,0.000806666,0.001049332,0.000110333
386,11.2825,0.02442263,7.5e-07,0.003752745,6.66e-07,0.002385914,0.006112491,0.003196162,0.00290633,0.000450249,0.000834332,0.00255858,0.000448166,0.000809832,0.000856415,0.00011
387,11.30693,0.02278555,1.167e-06,0.004240077,5.83e-07,0.00240358,0.004242578,0.003022829,0.002589829,0.000462916,0.000815499,0.002720746,0.00045725,0.000789915,0.000856916,0.000181666
388,11.32971,0.02390963,1e-06,0.003178995,7.5e-07,0.000790666,0.002911662,0.008266322,0.002632413,0.000456583,0.000836498,0.002611913,0.0004505,0.000810999,0.000852332,0.000109
389,11.35362,0.0217843,1.25e-06,0.003181745,5e-07,0.000917999,0.002572663,0.006037241,0.002525163,0.000460166,0.000839499,0.002798246,0.000592166,0.000810332,0.000939416,0.000107916
390,11.37541,0.02478297,1.167e-06,0.003437328,5.84e-07,0.000870832,0.003467745,0.008224238,0.002621497,0.000447666,0.000832749,0.002657663,0.000441166,0.000804748,0.000866416,0.000109166
391,11.40019,0.02279472,1.083e-06,0.003512412,5.83e-07,0.000408833,0.001482498,0.008374905,0.002773829,0.000447833,0.000908165,0.002665746,0.000447916,0.000810999,0.000840166,0.00011975
392,11.42298,0.02392347,1.25e-06,0.003181412,5.83e-07,0.000940832,0.002912079,0.008061072,0.002704497,0.000448416,0.000840332,0.002617329,0.000441833,0.000810332,0.000856249,0.00010725
393,11.44691,0.02291372,1e-06,0.004212827,1e-06,0.002412747,0.004325994,0.002831996,0.002961162,0.0004645,0.000816499,0.002596663,0.000465082,0.000793832,0.000922583,0.000107833
394,11.46982,0.0238153,9.17e-07,0.003187495,6.67e-07,0.000601999,0.001039415,0.01007874,0.002651913,0.000452083,0.000837915,0.002610496,0.000443416,0.000886999,0.000914499,0.00010875
395,11.49364,0.02209047,1.25e-06,0.003187995,1.084e-06,0.001005915,0.00250858,0.006474074,0.002698496,0.0004715,0.000815665,0.002703246,0.000467166,0.000789666,0.000857999,0.000107833
396,11.51573,0.0244733,9.17e-07,0.004205827,8.34e-07,0.002351663,0.006209408,0.002860329,0.00262133,0.000447833,0.000836165,0.002718163,0.000446916,0.000806582,0.000855916,0.000111416
397,11.5402,0.02295938,1.25e-06,0.005417909,6.66e-07,0.000978082,0.004291661,0.003277245,0.002636997,0.000459916,0.000846415,0.00282383,0.000451249,0.000813999,0.000852165,0.000108
398,11.56316,0.02398888,1.417e-06,0.003185329,5.83e-07,0.000942666,0.002728996,0.008100322,0.002636496,0.000628166,0.000838499,0.002693746,0.000444916,0.000812499,0.000864249,0.000110999
399,11.58715,0.02314897,1.083e-06,0.004217744,7.5e-07,0.00239458,0.004471994,0.002922079,0.002612163,0.000472666,0.000818916,0.002979496,0.000435499,0.000762499,0.000951332,0.000108166
400,11.6103,0.02430172,1.333e-06,0.005479576,7.5e-07,0.000548916,0.006211907,0.003049496,0.002732246,0.0004525,0.000837665,0.002769996,0.000447833,0.000811249,0.000851082,0.000107166
401,11.6346,0.02167022,8.33e-07,0.003181996,5e-07,0.000921665,0.002630413,0.006054075,0.002591663,0.000448416,0.000838749,0.00264133,0.000454082,0.000810999,0.000984915,0.000110584
402,11.65627,0.02478022,1e-06,0.003201995,6.67e-07,0.000780332,0.001019832,0.01105723,0.002682163,0.000449166,0.000832916,0.002534246,0.000439333,0.000815582,0.000856916,0.000108833
403,11.68105,0.02279297,1e-06,0.005571659,7.5e-07,0.000526999,0.004265661,0.003260328,0.002655913,0.000449166,0.000832166,0.002759329,0.000706749,0.000790416,0.000863999,0.000108833
404,11.70384,0.0239453,9.17e-07,0.005119492,6.67e-07,0.001035999,0.006189408,0.002804579,0.002700913,0.000448666,0.000838415,0.002579747,0.000452832,0.000810999,0.000854249,0.000108417
405,11.72779,0.02378522,1.167e-06,0.003536245,8.33e-07,0.000410083,0.001176081,0.009486154,0.002808413,0.000608415,0.000843332,0.002685747,0.000446416,0.000814665,0.000858499,0.000109167
406,11.75157,0.02471263,1.083e-06,0.003939745,9.16e-07,0.00259958,0.006258658,0.003031829,0.002635829,0.00044875,0.000845749,0.002607163,0.000444749,0.000805665,0.000981582,0.000111334
407,11.77628,0.02213438,1.167e-06,0.005203326,5.83e-07,0.000991832,0.004275327,0.002846163,0.002660913,0.000448916,0.000839832,0.002644163,0.000451416,0.000809999,0.000852082,0.000108666
408,11.79842,0.02478047,9.17e-07,0.003193412,6.67e-07,0.000616749,0.001258665,0.01063465,0.002690997,0.000465249,0.000842332,0.002852496,0.000450333,0.000811582,0.000854415,0.000108
409,11.8232,0.0223268,1.334e-06,0.003935161,5e-07,0.00244733,0.004026661,0.002913162,0.002674996,0.000542333,0.000840082,0.002720913,0.000451166,0.000810415,0.000853333,0.000109416
410,11.84553,0.02388522,1e-06,0.003191162,1.084e-06,0.000922832,0.002624163,0.008041988,0.002721496,0.000446166,0.000953916,0.002764913,0.000446499,0.000811415,0.000849749,0.000108833
411,11.86941,0.02255105,1.25e-06,0.003433579,7.5e-07,0.000855665,0.003398579,0.006193991,0.002617163,0.000445083,0.000834499,0.002546079,0.000448166,0.000806666,0.000860749,0.000108833
412,11.89196,0.0247218,1e-06,0.003333828,7.5e-07,0.000416667,0.001226998,0.01096207,0.002554413,0.000456582,0.000837833,0.002614913,0.000448332,0.000902332,0.000842249,0.000123833
413,11.91668,0.0219873,1.5e-06,0.003264412,7.5e-07,0.001010249,0.002606413,0.006203158,0.002611746,0.000444333,0.000833415,0.002586747,0.000453582,0.000808582,0.001055582,0.000106833
414,11.93867,0.02444313,1.166e-06,0.003422662,7.5e-07,0.000864832,0.003373079,0.008307238,0.002367664,0.000454332,0.000838249,0.002592913,0.000448,0.000812082,0.000851332,0.000108833
415,11.96311,0.0220578,1.083e-06,0.003993328,7.5e-07,0.002391663,0.004039828,0.002810412,0.002598663,0.00044375,0.000838999,0.002589913,0.000518499,0.000867915,0.000840999,0.000122
416,11.98517,0.02408955,1.166e-06,0.003189329,7.5e-07,0.000918499,0.002910996,0.008284821,0.002708663,0.000449583,0.000836165,0.002561247,0.000444666,0.000807082,0.000866666,0.000109916
417,12.00926,0.0227303,1e-06,0.004331911,7.5e-07,0.002322246,0.004387328,0.002800412,0.00264558,0.000444416,0.000842749,0.002730913,0.000451332,0.000806332,0.000857749,0.000107583
418,12.03199,0.02429213,9.16e-07,0.005371076,6.67e-07,0.001059832,0.006345074,0.002793913,0.002611246,0.000448916,0.000832332,0.00260308,0.000458416,0.000805249,0.000854749,0.000106666
419,12.05628,0.02200772,1e-06,0.003186162,6.67e-07,0.000906248,0.002931246,0.005993408,0.002820496,0.000450333,0.000835082,0.00265983,0.000451666,0.000805832,0.000856499,0.00010925
420,12.07829,0.02514905,1e-06,0.003185079,5.83e-07,0.000972415,0.001056332,0.01095582,0.00262658,0.000449332,0.000842249,0.002714996,0.000445166,0.000884166,0.000905665,0.000109667
421,12.10344,0.02299847,1.084e-06,0.003185995,8.34e-07,0.000631165,0.001505915,0.008765904,0.002768996,0.000448416,0.000867666,0.002605413,0.000445083,0.000806498,0.000858166,0.000107333
422,12.12644,0.02448472,1e-06,0.005121409,6.67e-07,0.001058582,0.006155575,0.003196828,0.002665413,0.00044275,0.000905998,0.00271883,0.000447083,0.000811749,0.000851832,0.000106999
423,12.15092,0.02321822,8.33e-07,0.003189079,7.5e-07,0.000929165,0.001104249,0.009105404,0.002776663,0.000441999,0.000836332,0.002615663,0.000456583,0.000794165,0.000858999,0.000108333
424,12.17414,0.0249278,1.25e-06,0.003508995,7.5e-07,0.000363166,0.001436831,0.01055682,0.002989412,0.000455749,0.000837583,0.002555746,0.000445916,0.000807749,0.000858999,0.000108833
425,12.19907,0.02138922,7.5e-07,0.003667495,9.17e-07,0.000433083,0.002440246,0.006112575,0.002643663,0.000444416,0.000837415,0.002595663,0.00043875,0.000814082,0.000851999,0.000108166
426,12.22046,0.02428788,1.083e-06,0.003416412,8.34e-07,0.000679332,0.001043082,0.01053123,0.002518496,0.000456666,0.000837916,0.002576246,0.0004445,0.000812999,0.000858998,0.000110084
427,12.24475,0.02227897,9.17e-07,0.003444162,7.5e-07,0.001000831,0.00270533,0.006229575,0.002691162,0.000458833,0.000836332,0.002555497,0.000454249,0.000881832,0.000893749,0.00012575
428,12.26703,0.02451547,1e-06,0.003273579,7.5e-07,0.000961082,0.002845246,0.008561988,0.002766329,0.000452167,0.000841998,0.00257783,0.000456666,0.000812332,0.000856249,0.00010825
429,12.29154,0.0230328,1.084e-06,0.004361827,7.5e-07,0.00239208,0.00433891,0.00301658,0.002678246,0.000448166,0.000838249,0.002735329,0.000450249,0.000805583,0.000856582,0.000109166
430,12.31457,0.02464221,1e-06,0.005406075,6.67e-07,0.001046415,0.006377658,0.002793913,0.002597246,0.000447666,0.000833832,0.002875996,0.000450083,0.000744666,0.000957832,0.000109166
431,12.33922,0.02227247,9.17e-07,0.003210412,6.66e-07,0.000393916,0.003550579,0.006048241,0.00275958,0.000454332,0.000834083,0.002760496,0.000447582,0.000834749,0.000868916,0.000108
432,12.36149,0.02452755,1.167e-06,0.004224911,6.66e-07,0.000379916,0.008201572,0.002824746,0.002713413,0.000448666,0.000836749,0.002555413,0.000439333,0.000887249,0.000904498,0.00010925
433,12.38602,0.0226988,1e-06,0.005418576,7.5e-07,0.000998248,0.004281911,0.003087662,0.002693996,0.000465416,0.000818249,0.00261008,0.000564666,0.000790999,0.000860249,0.000106999
434,12.40872,0.02390988,9.17e-07,0.003215412,8.33e-07,0.001019499,0.002479996,0.007957239,0.002614913,0.000445083,0.000836332,0.003066496,0.000437333,0.000766332,0.000961165,0.000108333
435,12.43263,0.0228803,1.083e-06,0.003218412,7.5e-07,0.000671333,0.001286914,0.008704988,0.002760746,0.000447666,0.000851332,0.002716663,0.000444083,0.000811082,0.000855499,0.00010975
436,12.45551,0.02461505,1.166e-06,0.005524826,7.5e-07,0.000984499,0.006192991,0.002887079,0.00264083,0.000626249,0.000838082,0.002692663,0.000449499,0.000811082,0.000856666,0.000108666
437,12.48012,0.02196847,8.34e-07,0.005149409,5.83e-07,0.000895749,0.004260744,0.002850746,0.00269933,0.000454832,0.000842916,0.00258883,0.000445999,0.000813332,0.000842166,0.000122999
438,12.50209,0.02489946,1.25e-06,0.003217746,6.67e-07,0.000671165,0.000889166,0.01127182,0.002680163,0.000458666,0.000834416,0.002642246,0.000448499,0.000815499,0.000858249,0.000109916
439,12.52699,0.02278497,1.083e-06,0.005387159,6.67e-07,0.000984748,0.004510744,0.003028662,0.002643163,0.00045875,0.000840165,0.002588163,0.000456083,0.000864665,0.000911582,0.000109334
440,12.54977,0.0238878,1e-06,0.003213412,8.34e-07,0.000910082,0.002907496,0.008027072,0.002658579,0.00044925,0.000840248,0.00257808,0.000444999,0.000894082,0.000853999,0.000108667
441,12.57366,0.02209255,1.083e-06,0.004360327,8.33e-07,0.00046,0.002190997,0.006166824,0.00262683,0.000444916,0.000835499,0.002631413,0.000594832,0.000807416,0.000862082,0.0001095
442,12.59575,0.02459372,1e-06,0.003484329,7.5e-07,0.000419416,0.001437998,0.01050698,0.00263433,0.000446749,0.000836249,0.002597663,0.000454249,0.000822832,0.000841166,0.00011
443,12.62035,0.02189672,1e-06,0.003851745,8.33e-07,0.000491499,0.002270914,0.006210658,0.002598579,0.000706166,0.000867499,0.002596079,0.000525416,0.000808833,0.000858582,0.000108916
444,12.64224,0.02443713,1.25e-06,0.004224161,1e-06,0.002383996,0.006271325,0.002807579,0.002650663,0.000453249,0.000835916,0.002589663,0.000444249,0.000806333,0.000858582,0.000109166
445,12.66668,0.02235047,1.167e-06,0.005442992,7.5e-07,0.001005749,0.004293827,0.002778579,0.00267358,0.000450583,0.000834832,0.002647829,0.000450916,0.000805499,0.000856499,0.000107666
446,12.68903,0.02393805,1.166e-06,0.003747829,5.83e-07,0.002386413,0.006183491,0.002864163,0.002567746,0.000462166,0.000835083,0.002612663,0.000469832,0.000840166,0.000858249,0.000108499
447,12.71297,0.0227278,8.33e-07,0.004216661,7.5e-07,0.00240483,0.003987661,0.002979912,0.00280908,0.000463249,0.000840665,0.002800747,0.000449916,0.000809915,0.000840999,0.000122583
448,12.7357,0.0246978,1.25e-06,0.003202912,7.5e-07,0.001228165,0.002900496,0.008332155,0.002615413,0.000461666,0.000887332,0.002840996,0.000450833,0.000814582,0.000851999,0.00010925
449,12.7604,0.02159714,1.167e-06,0.003214578,5.84e-07,0.000915748,0.00256758,0.006197825,0.002599913,0.000444832,0.000837166,0.00260208,0.000443916,0.000811499,0.000852582,0.000107666
450,12.78199,0.02499513,1e-06,0.004459411,6.66e-07,0.002697163,0.005997908,0.002851413,0.002658996,0.000601416,0.000836832,0.002664913,0.000449666,0.000806999,0.000859499,0.00010925
451,12.80699,0.02241397,1e-06,0.005393159,7.5e-07,0.001032166,0.004246494,0.002811246,0.002627913,0.000444749,0.000833082,0.00280333,0.000446249,0.000808916,0.000855832,0.000109083
452,12.8294,0.02409088,1.084e-06,0.003185995,7.5e-07,0.000747582,0.00265708,0.008395988,0.002742413,0.000453833,0.000880582,0.002759412,0.000491166,0.000793749,0.000871499,0.00010975
453,12.85349,0.02252747,1.083e-06,0.004255827,7.5e-07,0.002291747,0.004303744,0.002791746,0.00260783,0.000445333,0.000833665,0.002660163,0.000441416,0.000880665,0.000904249,0.00010925
454,12.87602,0.02427322,1e-06,0.005461326,6.66e-07,0.001027749,0.006202491,0.002877746,0.002615496,0.000452083,0.000833416,0.002586913,0.000439582,0.000807082,0.000858166,0.0001095
455,12.90029,0.02228139,8.33e-07,0.00513391,8.33e-07,0.000940249,0.004269244,0.002795829,0.00270833,0.000444249,0.000840832,0.002923579,0.000448083,0.000810666,0.000856749,0.000107999
456,12.92258,0.02443363,1.084e-06,0.003186245,5.84e-07,0.000631665,0.001041749,0.01064898,0.002663913,0.000462333,0.000834165,0.00275233,0.000452832,0.000809749,0.000841249,0.00010675
457,12.94701,0.02341663,1e-06,0.003324995,5.84e-07,0.000411082,0.001226665,0.009049821,0.002825663,0.000609582,0.000816416,0.002890496,0.000437249,0.000765415,0.000941749,0.000115917
458,12.97043,0.0239958,8.33e-07,0.005205243,7.5e-07,0.001009415,0.006188825,0.002808829,0.002455997,0.000449332,0.000835999,0.002693496,0.000440417,0.000813082,0.000983415,0.000110167
459,12.99442,0.02297105,1.417e-06,0.003188829,6.66e-07,0.000909749,0.001560165,0.008453488,0.002717579,0.000468833,0.000816332,0.002625163,0.000450499,0.000814916,0.000854082,0.000109333
460,13.01739,0.02467705,1.166e-06,0.003187663,6.66e-07,0.000638749,0.001537832,0.0103769,0.002615746,0.000448666,0.000892499,0.002748662,0.000450833,0.000814999,0.000852749,0.000109916
461,13.04207,0.02206355,1.166e-06,0.003190829,5e-07,0.000862666,0.002879746,0.006310907,0.00262158,0.000448666,0.000834332,0.002590163,0.000547083,0.000807582,0.000855415,0.000112917
462,13.06413,0.0255188,7.5e-07,0.004425827,8.34e-07,0.002363246,0.006300325,0.003035662,0.002751913,0.000597749,0.000843749,0.002932246,0.000438166,0.000766082,0.000953082,0.000109166
463,13.08965,0.02216472,1.333e-06,0.005434493,8.33e-07,0.000473999,0.004381911,0.002985746,0.002724413,0.000445499,0.000862999,0.002638579,0.000444916,0.000810166,0.000851915,0.000107917
464,13.11182,0.02410505,1e-06,0.003175495,6.67e-07,0.000885165,0.002657163,0.007980739,0.002551996,0.000456166,0.000840416,0.003325495,0.000462666,0.000798582,0.000861332,0.000108167
465,13.13592,0.02246814,1.084e-06,0.004195327,6.67e-07,0.00231158,0.004158994,0.002844496,0.002731829,0.00044675,0.000834249,0.002601163,0.000445832,0.000805249,0.000980832,0.000110083
466,13.15839,0.0245373,1.166e-06,0.004026661,7.5e-07,0.002445247,0.006218658,0.003018495,0.00261558,0.000464666,0.000834582,0.00261408,0.000534249,0.000788999,0.000864332,0.000109833
467,13.18293,0.02229472,1.333e-06,0.003183912,8.33e-07,0.000398667,0.001327831,0.008378822,0.002768162,0.000448666,0.000834583,0.002728079,0.000452583,0.000806832,0.000857165,0.00010725
468,13.20522,0.02484863,1e-06,0.003464662,7.5e-07,0.000856082,0.003390662,0.008271322,0.00259883,0.000446082,0.000841499,0.002763496,0.000441583,0.000807832,0.000855999,0.000108833
469,13.23007,0.02313155,1.166e-06,0.003327162,8.34e-07,0.000372916,0.001224581,0.009088738,0.002779579,0.000600499,0.000834666,0.002684496,0.000445333,0.000806498,0.000857083,0.000107999
470,13.2532,0.02429013,1.083e-06,0.003807328,7.5e-07,0.002397914,0.006426991,0.002815912,0.002656663,0.000449583,0.000836749,0.002561163,0.000444499,0.000873999,0.000905665,0.000111834
471,13.27749,0.02305772,8.33e-07,0.004227994,9.17e-07,0.002409246,0.004311828,0.003291662,0.002660496,0.000452916,0.000839749,0.002612163,0.000466582,0.000810916,0.000851165,0.00012125
472,13.30055,0.0245938,1e-06,0.003186912,8.33e-07,0.001256165,0.003043079,0.007850489,0.002587997,0.000470166,0.000872082,0.003061329,0.000437499,0.000765166,0.000953832,0.000107249
473,13.32514,0.02218339,1e-06,0.003184079,5.84e-07,0.000967332,0.002674329,0.006365408,0.002609996,0.000447416,0.000842916,0.002745913,0.000570915,0.000791833,0.000870415,0.00011125
474,13.34733,0.02466697,9.17e-07,0.006296324,8.34e-07,0.000513082,0.005839576,0.002987495,0.002693997,0.000611999,0.000815915,0.002681496,0.000463166,0.000792749,0.000860082,0.000109334
475,13.37199,0.02285322,1.25e-06,0.003181579,5.83e-07,0.000619249,0.001039249,0.008997987,0.002913496,0.000451999,0.000834666,0.002595913,0.000446166,0.000809832,0.000852916,0.000108333
476,13.39485,0.0261448,1e-06,0.005188826,6.66e-07,0.001036582,0.006155325,0.003063496,0.003304995,0.000541416,0.000840832,0.003699745,0.000536166,0.000812248,0.000854916,0.000108583
477,13.42099,0.02744254,1.166e-06,0.004227411,5e-07,0.000463166,0.002209497,0.00959682,0.003593911,0.0005435,0.000837582,0.003623495,0.000573499,0.000812332,0.000851666,0.000107999
478,13.44843,0.03189812,1.25e-06,0.003421912,5.83e-07,0.001045082,0.002950163,0.01311565,0.003642245,0.000558083,0.000892498,0.003834578,0.000551833,0.000859832,0.000913499,0.000110916
479,13.48033,0.02319322,1.417e-06,0.005517576,1.166e-06,0.001046332,0.004237911,0.003121245,0.00269858,0.000502416,0.000929999,0.002735079,0.0004645,0.000886915,0.000937332,0.00011275
480,13.50353,0.02476255,1.25e-06,0.006463741,7.5e-07,0.000516249,0.005694242,0.003316662,0.002703746,0.000464666,0.000815749,0.002573163,0.000443,0.000806499,0.000855248,0.000107583
481,13.52829,0.0227658,1e-06,0.003190079,7.5e-07,0.000810582,0.001041998,0.008712071,0.002826413,0.000452583,0.000838082,0.00266583,0.000453249,0.000813165,0.000851416,0.000108583
482,13.55105,0.02417863,1.167e-06,0.003184079,1e-06,0.000922499,0.002626163,0.008349071,0.002680496,0.000448916,0.000843666,0.002676496,0.000686332,0.000790749,0.000860249,0.00010775
483,13.57523,0.02282522,1e-06,0.004200994,7.5e-07,0.002309414,0.004254327,0.003011829,0.002674163,0.000465083,0.000819165,0.00280858,0.000449333,0.000746582,0.000962832,0.000121166
484,13.59806,0.02452071,1e-06,0.004024244,7.5e-07,0.002286413,0.006240825,0.002925913,0.002665412,0.0004945,0.000839832,0.002800329,0.000459083,0.000818915,0.000851999,0.0001115
485,13.62258,0.02171622,1e-06,0.003184329,6.67e-07,0.000905082,0.002842663,0.006036241,0.002651913,0.000444416,0.000837332,0.00258333,0.000452083,0.000813582,0.000853832,0.00010975
486,13.64429,0.0249408,1.084e-06,0.006247658,6.66e-07,0.000574749,0.006075492,0.002783496,0.002688579,0.000593666,0.001028249,0.002653663,0.000435666,0.000894332,0.000853749,0.00010975
487,13.66924,0.02173605,1.083e-06,0.005464742,6.67e-07,0.000516666,0.00428941,0.002793496,0.002591663,0.000451917,0.000838165,0.002573246,0.000457666,0.000790333,0.000858082,0.000108916
488,13.69097,0.02417697,1.416e-06,0.00519616,6.66e-07,0.001021499,0.006189491,0.002854829,0.00276008,0.000449249,0.000835082,0.002647497,0.000447082,0.000810666,0.000856165,0.000107083
489,13.71515,0.02317505,1.167e-06,0.003433662,7.5e-07,0.001298331,0.00290083,0.006472657,0.002697913,0.000455833,0.000816498,0.00261058,0.000458916,0.001004582,0.000894499,0.000128833
490,13.73832,0.02433663,1.083e-06,0.003237912,1e-06,0.001267999,0.002819662,0.007986072,0.00263058,0.000462499,0.000815583,0.002840496,0.000442416,0.000744665,0.000961916,0.000124749
491,13.76266,0.02249022,1e-06,0.005364076,7.5e-07,0.000956082,0.004290244,0.002894079,0.002591496,0.000463666,0.000815249,0.002884413,0.000449249,0.000812166,0.000840082,0.000127666
492,13.78515,0.0241228,1.083e-06,0.006235158,1.083e-06,0.000524999,0.005831326,0.002822079,0.00263158,0.000449082,0.000836582,0.002570163,0.00044825,0.000805832,0.000856582,0.000109
493,13.80927,0.02331922,9.16e-07,0.003348996,1e-06,0.000420249,0.001211582,0.009048154,0.002640746,0.000630082,0.000841999,0.002858163,0.000444833,0.000906248,0.000857166,0.000109083
494,13.83259,0.02469363,1.083e-06,0.005278243,6.67e-07,0.001009748,0.006390574,0.002816413,0.00263158,0.000446999,0.000900916,0.002857246,0.000440749,0.000929415,0.000880416,0.000109583
495,13.85729,0.02313072,1.083e-06,0.004256077,7.5e-07,0.002653913,0.004354244,0.003052162,0.00266533,0.000449083,0.000838915,0.002637663,0.000447666,0.000813249,0.000853832,0.00010675
496,13.88042,0.0243243,9.17e-07,0.005494325,7.5e-07,0.001009832,0.006173241,0.003045246,0.002676913,0.000443416,0.000834166,0.002421163,0.000447583,0.000812165,0.000855999,0.000108583
497,13.90474,0.02175164,1.083e-06,0.003239912,1e-06,0.000954832,0.002592997,0.006220574,0.002623497,0.000444416,0.000834915,0.00261658,0.000448333,0.000812082,0.000851498,0.000109917
498,13.92649,0.02555488,1.166e-06,0.004390161,8.33e-07,0.002355997,0.005989825,0.003529745,0.002617246,0.000623416,0.000883582,0.002893246,0.000439749,0.000765666,0.000954165,0.000110083
499,13.95205,0,0,0,0,0,0,0,0,0,0,0,0,0,0,0

Averages:
0.0279041,1.111638e-06,0.00418852,7.42506e-07,0.00510265,0.003542512,0.005715835,0.002824448,0.0005256944,0.000851719,0.002805688,0.0005205158,0.000823703,0.0008846188,0.0001163378
