OpenCV version: 2.4
Usage: 7-SobelDerivatives <input-number> [<samples>]
input-number - is the video device number. Defaults to zero. E.g. for /dev/video2 just use '2' as argument.
samples - number of samples before application ends. Defaults to 1000; zero means infinite.
sample_number,elapsed_time,frame,mat_alloc,read_img,convert_color,gaussian_blur,sobel,convert_scale,sobel2,conver_scale2,add_weighted,show_img
0,0,0.01596473,8.583e-06,0.003941994,0.003785162,0.002937496,0.001042832,0.000913832,0.000902498,0.000944082,0.000894166,0.000594082
1,0.01596473,0.01136932,9.17e-07,0.003652995,0.000787915,0.002785746,0.000845083,0.000816832,0.000681665,0.000838166,0.000860415,9.9584e-05
2,0.02733405,0.01571581,1.166e-06,0.003209829,0.000360666,0.00751849,0.000721415,0.000820249,0.000954666,0.001000082,0.001018165,0.000111083
3,0.04304986,0.02295797,1.333e-06,0.004103661,0.000822666,0.01182815,0.000735332,0.000834832,0.002808913,0.000813249,0.000868582,0.00014125
4,0.06600782,0.01842614,1.167e-06,0.004754993,0.000745249,0.005209826,0.001380748,0.001592748,0.001285165,0.001562581,0.001659831,0.000233833
5,0.08443396,0.0198918,1.583e-06,0.008928571,0.001580248,0.00476641,0.000769415,0.001057082,0.000730916,0.000862999,0.001048415,0.000146166
6,0.1043258,0.01273048,1.166e-06,0.004024161,0.000921166,0.003212328,0.000769416,0.000899999,0.000749082,0.000872166,0.001166831,0.000114167
7,0.1170563,0.01352923,1.333e-06,0.003250912,0.000797083,0.005513992,0.000735082,0.000812916,0.000640582,0.000799332,0.000854749,0.00012325
8,0.1305855,0.01101565,8.3583e-05,0.003745328,0.000457833,0.00268858,0.000687249,0.000851248,0.000681166,0.000805082,0.000877499,0.000138083
9,0.1416011,0.01070849,1.166e-06,0.003525662,0.000446083,0.002794913,0.000699499,0.000817915,0.000655333,0.000808498,0.000858082,0.000101334
10,0.1523096,0.0106364,1e-06,0.003226579,0.000399083,0.002738579,0.000962082,0.000921999,0.000657999,0.000782999,0.000856249,8.9833e-05
11,0.162946,0.01076198,1.333e-06,0.003732078,0.000455417,0.002672412,0.000701499,0.000819916,0.000645999,0.000784666,0.000855582,9.3083e-05
12,0.173708,0.0105824,1.167e-06,0.003542995,0.000366582,0.00269208,0.000667666,0.000829499,0.000677165,0.000825166,0.000864749,0.000115333
13,0.1842904,0.01020682,1.75e-06,0.003214245,0.000377167,0.002674579,0.000686083,0.000812332,0.000640082,0.000809582,0.000861249,0.00012975
14,0.1944972,0.01073949,1.167e-06,0.003757161,0.000444249,0.002665997,0.000690499,0.000811332,0.000628249,0.000795332,0.000853832,9.1667e-05
15,0.2052367,0.01066757,1.333e-06,0.003679412,0.000412333,0.002684246,0.000674416,0.000820415,0.000643916,0.000800749,0.000855998,9.475e-05
16,0.2159043,0.01032124,1e-06,0.003290079,0.000371916,0.002688329,0.000689999,0.000836083,0.000676415,0.000800666,0.000846249,0.0001205
17,0.2262255,0.01083615,9.16e-07,0.003754245,0.000459,0.002766746,0.000663499,0.000826082,0.000634582,0.000792416,0.000847332,9.1333e-05
18,0.2370617,0.01064999,1.084e-06,0.003645328,0.000426916,0.002685663,0.000693082,0.000814333,0.000633415,0.000795999,0.000860499,9.3666e-05
19,0.2477117,0.01018132,1.833e-06,0.003213579,0.000366249,0.002685413,0.000708249,0.000821749,0.000627832,0.000794916,0.000858582,0.000102917
20,0.257893,0.01085632,1.167e-06,0.003860577,0.000401917,0.002659912,0.000681249,0.000843333,0.000653749,0.000803165,0.000852916,9.8333e-05
21,0.2687493,0.01173873,1.167e-06,0.003647328,0.000437249,0.002677413,0.000700583,0.000814415,0.000632166,0.000802832,0.001912498,0.000113083
22,0.280488,0.0129124,1.5e-06,0.003252079,0.000820082,0.002893746,0.000665082,0.000929582,0.002575247,0.000805332,0.000865665,0.000104083
23,0.2934004,0.01342148,1.083e-06,0.003963911,0.000696749,0.003045412,0.000652166,0.000813999,0.000627749,0.000791666,0.002720079,0.000108667
24,0.3068219,0.01137032,1.25e-06,0.003743745,0.000941998,0.002870663,0.000652749,0.000812416,0.000623749,0.000782749,0.000852832,8.8166e-05
25,0.3181922,0.01413623,1.084e-06,0.003232745,0.000816332,0.006224658,0.000681499,0.000810249,0.000629416,0.000783332,0.000854166,0.000102749
26,0.3323284,0.01391248,1.167e-06,0.004037161,0.000817249,0.005200492,0.000681083,0.000811415,0.000614749,0.000799583,0.000851165,9.8417e-05
27,0.3462409,0.01353715,1e-06,0.003857828,0.000796998,0.00502516,0.000673749,0.000809499,0.000619082,0.000801333,0.000853415,9.9083e-05
28,0.3597781,0.01359856,1.166e-06,0.003759912,0.000778415,0.00289083,0.002854912,0.000820416,0.000643916,0.000787665,0.000964082,9.725e-05
29,0.3733766,0.01474215,1.083e-06,0.003979411,0.000723332,0.005657159,0.001198248,0.000811499,0.000615749,0.000805249,0.000853499,9.6917e-05
30,0.3881188,0.01368531,1.083e-06,0.003821245,0.000717082,0.005221409,0.000678583,0.000800498,0.000669083,0.000796665,0.000859666,0.00012
31,0.4018041,0.0132269,1e-06,0.003322079,0.000810415,0.003058496,0.000643666,0.000813082,0.002804663,0.000805415,0.000856582,0.0001115
32,0.415031,0.01165773,1e-06,0.004011661,0.000816082,0.003012496,0.000651582,0.000811583,0.000613999,0.000795749,0.000854748,8.8834e-05
33,0.4266887,0.01350573,1e-06,0.003820411,0.000619749,0.002928246,0.000644916,0.002966662,0.000660416,0.000849582,0.000910416,0.000104333
34,0.4401945,0.01357798,1e-06,0.003444995,0.000703082,0.003095829,0.000673583,0.003114995,0.000638583,0.000897749,0.000909748,9.8417e-05
35,0.4537724,0.01373423,1.167e-06,0.004127994,0.002828579,0.002896663,0.000648666,0.000818249,0.000596249,0.000799082,0.000924499,9.3083e-05
36,0.4675067,0.01344581,1.333e-06,0.003885578,0.000814666,0.003057412,0.00249983,0.000815499,0.000625082,0.000790749,0.000844666,0.000110999
37,0.4809525,0.0146174,1.166e-06,0.003239162,0.000805499,0.005168326,0.000941249,0.001166082,0.001430831,0.000801666,0.000957498,0.000105917
38,0.4955699,0.01410531,1e-06,0.004041494,0.00274133,0.003462162,0.000650749,0.000809249,0.000600082,0.000795249,0.000898832,0.000105167
39,0.5096752,0.0134264,9.17e-07,0.003848327,0.000948916,0.004702493,0.000649499,0.000812832,0.00061,0.000786915,0.000972582,9.3917e-05
40,0.5231016,0.01361415,1.5e-06,0.003493162,0.000802832,0.005497659,0.000664166,0.000804249,0.000606332,0.000791999,0.000856832,9.5417e-05
41,0.5367157,0.01342998,1.084e-06,0.004009577,0.000817916,0.00478216,0.000652166,0.000814832,0.000612582,0.000793332,0.000845666,0.000100666
42,0.5501457,0.0141459,1.084e-06,0.003752328,0.000734999,0.002891912,0.000631499,0.000811499,0.00223358,0.001135082,0.001851747,0.000102167
43,0.5642916,0.01279898,9.17e-07,0.005120409,0.000914999,0.002891162,0.000645583,0.000882582,0.000595082,0.000803833,0.000851248,9.3167e-05
44,0.5770906,0.01356456,1e-06,0.004170994,0.000706499,0.00476266,0.000657416,0.000804665,0.000601,0.000793165,0.000969749,9.7416e-05
45,0.5906552,0.01319256,1e-06,0.003885578,0.000716749,0.004763493,0.000661582,0.000810249,0.000601249,0.000798249,0.000852166,0.00010225
46,0.6038477,0.01394265,1.167e-06,0.003257412,0.000785332,0.003013496,0.000644582,0.00242383,0.000917499,0.001131832,0.001662164,0.000105333
47,0.6177904,0.0136319,1.166e-06,0.005939409,0.000931498,0.002887746,0.000630333,0.000877332,0.000625749,0.000792082,0.000844916,0.000101666
48,0.6314223,0.01320931,1.416e-06,0.003872328,0.000755166,0.004773077,0.000656165,0.000800666,0.000605332,0.000792583,0.000854332,9.825e-05
49,0.6446316,0.0125609,1e-06,0.003230829,0.000791915,0.004719827,0.000660499,0.000808416,0.000594082,0.000794916,0.000858749,0.000100666
50,0.6571925,0.01379931,9.16e-07,0.004352578,0.000698915,0.002916413,0.000635416,0.000810749,0.002545079,0.000788083,0.000948832,0.000102333
51,0.6709918,0.01344065,1e-06,0.003828911,0.000873332,0.004794244,0.000656832,0.000800999,0.000665999,0.000801082,0.000923916,9.4333e-05
52,0.6844325,0.01292757,1.084e-06,0.003451495,0.000801499,0.004855493,0.000662999,0.000799749,0.000607499,0.000793499,0.000857082,9.7167e-05
53,0.69736,0.01346506,1e-06,0.004237994,0.000643665,0.004772744,0.000646416,0.000813248,0.000609166,0.000784832,0.000853833,0.000102166
54,0.7108251,0.01327482,8.34e-07,0.003870578,0.000820248,0.002879413,0.000646416,0.000799665,0.002499497,0.000800332,0.000857499,0.000100333
55,0.7240999,0.01358498,9.17e-07,0.003366162,0.002716579,0.003562162,0.000636249,0.000814166,0.000614749,0.000799582,0.000960582,0.000113833
56,0.7376849,0.01362031,1.167e-06,0.003966328,0.000788665,0.004876743,0.000646333,0.000816165,0.000608583,0.000936082,0.000862582,0.000117666
57,0.7513052,0.01331607,1.084e-06,0.003795994,0.000762749,0.003028413,0.000630165,0.000809999,0.000604499,0.000782499,0.002787496,0.000113167
58,0.7646213,0.01096323,1.083e-06,0.003236079,0.000897415,0.002914163,0.000638332,0.000942666,0.000608332,0.000783082,0.000852082,9e-05
59,0.7755845,0.01190065,1.166e-06,0.003274329,0.000761416,0.002963496,0.000631165,0.000816249,0.000605333,0.001315831,0.001420748,0.000110917
60,0.7874851,0.01447565,8.33e-07,0.005686326,0.001948997,0.002866579,0.000640249,0.000813582,0.000712749,0.000859999,0.000854166,9.2166e-05
61,0.8019608,0.01290998,1.083e-06,0.003292996,0.002828246,0.002857746,0.000732665,0.000809749,0.000590833,0.000832832,0.000858415,0.000105417
62,0.8148708,0.01345157,9.17e-07,0.004090494,0.000813666,0.004728743,0.000658416,0.000811582,0.000606999,0.000787582,0.000853833,9.9333e-05
63,0.8283223,0.0134194,1e-06,0.003924745,0.000792665,0.003010913,0.000634832,0.000808666,0.000591666,0.002691579,0.000859582,0.00010375
64,0.8417417,0.01383981,1.083e-06,0.003334162,0.000779833,0.005727658,0.000710332,0.000821999,0.000606999,0.000783333,0.000972082,0.000102333
65,0.8555815,0.0138579,1e-06,0.004188661,0.000814082,0.004869243,0.000668082,0.000900749,0.000610333,0.000793498,0.000893833,0.000118416
66,0.8694394,0.01400631,1.25e-06,0.003708328,0.000771082,0.003023996,0.000641333,0.000810332,0.000591332,0.000924916,0.003406245,0.0001275
67,0.8834458,0.01090515,1.083e-06,0.003293496,0.000805415,0.003019579,0.000637499,0.000814249,0.000605333,0.000794999,0.000843915,8.9583e-05
68,0.8943509,0.01478598,1.084e-06,0.004093744,0.000724499,0.005091159,0.001051082,0.001443748,0.000627499,0.000799666,0.000853499,9.9999e-05
69,0.9091369,0.01362106,1e-06,0.003765578,0.000808832,0.005147909,0.000639999,0.000815249,0.000604749,0.000792333,0.000937748,0.000107667
70,0.922758,0.01279323,1.083e-06,0.003379746,0.002710163,0.002843829,0.000643416,0.000809499,0.000590582,0.000798999,0.000922999,9.2916e-05
71,0.9355512,0.01372498,9.17e-07,0.004142994,0.000850999,0.002995579,0.000634583,0.002725412,0.000640916,0.000783916,0.000852499,9.7166e-05
72,0.9492762,0.01488881,1.083e-06,0.003770911,0.000812499,0.004929576,0.000969249,0.001145915,0.001499998,0.000802332,0.000855666,0.000101583
73,0.964165,0.01343881,1e-06,0.004926159,0.001651998,0.002890329,0.000639249,0.000809083,0.000594332,0.000839082,0.000980915,0.000106667
74,0.9776038,0.01356081,1.166e-06,0.004059578,0.000859665,0.004713494,0.000655415,0.000811166,0.000709749,0.000796832,0.000851916,0.000101833
75,0.9911646,0.01324715,1.166e-06,0.003893745,0.000734249,0.002897079,0.000641082,0.000803583,0.002522996,0.000801082,0.000853666,9.85e-05
76,1.004412,0.01460981,8.33e-07,0.003250746,0.002610163,0.003922661,0.001018498,0.001431748,0.000625833,0.000794915,0.000855666,9.875e-05
77,1.019022,0.01405706,1.083e-06,0.004017661,0.002697997,0.003483661,0.000652416,0.000811166,0.000611165,0.000782749,0.000892416,0.00010675
78,1.033079,0.01335982,1.084e-06,0.003943577,0.000805999,0.004731577,0.000655749,0.000809416,0.000593165,0.000799166,0.000926249,9.3833e-05
79,1.046438,0.01336657,1.25e-06,0.003380246,0.000813748,0.004730244,0.000671415,0.001287915,0.000610833,0.000800499,0.000973082,9.7333e-05
80,1.059805,0.01564714,1.083e-06,0.004108828,0.000825665,0.004831743,0.000975082,0.001148249,0.000898998,0.001199582,0.001530248,0.000127666
81,1.075452,0.01455848,1.167e-06,0.005602409,0.002248913,0.002845413,0.000635332,0.000821916,0.000613749,0.000829249,0.000856999,0.000103333
82,1.090011,0.01280123,1.083e-06,0.005316076,0.000687249,0.002920079,0.000644916,0.000815332,0.000598499,0.000869499,0.000854082,9.4417e-05
83,1.102812,0.01553439,1.083e-06,0.004609827,0.000688499,0.006294741,0.000667999,0.000914832,0.000602416,0.000799082,0.000857249,9.8667e-05
84,1.118346,0.01686998,1.084e-06,0.007268323,0.001971664,0.003808328,0.000642582,0.000814166,0.000614582,0.000792249,0.000854665,0.000102334
85,1.135216,0.01242207,1.084e-06,0.00469866,0.000859999,0.002870412,0.000648166,0.000847082,0.000619999,0.000910249,0.000861832,0.000104583
86,1.147638,0.01515673,1.167e-06,0.007287573,0.000959082,0.002935579,0.000821999,0.000811666,0.000598749,0.000794249,0.000854332,9.2333e-05
87,1.162795,0.01466748,1e-06,0.003854828,0.000784166,0.006083658,0.000659332,0.000846916,0.000623999,0.000788332,0.000930665,9.4583e-05
88,1.177463,0.01407673,1.083e-06,0.003334662,0.000798499,0.006036075,0.000667916,0.000816749,0.000602499,0.000796999,0.000927832,9.4416e-05
89,1.191539,0.0149169,1.25e-06,0.004127744,0.000820082,0.002893579,0.000779666,0.000803916,0.000608665,0.003907912,0.000861915,0.000112167
90,1.206456,0.01492023,8.34e-07,0.004016744,0.000810666,0.002949912,0.003940495,0.000819749,0.000631749,0.000783832,0.000856165,0.000110083
91,1.221376,0.01396606,1e-06,0.003254745,0.000733583,0.002906662,0.000642666,0.000877915,0.000669583,0.000794249,0.003981911,0.00010375
92,1.235342,0.01568198,8.33e-07,0.004271244,0.000731833,0.002907746,0.004430993,0.000819666,0.000643416,0.000785165,0.000979082,0.000112
93,1.251024,0.01460381,1.166e-06,0.003873245,0.000816165,0.002895746,0.000630916,0.000811916,0.000611749,0.000790749,0.004068244,0.000103917
94,1.265628,0.01373273,8.34e-07,0.003256912,0.000809082,0.00441566,0.000980666,0.001233331,0.001280999,0.000791498,0.000861666,0.000102083
95,1.279361,0.01371798,1e-06,0.004087744,0.000812999,0.004947243,0.000654832,0.000812916,0.000610082,0.000828332,0.000865416,9.7416e-05
96,1.293079,0.01320815,1e-06,0.003878411,0.000784832,0.004719827,0.000648332,0.000814249,0.000622416,0.000786249,0.000853665,9.9167e-05
97,1.306287,0.01270215,1.333e-06,0.003438662,0.000649165,0.002901663,0.000646749,0.002687413,0.000626666,0.000797999,0.000853832,9.8666e-05
98,1.318989,0.0144969,1.25e-06,0.004005578,0.000633999,0.004675493,0.000975582,0.001234165,0.001208332,0.000800665,0.000860249,0.000101583
99,1.333486,0.01346073,1e-06,0.003832161,0.000787999,0.004852576,0.000756833,0.000804832,0.000640832,0.000797333,0.000865748,0.000121417
100,1.346947,0.01295823,1.416e-06,0.003229162,0.000710666,0.003053246,0.000638499,0.000810082,0.002679663,0.000873499,0.000847498,0.0001145
101,1.359905,0.01172565,1.417e-06,0.003969661,0.000810082,0.003022329,0.000773832,0.000809749,0.000599916,0.000797166,0.000851915,8.9583e-05
102,1.371631,0.01207082,1.333e-06,0.003242079,0.000914332,0.004120827,0.000640166,0.000815832,0.000608833,0.000791415,0.000846332,8.9667e-05
103,1.383702,0.0129334,1.25e-06,0.005160576,0.000864332,0.003117912,0.000646749,0.000812249,0.000590999,0.000793249,0.000855666,9.0416e-05
104,1.396635,0.01387406,1.083e-06,0.004006828,0.003227745,0.002796663,0.000643332,0.000810666,0.000607499,0.000784666,0.000889832,0.00010575
105,1.410509,0.01362456,9.16e-07,0.003888495,0.000815249,0.004984243,0.000715915,0.000875666,0.000603999,0.000793582,0.000851832,9.4667e-05
106,1.424134,0.01286831,1e-06,0.003465162,0.000815332,0.002885662,0.000639999,0.002666913,0.000641166,0.000793832,0.000856499,0.00010275
107,1.437002,0.01351681,1.083e-06,0.004194161,0.000698999,0.002923829,0.000643416,0.000807582,0.000595749,0.000796416,0.002740246,0.000115333
108,1.450519,0.01141173,1.167e-06,0.003755911,0.000706666,0.002905663,0.000644415,0.000812083,0.000592915,0.000795083,0.001108498,8.9333e-05
109,1.46193,0.01280907,1.084e-06,0.003440662,0.000905498,0.004636827,0.000641333,0.000813748,0.0006105,0.000798165,0.000849749,0.0001115
110,1.47474,0.01359548,1.084e-06,0.00428691,0.000731083,0.002897912,0.000630416,0.000810332,0.00248183,0.000802249,0.000853082,0.000100583
111,1.488335,0.01544064,1e-06,0.003852995,0.000799582,0.005500742,0.000936749,0.001243581,0.001243332,0.000801166,0.000961665,9.9833e-05
112,1.503776,0.01377931,1.083e-06,0.005467743,0.001490831,0.002967079,0.000648082,0.000802333,0.000598665,0.000839416,0.000858415,0.000105667
113,1.517555,0.01361131,1.416e-06,0.004067578,0.002813913,0.002855662,0.000645916,0.000807582,0.000600916,0.000795665,0.000928333,9.4333e-05
114,1.531166,0.01335531,1.083e-06,0.003885911,0.000814166,0.003005412,0.00247533,0.000818499,0.000620332,0.000782916,0.000853499,9.8166e-05
115,1.544522,0.01493798,1.25e-06,0.003365912,0.000612749,0.005739076,0.000929915,0.001238748,0.001284332,0.000810999,0.000854748,0.00010025
116,1.55946,0.01509748,9.16e-07,0.005939825,0.00259633,0.002649413,0.000632166,0.000815498,0.000664833,0.000835749,0.000855832,0.000106916
117,1.574557,0.01341765,1.083e-06,0.005758325,0.000922499,0.002883663,0.000629249,0.000814749,0.000680582,0.000782582,0.000853416,9.15e-05
118,1.587975,0.01285781,1.083e-06,0.003487162,0.000784165,0.004726827,0.000710082,0.000811999,0.000594999,0.000793916,0.000851249,9.6333e-05
119,1.600832,0.01404556,1.167e-06,0.004014327,0.000751583,0.005454242,0.000649582,0.000813749,0.000605166,0.000796249,0.000844499,0.000115
120,1.614878,0.01311348,1.167e-06,0.003761494,0.000697249,0.002965413,0.000628582,0.000810916,0.002508913,0.000787415,0.000855333,9.6999e-05
121,1.627992,0.01389465,1.166e-06,0.003342412,0.002808246,0.003013996,0.000770416,0.000963998,0.000709833,0.001148331,0.001019999,0.00011625
122,1.641886,0.01493873,1.25e-06,0.00474441,0.000882082,0.005411492,0.000691666,0.000791332,0.000642416,0.000797915,0.000855166,0.000121
123,1.656825,0.01332431,1e-06,0.003944411,0.000785332,0.002879996,0.000632249,0.000811416,0.000684082,0.002606663,0.000864166,0.000115
124,1.670149,0.01100524,1.167e-06,0.003340412,0.000871665,0.002875663,0.000628166,0.000949832,0.000607582,0.000790666,0.000851332,8.875e-05
125,1.681154,0.01186357,1e-06,0.003229162,0.000748083,0.002968246,0.000640999,0.000811832,0.000593249,0.001248082,0.001524414,9.85e-05
126,1.693018,0.01370173,1e-06,0.005949408,0.000889332,0.00287508,0.000696249,0.000811832,0.000604082,0.000924333,0.000845332,0.000105083
127,1.70672,0.01298065,1.167e-06,0.005227159,0.000935749,0.002859996,0.000640832,0.000927082,0.000644333,0.000784832,0.000854749,0.000104749
128,1.7197,0.01379698,1.083e-06,0.004378994,0.000798582,0.004727827,0.000656999,0.000811832,0.000604249,0.000868166,0.000855248,9.4e-05
129,1.733497,0.01334207,1.417e-06,0.003842411,0.000813333,0.002865662,0.000636999,0.000948332,0.000606833,0.000783082,0.002729663,0.000114333
130,1.746839,0.01372973,1.333e-06,0.003321495,0.000803416,0.002875913,0.000642915,0.000800083,0.002045497,0.001154331,0.001980914,0.000103833
131,1.760569,0.0128219,1.667e-06,0.003366829,0.000715665,0.004925577,0.000659415,0.000813833,0.000589582,0.000795999,0.000856582,9.675e-05
132,1.773391,0.01326856,1.083e-06,0.003947328,0.000737915,0.004778494,0.000645665,0.000814249,0.000606749,0.000782749,0.000854166,0.000100166
133,1.78666,0.01316173,1.417e-06,0.003710161,0.000723333,0.003013495,0.000649083,0.002681246,0.000640749,0.000794666,0.000851582,9.6e-05
134,1.799821,0.0143239,1e-06,0.004026578,0.000757999,0.00468766,0.001033249,0.001377248,0.000623499,0.000860915,0.000858082,9.7667e-05
135,1.814145,0.01322581,1.166e-06,0.003765412,0.000687415,0.00488991,0.000665582,0.000810249,0.000591916,0.000798749,0.000895582,0.000119833
136,1.827371,0.01268323,1.083e-06,0.003256246,0.000753582,0.003029496,0.000632165,0.000814666,0.000599499,0.000793082,0.002690913,0.0001125
137,1.840054,0.0115224,1e-06,0.003989995,0.000813915,0.00292583,0.000648082,0.000800499,0.000608916,0.000790749,0.000851998,9.1417e-05
138,1.851577,0.0116029,1.583e-06,0.003267495,0.000701999,0.002977496,0.000646583,0.000811998,0.000601583,0.001052998,0.001441998,9.9167e-05
139,1.86318,0.01377548,1e-06,0.006149241,0.000860416,0.002893662,0.000638166,0.000813582,0.000675083,0.000798749,0.000851998,9.3584e-05
140,1.876955,0.01352981,1.083e-06,0.004011578,0.002810996,0.002864163,0.000633332,0.000816332,0.000599499,0.000794583,0.000883915,0.000114333
141,1.890485,0.0134239,1.083e-06,0.004128828,0.000692582,0.004717493,0.000665916,0.000809999,0.000595416,0.000868082,0.000852165,9.2334e-05
142,1.903909,0.01271473,1.25e-06,0.003385828,0.000721333,0.002906246,0.000642332,0.000803332,0.002488247,0.000804415,0.000845666,0.000116083
143,1.916624,0.01329757,1e-06,0.004027995,0.000682582,0.002908329,0.000643333,0.000799915,0.000604749,0.000792249,0.002722163,0.00011525
144,1.929921,0.01334256,1e-06,0.003835495,0.000698165,0.002920079,0.000646583,0.000809332,0.000595333,0.000795415,0.002939079,0.000102083
145,1.943264,0.01310865,9.16e-07,0.003778078,0.002566247,0.002883162,0.000645333,0.000812249,0.000592582,0.000805999,0.000930499,9.3583e-05
146,1.956372,0.01433806,1.167e-06,0.004209077,0.000719916,0.002902579,0.000646249,0.003337829,0.000772165,0.000797249,0.000853416,9.8416e-05
147,1.97071,0.01506615,1e-06,0.003838828,0.000736916,0.005531742,0.000958415,0.001563248,0.000628166,0.000785582,0.000861082,0.000161167
148,1.985777,0.01334531,1.167e-06,0.00497416,0.001625831,0.002899496,0.000633665,0.000812999,0.000609333,0.000821749,0.000862498,0.000104417
149,1.999122,0.01344523,1.25e-06,0.004077328,0.000773249,0.004772076,0.000646999,0.000818999,0.000607333,0.000795499,0.000853665,9.8833e-05
150,2.012567,0.01332332,1.083e-06,0.004019828,0.000695582,0.00291408,0.000647249,0.002655996,0.000640582,0.000796833,0.000853915,9.8167e-05
151,2.02589,0.01464215,1.083e-06,0.003398078,0.000809166,0.005237326,0.000963415,0.001216165,0.001248915,0.000812999,0.000855249,9.975e-05
152,2.040533,0.0144969,9.16e-07,0.004029578,0.003956995,0.002648829,0.000645333,0.000812665,0.000600166,0.000797832,0.000859166,0.000145416
153,2.055029,0.0137844,1e-06,0.004010328,0.003033412,0.002856163,0.000641499,0.000816832,0.000612166,0.000785832,0.000926499,0.000100667
154,2.068814,0.01319898,1.25e-06,0.003479662,0.000785082,0.00506116,0.000647082,0.000814582,0.000613666,0.000854832,0.000843916,9.775e-05
155,2.082013,0.01606664,1.083e-06,0.004114828,0.000698999,0.006010408,0.000969582,0.001243498,0.001159415,0.000798499,0.000967916,0.000102416
156,2.098079,0.01464281,1.084e-06,0.006405741,0.001378998,0.002990745,0.000637416,0.000815416,0.000616332,0.000830749,0.000849749,0.000116583
157,2.112722,0.0132409,1e-06,0.005679409,0.000772332,0.002918496,0.000648249,0.000811583,0.000666082,0.000798249,0.000852665,9.2833e-05
158,2.125963,0.01385481,1e-06,0.00426466,0.000692833,0.005105659,0.000641749,0.000811832,0.000603083,0.000792415,0.000843583,9.7999e-05
159,2.139818,0.01349981,1e-06,0.003798745,0.002832912,0.00290833,0.000632415,0.000815749,0.000611249,0.000783083,0.001021998,9.4333e-05
160,2.153318,0.01436173,1e-06,0.003376662,0.000737332,0.005078826,0.000972499,0.001731581,0.000614749,0.000795082,0.000954416,9.9583e-05
161,2.16768,0.01384206,1.166e-06,0.006330408,0.000707666,0.002919329,0.000727666,0.000812082,0.000597832,0.000794166,0.000860415,9.1334e-05
162,2.181522,0.01355706,1.083e-06,0.003941911,0.002867079,0.002890413,0.000640916,0.000812415,0.000606249,0.000793749,0.000884499,0.00011875
163,2.195079,0.01303248,3.05e-05,0.005415492,0.000809499,0.002915079,0.000632166,0.000817166,0.000603915,0.000859749,0.000855499,9.3416e-05
164,2.208111,0.01365531,1.083e-06,0.004035078,0.000699416,0.002897496,0.002852329,0.000803165,0.000624166,0.000792332,0.000852166,9.8083e-05
165,2.221766,0.0143984,1.084e-06,0.003788828,0.004086911,0.002652663,0.000646665,0.000809999,0.000597333,0.000796832,0.000925165,9.2917e-05
166,2.236165,0.01338581,1.083e-06,0.003339496,0.000744415,0.005178743,0.000654582,0.000813916,0.000707999,0.000786915,0.000859583,0.000299082
167,2.249551,0.01381756,1.167e-06,0.003953161,0.000872082,0.002916079,0.00064525,0.000802332,0.002761413,0.000897165,0.000859415,0.0001095
168,2.263368,0.0113554,1.083e-06,0.003860662,0.000727582,0.002900329,0.000636916,0.000810749,0.000610082,0.000782666,0.000934915,9.0417e-05
169,2.274724,0.01308415,1.25e-06,0.003254912,0.000895833,0.002906495,0.000651166,0.000812082,0.002061748,0.001137331,0.001218915,0.000144417
170,2.287808,0.01350723,1.333e-06,0.004146161,0.000711499,0.00483816,0.000656999,0.000813582,0.000593749,0.000797083,0.000852332,9.6333e-05
171,2.301315,0.0133134,1.083e-06,0.003873495,0.000724749,0.004884243,0.000667249,0.000801499,0.000602416,0.000796748,0.000859999,0.000101917
172,2.314628,0.01394531,1.083e-06,0.003785912,0.000761249,0.002970996,0.003251662,0.000805332,0.000621416,0.000796248,0.000855333,9.6083e-05
173,2.328574,0.01457923,9.17e-07,0.004094328,0.000739915,0.00475741,0.000938582,0.001663248,0.000629749,0.000800166,0.000844082,0.000110833
174,2.343153,0.01329565,1.083e-06,0.003756578,0.000752249,0.004970826,0.000649333,0.000814915,0.000617249,0.000783416,0.000852915,9.7084e-05
175,2.356449,0.01270823,1.083e-06,0.003419329,0.000720332,0.00473791,0.000650499,0.000813082,0.000616999,0.000786833,0.000860415,0.00010175
176,2.369157,0.01344373,1.083e-06,0.004124077,0.000693083,0.002918912,0.000645666,0.000809166,0.002486413,0.000804832,0.000858415,0.000102084
177,2.382601,0.01474031,8.33e-07,0.003795578,0.000705082,0.005496326,0.001032248,0.001342582,0.000625166,0.000784249,0.000856248,0.000102
178,2.397341,0.01317698,1.083e-06,0.00477166,0.001607498,0.002939413,0.000646582,0.000813332,0.000596333,0.000830249,0.000866748,0.000104084
179,2.410518,0.01341507,1.25e-06,0.004093411,0.000789582,0.004720577,0.000651999,0.000814082,0.000588666,0.000797249,0.000855666,0.000102583
180,2.423933,0.01329173,1.083e-06,0.003887662,0.000743082,0.002902496,0.000693666,0.002674912,0.0006385,0.000793748,0.000857499,9.9083e-05
181,2.437225,0.01469106,1.333e-06,0.003237245,0.000713499,0.005694492,0.000938582,0.001739831,0.00060675,0.000804165,0.000855332,9.9833e-05
182,2.451916,0.0146384,1e-06,0.005453242,0.002669413,0.002669829,0.000645166,0.000800749,0.000600582,0.000794666,0.000899082,0.000104667
183,2.466554,0.0132489,1.167e-06,0.003948494,0.002458747,0.002908662,0.000641666,0.000810999,0.000594832,0.000860416,0.000924915,9.9e-05
184,2.479803,0.01277357,1.084e-06,0.003475412,0.000736332,0.004753076,0.000657,0.000813748,0.000591666,0.000793499,0.000856082,9.5667e-05
185,2.492577,0.0135109,1.084e-06,0.004112827,0.000803333,0.004773826,0.000649583,0.000813248,0.000606333,0.000795499,0.000845415,0.00010975
186,2.506087,0.0143189,1.167e-06,0.003835911,0.000727332,0.002900913,0.000644832,0.000802249,0.00229858,0.001135499,0.001873664,9.875e-05
187,2.520406,0.0127584,1.083e-06,0.005212993,0.000766082,0.002907163,0.000704582,0.000823416,0.000603582,0.000793999,0.000843832,0.000101667
188,2.533165,0.01337048,9.17e-07,0.004101744,0.000704499,0.004771744,0.000641415,0.000812416,0.000603999,0.000782999,0.000851999,9.875e-05
189,2.546535,0.01335948,1.083e-06,0.003863661,0.000808416,0.004781743,0.000655499,0.000810916,0.000599332,0.000794583,0.000948915,9.5333e-05
190,2.559895,0.0127129,1.25e-06,0.003236496,0.000803332,0.002952579,0.002488913,0.000802582,0.000616083,0.000794999,0.000915998,0.000100667
191,2.572608,0.01359106,1e-06,0.004022911,0.000718499,0.005021993,0.000658665,0.000810249,0.000602249,0.000796166,0.000856332,0.000103
192,2.586199,0.01320973,1e-06,0.003728162,0.000714582,0.003023746,0.000692166,0.002679329,0.000619083,0.000798498,0.000853499,9.9667e-05
193,2.599408,0.01274681,1.333e-06,0.003339079,0.000883749,0.002874329,0.000631833,0.000810332,0.000598582,0.000793416,0.002698746,0.000115416
194,2.612155,0.0117044,1.083e-06,0.004170911,0.000812249,0.002936079,0.000639333,0.000812249,0.000596415,0.000792999,0.000854582,8.85e-05
195,2.62386,0.01767247,1.25e-06,0.003318246,0.000990498,0.007201073,0.001061582,0.001260082,0.001014665,0.001383165,0.001314914,0.000127
196,2.641532,0.01453748,1.334e-06,0.005844658,0.000986832,0.003316579,0.000755582,0.000914999,0.000682749,0.000889165,0.001043582,0.000102
197,2.65607,0.01401523,1.084e-06,0.006274907,0.001010582,0.002937246,0.000647666,0.000808415,0.00059725,0.000794249,0.000849665,9.4167e-05
198,2.670085,0.01389156,1e-06,0.003750995,0.000628666,0.005629909,0.000645665,0.000814749,0.000608749,0.000832832,0.000847333,0.000131666
199,2.683976,0.01264398,1.083e-06,0.003383662,0.000647166,0.002946829,0.000638333,0.000813082,0.000593416,0.000794415,0.00271733,0.000108666
200,2.69662,0.01142682,1.166e-06,0.004038995,0.000719249,0.002891246,0.000637332,0.000809832,0.000603749,0.000786416,0.000850999,8.7833e-05
201,2.708047,0.01153323,1.084e-06,0.003247745,0.000747166,0.003742328,0.000640916,0.000815999,0.000606165,0.000790333,0.000848582,9.2916e-05
202,2.71958,0.01294073,9.17e-07,0.005131326,0.000990582,0.003039829,0.000630249,0.000811832,0.000609749,0.000782916,0.000851582,9.175e-05
203,2.732521,0.01351848,1.084e-06,0.004027827,0.000789499,0.002941496,0.002492997,0.000819249,0.000693499,0.000795832,0.000847665,0.000109333
204,2.74604,0.0133694,1e-06,0.003768411,0.000815833,0.002988079,0.000638332,0.000811749,0.000593332,0.002389664,0.001220165,0.000142833
205,2.759409,0.01292181,1.166e-06,0.003329996,0.000819249,0.004855326,0.000662832,0.000804749,0.000606166,0.000793166,0.000913998,0.000135167
206,2.772331,0.01341698,1e-06,0.00414166,0.000758499,0.004691744,0.000651165,0.000819249,0.000599499,0.000797166,0.000854665,0.000102334
207,2.785748,0.01329207,1.083e-06,0.003931161,0.000811333,0.002882746,0.000623999,0.002667829,0.000622583,0.000799582,0.000854415,9.7334e-05
208,2.79904,0.01424915,1e-06,0.003380912,0.000696916,0.005208826,0.001040165,0.001438581,0.000616999,0.000906749,0.000857415,0.000101584
209,2.813289,0.01364731,1e-06,0.004030911,0.000722749,0.005076909,0.000659583,0.000811749,0.000596832,0.000795832,0.000855416,9.6333e-05
210,2.826936,0.01333707,1e-06,0.003905411,0.000812249,0.004800577,0.000656082,0.000803999,0.000609749,0.000792666,0.000855999,9.9333e-05
211,2.840273,0.01290573,1e-06,0.003505412,0.000816499,0.002885246,0.000638749,0.00266833,0.000637915,0.000799999,0.000855166,9.7416e-05
212,2.853179,0.01497148,1.25e-06,0.004103328,0.000767332,0.00474141,0.000941499,0.001165915,0.001491498,0.000799832,0.000853999,0.000105416
213,2.868151,0.01375715,1.084e-06,0.003852494,0.000812166,0.005184076,0.000649166,0.000809165,0.000593166,0.000794832,0.000951499,0.0001095
214,2.881908,0.0128904,1.083e-06,0.003480245,0.00267283,0.002868079,0.000644083,0.000809915,0.000589249,0.000796083,0.000935332,9.3499e-05
215,2.894798,0.01352415,9.16e-07,0.004249494,0.0006195,0.002918995,0.0006385,0.002718079,0.000628666,0.000800415,0.000851666,9.7916e-05
216,2.908322,0.01465465,1.167e-06,0.003826078,0.000716249,0.004932243,0.000938249,0.001239831,0.001237498,0.000801583,0.000859665,0.000102083
217,2.922977,0.0132924,1e-06,0.004819493,0.001612998,0.002887412,0.000629583,0.000815415,0.000609833,0.000818999,0.000978165,0.0001195
218,2.936269,0.0135639,1.25e-06,0.004071161,0.000851248,0.004720827,0.000642916,0.000916499,0.000610415,0.000795999,0.000854249,9.9333e-05
219,2.949833,0.01345206,1e-06,0.004022244,0.000823083,0.002889662,0.000638583,0.002693412,0.00063575,0.000797665,0.000853499,9.7166e-05
220,2.963285,0.01482056,1.833e-06,0.003508162,0.000804165,0.005324493,0.000947332,0.001228248,0.001238998,0.000810582,0.000856833,9.9916e-05
221,2.978106,0.01477381,1e-06,0.005608742,0.002647996,0.00264983,0.000644582,0.000815749,0.000614749,0.000838666,0.000845748,0.00010675
222,2.99288,0.01353915,1e-06,0.003959245,0.002714579,0.00286033,0.000640832,0.000815749,0.000734749,0.000785249,0.000934332,9.3083e-05
223,3.006419,0.01296707,1.167e-06,0.003503995,0.000796416,0.004831326,0.000661666,0.000812666,0.000608499,0.000784582,0.000871415,9.5334e-05
224,3.019386,0.01652223,1.083e-06,0.004145244,0.000857082,0.005801742,0.000946499,0.001174581,0.000907332,0.001690498,0.000893665,0.0001045
225,3.035908,0.01480156,1e-06,0.006128991,0.001867081,0.002944996,0.000650665,0.000816583,0.000598249,0.000832665,0.000856249,0.000105083
226,3.05071,0.01339465,1e-06,0.005645659,0.000878499,0.002943996,0.000637999,0.000938248,0.0006125,0.000793748,0.000851749,9.125e-05
227,3.064104,0.01367948,1.083e-06,0.004125494,0.00274233,0.002962329,0.000633999,0.000816749,0.000608582,0.000791333,0.000890998,0.000106583
228,3.077784,0.0136214,1.084e-06,0.003980161,0.000742332,0.005000076,0.00066525,0.000814582,0.000599249,0.000870249,0.000856082,9.2333e-05
229,3.091405,0.01283273,1.5e-06,0.003261495,0.000808416,0.003066829,0.000643166,0.000811832,0.00247433,0.000804748,0.000853916,0.0001065
230,3.104238,0.01294657,1.083e-06,0.004086744,0.00064525,0.002906829,0.000643582,0.000809166,0.000595166,0.000792665,0.002279497,0.000186583
231,3.117185,0.01318356,1.083e-06,0.003836078,0.000628833,0.002914662,0.000634416,0.000811666,0.000674749,0.000861832,0.002710413,0.000109833
232,3.130368,0.0126509,1.084e-06,0.003246162,0.000685665,0.003047663,0.000645999,0.000811915,0.002429914,0.000803165,0.000865999,0.000113333
233,3.143019,0.01153798,1.417e-06,0.003955411,0.000899415,0.00288933,0.000640499,0.000813165,0.000610416,0.000786166,0.000850498,9.1667e-05
234,3.154557,0.01176148,1.167e-06,0.003223495,0.000819582,0.003922245,0.000648165,0.000799999,0.000612166,0.000791582,0.000852416,9.0666e-05
235,3.166318,0.0138244,1e-06,0.006183575,0.000899915,0.002885829,0.000635333,0.000813832,0.000675166,0.000785665,0.000853582,9.05e-05
236,3.180143,0.0135364,1.166e-06,0.003998661,0.002830246,0.002868246,0.000642249,0.000809583,0.000594332,0.000793499,0.000890665,0.00010775
237,3.193679,0.01352723,1.083e-06,0.003891828,0.000808832,0.004938993,0.000664666,0.000801165,0.000606499,0.000866083,0.000854082,9.4e-05
238,3.207206,0.0127709,1e-06,0.003358912,0.000798666,0.002888329,0.000624916,0.000811082,0.002534413,0.000788749,0.000860332,0.0001045
239,3.219977,0.01384306,1.25e-06,0.004455161,0.000815415,0.00288033,0.000631749,0.000811832,0.000605749,0.002660413,0.000862499,0.000118666
240,3.23382,0.0110474,1.25e-06,0.003710911,0.000641999,0.002914496,0.000642499,0.000803166,0.000597082,0.000792082,0.000855749,8.8167e-05
241,3.244868,0.01095182,1.084e-06,0.003230495,0.000741499,0.002912746,0.000713916,0.000876915,0.000746999,0.000784499,0.000854916,8.8749e-05
242,3.25582,0.01178348,1.084e-06,0.00405666,0.000763166,0.003174996,0.000646749,0.000800665,0.000601999,0.000795249,0.000851832,9.1084e-05
243,3.267603,0.01164615,1.333e-06,0.003279162,0.000731416,0.003841078,0.000649832,0.000808416,0.000594082,0.000796583,0.000852998,9.125e-05
244,3.279249,0.01296531,1.25e-06,0.005127826,0.000993332,0.002881829,0.000749999,0.000860832,0.000613833,0.000792165,0.000851999,9.225e-05
245,3.292215,0.01348915,1.084e-06,0.003982827,0.000798916,0.004907326,0.000640833,0.000813915,0.000608249,0.000783999,0.000856916,9.5083e-05
246,3.305704,0.01325582,1.167e-06,0.003955911,0.000738415,0.004751744,0.000647915,0.000813499,0.000606583,0.000786415,0.000853582,0.000100584
247,3.31896,0.01278998,1.084e-06,0.003459662,0.000736832,0.002895412,0.000628333,0.000811749,0.00249308,0.000802582,0.000855665,0.000105583
248,3.33175,0.01150373,1.167e-06,0.004083161,0.000641499,0.002915579,0.000632166,0.000865582,0.000613916,0.000782499,0.000875499,9.2666e-05
249,3.343253,0.0114564,1.25e-06,0.003731911,0.000801832,0.002885913,0.000642666,0.000811748,0.000588583,0.000794082,0.001108415,9e-05
250,3.35471,0.01277332,1.083e-06,0.003395329,0.000942998,0.00462691,0.000642249,0.000813499,0.000607249,0.000782749,0.000861166,0.000100083
251,3.367483,0.01362631,1e-06,0.004238078,0.000822499,0.002875412,0.000641916,0.000808915,0.00247858,0.000802666,0.000854082,0.000103166
252,3.381109,0.01554506,1.084e-06,0.003794078,0.000808749,0.006101408,0.001531498,0.000837915,0.000602499,0.000799749,0.000966165,0.000101917
253,3.396654,0.01366806,1.083e-06,0.00498991,0.00181633,0.002944663,0.000631999,0.000813332,0.000606416,0.000839999,0.000915499,0.000108833
254,3.410322,0.01346382,1.084e-06,0.004054911,0.000851748,0.004748327,0.000637832,0.000816499,0.000605583,0.000791999,0.000848832,0.000107
255,3.423786,0.01346565,1.166e-06,0.004008078,0.000752082,0.003023413,0.000637749,0.002673496,0.000620249,0.000800166,0.000853332,9.5916e-05
256,3.437252,0.01456015,1e-06,0.003377995,0.000697333,0.005195909,0.000964165,0.001213665,0.001337249,0.000813998,0.000856333,0.000102499
257,3.451812,0.0140619,1.084e-06,0.003973994,0.002633413,0.003603662,0.000636749,0.000811832,0.000602249,0.000795499,0.000843749,0.000159666
258,3.465874,0.0134504,1e-06,0.004005911,0.000816415,0.00473641,0.000642499,0.000813249,0.000612583,0.000794665,0.000934416,9.325e-05
259,3.479324,0.01281998,1.083e-06,0.003449328,0.000808749,0.004751577,0.000649166,0.000814832,0.000608332,0.000782833,0.000856582,9.75e-05
260,3.492144,0.01536964,1.084e-06,0.004037911,0.000819332,0.004710326,0.000969332,0.001147332,0.000898499,0.001237165,0.001445748,0.000102916
261,3.507514,0.01428856,1.084e-06,0.003784828,0.003938994,0.00265633,0.000641415,0.000803749,0.000667166,0.000830166,0.000858248,0.000106584
262,3.521803,0.01282448,1.083e-06,0.003581578,0.002496747,0.002892662,0.000626333,0.000811999,0.000611665,0.000783416,0.000926665,9.2333e-05
263,3.534627,0.01354665,1.25e-06,0.004237494,0.000648249,0.002897496,0.000626999,0.002754579,0.000644166,0.000783249,0.000854749,9.8416e-05
264,3.548174,0.0147924,8.33e-07,0.003778578,0.000687249,0.004931327,0.000961582,0.001145165,0.000968332,0.001360748,0.000857249,0.000101333
265,3.562966,0.01341831,1.083e-06,0.00490091,0.001699164,0.002958829,0.000636083,0.000812915,0.000614666,0.000830999,0.000847332,0.000116333
266,3.576384,0.01347473,1e-06,0.004051244,0.000858582,0.004749577,0.000643082,0.000812666,0.000611416,0.000792332,0.000844749,0.000110083
267,3.589859,0.01339331,1e-06,0.003873411,0.000823249,0.003006912,0.000646249,0.00267008,0.000622166,0.000796832,0.000855082,9.8333e-05
268,3.603252,0.01469873,1.166e-06,0.003370079,0.000802582,0.005267659,0.000967249,0.001228498,0.001295665,0.000806166,0.000857748,0.000101917
269,3.617951,0.01399706,1.167e-06,0.003996328,0.000691415,0.005452493,0.000644665,0.000812166,0.000610249,0.000790582,0.000843249,0.00015475
270,3.631948,0.01343473,1e-06,0.004040328,0.000816166,0.004707743,0.000640582,0.000813666,0.000608332,0.000787166,0.000926582,9.3167e-05
271,3.645383,0.01360781,1e-06,0.003570578,0.000808832,0.004974743,0.000648999,0.000814249,0.000968082,0.000800749,0.000893332,0.00012725
272,3.658991,0.01345256,1.084e-06,0.004144577,0.000729082,0.002905246,0.000629999,0.000810999,0.000608916,0.000790082,0.00272558,0.000107
273,3.672443,0.01117973,1e-06,0.003753995,0.000699415,0.002913746,0.000631749,0.000813916,0.000604749,0.000813665,0.000858249,8.925e-05
274,3.683623,0.01262115,1.083e-06,0.003239912,0.000805416,0.004757993,0.000645499,0.000813999,0.000612749,0.000796999,0.000844249,0.000103249
275,3.696244,0.01358356,1.083e-06,0.003996995,0.000864082,0.002940746,0.000681582,0.000812166,0.002541413,0.000786832,0.000856582,0.000102083
276,3.709828,0.01558773,1e-06,0.003855745,0.000812915,0.005454326,0.000969665,0.001147499,0.001510914,0.000789166,0.000943249,0.000103249
277,3.725416,0.01401931,1.083e-06,0.006246575,0.001011665,0.002878663,0.000640999,0.000815082,0.000638166,0.000795582,0.000855999,0.0001355
278,3.739435,0.01434381,1.25e-06,0.006723407,0.000814999,0.002894246,0.000690749,0.000877166,0.000613666,0.000790498,0.000843083,9.4749e-05
279,3.753779,0.01318498,1.083e-06,0.003982411,0.000625666,0.004766827,0.000654165,0.000801666,0.000606499,0.000795166,0.000852665,9.8833e-05
280,3.766964,0.01264048,1.166e-06,0.003245829,0.000729499,0.004773493,0.000659833,0.000810415,0.000596666,0.000800749,0.000928749,9.4083e-05
281,3.779604,0.0134219,1.083e-06,0.004018995,0.000714415,0.002901246,0.002489497,0.000816165,0.000619666,0.000784832,0.000961582,0.000114417
282,3.793026,0.01352248,1e-06,0.003880244,0.000814166,0.005014576,0.000642333,0.000823832,0.000606916,0.000783332,0.000856915,9.9167e-05
283,3.806548,0.01291973,1e-06,0.003385078,0.000806999,0.003015163,0.000641916,0.002680579,0.000635999,0.000797499,0.000854582,0.000100917
284,3.819468,0.01361615,1e-06,0.004124661,0.000941249,0.002880079,0.000638666,0.000808915,0.000594499,0.000793499,0.002726663,0.000106917
285,3.833084,0.01137507,1.166e-06,0.003879578,0.000797999,0.002892413,0.000639499,0.000809082,0.000596916,0.000792416,0.000876248,8.975e-05
286,3.844459,0.01284148,1.333e-06,0.003285162,0.000926832,0.00481266,0.000640916,0.000816415,0.000609333,0.000783832,0.000865249,9.975e-05
287,3.857301,0.01369073,1.25e-06,0.004102994,0.000816999,0.003062579,0.000644166,0.000811249,0.002490079,0.000805999,0.000854999,0.000100417
288,3.870992,0.01312765,1.166e-06,0.003886162,0.000719582,0.00470141,0.000657499,0.000805999,0.000600249,0.000791999,0.000862665,0.000100917
289,3.884119,0.01257765,1.333e-06,0.003242162,0.000747499,0.002899163,0.00250183,0.000817415,0.000617499,0.000796499,0.000845082,0.000109167
290,3.896697,0.0138974,1e-06,0.003993161,0.000753249,0.005254493,0.000667999,0.000809082,0.000595749,0.000858832,0.000862832,0.000101
291,3.910594,0.01338048,1.166e-06,0.003780162,0.000806332,0.003119495,0.00249908,0.000817249,0.000622332,0.000793249,0.000844083,9.7333e-05
292,3.923975,0.01322632,1.333e-06,0.003786412,0.000813749,0.00474416,0.000652415,0.000803666,0.000601332,0.000801499,0.000931082,9.0667e-05
293,3.937201,0.01368323,1.166e-06,0.004198911,0.000808249,0.002879413,0.000639332,0.00267683,0.000624832,0.000797666,0.000959748,9.7084e-05
294,3.950884,0.01403506,1e-06,0.003844995,0.000681416,0.005684075,0.000657082,0.000800666,0.000606249,0.000804082,0.000854916,0.000100583
295,3.964919,0.01277023,1e-06,0.003426828,0.000623916,0.004913327,0.000641415,0.000812583,0.000610499,0.000791082,0.000853165,9.6417e-05
296,3.97769,0.01353456,1.083e-06,0.004230744,0.000774416,0.00469566,0.000663333,0.000805582,0.000604582,0.000794249,0.000863999,0.000100916
297,3.991224,0.01326065,1e-06,0.003894578,0.000726499,0.002897496,0.000628749,0.000813332,0.002553246,0.000788249,0.000856166,0.000101333
298,4.004485,0.0138244,1.083e-06,0.003350578,0.002724913,0.003820328,0.000655249,0.000800999,0.000604833,0.000906332,0.000858665,0.000101417
299,4.018309,0.01367823,1.083e-06,0.004052078,0.000818999,0.004871409,0.000667999,0.000800749,0.000713666,0.000798332,0.000853999,9.9916e-05
300,4.031987,0.0134019,1.083e-06,0.003886162,0.000814165,0.004747743,0.000640583,0.000817249,0.000676832,0.000794499,0.000846666,0.000176916
301,4.045389,0.0131364,1e-06,0.003785411,0.000810499,0.002869329,0.002491163,0.000818333,0.000612749,0.000795999,0.000854915,9.7e-05
302,4.058526,0.01455656,1e-06,0.003996328,0.000794915,0.00468691,0.001015915,0.001692748,0.000628416,0.000792999,0.000845999,0.000101333
303,4.073082,0.01395423,8.34e-07,0.003755161,0.000696332,0.005647576,0.000658332,0.000811749,0.000591666,0.000798582,0.000853165,0.000140834
304,4.087037,0.01313915,1e-06,0.003430495,0.000865249,0.004981993,0.000662082,0.000830082,0.00059575,0.000812165,0.000858082,0.00010225
305,4.100176,0.01346615,1.083e-06,0.004081661,0.000806082,0.002899913,0.000639082,0.000809332,0.00246983,0.000802666,0.000854998,0.0001015
306,4.113642,0.01317115,1.166e-06,0.003917078,0.000692749,0.002901579,0.000642999,0.000808666,0.000593332,0.000795166,0.002711913,0.0001065
307,4.126813,0.01064757,1.25e-06,0.003287828,0.000694166,0.002887913,0.000640832,0.000809582,0.000589249,0.000797416,0.000851165,8.8167e-05
308,4.137461,0.01192648,1.166e-06,0.003293412,0.000819416,0.002958079,0.000632582,0.000816583,0.000606499,0.001199331,0.001499915,9.95e-05
309,4.149387,0.01306098,1.167e-06,0.005443575,0.000878333,0.002949662,0.000639999,0.000803832,0.000598666,0.000795166,0.000856749,9.3833e-05
310,4.162448,0.01280782,9.17e-07,0.005149243,0.000945248,0.00287283,0.000641832,0.000810999,0.000588166,0.000835748,0.000854999,0.000107833
311,4.175256,0.01475748,1e-06,0.003964162,0.000745332,0.004433244,0.000968498,0.001145415,0.000894666,0.001636081,0.000857915,0.000111167
312,4.190013,0.01339265,1.083e-06,0.003778745,0.000696499,0.002916996,0.000631165,0.002427164,0.001186748,0.000794832,0.000846166,0.000113249
313,4.203406,0.0126769,1e-06,0.003214745,0.000661583,0.003022079,0.000731915,0.000838916,0.000613916,0.000790082,0.002691579,0.000111083
314,4.216083,0.0116079,1.083e-06,0.003978661,0.000718416,0.003132329,0.000644582,0.000807499,0.000592749,0.000792916,0.000851498,8.8167e-05
315,4.227691,0.0117299,1.167e-06,0.003226246,0.000911082,0.003804328,0.000649249,0.000809415,0.000588749,0.000798249,0.000850082,9.1334e-05
316,4.239421,0.01304715,1.25e-06,0.005155993,0.000994665,0.003106996,0.000650499,0.000799499,0.000598832,0.000795499,0.000852415,9.15e-05
317,4.252468,0.01353007,9.17e-07,0.003949328,0.000785999,0.002878996,0.000710332,0.002811246,0.000639749,0.000798166,0.000853749,0.000101583
318,4.265998,0.01326156,1e-06,0.003715995,0.000700416,0.003085329,0.000688749,0.000873582,0.000605582,0.000792416,0.002672163,0.000126333
319,4.279259,0.01082057,1.166e-06,0.003327912,0.000687583,0.003022329,0.000642166,0.000800665,0.000606083,0.000792082,0.000851665,8.8917e-05
320,4.29008,0.01204365,1.334e-06,0.003260828,0.000863832,0.004120411,0.000648666,0.000809832,0.000600166,0.000794499,0.000850832,9.325e-05
321,4.302124,0.01331465,1e-06,0.005426492,0.000975249,0.003120662,0.000641916,0.000809082,0.000599499,0.000794916,0.000852665,9.3167e-05
322,4.315438,0.0129109,1.167e-06,0.003208495,0.000783416,0.002952246,0.002712412,0.000806416,0.000625166,0.000818832,0.000886415,0.000116333
323,4.328349,0.01282306,1.25e-06,0.003223662,0.000805749,0.003067579,0.000694916,0.000811832,0.000606166,0.000791999,0.002689079,0.000130833
324,4.341172,0.0114929,1.084e-06,0.003725578,0.000811415,0.003112412,0.000642083,0.000861165,0.000602833,0.000794415,0.000851916,9e-05
325,4.352665,0.01082948,1.25e-06,0.003318329,0.000806166,0.002881329,0.000644249,0.000818415,0.000594416,0.000818499,0.000856999,8.9833e-05
326,4.363495,0.01148565,1.166e-06,0.004030911,0.0006605,0.003014579,0.000636749,0.000799749,0.000606915,0.000792666,0.000851999,9.0416e-05
327,4.37498,0.01143365,1e-06,0.003221079,0.000655999,0.002961579,0.000634166,0.000813082,0.000609749,0.000989332,0.001449748,9.7916e-05
328,4.386414,0.01082257,1.25e-06,0.003295995,0.000763666,0.002967829,0.000637332,0.000810583,0.000611415,0.000791666,0.000851249,9.1583e-05
329,4.397237,0.0134104,1.166e-06,0.003998412,0.002621496,0.002888746,0.000685165,0.000810666,0.000599416,0.000858582,0.000852582,9.4167e-05
330,4.410647,0.0131429,1.083e-06,0.003745911,0.000793083,0.002925162,0.000638916,0.002648663,0.000623999,0.000804749,0.000853749,0.000107583
331,4.42379,0.0106869,1.25e-06,0.003224246,0.000807165,0.002882163,0.000625999,0.000812999,0.000609499,0.000782582,0.000852916,8.8083e-05
332,4.434477,0.0119419,1e-06,0.003248995,0.000829416,0.002949746,0.000707165,0.000817833,0.000810748,0.001230332,0.001249915,9.675e-05
333,4.446419,0.01306898,9.17e-07,0.005449826,0.000891915,0.002870829,0.000711833,0.000800832,0.000605749,0.000794332,0.000850416,9.2333e-05
334,4.459488,0.01351723,1.5e-06,0.003214078,0.003459745,0.00288433,0.000631749,0.000811582,0.000609083,0.000826998,0.000973166,0.000105
335,4.473005,0.01501923,1.166e-06,0.003988995,0.000797665,0.004718494,0.000938332,0.001241331,0.000950832,0.001421332,0.000855748,0.000105334
336,4.488024,0.01368373,1.083e-06,0.003808995,0.000810832,0.005199159,0.000655583,0.000808332,0.000596999,0.000794582,0.000899916,0.00010825
337,4.501708,0.01268765,1.083e-06,0.003349995,0.002577247,0.002879662,0.000638583,0.000814082,0.000604332,0.000794499,0.000934499,9.3667e-05
338,4.514395,0.0134759,1e-06,0.004152494,0.000731166,0.002893996,0.002493579,0.000820583,0.000633832,0.000793249,0.000844749,0.000111249
339,4.527871,0.01315898,1.333e-06,0.003869328,0.000740666,0.002895079,0.000625166,0.000810415,0.000607166,0.000790416,0.002708579,0.000110833
340,4.54103,0.01073198,1.083e-06,0.003253079,0.000789415,0.002876496,0.000642499,0.000808666,0.000594332,0.000820416,0.000854332,9.1667e-05
341,4.551762,0.01190982,9.16e-07,0.003229912,0.000829749,0.002955829,0.0006435,0.000812082,0.000597666,0.001243581,0.001498498,9.8083e-05
342,4.563672,0.01315165,9.17e-07,0.005632325,0.000756083,0.002976245,0.000638833,0.000801415,0.000609999,0.000791749,0.000850416,9.3666e-05
343,4.576824,0.01277173,1.167e-06,0.005136243,0.000912082,0.002873829,0.000636832,0.000810833,0.000599249,0.000835415,0.000861332,0.00010475
344,4.589596,0.01536606,1.083e-06,0.004080328,0.000678999,0.004708077,0.000939665,0.001161915,0.000968832,0.001193498,0.001514915,0.00011875
345,4.604962,0.0144874,9.17e-07,0.005615242,0.002185914,0.002770579,0.000632499,0.000819499,0.000666999,0.000829332,0.000860832,0.000105583
346,4.619449,0.01287732,1.166e-06,0.005192243,0.000940249,0.002876996,0.000642749,0.000816832,0.000590999,0.000868332,0.000855749,9.2e-05
347,4.632326,0.0135499,1.083e-06,0.004143578,0.000683082,0.00477516,0.000660499,0.000868332,0.000602583,0.000796915,0.000895833,0.000122833
348,4.645876,0.01328007,9.17e-07,0.003888411,0.000817582,0.002877246,0.000639666,0.000810665,0.000593583,0.000793249,0.002745746,0.000113
349,4.659156,0.01081198,1.416e-06,0.003260079,0.000809749,0.002874329,0.000637249,0.000811416,0.000689082,0.000784749,0.000852916,9.1e-05
350,4.669968,0.01375506,1.083e-06,0.004273744,0.000807666,0.00478841,0.000650832,0.000816332,0.00059625,0.000795748,0.000932666,9.2333e-05
351,4.683723,0.01346206,1.083e-06,0.003951495,0.000809832,0.003008829,0.000630999,0.00268008,0.000644999,0.000784665,0.000852332,9.775e-05
352,4.697185,0.01277065,1.084e-06,0.003356911,0.000740749,0.004705244,0.000680332,0.000813166,0.000737749,0.000788749,0.000851832,9.4833e-05
353,4.709956,0.01348623,1.084e-06,0.004005661,0.000725832,0.002895079,0.000639583,0.000809415,0.000605416,0.002732996,0.000963916,0.000107249
354,4.723442,0.01362623,1e-06,0.003799328,0.000808082,0.00288358,0.000642249,0.000812332,0.000594583,0.000926165,0.003052412,0.0001065
355,4.737069,0.01331323,1e-06,0.003814912,0.000860082,0.004811743,0.000647333,0.000823415,0.000611499,0.000791832,0.000845333,0.000106083
356,4.750382,0.0135009,1e-06,0.004172328,0.000820249,0.00469166,0.000654416,0.000813915,0.000606249,0.000783582,0.000856083,0.000101416
357,4.763883,0.01320656,1.083e-06,0.003811411,0.000803666,0.002881329,0.000645082,0.000808999,0.00250333,0.000801166,0.000854582,9.5916e-05
358,4.777089,0.01315348,1.416e-06,0.003265496,0.000625249,0.005252242,0.000647833,0.000812415,0.000597833,0.000803249,0.000857332,0.000290416
359,4.790243,0.01352848,1.166e-06,0.004011828,0.000649416,0.003024162,0.002539663,0.000817666,0.000733082,0.000794416,0.000845249,0.000111833
360,4.803771,0.01332348,1.5e-06,0.003992328,0.000787332,0.004730577,0.000656082,0.000811333,0.000605249,0.000785915,0.000852249,0.000100917
361,4.817095,0.01359065,1e-06,0.003486245,0.000737583,0.002917329,0.000636582,0.003436329,0.000621999,0.000801332,0.000853166,9.9083e-05
362,4.830685,0.01400056,9.17e-07,0.003986994,0.000814666,0.004780326,0.001251915,0.000814666,0.000600665,0.000798499,0.000852749,9.9167e-05
363,4.844686,0.01326481,1e-06,0.003759829,0.000802498,0.003013746,0.002508163,0.000817666,0.000613166,0.000799415,0.000853166,9.6166e-05
364,4.857951,0.01324248,1.25e-06,0.003790244,0.000808416,0.00476316,0.000641166,0.000813582,0.000611749,0.000791415,0.000853499,0.000168
365,4.871193,0.01370348,1.334e-06,0.004130577,0.000815582,0.002895579,0.000640916,0.00273883,0.000619499,0.000802249,0.000959832,9.9083e-05
366,4.884897,0.01385648,1.167e-06,0.003803244,0.000814583,0.005407909,0.000659999,0.000811332,0.000597666,0.000799915,0.000859249,0.000101417
367,4.898753,0.01291165,1e-06,0.003425245,0.000803832,0.004858743,0.000665249,0.000810666,0.000598916,0.000797165,0.000852082,9.875e-05
368,4.911665,0.01347631,1e-06,0.004173994,0.000748915,0.004722244,0.000658499,0.000814499,0.000594749,0.000797332,0.000863415,0.000101667
369,4.925141,0.01326848,1e-06,0.003897912,0.000764999,0.002908079,0.000628666,0.000811832,0.002494996,0.000802999,0.000845249,0.00011275
370,4.93841,0.0134729,1.5e-06,0.003263662,0.002588163,0.003686579,0.000657415,0.000804416,0.000600666,0.000793499,0.000977582,9.9416e-05
371,4.951882,0.01368981,9.17e-07,0.004085661,0.000766749,0.004911409,0.000665999,0.000800416,0.000712582,0.000796499,0.000851749,9.7833e-05
372,4.965572,0.01329448,1.166e-06,0.003867328,0.000811333,0.00473941,0.000640582,0.000818082,0.000605666,0.000785916,0.000930332,9.4666e-05
373,4.978867,0.01336906,1e-06,0.003916578,0.000814165,0.002879246,0.000645499,0.002659246,0.000644916,0.000794749,0.000910999,0.000102666
374,4.992236,0.0134824,1e-06,0.004115744,0.000798499,0.002901579,0.000633333,0.000813082,0.000606416,0.000792248,0.002715163,0.000105334
375,5.005718,0.01119207,1.167e-06,0.003728161,0.000788999,0.002888663,0.000631999,0.000811249,0.000608999,0.000790415,0.000843666,9.875e-05
376,5.01691,0.01957956,1.083e-06,0.003874828,0.001099332,0.007715406,0.001105582,0.001463081,0.001018582,0.001514081,0.001641331,0.00014625
377,5.03649,0.01664614,1.166e-06,0.007199823,0.001133832,0.003454162,0.000924499,0.000969748,0.000738416,0.001089415,0.001015332,0.00011975
378,5.053136,0.01411781,1.084e-06,0.005497742,0.001744247,0.00298533,0.000647415,0.000810916,0.000599999,0.000876332,0.000862582,9.2167e-05
379,5.067254,0.01283265,1.167e-06,0.003288912,0.002805162,0.002849496,0.00063725,0.000809165,0.000607666,0.000782915,0.000945999,0.000104917
380,5.080086,0.01354123,9.16e-07,0.004204494,0.000817916,0.004692743,0.000661916,0.000814999,0.000596749,0.000795749,0.000855415,0.000100334
381,5.093628,0.0133424,1.167e-06,0.003945911,0.000690249,0.002914163,0.000643582,0.000807166,0.000592665,0.000798583,0.002830162,0.00011875
382,5.10697,0.01351256,1e-06,0.003214745,0.000806583,0.002887745,0.000625416,0.000814749,0.000607999,0.002546663,0.001318082,0.000689582
383,5.120483,0.01385356,9.16e-07,0.004030995,0.000721665,0.002959913,0.000639415,0.000808499,0.000594833,0.000862832,0.003128412,0.000106083
384,5.134336,0.01320448,1.083e-06,0.003974494,0.000699166,0.004712744,0.000656665,0.000811832,0.000595583,0.000794832,0.000859749,9.8333e-05
385,5.147541,0.01256781,1.416e-06,0.003208663,0.000786749,0.002889579,0.002502246,0.000818166,0.000612416,0.000796498,0.000843666,0.000108416
386,5.160108,0.01497206,8.33e-07,0.003982245,0.000808749,0.005346742,0.001513581,0.000839082,0.000610333,0.000803499,0.000962832,0.000104166
387,5.175081,0.01288273,1e-06,0.003282162,0.000814415,0.004976743,0.000660416,0.000800166,0.000605499,0.000792582,0.000853915,9.5834e-05
388,5.187963,0.0130799,1e-06,0.003436245,0.00293183,0.002847412,0.000712249,0.000810416,0.000611166,0.000785165,0.000850916,9.3499e-05
389,5.201043,0.01367715,1.084e-06,0.00429066,0.000807999,0.002887329,0.002494247,0.000820165,0.000625249,0.000794833,0.000844998,0.000110584
390,5.21472,0.01321631,1.417e-06,0.003846911,0.000816665,0.002889913,0.000637582,0.000806666,0.000592582,0.000795166,0.002723329,0.000106084
391,5.227937,0.01055757,1.166e-06,0.003235246,0.000625916,0.002913996,0.000644499,0.000809749,0.000588332,0.000797582,0.000852999,8.8083e-05
392,5.238494,0.0117664,1.083e-06,0.003287746,0.000649165,0.002969913,0.000648999,0.000811165,0.000593166,0.001014166,0.001693997,9.7e-05
393,5.250261,0.01291281,9.17e-07,0.005435242,0.000704416,0.002983746,0.000646415,0.000809916,0.000600082,0.000786666,0.000851499,9.3916e-05
394,5.263173,0.01266623,1.083e-06,0.005129909,0.000794999,0.002911913,0.000627416,0.000815332,0.000602166,0.000822165,0.000858582,0.000102667
395,5.27584,0.01482973,1.25e-06,0.003956994,0.000782749,0.00443766,0.000971166,0.001145998,0.000892415,0.001667165,0.000863415,0.000110917
396,5.290669,0.01343098,9.17e-07,0.003789994,0.000799749,0.002887663,0.000636916,0.002934329,0.000641666,0.000785415,0.000853999,0.000100333
397,5.3041,0.01282123,1.25e-06,0.003232995,0.000801416,0.003009412,0.000769749,0.000811332,0.000604416,0.002611996,0.000866249,0.000112417
398,5.316922,0.0117454,1.084e-06,0.004030827,0.000814416,0.003119495,0.000630583,0.000815915,0.000597083,0.000791249,0.000854415,9.0333e-05
399,5.328667,0.01173957,1.167e-06,0.003236912,0.000898249,0.003816161,0.000650082,0.000807666,0.000590249,0.000794916,0.000852415,9.175e-05
400,5.340407,0.01307106,1e-06,0.005162243,0.000966332,0.003160412,0.000631416,0.000811415,0.000600833,0.000790832,0.000854249,9.2333e-05
401,5.353478,0.01338856,1.167e-06,0.003993661,0.000706165,0.004805827,0.000652332,0.000812999,0.000602916,0.000795832,0.000887832,0.000129834
402,5.366866,0.01363565,1.083e-06,0.003752995,0.000719666,0.003073079,0.000702249,0.000868498,0.000609833,0.002932662,0.000863583,0.000111999
403,5.380502,0.01277515,1e-06,0.003356495,0.000793582,0.002888579,0.000631166,0.00273208,0.000636749,0.000792165,0.000844999,9.8333e-05
404,5.393277,0.01528856,1.083e-06,0.003995161,0.000819332,0.004715244,0.000962665,0.001150165,0.000856582,0.001717831,0.000863416,0.000207083
405,5.408566,0.0142974,1e-06,0.003802328,0.003936245,0.002707913,0.000628999,0.000815582,0.000613332,0.000828666,0.000846999,0.000116333
406,5.422863,0.01302673,1.167e-06,0.003603745,0.002677913,0.002875329,0.000636999,0.000813666,0.000594249,0.000795665,0.000927749,0.00010025
407,5.43589,0.01372173,1.083e-06,0.004296078,0.000792249,0.002937829,0.002521496,0.000803666,0.000619582,0.000796332,0.000854083,9.9333e-05
408,5.449611,0.01312998,1.166e-06,0.003899745,0.000629416,0.002919079,0.000631249,0.000813916,0.000602499,0.000790082,0.002714829,0.000128
409,5.462741,0.01298682,1.167e-06,0.003377912,0.000722915,0.002952663,0.000632082,0.000811249,0.000606582,0.000782749,0.002987663,0.000111833
410,5.475728,0.01354498,1.083e-06,0.004136578,0.000687666,0.004827326,0.000642999,0.000821082,0.000605416,0.000854666,0.000848499,0.000119666
411,5.489273,0.01329773,1.167e-06,0.003846994,0.000782833,0.002976829,0.000640416,0.002677496,0.000615749,0.000800999,0.000857832,9.7416e-05
412,5.502571,0.01271998,1.25e-06,0.003327495,0.000724332,0.004766994,0.000663749,0.000810832,0.000674582,0.000799499,0.000858666,9.2583e-05
413,5.515291,0.01351365,1.084e-06,0.004088744,0.000812499,0.002889246,0.000638915,0.000810666,0.000609916,0.002690996,0.000863915,0.000107667
414,5.528805,0.01434115,1.083e-06,0.003798995,0.000884749,0.002881496,0.000642499,0.000800999,0.000608499,0.000791332,0.003821161,0.000110333
415,5.543146,0.01274957,1.25e-06,0.003243996,0.000915332,0.002901996,0.000647415,0.002649163,0.000643083,0.000794832,0.000854582,9.7917e-05
416,5.555895,0.01347856,1.083e-06,0.004067578,0.000804749,0.004723993,0.000659916,0.000808915,0.000653416,0.000796832,0.000859999,0.000102083
417,5.569374,0.01327315,1.084e-06,0.003762661,0.000721082,0.003029579,0.002497914,0.000876498,0.000634749,0.000796083,0.000855998,9.75e-05
418,5.582647,0.0127729,1.083e-06,0.003359828,0.000724333,0.00485616,0.000655082,0.000814499,0.000600749,0.000796582,0.000863082,0.0001015
419,5.59542,0.01357607,1.25e-06,0.003998245,0.000798999,0.003082079,0.000633832,0.000810332,0.002488664,0.000802332,0.000858915,0.000101417
420,5.608996,0.01331506,1.083e-06,0.003878078,0.000867666,0.004673493,0.000642999,0.000812833,0.000609165,0.000783333,0.000859832,0.000186583
421,5.622311,0.01279673,1e-06,0.003400495,0.000806666,0.004770159,0.0006485,0.000814998,0.000607833,0.000794832,0.000845082,0.000107167
422,5.635108,0.01336632,1e-06,0.004014411,0.000631916,0.004839827,0.000659999,0.000869498,0.000614166,0.000783166,0.000856582,9.575e-05
423,5.648474,0.01360965,1.083e-06,0.004052578,0.000648832,0.00302683,0.000633249,0.002702496,0.000800749,0.000788582,0.000855249,0.0001
424,5.662084,0.01282098,1.083e-06,0.003317245,0.002729247,0.002889662,0.000641999,0.000813416,0.000598749,0.000800832,0.000933915,9.4834e-05
425,5.674905,0.01335965,1.333e-06,0.004012994,0.000645333,0.002907329,0.002516163,0.000816416,0.000604915,0.000901999,0.000854916,9.8249e-05
426,5.688264,0.01399006,1e-06,0.003745495,0.000793749,0.005629492,0.000662332,0.000801749,0.000605332,0.000793916,0.000856082,0.000100917
427,5.702254,0.01285298,1.084e-06,0.003369995,0.000796165,0.004873994,0.000661832,0.000810332,0.000592999,0.000794916,0.000852165,9.95e-05
428,5.715107,0.0137059,1.083e-06,0.004120661,0.000788749,0.004912076,0.000662833,0.000810665,0.000596416,0.000864416,0.000854998,9.4e-05
429,5.728813,0.01346456,1.083e-06,0.003962411,0.000795499,0.002884329,0.000645749,0.000799833,0.000605499,0.000794082,0.002861246,0.000114833
430,5.742278,0.01298098,9.17e-07,0.003247079,0.000786499,0.002892496,0.000640165,0.000809833,0.000599165,0.002548663,0.001239832,0.000216333
431,5.755259,0.01396065,1.2833e-05,0.004320327,0.000812666,0.002935746,0.000628666,0.000810998,0.000611583,0.002858163,0.000862332,0.000107333
432,5.769219,0.01325198,1.167e-06,0.003977577,0.000743916,0.004711243,0.000659749,0.000807499,0.000591249,0.000798333,0.000860998,0.00010025
433,5.782471,0.01295265,1.166e-06,0.003624245,0.000730916,0.002900662,0.00252483,0.000803749,0.000620499,0.000795999,0.000853332,9.725e-05
434,5.795424,0.01454431,1e-06,0.004002494,0.000755499,0.00470416,0.001032665,0.001672415,0.000614415,0.000798249,0.000862082,0.000101334
435,5.809968,0.01328373,1.417e-06,0.003763994,0.000696166,0.004900243,0.000744582,0.000813666,0.000610249,0.000790749,0.000846999,0.000115666
436,5.823252,0.01294381,1e-06,0.003487329,0.002706246,0.002857329,0.000635666,0.000813999,0.000621916,0.000797332,0.000928249,9.4749e-05
437,5.836196,0.01360998,1.166e-06,0.004223661,0.000811166,0.002876329,0.002512663,0.000819249,0.000615666,0.000796249,0.000852915,0.000100917
438,5.849806,0.01335098,1.083e-06,0.004019411,0.000756416,0.002901579,0.000640083,0.000809582,0.000592916,0.000795415,0.002724746,0.00010975
439,5.863157,0.01056732,1.084e-06,0.003209995,0.000680832,0.002899413,0.000635416,0.000809582,0.000598166,0.000792832,0.000850082,8.9917e-05
440,5.873724,0.01192273,1.084e-06,0.003287912,0.000752915,0.003024663,0.000636582,0.000814332,0.000604666,0.001197249,0.001504081,9.925e-05
441,5.885647,0.01360523,1.083e-06,0.006103408,0.000753666,0.002968662,0.000633333,0.000812165,0.000605333,0.000782749,0.000851915,9.2917e-05
442,5.899252,0.01276507,1.25e-06,0.005137076,0.000901582,0.002883663,0.000625333,0.000847248,0.000616999,0.000793416,0.000852749,0.00010575
443,5.912017,0.01518098,1.333e-06,0.004194494,0.000796749,0.004833994,0.000942748,0.001146749,0.001495664,0.000803082,0.000855999,0.000110167
444,5.927198,0.01341323,1.25e-06,0.003770995,0.000799832,0.002878413,0.000638082,0.00294283,0.000642082,0.000783999,0.000854165,0.000101584
445,5.940611,0.01279432,1.167e-06,0.003228412,0.000791499,0.002998995,0.000768916,0.000811332,0.000608833,0.000782832,0.002688579,0.00011375
446,5.953406,0.01167748,1.167e-06,0.003972994,0.000808999,0.003117412,0.000630166,0.000810499,0.000599083,0.000794998,0.000851999,9.0167e-05
447,5.965083,0.0116364,1.166e-06,0.003211246,0.000816499,0.003817828,0.000645332,0.000799499,0.000607999,0.000793832,0.000851749,9.125e-05
448,5.97672,0.01296782,1.167e-06,0.005188576,0.000800582,0.003201245,0.000631833,0.000812582,0.000600999,0.000793666,0.000843415,9.375e-05
449,5.989687,0.01343156,1.084e-06,0.003964327,0.000786666,0.004810577,0.000649249,0.000814082,0.000602582,0.000786999,0.000895749,0.00012025
450,6.003119,0.01334765,1e-06,0.003739661,0.000791916,0.003049662,0.000690666,0.000877415,0.0006105,0.002618746,0.000860165,0.000107917
451,6.016467,0.01273557,1e-06,0.003347746,0.000807082,0.002885412,0.000625583,0.002680246,0.000651083,0.000795582,0.000845249,9.6583e-05
452,6.029202,0.01524915,1.166e-06,0.003977412,0.000822165,0.004708077,0.000938748,0.001164749,0.000888999,0.00168833,0.000860416,0.000199083
453,6.044451,0.01402798,1.333e-06,0.003997995,0.002895329,0.003342412,0.000644916,0.000811082,0.000592166,0.000796665,0.000851082,9.5e-05
454,6.058479,0.01655723,1e-06,0.005986492,0.001872497,0.003928411,0.001528332,0.000818748,0.000673999,0.000792583,0.000846082,0.000109083
455,6.075037,0.01354615,1.167e-06,0.006121825,0.000672582,0.002911996,0.000640999,0.000833832,0.000610666,0.000792582,0.000854083,0.000106416
456,6.088583,0.01318265,1e-06,0.003903161,0.000669166,0.004785243,0.000657333,0.000815332,0.000599166,0.000795582,0.000855999,0.000100666
457,6.101765,0.01267107,1.166e-06,0.003348662,0.000723499,0.002895329,0.000631083,0.002691996,0.000638166,0.000787915,0.000856583,9.6666e-05
458,6.114436,0.0147684,1.166e-06,0.004042911,0.000814999,0.004797827,0.000964832,0.001226998,0.001167748,0.000794166,0.000846332,0.000111417
459,6.129205,0.01357457,1.084e-06,0.003797994,0.000814833,0.005106576,0.000654165,0.000809833,0.000598499,0.000797499,0.000887248,0.000106834
460,6.142779,0.01293873,9.16e-07,0.003485496,0.002751079,0.002835913,0.000639915,0.000811749,0.000589083,0.000798415,0.000929416,9.675e-05
461,6.155718,0.01362665,1.083e-06,0.004082828,0.000922165,0.002879413,0.002500246,0.000804249,0.000684249,0.000795999,0.000853666,0.000102749
462,6.169345,0.01332515,1.166e-06,0.003967745,0.000817832,0.002876746,0.000637249,0.000804915,0.000596333,0.000791582,0.002723163,0.000108416
463,6.18267,0.01076424,1.084e-06,0.003229412,0.000805582,0.002868662,0.000638416,0.000807582,0.00059425,0.000875748,0.000854249,8.925e-05
464,6.193434,0.01181515,1.167e-06,0.003225078,0.000733916,0.002960579,0.000649083,0.000800915,0.000609416,0.001239415,0.001493998,0.000101583
465,6.205249,0.01317848,9.17e-07,0.005588576,0.000763998,0.002969663,0.000644832,0.000801499,0.000610249,0.000791833,0.000912832,9.4083e-05
466,6.218428,0.0127314,1.5e-06,0.005060076,0.000944166,0.002881829,0.000636832,0.000812583,0.000597415,0.000835166,0.000856999,0.000104833
467,6.231159,0.01570781,1.167e-06,0.004195577,0.000794249,0.004830826,0.000962499,0.001144915,0.000960499,0.001742331,0.000860582,0.000215166
468,6.246867,0.01478965,1.083e-06,0.003773328,0.000809666,0.005258909,0.001723581,0.000819082,0.000598916,0.000796415,0.000889166,0.0001195
469,6.261657,0.01298731,1e-06,0.003273412,0.000815498,0.00293708,0.000818499,0.002759412,0.000619666,0.000798916,0.000855832,0.000108
470,6.274644,0.01170548,1.084e-06,0.004004161,0.000782582,0.002886579,0.000822582,0.000870666,0.000608916,0.000785415,0.000853916,8.9583e-05
471,6.286349,0.0118389,1.084e-06,0.003263162,0.000867165,0.003642412,0.000744415,0.000926832,0.0006065,0.000791999,0.000903082,9.2249e-05
472,6.298188,0.01302682,1e-06,0.005155076,0.000903999,0.003062745,0.000639333,0.000928165,0.000606249,0.000783749,0.000852916,9.3583e-05
473,6.311215,0.0134359,1.084e-06,0.004048077,0.000712333,0.004807659,0.000653083,0.000813832,0.000600999,0.000785332,0.000894166,0.000119333
474,6.324651,0.01335482,1.5e-06,0.003779912,0.000809582,0.002890913,0.000765165,0.000800916,0.000598916,0.002748246,0.000858665,0.000101
475,6.338006,0.01295498,1.167e-06,0.003419495,0.000849665,0.00295333,0.000638915,0.00272133,0.000621749,0.000797416,0.000853665,9.825e-05
476,6.350961,0.01344773,1e-06,0.004157161,0.000753582,0.00470791,0.000654666,0.000822915,0.000595416,0.000796999,0.000853416,0.000104666
477,6.364409,0.01329473,1.417e-06,0.003815911,0.000811666,0.002938162,0.000640416,0.002698329,0.000631083,0.000796749,0.000860082,0.000100916
478,6.377703,0.01282865,1e-06,0.003406912,0.000802832,0.004815494,0.000651415,0.000810583,0.000593165,0.000796416,0.000852082,9.875e-05
479,6.390532,0.01362948,9.17e-07,0.004028494,0.000800165,0.003007829,0.00064275,0.000810165,0.002480663,0.000809416,0.000946998,0.000102084
480,6.404161,0.0133449,1.084e-06,0.003945244,0.000765082,0.00474691,0.000656916,0.000814749,0.000604583,0.000782998,0.000855249,0.000172083
481,6.417506,0.01258365,1e-06,0.003286412,0.000695416,0.002905912,0.002510497,0.000826332,0.000615749,0.000791999,0.000844999,0.000105333
482,6.43009,0.01351907,9.17e-07,0.004061327,0.000822583,0.004813076,0.000656166,0.000802665,0.000612916,0.000793999,0.000854916,0.0001005
483,6.443609,0.01327998,1.083e-06,0.003777495,0.000802832,0.003013496,0.000640249,0.002680246,0.000613416,0.000801332,0.000852999,9.6833e-05
484,6.456889,0.0126694,1.083e-06,0.003289663,0.002623829,0.002874829,0.000648083,0.000801332,0.000598999,0.000809082,0.000928666,9.3833e-05
485,6.469558,0.01348748,1.167e-06,0.004055994,0.000692249,0.002912163,0.000642082,0.002707996,0.000623499,0.000795333,0.000959665,9.7333e-05
486,6.483046,0.0132689,1e-06,0.003840161,0.000638499,0.004900493,0.000656249,0.000800499,0.000608916,0.000797582,0.000932915,9.2584e-05
487,6.496315,0.01320298,1.166e-06,0.003806412,0.000686082,0.00488941,0.000662416,0.000814998,0.0005925,0.000796332,0.000857249,9.6416e-05
488,6.509518,0.01342223,1.083e-06,0.004151411,0.000755249,0.00470116,0.000655666,0.000802165,0.000605416,0.000793249,0.000857165,9.9667e-05
489,6.52294,0.01312073,1e-06,0.003808495,0.000675332,0.002918579,0.000639166,0.002699746,0.000619333,0.000800249,0.000857582,0.00010125
490,6.536061,0.01253565,1.25e-06,0.003216245,0.000804833,0.002876496,0.000642165,0.000813666,0.000604166,0.000781749,0.002649246,0.000145833
491,6.548596,0.01193648,1.167e-06,0.003953577,0.000803832,0.00289558,0.000632166,0.000811415,0.000604083,0.000862165,0.001280998,9.15e-05
492,6.560533,0.01328148,1e-06,0.003960327,0.000798916,0.00468466,0.000660166,0.000814832,0.000612749,0.000785582,0.000860749,0.0001025
493,6.573814,0.01265698,1.167e-06,0.003219745,0.000808166,0.002898162,0.002553663,0.000816749,0.000624583,0.000783499,0.000853748,9.75e-05
494,6.586471,0.01412665,1.167e-06,0.004045911,0.000818998,0.004888827,0.001194915,0.000810915,0.000606,0.000804832,0.000853999,0.000101083
495,6.600598,0.01413231,1e-06,0.003754578,0.000809415,0.003134079,0.003239412,0.000818833,0.000628332,0.000792582,0.000846332,0.00010775
496,6.61473,0.01348715,1.167e-06,0.003742745,0.000760249,0.004957743,0.000649332,0.000880332,0.000624666,0.000783166,0.000981415,0.000106333
497,6.628218,0.0136274,1e-06,0.00410791,0.000720499,0.002902913,0.000640749,0.000812666,0.002526496,0.000892415,0.000916749,0.000106
498,6.641845,0.01283007,1.417e-06,0.003732411,0.000714249,0.00290283,0.000632165,0.000814833,0.000612582,0.000868915,0.002406664,0.000144
499,6.654675,0,0,0,0,0,0,0,0,0,0,0

Averages:
0.01330935,1.371132e-06,0.003975364,0.0009833151,0.003713621,0.0008090162,0.001016944,0.0007648906,0.0008885989,0.001048563,0.0001076654
