OpenCV version: 2.4
Usage: 7-SobelDerivatives <input-number> [<samples>]
input-number - is the video device number. Defaults to zero. E.g. for /dev/video2 just use '2' as argument.
samples - number of samples before application ends. Defaults to 1000; zero means infinite.
sample_number,elapsed_time,frame,mat_alloc,read_img,gpumat_alloc,gpu_frame_upload,convert_color,gaussian_blur,sobel,gpu_frame_download,convert_scale,sobel2,gpu_frame_download2,convert_scale2,add_weighted,show_img
0,0,2.150765,7.834e-06,0.01099382,7.5e-07,2.082031,0.004913243,0.01126548,0.008326072,0.003865494,0.005921742,0.007448823,0.003294495,0.005814159,0.00502191,0.00185958
1,2.150765,0.0972112,1.333e-06,0.03082404,1.084e-06,0.001626414,0.01323065,0.03152771,0.003762661,0.001640748,0.002639913,0.004125577,0.00232583,0.002754663,0.002452664,0.000297916
2,2.247976,0.03733512,9.17e-07,0.01183482,1.916e-06,0.001828831,0.00213533,0.003163246,0.002901413,0.001642331,0.002422496,0.004424327,0.001778748,0.002403746,0.002587747,0.00020925
3,2.285311,0.03693595,1.333e-06,0.01106598,7.5e-07,0.001029582,0.001290415,0.003509495,0.003722662,0.003505828,0.00250108,0.003512995,0.001742914,0.00239483,0.002415163,0.000242917
4,2.322247,0.04414752,1.834e-06,0.0120609,6.67e-07,0.001103832,0.001568248,0.003986327,0.003520079,0.001812247,0.002427913,0.01064599,0.001920164,0.00244333,0.002417414,0.000238583
5,2.366395,0.04276144,1.75e-06,0.01090373,9.16e-07,0.001054499,0.002095664,0.005093159,0.004330077,0.001858915,0.002365413,0.004281411,0.002522579,0.004439161,0.003539161,0.000275
6,2.409156,0.0484966,1.25e-06,0.01604114,8.33e-07,0.001036332,0.003341328,0.006824241,0.005506909,0.001677331,0.00236258,0.005126493,0.001418081,0.002414163,0.002517497,0.000228416
7,2.457653,0.04160444,1.083e-06,0.01413681,6.67e-07,0.001125165,0.002159497,0.004619326,0.003767162,0.001450164,0.002374664,0.004188911,0.001397331,0.00247208,0.003673078,0.0002385
8,2.499257,0.05924092,1e-06,0.01397248,1.417e-06,0.001314498,0.003157079,0.01636073,0.009415737,0.001767831,0.002353496,0.004077495,0.001489497,0.00261508,0.00242533,0.00028925
9,2.558498,0.04989985,1e-06,0.01347665,7.5e-07,0.001191582,0.00210408,0.00500466,0.005894075,0.007039073,0.002351997,0.00439991,0.001632332,0.002357496,0.004219578,0.000226666
10,2.608398,0.06037583,1.167e-06,0.01094482,6.67e-07,0.001246498,0.003349495,0.006897741,0.01379356,0.001740164,0.004273161,0.0114384,0.001208082,0.002677163,0.002562579,0.000242333
11,2.668774,0.03387137,9.17e-07,0.01294981,7.5e-07,0.001048415,0.001173082,0.002797246,0.002507746,0.001360332,0.002360246,0.003364246,0.001204581,0.002453497,0.002423746,0.00022675
12,2.702645,0.03716878,1.084e-06,0.01392523,7.5e-07,0.001047832,0.001601831,0.003599412,0.003079079,0.001357665,0.002377663,0.003735661,0.001328665,0.002341163,0.002546164,0.000226583
13,2.739814,0.04131928,1.084e-06,0.01437923,8.34e-07,0.001303165,0.00186233,0.00481891,0.004056161,0.001626915,0.002385246,0.004189994,0.001583165,0.002473246,0.002411497,0.0002275
14,2.781133,0.04610485,1.167e-06,0.01077523,1.25e-06,0.001166248,0.004203494,0.007246407,0.005892825,0.001916414,0.00236458,0.005867158,0.001663414,0.00236558,0.002413914,0.000227166
15,2.827238,0.03929961,1.25e-06,0.01288356,7.5e-07,0.001044582,0.002113747,0.004511743,0.003890495,0.001451831,0.002355997,0.00465291,0.001378831,0.002360497,0.002425997,0.000227416
16,2.866537,0.04030028,1.5e-06,0.0135449,8.33e-07,0.001037832,0.002085247,0.00466041,0.003791328,0.001434998,0.002376497,0.004852909,0.001403415,0.002343247,0.002539996,0.000227167
17,2.906838,0.04110528,1.167e-06,0.01360973,6.67e-07,0.001056665,0.002121247,0.004653077,0.004088327,0.001452165,0.002352913,0.00478491,0.001447915,0.002659246,0.002644413,0.000232833
18,2.947943,0.04160619,1.166e-06,0.01416415,6.67e-07,0.001107415,0.002086414,0.004663243,0.003745912,0.001435331,0.00237333,0.004190077,0.001508332,0.002548496,0.003513995,0.000267666
19,2.989549,0.03950453,1.417e-06,0.01276515,7.5e-07,0.001165165,0.002318663,0.00453241,0.003889412,0.001446081,0.002355997,0.00428241,0.001446248,0.002499913,0.002568247,0.000232666
20,3.029054,0.05288734,1.584e-06,0.01433473,5.84e-07,0.001170665,0.003882411,0.007088907,0.005390492,0.001889248,0.002937745,0.006389575,0.00202983,0.003721662,0.003756911,0.000293
21,3.081941,0.04118128,1.25e-06,0.01512681,7.5e-07,0.001314748,0.001929914,0.004543244,0.003734078,0.001437331,0.002370163,0.004214495,0.001395331,0.002373163,0.002478913,0.000261083
22,3.123122,0.05513409,1.083e-06,0.01379198,9.17e-07,0.001182581,0.004820993,0.006638658,0.005626992,0.001688248,0.003195912,0.006245324,0.002354997,0.004065661,0.005274243,0.000246499
23,3.178256,0.04172027,1.25e-06,0.01542548,6.67e-07,0.001105415,0.002097247,0.004534077,0.003945494,0.001452498,0.002369663,0.004386661,0.001397581,0.00236208,0.002415914,0.000226249
24,3.219977,0.04871118,1.084e-06,0.01295998,1.084e-06,0.001063332,0.003147912,0.006687741,0.005508408,0.001733165,0.002378496,0.005983909,0.00193708,0.003208079,0.003840995,0.000259916
25,3.268688,0.04248111,1.25e-06,0.01621756,8.33e-07,0.001127248,0.001868831,0.00457441,0.003964161,0.001461748,0.002345664,0.004504827,0.001417748,0.002341246,0.002427747,0.000227833
26,3.311169,0.05284259,1e-06,0.01344523,7.5e-07,0.001153915,0.003521495,0.006702907,0.006129159,0.001792414,0.002771746,0.006694074,0.001909664,0.003622495,0.00480516,0.000292583
27,3.364012,0.04218827,1.167e-06,0.01602756,8.33e-07,0.001070415,0.001916831,0.004921493,0.003873411,0.001443165,0.002356413,0.004002244,0.001420665,0.002508163,0.002419664,0.000226249
28,3.4062,0.07998189,1.25e-06,0.0144499,9.16e-07,0.001306165,0.003157579,0.009091487,0.01280265,0.002746413,0.008620988,0.01127657,0.001968997,0.008923321,0.00517891,0.000456749
29,3.486182,0.05381843,1.25e-06,0.01716781,9.16e-07,0.001142832,0.001846997,0.004624411,0.005457659,0.007409406,0.00241083,0.003909828,0.001396914,0.005079077,0.003131745,0.00023875
30,3.54,0.05011968,1.167e-06,0.0142184,6.67e-07,0.001064748,0.001948414,0.004608661,0.01060332,0.001688414,0.002535663,0.004333661,0.001408581,0.00234483,0.005137493,0.000225667
31,3.59012,0.04736085,1.167e-06,0.01387698,1e-06,0.001214332,0.003090996,0.00670349,0.005426159,0.001680415,0.002563413,0.006240074,0.001446665,0.002521163,0.002368663,0.000226333
32,3.637481,0.04063803,1e-06,0.01443348,9.16e-07,0.001094916,0.00188333,0.004536577,0.004142494,0.001603915,0.002359496,0.004013162,0.001415748,0.002507746,0.002419663,0.000225583
33,3.678119,0.03986486,1e-06,0.01388231,8.33e-07,0.001088249,0.001875831,0.00459316,0.003909994,0.001602165,0.00235283,0.004048744,0.001374582,0.002363996,0.002512163,0.000259
34,3.717984,0.03954745,1.417e-06,0.01355198,7.5e-07,0.001093915,0.001876914,0.004519577,0.003769661,0.001610332,0.002355496,0.003972078,0.001378248,0.002500913,0.002686163,0.00023
35,3.757531,0.04066636,1.084e-06,0.01424881,7.5e-07,0.001103915,0.001878164,0.004661327,0.004112494,0.001488332,0.00236833,0.003967744,0.001470915,0.002565829,0.002570913,0.00022775
36,3.798197,0.04089353,1.167e-06,0.0135074,1.084e-06,0.001359998,0.001914914,0.004560743,0.004087328,0.001436248,0.002374497,0.003917661,0.001552498,0.002529663,0.002634829,0.001015499
37,3.839091,0.03922694,1.167e-06,0.01336023,1e-06,0.001053082,0.00193883,0.004582994,0.004050911,0.001452581,0.00235508,0.003960328,0.001463998,0.002350997,0.002416413,0.000239333
38,3.878318,0.04679577,1e-06,0.0138334,7.5e-07,0.001173498,0.001931331,0.00449741,0.005053493,0.004948243,0.002355497,0.004204494,0.001465331,0.00240858,0.00466241,0.000260333
39,3.925114,0.04870977,1.333e-06,0.01319923,8.33e-07,0.001061582,0.001949331,0.004520493,0.01176515,0.001476997,0.00245583,0.003971745,0.001404664,0.004250328,0.002411996,0.00024025
40,3.973823,0.04950593,1e-06,0.01434765,7.5e-07,0.001081249,0.001874831,0.006387824,0.003899494,0.001451082,0.002622413,0.008289405,0.001428998,0.002352996,0.005506326,0.000261916
41,4.023329,0.04816727,1.584e-06,0.01382306,1.166e-06,0.001102916,0.001917663,0.004550244,0.005022076,0.007060657,0.002357164,0.00405016,0.001415332,0.004212911,0.002412663,0.000239666
42,4.071497,0.05851,1.083e-06,0.01432623,1.334e-06,0.001249581,0.003424579,0.01569031,0.005865075,0.001691331,0.004149161,0.005628075,0.001466165,0.002371163,0.002418497,0.000227416
43,4.130007,0.03896811,1.25e-06,0.01203207,7.5e-07,0.001233165,0.000955748,0.002824746,0.00759199,0.001319581,0.002353747,0.004090161,0.001260082,0.002657579,0.002410413,0.000236833
44,4.168975,0.03722211,1e-06,0.01342515,7.5e-07,0.001160665,0.001389498,0.003813745,0.003221245,0.001627331,0.00246208,0.003294995,0.001798831,0.002388747,0.002412746,0.000225333
45,4.206197,0.04033394,2.083e-06,0.01308165,8.34e-07,0.001100581,0.001876498,0.00458391,0.004446494,0.001618414,0.002363747,0.004677577,0.001555247,0.002386664,0.002412496,0.00022775
46,4.246531,0.03813636,1.583e-06,0.0115024,7.5e-07,0.001079831,0.001906248,0.005177076,0.004136244,0.001437165,0.00241883,0.003938161,0.001386415,0.00236758,0.002517829,0.00026625
47,4.284667,0.04010678,1.167e-06,0.01427673,7.5e-07,0.001149082,0.00187158,0.004649827,0.003777578,0.001445332,0.002375746,0.003920411,0.001523498,0.00234858,0.00253983,0.000226666
48,4.324774,0.04075036,1.25e-06,0.01366748,8.33e-07,0.001174415,0.001917831,0.004567327,0.00470641,0.001505414,0.002368747,0.004269161,0.001465914,0.002450164,0.002414413,0.000240999
49,4.365524,0.04026678,1.333e-06,0.01350648,8.34e-07,0.001094915,0.001876747,0.00511416,0.003918328,0.001429831,0.00237558,0.003951244,0.001477832,0.002534996,0.002736996,0.0002475
50,4.405791,0.04082461,1.083e-06,0.01386006,8.34e-07,0.001043498,0.001938581,0.004936743,0.004134161,0.001405748,0.002468413,0.003961494,0.001507165,0.002623663,0.002695663,0.000247499
51,4.446616,0.03974944,1.083e-06,0.01334881,1.083e-06,0.001335332,0.001931164,0.004626743,0.003982245,0.001434664,0.00237733,0.003940078,0.001397915,0.002571163,0.002568746,0.000233083
52,4.486365,0.04062111,1.084e-06,0.01441165,7.5e-07,0.001097082,0.001867831,0.004850076,0.004070744,0.001420665,0.002455413,0.003927578,0.001416748,0.002340164,0.002533079,0.00022825
53,4.526986,0.04035769,1.167e-06,0.01387356,6.66e-07,0.001109082,0.001845248,0.004746076,0.003922161,0.001450165,0.002411663,0.004464994,0.001426831,0.00244333,0.002435664,0.000227083
54,4.567344,0.04058828,1.667e-06,0.01341606,7.5e-07,0.001091332,0.001908581,0.00491216,0.00429466,0.001422831,0.00245033,0.003958828,0.001432665,0.002618579,0.002841246,0.000238583
55,4.607932,0.04024928,1.416e-06,0.01399606,7.5e-07,0.001212915,0.00191633,0.004737244,0.003927994,0.001449165,0.00235258,0.003938828,0.001378915,0.002559913,0.002545329,0.000231833
56,4.648181,0.04058061,1.25e-06,0.01334315,5.84e-07,0.001196248,0.001916831,0.005053326,0.004150744,0.001413331,0.00245208,0.003919245,0.001445331,0.002610913,0.002839163,0.000238416
57,4.688762,0.04070953,1.167e-06,0.01454048,5.84e-07,0.001225915,0.00184658,0.004571577,0.003943078,0.001444915,0.002348413,0.003939745,0.001522331,0.00251883,0.002575329,0.000230583
58,4.729472,0.04167469,1.25e-06,0.01486156,7.5e-07,0.001169082,0.001917081,0.004630743,0.004364244,0.001515165,0.002363496,0.003980245,0.001474331,0.002525663,0.00263533,0.000235749
59,4.771146,0.04816985,1.084e-06,0.01301323,7.5e-07,0.001043332,0.003173246,0.006575574,0.005607909,0.001666581,0.002373996,0.005989075,0.001969747,0.003260746,0.003231495,0.000263083
60,4.819316,0.04102869,1.333e-06,0.01499806,1e-06,0.001198415,0.002118414,0.00452216,0.003906995,0.001448831,0.002354163,0.004069328,0.001395081,0.00237408,0.00241508,0.00022575
61,4.860345,0.03861561,9.16e-07,0.01274557,8.33e-07,0.001186832,0.001957164,0.004533827,0.003952828,0.001447414,0.002417663,0.003956495,0.001413248,0.00234708,0.00241633,0.000239416
62,4.89896,0.04021419,1.084e-06,0.01421723,6.66e-07,0.001181749,0.002036747,0.00456691,0.003947578,0.001453164,0.00244508,0.003958661,0.001395748,0.002368164,0.002414996,0.000226417
63,4.939175,0.03950711,1.417e-06,0.01288156,7.5e-07,0.001047832,0.001948497,0.005047327,0.003950327,0.001456498,0.00235708,0.004060411,0.001522748,0.00242558,0.00257708,0.00023
64,4.978682,0.03981078,1.167e-06,0.01342148,7.5e-07,0.001485915,0.00192208,0.004517494,0.003934411,0.001457248,0.002347747,0.004058411,0.001452581,0.00234283,0.002641996,0.000226667
65,5.018493,0.04104061,1.25e-06,0.0143259,1.083e-06,0.001233415,0.001878081,0.004600244,0.004238327,0.001626331,0.00248083,0.003967494,0.001636831,0.002340247,0.00247308,0.0002375
66,5.059533,0.04511127,1.333e-06,0.01080282,7.5e-07,0.001043748,0.003457495,0.007704406,0.005577409,0.001790164,0.002349913,0.005613909,0.001654081,0.002351414,0.002537329,0.0002265
67,5.104644,0.05532434,1.167e-06,0.01276148,1e-06,0.001073832,0.0107779,0.009250821,0.008773404,0.001363998,0.00235683,0.002709163,0.001239998,0.002364914,0.002422663,0.000227166
68,5.159969,0.03313262,1.416e-06,0.01277707,7.5e-07,0.001060748,0.001007166,0.002906579,0.00250058,0.001366914,0.002348497,0.00280983,0.001242581,0.00234108,0.00254083,0.000228583
69,5.193101,0.03624195,1.167e-06,0.01348748,8.33e-07,0.001198498,0.001409915,0.003592828,0.003063329,0.001379248,0.002353414,0.003408245,0.001342081,0.002345247,0.002431497,0.000228166
70,5.229343,0.03996878,1.417e-06,0.01369573,6.67e-07,0.001130915,0.001940831,0.004513327,0.003892994,0.001509082,0.002354496,0.004519744,0.001410498,0.002344497,0.002427496,0.000227083
71,5.269312,0.04071269,1.167e-06,0.01377423,7.5e-07,0.001240915,0.00213058,0.00459766,0.004143994,0.001735498,0.00237633,0.004150161,0.001567581,0.002333663,0.002420164,0.000239999
72,5.310025,0.04546885,1.083e-06,0.01120673,1.084e-06,0.001064915,0.003440578,0.006705324,0.005802325,0.001788248,0.002346997,0.006394241,0.001672914,0.002358663,0.002456497,0.00022925
73,5.355494,0.05285268,1.25e-06,0.01370865,8.34e-07,0.001111831,0.0106939,0.00970207,0.005081743,0.001287998,0.002347996,0.002677997,0.001243748,0.002344497,0.002421996,0.000228167
74,5.408346,0.03378737,1.084e-06,0.01332373,9.17e-07,0.001172748,0.000969415,0.00277808,0.002441746,0.001277665,0.002519497,0.002843412,0.001386665,0.00234083,0.00250258,0.000229
75,5.442134,0.03710878,1.083e-06,0.01424281,7.5e-07,0.001191748,0.001417998,0.003678911,0.00304783,0.001344831,0.002368747,0.003329495,0.001291915,0.002434913,0.002517747,0.000239999
76,5.479242,0.03942144,1.667e-06,0.01340406,7.5e-07,0.001096831,0.001874414,0.00467541,0.003953578,0.001450915,0.002351413,0.004093328,0.001407081,0.002345497,0.002537413,0.000229083
77,5.518664,0.04021669,1.083e-06,0.01434965,7.5e-07,0.001108915,0.001873581,0.004665577,0.003917411,0.001458581,0.002349997,0.003980994,0.001375415,0.002365997,0.002529163,0.000239583
78,5.558881,0.03976544,1.333e-06,0.01374415,9.16e-07,0.001146749,0.001922664,0.004647743,0.003917911,0.001518332,0.00236683,0.003991244,0.001399915,0.00244508,0.002436579,0.000226
79,5.598646,0.03971236,1.25e-06,0.01336773,9.17e-07,0.001338248,0.001898497,0.004595244,0.003932578,0.001438081,0.002370163,0.003992661,0.001393582,0.002574163,0.002566413,0.000242833
80,5.638358,0.04078186,1e-06,0.01488481,8.34e-07,0.001119331,0.001848748,0.004784743,0.003900578,0.001452165,0.002347913,0.003991994,0.001447248,0.002360747,0.002415747,0.000225999
81,5.67914,0.03887919,1e-06,0.01279531,7.5e-07,0.001062249,0.00214258,0.004529494,0.003976161,0.001454748,0.002354913,0.004154744,0.001407248,0.002350164,0.002421663,0.000228166
82,5.718019,0.03999519,1e-06,0.01420865,7.5e-07,0.001086749,0.001883331,0.004622576,0.003931245,0.001453748,0.002348663,0.003980245,0.001392831,0.002444413,0.002412914,0.000228083
83,5.758015,0.03992244,1.084e-06,0.01388281,1e-06,0.001203332,0.001927331,0.004545493,0.003982995,0.001437248,0.00237183,0.004008327,0.001416582,0.002373163,0.00254458,0.000226666
84,5.797937,0.03867203,1.584e-06,0.01292173,8.34e-07,0.001056582,0.001947997,0.004591993,0.003935578,0.001460498,0.002351414,0.003995911,0.001407331,0.00234483,0.002416663,0.000239083
85,5.836609,0.03971511,1.084e-06,0.01396548,1.083e-06,0.001198332,0.001926581,0.004533993,0.003884161,0.001431498,0.002437914,0.003930244,0.001386831,0.002374997,0.002412747,0.000230166
86,5.876324,0.03903378,1.167e-06,0.01287181,8.33e-07,0.001059749,0.001946997,0.004738743,0.003940745,0.001440581,0.002475413,0.003947495,0.001404831,0.002427497,0.002547746,0.000230166
87,5.915358,0.04040203,1.166e-06,0.0145414,8.33e-07,0.001089248,0.001930914,0.004607161,0.003940077,0.001442915,0.00236458,0.004044078,0.001432081,0.00236558,0.002413497,0.000228499
88,5.95576,0.04037869,1.25e-06,0.0138734,9.16e-07,0.001172082,0.001929997,0.004751327,0.003939911,0.001442248,0.00237308,0.004045995,0.001457247,0.002523747,0.002633413,0.000234083
89,5.996139,0.04908302,1e-06,0.01323556,1e-06,0.001045332,0.003471662,0.006603741,0.005403325,0.001679665,0.002355496,0.006110825,0.001928081,0.003489328,0.003481412,0.000276583
90,6.045222,0.06287041,1.333e-06,0.01722464,8.33e-07,0.001175165,0.004693327,0.009474487,0.008565988,0.001953747,0.002920913,0.006042658,0.00201808,0.003622745,0.004884993,0.0002915
91,6.108092,0.061823,1.334e-06,0.01600231,9.16e-07,0.001103499,0.005137076,0.00937382,0.008100239,0.00212733,0.002649246,0.007971572,0.002186747,0.003438912,0.003456495,0.0002735
92,6.169915,0.0499666,1.167e-06,0.01612631,5.83e-07,0.001221082,0.003158662,0.006980823,0.005948992,0.001757748,0.002359913,0.005776575,0.001632248,0.002343247,0.00241408,0.000245166
93,6.219882,0.0443716,1.083e-06,0.0138694,8.33e-07,0.001152165,0.003412996,0.00659424,0.004198661,0.001592248,0.002438997,0.004589493,0.001403498,0.002349663,0.002544414,0.000223916
94,6.264253,0.03963219,1.167e-06,0.01291656,7.5e-07,0.001073998,0.001930248,0.00447941,0.00456191,0.001509082,0.002364663,0.004229744,0.001386665,0.002460163,0.002430246,0.000287583
95,6.303886,0.04865327,1.083e-06,0.01368981,8.34e-07,0.001269831,0.004286244,0.007104407,0.005772492,0.001756914,0.00248008,0.005897325,0.001398414,0.00234483,0.002423164,0.000227833
96,6.352539,0.03921036,1.083e-06,0.01318173,8.33e-07,0.001075082,0.001932331,0.004497493,0.003749662,0.001439831,0.002366163,0.004548244,0.001410331,0.002345997,0.002414997,0.000246583
97,6.391749,0.04819452,1.083e-06,0.01431956,1.167e-06,0.001278832,0.003495578,0.006562907,0.005819826,0.001994414,0.002359746,0.005532159,0.001636248,0.002350497,0.002615913,0.000226583
98,6.439944,0.04343069,1e-06,0.01388565,9.16e-07,0.001080582,0.003142662,0.006887074,0.004186828,0.001449581,0.002351997,0.004034661,0.001414414,0.00234458,0.002423997,0.00022675
99,6.483374,0.04102553,1.25e-06,0.01322807,9.17e-07,0.001528331,0.001919747,0.004497577,0.003917161,0.001441415,0.002351997,0.004424327,0.001455914,0.002553497,0.003434995,0.000270333
100,6.5244,0.03898136,1.166e-06,0.0129979,9.16e-07,0.001051832,0.001939498,0.004531243,0.003924161,0.001437415,0.002374913,0.004050828,0.001400415,0.002503913,0.002535746,0.000231417
101,6.563381,0.03993986,1.417e-06,0.01369965,6.67e-07,0.001160998,0.001920497,0.004587244,0.003936911,0.001445581,0.00235833,0.004103911,0.001468832,0.00244933,0.002573829,0.000232667
102,6.603321,0.0493031,1.083e-06,0.01418323,7.5e-07,0.001061249,0.003173329,0.006580907,0.005643409,0.001669747,0.002350414,0.005988241,0.001869748,0.003143745,0.003375329,0.000261916
103,6.652624,0.04611369,1.25e-06,0.01606556,8.33e-07,0.001205165,0.003165579,0.006567741,0.004227827,0.001575831,0.00237133,0.004394827,0.001336749,0.002463996,0.00248083,0.000256166
104,6.698738,0.04047369,1.084e-06,0.01325198,6.67e-07,0.001048665,0.001915081,0.00446666,0.003919078,0.001595914,0.00234758,0.004648661,0.001482747,0.00258358,0.002977413,0.000234583
105,6.739212,0.05228809,1.25e-06,0.01465215,8.33e-07,0.001287582,0.003122079,0.007123323,0.005391992,0.001670415,0.002610913,0.006435574,0.001742748,0.003370995,0.00460416,0.000274083
106,6.7915,0.04087719,1.75e-06,0.01484356,7.5e-07,0.001207415,0.001920664,0.004595077,0.004023078,0.001425998,0.00236783,0.003968244,0.001416498,0.00234658,0.00253283,0.000226916
107,6.832377,0.04859543,1e-06,0.01433898,9.17e-07,0.001155665,0.003937994,0.006897574,0.005413409,0.001680081,0.002376663,0.006081908,0.001715415,0.002353163,0.002415997,0.000226666
108,6.880972,0.0440176,1e-06,0.01402173,8.33e-07,0.001098582,0.003100162,0.007123574,0.00421541,0.001440832,0.002371496,0.004097245,0.001384414,0.002521664,0.002416829,0.000223833
109,6.92499,0.03990694,1.25e-06,0.01323348,8.33e-07,0.001379165,0.002037414,0.00448966,0.004107744,0.001460498,0.002351497,0.004115911,0.001480914,0.002438997,0.00257733,0.000232249
110,6.964897,0.03571378,1.5e-06,0.01299365,9.17e-07,0.001059582,0.001440414,0.003623329,0.003088329,0.001350331,0.002349997,0.003364828,0.001326165,0.002443747,0.002442163,0.000228833
111,7.000611,0.03931861,1.333e-06,0.0132424,8.33e-07,0.001313915,0.001916248,0.004492577,0.003897661,0.001505414,0.002421997,0.004003494,0.001396582,0.00236058,0.002536496,0.000229083
112,7.039929,0.03763786,1.833e-06,0.01365832,7.5e-07,0.001146331,0.001319998,0.003913662,0.003363745,0.001702998,0.002372163,0.003563328,0.001539331,0.00240058,0.002431164,0.000223666
113,7.077567,0.03780661,1.416e-06,0.01164257,6.67e-07,0.001055499,0.001917497,0.004574493,0.003870495,0.001706748,0.002350246,0.004008411,0.001683998,0.002339247,0.002429996,0.000225333
114,7.115374,0.03693828,1.833e-06,0.01083399,7.5e-07,0.001074165,0.001926831,0.004726577,0.004028661,0.001440914,0.002366247,0.004116744,0.001413832,0.002345163,0.002436913,0.000225667
115,7.152312,0.03990661,1.5083e-05,0.01396806,7.5e-07,0.001185831,0.001917081,0.004637993,0.003937495,0.001444581,0.002358913,0.004038328,0.001392165,0.002369413,0.002415747,0.000225166
116,7.192219,0.03874353,1.417e-06,0.01282315,8.34e-07,0.001047832,0.00194408,0.00461916,0.003956245,0.001451998,0.00244883,0.003977078,0.001406831,0.002416496,0.002422164,0.000227416
117,7.230962,0.04036511,1.167e-06,0.01437106,9.17e-07,0.001099748,0.001875414,0.004675827,0.004083744,0.001456915,0.002352413,0.004036578,0.001415831,0.002342247,0.00241433,0.000238916
118,7.271327,0.03968853,1.084e-06,0.01393898,9.17e-07,0.001140082,0.00191858,0.004631994,0.003760911,0.001435498,0.00237883,0.004066161,0.001420581,0.002344914,0.002423246,0.00022675
119,7.311016,0.04019753,1.333e-06,0.01336515,6.67e-07,0.001379664,0.001912998,0.004624077,0.003959077,0.001492915,0.002360497,0.004053911,0.001486831,0.002603996,0.002719496,0.000236917
120,7.351213,0.03901428,1.084e-06,0.0129604,7.5e-07,0.001059249,0.001945247,0.004633327,0.003994327,0.001472665,0.002352413,0.004079411,0.001395832,0.00234558,0.002547663,0.000226333
121,7.390228,0.04060653,1.167e-06,0.01346223,1e-06,0.001220832,0.00188008,0.00483991,0.004458411,0.001626581,0.002441913,0.003982578,0.001593664,0.002365163,0.00250708,0.000225917
122,7.430834,0.03704503,1.083e-06,0.0107064,8.33e-07,0.001074832,0.001904747,0.00465641,0.003954995,0.001710831,0.002360247,0.004095327,0.001568748,0.002335913,0.00244783,0.000226833
123,7.467879,0.03766028,1.167e-06,0.0107749,8.34e-07,0.001056332,0.00194158,0.004626494,0.004032911,0.001678331,0.002369163,0.004604327,0.001443748,0.002367247,0.002520246,0.000243
124,7.505539,0.05411876,1e-06,0.01344306,1e-06,0.001071332,0.003150329,0.008380988,0.005678492,0.001853748,0.003496578,0.006473324,0.002016664,0.003606078,0.004713577,0.000232583
125,7.559658,0.05281818,1.333e-06,0.01729523,8.33e-07,0.001230915,0.008460405,0.00965857,0.003293162,0.001294331,0.00236233,0.00285808,0.001235748,0.00236308,0.00253458,0.000229583
126,7.612476,0.03412979,1.333e-06,0.01312398,7.5e-07,0.001162748,0.000968582,0.002792413,0.002643246,0.001387999,0.00235758,0.003296578,0.001321332,0.00241833,0.002427496,0.000227417
127,7.646606,0.03686862,1.167e-06,0.01403673,9.17e-07,0.001211248,0.001423748,0.003592245,0.003075079,0.001426915,0.00235583,0.003362912,0.001374164,0.00234733,0.002431914,0.000228416
128,7.683475,0.03959753,1e-06,0.01383481,8.33e-07,0.001186332,0.001945581,0.004533243,0.003959578,0.001452831,0.002352414,0.003914244,0.001417165,0.002336163,0.00242033,0.000243
129,7.723072,0.04024194,1.666e-06,0.0135554,8.33e-07,0.001273165,0.001872831,0.004597243,0.004169995,0.001759664,0.00236108,0.003988994,0.001671831,0.002336247,0.002413497,0.000239499
130,7.763314,0.03735253,1.333e-06,0.01078282,8.34e-07,0.001073665,0.00190233,0.00478491,0.004108828,0.001679498,0.002380246,0.003977578,0.001666831,0.00235508,0.002412747,0.000225833
131,7.800667,0.03937503,2e-06,0.01076257,9.17e-07,0.001059165,0.001925164,0.004661993,0.004136161,0.001655498,0.00237208,0.004288327,0.001597581,0.002780246,0.002897163,0.001236165
132,7.840042,0.04549194,1.083e-06,0.01279582,6.66e-07,0.001302332,0.002992079,0.006610074,0.005457492,0.001662331,0.00236933,0.005557409,0.001629915,0.002352663,0.002533246,0.0002275
133,7.885534,0.04280561,1e-06,0.01381673,1.083e-06,0.001163249,0.003318745,0.007248157,0.002487746,0.001298248,0.002372414,0.003171745,0.001291415,0.002649663,0.003750161,0.00023525
134,7.928339,0.03588937,1.416e-06,0.01360423,1e-06,0.001073332,0.000966582,0.002837996,0.002487746,0.001383165,0.00235258,0.004658744,0.001402664,0.00234983,0.00254258,0.0002275
135,7.964229,0.04007494,1.083e-06,0.0137859,8.33e-07,0.001050915,0.00209558,0.004493994,0.004075744,0.001591332,0.00235608,0.00411291,0.001404248,0.002444747,0.002434663,0.000226917
136,8.004304,0.04886718,1.584e-06,0.01278582,7.5e-07,0.001035915,0.003355996,0.006594157,0.005583159,0.001668831,0.002374747,0.006125074,0.001875748,0.003127662,0.004075494,0.00026225
137,8.053171,0.0599175,1.167e-06,0.01547831,7.5e-07,0.001162998,0.009073238,0.00931007,0.007827156,0.002132163,0.00250208,0.003263912,0.001482082,0.003135578,0.004269244,0.00027875
138,8.113088,0.0357567,1.167e-06,0.01413615,8.33e-07,0.001050249,0.001139665,0.002793996,0.002559413,0.001366581,0.002365497,0.003860828,0.001324248,0.002499497,0.00243058,0.000227999
139,8.148845,0.03686745,1.584e-06,0.01358556,7.5e-07,0.001043832,0.001591081,0.003626162,0.003086412,0.001374248,0.002353163,0.003699495,0.001495331,0.00236408,0.002415914,0.000229833
140,8.185713,0.03925361,1.167e-06,0.01301273,7.5e-07,0.001051331,0.002131997,0.004514994,0.004029828,0.001441081,0.002354163,0.004191161,0.001400832,0.002355496,0.00253908,0.000229
141,8.224966,0.04065744,1.083e-06,0.0132869,9.17e-07,0.001337331,0.001916498,0.004523743,0.004250578,0.001413914,0.002655663,0.004141745,0.001478081,0.002590163,0.002811329,0.0002495
142,8.265624,0.04048261,1.333e-06,0.01405273,8.34e-07,0.001072831,0.002126498,0.00452966,0.003933244,0.001443332,0.00235158,0.00417666,0.001423332,0.002558746,0.002578497,0.000233333
143,8.306106,0.04096902,1.083e-06,0.01415848,8.33e-07,0.001173582,0.002079081,0.00450666,0.003883744,0.001527832,0.002351163,0.004318327,0.001579165,0.002519663,0.002636079,0.000233333
144,8.347075,0.0507646,1e-06,0.0127494,8.33e-07,0.001107165,0.003333496,0.006623574,0.005835908,0.001757414,0.002353414,0.00685249,0.002023831,0.003507161,0.004344578,0.000274333
145,8.39784,0.06098791,1.417e-06,0.01742497,9.17e-07,0.001297831,0.005648076,0.00959607,0.008392405,0.001860497,0.002661413,0.006577574,0.001814747,0.002759497,0.002714662,0.000237833
146,8.458828,0.04408652,1e-06,0.0139114,7.5e-07,0.001115582,0.003661661,0.006534158,0.004324993,0.001436332,0.002376913,0.004165328,0.001488831,0.002360913,0.002414247,0.000294416
147,8.502914,0.04051811,1.167e-06,0.01403815,1.083e-06,0.001033999,0.002115247,0.00456541,0.003986245,0.001435081,0.002370163,0.004160911,0.001395165,0.00250283,0.002666329,0.000246333
148,8.543432,0.05341393,1.25e-06,0.01412431,7.5e-07,0.001089998,0.003343079,0.00676174,0.005963492,0.001768331,0.002877829,0.006870491,0.00202133,0.003605995,0.004692493,0.000292833
149,8.596846,0.05263251,1.084e-06,0.01652473,1e-06,0.001310498,0.008329488,0.009751736,0.003041996,0.001343248,0.002358997,0.003668911,0.001196832,0.002449663,0.002426747,0.000227583
150,8.649479,0.03491403,1.333e-06,0.01362215,9.17e-07,0.001194498,0.001143332,0.002882662,0.002443164,0.001273414,0.002358414,0.003556078,0.001325165,0.00234333,0.002542246,0.000227333
151,8.684393,0.03643887,1.25e-06,0.0131179,7.5e-07,0.001046165,0.001607664,0.003610079,0.003185245,0.001349165,0.002527246,0.003663245,0.001329582,0.002340913,0.00242108,0.000238583
152,8.720832,0.04038061,1.083e-06,0.01436115,6.66e-07,0.001058665,0.002100247,0.004571577,0.003910495,0.001484998,0.002354746,0.004024912,0.001516914,0.002343413,0.002425997,0.00022575
153,8.761212,0.03979578,1.083e-06,0.0136764,6.67e-07,0.001061749,0.00194758,0.004649577,0.003923495,0.001441664,0.00236908,0.004038078,0.001392331,0.00246258,0.002584746,0.00024675
154,8.801008,0.03943486,1.583e-06,0.01301648,9.17e-07,0.001071832,0.001921164,0.00449816,0.003992994,0.001438998,0.00237233,0.004422578,0.001468331,0.00241808,0.002577329,0.000234083
155,8.840443,0.04029978,1.166e-06,0.01450415,8.33e-07,0.001090999,0.001877497,0.00452141,0.003869245,0.001479414,0.002518997,0.004029161,0.001404331,0.00235208,0.002423497,0.000227
156,8.880743,0.04054128,1.667e-06,0.01290081,1.083e-06,0.001060915,0.001950164,0.004532411,0.004367743,0.001516915,0.00244283,0.00428516,0.001463498,0.002413747,0.00258183,0.001022498
157,8.921284,0.05562509,1.083e-06,0.01417856,8.33e-07,0.001174082,0.004058161,0.006615324,0.006235991,0.001774164,0.003530579,0.00668599,0.002093664,0.004325827,0.004642494,0.000308333
158,8.976909,0.04186919,1.417e-06,0.01592548,8.33e-07,0.001108582,0.001898747,0.00451841,0.003923412,0.001594164,0.002353997,0.004118994,0.001423248,0.002344913,0.00242858,0.000228417
159,9.018778,0.05254143,1.083e-06,0.01358106,8.34e-07,0.001151415,0.003715328,0.00686799,0.005693492,0.001757581,0.002925996,0.007156073,0.001893498,0.003772828,0.003731161,0.000293083
160,9.07132,0.04194169,1.25e-06,0.01568031,1e-06,0.001104081,0.001872581,0.005163743,0.003896578,0.001432581,0.00237608,0.003996745,0.001410748,0.002350413,0.002426996,0.000228584
161,9.113261,0.06471424,1e-06,0.01326123,9.17e-07,0.001170081,0.007210324,0.00713799,0.006073324,0.003421996,0.00705924,0.006254574,0.002868663,0.00440041,0.005479243,0.000375249
162,9.177976,0.05263009,1.5e-06,0.01793031,1e-06,0.001631831,0.003120662,0.007291657,0.006061991,0.001682915,0.002362663,0.005911825,0.001627831,0.002346497,0.00241708,0.000242333
163,9.230606,0.04387685,1.083e-06,0.01339365,7.5e-07,0.001181081,0.003997828,0.006570408,0.004304744,0.001441581,0.002367413,0.004208578,0.001403164,0.002362164,0.00241683,0.000227583
164,9.274483,0.03934919,1.166e-06,0.0128259,8.33e-07,0.001050249,0.001951664,0.004511993,0.003991995,0.001464164,0.002356747,0.004495327,0.001392415,0.002450746,0.00262608,0.000229916
165,9.313832,0.05461617,1.167e-06,0.01344706,1e-06,0.001170498,0.00506691,0.006644657,0.005378576,0.001681581,0.003205329,0.006390241,0.002043747,0.003958744,0.005283826,0.000342833
166,9.368448,0.04119353,1.5e-06,0.01531323,7.5e-07,0.001103999,0.001876997,0.004714993,0.003907412,0.001452831,0.002357163,0.003962911,0.001427082,0.00240858,0.002438913,0.000227166
167,9.409641,0.04019036,1e-06,0.01417281,9.16e-07,0.001130082,0.001839664,0.004650494,0.004073161,0.001463497,0.002351164,0.004085327,0.001412998,0.002364247,0.002418747,0.000226249
168,9.449832,0.03995261,1.083e-06,0.01340723,8.34e-07,0.001199414,0.001942414,0.004642827,0.003950328,0.001452081,0.002356914,0.004580493,0.001417748,0.00235708,0.002415414,0.000228749
169,9.489784,0.03970044,1.25e-06,0.01379731,5.83e-07,0.001073415,0.001951997,0.004546577,0.003953161,0.001452082,0.002521579,0.003988495,0.001410831,0.002349414,0.002426163,0.000227583
170,9.529485,0.04037986,1e-06,0.01398748,8.33e-07,0.001181748,0.001923914,0.004560577,0.003939411,0.001456832,0.00236183,0.004566577,0.001406581,0.002344997,0.002422746,0.000225333
171,9.569865,0.04018119,1.167e-06,0.01334723,8.34e-07,0.001334415,0.002198496,0.004671327,0.004015078,0.001470415,0.002420246,0.004012328,0.001599914,0.002354247,0.002421913,0.000333583
172,9.610046,0.03909419,1.167e-06,0.0117374,6.66e-07,0.001084666,0.00190583,0.005160076,0.004074495,0.001677747,0.002384247,0.004033494,0.001722748,0.002498413,0.002571413,0.000241833
173,9.64914,0.03888528,1.333e-06,0.0114669,8.34e-07,0.001070415,0.001898497,0.00464766,0.003955828,0.001766081,0.002342247,0.004016494,0.001623914,0.002351164,0.003482745,0.000261166
174,9.688025,0.03922186,1.25e-06,0.01333898,7.5e-07,0.001154749,0.001916247,0.004539244,0.003981661,0.001458748,0.002354496,0.004058245,0.001418748,0.00234033,0.002416496,0.000241917
175,9.727247,0.03973928,1.166e-06,0.01393965,6.67e-07,0.001225748,0.001902914,0.004562411,0.003820828,0.001440331,0.00248108,0.003961411,0.001389331,0.002370164,0.002415746,0.000227833
176,9.766987,0.03871969,1.25e-06,0.0127924,6.67e-07,0.001051999,0.00194158,0.004652327,0.003916911,0.001469831,0.00235783,0.004140995,0.001392831,0.002346997,0.002426246,0.000227833
177,9.805706,0.04042261,1.084e-06,0.01437306,8.33e-07,0.001103082,0.001872414,0.004813493,0.003959245,0.001459748,0.002349163,0.004079661,0.001412165,0.002344496,0.002417497,0.000236666
178,9.846129,0.03972369,1.166e-06,0.01393831,7.5e-07,0.001129749,0.001848997,0.00456816,0.003919245,0.001434581,0.00248308,0.003939244,0.001384915,0.00243308,0.00241633,0.000226083
179,9.885853,0.03998869,1.167e-06,0.01335273,1.333e-06,0.001278165,0.001921748,0.004789493,0.003952078,0.001459914,0.002350414,0.004054244,0.001467581,0.00248033,0.002646663,0.000232833
180,9.925841,0.03895103,1.333e-06,0.01304248,7.5e-07,0.001051915,0.001948664,0.004636744,0.003926327,0.001470332,0.00235108,0.004129494,0.001393415,0.002350163,0.002424247,0.000224083
181,9.964792,0.03996436,1.334e-06,0.01333831,8.34e-07,0.001388414,0.001927664,0.004579827,0.003953661,0.001772248,0.002361997,0.003985077,0.001618331,0.002357664,0.002424913,0.000254083
182,10.00476,0.03722337,1.167e-06,0.0107334,1e-06,0.001098165,0.00191483,0.004671911,0.00411716,0.001682165,0.002369246,0.003996078,0.001639248,0.002359913,0.00241208,0.000227
183,10.04198,0.04512194,1.834e-06,0.01072807,9.17e-07,0.001162415,0.00439891,0.007016407,0.005435076,0.001659081,0.002431163,0.005571826,0.001610331,0.002464246,0.002413247,0.000228416
184,10.0871,0.04416494,1.167e-06,0.0133899,7.5e-07,0.001124081,0.001912498,0.00449466,0.003877411,0.001441332,0.002512913,0.00901107,0.001404165,0.002345663,0.00242633,0.000223
185,10.13127,0.04860818,1.167e-06,0.01404831,7.5e-07,0.001153081,0.004084495,0.006861907,0.005531409,0.001675497,0.002352747,0.006289824,0.001606665,0.002361413,0.00241308,0.000227833
186,10.17988,0.03850961,1.166e-06,0.01276348,8.33e-07,0.001040582,0.001965247,0.004510994,0.003921244,0.001431331,0.002372747,0.004023078,0.001400081,0.00243583,0.002415247,0.000227749
187,10.21838,0.03957761,1.084e-06,0.01389923,7.5e-07,0.001070332,0.001949747,0.004497244,0.003988661,0.001422831,0.002370997,0.003962411,0.001396832,0.00237033,0.002418663,0.0002285
188,10.25796,0.04011994,1e-06,0.01404756,6.67e-07,0.001193165,0.00192358,0.004522661,0.003914578,0.001451164,0.00235533,0.004009078,0.001429915,0.002343163,0.002701329,0.00022675
189,10.29808,0.04000153,1.417e-06,0.01335148,7.5e-07,0.001305165,0.001925164,0.00446241,0.003872828,0.001423665,0.002534913,0.004302994,0.001465998,0.002473079,0.00264758,0.000234083
190,10.33808,0.03964628,1.25e-06,0.01312557,9.17e-07,0.001052415,0.00212183,0.004513577,0.003933078,0.001460665,0.00235483,0.004293327,0.001495915,0.002491079,0.00256733,0.0002345
191,10.37773,0.04009986,1.417e-06,0.01352256,7.5e-07,0.001080915,0.002097581,0.00450791,0.003951578,0.001439998,0.00236733,0.00420166,0.001394582,0.002551163,0.002748496,0.000233916
192,10.41783,0.04212052,1.084e-06,0.01530914,6.67e-07,0.001114915,0.002100747,0.004709326,0.003933412,0.001417664,0.002370247,0.004157161,0.001455998,0.002668913,0.002646996,0.00023425
193,10.45995,0.04104903,1.084e-06,0.01406406,9.17e-07,0.001179998,0.002100081,0.00457566,0.003933661,0.001588831,0.00234833,0.004108494,0.001577165,0.002612579,0.002723913,0.00023425
194,10.501,0.04863493,1.333e-06,0.01278823,7.5e-07,0.001168748,0.003351746,0.00670724,0.005553826,0.001673914,0.00235133,0.006333324,0.001857081,0.003135746,0.003447828,0.000263833
195,10.54963,0.04151736,1.333e-06,0.01514956,6.67e-07,0.001100832,0.002091913,0.004593077,0.004013328,0.001584081,0.002363663,0.004200994,0.001408832,0.002365996,0.002415747,0.000227333
196,10.59115,0.04879177,1.25e-06,0.01280231,7.5e-07,0.001178999,0.003338412,0.006621157,0.005444492,0.001687248,0.002355413,0.006592241,0.001872831,0.003249828,0.003384829,0.000262
197,10.63994,0.06611074,1.166e-06,0.01638998,8.34e-07,0.001261248,0.00918157,0.009946403,0.008369238,0.002150581,0.002347413,0.00721249,0.001766581,0.003138912,0.003978328,0.000365999
198,10.70605,0.04760652,1.25e-06,0.01514906,8.33e-07,0.001138748,0.003652079,0.00657424,0.005396909,0.001669498,0.00251008,0.005129409,0.001383748,0.002358497,0.00241558,0.000226583
199,10.75366,0.04041994,1.083e-06,0.0134784,9.16e-07,0.001445748,0.001904331,0.004632327,0.003931744,0.001443332,0.002370663,0.00482041,0.001387165,0.002343913,0.00243233,0.000227583
200,10.79408,0.0458031,1e-06,0.01282631,5.83e-07,0.001040082,0.003338996,0.00666574,0.005384243,0.001668747,0.002363497,0.005844742,0.001668247,0.00234533,0.002428164,0.000227416
201,10.83988,0.04499094,1.083e-06,0.01427815,6.66e-07,0.001291332,0.003160745,0.006841157,0.004498828,0.001403331,0.00245533,0.004433244,0.001527164,0.002356163,0.00251733,0.000226417
202,10.88487,0.03933744,1.334e-06,0.0128034,7.5e-07,0.001031666,0.00211858,0.004557993,0.004021245,0.001438664,0.00236833,0.004198328,0.001384998,0.002501996,0.002679247,0.000230916
203,10.92421,0.04034619,1.25e-06,0.01397698,9.17e-07,0.001135415,0.002273497,0.004531577,0.003924661,0.001434331,0.002370747,0.004125911,0.001406581,0.00246983,0.002468747,0.000225749
204,10.96456,0.03942545,1.333e-06,0.01275165,8.34e-07,0.001029998,0.002311664,0.004566826,0.003982828,0.001433998,0.002370913,0.004184078,0.001400081,0.002584913,0.00256233,0.000244
205,11.00398,0.04069103,1.084e-06,0.01412373,7.5e-07,0.001099082,0.002069663,0.004529827,0.003920745,0.001450748,0.002350996,0.004178245,0.001480247,0.002500247,0.002751913,0.000233749
206,11.04467,0.04051094,1.333e-06,0.01360306,8.34e-07,0.001082082,0.00209108,0.00452666,0.003933995,0.001522164,0.002351414,0.004195827,0.001470998,0.00275783,0.002734329,0.000239333
207,11.08519,0.04193819,1.084e-06,0.01468381,8.34e-07,0.001051582,0.002086163,0.00514291,0.003898911,0.001454081,0.00234558,0.004243744,0.001447998,0.002622663,0.002718496,0.000240333
208,11.12712,0.04158552,1.167e-06,0.01413465,6.67e-07,0.001116665,0.001872747,0.00456341,0.003926245,0.001436998,0.002412496,0.004454077,0.001552582,0.002526913,0.002634663,0.000952248
209,11.16871,0.04849818,1.167e-06,0.01295815,1e-06,0.001054332,0.003158246,0.006740407,0.005506075,0.001675081,0.00235308,0.006269825,0.001960081,0.003262495,0.003296995,0.00026125
210,11.21721,0.04237802,1.167e-06,0.01609373,9.17e-07,0.001103165,0.001889414,0.00455891,0.003973328,0.001461915,0.002352246,0.004465994,0.001473998,0.002362163,0.002413914,0.000227166
211,11.25959,0.04103953,1.083e-06,0.0136894,1.083e-06,0.001115582,0.00192133,0.004861744,0.003923327,0.001450832,0.002449913,0.004485327,0.001473915,0.002617496,0.002809246,0.00023925
212,11.30063,0.03973036,1.167e-06,0.01304032,6.66e-07,0.001062832,0.001947497,0.004515661,0.003992077,0.001449248,0.002364914,0.004588243,0.001356832,0.002598079,0.002568247,0.000244583
213,11.34036,0.04031711,1.417e-06,0.0141904,7.5e-07,0.001127665,0.001914664,0.004474244,0.003944994,0.001600915,0.002357496,0.003999745,0.001374748,0.002526413,0.00257183,0.000231833
214,11.38067,0.04131819,1.25e-06,0.01421248,6.66e-07,0.001119082,0.001925414,0.004484411,0.003936077,0.001669081,0.002366164,0.00457591,0.001469081,0.002604247,0.002721996,0.000232333
215,11.42199,0.04908326,1.333e-06,0.01326232,7.5e-07,0.001199331,0.003164913,0.006856157,0.005489159,0.001686914,0.00235333,0.005851492,0.001926997,0.003556078,0.003457745,0.00027675
216,11.47107,0.04106628,1.25e-06,0.01502973,7.5e-07,0.001148165,0.001912164,0.004506994,0.003921494,0.001598331,0.002465163,0.004073995,0.001412914,0.002343664,0.002423996,0.000227667
217,11.51214,0.04078694,1e-06,0.01387956,6.67e-07,0.001061665,0.001947164,0.00450116,0.003915828,0.001592748,0.002376496,0.00463091,0.001473165,0.002525663,0.002646913,0.000234
218,11.55293,0.04053586,1.25e-06,0.01390173,9.17e-07,0.001167248,0.001916497,0.004506661,0.00415591,0.001445665,0.00238133,0.004666243,0.001404415,0.00234008,0.002413997,0.000233916
219,11.59346,0.04955626,1.084e-06,0.01363006,6.66e-07,0.001145999,0.003291828,0.006609241,0.005571076,0.001669747,0.002352414,0.006090241,0.001932747,0.003486912,0.003484162,0.000290083
220,11.64302,0.04078219,1e-06,0.01478581,7.5e-07,0.001061165,0.001959164,0.004898243,0.003895661,0.001421665,0.002374913,0.003971828,0.001413831,0.002347997,0.002423913,0.00022625
221,11.6838,0.03985786,1.25e-06,0.01332823,6.66e-07,0.001340332,0.001916914,0.004495744,0.003899077,0.001551082,0.002366163,0.00454816,0.001414998,0.002340664,0.002417746,0.000236833
222,11.72366,0.04082144,1.167e-06,0.01370515,8.34e-07,0.001778247,0.001837414,0.00479916,0.003975161,0.001708498,0.002369163,0.003990911,0.001635331,0.00235708,0.00243783,0.0002255
223,11.76448,0.03738211,1.25e-06,0.01134007,9.17e-07,0.001071415,0.00190758,0.004537077,0.003909995,0.001671081,0.00234833,0.003934078,0.001643747,0.002352164,0.002437996,0.000226417
224,11.80186,0.03934153,1.917e-06,0.01210215,7.5e-07,0.001057248,0.001925331,0.005883241,0.003940078,0.001439748,0.002563663,0.003960495,0.001408498,0.00235508,0.002475996,0.000227333
225,11.8412,0.04014444,1.083e-06,0.01417698,9.17e-07,0.001111665,0.001920164,0.004488577,0.003877494,0.001447748,0.00259483,0.004033661,0.001416581,0.002351164,0.002496413,0.000227166
226,11.88135,0.03872644,1.25e-06,0.0128784,6.67e-07,0.001051082,0.001951081,0.004509827,0.003953411,0.001464498,0.002502663,0.003998994,0.001403915,0.002358997,0.002425329,0.000226333
227,11.92008,0.04036428,1e-06,0.0144099,8.33e-07,0.001173832,0.001870914,0.004577743,0.003899911,0.001454915,0.002360497,0.004201577,0.001418998,0.00234183,0.002414747,0.000237583
228,11.96044,0.04046528,1.084e-06,0.01399706,7.5e-07,0.001110082,0.001867164,0.00454566,0.004588327,0.001464498,0.00236783,0.004056495,0.001468164,0.00235233,0.002417997,0.000227833
229,12.00091,0.03977486,1.25e-06,0.01330948,1.25e-06,0.001329748,0.001921248,0.00454091,0.003932328,0.001433248,0.002609913,0.003982244,0.001392832,0.002507913,0.002569246,0.00024325
230,12.04068,0.04082578,1.334e-06,0.01409648,7.5e-07,0.001153748,0.001922831,0.004504494,0.003928911,0.001447498,0.002944496,0.003999327,0.001487248,0.002473413,0.002632497,0.000232749
231,12.08151,0.04069519,1.25e-06,0.01365348,8.34e-07,0.001094165,0.001869581,0.00453766,0.003982661,0.001623664,0.002371914,0.004412243,0.001576165,0.00261683,0.002719329,0.000235416
232,12.1222,0.05112684,1.167e-06,0.01438015,7.5e-07,0.001074999,0.003135245,0.006696908,0.005527742,0.001665164,0.00248933,0.005838158,0.002011248,0.003354495,0.00439691,0.000554583
233,12.17333,0.04030886,1.333e-06,0.01466973,1.083e-06,0.001057749,0.001945913,0.004536911,0.003929161,0.001431498,0.002378663,0.003945328,0.001407915,0.002354663,0.00242308,0.000225833
234,12.21364,0.03875545,1.417e-06,0.01289665,7.5e-07,0.001071666,0.001930497,0.004506077,0.003912244,0.001450998,0.00249883,0.004005661,0.001473081,0.00234658,0.00241958,0.000241417
235,12.25239,0.04007011,1.083e-06,0.01420148,7.5e-07,0.001094082,0.001869164,0.004527494,0.003915578,0.001433414,0.002521663,0.003995245,0.001402915,0.002363496,0.00251683,0.000226916
236,12.29246,0.04013644,1.583e-06,0.01358423,7.5e-07,0.001059165,0.001935414,0.00491391,0.003878411,0.001444332,0.002355913,0.004091411,0.001476581,0.00253208,0.002629663,0.000233
237,12.3326,0.04061878,1.167e-06,0.01442606,6.66e-07,0.001089249,0.001865664,0.00452591,0.003933161,0.001528998,0.002365747,0.004030161,0.001493581,0.002449747,0.002676913,0.000231749
238,12.37322,0.03986836,1.083e-06,0.01387948,7.5e-07,0.001133165,0.00191408,0.004528244,0.003946328,0.001433414,0.002358664,0.003971411,0.001407081,0.002514163,0.002547997,0.000232499
239,12.41309,0.04014569,1.584e-06,0.01349965,7.5e-07,0.001175749,0.001919747,0.004506827,0.003970744,0.001604248,0.002432163,0.004095578,0.001557081,0.00250258,0.002643913,0.000235083
240,12.45323,0.03875578,1.5e-06,0.01292232,6.66e-07,0.001045166,0.001957747,0.00449541,0.003912078,0.001599248,0.002360997,0.00405241,0.001405832,0.002350413,0.00241458,0.000237416
241,12.49199,0.03948653,1.25e-06,0.01356473,8.34e-07,0.001085248,0.001872581,0.004523327,0.003892328,0.001612664,0.002355747,0.00416116,0.001417332,0.00235033,0.002422496,0.0002265
242,12.53147,0.0386677,1.167e-06,0.01279481,7.5e-07,0.001189998,0.001945248,0.004549243,0.003917495,0.001449664,0.00237233,0.004032328,0.001406498,0.00235783,0.00242233,0.000228
243,12.57014,0.04030311,1.167e-06,0.01402031,6.67e-07,0.001223332,0.001909997,0.004493494,0.003911661,0.001602248,0.002458746,0.004186328,0.001415081,0.002349663,0.002503163,0.00022725
244,12.61044,0.03870295,1.5e-06,0.01291415,6.66e-07,0.001055749,0.001951664,0.00453066,0.003936328,0.001461248,0.002357997,0.004071994,0.001411831,0.00235208,0.002416664,0.000240416
245,12.64915,0.03985494,1.083e-06,0.01384065,8.34e-07,0.001067165,0.001938581,0.004516993,0.003896161,0.001518832,0.002474163,0.004194161,0.001392164,0.00237283,0.002413914,0.000227416
246,12.689,0.0386252,1.167e-06,0.01293982,8.33e-07,0.001054249,0.001952997,0.004511244,0.003948494,0.001436332,0.002363246,0.003997995,0.001407248,0.00235408,0.002429996,0.0002275
247,12.72763,0.04017903,1.083e-06,0.01437298,9.17e-07,0.001093165,0.001875747,0.004509411,0.003909911,0.001531914,0.002516414,0.003953994,0.001405165,0.002366246,0.002414747,0.000227333
248,12.76781,0.03903161,1.333e-06,0.01308582,8.33e-07,0.001058165,0.001935331,0.004508244,0.003915327,0.001434082,0.00237358,0.004047911,0.001389914,0.00251358,0.00253658,0.000230916
249,12.80684,0.03951111,1.583e-06,0.01328182,9.17e-07,0.001061248,0.001932747,0.004537911,0.003919828,0.001582164,0.002457997,0.004016494,0.001482914,0.00242833,0.002574413,0.00023275
250,12.84635,0.03889003,1.333e-06,0.01310098,6.66e-07,0.001055582,0.001960164,0.004531494,0.003949161,0.001445415,0.00235408,0.004073327,0.001408582,0.002349413,0.002420413,0.000239417
251,12.88524,0.03955353,1.166e-06,0.01354215,6.67e-07,0.001168165,0.001921414,0.004486493,0.003932495,0.001608997,0.002486747,0.003991744,0.001418582,0.002347246,0.002421997,0.000225666
252,12.92479,0.03873353,1e-06,0.01297782,8.33e-07,0.001061749,0.00194308,0.004534577,0.003945245,0.001433998,0.002374663,0.004055494,0.001397665,0.00235383,0.002426663,0.000226917
253,12.96353,0.04001511,1.167e-06,0.01406256,7.5e-07,0.001120832,0.001914081,0.00447766,0.003908911,0.001451332,0.002593829,0.004044911,0.001439832,0.002346913,0.002424747,0.000227583
254,13.00354,0.04017011,1.084e-06,0.01347123,7.5e-07,0.001108748,0.001919414,0.00456766,0.004132995,0.001958247,0.00234908,0.004027911,0.001590248,0.002363246,0.002451664,0.000227833
255,13.04371,0.03991328,1.75e-06,0.01314681,8.33e-07,0.001105832,0.001869997,0.004630827,0.004510744,0.001556914,0.002392247,0.004019161,0.001598665,0.002440163,0.00241433,0.000224999
256,13.08362,0.04257602,1.5e-06,0.01307106,1.167e-06,0.001154081,0.001820248,0.00462741,0.00433441,0.001656165,0.00237158,0.003997327,0.001827831,0.004299994,0.003160746,0.000252499
257,13.1262,0.04777635,1.25e-06,0.01411998,9.16e-07,0.001211498,0.003165496,0.007321823,0.005450742,0.001677165,0.002354663,0.005734992,0.001627331,0.002338497,0.00251633,0.000255666
258,13.17398,0.04100936,1.166e-06,0.01385773,7.5e-07,0.001239915,0.001920747,0.004635744,0.003944077,0.001446915,0.002353997,0.00446091,0.001478248,0.002713246,0.002718413,0.0002375
259,13.21499,0.03994061,1.25e-06,0.01394873,8.34e-07,0.001065498,0.001939664,0.004476494,0.003882078,0.001578414,0.002348497,0.003969828,0.001399081,0.002550496,0.002534914,0.000244833
260,13.25493,0.04002544,1.167e-06,0.01385673,9.17e-07,0.001053749,0.001911914,0.00456841,0.003897828,0.001572497,0.002369747,0.003999995,0.001388581,0.00259058,0.002567079,0.00024625
261,13.29495,0.04041469,1.25e-06,0.0136004,1e-06,0.001145332,0.001926247,0.004582327,0.003936745,0.001598581,0.002365496,0.004046578,0.001556164,0.002696163,0.00272108,0.000237333
262,13.33537,0.03986811,1.417e-06,0.01299173,1e-06,0.001061165,0.001960914,0.004560827,0.00435166,0.001521248,0.002367664,0.004262244,0.001475414,0.002496997,0.002569746,0.000246083
263,13.37524,0.04085161,1.167e-06,0.01425873,9.16e-07,0.001179999,0.001921497,0.004547994,0.003943327,0.001593332,0.002457913,0.004078327,0.001476748,0.00252683,0.00263283,0.000231999
264,13.41609,0.03902945,1.667e-06,0.01291182,7.5e-07,0.001060998,0.001938414,0.004503827,0.004087411,0.001447998,0.00236908,0.004050411,0.001408665,0.00246958,0.002534496,0.000244333
265,13.45512,0.04074428,1.25e-06,0.01427323,7.5e-07,0.001082915,0.001923748,0.004498993,0.004007078,0.001471331,0.002364414,0.00424641,0.001479415,0.00252708,0.002632496,0.000235167
266,13.49586,0.05069026,1.333e-06,0.01285148,8.34e-07,0.001019665,0.003168162,0.006973074,0.005922241,0.001748081,0.002519663,0.006473158,0.001925331,0.003370745,0.004441494,0.000274999
267,13.54655,0.06234216,1.166e-06,0.01607214,7.5e-07,0.001210332,0.007755989,0.00935382,0.008581822,0.001822164,0.002812329,0.003509078,0.001715665,0.004106327,0.005089576,0.000311
268,13.60889,0.04025703,1.5e-06,0.01553023,9.17e-07,0.001367081,0.001163415,0.00296133,0.004150577,0.001614581,0.002399664,0.00423166,0.001550165,0.00239458,0.002563663,0.000327666
269,13.64915,0.04145853,1.333e-06,0.0142119,7.5e-07,0.001453248,0.001976247,0.004607327,0.00416741,0.001783415,0.002456996,0.004378911,0.001418581,0.002359247,0.002416746,0.000226417
270,13.69061,0.0390482,1.083e-06,0.01285357,8.33e-07,0.001066082,0.001938664,0.004588327,0.003938911,0.001416081,0.002377413,0.004392994,0.001370748,0.00245108,0.00241358,0.000238833
271,13.72966,0.04015386,1.417e-06,0.01337873,7.5e-07,0.001474248,0.001915497,0.004499994,0.003932495,0.001593331,0.002374663,0.004486827,0.001418831,0.00240283,0.002434497,0.00023975
272,13.76981,0.04071919,1.083e-06,0.01429073,8.34e-07,0.001098665,0.001875664,0.00451391,0.004027494,0.001599081,0.002356997,0.004547994,0.001408581,0.002347163,0.00242333,0.000227667
273,13.81053,0.04057886,1.084e-06,0.01383048,1e-06,0.001101582,0.001914997,0.004483244,0.003936495,0.001598831,0.00235783,0.00447566,0.001494915,0.002502746,0.002646496,0.0002335
274,13.85111,0.04931335,1.167e-06,0.01289031,9.17e-07,0.001051331,0.003172329,0.006629158,0.006001991,0.001765414,0.002359747,0.006258575,0.00194608,0.003459495,0.003487496,0.000289332
275,13.90042,0.04128127,1.25e-06,0.01559156,1.166e-06,0.001054999,0.001948247,0.00459241,0.003904661,0.001436832,0.002369663,0.003951161,0.001419165,0.002358497,0.002423079,0.000228583
276,13.9417,0.04005569,1.417e-06,0.01338223,5.83e-07,0.001088999,0.001935664,0.00456766,0.004162077,0.001783748,0.002391497,0.00407916,0.001645748,0.00235433,0.00243658,0.000226
277,13.98176,0.03823461,1.333e-06,0.01203815,6.67e-07,0.001073082,0.001904747,0.004595327,0.003898744,0.001719915,0.00234658,0.003963577,0.001639498,0.002380913,0.00243408,0.000238
278,14.01999,0.03745953,1.333e-06,0.01082773,7.5e-07,0.001080249,0.00190108,0.005318576,0.003956328,0.001436748,0.002380747,0.003960994,0.001401081,0.002473414,0.002493913,0.000226583
279,14.05745,0.0474696,1.083e-06,0.01350948,8.34e-07,0.001448664,0.003105079,0.006623408,0.005469492,0.001902164,0.00235483,0.006228991,0.001714665,0.00235433,0.002529413,0.000227166
280,14.10492,0.03860586,1e-06,0.01275365,7.5e-07,0.001050665,0.001942581,0.00456516,0.003938495,0.001438081,0.002351747,0.003990411,0.001408414,0.002514997,0.00242283,0.000227083
281,14.14353,0.03997378,1.25e-06,0.01410115,8.34e-07,0.001140665,0.00191433,0.004528577,0.003948078,0.001454248,0.002350747,0.003992244,0.001437082,0.002339413,0.002538496,0.000226667
282,14.1835,0.0486391,1.25e-06,0.01447281,8.34e-07,0.001082415,0.003140829,0.007405739,0.005700492,0.001761165,0.00236583,0.005992658,0.001718664,0.002343414,0.002425413,0.000227583
283,14.23214,0.0369017,1.084e-06,0.0137354,8.33e-07,0.001415082,0.003164912,0.003203829,0.002435913,0.001287832,0.002524413,0.002810662,0.001274249,0.002353996,0.002464497,0.000229
284,14.26904,0.03452595,1.25e-06,0.01343298,1e-06,0.001160665,0.001080915,0.002810413,0.00251058,0.001293498,0.002374497,0.003546078,0.001308165,0.002362747,0.00241633,0.000226833
285,14.30357,0.0354852,1.083e-06,0.0127429,1e-06,0.001053998,0.001458665,0.003574745,0.003105246,0.001362581,0.002347663,0.003346246,0.001329164,0.002406997,0.00252933,0.000225583
286,14.33905,0.03866653,1.166e-06,0.0124469,7.5e-07,0.001114748,0.001839414,0.00480316,0.003778995,0.001649331,0.002401913,0.003986661,0.001652914,0.002343747,0.002421747,0.000225083
287,14.37772,0.0374192,1.167e-06,0.0109724,8.33e-07,0.001103082,0.001887081,0.004545244,0.004156827,0.001698831,0.002440247,0.003998744,0.001611414,0.002366497,0.002410413,0.000226417
288,14.41514,0.04141102,1.25e-06,0.01389148,9.17e-07,0.001155499,0.001928913,0.00477566,0.003978662,0.001683247,0.00237833,0.003953661,0.001745081,0.003226162,0.002463413,0.00022875
289,14.45655,0.03893961,1.417e-06,0.0128484,1.167e-06,0.001057998,0.001937998,0.004521743,0.003894912,0.00176158,0.002351747,0.004031661,0.001411248,0.00235408,0.002537163,0.0002285
290,14.49549,0.03860736,1.167e-06,0.0129429,8.33e-07,0.001056582,0.001944164,0.00453166,0.003788828,0.001433331,0.002370497,0.003999578,0.001410998,0.002355746,0.002544414,0.000226666
291,14.5341,0.03948819,1e-06,0.01346106,8.33e-07,0.001175332,0.001925497,0.004510827,0.003945411,0.001539748,0.002365747,0.004030411,0.001408831,0.002364913,0.002531747,0.000226833
292,14.57359,0.04627502,1.167e-06,0.01418715,7.5e-07,0.001084415,0.001917331,0.00683874,0.005786325,0.001665331,0.00236608,0.005720159,0.001718664,0.002337247,0.00242333,0.000228333
293,14.61986,0.04109069,1.25e-06,0.01429815,9.17e-07,0.001368081,0.003169829,0.007018323,0.002538163,0.001305582,0.002348163,0.002795413,0.001242082,0.00236058,0.00241683,0.000227333
294,14.66095,0.03462687,1.25e-06,0.01331723,7.5e-07,0.001092915,0.000971665,0.00280583,0.002506163,0.001289665,0.002550663,0.003680328,0.001342331,0.002341414,0.002432413,0.000294249
295,14.69558,0.03729778,1.166e-06,0.01403665,8.34e-07,0.001112998,0.001407082,0.003582828,0.003131829,0.001699914,0.002450747,0.003303912,0.001543748,0.002363746,0.002435663,0.000226667
296,14.73288,0.03707461,1.583e-06,0.01086124,9.17e-07,0.001059415,0.001915997,0.004579327,0.004066078,0.001672581,0.002374246,0.003931828,0.001609664,0.002361997,0.002412663,0.000227083
297,14.76995,0.03933711,1.25e-06,0.01144765,7.5e-07,0.001098832,0.001875998,0.00455541,0.003957578,0.001681247,0.002360497,0.003912411,0.001803164,0.003156079,0.003226496,0.000259749
298,14.80929,0.0491886,1.5e-06,0.01620556,1.083e-06,0.001116582,0.003137162,0.00722774,0.005723909,0.001771914,0.00236533,0.005227576,0.001414832,0.00234458,0.002423996,0.000226833
299,14.85848,0.03938928,1.167e-06,0.0133059,7.5e-07,0.001385748,0.001915831,0.004507743,0.003827745,0.001444998,0.00253958,0.004048994,0.001406498,0.00234658,0.002431913,0.000225833
300,14.89787,0.0461321,1.167e-06,0.01294723,6.66e-07,0.001071165,0.003168579,0.006637241,0.005414992,0.001667665,0.002360163,0.006052242,0.001641664,0.00235483,0.00253908,0.000275416
301,14.944,0.04412635,1.333e-06,0.01457198,8.33e-07,0.001148498,0.003141579,0.006733824,0.004271911,0.001449331,0.002358163,0.004049745,0.001388914,0.00236758,0.00241533,0.000227333
302,14.98812,0.04069269,1.167e-06,0.01438073,8.33e-07,0.001139332,0.001865914,0.004558493,0.003907828,0.001442748,0.002483497,0.003963577,0.001472415,0.002595996,0.00263358,0.000246583
303,15.02882,0.05280518,1.167e-06,0.01465856,1e-06,0.001290665,0.003159495,0.00700224,0.005604909,0.001675581,0.002789663,0.005949492,0.002023247,0.003611745,0.004745326,0.000292083
304,15.08162,0.05722317,1.416e-06,0.01583923,1e-06,0.001170582,0.004742243,0.01030715,0.008481572,0.001784664,0.002360246,0.005849242,0.001607665,0.002426496,0.002410913,0.00024075
305,15.13885,0.04191077,1.25e-06,0.01403481,8.34e-07,0.001167081,0.003882995,0.006672657,0.003090663,0.001297248,0.002353663,0.003104329,0.001210082,0.002441496,0.00242533,0.000228333
306,15.18076,0.03367195,1.166e-06,0.0133644,7.5e-07,0.001067832,0.000973915,0.002847746,0.002562663,0.001287665,0.002348164,0.002909662,0.001303665,0.002360747,0.002416496,0.000227083
307,15.21443,0.03824053,1.166e-06,0.01408948,7.5e-07,0.001127165,0.001410331,0.004286744,0.003161329,0.001590581,0.00252208,0.003348078,0.001585415,0.002445413,0.00244633,0.000225666
308,15.25267,0.03762211,1.417e-06,0.01136757,8.33e-07,0.001094749,0.00190508,0.004571911,0.003993994,0.001695414,0.002355164,0.003972911,0.001657081,0.002355496,0.00242383,0.000226667
309,15.29029,0.04509894,1.5e-06,0.0108774,7.5e-07,0.001167581,0.003882412,0.00709374,0.005431992,0.001950081,0.00248358,0.005550075,0.001657748,0.00235208,0.00242383,0.000226166
310,15.33539,0.04066211,1.166e-06,0.01287182,7.5e-07,0.001053832,0.001947413,0.004507994,0.004226578,0.001459664,0.00235458,0.00457666,0.001468498,0.00252833,0.002634913,0.001029915
311,15.37605,0.04928893,1.25e-06,0.01285298,7.5e-07,0.001043332,0.003145662,0.007040157,0.005391576,0.001675747,0.002418747,0.006318658,0.001977497,0.003134745,0.004026578,0.00026125
312,15.42534,0.04035461,1.25e-06,0.01469031,8.33e-07,0.001056332,0.001947914,0.004496327,0.004004245,0.001451414,0.002350997,0.003955661,0.001387498,0.002371747,0.00241683,0.000223249
313,15.4657,0.03983178,1.084e-06,0.01396498,1e-06,0.001093165,0.001920248,0.004465327,0.003961411,0.001454748,0.002417996,0.004017078,0.001419081,0.002341914,0.002545413,0.000228333
314,15.50553,0.03957786,1.25e-06,0.0128714,8.33e-07,0.001051332,0.001944997,0.004487911,0.003909328,0.001594997,0.00235283,0.004588577,0.001401582,0.002573913,0.002570329,0.000228583
315,15.54511,0.03978461,1.584e-06,0.01392656,9.17e-07,0.001064665,0.001928664,0.004526161,0.004025327,0.001440832,0.00236883,0.003974911,0.001404248,0.00235958,0.002539579,0.00022275
316,15.58489,0.03885945,1.25e-06,0.01280473,6.67e-07,0.001050415,0.001939581,0.004559077,0.00417841,0.001453665,0.00235533,0.003995328,0.001404331,0.00234833,0.002540413,0.000227917
317,15.62375,0.04035294,1.083e-06,0.0143349,7.5e-07,0.001106498,0.001868997,0.004555494,0.003891161,0.001610915,0.00235233,0.004055411,0.001415831,0.002448913,0.002483663,0.000227
318,15.6641,0.03997019,1.084e-06,0.01380348,6.67e-07,0.001096915,0.001869331,0.004652827,0.004001577,0.001574498,0.002374247,0.004079577,0.001389665,0.002366164,0.002532579,0.000227583
319,15.70407,0.04013753,9.17e-07,0.0134409,6.66e-07,0.001182999,0.001922414,0.00450266,0.004086244,0.001602498,0.002355163,0.004083911,0.001473248,0.002497747,0.002756662,0.0002315
320,15.74421,0.04019994,1.083e-06,0.01402931,7.5e-07,0.001192915,0.001920997,0.004569244,0.003858911,0.001450332,0.002426163,0.003956828,0.001390998,0.002501079,0.002675247,0.000226083
321,15.78441,0.03954303,1.25e-06,0.01352031,9.16e-07,0.001171165,0.001918664,0.004516661,0.004100327,0.001440165,0.00236883,0.003979578,0.001405331,0.00237108,0.002521413,0.000227333
322,15.82395,0.04061994,1.083e-06,0.01413681,9.17e-07,0.001100581,0.001874498,0.004566493,0.004134244,0.001439332,0.002371663,0.004001495,0.001477414,0.002635246,0.00263383,0.000246333
323,15.86457,0.04100753,1.166e-06,0.01339948,5.84e-07,0.001403664,0.001921831,0.004715243,0.003801245,0.001448331,0.002370997,0.004201077,0.001542165,0.00254683,0.002638996,0.001015915
324,15.90558,0.04013253,9.17e-07,0.0128119,7.5e-07,0.001038498,0.00213583,0.004526161,0.003990411,0.001454498,0.002351746,0.004752244,0.001582164,0.002605163,0.002646497,0.000235749
325,15.94571,0.04201011,1.084e-06,0.01450665,9.17e-07,0.001045998,0.002096331,0.004629326,0.003959745,0.001445081,0.00247508,0.004717577,0.001455581,0.002721663,0.002717746,0.000237333
326,15.98772,0.04971518,1.25e-06,0.0145049,7.5e-07,0.001082748,0.003349496,0.007385489,0.005722242,0.001816581,0.002352497,0.006331491,0.001711997,0.002361997,0.002412747,0.000680999
327,16.03744,0.04413452,1.083e-06,0.01515573,7.5e-07,0.001049915,0.003169996,0.006169824,0.003877328,0.001435665,0.00237308,0.00433866,0.001416498,0.002498997,0.002413913,0.000233083
328,16.08157,0.04163178,1.083e-06,0.0139669,8.33e-07,0.001047916,0.00209458,0.005239576,0.004021411,0.001424081,0.00236883,0.004270411,0.001493331,0.00262058,0.002841913,0.000240333
329,16.1232,0.04023969,1.25e-06,0.0134244,1.25e-06,0.001390665,0.001917997,0.004522577,0.003965912,0.001580331,0.00236758,0.004100911,0.001387081,0.00263933,0.002705662,0.00023475
330,16.16344,0.03944203,1.25e-06,0.01297031,6.67e-07,0.001040915,0.002116247,0.004580743,0.004026828,0.001591248,0.00236908,0.004114577,0.001414332,0.002440163,0.002543746,0.000231917
331,16.20289,0.03960311,1.583e-06,0.01321498,8.33e-07,0.001053415,0.002090081,0.004498577,0.004011577,0.001454665,0.002350497,0.00421866,0.001475248,0.002434247,0.00257408,0.000224666
332,16.24249,0.03957011,1.166e-06,0.01296465,6.66e-07,0.001044916,0.002118247,0.00455616,0.004012328,0.001456414,0.002515497,0.004213577,0.001409165,0.00248183,0.002566329,0.000229167
333,16.28206,0.04196453,1.084e-06,0.01434506,8.33e-07,0.001039249,0.00208558,0.004506244,0.004012244,0.001467498,0.002349913,0.004284661,0.001479831,0.002585663,0.002706913,0.001099749
334,16.32402,0.04897543,1.25e-06,0.01286473,8.34e-07,0.001041665,0.003351329,0.00687199,0.005493909,0.001669998,0.00235058,0.006163408,0.001925664,0.003478245,0.003484328,0.0002775
335,16.373,0.04186227,1.167e-06,0.01566381,1e-06,0.001049332,0.002130997,0.004512911,0.004024661,0.001439998,0.00237058,0.004191244,0.001396831,0.002441997,0.002414413,0.000223333
336,16.41486,0.03913561,1.333e-06,0.01273082,8.33e-07,0.001032915,0.002120747,0.004495327,0.004066495,0.001436414,0.002369164,0.004175994,0.001397331,0.00250258,0.002568163,0.0002375
337,16.454,0.04094394,1.333e-06,0.01461515,8.33e-07,0.001041499,0.002085664,0.004663493,0.004073494,0.001422915,0.00248183,0.004155994,0.001397165,0.002364163,0.002413247,0.000227166
338,16.49494,0.03930753,1.5e-06,0.01284565,8.33e-07,0.001025249,0.002122664,0.004480743,0.003980745,0.001512914,0.00234483,0.004283161,0.001481415,0.002420829,0.00257508,0.000231917
339,16.53425,0.04096411,1.667e-06,0.01383231,8.33e-07,0.001105165,0.002093164,0.00471866,0.003935078,0.001482581,0.00236833,0.004232827,0.001560081,0.002627163,0.002767413,0.000238833
340,16.57521,0.04192953,1.167e-06,0.01425381,8.34e-07,0.001042165,0.002091664,0.004670576,0.003969995,0.001441081,0.002443913,0.004521411,0.001590914,0.00263008,0.002713246,0.000558666
341,16.61714,0.05440426,9.17e-07,0.01369831,1.083e-06,0.001157415,0.003514995,0.006720908,0.005922241,0.001998164,0.003513412,0.006518324,0.002163997,0.003950245,0.004938993,0.000305249
342,16.67155,0.04378277,1.416e-06,0.01638723,1e-06,0.001337915,0.002317663,0.004646661,0.003896327,0.001615415,0.00238658,0.004546243,0.001652581,0.002342914,0.002423496,0.000227333
343,16.71533,0.05024685,1.667e-06,0.01396448,9.17e-07,0.001174831,0.003382079,0.006820657,0.005742742,0.001669748,0.002507496,0.005800909,0.001947997,0.003489078,0.003469579,0.000274666
344,16.76558,0.04054144,1.417e-06,0.01461873,7.5e-07,0.001323498,0.001930748,0.004511243,0.003946745,0.001455748,0.002348663,0.003987411,0.001397831,0.002375164,0.002415746,0.00022775
345,16.80612,0.05100651,1.084e-06,0.01333781,8.34e-07,0.001195831,0.003159246,0.007141323,0.005705659,0.001662331,0.002537579,0.006174742,0.002290413,0.003749245,0.003758245,0.000292166
346,16.85712,0.04143778,1.334e-06,0.01552973,5.83e-07,0.001086499,0.001924997,0.004648493,0.004007245,0.001453498,0.002350746,0.004023828,0.001411915,0.00234183,0.00241658,0.000240499
347,16.89856,0.05346176,1.25e-06,0.01382531,9.17e-07,0.001182165,0.004301994,0.006576324,0.005631242,0.001688748,0.002824162,0.006710741,0.001898581,0.003749328,0.004779493,0.0002915
348,16.95202,0.04249827,1.083e-06,0.01614781,8.33e-07,0.001131165,0.001916248,0.004494327,0.004003161,0.001444498,0.00258908,0.004301743,0.001466498,0.002340664,0.002417663,0.0002435
349,16.99452,0.04071878,1.166e-06,0.01331598,1e-06,0.001404415,0.001921414,0.00452066,0.003912995,0.001604164,0.00242258,0.004001161,0.001469832,0.002533829,0.002634497,0.000975082
350,17.03524,0.03885411,1.083e-06,0.01300082,5.83e-07,0.001060499,0.00195158,0.004507161,0.004012994,0.001437831,0.00235258,0.003987078,0.001403998,0.002400247,0.002508246,0.000229417
351,17.0741,0.0388527,1.167e-06,0.01286106,1.417e-06,0.001314165,0.001938414,0.004488243,0.003891245,0.001576081,0.00235708,0.004020661,0.001404415,0.002342913,0.002415497,0.000240333
352,17.11295,0.04007169,1.083e-06,0.01442098,6.67e-07,0.001109165,0.001869497,0.004564327,0.003929328,0.001427081,0.00237083,0.003971328,0.001399915,0.00236458,0.002414746,0.000228167
353,17.15302,0.03995386,9.16e-07,0.0137524,7.5e-07,0.001060915,0.001918997,0.00449091,0.003916495,0.001444081,0.002495247,0.004060994,0.001474248,0.002418497,0.002685746,0.000233666
354,17.19297,0.03935578,1.083e-06,0.01341398,7.5e-07,0.001260499,0.00193033,0.004527994,0.003938078,0.001421998,0.002371913,0.003970495,0.001402914,0.00246983,0.00241908,0.000226833
355,17.23233,0.04005944,1.167e-06,0.01365398,7.5e-07,0.001066249,0.001931747,0.00464041,0.003861162,0.001440581,0.00249458,0.004123411,0.001457998,0.002578496,0.002576163,0.00023275
356,17.27239,0.03861503,1.084e-06,0.01289781,7.5e-07,0.001048748,0.001944248,0.004552493,0.003943411,0.001437665,0.00235133,0.003913661,0.001403998,0.00235358,0.002539497,0.000226749
357,17.311,0.04077619,1.084e-06,0.01431473,9.16e-07,0.001086749,0.001877164,0.004626077,0.003903827,0.001436915,0.002491663,0.004527827,0.001398415,0.00244508,0.002437996,0.00022775
358,17.35178,0.03994836,1.25e-06,0.01377381,7.5e-07,0.001183998,0.001921664,0.004525744,0.003925911,0.001504914,0.002350247,0.003962578,0.001391415,0.002593829,0.002577997,0.000234249
359,17.39173,0.03988378,1.333e-06,0.01352873,8.34e-07,0.001155248,0.001916664,0.004886076,0.003932578,0.001577665,0.002355413,0.004012994,0.001385832,0.002356996,0.002511914,0.000261499
360,17.43161,0.03952186,9.17e-07,0.01371615,8.34e-07,0.001161498,0.001918164,0.00451841,0.003875495,0.001443165,0.00235608,0.003998827,0.001410832,0.002350163,0.002543163,0.000228167
361,17.47113,0.03945328,1.5e-06,0.01323706,7.5e-07,0.001399832,0.00192183,0.004539661,0.003890244,0.001520665,0.002441329,0.003987328,0.001399332,0.002476746,0.002409663,0.000227333
362,17.51059,0.03873153,1.167e-06,0.01286298,6.66e-07,0.001055332,0.001943831,0.00456366,0.003980994,0.001431748,0.00237158,0.003948828,0.001395331,0.002361664,0.002585413,0.000228333
363,17.54932,0.04832427,1.084e-06,0.01379915,1e-06,0.001164165,0.003495078,0.006657241,0.006369408,0.001755997,0.002483747,0.005767158,0.001831664,0.002356164,0.00241558,0.000226833
364,17.59764,0.03867278,1.5e-06,0.01272215,7.5e-07,0.001186415,0.00193133,0.00471041,0.003924912,0.001427998,0.00237033,0.004000577,0.001396332,0.002348996,0.00242433,0.00022675
365,17.63632,0.03965728,1.333e-06,0.01370873,9.17e-07,0.001060831,0.001937248,0.004628993,0.003979995,0.001466748,0.00234683,0.004005494,0.001401998,0.00234483,0.00254633,0.000227
366,17.67597,0.03972878,1.084e-06,0.01346473,7.5e-07,0.001099415,0.001881581,0.004864909,0.004044245,0.001431581,0.002412497,0.003974661,0.001391748,0.002344497,0.002590496,0.000226583
367,17.7157,0.04076311,1e-06,0.01419623,7.5e-07,0.001099165,0.001877747,0.004895827,0.003958911,0.001439414,0.002370164,0.003952744,0.001463581,0.002619913,0.00263933,0.000248333
368,17.75647,0.04202311,1.083e-06,0.01412748,9.17e-07,0.001109915,0.001882581,0.005387576,0.003885744,0.001432332,0.002372413,0.003941994,0.001485832,0.002601579,0.002706246,0.001087416
369,17.79849,0.04968235,1.167e-06,0.0128204,8.34e-07,0.001070582,0.003162579,0.006578074,0.005941741,0.001993414,0.002458913,0.006343991,0.002016664,0.003560245,0.003458079,0.000275666
370,17.84817,0.04151527,1.417e-06,0.01581131,8.33e-07,0.001062748,0.001951914,0.004582327,0.003936328,0.001436581,0.002371164,0.003953411,0.001403998,0.00235333,0.002421413,0.0002285
371,17.88969,0.03976344,1.083e-06,0.01339015,8.33e-07,0.001328582,0.00189808,0.004949327,0.003897828,0.001456998,0.00235008,0.004059244,0.001432748,0.002340163,0.002416997,0.000241333
372,17.92945,0.04772143,1e-06,0.01429098,6.67e-07,0.001080915,0.003448745,0.006653074,0.00540466,0.001665414,0.002373497,0.006060824,0.001619998,0.002365997,0.00252758,0.000228083
373,17.97717,0.03983011,1.166e-06,0.01397365,7.5e-07,0.001092415,0.001874497,0.00453216,0.003937661,0.001597748,0.002349747,0.003957411,0.001382998,0.002476747,0.00241508,0.000238083
374,18.017,0.03929444,1.083e-06,0.0132159,8.34e-07,0.001173581,0.001919331,0.004503744,0.003881827,0.001592748,0.00234858,0.004058745,0.001462331,0.00236858,0.002507913,0.00025925
375,18.0563,0.04007828,1.25e-06,0.0137234,9.17e-07,0.001072498,0.001935414,0.004494744,0.004022244,0.001591832,0.002363496,0.004101661,0.001397332,0.002479913,0.002662829,0.00023075
376,18.09637,0.04007236,1.166e-06,0.01355806,6.66e-07,0.001082832,0.001875997,0.004542577,0.003961828,0.001584831,0.002351497,0.004095577,0.001484498,0.00250233,0.002798913,0.000231583
377,18.13645,0.04081236,1e-06,0.01452473,7.5e-07,0.001096415,0.001871248,0.004522827,0.004107244,0.001461415,0.00235108,0.003985744,0.001465748,0.002518413,0.00267683,0.000228916
378,18.17726,0.04007186,1.167e-06,0.01380748,8.34e-07,0.001152998,0.001915247,0.004512661,0.004114161,0.001443331,0.002349247,0.003980911,0.001559664,0.00242708,0.002574413,0.000232666
379,18.21733,0.03945853,1.416e-06,0.01344657,9.16e-07,0.001192749,0.00191358,0.004512494,0.004036078,0.001453081,0.002423247,0.003954661,0.001415998,0.002358413,0.00252858,0.00022075
380,18.25679,0.04050178,1.167e-06,0.0136354,1e-06,0.001258165,0.001917581,0.004603493,0.004043828,0.001449415,0.002370246,0.004415661,0.001395748,0.002604663,0.00257258,0.000232833
381,18.29729,0.03905495,1.417e-06,0.01305373,8.34e-07,0.001060165,0.001939914,0.00464091,0.003797745,0.001453747,0.002354747,0.004222161,0.001407915,0.00236183,0.002532496,0.000227333
382,18.33635,0.0387812,1.167e-06,0.01278665,6.66e-07,0.001048332,0.001951081,0.004584243,0.004133328,0.001436248,0.002367997,0.003966661,0.001395748,0.00234933,0.002533079,0.000226667
383,18.37513,0.04007961,1.167e-06,0.01386356,6.67e-07,0.001211581,0.001921581,0.004518077,0.004214661,0.001441498,0.00235508,0.003974827,0.001415498,0.002346664,0.002588163,0.000226583
384,18.41521,0.03973653,1.167e-06,0.01331956,7.5e-07,0.001125582,0.001923331,0.004494327,0.004143244,0.001455998,0.002352747,0.003982994,0.001572331,0.00245033,0.00267983,0.000234333
385,18.45494,0.04103086,1.25e-06,0.01448165,8.33e-07,0.001137332,0.001879414,0.004591327,0.004143744,0.001632581,0.00238533,0.003983161,0.001603165,0.002552913,0.002412913,0.00022525
386,18.49597,0.03776145,1.417e-06,0.01094782,8.33e-07,0.001077499,0.00225208,0.00458091,0.004225578,0.001662914,0.002399413,0.003968745,0.001652664,0.002353997,0.00241408,0.000223499
387,18.53373,0.04058753,1.167e-06,0.01304331,7.5e-07,0.001147248,0.001877831,0.004947827,0.004192744,0.001628747,0.003349496,0.003984827,0.001409915,0.00236508,0.00241258,0.000226
388,18.57432,0.03971561,1e-06,0.01375565,7.5e-07,0.001228082,0.001923747,0.004528827,0.003980994,0.001459665,0.002354747,0.004055911,0.001419498,0.00234283,0.002425163,0.000238749
389,18.61404,0.03946136,1.083e-06,0.0136794,8.33e-07,0.001101832,0.001882664,0.00460616,0.003929245,0.001443914,0.002376997,0.004028411,0.001417081,0.00234683,0.002421164,0.000225749
390,18.6535,0.03963836,1.167e-06,0.01285581,6.67e-07,0.001047748,0.001955997,0.004556077,0.003945328,0.001436332,0.00237083,0.004624326,0.001474665,0.00243583,0.002702163,0.000231416
391,18.69314,0.04490044,1.084e-06,0.01138482,9.17e-07,0.001047331,0.003108996,0.006606907,0.005760242,0.001734831,0.002429997,0.006128575,0.001712747,0.00234258,0.002413497,0.000227916
392,18.73804,0.04697393,1.5e-06,0.0143174,9.17e-07,0.001173248,0.005555576,0.006604657,0.006275075,0.001366331,0.002380997,0.002854413,0.001269498,0.00248908,0.002457579,0.000227667
393,18.78501,0.03392429,1.083e-06,0.0135284,7.5e-07,0.001137832,0.000984415,0.002846413,0.002565246,0.001295915,0.00237208,0.002825246,0.001256998,0.00233908,0.002544497,0.000226333
394,18.81894,0.03854111,1.167e-06,0.01453473,9.17e-07,0.001199748,0.001408332,0.003870328,0.003506995,0.001577247,0.002584163,0.003261413,0.001590164,0.002344247,0.002437163,0.0002245
395,18.85748,0.03940986,1.416e-06,0.01296273,9.17e-07,0.001128081,0.001875581,0.00462466,0.004057161,0.001738165,0.00236658,0.003983744,0.001650331,0.002353413,0.00242858,0.0002385
396,18.89689,0.03983903,1.167e-06,0.01286332,8.33e-07,0.001091415,0.001874581,0.00455991,0.005182993,0.001456498,0.002361913,0.003993578,0.001456165,0.002361496,0.00241458,0.000220583
397,18.93673,0.03863078,1.333e-06,0.01286465,8.33e-07,0.001053748,0.001952248,0.00450541,0.004023411,0.001459748,0.002356163,0.004004661,0.001411332,0.00234883,0.002424246,0.000224167
398,18.97536,0.04030328,1.083e-06,0.0143944,8.33e-07,0.001113415,0.001877164,0.004522744,0.003921744,0.001597082,0.002352496,0.004116161,0.001419748,0.00233733,0.002410997,0.000238083
399,19.01566,0.04020053,1e-06,0.01385573,1e-06,0.001170248,0.001914081,0.004499577,0.003944411,0.001589081,0.002364414,0.00428016,0.001418498,0.002379497,0.002540663,0.000242166
400,19.05586,0.04055486,1e-06,0.01364448,6.66e-07,0.001043916,0.00208758,0.004536744,0.004055911,0.001437581,0.002370747,0.004207827,0.001475498,0.002616996,0.00284083,0.000235083
401,19.09642,0.03971378,1.333e-06,0.0128969,6.67e-07,0.001048248,0.002124331,0.00451941,0.004157994,0.001438248,0.00243408,0.004199744,0.001388748,0.002593246,0.002678663,0.000232167
402,19.13613,0.04150844,1.25e-06,0.01337048,6.67e-07,0.001165748,0.00209333,0.004590161,0.004347993,0.001423582,0.002456246,0.004187411,0.001565081,0.002594497,0.002709662,0.001002332
403,19.17764,0.04984851,1.25e-06,0.01282007,7.5e-07,0.001061665,0.003329828,0.006931657,0.005418159,0.001720415,0.002354663,0.006906157,0.002024081,0.003380161,0.003604995,0.000294667
404,19.22749,0.04195519,1.166e-06,0.01576898,9.17e-07,0.001072665,0.00209233,0.004501911,0.003811244,0.001438415,0.002584496,0.004184828,0.001383581,0.00236258,0.00251158,0.0002405
405,19.26944,0.04187869,1.416e-06,0.01334098,8.33e-07,0.001225165,0.002081247,0.004567494,0.003986244,0.001440581,0.002371164,0.004871909,0.001625165,0.002635079,0.002715747,0.001015665
406,19.31132,0.04861485,1.416e-06,0.01338656,9.17e-07,0.001168415,0.003216745,0.006660074,0.005497576,0.001675414,0.002353497,0.006010741,0.001863914,0.003138579,0.003377912,0.000263083
407,19.35994,0.04119627,1.416e-06,0.01498748,6.67e-07,0.001019082,0.002122663,0.004622077,0.003922078,0.001440331,0.002371664,0.004293994,0.001417331,0.002340997,0.00241433,0.000242166
408,19.40113,0.04126577,1.083e-06,0.01441073,9.16e-07,0.001047416,0.00208608,0.004526577,0.004046244,0.001439582,0.002453663,0.00484316,0.001412248,0.002339663,0.002416913,0.0002415
409,19.4424,0.04020778,1.083e-06,0.01402831,1e-06,0.001034332,0.002071497,0.00462916,0.003932161,0.001455581,0.002355247,0.004291577,0.001409415,0.002347413,0.00241258,0.000238417
410,19.48261,0.04095477,1.166e-06,0.01343815,1.417e-06,0.001405831,0.001888997,0.004521244,0.003955494,0.001445248,0.002366914,0.00484516,0.001477831,0.002652663,0.002704829,0.000249833
411,19.52356,0.04968168,1.167e-06,0.01382915,9.17e-07,0.001469164,0.003209079,0.006708324,0.005419826,0.001669997,0.002370997,0.006346074,0.001862331,0.003147579,0.003370495,0.000276583
412,19.57324,0.04518127,1.334e-06,0.01602406,6.66e-07,0.001062415,0.003329162,0.005808742,0.003985995,0.001486331,0.002480413,0.004319244,0.001433581,0.002480164,0.002539079,0.000230083
413,19.61842,0.03901769,1.166e-06,0.01289315,8.33e-07,0.001127499,0.001956414,0.004518993,0.003920245,0.001454331,0.002355663,0.004304161,0.001415331,0.002351247,0.002494497,0.000224166
414,19.65744,0.04743643,1.083e-06,0.0136919,1.166e-06,0.001202415,0.003948995,0.006597407,0.005375659,0.001727165,0.002379246,0.005773992,0.001624415,0.002472829,0.002414664,0.000225499
415,19.70488,0.04604577,1.25e-06,0.0132984,8.33e-07,0.001002499,0.003357411,0.006856574,0.005461326,0.001677247,0.002519497,0.005481576,0.001396748,0.00234458,0.002423413,0.000224416
416,19.75092,0.04138069,1.25e-06,0.01472415,7.5e-07,0.001145498,0.002103997,0.004533411,0.004396577,0.001514081,0.00236783,0.004187661,0.001394081,0.00236683,0.00241783,0.00022675
417,19.7923,0.04810418,1e-06,0.01381031,1.084e-06,0.001200165,0.003181328,0.00725324,0.005874075,0.001769664,0.002480914,0.006134491,0.001392415,0.00236258,0.002415163,0.00022775
418,19.84041,0.04043628,1.25e-06,0.01426323,7.5e-07,0.001182582,0.00208633,0.004536911,0.003927244,0.001443665,0.002372413,0.004158661,0.001388581,0.002368997,0.00247908,0.000226583
419,19.88084,0.04069419,1.25e-06,0.01388665,8.33e-07,0.001167915,0.00209433,0.004567827,0.003949745,0.001444748,0.002367663,0.004692743,0.001410498,0.002342831,0.002541163,0.000225999
420,19.92154,0.03974219,1.167e-06,0.01287573,7.5e-07,0.001303331,0.002277164,0.004554077,0.003941911,0.001436998,0.00237158,0.004183077,0.001401582,0.002588079,0.00256508,0.000241666
421,19.96128,0.04089411,1.084e-06,0.01412106,6.67e-07,0.001167832,0.00197233,0.005155493,0.003888994,0.001453748,0.00241708,0.004197994,0.001398498,0.002345414,0.00251583,0.000258083
422,20.00217,0.05640784,1.25e-06,0.0134159,8.33e-07,0.001142582,0.00487966,0.006650574,0.006141908,0.001755164,0.003847411,0.007227407,0.002258663,0.004565244,0.004175911,0.000345333
423,20.05858,0.04398527,1.5e-06,0.01646456,9.16e-07,0.001274915,0.00224058,0.00465116,0.003890162,0.00175033,0.002384914,0.00466141,0.001568831,0.00236533,0.002438413,0.00029225
424,20.10257,0.04127902,1.166e-06,0.0142029,6.67e-07,0.001257581,0.002240914,0.00470741,0.003885494,0.001617581,0.002606913,0.004351911,0.001409498,0.002348497,0.002422413,0.000226083
425,20.14385,0.03909745,1.334e-06,0.0128824,7.5e-07,0.001047415,0.002120331,0.004575827,0.003946911,0.001453581,0.002373413,0.004293828,0.001391831,0.00236608,0.002417163,0.000226583
426,20.18294,0.03954278,1.333e-06,0.01280332,8.33e-07,0.001059415,0.002110664,0.004525827,0.004076161,0.001446831,0.00235558,0.004335077,0.001573998,0.002449414,0.002574163,0.000230166
427,20.22249,0.04074911,1.166e-06,0.01280757,8.33e-07,0.001025832,0.002121414,0.00452066,0.003926828,0.001441414,0.002365747,0.00502591,0.001461664,0.002476747,0.002571746,0.001001582
428,20.26324,0.04780185,1.416e-06,0.01275965,7.5e-07,0.001168915,0.003168996,0.00664849,0.005431243,0.001676914,0.00235533,0.005963658,0.001855998,0.003271162,0.003237579,0.000261749
429,20.31104,0.06094225,1.25e-06,0.01639823,1e-06,0.001277915,0.005138909,0.009827737,0.008092238,0.001880498,0.002754829,0.006527991,0.00195208,0.003134913,0.003690495,0.000264166
430,20.37198,0.06080692,1.333e-06,0.01597906,6.67e-07,0.001174748,0.005193576,0.00974657,0.008148572,0.002031997,0.002354913,0.008603905,0.001995414,0.002469996,0.002860663,0.0002455
431,20.43279,0.05001676,1.417e-06,0.0152114,1e-06,0.001145415,0.003569079,0.007080157,0.005810991,0.001768165,0.002350913,0.006251158,0.001829831,0.00235558,0.002414496,0.000227167
432,20.4828,0.04255052,1.166e-06,0.0139139,1.084e-06,0.001222665,0.003450078,0.00499641,0.00433966,0.001428832,0.002531246,0.004155828,0.001402498,0.00244208,0.002438496,0.000226583
433,20.52535,0.03920186,1.083e-06,0.01282332,6.67e-07,0.001186748,0.001924998,0.004557577,0.003926327,0.001445082,0.00237258,0.004230077,0.001393998,0.002566497,0.002541746,0.000231166
434,20.56456,0.05215759,1e-06,0.01395273,6.67e-07,0.002177414,0.003170412,0.006626991,0.005399159,0.00188358,0.00264583,0.006251241,0.001922748,0.003354495,0.00449541,0.000275917
435,20.61671,0.04105819,1.416e-06,0.01466531,7.5e-07,0.001179665,0.002028414,0.00455041,0.004085994,0.001460665,0.00235558,0.004242077,0.001404415,0.002353997,0.002504246,0.00022525
436,20.65777,0.04035644,1e-06,0.01417156,5.83e-07,0.001298415,0.001875581,0.004566827,0.003935827,0.001442248,0.002369497,0.004286327,0.001401332,0.002362163,0.002416997,0.000228083
437,20.69813,0.04885118,1.25e-06,0.01297773,6.66e-07,0.001047332,0.003331579,0.006633824,0.005410742,0.001674998,0.002352413,0.006571158,0.00203358,0.003241579,0.003311412,0.000262916
438,20.74698,0.06337866,1.084e-06,0.01681064,1.166e-06,0.001228249,0.009492986,0.01026615,0.007462657,0.002024663,0.00249233,0.003808328,0.001644748,0.003368912,0.004501327,0.000275416
439,20.81036,0.0349622,1e-06,0.01407223,8.34e-07,0.001076165,0.001198582,0.002848996,0.002543496,0.001304081,0.002352497,0.003057663,0.001348998,0.002351496,0.002579163,0.000227
440,20.84532,0.0367317,1.25e-06,0.01294873,1e-06,0.001047165,0.001758164,0.003731912,0.003274912,0.001368748,0.002349747,0.003768911,0.001303165,0.002353663,0.002596997,0.000227333
441,20.88205,0.04009761,1e-06,0.01253373,7.5e-07,0.001064749,0.002117913,0.004841827,0.003998994,0.001678581,0.00236558,0.004124745,0.001649914,0.002602413,0.002874246,0.000243166
442,20.92215,0.04739827,1.666e-06,0.01169123,1e-06,0.001226248,0.003132996,0.00681399,0.005802325,0.001883581,0.00253583,0.005902658,0.001848498,0.003382911,0.00292983,0.000245499
443,20.96955,0.04063594,1.333e-06,0.01304498,8.33e-07,0.001042665,0.002100164,0.00452141,0.004481411,0.001511831,0.00236558,0.004155411,0.001474248,0.002622246,0.003074829,0.000239
444,21.01018,0.04200661,1.333e-06,0.01432865,7.5e-07,0.001051999,0.002084664,0.004575743,0.004094411,0.001437582,0.002377746,0.00478841,0.001494498,0.002704496,0.002809746,0.000256583
445,21.05219,0.04052536,1.25e-06,0.01320631,7.5e-07,0.001150082,0.002078247,0.004519494,0.004420494,0.001423664,0.002453747,0.004159161,0.001471331,0.00256083,0.002829496,0.000250499
446,21.09272,0.04161053,1.084e-06,0.01456665,8.33e-07,0.001040999,0.002286663,0.004568077,0.003935078,0.001464748,0.002348663,0.004210828,0.001442914,0.002767496,0.002738413,0.000238083
447,21.13433,0.04091244,1.583e-06,0.01352198,8.34e-07,0.001194248,0.001839831,0.005150326,0.003940827,0.001466582,0.002349163,0.004200994,0.001522415,0.002638913,0.002829496,0.000255249
448,21.17524,0.05520076,1.084e-06,0.01401615,9.16e-07,0.001291582,0.004229661,0.006589074,0.006139741,0.001753414,0.003108663,0.006831823,0.002481997,0.003958994,0.004453327,0.000344333
449,21.23044,0.04362877,1.5e-06,0.01610806,1.083e-06,0.001241498,0.00250558,0.00464341,0.003887328,0.001734998,0.00236333,0.00466841,0.001482581,0.00233533,0.002428413,0.00022725
450,21.27407,0.05471001,1.167e-06,0.0135179,6.67e-07,0.001271665,0.003845411,0.00700824,0.005793909,0.001763414,0.003361329,0.00652349,0.002249997,0.003964078,0.005113993,0.000294749
451,21.32878,0.05105801,1.333e-06,0.01702431,1e-06,0.001691498,0.004802993,0.009216404,0.005267493,0.001412581,0.002417663,0.002976079,0.001220499,0.002362913,0.002417247,0.000245999
452,21.37984,0.03487754,1.167e-06,0.01328715,9.17e-07,0.001108498,0.001122499,0.003240495,0.002562746,0.001366499,0.002517413,0.003346245,0.001313831,0.002353497,0.002429997,0.000226583
453,21.41471,0.0358507,1e-06,0.0129989,9.17e-07,0.001055415,0.001441082,0.003765828,0.003096412,0.001363415,0.002349996,0.003446246,0.001317248,0.002362913,0.002423247,0.000228083
454,21.45056,0.04041828,1.084e-06,0.01388381,6.67e-07,0.001296415,0.001935997,0.004538994,0.004085744,0.001646664,0.002367164,0.004013244,0.001619415,0.002361413,0.002430163,0.0002375
455,21.49098,0.03754195,1.167e-06,0.01074365,7.5e-07,0.001071832,0.001906414,0.005159993,0.004020994,0.001679081,0.00236283,0.003940745,0.001663247,0.002339997,0.002424997,0.000226249
456,21.52852,0.03695245,1.5e-06,0.0108309,9.17e-07,0.001056249,0.001949247,0.004940576,0.003989245,0.001414664,0.00237083,0.003994745,0.001397581,0.002356413,0.002424247,0.000225333
457,21.56548,0.03866161,1.333e-06,0.0126489,1e-06,0.001188582,0.001945664,0.004635743,0.003953495,0.001514664,0.00235533,0.004006828,0.001411248,0.002345663,0.002413413,0.00023975
458,21.60414,0.04026869,1e-06,0.0143469,7.5e-07,0.001108082,0.001880997,0.004725743,0.003933745,0.001452248,0.002446246,0.003965662,0.001405331,0.00235908,0.002416163,0.00022675
459,21.64441,0.04003453,1.084e-06,0.01382006,8.33e-07,0.001128582,0.001918914,0.004532743,0.003946912,0.001451997,0.002470247,0.004031078,0.001473164,0.00246333,0.002561663,0.000233917
460,21.68444,0.03871586,1.25e-06,0.01284832,7.5e-07,0.001050082,0.001951164,0.00467291,0.003972078,0.001450081,0.00235458,0.003999411,0.001416165,0.002347413,0.002425164,0.000226499
461,21.72316,0.03952569,1.083e-06,0.01355348,6.66e-07,0.001055332,0.001947164,0.004653327,0.003981494,0.001458998,0.00235258,0.003983245,0.001405831,0.002397497,0.00250808,0.000226916
462,21.76268,0.03933511,1e-06,0.0133979,6.67e-07,0.001066915,0.001916414,0.00476591,0.004006494,0.001440248,0.002367247,0.003971995,0.001404831,0.00234408,0.002424997,0.000226416
463,21.80202,0.04631344,1.416e-06,0.01418448,7.5e-07,0.001212665,0.001921081,0.00708149,0.005423326,0.001671414,0.00236583,0.005750909,0.001625247,0.00240883,0.00243683,0.000229167
464,21.84833,0.04184886,1.25e-06,0.01445015,1.25e-06,0.001346998,0.003157412,0.006966991,0.002706162,0.001296249,0.002351746,0.003318746,0.001256998,0.00233758,0.002415997,0.000241333
465,21.89018,0.0339252,1.25e-06,0.01301215,8.34e-07,0.001069165,0.000989748,0.002824496,0.002432664,0.001288998,0.00234458,0.003636245,0.001330581,0.00234058,0.00242608,0.000227833
466,21.92411,0.0355212,1.167e-06,0.01127223,7.5e-07,0.001696081,0.001372415,0.003847244,0.003427662,0.001595164,0.00235033,0.003311913,0.001573081,0.002431746,0.002415163,0.00022625
467,21.95963,0.03760603,2.25e-06,0.01102898,7.5e-07,0.001108082,0.00188183,0.004583661,0.004355077,0.001642831,0.002347913,0.003991578,0.001636414,0.00235908,0.002442163,0.000225417
468,21.99723,0.0381852,1.167e-06,0.01102773,7.5e-07,0.001102332,0.001877997,0.004586577,0.004176328,0.002353663,0.00242208,0.004109577,0.001385998,0.002370414,0.002526496,0.000244083
469,22.03542,0.04688585,1e-06,0.01388565,1e-06,0.001076915,0.003139995,0.007084241,0.005378659,0.001687081,0.002457663,0.005551659,0.001625247,0.002352414,0.00241583,0.000228499
470,22.0823,0.04038494,1.083e-06,0.01297406,1e-06,0.001055832,0.003180412,0.004803577,0.003909077,0.001582832,0.002350996,0.003954578,0.001404748,0.002526413,0.002412997,0.000227333
471,22.12269,0.04006744,1.084e-06,0.01381265,1e-06,0.001214582,0.001914664,0.004701743,0.003967994,0.001419832,0.002367496,0.003966245,0.001396748,0.00253858,0.002534829,0.00023
472,22.16276,0.05037593,1e-06,0.01345415,8.33e-07,0.001196415,0.003141745,0.006590408,0.005441242,0.001696998,0.002521663,0.006366908,0.001715331,0.003353328,0.004511577,0.000384333
473,22.21313,0.04217994,1.25e-06,0.01600406,8.33e-07,0.001064582,0.002095164,0.004578327,0.003943161,0.001430581,0.00235433,0.004197578,0.001406581,0.00245508,0.002421413,0.000227
474,22.25531,0.05228959,1e-06,0.01389656,1.083e-06,0.001290332,0.003571911,0.006626158,0.005484659,0.001683831,0.002597246,0.00685024,0.002043581,0.003355412,0.00461591,0.000271666
475,22.3076,0.04121144,1.334e-06,0.01498581,9.16e-07,0.001055916,0.002105497,0.004634327,0.003939911,0.001451998,0.002349496,0.004252828,0.001437331,0.002339497,0.002416496,0.000240083
476,22.34881,0.05540501,1.167e-06,0.01374456,1.083e-06,0.001196665,0.005029826,0.006845491,0.005458242,0.001670248,0.003363328,0.006535741,0.001930081,0.004074161,0.005250409,0.000303999
477,22.40422,0.04496427,1.417e-06,0.01594281,1e-06,0.001249498,0.002174831,0.004685493,0.003901494,0.001763415,0.002368163,0.00504891,0.001455748,0.002636996,0.003462995,0.0002715
478,22.44918,0.03958944,1.167e-06,0.01295148,7.5e-07,0.001040582,0.002121664,0.004660243,0.003954328,0.001463415,0.002347747,0.00433941,0.001472748,0.002430747,0.002573579,0.000231583
479,22.48877,0.04018753,1e-06,0.01374298,9.17e-07,0.001200164,0.002092498,0.00460566,0.003992161,0.001441414,0.002433997,0.004273577,0.001403082,0.00235708,0.002414496,0.0002285
480,22.52896,0.04086869,1.834e-06,0.01289157,8.33e-07,0.001049582,0.002305497,0.004742243,0.00501191,0.001456415,0.00235158,0.004242827,0.001409415,0.002592663,0.002579913,0.000232416
481,22.56983,0.03962844,1.333e-06,0.01276657,7.5e-07,0.001109916,0.00195358,0.005139743,0.003920411,0.001431998,0.002366913,0.004172245,0.001405498,0.002489913,0.002624163,0.000245416
482,22.60946,0.04015511,1.25e-06,0.01320015,1.166e-06,0.001064499,0.002142664,0.004546577,0.003938494,0.001448998,0.00235733,0.004699993,0.001339082,0.002607163,0.002573746,0.000234
483,22.64961,0.05119676,1.417e-06,0.01469781,6.67e-07,0.001168748,0.003338579,0.006577741,0.005982491,0.001677998,0.00243233,0.006148325,0.00192308,0.003498579,0.003459245,0.00028975
484,22.70081,0.04274544,1.5e-06,0.01608798,8.34e-07,0.001057665,0.002089747,0.005070243,0.003868994,0.001435082,0.002476913,0.004193327,0.001397748,0.002358247,0.00247883,0.000228333
485,22.74355,0.04805502,1.25e-06,0.01292548,7.5e-07,0.001040665,0.003331579,0.006575491,0.005416492,0.001886664,0.002366497,0.005885408,0.001869664,0.003236579,0.003256412,0.000262083
486,22.79161,0.04221777,1.25e-06,0.01563839,6.66e-07,0.001022082,0.00230833,0.00460991,0.004140995,0.001410331,0.002454913,0.004216078,0.001419914,0.002343664,0.002423746,0.0002275
487,22.83383,0.04074078,1.25e-06,0.01328148,8.33e-07,0.001142665,0.00211983,0.004537244,0.003891828,0.001440664,0.00237258,0.004156745,0.001476081,0.002609246,0.003441412,0.000268916
488,22.87457,0.03957253,1.5e-06,0.01295981,9.17e-07,0.001220415,0.00195158,0.004602327,0.003932828,0.001450498,0.002346997,0.00429941,0.001520165,0.002477913,0.002575913,0.00023225
489,22.91414,0.04073244,1.084e-06,0.01397248,7.5e-07,0.001218165,0.00209083,0.004571327,0.003921245,0.001440498,0.002539163,0.004169411,0.001376831,0.002552913,0.002643163,0.000234583
490,22.95487,0.04145786,1.334e-06,0.0140154,8.33e-07,0.001435081,0.001883998,0.004541577,0.00420216,0.001752415,0.002360413,0.004560577,0.001716748,0.00234058,0.00241133,0.000235416
491,22.99633,0.04708443,1.167e-06,0.01400265,1.083e-06,0.001076415,0.003147163,0.00672199,0.005472576,0.001681664,0.002395913,0.005807826,0.001752747,0.00238158,0.002413913,0.00022775
492,23.04342,0.04338527,1.084e-06,0.0127774,1e-06,0.001130915,0.003169329,0.00498166,0.003949244,0.001880414,0.002662413,0.004539411,0.00186133,0.002642663,0.002708663,0.001079749
493,23.0868,0.04821477,1.417e-06,0.01434848,8.34e-07,0.001346748,0.003179912,0.007277823,0.005408493,0.001684581,0.00234783,0.005915158,0.001625998,0.002425496,0.002410997,0.000241
494,23.13502,0.04524177,1.083e-06,0.01343073,9.17e-07,0.001170415,0.003464412,0.006829657,0.003917161,0.001598581,0.002350747,0.004465077,0.001607248,0.002972079,0.003182079,0.000251583
495,23.18026,0.03998903,1.333e-06,0.01383748,8.33e-07,0.001110332,0.001916831,0.004669743,0.004085994,0.001440498,0.002376164,0.004117577,0.001420582,0.002361413,0.002422747,0.000227499
496,23.22025,0.03860578,1.084e-06,0.0129399,8.34e-07,0.001048081,0.001945081,0.004521744,0.003812328,0.001438914,0.00236833,0.004000411,0.001403998,0.002349664,0.002548663,0.000226749
497,23.25885,0.0385192,1.166e-06,0.01287765,9.17e-07,0.001068998,0.001959331,0.004517827,0.003792494,0.001462498,0.002348414,0.003999577,0.001414498,0.002422997,0.002416413,0.000236417
498,23.29737,0.04879051,1.166e-06,0.01420956,9.16e-07,0.001323499,0.003723411,0.00694299,0.005438576,0.001672248,0.00237408,0.006276074,0.001720331,0.002341497,0.002538913,0.00022725
499,23.34616,0,0,0,0,0,0,0,0,0,0,0,0,0,0,0

Averages:
0.04669232,1.268692e-06,0.01367571,8.33008e-07,0.005308353,0.002423094,0.005231675,0.004383715,0.001597326,0.002455616,0.004507781,0.001524869,0.002587633,0.002728251,0.0002662
