OpenCV version: 2.4
Usage: 7-SobelDerivatives <input-number> [<samples>]
input-number - is the video device number. Defaults to zero. E.g. for /dev/video2 just use '2' as argument.
samples - number of samples before application ends. Defaults to 1000; zero means infinite.
sample_number,elapsed_time,frame,mat_alloc,read_img,gpumat_alloc,gpu_frame_upload,convert_color,gaussian_blur,sobel,gpu_frame_download,convert_scale,sobel2,gpu_frame_download2,convert_scale2,add_weighted,show_img
0,0,2.40532,7.833e-06,0.138258,8.33e-07,2.112492,0.0256698,0.01294657,0.01059632,0.01140207,0.02411072,0.01119049,0.008225072,0.0209653,0.02175197,0.007702739
1,2.40532,0.3718339,1.083e-06,0.1761471,1.166e-06,0.01055232,0.00998557,0.02738846,0.02788588,0.01615014,0.02618021,0.01888039,0.01074098,0.02621796,0.02018022,0.001522414
2,2.777153,0.3546551,1e-06,0.174065,8.34e-07,0.007533323,0.01680114,0.03676703,0.01453081,0.01406231,0.0228768,0.01330023,0.01154223,0.0211948,0.02040081,0.001578747
3,3.131809,0.311529,9.17e-07,0.1408903,1e-06,0.00976057,0.02527297,0.01257432,0.01204807,0.01720639,0.02655413,0.01304957,0.01097815,0.02152672,0.02019039,0.001475498
4,3.443337,0.325323,2.833e-06,0.1554892,8.34e-07,0.009515403,0.02527013,0.01319381,0.01171198,0.01692773,0.02599955,0.01320723,0.01054257,0.0215503,0.01988456,0.00202683
5,3.76866,0.30317,2.083e-06,0.1638025,1.25e-06,0.007217407,0.009917736,0.02345297,0.008995821,0.008887737,0.02078247,0.009390237,0.008558821,0.0207903,0.01986781,0.001502831
6,4.07183,0.329474,1.416e-06,0.1436526,9.17e-07,0.007515656,0.01712173,0.03796236,0.01204498,0.01634548,0.02767471,0.01304848,0.01107165,0.02120172,0.02034872,0.001483665
7,4.401305,0.3459466,1.25e-06,0.1453566,1e-06,0.009884403,0.02518363,0.0335532,0.01250648,0.01934756,0.02903654,0.01319723,0.01121523,0.0213638,0.02375038,0.001549331
8,4.747251,0.3201954,1.583e-06,0.1553871,1e-06,0.008514488,0.01000374,0.03048388,0.01007765,0.01422915,0.02585755,0.01127215,0.01049507,0.02209722,0.02027306,0.001501748
9,5.067447,0.3035031,1.416e-06,0.1435744,9.17e-07,0.00753149,0.009898653,0.02286447,0.01911972,0.01232315,0.02397322,0.01282107,0.008645905,0.02138264,0.01986589,0.001500165
10,5.37095,0.3249012,2.417e-06,0.1565607,1.083e-06,0.009511321,0.02526988,0.0132359,0.0120454,0.01597089,0.02511938,0.01292998,0.01113398,0.0212798,0.02034922,0.001491248
11,5.695851,0.3403972,1.584e-06,0.1479667,9.17e-07,0.009925653,0.02522347,0.03334612,0.01816531,0.01390665,0.02417955,0.01393098,0.01087499,0.02103464,0.02034255,0.001498081
12,6.036248,0.3169838,1.5e-06,0.1466351,1.084e-06,0.00968132,0.02514963,0.01279815,0.01179715,0.01599748,0.02678188,0.01335023,0.01157473,0.02144472,0.02027614,0.001494665
13,6.353232,0.328165,1.25e-06,0.1470315,1e-06,0.007398823,0.01687414,0.03725712,0.01211823,0.01438215,0.0262688,0.0131674,0.01052707,0.02129197,0.02036089,0.001484748
14,6.681397,0.3094727,1.417e-06,0.147115,1e-06,0.00969232,0.02526038,0.0136774,0.01120048,0.01342431,0.02405605,0.01190657,0.01022082,0.02117289,0.02025747,0.001486665
15,6.99087,0.3118255,1.667e-06,0.1464543,7.5e-07,0.009999069,0.02492572,0.01250032,0.01085232,0.01531156,0.02447272,0.01321131,0.01050615,0.02128114,0.02081339,0.001495081
16,7.302695,0.4043435,1.334e-06,0.1477488,9.16e-07,0.00996257,0.02483063,0.0468691,0.03413304,0.01430956,0.02780013,0.02403113,0.0230553,0.02931863,0.02080014,0.001482248
17,7.707039,0.3281441,2.75e-06,0.1627963,7.5e-07,0.009832236,0.02487788,0.0128404,0.01368273,0.01420523,0.0239683,0.01214748,0.01079932,0.02105039,0.02006797,0.001872414
18,8.035183,0.3117142,1.583e-06,0.1481135,9.17e-07,0.009821486,0.02490063,0.01264165,0.01152232,0.01409056,0.0245218,0.01230957,0.01048474,0.02115364,0.02017497,0.001976914
19,8.346897,0.3542081,1.334e-06,0.1476785,8.33e-07,0.007508406,0.01689206,0.056964,0.01932931,0.01439215,0.02310664,0.01447648,0.01067107,0.02122047,0.02048356,0.001483247
20,8.701105,0.3165529,1.75e-06,0.1491621,8.33e-07,0.009568237,0.02517813,0.01285582,0.01164482,0.01562373,0.0256078,0.01315165,0.01071607,0.02117739,0.02036772,0.001496831
21,9.017658,0.3161166,1.333e-06,0.1479534,1e-06,0.009550903,0.0251038,0.01292865,0.01129515,0.01621698,0.02559822,0.01298348,0.01081824,0.02140772,0.0199823,0.002275497
22,9.333775,0.3155116,1.417e-06,0.1483259,1.167e-06,0.009942653,0.02494613,0.01322915,0.01177173,0.01527031,0.02453755,0.01292807,0.0109234,0.02117922,0.02033139,0.002123497
23,9.649286,0.369073,1.25e-06,0.1446666,9.17e-07,0.00979007,0.02519863,0.04733793,0.03493637,0.01426265,0.02595222,0.01248748,0.0115024,0.0211763,0.02015614,0.001604081
24,10.01836,0.310509,1.334e-06,0.1471645,9.16e-07,0.00974032,0.02512338,0.01244415,0.01252207,0.01398581,0.0236573,0.0123019,0.01036332,0.02116822,0.02015039,0.001885331
25,10.32887,0.3109134,1.333e-06,0.1453153,8.33e-07,0.009542153,0.02525913,0.01302973,0.01219773,0.01435456,0.02444947,0.01260832,0.01059732,0.02128114,0.01998356,0.00229283
26,10.63978,0.3401445,1.25e-06,0.1481896,8.33e-07,0.00724824,0.007369656,0.03723453,0.02729055,0.01808147,0.02986821,0.01370223,0.008465988,0.02116814,0.02003172,0.001492081
27,10.97993,0.3181411,1.417e-06,0.1470412,9.17e-07,0.00954682,0.02525155,0.01301823,0.0116469,0.01715606,0.0262938,0.01315332,0.0112209,0.02153455,0.01998089,0.002294497
28,11.29807,0.3257101,1.667e-06,0.1488797,8.33e-07,0.00729974,0.01635839,0.03711478,0.01103882,0.01420481,0.02429905,0.01253898,0.00999932,0.02116797,0.0210813,0.001724747
29,11.62378,0.3397848,1.25e-06,0.147666,9.16e-07,0.007255157,0.007887906,0.03606003,0.02801896,0.0158959,0.03190379,0.01389315,0.008468071,0.02104389,0.02006814,0.001621581
30,11.96356,0.335169,1.334e-06,0.1480895,9.17e-07,0.007461906,0.01692506,0.03710695,0.01673698,0.01755581,0.02584688,0.01232765,0.01021224,0.02119722,0.02020822,0.001498248
31,12.29873,0.3367049,1.583e-06,0.1444162,9.17e-07,0.00745049,0.01709173,0.03768895,0.01274498,0.01962339,0.02894071,0.01343856,0.0114734,0.0219753,0.02035464,0.001503998
32,12.63544,0.2944152,1.333e-06,0.1446422,1.167e-06,0.007698323,0.01656431,0.01301115,0.01254032,0.01329348,0.02417805,0.01126349,0.008791654,0.02072681,0.02021022,0.001492665
33,12.92985,0.31829,1.583e-06,0.1463735,1.084e-06,0.009490237,0.02525497,0.01287232,0.01126215,0.01667081,0.02810463,0.01299698,0.01093007,0.02143955,0.02101481,0.00187733
34,13.24814,0.358203,1.166e-06,0.1440916,1.083e-06,0.00749674,0.01752064,0.05863067,0.02107855,0.01487673,0.02518705,0.01448023,0.01166032,0.0215123,0.02017781,0.001488081
35,13.60634,0.3689025,1.167e-06,0.1442248,1.083e-06,0.008824405,0.02514363,0.04866868,0.03427587,0.01481631,0.02687413,0.01233432,0.01087332,0.02117539,0.02018706,0.001502331
36,13.97525,0.3254485,2.25e-06,0.154299,1e-06,0.007205073,0.007175574,0.0210358,0.01730989,0.01309648,0.02555571,0.02758405,0.009971069,0.02092889,0.01979606,0.001487665
37,14.30069,0.3094457,1.5e-06,0.1475325,9.17e-07,0.00957332,0.02518622,0.01261823,0.01116499,0.01372356,0.02383197,0.01224023,0.01060465,0.02109455,0.02037805,0.001494998
38,14.61014,0.3159265,1.25e-06,0.147361,9.17e-07,0.009669653,0.02514097,0.0128814,0.01124615,0.01597565,0.02583138,0.01307748,0.01107098,0.02114964,0.02023589,0.00228408
39,14.92607,0.3072416,1.416e-06,0.1443339,9.17e-07,0.00963507,0.02510288,0.01264398,0.01125174,0.0146464,0.02442847,0.01224423,0.0100444,0.02109739,0.02031747,0.001493331
40,15.23331,0.3293268,1.667e-06,0.146387,9.17e-07,0.00724474,0.007911156,0.03611878,0.0272518,0.01394181,0.02536297,0.01183848,0.01075999,0.02104597,0.01998147,0.001480081
41,15.56264,0.3541694,2.167e-06,0.154235,9.17e-07,0.00736524,0.007691989,0.03689912,0.02885338,0.02240855,0.02904696,0.01351181,0.01051707,0.02118539,0.02017664,0.002275247
42,15.9168,0.3140883,1.5e-06,0.1476545,9.17e-07,0.009936236,0.02483022,0.01297348,0.01187257,0.01513115,0.02455538,0.01301815,0.0110114,0.02116614,0.02044206,0.001494664
43,16.23089,0.3131562,1.167e-06,0.1454198,7.5e-07,0.009528403,0.0252048,0.01314723,0.01196015,0.01562948,0.02510405,0.01300665,0.01101457,0.02141597,0.0202213,0.001501915
44,16.54405,0.3135311,1.417e-06,0.1465413,9.17e-07,0.009922153,0.02492405,0.01271632,0.01199532,0.0154229,0.02463322,0.01327798,0.01100423,0.0211623,0.02043664,0.001492415
45,16.85758,0.3138028,1.417e-06,0.1465417,8.33e-07,0.00959457,0.02521088,0.01272832,0.01207057,0.01530948,0.02487038,0.01297381,0.01145448,0.02116905,0.0203843,0.001492998
46,17.17138,0.3192708,1.416e-06,0.1473416,8.33e-07,0.00746574,0.01042632,0.0225118,0.01828597,0.01451556,0.02847004,0.01673714,0.01058165,0.0210748,0.01989756,0.001960331
47,17.49065,0.3222874,2.084e-06,0.1558048,8.34e-07,0.009614153,0.02521347,0.01396006,0.01122957,0.01455415,0.02568738,0.01243023,0.01087849,0.02116872,0.02024472,0.001498748
48,17.81294,0.310185,1.416e-06,0.1466286,1e-06,0.007347323,0.01045299,0.02262572,0.01769256,0.01299723,0.02496972,0.01399898,0.01072765,0.02123164,0.02002672,0.001483415
49,18.12313,0.3433512,2.083e-06,0.1542181,9.17e-07,0.007439906,0.01690931,0.03737028,0.02032706,0.01507815,0.02538022,0.0128444,0.01068415,0.02117164,0.02043939,0.001485582
50,18.46648,0.3351542,1.333e-06,0.1444361,9.17e-07,0.007773072,0.02503038,0.03156621,0.0121499,0.01947456,0.02771371,0.01281507,0.01100798,0.02124755,0.02045197,0.001485414
51,18.80163,0.3049069,1.083e-06,0.144355,1.083e-06,0.007437407,0.01775264,0.01382548,0.0114919,0.01606131,0.02584371,0.01311931,0.0114084,0.0212448,0.01994406,0.002420747
52,19.10654,0.334048,1.25e-06,0.1449486,9.16e-07,0.00740199,0.01680614,0.03744562,0.01830147,0.01693914,0.02554046,0.0127144,0.01069232,0.0211698,0.02002781,0.00205808
53,19.44059,0.3133261,1.25e-06,0.1447673,1.167e-06,0.007498156,0.01036124,0.02369363,0.01862322,0.01410406,0.0267893,0.01416206,0.01079473,0.02105189,0.01997939,0.001498664
54,19.75391,0.3132532,1.834e-06,0.1476355,7.5e-07,0.009986652,0.02486138,0.01284632,0.0122274,0.01408515,0.02449922,0.01318498,0.01086023,0.02116305,0.02041689,0.001483748
55,20.06717,0.332964,1.334e-06,0.1462086,8.33e-07,0.007421157,0.01655631,0.03740287,0.01195607,0.01795922,0.02788729,0.01281265,0.01110198,0.0211578,0.02037514,0.002122747
56,20.40013,0.3354499,1.584e-06,0.1462226,8.33e-07,0.007373657,0.01708581,0.03737262,0.01221198,0.01949781,0.02901946,0.01284532,0.01061165,0.0213333,0.02028397,0.001589248
57,20.73558,0.3048932,1.084e-06,0.1439872,1.167e-06,0.007477073,0.01722598,0.01414498,0.01140115,0.01653048,0.02643071,0.01314648,0.0110809,0.02127564,0.02019397,0.001996414
58,21.04047,0.3166831,1.25e-06,0.1451699,8.34e-07,0.007505406,0.0104139,0.0224218,0.01848089,0.01431423,0.02863746,0.01687573,0.01033215,0.02105855,0.01998422,0.001486831
59,21.35716,0.3321095,2.25e-06,0.1554085,1e-06,0.007372573,0.01662948,0.03710062,0.01149115,0.01354857,0.02446338,0.01257623,0.0106914,0.02105114,0.02017147,0.001601748
60,21.68927,0.3602891,1.666e-06,0.1506725,8.33e-07,0.00740249,0.01689306,0.05652717,0.01913939,0.01350348,0.02257022,0.01454006,0.0148769,0.02237597,0.02027614,0.001509165
61,22.04956,0.3379651,1.084e-06,0.144554,9.17e-07,0.009793237,0.02543571,0.03442987,0.01914064,0.01291348,0.02263964,0.01423106,0.01113757,0.02116864,0.02009581,0.002423496
62,22.38752,0.3124223,1.5e-06,0.1456744,9.16e-07,0.00753699,0.0104174,0.0225923,0.01771406,0.01393223,0.02697438,0.01404873,0.01081782,0.02105605,0.01993031,0.001725248
63,22.69994,0.3256992,2.417e-06,0.1538104,1.083e-06,0.00961882,0.02543547,0.01332807,0.01226698,0.01715089,0.02678846,0.01318731,0.01097749,0.02153297,0.02011214,0.001486748
64,23.02564,0.3082152,1.583e-06,0.1453678,8.33e-07,0.009595237,0.02520563,0.01266482,0.01054907,0.01471756,0.02404772,0.01227015,0.01083024,0.02106189,0.02030281,0.001599914
65,23.33386,0.3152177,1.584e-06,0.1508696,9.16e-07,0.01004507,0.02481563,0.01253307,0.01096032,0.01459206,0.0256528,0.01251032,0.0103334,0.02120572,0.02020022,0.001496998
66,23.64907,0.3173116,1.333e-06,0.149035,9.17e-07,0.009720986,0.0250153,0.01322848,0.0115219,0.01517356,0.02548047,0.01347257,0.01108923,0.02117672,0.02010581,0.002289247
67,23.96639,0.3163531,1.167e-06,0.1458448,1e-06,0.00956382,0.0251478,0.01341056,0.01210165,0.01664998,0.02644838,0.01274548,0.01087665,0.0211543,0.02090705,0.001500498
68,24.28274,0.3028179,1.417e-06,0.1468167,1.166e-06,0.007317657,0.009892486,0.02360563,0.009801237,0.0135499,0.02402797,0.0141599,0.01082582,0.02105655,0.02025597,0.001505498
69,24.58556,0.3118351,1.583e-06,0.1466825,1e-06,0.009525903,0.0252598,0.01258573,0.01081348,0.01456781,0.02673221,0.0122324,0.01063174,0.02105714,0.02024414,0.001499665
70,24.89739,0.3402154,1.333e-06,0.1471574,8.34e-07,0.009854986,0.02520705,0.03322704,0.01973389,0.0139224,0.02413947,0.01330498,0.01055224,0.02117772,0.02045581,0.001480248
71,25.23761,0.3564438,1.416e-06,0.1462807,1e-06,0.007548823,0.01729198,0.05655717,0.02348688,0.01356932,0.02287747,0.01454956,0.01112515,0.02129305,0.02037097,0.001490331
72,25.59405,0.3120533,1.333e-06,0.1514433,8.33e-07,0.009880153,0.02503897,0.0128354,0.01092857,0.01307215,0.02332447,0.01223673,0.01039099,0.02115622,0.02024047,0.001503748
73,25.9061,0.3156816,1.167e-06,0.1465908,9.17e-07,0.009626153,0.02516855,0.01284673,0.01132007,0.01631648,0.02571038,0.01344531,0.01106473,0.02118097,0.02012406,0.002285247
74,26.22179,0.31316,1.25e-06,0.1445749,8.34e-07,0.009722236,0.02505055,0.0128074,0.01231348,0.01570606,0.02539072,0.01314723,0.01074765,0.02128572,0.02055072,0.001861248
75,26.53495,0.3402775,1.417e-06,0.1481159,1e-06,0.007364573,0.007919989,0.03621387,0.02791904,0.01501765,0.03226979,0.01380131,0.008419155,0.02176205,0.01996872,0.001503082
76,26.87522,0.3119908,1.417e-06,0.1457515,8.34e-07,0.009895236,0.02485846,0.0127219,0.01220415,0.01396165,0.02492955,0.01329106,0.01127173,0.02118947,0.02042547,0.001488415
77,27.18721,0.3318777,1.333e-06,0.1462036,1e-06,0.007406907,0.01653889,0.0387257,0.01264557,0.01911431,0.02759755,0.01188065,0.008548072,0.02164014,0.01997989,0.001594081
78,27.51909,0.3142656,1.334e-06,0.1474534,1e-06,0.00956607,0.02527388,0.01278523,0.0122019,0.01449073,0.02496205,0.01317065,0.0114294,0.0212508,0.02019272,0.001486415
79,27.83336,0.3206667,1.25e-06,0.1445581,7.5e-07,0.007271657,0.007731906,0.02014905,0.01742181,0.0135259,0.02855563,0.02792446,0.01026565,0.0213243,0.01984097,0.002095247
80,28.15402,0.3073358,1.083e-06,0.1442858,1.166e-06,0.007341823,0.007739823,0.02125914,0.01733339,0.01322615,0.02895146,0.01360665,0.00976107,0.0222713,0.0200593,0.001497665
81,28.46136,0.3361769,1.417e-06,0.146555,8.34e-07,0.007534989,0.01674464,0.03732137,0.0123869,0.01998897,0.02805429,0.01300232,0.01057724,0.02117039,0.01996289,0.002875579
82,28.79754,0.3374993,1.167e-06,0.1445761,9.17e-07,0.00732974,0.007367656,0.03735145,0.02730821,0.01765564,0.02994921,0.01419073,0.008644655,0.0216718,0.01996664,0.001485331
83,29.13504,0.3065231,1.333e-06,0.146216,9.16e-07,0.009611904,0.02515688,0.01271132,0.01057932,0.01325631,0.02382455,0.01181123,0.01001607,0.02111314,0.02021214,0.002011997
84,29.44156,0.3299947,1.334e-06,0.1468184,8.33e-07,0.007399657,0.01651789,0.03729953,0.0123059,0.01488015,0.02748213,0.01304973,0.01119773,0.02117539,0.02037822,0.001487831
85,29.77155,0.3475836,1.416e-06,0.1434827,1e-06,0.007464323,0.01748722,0.05695517,0.01791231,0.01333806,0.02274722,0.01329331,0.01139765,0.02118305,0.02002272,0.002297413
86,30.11914,0.3364255,1.25e-06,0.1444688,1.167e-06,0.00725049,0.007852156,0.03618645,0.02795338,0.0151189,0.03060921,0.01303748,0.01072007,0.0210588,0.02002614,0.002141247
87,30.45556,0.3176765,1.75e-06,0.1460634,9.17e-07,0.00965882,0.0252418,0.01318115,0.01225165,0.01694681,0.02736221,0.0132374,0.01069349,0.02141014,0.02013697,0.001489997
88,30.77324,0.3101302,1.333e-06,0.1450902,8.34e-07,0.009548153,0.02520771,0.0137169,0.01048607,0.01448981,0.02594805,0.01254907,0.0101554,0.0212038,0.02023839,0.001494415
89,31.08337,0.313712,1.416e-06,0.1465068,8.33e-07,0.007509073,0.0103659,0.02388455,0.01908047,0.01399023,0.02564855,0.0137609,0.01036907,0.02111956,0.01997364,0.001500998
90,31.39708,0.3518865,2.083e-06,0.1544048,9.17e-07,0.00738149,0.007381656,0.03638878,0.02869396,0.02045089,0.0339802,0.01209415,0.008414988,0.02100406,0.02020164,0.001486915
91,31.74897,0.3143621,1.25e-06,0.1477005,8.33e-07,0.00960057,0.02525455,0.01320898,0.01245815,0.01419015,0.02452188,0.0131079,0.01075274,0.0211708,0.02028364,0.002110247
92,32.06333,0.3139279,1.417e-06,0.1461577,7.5e-07,0.009696154,0.02510113,0.01250007,0.02043881,0.01143707,0.02268705,0.01221315,0.01074748,0.0213178,0.02012897,0.001500331
93,32.37726,0.309062,1.333e-06,0.1467453,9.17e-07,0.009914903,0.02487221,0.01281932,0.01131682,0.01348365,0.02448155,0.01234073,0.009981653,0.02117497,0.02044664,0.001481998
94,32.68632,0.3302513,1.333e-06,0.1452516,9.17e-07,0.00736424,0.01690106,0.03768336,0.01201873,0.01567323,0.02792479,0.01316306,0.01118757,0.0211808,0.02041214,0.001488415
95,33.01657,0.3121727,1.417e-06,0.1438961,9.17e-07,0.007793322,0.01045724,0.02275238,0.01814714,0.01428015,0.02725488,0.01378773,0.01062965,0.02116772,0.01999214,0.002011997
96,33.32874,0.3308622,1.833e-06,0.148015,8.34e-07,0.00720624,0.01047465,0.03042787,0.02763371,0.0154064,0.02902971,0.01081007,0.008782821,0.02177689,0.01980206,0.001494081
97,33.65961,0.3473015,2.667e-06,0.156206,8.33e-07,0.00750099,0.01640331,0.03921186,0.02017789,0.01428373,0.02453822,0.01445481,0.01082232,0.02138039,0.01989306,0.002425413
98,34.00691,0.3113871,1.417e-06,0.1457705,8.33e-07,0.007402574,0.01036532,0.02310597,0.01823331,0.0137969,0.02522663,0.01432481,0.01045807,0.02111447,0.02008797,0.001498247
99,34.3183,0.3578087,2.166e-06,0.154808,1e-06,0.00727449,0.007925572,0.0366517,0.02839479,0.02759521,0.02794688,0.01289473,0.01045323,0.0212898,0.02028956,0.002281496
100,34.6761,0.3690239,1.334e-06,0.1459016,1.167e-06,0.009611903,0.02512405,0.04670369,0.0338442,0.01406148,0.0278063,0.01240407,0.0106769,0.02118672,0.02020222,0.001498248
101,35.04513,0.3500586,2.584e-06,0.157747,8.33e-07,0.007228907,0.007873572,0.0360177,0.02843413,0.01510464,0.03192912,0.01397781,0.008560988,0.02167047,0.02002356,0.001487248
102,35.39519,0.3141953,1.584e-06,0.1463035,8.33e-07,0.007417073,0.01048707,0.02252655,0.01779514,0.01394248,0.02763029,0.0146159,0.01085698,0.02106655,0.02005414,0.001497248
103,35.70938,0.3468801,2.25e-06,0.1572556,8.33e-07,0.00739074,0.01654198,0.03746087,0.02019631,0.01507798,0.02583355,0.01283232,0.01120348,0.02142464,0.02017106,0.001488498
104,36.05626,0.3120171,1.417e-06,0.1448786,8.33e-07,0.007463407,0.01044324,0.02341655,0.01897481,0.01518881,0.0237573,0.01446331,0.0108924,0.02106447,0.01997422,0.001497665
105,36.36828,0.3365178,2.334e-06,0.1563875,1.083e-06,0.00736799,0.01694723,0.03711636,0.0122124,0.01391273,0.02561596,0.01292765,0.01068848,0.0214718,0.02038164,0.001484665
106,36.7048,0.3140936,1.334e-06,0.1470057,1.167e-06,0.00970782,0.02524705,0.01289706,0.0122564,0.01442873,0.02452563,0.0132274,0.01072707,0.02119405,0.0213858,0.001488331
107,37.01889,0.3151771,1.25e-06,0.1438888,8.33e-07,0.00956832,0.0252348,0.01358106,0.0122549,0.01694839,0.02598438,0.01350965,0.01129807,0.02130355,0.02013331,0.001469831
108,37.33407,0.3793015,1.333e-06,0.1458306,8.33e-07,0.007275407,0.01681764,0.04650619,0.02830729,0.01397315,0.02514822,0.02769263,0.01435398,0.03181621,0.02008014,0.001497831
109,37.71337,0.3267977,2.25e-06,0.1528658,8.34e-07,0.009631986,0.02543188,0.01609498,0.01305515,0.01809656,0.02839313,0.01172657,0.008413072,0.02182047,0.01971006,0.001554997
110,38.04017,0.2881119,1.167e-06,0.1450579,9.16e-07,0.00735774,0.01023407,0.01631989,0.008933405,0.01243407,0.02524988,0.0104844,0.008442321,0.0221693,0.01985581,0.001570998
111,38.32828,0.3500824,1.333e-06,0.1445308,9.16e-07,0.007451157,0.01732531,0.03149071,0.01853989,0.01852856,0.03242187,0.0275378,0.009000654,0.02197072,0.01969206,0.001590665
112,38.67836,0.312974,1.333e-06,0.146905,9.17e-07,0.009664569,0.02514763,0.01301115,0.0119154,0.01433506,0.02512022,0.0126574,0.0104399,0.02127597,0.02020547,0.002293913
113,38.99134,0.3604588,1.417e-06,0.1454672,1e-06,0.007590656,0.01690256,0.05858442,0.02177197,0.01660573,0.02539163,0.01422173,0.01059907,0.0216583,0.02016214,0.001500914
114,39.35179,0.3708562,1.417e-06,0.1451017,1e-06,0.009639986,0.0250813,0.04881335,0.03419045,0.01423015,0.02710563,0.01246932,0.01122515,0.02123789,0.02016747,0.001591331
115,39.72265,0.3449775,2.416e-06,0.1556678,9.17e-07,0.007405406,0.01717264,0.03746911,0.01214565,0.01932314,0.02910646,0.01300023,0.01061615,0.02116122,0.02041914,0.001487248
116,40.06763,0.3579878,1.667e-06,0.1461206,9.17e-07,0.00736974,0.009905486,0.02895529,0.0223688,0.01441315,0.02498605,0.02832904,0.02300722,0.03004479,0.02098839,0.001496665
117,40.42562,0.3093556,1.583e-06,0.146473,8.34e-07,0.00956757,0.0252133,0.01251048,0.01070507,0.01364957,0.02504372,0.01235032,0.0108344,0.02117605,0.02035022,0.001479498
118,40.73497,0.3975289,1.417e-06,0.1468807,1e-06,0.009546987,0.02520413,0.04700885,0.0333002,0.0139064,0.02720455,0.02425097,0.01680364,0.03185162,0.02006697,0.001501415
119,41.1325,0.3246341,2.667e-06,0.1605589,8.33e-07,0.009541653,0.02515022,0.01275423,0.01131307,0.01460398,0.02472255,0.01235848,0.01089982,0.02103305,0.02020939,0.001485248
120,41.45713,0.3711974,1.417e-06,0.1466299,9.17e-07,0.00957182,0.02511413,0.04700844,0.03556412,0.01442498,0.02662605,0.0123724,0.0110069,0.02119039,0.0201903,0.001495665
121,41.82833,0.3270503,2.417e-06,0.155257,1.083e-06,0.009595237,0.0251603,0.01321007,0.01250848,0.01694856,0.02695521,0.01306482,0.01128332,0.02144014,0.02013789,0.001485748
122,42.15538,0.3226526,2.167e-06,0.1524065,9.17e-07,0.009553653,0.02527363,0.01321498,0.01240015,0.01654156,0.02673863,0.01286057,0.01064265,0.02142714,0.02010272,0.001487331
123,42.47803,0.3147976,1.833e-06,0.1515156,8.33e-07,0.0100239,0.02489255,0.01282382,0.0111729,0.01409331,0.02432413,0.01239965,0.01010582,0.0210508,0.02089247,0.001499914
124,42.79283,0.3426612,1.25e-06,0.1477151,1e-06,0.007377989,0.007891823,0.03623395,0.02880771,0.01647423,0.03230229,0.01233932,0.01056023,0.02116539,0.02007056,0.001720331
125,43.13549,0.3110989,1.5e-06,0.148123,8.33e-07,0.009603653,0.02521505,0.01270682,0.01142573,0.01355098,0.02471472,0.01238673,0.01032732,0.02115814,0.02009289,0.001791498
126,43.44659,0.3127583,1.167e-06,0.145693,9.17e-07,0.00963282,0.02531563,0.01324806,0.0121419,0.01490123,0.02468305,0.0129989,0.01069724,0.02131197,0.02011764,0.002014831
127,43.75935,0.3367539,1.416e-06,0.146508,1e-06,0.00744199,0.01711131,0.03751453,0.01229173,0.01918881,0.02927929,0.01291898,0.01094723,0.02117314,0.01993981,0.002436663
128,44.0961,0.3447948,1.5e-06,0.144951,1e-06,0.007290906,0.007463156,0.03621345,0.02856288,0.02286039,0.02944446,0.01322457,0.0106864,0.02118372,0.02061981,0.00229158
129,44.4409,0.3368683,1.833e-06,0.1461536,8.34e-07,0.007268323,0.007915239,0.03629303,0.0280198,0.01580006,0.02833704,0.01298932,0.01031474,0.02139472,0.02088489,0.001494831
130,44.77777,0.3146023,1.416e-06,0.147378,1.167e-06,0.009634403,0.02520055,0.01266032,0.01143607,0.01425698,0.02650071,0.0134564,0.01127732,0.02128839,0.02001655,0.001493998
131,45.09237,0.3184766,1.334e-06,0.1469265,1e-06,0.009620404,0.0252638,0.01359015,0.0123549,0.01572423,0.02591696,0.01311657,0.01161773,0.02163155,0.02042072,0.002290747
132,45.41085,0.3006248,1.5e-06,0.1451718,1.084e-06,0.007364239,0.01042524,0.02264572,0.0136099,0.01337923,0.02362955,0.01140865,0.01019765,0.02119547,0.02000839,0.001586331
133,45.71147,0.3033995,1.75e-06,0.1479595,8.33e-07,0.007154407,0.01042523,0.02330572,0.01069857,0.01275623,0.02335438,0.01392656,0.01033815,0.0211803,0.02015655,0.002141331
134,46.01487,0.3357283,1.416e-06,0.1458109,8.33e-07,0.00742999,0.01659531,0.03882345,0.01293531,0.01943297,0.02722405,0.01319632,0.0109884,0.02116864,0.02007822,0.002042497
135,46.3506,0.3391562,1.167e-06,0.1450177,1.167e-06,0.007285156,0.007910489,0.03629637,0.02853663,0.02220305,0.02896029,0.01194882,0.008399405,0.02115264,0.01995706,0.001486248
136,46.68976,0.3004523,1.083e-06,0.1441276,1e-06,0.00742724,0.01711331,0.02281297,0.009461237,0.01174807,0.02474497,0.01142532,0.008443989,0.02168097,0.01997905,0.001485415
137,46.99021,0.3398312,1.583e-06,0.1468021,9.16e-07,0.007493573,0.01656106,0.0386437,0.01784856,0.01787931,0.02557655,0.01290373,0.0115064,0.02140564,0.02090347,0.002304581
138,47.33004,0.3366751,1.083e-06,0.1441098,1.167e-06,0.007247156,0.007900156,0.0362667,0.02814538,0.01685423,0.03243471,0.01200957,0.008536822,0.02168172,0.0199963,0.001490332
139,47.66671,0.3134136,1.584e-06,0.1463571,8.34e-07,0.00957532,0.02525046,0.01385248,0.01192423,0.01472873,0.02407947,0.0131944,0.01134923,0.02117864,0.02042655,0.001494581
140,47.98013,0.3149859,1.584e-06,0.1482604,8.33e-07,0.00957557,0.0252493,0.01285673,0.01200057,0.01466973,0.02474838,0.01307048,0.01131865,0.02157539,0.02016556,0.001492748
141,48.29511,0.3374034,1.333e-06,0.146661,9.17e-07,0.007280156,0.007367407,0.03653178,0.02774479,0.01529281,0.03007221,0.01488673,0.008617322,0.02167497,0.01975647,0.001515581
142,48.63252,0.3531743,2.083e-06,0.155449,1.083e-06,0.00726249,0.007891156,0.03615587,0.02854504,0.02208855,0.02899821,0.01324081,0.01054924,0.02128489,0.02021297,0.001492915
143,48.98569,0.3421071,1.083e-06,0.1452703,8.34e-07,0.007255739,0.00738049,0.03665312,0.02792488,0.02110972,0.03113262,0.01199032,0.01062174,0.02120505,0.02006272,0.001498498
144,49.3278,0.3198116,1.083e-06,0.1439266,9.17e-07,0.007403906,0.01046757,0.0229753,0.01887322,0.01597015,0.02869813,0.01700364,0.0116459,0.02119472,0.02017481,0.001475664
145,49.64761,0.3182732,2e-06,0.1555324,1e-06,0.009549154,0.02524638,0.01361415,0.01107624,0.01378248,0.02392438,0.0121914,0.01041499,0.02111122,0.02033406,0.001493414
146,49.96588,0.3116462,1.5e-06,0.1470762,9.17e-07,0.007705656,0.0104344,0.02242447,0.01769831,0.01324756,0.02605455,0.0142294,0.0100284,0.02107264,0.02017922,0.001492915
147,50.27753,0.3215075,2.25e-06,0.1486864,9.17e-07,0.007438239,0.01042157,0.02257139,0.01830672,0.01448931,0.02958146,0.01667889,0.01049907,0.02105364,0.01986114,0.001916497
148,50.59904,0.3467471,2.584e-06,0.1552703,9.16e-07,0.007838656,0.01743814,0.03763045,0.01891572,0.01647714,0.02572788,0.01306815,0.01102007,0.02132272,0.02046656,0.001567831
149,50.94578,0.331851,1.417e-06,0.1450062,1e-06,0.00745274,0.01704314,0.0375632,0.01245223,0.01623981,0.02784213,0.01379273,0.01135332,0.02118655,0.02042747,0.001489081
150,51.27763,0.367863,1.25e-06,0.1451831,8.33e-07,0.00980607,0.02518705,0.0469206,0.0348652,0.01441056,0.02511413,0.01245407,0.01088549,0.02124064,0.0203053,0.001488748
151,51.6455,0.3255427,2.334e-06,0.1535324,1e-06,0.00969407,0.02512447,0.01301932,0.01240815,0.01686631,0.02600205,0.01460765,0.01118932,0.02150564,0.02010256,0.001487498
152,51.97104,0.3130696,1.667e-06,0.1467152,1e-06,0.009599903,0.0252138,0.0128474,0.01171415,0.01434881,0.0250683,0.01323198,0.01074649,0.02138255,0.01990056,0.002297747
153,52.28411,0.3388529,1.25e-06,0.1440649,9.17e-07,0.007258573,0.00739874,0.03659912,0.02858146,0.02230472,0.02888679,0.01228173,0.008337988,0.02077672,0.0208673,0.001492748
154,52.62296,0.3690436,1.333e-06,0.1458733,8.34e-07,0.008875571,0.02510821,0.04717868,0.03488345,0.01421256,0.02664513,0.01245098,0.01086615,0.02117497,0.02028597,0.001486415
155,52.99201,0.3487121,2.584e-06,0.1554727,1e-06,0.00724574,0.00717124,0.01873281,0.01744039,0.01290673,0.02400097,0.03050704,0.02665155,0.02664038,0.02045231,0.001486665
156,53.34072,0.3298651,2.083e-06,0.1564799,9.17e-07,0.009594403,0.0256148,0.01522364,0.01204157,0.01681023,0.02658821,0.01298731,0.01117765,0.02143139,0.02032605,0.001586998
157,53.67058,0.323083,1.917e-06,0.1542654,9.16e-07,0.009649237,0.02514638,0.01308981,0.01232482,0.0153864,0.02573255,0.01352023,0.01082615,0.02130364,0.02034897,0.001486582
158,53.99367,0.3725768,1.5e-06,0.1505315,1e-06,0.00985157,0.02521605,0.04689819,0.0359662,0.0136134,0.02455872,0.01202648,0.01100782,0.02118864,0.02013622,0.001579497
159,54.36624,0.3272093,2.333e-06,0.1541308,9.16e-07,0.009598487,0.02639438,0.01359623,0.0124044,0.01688914,0.02678721,0.01318932,0.01073324,0.02155855,0.02042556,0.001498748
160,54.69345,0.3393046,1.5e-06,0.1471477,9.17e-07,0.009834319,0.02519522,0.03104162,0.01139282,0.01950131,0.02785421,0.01313215,0.01097132,0.02148372,0.02026164,0.001486165
161,55.03276,0.3078602,1.417e-06,0.1461869,9.16e-07,0.009579487,0.0252328,0.01247407,0.01066224,0.01331681,0.02472546,0.01233048,0.01060907,0.02116964,0.02009514,0.001475748
162,55.34062,0.3115006,1.167e-06,0.1448453,1.083e-06,0.007260323,0.01045915,0.02258155,0.01598773,0.01404698,0.02568971,0.01670931,0.009970069,0.0221573,0.01980514,0.001985747
163,55.65212,0.3200663,1.75e-06,0.151831,1e-06,0.009664986,0.02522738,0.01329165,0.01238548,0.0152139,0.02543371,0.01313148,0.01070057,0.02116814,0.02052914,0.001486082
164,55.97218,0.3173232,1.167e-06,0.1463998,9.17e-07,0.00974632,0.02504672,0.0132669,0.01255523,0.01713348,0.02634096,0.01301998,0.01073598,0.02141989,0.02017106,0.001484832
165,56.28951,0.3142411,1.333e-06,0.1458624,1e-06,0.009651154,0.02515255,0.01333332,0.01236515,0.01566381,0.02499038,0.0132034,0.01085399,0.02143364,0.02024264,0.001486332
166,56.60375,0.3133633,1.416e-06,0.1455249,9.17e-07,0.009646403,0.02526296,0.0133414,0.01216023,0.01486398,0.02512505,0.0132319,0.01123815,0.02126872,0.02021489,0.001482415
167,56.91711,0.3088866,1.25e-06,0.1443464,9.16e-07,0.007396073,0.01046249,0.02266472,0.01825397,0.0136384,0.02446863,0.01423281,0.01067549,0.02127897,0.01997006,0.001496414
168,57.226,0.3214272,2.25e-06,0.1533011,1e-06,0.00952832,0.02530363,0.01414656,0.01227807,0.0148009,0.02487638,0.01296207,0.01045207,0.02116589,0.02111514,0.001493831
169,57.54743,0.3374199,1.667e-06,0.1446681,9.17e-07,0.009858403,0.02522238,0.03124846,0.01275498,0.01918181,0.02734888,0.01315615,0.01100115,0.02125589,0.02012456,0.001596497
170,57.88485,0.3542474,1.167e-06,0.1431118,9.17e-07,0.007520406,0.01689298,0.05712892,0.0209143,0.01405348,0.0253443,0.0144894,0.01110115,0.0213783,0.01988197,0.00242833
171,58.23909,0.3092832,1.333e-06,0.1437754,9.17e-07,0.00961782,0.02520597,0.01326131,0.01115074,0.01442881,0.02606721,0.01248632,0.01042332,0.02106005,0.02030364,0.001500414
172,58.54838,0.312929,1.5e-06,0.146989,7.5e-07,0.01004082,0.02483005,0.01270723,0.01129557,0.01473081,0.0251248,0.01322915,0.01081857,0.02131405,0.02035672,0.001489998
173,58.86131,0.3142646,1.417e-06,0.1467468,9.17e-07,0.009654153,0.02525888,0.01271165,0.01165773,0.01513365,0.0248133,0.01321456,0.01129532,0.02135214,0.02014731,0.002276747
174,59.17557,0.3120285,1.334e-06,0.14585,1e-06,0.009733987,0.0250973,0.01293773,0.01270298,0.01406973,0.02480838,0.01307756,0.01067399,0.02116372,0.02042156,0.001489248
175,59.4876,0.3254592,1.5e-06,0.1454817,1e-06,0.007215407,0.007911572,0.03746911,0.01844323,0.01513914,0.02684371,0.01300382,0.01077982,0.02134939,0.02032689,0.001492914
176,59.81306,0.3222283,1.834e-06,0.147209,8.33e-07,0.009510654,0.0252138,0.0153634,0.01290123,0.01746739,0.02688921,0.01318031,0.01050382,0.02223597,0.02017031,0.001580497
177,60.13529,0.3492518,2.083e-06,0.1470882,1.084e-06,0.00726974,0.007358073,0.03613062,0.02843438,0.02350405,0.03662828,0.01116223,0.008507904,0.02167564,0.02000164,0.001487915
178,60.48454,0.3355564,1.583e-06,0.1465339,1.083e-06,0.007287323,0.00736099,0.03632362,0.0281348,0.01356415,0.02647721,0.01858856,0.009198154,0.0206938,0.01990664,0.001484582
179,60.82009,0.3225722,2.083e-06,0.1562036,9.16e-07,0.00730949,0.01036974,0.02296013,0.01455731,0.01419331,0.02479722,0.01835939,0.01069165,0.02130847,0.02033339,0.001485498
180,61.14267,0.3497544,2.166e-06,0.1523994,9.16e-07,0.007268324,0.007182073,0.03689837,0.02837388,0.01994747,0.03450529,0.01157082,0.008427572,0.02165905,0.02002131,0.001497831
181,61.49242,0.3071575,1.25e-06,0.1459755,8.34e-07,0.009579153,0.02527813,0.01260373,0.01058682,0.0134554,0.02404013,0.01230532,0.01040465,0.02110514,0.02032556,0.001495831
182,61.79958,0.32483,1.5e-06,0.146004,1e-06,0.007276906,0.007908823,0.0374957,0.01814606,0.01378798,0.02571963,0.01545581,0.01030182,0.02118722,0.0200423,0.001501248
183,62.12441,0.3273084,2.25e-06,0.1556851,9.17e-07,0.009588487,0.02523105,0.0132219,0.01210023,0.01655414,0.02723005,0.01285915,0.01095165,0.0216838,0.01990847,0.002291164
184,62.45172,0.329058,1.834e-06,0.1501497,9.16e-07,0.007536573,0.01641481,0.03743695,0.01142023,0.01581765,0.02763563,0.01159873,0.008846155,0.02069355,0.02001639,0.001488915
185,62.78077,0.3461577,1.666e-06,0.1472512,8.33e-07,0.007354407,0.007373906,0.03633128,0.02857538,0.02261989,0.03406762,0.0116364,0.008764821,0.02069939,0.01999431,0.001486581
186,63.12693,0.313049,1.416e-06,0.145672,1e-06,0.00959457,0.02531305,0.01337023,0.01196557,0.01472698,0.02445155,0.01329398,0.01092348,0.02127997,0.02015997,0.002295247
187,63.43998,0.3697008,1e-06,0.1454588,8.34e-07,0.009713069,0.02513938,0.04718335,0.03321912,0.01465756,0.02775988,0.01229832,0.01073499,0.0211658,0.01994522,0.002423497
188,63.80968,0.3452893,2.416e-06,0.15486,9.16e-07,0.007249824,0.007951322,0.03628362,0.02808721,0.0147309,0.02934754,0.01509815,0.008668738,0.02165964,0.01974839,0.001600665
189,64.15497,0.3455194,2.5e-06,0.1537424,1e-06,0.007332407,0.007765406,0.0360857,0.02819446,0.01662098,0.02865813,0.01500665,0.008582572,0.0221708,0.01987281,0.001483665
190,64.50049,0.3371282,2.083e-06,0.1551683,8.34e-07,0.007470239,0.01702073,0.03771028,0.01218073,0.01688456,0.02789996,0.01137257,0.008412405,0.02148597,0.02002647,0.001493082
191,64.83762,0.3342155,1.333e-06,0.1506698,9.16e-07,0.00753574,0.01648239,0.03740678,0.01197165,0.01498873,0.02740963,0.01310465,0.01125382,0.0211758,0.02012731,0.002086997
192,65.17183,0.3682672,1.167e-06,0.1449731,1e-06,0.009905403,0.02486063,0.04702968,0.03457912,0.01392415,0.02778646,0.0114304,0.01091923,0.02105555,0.01991131,0.001889914
193,65.5401,0.3168008,1.333e-06,0.1466616,8.34e-07,0.009519737,0.0253558,0.01459623,0.0121584,0.01571748,0.02562171,0.01317265,0.01084173,0.02117172,0.02039639,0.001585164
194,65.8569,0.3158793,1.5e-06,0.1474036,9.17e-07,0.009558737,0.02516988,0.01296815,0.01189465,0.01575731,0.02545038,0.01326965,0.01125623,0.0212328,0.02042847,0.001486998
195,66.17278,0.3340607,1.583e-06,0.1464916,1.166e-06,0.00743349,0.01694439,0.0373502,0.01221882,0.01802314,0.02804696,0.01313706,0.0112484,0.0211823,0.02039805,0.001583498
196,66.50684,0.3465831,1.334e-06,0.1436728,9.16e-07,0.007487073,0.01662856,0.02981863,0.01832139,0.01803389,0.03218287,0.02816454,0.009529403,0.0209353,0.02031956,0.001486831
197,66.85343,0.3133767,1.75e-06,0.1473333,1e-06,0.009547737,0.02524588,0.01278281,0.0114444,0.01491523,0.02502697,0.01325998,0.01067157,0.02129489,0.02036514,0.001486081
198,67.1668,0.3153921,1.416e-06,0.1467405,1e-06,0.00967357,0.02524755,0.01318107,0.01138057,0.01626173,0.02541596,0.01322656,0.0105314,0.0212763,0.02015872,0.00229583
199,67.48219,0.3158457,1.083e-06,0.143976,9.17e-07,0.009593653,0.0252588,0.01332048,0.01290473,0.01716323,0.02560571,0.01305415,0.01135382,0.02144814,0.01987256,0.002292497
200,67.79804,0.3115713,1.5e-06,0.1448912,1.333e-06,0.009596737,0.02523955,0.01265657,0.0124419,0.01422581,0.0249468,0.01304523,0.01044865,0.0212978,0.02048056,0.002297663
201,68.10961,0.3099932,1.166e-06,0.1461815,9.16e-07,0.009532404,0.02544071,0.01273657,0.01094015,0.01346681,0.02640096,0.01256607,0.009998986,0.02116764,0.02005689,0.001502415
202,68.4196,0.3385919,1.333e-06,0.144277,1.083e-06,0.009802903,0.02523738,0.03335387,0.01928514,0.01445531,0.02316888,0.01502615,0.0108319,0.02120947,0.02035531,0.001586164
203,68.7582,0.328425,1.334e-06,0.1467049,9.17e-07,0.007731322,0.01646606,0.03747353,0.01229682,0.01693989,0.02769513,0.01162173,0.00926782,0.02066997,0.02007197,0.001483581
204,69.08662,0.3173458,1.333e-06,0.1472212,8.33e-07,0.00967482,0.02527396,0.01283173,0.01219757,0.01560615,0.02676355,0.01319998,0.0112624,0.02148397,0.02034156,0.001486748
205,69.40397,0.347862,1.25e-06,0.1454746,9.17e-07,0.00743474,0.01749306,0.05682025,0.01715264,0.01341106,0.02263355,0.01301965,0.01141432,0.02116805,0.02035264,0.001485248
206,69.75183,0.3200336,1.667e-06,0.147938,1.083e-06,0.00966732,0.0252073,0.01797664,0.01193965,0.01424781,0.02461172,0.01331931,0.01181857,0.0215003,0.02021989,0.001584248
207,70.07186,0.3712598,2e-06,0.152938,7.5e-07,0.007502739,0.00738424,0.03624553,0.02843496,0.02274513,0.0364852,0.02773079,0.008827238,0.02166914,0.01979472,0.001499415
208,70.44312,0.3113539,1.333e-06,0.145585,1.084e-06,0.009893903,0.02488546,0.01287248,0.0121939,0.01439548,0.02452022,0.01315357,0.01071623,0.02116864,0.02049555,0.001470998
209,70.75448,0.3119494,1.583e-06,0.1457215,7.5e-07,0.00995507,0.02488305,0.01293032,0.01189348,0.01482431,0.02482955,0.01317981,0.01057849,0.02117047,0.02050697,0.001474081
210,71.06643,0.39425,1.417e-06,0.1449527,1e-06,0.009812069,0.02509255,0.04757785,0.03409129,0.01396731,0.0271753,0.02381022,0.01485748,0.03125012,0.02017214,0.001488498
211,71.46068,0.364134,2.75e-06,0.1602683,1e-06,0.00739974,0.007697156,0.03654328,0.02921771,0.02679788,0.02763671,0.01454523,0.01084123,0.02118022,0.02051305,0.001489748
212,71.82481,0.3590959,1.417e-06,0.1459475,9.17e-07,0.009974736,0.02479805,0.04468694,0.02788996,0.01399265,0.02465655,0.01131057,0.0101274,0.02423597,0.01997155,0.001501748
213,72.18391,0.3261613,2.333e-06,0.1545753,8.33e-07,0.00954232,0.02539205,0.01363915,0.01246057,0.01686131,0.02688021,0.01291298,0.01052207,0.02170664,0.02017289,0.001492665
214,72.51007,0.3682158,1.166e-06,0.1439314,1e-06,0.009847737,0.02522738,0.04690727,0.03651253,0.01403223,0.02510297,0.0125254,0.01105432,0.02118347,0.01985656,0.002032414
215,72.87828,0.3201687,2.417e-06,0.1544126,7.5e-07,0.009619904,0.02541613,0.01271398,0.01304432,0.01488448,0.02544471,0.01360548,0.008781155,0.02081797,0.01994722,0.001477581
216,73.19845,0.3787048,1.333e-06,0.146555,9.17e-07,0.009699736,0.02502897,0.04792077,0.03359454,0.01483931,0.0257598,0.01808072,0.01062798,0.02489055,0.02014572,0.001559414
217,73.57716,0.3332716,2.666e-06,0.1622238,9.16e-07,0.009793487,0.02513238,0.0134294,0.01189632,0.01651198,0.02718821,0.0128294,0.01085274,0.02141272,0.01998531,0.00201233
218,73.91043,0.3667918,1.417e-06,0.143961,1e-06,0.00993757,0.02508513,0.04668518,0.03551095,0.0135499,0.02487705,0.01251857,0.01116807,0.02118422,0.01987997,0.00243183
219,74.27722,0.325609,2.416e-06,0.1543168,9.16e-07,0.009497737,0.02523097,0.01378481,0.01251332,0.01712473,0.02608946,0.01318065,0.0106909,0.02155822,0.02012981,0.001488248
220,74.60283,0.3131748,1.166e-06,0.1463099,1e-06,0.00994082,0.0248533,0.0128964,0.01200815,0.01549923,0.02462072,0.0131614,0.01080265,0.02117455,0.02041106,0.001494498
221,74.916,0.3153686,1.334e-06,0.14853,1e-06,0.00962907,0.02521305,0.0126389,0.01145623,0.01489615,0.02482213,0.01314873,0.01143773,0.02141764,0.01987572,0.002300997
222,75.23137,0.3170323,1.416e-06,0.1463059,9.17e-07,0.009529236,0.02533172,0.01366965,0.01233948,0.01571281,0.02712446,0.01312515,0.01078265,0.02140172,0.02021805,0.001489164
223,75.5484,0.3231985,2e-06,0.1523215,1e-06,0.007411157,0.00717524,0.01786831,0.01798514,0.01291882,0.02788063,0.02803329,0.008847821,0.02152764,0.01973897,0.001486914
224,75.8716,0.3159451,1.333e-06,0.1479878,1.167e-06,0.009617403,0.02523413,0.01293215,0.0123699,0.01556414,0.02494638,0.01308307,0.01115557,0.02117747,0.02038706,0.001487498
225,76.18755,0.3136807,1.333e-06,0.1464092,9.17e-07,0.009542153,0.02522705,0.01296757,0.01224673,0.01494898,0.02517805,0.01319848,0.01081482,0.02127055,0.02038981,0.001485081
226,76.50123,0.318423,1.333e-06,0.1464355,1.084e-06,0.009590403,0.02514147,0.01335098,0.01235473,0.01644531,0.0263558,0.01314465,0.01149948,0.02142722,0.02025222,0.002422746
227,76.81965,0.338316,1.167e-06,0.1447691,9.17e-07,0.007271157,0.007855905,0.03627653,0.02816479,0.01546206,0.03100212,0.01338456,0.01082748,0.02142855,0.02038855,0.001483081
228,77.15797,0.3376338,1.917e-06,0.1475542,8.33e-07,0.00737674,0.01664914,0.03845386,0.02206055,0.0137839,0.02403863,0.01424556,0.0107264,0.02106697,0.02017247,0.001502581
229,77.4956,0.3187385,1.334e-06,0.147298,8.33e-07,0.009579487,0.02527121,0.01333223,0.0124664,0.01695689,0.02704471,0.01275732,0.01102607,0.02141097,0.02010656,0.001486414
230,77.81434,0.3406211,1.5e-06,0.1476467,8.33e-07,0.00731374,0.007418323,0.03648987,0.02795213,0.01726673,0.03316837,0.01183557,0.008424155,0.02158689,0.02001956,0.001496748
231,78.15496,0.3138158,1.584e-06,0.146098,8.33e-07,0.01009424,0.0248073,0.0130139,0.01225523,0.01531873,0.02519771,0.01312781,0.01096857,0.0212488,0.02018947,0.001493664
232,78.46878,0.3102598,1.583e-06,0.1444458,9.16e-07,0.007337657,0.01046199,0.02268539,0.0137044,0.01318748,0.02360205,0.01841139,0.01016882,0.0248663,0.01990156,0.001484498
233,78.77904,0.3543809,2.166e-06,0.1574364,9.16e-07,0.007242824,0.007740989,0.02033264,0.01746214,0.01191565,0.02647196,0.02949646,0.02757796,0.02668796,0.02051605,0.001496748
234,79.13342,0.3415905,3e-06,0.1631244,9.17e-07,0.009561737,0.02551938,0.01586923,0.01333981,0.01862881,0.02861488,0.01313257,0.01070499,0.02141805,0.02017714,0.001495664
235,79.47501,0.3124886,1.25e-06,0.1452464,1.167e-06,0.009946236,0.02484622,0.01300323,0.01186507,0.0154004,0.02466813,0.01313006,0.01133057,0.02122772,0.02032831,0.001493914
236,79.7875,0.3390217,1.333e-06,0.1446402,8.34e-07,0.009211154,0.02518197,0.03312704,0.02024464,0.01455915,0.02344447,0.01466265,0.01082107,0.0211618,0.02048047,0.001484915
237,80.12652,0.3093903,1.5e-06,0.1479855,1.083e-06,0.007445906,0.00989857,0.02327072,0.01779823,0.01294898,0.0251878,0.01377432,0.008461571,0.02132672,0.01978847,0.001500998
238,80.43591,0.3107296,2.084e-06,0.1487169,8.33e-07,0.00976432,0.02510572,0.01271273,0.01131774,0.01347306,0.02342214,0.0122734,0.0109679,0.02103889,0.02009297,0.001840915
239,80.74664,0.33679,1.583e-06,0.1477941,8.33e-07,0.007384823,0.007880406,0.03615295,0.02831388,0.01545448,0.03014488,0.01250223,0.008426988,0.02121314,0.02003589,0.001483831
240,81.08343,0.3366305,1.5e-06,0.1464145,1e-06,0.007403156,0.01711514,0.03759336,0.01297381,0.01958622,0.02809788,0.01314115,0.0112769,0.02117864,0.0203508,0.001496414
241,81.42006,0.3665739,1.084e-06,0.1434593,8.33e-07,0.009619237,0.02526622,0.04752702,0.03535087,0.01414248,0.02492855,0.01249465,0.0108609,0.02116964,0.02025647,0.001496665
242,81.78663,0.3235505,2.416e-06,0.156788,1e-06,0.009542404,0.02528521,0.0131924,0.01212315,0.01448623,0.02479072,0.01262365,0.01100032,0.02117172,0.02024031,0.002302913
243,82.11018,0.3177853,1.166e-06,0.1470742,8.34e-07,0.007218906,0.009925737,0.02330172,0.01809156,0.01505673,0.02776654,0.01674314,0.009973986,0.02110839,0.02002064,0.001501748
244,82.42797,0.3383924,1.75e-06,0.1508795,9.16e-07,0.007524657,0.01644073,0.0387427,0.01401281,0.01915439,0.02629063,0.0121909,0.01031282,0.0211458,0.02019406,0.001500748
245,82.76636,0.3657202,1.25e-06,0.1441456,8.34e-07,0.008128405,0.02523855,0.04947635,0.03484429,0.01443248,0.0246988,0.01156165,0.01060999,0.02107014,0.02001572,0.001496081
246,83.13208,0.3656221,2.25e-06,0.15897,8.33e-07,0.007265323,0.01012882,0.0574795,0.02118905,0.01645364,0.02545146,0.01438265,0.01128557,0.02138347,0.02014697,0.001482497
247,83.4977,0.3169265,1.417e-06,0.1470698,8.33e-07,0.009704653,0.02528146,0.01290048,0.01214473,0.01567014,0.02623846,0.01336923,0.0114124,0.02141189,0.02013431,0.001586664
248,83.81463,0.3317693,1.25e-06,0.1517259,9.17e-07,0.007575906,0.01041974,0.02470963,0.02059231,0.01728606,0.02681221,0.01834164,0.01034257,0.02228005,0.02019155,0.001489581
249,84.1464,0.3415509,2.333e-06,0.1553837,1e-06,0.007438323,0.01717498,0.03745295,0.0127309,0.01726781,0.02737088,0.01283315,0.01077882,0.02126614,0.02036422,0.001485665
250,84.48795,0.3316035,1.25e-06,0.1475613,8.33e-07,0.007489323,0.01640023,0.03743762,0.01201482,0.01570706,0.02731446,0.01319873,0.0111024,0.0211608,0.02011131,0.00210333
251,84.81955,0.3273397,1.417e-06,0.1461214,8.33e-07,0.00735249,0.01711731,0.03738528,0.01211307,0.01472823,0.02461813,0.01350806,0.01111748,0.02133255,0.02033656,0.001606914
252,85.14689,0.3432274,9.17e-07,0.144412,1.25e-06,0.007568157,0.01771639,0.05708825,0.01317932,0.01337498,0.02249939,0.01292573,0.01122123,0.0213828,0.02037006,0.001486832
253,85.49012,0.3323673,1.25e-06,0.1449215,1.25e-06,0.009545903,0.02520747,0.03094437,0.01173832,0.01952706,0.02737779,0.01195057,0.008793988,0.02069289,0.02017955,0.001485415
254,85.82249,0.3159126,1.583e-06,0.1471648,1e-06,0.01003915,0.0248393,0.01275173,0.01251382,0.01550714,0.02443497,0.01334356,0.01200148,0.02142514,0.02040139,0.001487498
255,86.1384,0.3133251,1.417e-06,0.1461725,1e-06,0.009992736,0.0248608,0.01290207,0.0127169,0.01459048,0.02434705,0.01318757,0.01128248,0.0211918,0.02059556,0.001482748
256,86.45173,0.3152709,1.5e-06,0.1471545,9.16e-07,0.009619487,0.02524822,0.0128659,0.0119629,0.0156564,0.02468488,0.01319632,0.01080415,0.0212963,0.02129622,0.001483165
257,86.767,0.315689,1.75e-06,0.1479984,9.16e-07,0.009903987,0.02509172,0.01299473,0.01183173,0.01455156,0.0251418,0.01350415,0.0109264,0.02117172,0.02028931,0.002280831
258,87.08269,0.3107465,1.167e-06,0.1444673,9.16e-07,0.009545737,0.02522388,0.01288156,0.0123599,0.01409806,0.02459038,0.0129369,0.01133223,0.0212893,0.02053181,0.001487331
259,87.39343,0.3137929,1.333e-06,0.146027,1e-06,0.009954487,0.0248668,0.01268398,0.01145215,0.01530706,0.02469788,0.01317973,0.01189698,0.02115497,0.02027264,0.002296913
260,87.70723,0.3129845,1.25e-06,0.1458058,1.084e-06,0.007239573,0.01044865,0.02273097,0.0138454,0.0139939,0.02475705,0.01800573,0.01050849,0.0239863,0.02015414,0.001506164
261,88.02021,0.3140742,1.333e-06,0.147961,8.33e-07,0.009708237,0.02524188,0.01270848,0.01200998,0.01459673,0.02430197,0.01324723,0.01108982,0.02114914,0.02057289,0.001484748
262,88.33428,0.3131882,1.25e-06,0.1455003,9.17e-07,0.009649153,0.02520863,0.01275498,0.01220323,0.01563523,0.02470755,0.0134284,0.01070973,0.02140314,0.02049072,0.001494998
263,88.64747,0.3133214,1.25e-06,0.1462878,9.16e-07,0.00999507,0.02489363,0.01295498,0.0119564,0.01503831,0.02479422,0.01326865,0.01085299,0.02116239,0.02063147,0.001483331
264,88.96079,0.3679261,1.333e-06,0.1476408,8.34e-07,0.009939319,0.02482572,0.04721593,0.03372312,0.01450873,0.02782288,0.01070473,0.008609905,0.02166597,0.01977947,0.001487331
265,89.32872,0.3002149,2.25e-06,0.1562963,9.16e-07,0.007255324,0.007201573,0.01852289,0.009269154,0.01362665,0.02247922,0.01228048,0.01037574,0.02111289,0.02028864,0.001502915
266,89.62893,0.3747311,1.417e-06,0.1494821,1e-06,0.009649236,0.02512305,0.04761918,0.03548612,0.01459598,0.02690205,0.01133723,0.0108219,0.0210638,0.02043206,0.002215997
267,90.00367,0.3204911,2.417e-06,0.154144,1e-06,0.009613986,0.02608921,0.01279473,0.01102682,0.01546689,0.02525313,0.0123889,0.009966486,0.02105247,0.02096689,0.00172408
268,90.32416,0.3685117,1.334e-06,0.1449152,1e-06,0.009534736,0.02523113,0.04764868,0.03557378,0.01428931,0.02533255,0.01213523,0.0106884,0.02118164,0.01991372,0.002064998
269,90.69267,0.3135183,1.334e-06,0.1466608,8.34e-07,0.009639903,0.02524721,0.01274798,0.01190223,0.01477923,0.02498638,0.01321773,0.0112379,0.0214223,0.02018831,0.001486165
270,91.00619,0.3134867,1.5e-06,0.1463642,9.17e-07,0.009554487,0.02523813,0.0127984,0.0118544,0.01538856,0.02499855,0.01307907,0.01111557,0.02141914,0.02017472,0.001499082
271,91.31967,0.3112963,1.333e-06,0.1505042,1e-06,0.00971232,0.0252193,0.01254457,0.01060573,0.01334573,0.02388755,0.0118614,0.009931736,0.02108922,0.02108989,0.001502331
272,91.63097,0.3163546,1.333e-06,0.1465762,1e-06,0.00954607,0.02569088,0.01300856,0.01189232,0.01630989,0.0256233,0.01309232,0.01071107,0.0213983,0.02100455,0.001498831
273,91.94732,0.3141303,1.417e-06,0.1469225,7.5e-07,0.00959282,0.02517438,0.0128024,0.01098482,0.01611423,0.02537563,0.01324673,0.01084873,0.02117305,0.02039964,0.001493164
274,92.26145,0.3192278,1.5e-06,0.1470466,9.16e-07,0.009663654,0.0251623,0.0133084,0.01206923,0.01762231,0.02635521,0.01331282,0.01134015,0.0214118,0.01993781,0.001995081
275,92.58068,0.3395283,1.333e-06,0.148612,8.33e-07,0.007215657,0.00734849,0.03639103,0.02805104,0.01505431,0.03041787,0.0148859,0.008656238,0.02164947,0.01974306,0.001500998
276,92.92021,0.3116591,2e-06,0.155337,1e-06,0.007161073,0.009913737,0.02449805,0.01039907,0.01293323,0.02429205,0.01424015,0.0100824,0.02110014,0.02020097,0.001498248
277,93.23187,0.3326473,1.333e-06,0.1467162,1e-06,0.007387823,0.01713089,0.03752745,0.0127979,0.01959189,0.02869596,0.01192865,0.008499571,0.02100222,0.01987014,0.001496248
278,93.56452,0.3456264,1.25e-06,0.144492,9.17e-07,0.00748324,0.01741431,0.05835817,0.01451148,0.01324523,0.02246272,0.0132224,0.01144615,0.02116855,0.02032872,0.001491331
279,93.91014,0.312493,1.334e-06,0.145773,1e-06,0.00956207,0.02530563,0.01323498,0.01231057,0.0140489,0.02459363,0.01307332,0.01148498,0.0213798,0.02021697,0.001506748
280,94.22264,0.3663681,1.417e-06,0.1446956,9.16e-07,0.008005322,0.02519572,0.04700785,0.03548728,0.01395931,0.02509013,0.01247115,0.0109419,0.02117772,0.01991414,0.00241958
281,94.589,0.3247442,2.167e-06,0.1541817,9.16e-07,0.009586821,0.02527588,0.01614864,0.01249473,0.01474356,0.02463413,0.0131604,0.0113239,0.02132997,0.02037072,0.001490665
282,94.91375,0.3118412,1.333e-06,0.1461943,8.34e-07,0.009629653,0.02524705,0.01274648,0.01116073,0.01424098,0.02495822,0.01337923,0.0110399,0.02162422,0.02012264,0.001495581
283,95.22559,0.3661368,1.167e-06,0.144228,8.33e-07,0.008230322,0.02523847,0.04709169,0.03495078,0.01392973,0.02566797,0.0126034,0.01075582,0.02119764,0.01984989,0.002391163
284,95.59173,0.3632003,2.334e-06,0.1572652,1e-06,0.00725624,0.007332573,0.03633812,0.02796838,0.01546723,0.03247379,0.02785105,0.008989571,0.02099664,0.01976506,0.001493165
285,95.95493,0.3116694,1.833e-06,0.148358,9.16e-07,0.009852903,0.02525613,0.01292065,0.01013365,0.0134749,0.02633513,0.01250073,0.01009632,0.02128989,0.01995239,0.001495915
286,96.2666,0.3124369,1.416e-06,0.1476072,9.17e-07,0.007553406,0.01041624,0.02248522,0.01770664,0.0139884,0.02557496,0.01409256,0.01048132,0.0210423,0.01998489,0.001501415
287,96.57903,0.3356107,2.583e-06,0.1544494,8.34e-07,0.007486406,0.01658273,0.03787403,0.01236848,0.01541931,0.0246883,0.01284498,0.0107244,0.02117897,0.02051872,0.001471581
288,96.91464,0.3154393,1.333e-06,0.1472134,1.084e-06,0.009605653,0.02527622,0.0130344,0.0119219,0.01553715,0.02511038,0.01332723,0.01117832,0.02135305,0.02040706,0.001472164
289,97.23008,0.3530034,1.583e-06,0.1473008,1.083e-06,0.007262074,0.007934072,0.03779203,0.02389022,0.01766106,0.03075596,0.02853763,0.008944738,0.02165905,0.01976697,0.001496164
290,97.58309,0.3425768,2.75e-06,0.1640374,8.34e-07,0.007467156,0.01664098,0.03726253,0.0114349,0.01513523,0.02434472,0.01241823,0.01082982,0.02105505,0.02045531,0.001491831
291,97.92566,0.3272226,1.5e-06,0.1465117,8.34e-07,0.007419823,0.01689014,0.03773945,0.01255673,0.01408048,0.02448547,0.01355456,0.01034107,0.02133439,0.02080614,0.001500331
292,98.25289,0.3429634,1.167e-06,0.1472034,8.33e-07,0.009596153,0.02520413,0.03347162,0.01895331,0.01483115,0.02458072,0.01425965,0.0111409,0.02130839,0.02012505,0.002286914
293,98.59585,0.3174462,1.25e-06,0.145657,9.17e-07,0.009627236,0.0252868,0.01315248,0.0120819,0.01655006,0.02785738,0.01293648,0.01121115,0.02140747,0.02018872,0.001487331
294,98.9133,0.3168766,1.333e-06,0.146081,1.25e-06,0.00959907,0.02525763,0.0143364,0.01225157,0.01600198,0.02574096,0.01310632,0.01139573,0.0214163,0.02010439,0.001582665
295,99.23017,0.3407443,1.417e-06,0.1462399,9.17e-07,0.00737474,0.007945072,0.0361897,0.02793438,0.01615473,0.03266687,0.01257065,0.01072232,0.02116514,0.02027797,0.001500498
296,99.57092,0.3099011,1.5e-06,0.1469122,8.34e-07,0.01000865,0.02482238,0.01280915,0.01133915,0.01371115,0.02470997,0.01244065,0.01016174,0.02116222,0.0200903,0.001731165
297,99.88082,0.3193302,1.5e-06,0.1478839,1e-06,0.00751874,0.01022699,0.02326938,0.01781523,0.01421106,0.02815329,0.01675131,0.01086865,0.02106897,0.01994981,0.001610414
298,100.2001,0.3432117,2e-06,0.153525,1e-06,0.007627573,0.01699789,0.03874753,0.01914247,0.01600956,0.02519721,0.0123514,0.01042023,0.02104564,0.02012706,0.002017081
299,100.5434,0.3669857,1.166e-06,0.1440616,8.33e-07,0.009821403,0.02501755,0.04886068,0.03439295,0.01428123,0.0247803,0.01259948,0.01038649,0.02118905,0.02011405,0.001478831
300,100.9103,0.3184996,2.334e-06,0.1539968,9.17e-07,0.009610653,0.0252473,0.0133874,0.01114915,0.0141039,0.0257423,0.01228982,0.01005182,0.0210988,0.02032364,0.001494831
301,101.2288,0.337743,1.417e-06,0.1465264,8.33e-07,0.007412657,0.01693273,0.03880636,0.01666189,0.01796073,0.0259988,0.01309998,0.01129365,0.02130514,0.02024997,0.001492498
302,101.5666,0.2977556,1.166e-06,0.1449582,9.16e-07,0.009569404,0.02537713,0.01217707,0.009153737,0.0110299,0.02297413,0.01120707,0.008969154,0.02085431,0.02000431,0.001479082
303,101.8643,0.3132954,1.667e-06,0.146301,9.16e-07,0.009603237,0.02523463,0.01291165,0.0118739,0.01508431,0.02517172,0.01331115,0.0107324,0.02117272,0.02042705,0.001469081
304,102.1776,0.3702943,1.417e-06,0.1461379,9.17e-07,0.009571904,0.02512988,0.04715018,0.03536453,0.01401156,0.02651471,0.01271907,0.0106954,0.02123655,0.02027439,0.001485915
305,102.5479,0.3520682,2.416e-06,0.156168,8.33e-07,0.007298573,0.007916489,0.03618903,0.02818763,0.01700448,0.03219187,0.01304723,0.01070632,0.02118097,0.02068547,0.001488831
306,102.9,0.3793753,1.167e-06,0.1462174,8.34e-07,0.009924819,0.02522455,0.04730194,0.03554578,0.01349465,0.02574655,0.01854572,0.01142865,0.02450788,0.01994481,0.001490581
307,103.2794,0.3257593,3.166e-06,0.1605058,1e-06,0.009575486,0.02519455,0.01365981,0.01151807,0.0148459,0.02445713,0.01224615,0.0109374,0.02112464,0.0202038,0.001486415
308,103.6051,0.3202965,1.5e-06,0.1482233,1e-06,0.007394657,0.01026199,0.02267605,0.01790806,0.01552956,0.02881088,0.01682106,0.01012665,0.02108389,0.01997056,0.001487331
309,103.9254,0.336184,2.083e-06,0.1533134,1.167e-06,0.007392907,0.01707281,0.03758478,0.01244223,0.01542423,0.02528771,0.01300607,0.01097224,0.02123055,0.02016056,0.00229333
310,104.2616,0.3545464,1.334e-06,0.1453205,1e-06,0.007444489,0.01720248,0.05908992,0.01848139,0.01408006,0.0241738,0.0144134,0.01125407,0.02147264,0.02012481,0.001486581
311,104.6162,0.3044372,1.167e-06,0.1458268,9.17e-07,0.007427156,0.01722998,0.01256707,0.01180015,0.01623081,0.0258288,0.01273482,0.01119982,0.02118205,0.01998672,0.002420913
312,104.9206,0.337624,1.333e-06,0.1446749,1e-06,0.00976832,0.02529538,0.03368562,0.01830356,0.01389115,0.02477922,0.01306206,0.0106664,0.0211848,0.02012155,0.002188747
313,105.2582,0.3127801,1.334e-06,0.144206,1e-06,0.007536073,0.01039315,0.02267588,0.01825489,0.01486765,0.02756288,0.01435956,0.009964569,0.02106722,0.02039039,0.001499498
314,105.571,0.3263112,2.167e-06,0.1613128,9.17e-07,0.007520406,0.009900736,0.02285563,0.01795081,0.01420723,0.02498988,0.01430865,0.0107109,0.02104239,0.02000522,0.001503498
315,105.8973,0.3216972,2.084e-06,0.1578695,1e-06,0.009790319,0.02524013,0.01279723,0.01119732,0.01459256,0.02456363,0.0121384,0.0105214,0.02117055,0.02032406,0.001488998
316,106.219,0.338425,1.5e-06,0.1462546,9.16e-07,0.009999737,0.02497672,0.03541503,0.0114554,0.01828672,0.0260103,0.01240365,0.0106729,0.02106655,0.02039089,0.001490081
317,106.5574,0.4034184,1.417e-06,0.147518,9.17e-07,0.009916986,0.02485972,0.04678677,0.0343302,0.0146449,0.0270743,0.02395372,0.01963789,0.03254479,0.02066147,0.001487248
318,106.9609,0.3101007,3e-06,0.1608389,8.33e-07,0.007307657,0.009908486,0.01660856,0.009860653,0.01462365,0.02435547,0.01257498,0.01108573,0.02118214,0.02026581,0.001484831
319,107.271,0.3176919,1.084e-06,0.1436416,1.083e-06,0.007411073,0.01043315,0.02270005,0.01862256,0.01613181,0.02795721,0.01708439,0.01079757,0.02128389,0.02013855,0.001487832
320,107.5886,0.3064328,1.417e-06,0.145833,1.084e-06,0.009904986,0.0248793,0.01262132,0.01074915,0.01281698,0.02423147,0.0120649,0.01008924,0.02121989,0.02018872,0.001831414
321,107.8951,0.3179546,1.417e-06,0.1458465,8.33e-07,0.00741649,0.0104624,0.02271214,0.01854306,0.01452956,0.02891929,0.01668173,0.01017649,0.02106489,0.02000447,0.001595414
322,108.213,0.3475004,1.917e-06,0.1540945,7.5e-07,0.00728524,0.007142406,0.03652745,0.02801579,0.01535239,0.03059621,0.01550506,0.01029957,0.02108172,0.01999864,0.001598664
323,108.5605,0.3677522,2.334e-06,0.1546954,8.34e-07,0.007319656,0.007898572,0.03633895,0.02820363,0.02019181,0.03430779,0.02734879,0.008942071,0.0211938,0.01982314,0.001485415
324,108.9283,0.362537,2.666e-06,0.1644944,9.16e-07,0.007547657,0.007497323,0.02044539,0.01768872,0.01164782,0.0273758,0.03027504,0.0270258,0.02644405,0.02049514,0.001596248
325,109.2908,0.3576563,3.084e-06,0.1615063,9.16e-07,0.007382407,0.01683264,0.03827211,0.01684456,0.02124064,0.0266453,0.01481306,0.01074015,0.02147822,0.01996897,0.001927914
326,109.6485,0.3078884,1.416e-06,0.1458539,1e-06,0.009642237,0.02515205,0.01277115,0.01107915,0.01322381,0.02447272,0.01234473,0.01045432,0.02119272,0.02019972,0.001499498
327,109.9564,0.3363074,1.416e-06,0.1462664,8.33e-07,0.00744199,0.01690598,0.03875736,0.01271807,0.01906056,0.02755063,0.01300432,0.01104999,0.02117505,0.01994422,0.00243058
328,110.2927,0.3401796,1.333e-06,0.1449295,1e-06,0.00732249,0.00736474,0.03737478,0.0273048,0.01732264,0.03055154,0.01432156,0.01084982,0.02105872,0.02017189,0.001604831
329,110.6329,0.3135894,1.333e-06,0.1478943,9.17e-07,0.009645736,0.02525396,0.01286173,0.01085448,0.01464548,0.02498338,0.01321882,0.01122682,0.02137647,0.02013181,0.001494164
330,110.9464,0.3391242,1.166e-06,0.1446608,1.25e-06,0.009832736,0.0251738,0.03315037,0.01963706,0.01420181,0.02297955,0.01484723,0.01142282,0.02119264,0.02043764,0.001585331
331,111.2856,0.3099263,1.333e-06,0.1463854,8.34e-07,0.007542989,0.009883237,0.02277689,0.01798281,0.01345265,0.02728346,0.01340115,0.008545322,0.02127955,0.01989131,0.001499415
332,111.5955,0.325371,2.333e-06,0.1533183,9.17e-07,0.00960007,0.02522588,0.01395431,0.01251073,0.01644698,0.02711288,0.01324682,0.01044457,0.02153555,0.01988881,0.00208283
333,111.9209,0.3219401,1.417e-06,0.1474647,9.17e-07,0.00960382,0.02526222,0.01975356,0.01217123,0.01507298,0.02493313,0.0132719,0.01056223,0.02143322,0.02080439,0.001604332
334,112.2428,0.3414269,1e-06,0.1439492,1.084e-06,0.007422989,0.01691006,0.05681175,0.01275473,0.01345357,0.02280964,0.0131514,0.0109509,0.02134147,0.02038447,0.001484664
335,112.5842,0.3249369,1.25e-06,0.1429653,8.33e-07,0.01015632,0.02481855,0.03119762,0.01109515,0.01385606,0.02507688,0.01252215,0.0104919,0.0212108,0.02004264,0.001501414
336,112.9092,0.3729118,1.166e-06,0.147577,8.33e-07,0.00953282,0.02528496,0.0468886,0.0354867,0.01491223,0.02680588,0.0125629,0.01093774,0.02118447,0.02013864,0.001597832
337,113.2821,0.3442554,2.25e-06,0.1565624,1e-06,0.007270406,0.007867572,0.03663412,0.02780038,0.01367898,0.02960863,0.01168015,0.01065824,0.02103889,0.01995639,0.001496081
338,113.6263,0.3434859,2.167e-06,0.1572595,1.167e-06,0.007441906,0.01710173,0.0373592,0.01214415,0.01704089,0.02802538,0.01298973,0.01095665,0.02129264,0.02038739,0.001483331
339,113.9698,0.3132001,1.667e-06,0.147543,8.33e-07,0.007442073,0.0104089,0.02268647,0.01824122,0.01494548,0.0267548,0.01380765,0.008480489,0.02161297,0.01978689,0.001487748
340,114.283,0.3284527,2.25e-06,0.1548453,1.166e-06,0.009570404,0.02519855,0.01576906,0.01218657,0.01672848,0.02674696,0.01297115,0.0113194,0.02143455,0.02019122,0.001487664
341,114.6115,0.3393538,2.416e-06,0.159413,9.17e-07,0.007281906,0.007723989,0.02948304,0.02784788,0.0144419,0.02869113,0.01190848,0.009963236,0.02116172,0.01994572,0.001488414
342,114.9508,0.3272615,2.334e-06,0.156046,1.083e-06,0.009632487,0.02516655,0.01363065,0.01278215,0.01690339,0.02590146,0.01317898,0.01045282,0.02191655,0.0201663,0.001480748
343,115.2781,0.3135687,1.417e-06,0.1470456,1e-06,0.009537903,0.02529022,0.01267665,0.01211415,0.01526481,0.02495113,0.01289498,0.01043373,0.02144639,0.02042614,0.001484582
344,115.5917,0.3137352,1.5e-06,0.1457558,9.16e-07,0.009714904,0.02514797,0.01267865,0.0121649,0.01496156,0.02533238,0.01323031,0.01039157,0.02236497,0.02050414,0.001485664
345,115.9054,0.3137026,1.5e-06,0.1459771,1.084e-06,0.009607736,0.02519338,0.01280498,0.01224615,0.01514915,0.0251178,0.01321782,0.0112919,0.02117155,0.02043589,0.001486582
346,116.2191,0.3713253,1.667e-06,0.1460447,9.17e-07,0.008908654,0.0251063,0.04732218,0.03555937,0.01444215,0.0271613,0.01238257,0.01041157,0.02116355,0.0213308,0.001489582
347,116.5904,0.3396076,2.5e-06,0.1562039,1e-06,0.007438073,0.01695381,0.0374472,0.01257823,0.01570839,0.02557013,0.01321598,0.01133815,0.0212198,0.02044597,0.001484498
348,116.93,0.3137718,1.5e-06,0.146276,9.17e-07,0.00957582,0.02513005,0.01284815,0.01121707,0.0154629,0.0255843,0.01324465,0.01141282,0.02115547,0.02037697,0.001485248
349,117.2438,0.3148986,1.416e-06,0.146063,9.17e-07,0.00966282,0.02508738,0.01291573,0.01198698,0.01574798,0.02543122,0.01332648,0.0110954,0.02117164,0.02011064,0.002296997
350,117.5587,0.3394274,1.583e-06,0.1465635,8.33e-07,0.009858987,0.02517097,0.03177496,0.0126614,0.01896681,0.02763371,0.01329773,0.01043815,0.02126039,0.02030731,0.001491165
351,117.8981,0.2976011,1.334e-06,0.1448767,8.34e-07,0.007330989,0.01712898,0.01420023,0.00986982,0.01101898,0.02763471,0.01153007,0.01171715,0.0209508,0.01984906,0.001491414
352,118.1957,0.2955574,1.166e-06,0.1435191,1e-06,0.007331573,0.005911492,0.02271322,0.01733464,0.008872238,0.02520205,0.01345223,0.008411905,0.02146297,0.01984556,0.001498332
353,118.4913,0.4005984,1.334e-06,0.1477819,1.083e-06,0.009588153,0.0251108,0.04714368,0.03502212,0.01441206,0.02674146,0.02387963,0.01810314,0.03112304,0.0201943,0.001495748
354,118.8919,0.3314695,3.083e-06,0.1632641,9.16e-07,0.00994657,0.02502146,0.01287482,0.01136707,0.01595714,0.02688213,0.01239148,0.01035132,0.02151839,0.01985739,0.00203358
355,119.2234,0.3044587,1.25e-06,0.1441844,1.083e-06,0.007558823,0.01798281,0.01276765,0.01151515,0.01634481,0.0255903,0.01333281,0.01144023,0.02141905,0.01990697,0.002413414
356,119.5278,0.3372074,1.416e-06,0.1447816,1.083e-06,0.00747824,0.01748298,0.03877903,0.01990139,0.01494831,0.02496546,0.01436706,0.01056432,0.0213358,0.0209923,0.001608331
357,119.865,0.3645363,1.25e-06,0.1444222,9.16e-07,0.009937986,0.02518155,0.0470621,0.03332312,0.01403065,0.02813379,0.01082349,0.008666571,0.02165872,0.01980597,0.001487998
358,120.2296,0.3225315,2.167e-06,0.1546481,7.5e-07,0.009680737,0.02503005,0.01308431,0.01214798,0.01537381,0.02557796,0.01325248,0.0107094,0.02117539,0.02035305,0.001495248
359,120.5521,0.3123823,1.5e-06,0.1479605,1e-06,0.00722224,0.009894653,0.0226303,0.01588973,0.01274057,0.0262568,0.01631231,0.01075374,0.0212433,0.01998522,0.001490498
360,120.8645,0.327086,2.167e-06,0.153546,8.33e-07,0.00959957,0.0252903,0.01374273,0.01257682,0.01708398,0.02771505,0.01300765,0.01076823,0.0215548,0.01992547,0.002272413
361,121.1916,0.3165745,1.333e-06,0.14448,9.16e-07,0.007416407,0.0104944,0.02271422,0.01813473,0.01482423,0.02871996,0.01679364,0.01009315,0.02106564,0.01981906,0.002016747
362,121.5081,0.3213866,2.25e-06,0.1553308,1e-06,0.009672237,0.02522971,0.01286848,0.01248873,0.01412781,0.02437622,0.01333315,0.01076074,0.02118472,0.02042547,0.001585331
363,121.8295,0.3149051,1.417e-06,0.1480201,1e-06,0.01001149,0.02486071,0.01303957,0.01201423,0.01448448,0.0248173,0.01331281,0.0112684,0.02115855,0.02042447,0.001490581
364,122.1444,0.3127281,1.167e-06,0.1462117,1e-06,0.009612154,0.02521663,0.01300281,0.0126059,0.0140889,0.0246893,0.01317881,0.01071174,0.02152572,0.02039889,0.001483332
365,122.4572,0.3135807,1.417e-06,0.1465098,1e-06,0.01006357,0.02485413,0.01278982,0.01234857,0.01531406,0.02449872,0.01314873,0.01091973,0.02123122,0.02041697,0.001482998
366,122.7707,0.3155652,1.583e-06,0.1477417,1e-06,0.01001249,0.02483263,0.01333531,0.01202582,0.01523548,0.02460255,0.01310632,0.01083865,0.02118205,0.02115355,0.001496081
367,123.0863,0.3330099,1.417e-06,0.1475247,1e-06,0.007471323,0.01642856,0.03742686,0.01213898,0.01954922,0.02896513,0.0118584,0.008490989,0.02166447,0.02000514,0.001483665
368,123.4193,0.3149719,1.583e-06,0.1484815,8.33e-07,0.009938736,0.02485805,0.01287323,0.0118739,0.01533115,0.02448055,0.01303698,0.01098932,0.02117839,0.0204408,0.001486915
369,123.7343,0.3154639,1.333e-06,0.1460252,8.33e-07,0.009551987,0.02527947,0.01327031,0.01242432,0.01653898,0.02588813,0.0126649,0.01052265,0.02134672,0.02046289,0.001486165
370,124.0497,0.3122766,1.333e-06,0.1462619,9.17e-07,0.009656653,0.0252693,0.01276757,0.01093082,0.01482123,0.02513738,0.0133899,0.0109694,0.02142039,0.02016089,0.001488998
371,124.362,0.3277155,1.417e-06,0.1436541,1e-06,0.007255324,0.00720399,0.03641562,0.02771488,0.0148849,0.02845888,0.01078674,0.008528238,0.02154164,0.01971464,0.001554081
372,124.6897,0.332031,2.083e-06,0.1551868,9.17e-07,0.007286073,0.007753572,0.02024872,0.01806139,0.0138889,0.02832088,0.02817163,0.01048682,0.02106314,0.01998414,0.001575998
373,125.0218,0.3621612,2.75e-06,0.1623973,1e-06,0.00729224,0.007382073,0.03623628,0.02806271,0.02268772,0.02950246,0.01340415,0.01048032,0.0212913,0.02112514,0.002295747
374,125.3839,0.3371159,1.333e-06,0.1465487,9.17e-07,0.007326906,0.007382573,0.03642087,0.02820405,0.01561556,0.02852038,0.01545006,0.008581072,0.02166372,0.01991131,0.001488415
375,125.721,0.3588692,2.5e-06,0.1547815,9.16e-07,0.007287657,0.007379823,0.03619012,0.02876429,0.02260897,0.03409287,0.01315415,0.01141815,0.02123705,0.02043672,0.001514498
376,126.0799,0.350864,1.167e-06,0.1445761,1.084e-06,0.007417989,0.01694398,0.05748434,0.01814806,0.01399198,0.02309488,0.0147479,0.01133707,0.02118005,0.02044572,0.001493665
377,126.4308,0.30984,1.333e-06,0.1477863,1.083e-06,0.007386573,0.01024515,0.02307855,0.01809522,0.0116059,0.02715246,0.0134829,0.008973404,0.0207763,0.01976647,0.001488331
378,126.7406,0.330949,2.25e-06,0.1564111,9.17e-07,0.00967082,0.02525555,0.0138494,0.01298482,0.01765956,0.02724971,0.0131944,0.01093807,0.02153222,0.01992914,0.00227108
379,127.0716,0.34727,1.75e-06,0.1534115,8.33e-07,0.00736599,0.007639156,0.01778056,0.01806873,0.01360573,0.02334389,0.03012613,0.02763979,0.0263493,0.02045147,0.001485164
380,127.4188,0.3460659,2.834e-06,0.1659943,9.17e-07,0.00963182,0.0255233,0.01581281,0.01364731,0.01910439,0.02852638,0.01339765,0.01079665,0.02145405,0.01987339,0.00230008
381,127.7649,0.3383098,2.25e-06,0.1567263,1e-06,0.00745574,0.00717399,0.02341355,0.01798006,0.01478881,0.02904221,0.02827038,0.01056832,0.02138314,0.02000997,0.001494082
382,128.1032,0.3343087,1.417e-06,0.147654,9.17e-07,0.00744624,0.01715639,0.03756403,0.01205715,0.01736731,0.02768071,0.01310915,0.01067724,0.02135455,0.01994956,0.002290081
383,128.4375,0.3380572,1.25e-06,0.14409,9.17e-07,0.00722249,0.007911156,0.0363302,0.02794904,0.01552448,0.03065979,0.01554923,0.01005182,0.02110847,0.02015997,0.001498332
384,128.7756,0.351144,2.166e-06,0.1540601,9.16e-07,0.00728174,0.007849573,0.0363282,0.02840896,0.01920272,0.02883979,0.01439748,0.01138598,0.02118189,0.02011372,0.002090747
385,129.1267,0.3143216,1.417e-06,0.1455022,9.17e-07,0.009636903,0.02526088,0.01334973,0.01182207,0.01580773,0.0254153,0.01325598,0.01057307,0.02118564,0.02101664,0.001493165
386,129.441,0.3072429,1.666e-06,0.1490095,1e-06,0.009672154,0.02528063,0.01252232,0.01035107,0.01288907,0.02268472,0.01199132,0.009946403,0.02109889,0.02029656,0.001497581
387,129.7483,0.3158152,1.5e-06,0.148368,8.33e-07,0.007463323,0.0104099,0.0225308,0.01813214,0.01421965,0.0268223,0.01427156,0.01069707,0.02104789,0.01983197,0.002018247
388,130.0641,0.3405898,2.416e-06,0.1555341,1e-06,0.007431823,0.01714614,0.03742261,0.01234673,0.01650681,0.02727296,0.01278606,0.0107459,0.0212928,0.02014839,0.001951998
389,130.4047,0.399755,1.583e-06,0.1483883,8.33e-07,0.009688737,0.02504405,0.04710044,0.0340742,0.01399023,0.0266653,0.02418997,0.01710873,0.03194746,0.02006497,0.001490248
390,130.8044,0.3587583,2.75e-06,0.1637124,8.33e-07,0.007361656,0.007145907,0.02081572,0.01757148,0.01253148,0.02359205,0.03084871,0.02672246,0.0265263,0.02034622,0.001580415
391,131.1632,0.2995421,1.75e-06,0.1480155,7.5e-07,0.009567237,0.02567805,0.0122184,0.009179404,0.009170071,0.02300722,0.01122248,0.008470572,0.02138497,0.02013797,0.001487665
392,131.4627,0.3214509,1.416e-06,0.1468929,9.16e-07,0.00742574,0.01044957,0.02267072,0.01839914,0.01601498,0.02719813,0.01679664,0.01058982,0.02233089,0.02030814,0.002371914
393,131.7842,0.3228124,2.167e-06,0.155024,1.167e-06,0.009751986,0.02522397,0.0131999,0.01250273,0.01458615,0.02481263,0.01329623,0.01118749,0.02122264,0.02041322,0.001588164
394,132.107,0.342358,1.25e-06,0.1471298,1e-06,0.008692238,0.02519063,0.03106296,0.01876889,0.01642056,0.02553913,0.01445473,0.01046715,0.02227914,0.02007156,0.002278996
395,132.4494,0.2950452,1.666e-06,0.144935,9.17e-07,0.009596986,0.02548646,0.01210082,0.009421904,0.008806238,0.02266772,0.01095107,0.008422989,0.0211138,0.02004747,0.001492081
396,132.7444,0.3021346,1.334e-06,0.15123,9.17e-07,0.009555653,0.02510847,0.01234182,0.00949357,0.009992153,0.02224238,0.0109354,0.008461405,0.02126989,0.0200308,0.001470748
397,133.0465,0.3107132,1.667e-06,0.1479485,9.17e-07,0.00956357,0.0251238,0.01277098,0.0103239,0.01452398,0.0242418,0.01248823,0.01008015,0.02181814,0.02032789,0.001499665
398,133.3573,0.310966,1.333e-06,0.1463203,1.25e-06,0.007228656,0.01041865,0.02263655,0.0154659,0.01428698,0.0248773,0.01676398,0.01042407,0.0210523,0.01998797,0.001500748
399,133.6682,0.3186836,2.833e-06,0.1539111,8.34e-07,0.009690903,0.02519438,0.01277723,0.0117089,0.01451106,0.02504355,0.0123134,0.01059965,0.02105805,0.02037797,0.001493748
400,133.9869,0.3710837,1.333e-06,0.146269,9.16e-07,0.008838321,0.02525355,0.04693727,0.03611587,0.0145904,0.02541696,0.01241107,0.01129824,0.02146105,0.01985747,0.00263233
401,134.358,0.3505825,2.667e-06,0.155484,1e-06,0.007268156,0.007798573,0.01703089,0.01792973,0.0130324,0.0274963,0.03001471,0.02591696,0.02682071,0.02028464,0.001501831
402,134.7086,0.3241119,2.333e-06,0.1609855,9.16e-07,0.009772737,0.02507747,0.01378206,0.0111444,0.01321357,0.02388963,0.0124164,0.01082057,0.02115497,0.02012389,0.001727414
403,135.0327,0.3028302,2.083e-06,0.151632,9.16e-07,0.009669403,0.02542263,0.01235198,0.009420653,0.009768737,0.02212064,0.01089098,0.008300822,0.02157422,0.02019147,0.001483665
404,135.3355,0.3167666,1.416e-06,0.1468646,8.33e-07,0.009551237,0.02590655,0.01290965,0.01207265,0.01618364,0.02560605,0.01340948,0.01118782,0.02141214,0.02016255,0.001497915
405,135.6523,0.3176311,1.417e-06,0.1467201,8.34e-07,0.007499239,0.0104104,0.02347789,0.01809089,0.01431356,0.02918679,0.01636773,0.008630071,0.02168005,0.01976206,0.001489998
406,135.9699,0.3232663,2.5e-06,0.1551022,9.17e-07,0.007455906,0.01045007,0.0225473,0.01791714,0.01466506,0.02765646,0.01441565,0.01001257,0.02103889,0.02051164,0.001489997
407,136.2932,0.337558,2.25e-06,0.1553979,9.17e-07,0.007374073,0.01652248,0.0385332,0.0125744,0.01428056,0.0246428,0.01362081,0.01127815,0.02127897,0.01995189,0.002099664
408,136.6307,0.3681887,1.083e-06,0.1443528,8.33e-07,0.008638155,0.02520505,0.04701968,0.03547387,0.01431198,0.02695588,0.0126489,0.01059848,0.0213783,0.02011022,0.001493498
409,136.9989,0.3181739,2.167e-06,0.1554745,9.16e-07,0.009585737,0.02539347,0.01250723,0.01179448,0.01305457,0.02488472,0.01184315,0.01054298,0.02111922,0.02047864,0.001492081
410,137.3171,0.3151036,1.5e-06,0.148042,1.25e-06,0.009998736,0.0248513,0.01290248,0.01262573,0.01438031,0.02468763,0.01305556,0.0112939,0.02117089,0.02016947,0.001922831
411,137.6322,0.3141652,1.917e-06,0.1473195,1.083e-06,0.009734487,0.02521072,0.01276782,0.0126594,0.01418123,0.02459513,0.01314957,0.01143648,0.02116097,0.02045864,0.001488248
412,137.9464,0.314205,1.416e-06,0.1473371,9.17e-07,0.009694986,0.02523896,0.0131204,0.01233173,0.01424631,0.02492746,0.01331798,0.01083082,0.0214423,0.02022505,0.001489498
413,138.2606,0.3149309,1.333e-06,0.1474357,9.16e-07,0.009588404,0.02526705,0.01288615,0.01227215,0.01446423,0.02501097,0.01317723,0.01187715,0.02125355,0.02021172,0.001484331
414,138.5755,0.3050528,2.333e-06,0.144203,9.17e-07,0.00736574,0.007170073,0.02111547,0.02023847,0.01309715,0.02630963,0.01388623,0.008471655,0.0216788,0.02001281,0.001500582
415,138.8806,0.3506998,1.75e-06,0.1475505,9.17e-07,0.007376239,0.007904739,0.03631503,0.02778213,0.01552789,0.03025138,0.02420622,0.0107989,0.02107414,0.02015572,0.001754248
416,139.2313,0.3134177,1.167e-06,0.1473291,1.084e-06,0.00968182,0.02527488,0.01321465,0.01189015,0.0140279,0.02477955,0.01312207,0.01084374,0.02127522,0.02049014,0.001486248
417,139.5447,0.3406074,1.416e-06,0.1466521,9.17e-07,0.007480739,0.01645706,0.03860461,0.01649089,0.02013181,0.02763605,0.0131294,0.01091782,0.02153814,0.02007955,0.001486915
418,139.8853,0.3018445,1.25e-06,0.144043,1e-06,0.007464573,0.01699723,0.01274707,0.01390456,0.01427673,0.02491388,0.01327231,0.01120265,0.02125205,0.02017047,0.001597747
419,140.1871,0.3674709,1.417e-06,0.1437757,1e-06,0.008901904,0.0251223,0.04816552,0.03530362,0.01356265,0.02521722,0.01265548,0.01136532,0.02118155,0.01993339,0.00228383
420,140.5546,0.3301339,2.25e-06,0.1562484,9.16e-07,0.007247657,0.01050132,0.02341247,0.01611906,0.01547123,0.02562105,0.01833881,0.01159823,0.0238753,0.02019956,0.001497665
421,140.8847,0.3148323,2.25e-06,0.1531626,1e-06,0.007234573,0.009900236,0.02315189,0.01305031,0.01331031,0.0223593,0.01858531,0.009998736,0.02110547,0.02082222,0.002148081
422,141.1996,0.3407264,1.334e-06,0.1458217,9.16e-07,0.007286574,0.007945905,0.03634687,0.02847346,0.01492181,0.03194271,0.01529556,0.009966736,0.0211963,0.02003072,0.001495748
423,141.5403,0.3528764,2.25e-06,0.153034,8.33e-07,0.007247907,0.007388823,0.03640212,0.02932679,0.02244055,0.02882954,0.01325848,0.01117215,0.02122697,0.02025664,0.002289414
424,141.8932,0.3508178,1.417e-06,0.1448712,8.34e-07,0.007457073,0.01699548,0.05685817,0.01920947,0.01398065,0.02276689,0.01422415,0.01072624,0.0211888,0.02013522,0.002402247
425,142.244,0.3369921,1.417e-06,0.1459727,8.34e-07,0.007245406,0.007357157,0.03631553,0.02813429,0.01609173,0.03252995,0.01178565,0.008569739,0.0216523,0.01983606,0.001499331
426,142.581,0.3027172,1.084e-06,0.1451302,9.16e-07,0.007539323,0.0104269,0.02262155,0.01733614,0.009700986,0.02439238,0.01380531,0.008794155,0.02169055,0.01977347,0.001504165
427,142.8837,0.3373468,2.167e-06,0.154275,9.17e-07,0.007385656,0.01695048,0.03770336,0.01234957,0.0150599,0.02590871,0.01346715,0.0106954,0.02130405,0.02074731,0.001497081
428,143.221,0.3760686,1.333e-06,0.1437287,8.34e-07,0.009840319,0.02506913,0.0480251,0.03597328,0.0146269,0.02714121,0.02047922,0.008380989,0.02146039,0.01985597,0.001485248
429,143.5971,0.3137073,1.167e-06,0.1446512,8.34e-07,0.007617572,0.01045332,0.02257372,0.01835481,0.0140154,0.02781146,0.01450115,0.01081557,0.02104714,0.01984547,0.002018497
430,143.9108,0.3467721,2.417e-06,0.1566862,9.17e-07,0.007487072,0.01651223,0.03825861,0.01890089,0.01486415,0.02500705,0.0145614,0.01122157,0.02155489,0.02022756,0.001487165
431,144.2576,0.3180427,1.416e-06,0.146277,1e-06,0.009719236,0.02547455,0.01308948,0.0121399,0.01688306,0.0264958,0.01287615,0.01134132,0.02142705,0.01989231,0.002424496
432,144.5756,0.3106657,1.334e-06,0.1453354,8.33e-07,0.00971007,0.02523255,0.01300282,0.01151715,0.01490873,0.02518788,0.01237615,0.01043665,0.02116997,0.02027531,0.001510914
433,144.8863,0.3174528,1.667e-06,0.1475264,1e-06,0.009486987,0.02524321,0.01423123,0.01250432,0.01567131,0.02613196,0.01289107,0.01065765,0.0214348,0.02017139,0.001499831
434,145.2038,0.3154788,1.417e-06,0.1461338,1.167e-06,0.00956082,0.02583246,0.01284873,0.01194165,0.01616123,0.02559938,0.01326448,0.01097532,0.02122589,0.02046672,0.001465748
435,145.5192,0.3144518,1.166e-06,0.1455669,9.17e-07,0.00968682,0.02527096,0.01297665,0.01234065,0.01598806,0.02550813,0.01324507,0.0106544,0.0213563,0.02038572,0.001470081
436,145.8337,0.3194287,1.416e-06,0.1465323,1e-06,0.009580404,0.02573821,0.01360773,0.0125939,0.01674089,0.02671446,0.01288048,0.01124465,0.02142239,0.01993931,0.00243158
437,146.1531,0.3349435,1.417e-06,0.1447435,1e-06,0.007460573,0.01656931,0.0376672,0.01286015,0.01903239,0.02844763,0.01334331,0.01123057,0.02118955,0.01996489,0.00243208
438,146.4881,0.3224074,1.334e-06,0.144393,8.33e-07,0.009607653,0.02517721,0.01598606,0.01278182,0.01877256,0.02822413,0.01300948,0.01118023,0.02143197,0.02025339,0.001587664
439,146.8105,0.3490713,2.583e-06,0.1569142,1e-06,0.007278323,0.007849239,0.03636295,0.02790754,0.0150449,0.03129137,0.01489173,0.008600322,0.0216753,0.01976639,0.001485498
440,147.1595,0.333746,2.416e-06,0.155938,7.5e-07,0.00972582,0.02518321,0.01588198,0.01279948,0.01840347,0.02835596,0.0129374,0.01131815,0.02143147,0.01996997,0.001797915
441,147.4933,0.3508059,2.084e-06,0.1544883,1.25e-06,0.007397906,0.01040482,0.0334087,0.02881921,0.01602089,0.03130779,0.01754539,0.008608821,0.02148222,0.01982339,0.001495164
442,147.8441,0.3216745,2.416e-06,0.1556832,1.084e-06,0.009542403,0.0252258,0.01387206,0.01104365,0.01469998,0.02526338,0.01259165,0.0108194,0.02122014,0.02021264,0.001496665
443,148.1658,0.311949,1.417e-06,0.147608,8.34e-07,0.009661403,0.02514963,0.0137489,0.01063782,0.01454406,0.02521072,0.01244198,0.01000215,0.02116472,0.02027956,0.001497748
444,148.4777,0.3192548,1.5e-06,0.1478501,1e-06,0.009724236,0.02520146,0.01334806,0.0122514,0.01646689,0.02715821,0.01290832,0.0107214,0.02143439,0.01990839,0.002279414
445,148.797,0.3145273,1.25e-06,0.1446563,1.084e-06,0.00958782,0.02525213,0.01299131,0.01229015,0.01570315,0.02659571,0.01322607,0.01069274,0.02125089,0.01999272,0.002285997
446,149.1115,0.3113208,1.167e-06,0.1454942,8.33e-07,0.007598323,0.01047082,0.02253272,0.01788972,0.01430498,0.0253673,0.01415381,0.01071957,0.02112555,0.01998456,0.001677248
447,149.4228,0.3225406,2.417e-06,0.1536705,1e-06,0.009614737,0.02530888,0.01438006,0.0127194,0.01519773,0.02481563,0.01269481,0.01080099,0.02117872,0.02066972,0.001486081
448,149.7454,0.3176006,1.334e-06,0.1509485,1e-06,0.007292073,0.01046024,0.02269605,0.01348573,0.01261973,0.02411997,0.01834014,0.009172238,0.02717455,0.01978472,0.001504414
449,150.063,0.3297835,2.5e-06,0.1558464,9.16e-07,0.007377573,0.007159657,0.01759314,0.01861547,0.01386465,0.02835496,0.02746721,0.01021515,0.0213843,0.01988414,0.002017414
450,150.3927,0.3141102,1.584e-06,0.1454455,9.17e-07,0.009592153,0.02514747,0.01330382,0.0121874,0.01526706,0.02544297,0.01330265,0.01133865,0.02118114,0.02041506,0.001483914
451,150.7069,0.334941,1.417e-06,0.1464137,8.33e-07,0.007325657,0.01705656,0.03759528,0.01219698,0.01820222,0.02807013,0.01307482,0.01127123,0.02119605,0.02010797,0.002428163
452,151.0418,0.3169856,1.083e-06,0.1459204,9.17e-07,0.007559906,0.01669831,0.02473838,0.01244465,0.01652556,0.0261863,0.01268257,0.01052524,0.0211838,0.02009372,0.002424747
453,151.3588,0.3277994,1.417e-06,0.1444552,9.17e-07,0.007450489,0.01689506,0.0375447,0.01221515,0.01460281,0.02614871,0.0134884,0.01129465,0.02135455,0.02085239,0.001494915
454,151.6866,0.3553258,1.083e-06,0.1434895,1.083e-06,0.007491573,0.01711798,0.05667917,0.01986681,0.01410765,0.02487747,0.01433323,0.0114284,0.02418547,0.0202393,0.001507165
455,152.0419,0.3975426,1.333e-06,0.1435389,9.17e-07,0.00947407,0.0251753,0.0482196,0.03449637,0.01435956,0.02781946,0.02399172,0.01663664,0.03230312,0.02004006,0.001485581
456,152.4394,0.3421709,1.75e-06,0.1476854,1e-06,0.00730749,0.009919069,0.03052879,0.02779446,0.02356597,0.02940621,0.01502498,0.008560321,0.02097547,0.01991322,0.001486832
457,152.7816,0.32433,2.333e-06,0.1530405,9.16e-07,0.009701903,0.02560863,0.01317398,0.01215932,0.01696464,0.02601613,0.0128619,0.01094023,0.02170822,0.01988239,0.002268831
458,153.1059,0.3000562,1.5e-06,0.1444529,7.5e-07,0.00736324,0.01686723,0.01308715,0.01033407,0.01476506,0.02777663,0.01240698,0.01013265,0.02113539,0.02013306,0.001599582
459,153.406,0.3275163,1.083e-06,0.143707,9.17e-07,0.009879819,0.02517263,0.03122779,0.01139948,0.01414431,0.02640063,0.01239682,0.01015932,0.02110497,0.02044072,0.001480831
460,153.7335,0.3777976,1.167e-06,0.1463834,1e-06,0.01021707,0.0248223,0.04678627,0.03537295,0.0137154,0.0257193,0.01818706,0.01087065,0.02404055,0.02017789,0.001502664
461,154.1113,0.3628619,2.833e-06,0.1642449,8.33e-07,0.00731874,0.007925656,0.05398409,0.02072839,0.0141829,0.0253818,0.01439731,0.01101665,0.0213883,0.01985822,0.00243133
462,154.4742,0.3111637,1.334e-06,0.1447189,1e-06,0.009591403,0.02522438,0.01285948,0.01238015,0.0139169,0.0246693,0.01336073,0.01146365,0.02124855,0.02024047,0.001487498
463,154.7853,0.2947554,1.25e-06,0.1444995,9.16e-07,0.00727624,0.007185824,0.0205798,0.01683081,0.009557237,0.0239693,0.01349581,0.008496404,0.0214788,0.01990014,0.001483414
464,155.0801,0.3139741,1.584e-06,0.1467445,9.16e-07,0.009738403,0.02512297,0.01330681,0.01227765,0.01652839,0.02666805,0.01241815,0.008491155,0.02120789,0.01998072,0.001486832
465,155.3941,0.3173672,1.417e-06,0.1458804,1.25e-06,0.00961032,0.0252258,0.0135599,0.01243857,0.01621439,0.02629205,0.01326598,0.0116549,0.02145339,0.02018289,0.001585997
466,155.7114,0.3121206,1.334e-06,0.1477122,1e-06,0.009627987,0.02513055,0.01303056,0.01032857,0.0151524,0.0251988,0.01255707,0.01049332,0.0211303,0.02026014,0.001496331
467,156.0236,0.3192992,1.5e-06,0.1472893,9.17e-07,0.009575403,0.02527746,0.01457915,0.01233932,0.01633081,0.02578646,0.01277848,0.01098182,0.02184822,0.02009972,0.002410664
468,156.3429,0.3364344,1.416e-06,0.1446315,1.083e-06,0.00725974,0.007979656,0.03634637,0.02813171,0.01604489,0.03343862,0.01170265,0.008448488,0.02099405,0.01996597,0.001488248
469,156.6793,0.3276965,1.25e-06,0.1438064,1e-06,0.007514656,0.01716456,0.02980463,0.01820214,0.01526615,0.02772638,0.01433231,0.01078349,0.02153472,0.02007014,0.001488748
470,157.007,0.338633,1.666e-06,0.1487243,1e-06,0.007488073,0.01643948,0.03745528,0.01277315,0.01923414,0.02883113,0.01327307,0.0107729,0.0212178,0.01997997,0.00244108
471,157.3456,0.3079267,1.333e-06,0.1439495,8.33e-07,0.007370407,0.006447741,0.02277572,0.02007772,0.01369806,0.02627171,0.01426448,0.01056657,0.02105556,0.0199473,0.001499831
472,157.6535,0.334717,1.916e-06,0.1472097,8.33e-07,0.007323407,0.007945656,0.03636862,0.02761646,0.0153039,0.02874896,0.01245107,0.008555571,0.02170789,0.01998647,0.001496581
473,157.9883,0.3235077,1.167e-06,0.147695,1.167e-06,0.007527739,0.01647923,0.03711928,0.0113749,0.01352156,0.02394063,0.0123264,0.01061249,0.02109289,0.02031622,0.001498998
474,158.3118,0.3172042,1.417e-06,0.1462381,8.33e-07,0.00963857,0.02518272,0.0134844,0.01303256,0.01719439,0.02556063,0.01317207,0.01058973,0.02142364,0.02019656,0.001488582
475,158.629,0.3090609,2.084e-06,0.1522805,9.16e-07,0.007278907,0.009914236,0.02321647,0.009446987,0.01613314,0.02843313,0.01050115,0.008360072,0.02108572,0.02092297,0.001484582
476,158.938,0.3103419,1.416e-06,0.1438284,9.16e-07,0.00725149,0.01048915,0.02509313,0.01400006,0.01117373,0.02331847,0.01795389,0.0100534,0.02584755,0.01978105,0.001549248
477,159.2484,0.3361541,2.166e-06,0.1553503,8.34e-07,0.007495406,0.01693231,0.0376412,0.01221465,0.0139699,0.02462863,0.01372607,0.0108959,0.02118947,0.02054455,0.001562747
478,159.5845,0.3417171,1.583e-06,0.1463328,8.34e-07,0.00963032,0.02515813,0.03348612,0.01902339,0.0147104,0.02468038,0.01437731,0.01087832,0.02160839,0.0203408,0.001488332
479,159.9263,0.3173562,1.334e-06,0.1475985,9.17e-07,0.00740149,0.01037515,0.02298822,0.01823356,0.01560414,0.02638188,0.01439898,0.01081373,0.02158872,0.01990181,0.002067747
480,160.2436,0.3204156,2.25e-06,0.154369,8.34e-07,0.007250573,0.01041032,0.02297147,0.01450315,0.0144674,0.02522571,0.01785664,0.01040374,0.02128822,0.02018122,0.001485165
481,160.564,0.352436,2.083e-06,0.1541527,1e-06,0.008296905,0.007454073,0.03670762,0.02883679,0.02015689,0.03397529,0.01160657,0.008335322,0.02130055,0.02011839,0.001491831
482,160.9165,0.312742,1.5e-06,0.1459388,1.083e-06,0.0100224,0.02488221,0.01276923,0.01250857,0.01470165,0.02465338,0.01321323,0.01072232,0.02118522,0.02017497,0.001967414
483,161.2292,0.3125829,1.25e-06,0.1457353,1e-06,0.009922653,0.02494388,0.01323248,0.01231557,0.01409098,0.02469038,0.01306923,0.0108584,0.02128039,0.02014997,0.002291414
484,161.5418,0.3204241,1.167e-06,0.144845,9.16e-07,0.00743899,0.00990732,0.02317097,0.01833981,0.01640356,0.03079037,0.01804756,0.008556655,0.0216853,0.01974981,0.001486664
485,161.8622,0.3109818,1.334e-06,0.1471346,1.25e-06,0.00967257,0.02515305,0.01268482,0.01090474,0.01355481,0.02636288,0.0125259,0.0100599,0.02116805,0.02026197,0.001495915
486,162.1732,0.3229035,1.75e-06,0.1478194,1.084e-06,0.009982403,0.02488938,0.01990555,0.0121179,0.01556665,0.0255988,0.01312315,0.01075782,0.02140697,0.02024506,0.001487581
487,162.4961,0.3226458,2.25e-06,0.1566798,1e-06,0.009628737,0.02513097,0.01270648,0.01128432,0.01458548,0.02691788,0.01242715,0.01032499,0.02115847,0.02029755,0.001500748
488,162.8187,0.3110986,1.5e-06,0.1460913,8.34e-07,0.007423906,0.01047015,0.02393363,0.01587431,0.01255148,0.02367022,0.01649131,0.0107664,0.02231464,0.0200133,0.001495582
489,163.1298,0.3067967,2.333e-06,0.1548858,1.083e-06,0.00967357,0.02540488,0.0121619,0.009446487,0.009369487,0.02356272,0.0112734,0.008393738,0.02114764,0.01998714,0.001486497
490,163.4366,0.3299469,1.5e-06,0.1460303,1.083e-06,0.007393074,0.01710723,0.03745328,0.01215523,0.0147704,0.02740754,0.0132039,0.01112698,0.02117122,0.02010264,0.002022498
491,163.7666,0.3424632,1.25e-06,0.1516806,8.33e-07,0.01000415,0.02509788,0.03320604,0.01271698,0.01881481,0.02832804,0.01121223,0.008342655,0.02172355,0.01982514,0.001508997
492,164.109,0.31842,1.166e-06,0.1446695,1e-06,0.007257656,0.01048674,0.02269714,0.01590848,0.01555831,0.02695946,0.01835697,0.01032349,0.02471955,0.01999314,0.001487414
493,164.4275,0.3182312,2.167e-06,0.1519765,8.34e-07,0.009645486,0.0252578,0.01277107,0.01269465,0.01373523,0.02406963,0.01274215,0.01159115,0.02118305,0.02025839,0.002303163
494,164.7457,0.3358764,1.25e-06,0.145696,8.33e-07,0.007394156,0.01710106,0.03758261,0.01224873,0.02021472,0.02837921,0.01323457,0.01048174,0.02117564,0.01993356,0.00243233
495,165.0816,0.3172001,1.417e-06,0.1452156,9.17e-07,0.009634903,0.0251963,0.01384081,0.01251907,0.01672264,0.02652113,0.01293915,0.01150148,0.02144997,0.02017164,0.001485081
496,165.3988,0.3161838,1.583e-06,0.1464038,9.16e-07,0.00958982,0.02647855,0.0127974,0.0123984,0.01568014,0.0256183,0.01315106,0.01093657,0.02144755,0.02019056,0.001489164
497,165.715,0.3299405,1.25e-06,0.1461013,9.17e-07,0.007450156,0.01711198,0.03779386,0.01221307,0.01833539,0.02807029,0.01120182,0.008508238,0.02167164,0.01997722,0.001503331
498,166.0449,0.333129,1.417e-06,0.147544,1e-06,0.00740199,0.01703039,0.03750403,0.01254523,0.01559723,0.02741113,0.01322206,0.0109024,0.02115805,0.02052864,0.002281331
499,166.378,0,0,0,0,0,0,0,0,0,0,0,0,0,0,0

Averages:
0.3327561,1.62667e-06,0.1484001,9.4e-07,0.012789,0.01899275,0.02566009,0.01697416,0.0153327,0.02627833,0.0140966,0.01079639,0.02158403,0.02016886,0.00168044
