OpenCV version: 2.4
Usage: 7-SobelDerivatives <input-number> [<samples>]
input-number - is the video device number. Defaults to zero. E.g. for /dev/video2 just use '2' as argument.
samples - number of samples before application ends. Defaults to 1000; zero means infinite.
sample_number,elapsed_time,frame,mat_alloc,read_img,gpumat_alloc,gpu_frame_upload,convert_color,gaussian_blur,sobel,convert_scale,sobel2,convert_scale2,add_weighted,gpu_frame_download,show_img
0,0,0.05658775,4.083e-06,0.01207048,6.67e-07,0.001506248,0.005457659,0.008999987,0.007241157,0.005828325,0.007212406,0.003878078,0.001940164,0.001249748,0.001198749
1,0.05658775,0.1146255,1.5e-06,0.05532267,9.17e-07,0.001693497,0.04318086,0.002278581,0.004363494,0.001032415,0.001869247,0.003303745,0.000770666,0.000601916,0.000206
2,0.1712133,0.02330797,1.084e-06,0.0112844,7.5e-07,0.001035499,0.001135665,0.001622164,0.001981914,0.001118582,0.002296414,0.001046581,0.000751583,0.000640666,0.000392666
3,0.1945212,0.02348347,1.833e-06,0.0110454,7.5e-07,0.001041666,0.001312498,0.00192183,0.002203914,0.001064748,0.002118581,0.001158082,0.000845248,0.000505083,0.000263833
4,0.2180047,0.02848788,1.666e-06,0.01376773,6.67e-07,0.001078998,0.001607581,0.00241333,0.002557913,0.001407998,0.002444164,0.001248581,0.000983082,0.000606333,0.000369832
5,0.2464926,0.0330582,9.16e-07,0.01625706,1.083e-06,0.001247665,0.001584915,0.002405413,0.003423245,0.001481498,0.003153579,0.001478331,0.001220832,0.000538416,0.000265249
6,0.2795508,0.02886904,1.917e-06,0.01098182,8.33e-07,0.001038332,0.002299747,0.003294495,0.003260745,0.001481248,0.003071496,0.001500581,0.001185165,0.000528,0.000224666
7,0.3084198,0.03171162,1.25e-06,0.01414998,7.5e-07,0.001103998,0.002095248,0.003461495,0.003250828,0.001478998,0.003086163,0.001466498,0.000860832,0.000507499,0.000248083
8,0.3401314,0.02783221,1.417e-06,0.01358223,1e-06,0.001180498,0.001700498,0.00241758,0.00253408,0.001179415,0.00234783,0.001208081,0.000964666,0.000493832,0.000221083
9,0.3679636,0.03134462,1.084e-06,0.0131179,8.33e-07,0.001058999,0.001733331,0.00247033,0.002558746,0.003032662,0.004816827,0.001175082,0.000662999,0.000493332,0.0002225
10,0.3993083,0.03719978,1.166e-06,0.01430723,6.67e-07,0.001146748,0.001421498,0.002405997,0.004070828,0.007301239,0.003176163,0.001716414,0.000856249,0.000548749,0.000246833
11,0.4365081,0.04028253,1.5e-06,0.02007139,1.083e-06,0.001059915,0.001561498,0.00247458,0.007368323,0.002742496,0.002388164,0.001155331,0.000661749,0.000474833,0.000321666
12,0.4767906,0.03212704,1.25e-06,0.01207765,7.5e-07,0.001044165,0.001603832,0.003369411,0.007835656,0.001281248,0.002350164,0.001167248,0.000665749,0.000477499,0.000252417
13,0.5089176,0.02748663,1.084e-06,0.01356381,1e-06,0.001259748,0.003026079,0.002002581,0.002177164,0.001026415,0.00197433,0.001158582,0.000567166,0.000501499,0.000227167
14,0.5364042,0.02981296,1.417e-06,0.01546631,1.25e-06,0.001533331,0.001702081,0.00241558,0.00252583,0.001179748,0.002355163,0.001146832,0.000777249,0.000484916,0.00022325
15,0.5662172,0.02805096,1.084e-06,0.01428098,7.5e-07,0.001149748,0.001578164,0.002413664,0.002545996,0.001197165,0.002347997,0.001162415,0.000670249,0.000463749,0.000239
16,0.5942682,0.02706696,1.5e-06,0.01339515,6.67e-07,0.001161665,0.001586748,0.00240808,0.002538663,0.001162915,0.002279413,0.001165165,0.00066575,0.000477332,0.000223917
17,0.6213351,0.03174571,1.167e-06,0.0141814,8.33e-07,0.001151248,0.002090748,0.003390161,0.003254663,0.001480997,0.003080413,0.001468831,0.000858832,0.000541666,0.00024475
18,0.6530808,0.02713263,1.083e-06,0.01336665,7.5e-07,0.001038999,0.001664081,0.002421246,0.00253258,0.001197998,0.002343247,0.001174582,0.000664082,0.000477499,0.000249833
19,0.6802135,0.02861913,1e-06,0.01336373,6.67e-07,0.001051915,0.001574164,0.002395997,0.00256558,0.001490414,0.003067663,0.001484998,0.000865582,0.000534582,0.000222833
20,0.7088326,0.03181871,1.25e-06,0.01406748,8.34e-07,0.001023998,0.002282914,0.003301662,0.003269412,0.001703081,0.003084912,0.001467498,0.000865999,0.000524499,0.000225166
21,0.7406513,0.03032054,1.5e-06,0.01276023,7.5e-07,0.001034998,0.002099164,0.003284996,0.003265412,0.001619747,0.003073079,0.001474415,0.000857166,0.000514999,0.000334083
22,0.7709718,0.02809363,1.083e-06,0.01430948,7.5e-07,0.001324998,0.001422831,0.002410497,0.002526497,0.001183248,0.002393913,0.001168915,0.000664916,0.000462999,0.0002235
23,0.7990655,0.02775429,1.083e-06,0.01406698,1.084e-06,0.001030665,0.001583331,0.002417163,0.002539997,0.001195415,0.00238183,0.001181248,0.000668166,0.000469333,0.000217999
24,0.8268198,0.02732263,1e-06,0.0134354,5.83e-07,0.001107999,0.001571998,0.002407079,0.002561914,0.001168331,0.002515663,0.001180999,0.000668582,0.000480083,0.000222999
25,0.8541424,0.03515645,1.583e-06,0.01844023,7.5e-07,0.001233748,0.001598331,0.003001079,0.003262745,0.001470332,0.003068162,0.001474331,0.000861999,0.000520333,0.000222833
26,0.8892988,0.03016887,1.25e-06,0.01331506,5.83e-07,0.001127998,0.001933248,0.003269828,0.002936496,0.001607998,0.002904329,0.001470082,0.000861832,0.000521666,0.000218499
27,0.9194677,0.02692838,1.083e-06,0.01377773,9.17e-07,0.001052915,0.001420081,0.002467247,0.002279663,0.001194498,0.002206831,0.001161915,0.000665665,0.0004775,0.000222333
28,0.9463961,0.02705104,1.083e-06,0.01386356,8.33e-07,0.001122999,0.001416831,0.00240683,0.002287913,0.001185749,0.002209413,0.001174749,0.000668082,0.000470416,0.000242583
29,0.9734471,0.02649088,9.16e-07,0.01340848,8.33e-07,0.001082582,0.001359665,0.002409413,0.002277997,0.001202665,0.00220958,0.001167665,0.000668582,0.000482833,0.000219666
30,0.999938,0.03507662,1.5e-06,0.01834464,7.5e-07,0.001140915,0.001843748,0.003316245,0.002994413,0.001466081,0.002874496,0.001484081,0.000861249,0.000526416,0.000222083
31,1.035015,0.0269298,1e-06,0.01375998,5.83e-07,0.001092666,0.001354664,0.002529247,0.00227058,0.001193582,0.002194496,0.001166999,0.000669082,0.000477416,0.0002195
32,1.061944,0.02734579,9.17e-07,0.01407498,9.16e-07,0.001204415,0.001431915,0.002417497,0.002275913,0.001180499,0.002203663,0.001159082,0.000675916,0.000502416,0.000217666
33,1.08929,0.02848813,1.167e-06,0.01468448,7.5e-07,0.001116248,0.001411665,0.002407913,0.002278831,0.001193081,0.002209914,0.001558164,0.000859832,0.000521416,0.000244667
34,1.117778,0.03501203,1.334e-06,0.01819072,1e-06,0.001194165,0.001929081,0.003276245,0.002967246,0.001473415,0.002881329,0.001468331,0.000858249,0.000523083,0.000247833
35,1.15279,0.03049179,1.083e-06,0.01352415,1e-06,0.001074331,0.001944914,0.003265246,0.003132912,0.001520915,0.002915746,0.001468914,0.000864832,0.000558499,0.00021925
36,1.183282,0.02701405,1.083e-06,0.01382098,7.5e-07,0.001092248,0.001362082,0.002497163,0.002285663,0.001187165,0.002216331,0.001180498,0.000678666,0.000472082,0.000219333
37,1.210296,0.02776338,1e-06,0.01369215,8.33e-07,0.001172248,0.001549998,0.002415164,0.00236658,0.001191165,0.002206496,0.001554748,0.000873499,0.000519416,0.000220083
38,1.23806,0.04079194,1.25e-06,0.01533265,1e-06,0.001552164,0.00231458,0.005743659,0.003024996,0.00649799,0.002892496,0.001781498,0.000852332,0.000549833,0.000247499
39,1.278852,0.03435345,1.166e-06,0.01438731,9.17e-07,0.001082915,0.001418915,0.002400913,0.002357414,0.001189165,0.002211997,0.003518078,0.005064743,0.000496999,0.000222916
40,1.313205,0.04055611,1.083e-06,0.01502573,6.66e-07,0.001305082,0.001924664,0.003262579,0.00430666,0.008456322,0.003003496,0.001687914,0.000853499,0.000509166,0.000219249
41,1.353761,0.03243237,1.083e-06,0.01661614,1e-06,0.001165999,0.001363581,0.002637413,0.002339997,0.001186915,0.002213747,0.001167581,0.000760833,0.002727746,0.000250333
42,1.386193,0.02749204,1e-06,0.01440298,9.16e-07,0.001052582,0.001418915,0.00240733,0.002245247,0.001168082,0.00217933,0.001229581,0.000669499,0.0004725,0.000244083
43,1.413686,0.02711063,1.083e-06,0.01383265,8.33e-07,0.001076916,0.001361831,0.002396247,0.002425496,0.001187499,0.002258663,0.001175832,0.000669666,0.000505332,0.000218583
44,1.440796,0.02637555,1.083e-06,0.01319132,9.17e-07,0.001100415,0.001390498,0.00240383,0.002263913,0.001255582,0.002213497,0.001183248,0.000668166,0.000459916,0.000243166
45,1.467172,0.03332654,1.167e-06,0.01715848,1e-06,0.001276248,0.001278082,0.003209912,0.002925413,0.001484414,0.002881246,0.001476248,0.000863915,0.000550083,0.000220333
46,1.500498,0.03015946,1e-06,0.0132314,8.34e-07,0.001171998,0.001914164,0.003264912,0.002985746,0.001455414,0.003054329,0.001470332,0.000864165,0.000523499,0.000221667
47,1.530658,0.03079954,1.084e-06,0.01403398,9.17e-07,0.001074998,0.001878747,0.003422996,0.002951662,0.001475415,0.002891996,0.001466748,0.000860748,0.000519416,0.000220833
48,1.561457,0.02733363,1.083e-06,0.01426306,9.16e-07,0.001101332,0.001361332,0.00241258,0.002272246,0.001178165,0.002195164,0.001166415,0.000666499,0.000474333,0.000240499
49,1.588791,0.02680813,9.17e-07,0.01347198,9.16e-07,0.001096332,0.001360498,0.00241633,0.002269497,0.001195415,0.00220483,0.001168332,0.000667666,0.000709999,0.000245416
50,1.615599,0.03108546,9.16e-07,0.01424315,9.17e-07,0.001035332,0.00195133,0.003294662,0.003154163,0.001484831,0.002887412,0.001454498,0.000856916,0.000502082,0.00021925
51,1.646684,0.02732171,1.25e-06,0.01342348,8.33e-07,0.001226915,0.001414165,0.002404663,0.002907996,0.001190998,0.00220558,0.001176832,0.000668999,0.000477916,0.000222083
52,1.674006,0.02722479,1.083e-06,0.0140884,9.17e-07,0.001066665,0.001434415,0.002412329,0.002259914,0.001194915,0.00221608,0.001163582,0.000674832,0.000490333,0.000221333
53,1.701231,0.02699838,1.334e-06,0.01374415,7.5e-07,0.001186165,0.001419665,0.002412246,0.002296331,0.001184915,0.002209496,0.001177499,0.000665916,0.000480082,0.000219833
54,1.728229,0.03078604,1e-06,0.01372673,6.67e-07,0.001072915,0.001868664,0.003259912,0.003281162,0.001610998,0.002883996,0.001465248,0.000857749,0.000535499,0.0002215
55,1.759015,0.02699246,1.167e-06,0.01372773,1e-06,0.001090248,0.001526831,0.002424247,0.002254663,0.001200749,0.002207496,0.001166499,0.000670166,0.000480582,0.000241083
56,1.786008,0.02673396,1.25e-06,0.01359506,8.33e-07,0.001097249,0.001344581,0.002421247,0.002278163,0.001184249,0.002200913,0.001223332,0.000666415,0.000477916,0.00024275
57,1.812742,0.02706438,1e-06,0.01384856,7.5e-07,0.001172665,0.001431831,0.002418997,0.002272747,0.001190581,0.002195164,0.001156665,0.000668332,0.00048825,0.000218833
58,1.839806,0.02734579,1.083e-06,0.01414831,9.16e-07,0.001082665,0.001363082,0.00239883,0.002271163,0.001178249,0.002181997,0.001332831,0.000668332,0.000474,0.000244333
59,1.867152,0.03412295,1.5e-06,0.01739556,1e-06,0.001269082,0.001418914,0.003638245,0.002960329,0.001476915,0.002889913,0.001470248,0.000861832,0.000517499,0.000221916
60,1.901275,0.03031004,1.084e-06,0.01390698,9.17e-07,0.001102165,0.001926497,0.003275329,0.002928996,0.001462998,0.002888412,0.001438748,0.000679333,0.000475832,0.00022275
61,1.931585,0.02654155,1.166e-06,0.01342382,8.33e-07,0.001080582,0.001373165,0.002405913,0.00222783,0.001236165,0.00225408,0.001180499,0.000668249,0.000470749,0.0002185
62,1.958127,0.02718446,1.084e-06,0.0140139,9.16e-07,0.001070749,0.001426165,0.002403496,0.002255747,0.001268165,0.00221233,0.001167582,0.000666249,0.000477666,0.000220416
63,1.985311,0.02933246,1.083e-06,0.01377373,1.083e-06,0.001116332,0.001332415,0.002525579,0.003152246,0.001474831,0.002877746,0.001467248,0.000863166,0.000523249,0.00022375
64,2.014643,0.03036854,9.16e-07,0.01351456,9.16e-07,0.001137082,0.001919414,0.003257745,0.002926413,0.001458248,0.002878663,0.001457914,0.001104415,0.00049275,0.000219499
65,2.045012,0.02692621,1.083e-06,0.01379581,9.17e-07,0.001113582,0.001397248,0.002405413,0.00225783,0.001182165,0.002253414,0.001172165,0.000665749,0.000461416,0.000219416
66,2.071938,0.02626488,1.083e-06,0.01315457,7.5e-07,0.001034998,0.001426248,0.002416164,0.00225258,0.001263498,0.00218058,0.001161915,0.000662916,0.00047,0.000239583
67,2.098203,0.02810671,1e-06,0.01302665,7.5e-07,0.001029082,0.001440748,0.00242083,0.00275333,0.001478581,0.002883912,0.001460415,0.000869415,0.000521416,0.000220583
68,2.12631,0.0350287,1.333e-06,0.01837139,7.5e-07,0.001035499,0.001957914,0.003291245,0.002948996,0.001469748,0.002877912,0.001466915,0.000873665,0.00051575,0.000217583
69,2.161338,0.02976021,1.083e-06,0.01294798,9.17e-07,0.001060165,0.00193958,0.003401579,0.002951996,0.001473498,0.002889829,0.001472915,0.000863248,0.000537833,0.000219583
70,2.191099,0.02735488,1.25e-06,0.01409923,6.66e-07,0.001155665,0.001410832,0.002410496,0.00232583,0.001209665,0.002207997,0.001164915,0.000663416,0.000485166,0.00021975
71,2.218454,0.02945629,1e-06,0.01327398,7.5e-07,0.001147832,0.001408081,0.003101913,0.002967412,0.001457665,0.002867412,0.001600998,0.000861166,0.000549166,0.000218916
72,2.24791,0.03149554,1e-06,0.01469098,9.17e-07,0.001259248,0.001841081,0.003269745,0.002994163,0.001472748,0.002877496,0.001471914,0.000861166,0.000532999,0.000222083
73,2.279405,0.03214229,1.083e-06,0.01397506,1e-06,0.001076832,0.001363331,0.002403997,0.002320413,0.001201165,0.002637997,0.00462066,0.001810831,0.000508916,0.000220999
74,2.311548,0.03629737,1.333e-06,0.01393965,1e-06,0.001160499,0.001411914,0.002396914,0.00225808,0.001321915,0.008268321,0.003928245,0.000865832,0.000522749,0.000220917
75,2.347845,0.03671453,1.167e-06,0.01399906,7.5e-07,0.001140665,0.006357741,0.003827912,0.002936329,0.001457915,0.003422828,0.001506331,0.000868416,0.000948498,0.000246917
76,2.38456,0.03161604,1e-06,0.01405831,8.33e-07,0.001177915,0.001404748,0.002399247,0.00236433,0.002906996,0.004779243,0.001177665,0.000662333,0.000461832,0.000221583
77,2.416176,0.0316207,1e-06,0.01472873,6.67e-07,0.001154415,0.001331665,0.002421996,0.002277497,0.001180748,0.002950246,0.004199578,0.000668665,0.000484416,0.000221083
78,2.447796,0.03169271,1.25e-06,0.01380906,8.33e-07,0.001054665,0.001438915,0.002410747,0.00226458,0.001166415,0.00224683,0.005891158,0.000710916,0.000474749,0.000222583
79,2.479489,0.03123454,1.167e-06,0.0137804,7.5e-07,0.001267998,0.001311832,0.00240858,0.00229758,0.001183248,0.00224708,0.005326243,0.000698916,0.000490249,0.0002205
80,2.510724,0.03363837,1e-06,0.01383681,7.5e-07,0.001070498,0.001425332,0.002402996,0.002266581,0.001173248,0.003070329,0.00671774,0.000908999,0.000541666,0.000222416
81,2.544362,0.03058746,1e-06,0.01367948,8.34e-07,0.001217915,0.001888664,0.003277245,0.002970079,0.001465915,0.002874162,0.001597165,0.000863832,0.000534499,0.000216667
82,2.574949,0.03078662,1.083e-06,0.01391656,6.67e-07,0.001161581,0.001916414,0.003269662,0.00292483,0.001595997,0.00289658,0.001461331,0.000854665,0.000566166,0.000221083
83,2.605736,0.02759013,1e-06,0.01422123,8.34e-07,0.001049498,0.001434582,0.002481579,0.002257331,0.001182748,0.002228497,0.001174831,0.000668166,0.000665833,0.000223999
84,2.633326,0.02885688,1.333e-06,0.0134894,7.5e-07,0.001121832,0.001370165,0.002413913,0.003036162,0.001472415,0.002892496,0.001465081,0.000856666,0.000516666,0.000219999
85,2.662183,0.03142379,1e-06,0.0145444,1e-06,0.001113082,0.001914914,0.003269912,0.002932412,0.001664748,0.002902996,0.001455748,0.000862749,0.000518165,0.000242667
86,2.693607,0.03008779,1.083e-06,0.0131864,1e-06,0.001209999,0.001940914,0.003371161,0.00295383,0.001471831,0.002878829,0.001471081,0.000860499,0.000523166,0.000218
87,2.723695,0.02719729,1.25e-06,0.0140669,8.34e-07,0.001059082,0.001421664,0.002414747,0.002265747,0.001194081,0.002236081,0.001176415,0.000664249,0.000483249,0.000213
88,2.750892,0.02708305,8.33e-07,0.01394731,5.83e-07,0.001102165,0.001337999,0.002408496,0.00227533,0.001204499,0.00226108,0.001170915,0.000668082,0.000464083,0.000241666
89,2.777975,0.03075079,1.083e-06,0.01356165,5.83e-07,0.001103999,0.00186708,0.003283162,0.003059496,0.001918081,0.002874162,0.001464082,0.000861165,0.00051375,0.000242499
90,2.808726,0.02721555,9.16e-07,0.01402531,9.17e-07,0.001164831,0.001393998,0.00241258,0.00227383,0.001178499,0.00220408,0.001181415,0.000669999,0.000463083,0.000246083
91,2.835941,0.0271313,1.334e-06,0.01389981,6.66e-07,0.001090082,0.001406165,0.00240408,0.002272913,0.001259665,0.002221247,0.001175998,0.000669166,0.000511916,0.00021825
92,2.863073,0.02715063,1e-06,0.0139214,7.5e-07,0.001176081,0.001415415,0.002412747,0.002297413,0.001180999,0.002213663,0.001169999,0.000673999,0.000468666,0.000218499
93,2.890223,0.02716813,1e-06,0.01396965,8.33e-07,0.001084249,0.001356331,0.002520663,0.002263747,0.001159165,0.002245497,0.001180915,0.000667083,0.000477582,0.000241417
94,2.917391,0.02795929,1.5e-06,0.01331281,7.5e-07,0.001218749,0.001371748,0.00239733,0.002249413,0.001260165,0.003064912,0.001460248,0.000860499,0.000542333,0.000218833
95,2.945351,0.03662453,1.5e-06,0.01894189,1.083e-06,0.001076332,0.001954831,0.003505078,0.003259745,0.001498998,0.002917163,0.001714581,0.000863582,0.000554749,0.000335
96,2.981975,0.03048621,1.083e-06,0.01371948,7.5e-07,0.001081332,0.001854081,0.003416745,0.002946996,0.001485831,0.002883079,0.001476415,0.000863582,0.000535916,0.000220916
97,3.012461,0.02720188,1e-06,0.01401073,1e-06,0.001153665,0.001423498,0.002412663,0.002285414,0.001190248,0.00220383,0.001165249,0.000666999,0.000467332,0.00022025
98,3.039663,0.02707254,1.083e-06,0.01383273,8.33e-07,0.001128915,0.001328915,0.00255083,0.00228608,0.001183915,0.002196497,0.001165831,0.000666583,0.000487499,0.000242833
99,3.066736,0.02686779,9.16e-07,0.01346915,6.67e-07,0.001243415,0.001370081,0.002403497,0.002256746,0.001166415,0.002414414,0.001170831,0.000668499,0.000482333,0.000220833
100,3.093604,0.02824754,1.083e-06,0.01400915,8.33e-07,0.001094416,0.001362581,0.00240833,0.002295497,0.001317498,0.002664829,0.001467332,0.000863665,0.000525333,0.000236999
101,3.121851,0.03017304,1.167e-06,0.01332898,8.33e-07,0.001121832,0.001921664,0.003387245,0.002966579,0.001487082,0.002884162,0.001466415,0.000859582,0.000528333,0.000219166
102,3.152024,0.02721505,1.084e-06,0.01382398,8.34e-07,0.001183748,0.001423248,0.002417497,0.002305663,0.001184165,0.002332247,0.001167915,0.000668665,0.00046325,0.00024275
103,3.179239,0.02710446,1e-06,0.0139164,8.33e-07,0.001207998,0.001364665,0.002401413,0.002247747,0.001177499,0.002176747,0.001254415,0.000672249,0.000462332,0.000221167
104,3.206344,0.0336877,1.416e-06,0.01739631,1.084e-06,0.001394164,0.001416082,0.003099662,0.002935996,0.001481164,0.002888663,0.001471498,0.000861249,0.000517832,0.000222583
105,3.240031,0.03078812,1e-06,0.01405015,7.5e-07,0.001090665,0.001916664,0.003268162,0.002933246,0.001460998,0.002847246,0.001601415,0.000861082,0.000515416,0.000241333
106,3.270819,0.03013046,1e-06,0.0130704,8.33e-07,0.001042415,0.001928831,0.003266829,0.003031162,0.001480915,0.002891579,0.001790081,0.000859248,0.000545666,0.0002215
107,3.30095,0.02725488,1e-06,0.01399865,7.5e-07,0.001227832,0.001428748,0.00241658,0.00225408,0.001180332,0.002221913,0.001168499,0.000668665,0.000465916,0.000221917
108,3.328205,0.02846363,1e-06,0.01476798,8.33e-07,0.001108915,0.001354998,0.003053829,0.002260081,0.001175831,0.00219733,0.001170499,0.000667499,0.000473916,0.000230916
109,3.356668,0.0263048,1.167e-06,0.01317548,9.17e-07,0.001046582,0.001420248,0.00240183,0.002261663,0.001167998,0.002181914,0.001261582,0.000666082,0.000475666,0.000243666
110,3.382973,0.03320179,1.083e-06,0.01394523,1e-06,0.001195499,0.004023661,0.003277078,0.003300162,0.001508082,0.002897079,0.001460331,0.000862666,0.000508249,0.000221666
111,3.416175,0.02658846,1.166e-06,0.01337231,8.33e-07,0.001301415,0.001313832,0.002406996,0.002257747,0.001178832,0.00220833,0.001170832,0.000665999,0.000487916,0.000222249
112,3.442763,0.02873788,1.166e-06,0.01389648,9.17e-07,0.001205165,0.001414331,0.002405913,0.00228033,0.001576748,0.002876663,0.001458498,0.000855998,0.000520333,0.000245333
113,3.471501,0.03076837,1.083e-06,0.01400606,9.17e-07,0.001075415,0.001924164,0.003258745,0.002940329,0.001459832,0.002972162,0.001475915,0.000894915,0.000537999,0.000220833
114,3.50227,0.02997654,1.25e-06,0.01319598,7.5e-07,0.001043415,0.001922747,0.003396746,0.002975579,0.001480498,0.002878329,0.001463831,0.000860666,0.000514999,0.00024175
115,3.532246,0.02731913,1.083e-06,0.01407248,1e-06,0.001166498,0.001418331,0.00243508,0.00227958,0.001184832,0.002223247,0.001175165,0.000665666,0.000475832,0.000220333
116,3.559565,0.02661496,1.25e-06,0.01340215,1.084e-06,0.001237748,0.001359331,0.00240583,0.002271747,0.001191165,0.00220433,0.001170499,0.000667999,0.000481332,0.0002205
117,3.58618,0.03053029,1e-06,0.01373765,7.5e-07,0.001032165,0.001948581,0.003275995,0.002937079,0.001615665,0.002880246,0.001477831,0.000863415,0.0005195,0.000240416
118,3.616711,0.02702896,1.166e-06,0.01392665,7.5e-07,0.001233998,0.001303748,0.002429663,0.00224983,0.001183749,0.00217883,0.001168165,0.000666582,0.000464083,0.00022175
119,3.64374,0.02665338,1.167e-06,0.01341581,7.5e-07,0.001170499,0.001413581,0.00241108,0.002248247,0.001230248,0.002214414,0.001169998,0.000678583,0.000478832,0.000220167
120,3.670393,0.03272895,1.25e-06,0.01779531,9.17e-07,0.001401165,0.001448664,0.002473663,0.002278747,0.001190249,0.003078079,0.001466081,0.000857665,0.0005165,0.000220666
121,3.703122,0.03021104,1.084e-06,0.01320831,1e-06,0.001319582,0.001911914,0.003396745,0.002951329,0.001472332,0.002891329,0.001462831,0.000861082,0.000513166,0.000220333
122,3.733333,0.02709963,1.083e-06,0.01399798,8.33e-07,0.001072582,0.001422998,0.002414246,0.002272997,0.001175749,0.002201996,0.001173165,0.000665333,0.000480833,0.000219833
123,3.760433,0.02780913,1.083e-06,0.01422198,7.5e-07,0.001118665,0.001362582,0.002413996,0.00254958,0.001375081,0.002230664,0.001168998,0.000669249,0.000477333,0.000219166
124,3.788242,0.02615521,1.333e-06,0.01304656,7.5e-07,0.001044249,0.001427498,0.002419747,0.002251663,0.001164332,0.002247413,0.001169665,0.000667999,0.000470166,0.000243833
125,3.814397,0.02704621,7.5e-07,0.01381315,7.5e-07,0.001062082,0.001436165,0.002406413,0.002248497,0.001322998,0.002200747,0.001175415,0.000669166,0.000489333,0.000220749
126,3.841443,0.02827271,1.333e-06,0.01343398,1.167e-06,0.001123248,0.001405748,0.002394997,0.00228833,0.001671914,0.002876746,0.001469415,0.000862082,0.000523583,0.000220166
127,3.869716,0.0359822,1.584e-06,0.01921089,9.17e-07,0.001085998,0.001954831,0.003289912,0.002956329,0.001489415,0.002878829,0.001476331,0.000863083,0.000513499,0.000260583
128,3.905698,0.03112204,1e-06,0.01410023,8.34e-07,0.001205248,0.00192808,0.003460412,0.002946579,0.001481832,0.002884496,0.001512498,0.000862915,0.000517166,0.00022075
129,3.93682,0.0263383,1.333e-06,0.01319773,8.34e-07,0.001092082,0.001400331,0.002426997,0.002277663,0.001180332,0.00220483,0.001186582,0.000667332,0.000464833,0.000237416
130,3.963158,0.02818563,1.083e-06,0.01468473,9.16e-07,0.001223999,0.001412498,0.00241508,0.00227058,0.001177831,0.002253747,0.001174999,0.000665582,0.000684166,0.000220416
131,3.991344,0.03060087,1e-06,0.01335548,1.084e-06,0.001158831,0.001916914,0.003272496,0.003030079,0.001473164,0.002879746,0.001878498,0.000860082,0.000529332,0.000244167
132,4.021945,0.02742005,8.33e-07,0.01391006,6.67e-07,0.001221831,0.001404248,0.002416664,0.002393246,0.001353582,0.002190413,0.001165415,0.000666583,0.000475666,0.000220833
133,4.049365,0.02721004,1e-06,0.01408273,9.17e-07,0.001108248,0.001355665,0.00241358,0.00225858,0.001277582,0.00218408,0.001172248,0.000668249,0.000472083,0.000215083
134,4.076575,0.02985687,1.333e-06,0.01346506,9.17e-07,0.001079749,0.001401664,0.003351662,0.002927413,0.001457248,0.003059829,0.001491664,0.000860999,0.000539833,0.000219499
135,4.106432,0.03219796,1.083e-06,0.01372631,7.5e-07,0.001224082,0.001897664,0.003847161,0.002963746,0.001470831,0.002882496,0.002463497,0.000868749,0.000508749,0.000342833
136,4.13863,0.0267233,1.084e-06,0.01360806,8.33e-07,0.001123915,0.001332165,0.002418663,0.002286497,0.001184582,0.002204747,0.001179831,0.000666416,0.000470999,0.0002455
137,4.165353,0.02708013,1.25e-06,0.01392181,8.33e-07,0.001062915,0.001417582,0.00240008,0.00227233,0.001168832,0.002181747,0.001267331,0.000671083,0.000475666,0.000238666
138,4.192433,0.03276687,1.084e-06,0.01717989,8.33e-07,0.001214749,0.001349415,0.002397913,0.002977912,0.001687331,0.002873163,0.001460998,0.000861082,0.000541499,0.000221
139,4.2252,0.03027621,1.083e-06,0.01331248,9.17e-07,0.001245998,0.001915831,0.003258412,0.002947996,0.001459081,0.002851913,0.001498914,0.001036332,0.000528833,0.000218416
140,4.255476,0.02699771,1.166e-06,0.01383948,9.17e-07,0.001093665,0.001408915,0.002403413,0.002266997,0.001184415,0.00225983,0.001184165,0.000666916,0.000467416,0.000220416
141,4.282474,0.02664446,1.25e-06,0.01329748,7.5e-07,0.001207915,0.001407748,0.002420996,0.002263664,0.001264998,0.002237497,0.001180582,0.000667249,0.000475832,0.0002185
142,4.309119,0.02699121,1e-06,0.01372006,7.5e-07,0.001183999,0.001402748,0.00241183,0.002344996,0.001191915,0.002196914,0.001184082,0.000667499,0.000467249,0.000218166
143,4.33611,0.02826871,1e-06,0.01404206,8.33e-07,0.001107665,0.001335415,0.002480246,0.00229258,0.001181499,0.002700746,0.001474498,0.000862915,0.000566166,0.000223083
144,4.364378,0.03009004,1.167e-06,0.0132824,5.83e-07,0.001053415,0.001923831,0.003270745,0.003108246,0.001500581,0.002887663,0.001464748,0.000859332,0.000515249,0.000222083
145,4.394468,0.03020154,1.25e-06,0.01354256,8.34e-07,0.001045165,0.00195533,0.003273829,0.002925496,0.001615331,0.002880913,0.001465748,0.000798248,0.000476083,0.00022075
146,4.42467,0.0265893,1.166e-06,0.01340873,8.34e-07,0.001109498,0.001426415,0.00245358,0.00225233,0.001180082,0.002219913,0.001168415,0.000664666,0.000471083,0.000232583
147,4.451259,0.02798721,1.083e-06,0.01404773,7.5e-07,0.001336414,0.001380665,0.002406997,0.00226358,0.001183582,0.002185663,0.001567165,0.000862415,0.000529749,0.000221417
148,4.479247,0.03025821,1e-06,0.01350973,8.33e-07,0.001041499,0.001935413,0.003285329,0.003042746,0.001476831,0.002896496,0.001464498,0.000860749,0.000523082,0.00022
149,4.509505,0.03021696,1.167e-06,0.01348123,7.5e-07,0.001076332,0.001920414,0.003276662,0.002970912,0.001478748,0.002880746,0.001509081,0.000866083,0.000535249,0.000219583
150,4.539722,0.02707254,1.166e-06,0.01395465,7.5e-07,0.001093832,0.001395915,0.00240933,0.002279497,0.001189415,0.00220958,0.001164665,0.000667999,0.000463666,0.000242083
151,4.566794,0.02685205,1.167e-06,0.01368198,6.67e-07,0.001115915,0.001331498,0.00253183,0.002277996,0.001181582,0.002203414,0.001165998,0.000666832,0.000453083,0.000240083
152,4.593646,0.02748188,1.167e-06,0.01438023,7.5e-07,0.001045416,0.001434414,0.002412997,0.00224983,0.001166498,0.002175831,0.001252248,0.000668416,0.000472582,0.0002215
153,4.621128,0.02737488,1e-06,0.01412765,7.5e-07,0.001086999,0.001362498,0.002422163,0.002250497,0.001392998,0.002203997,0.001168998,0.000669333,0.000468749,0.00021925
154,4.648503,0.02726455,1.167e-06,0.01296131,9.17e-07,0.001068581,0.001403832,0.00240408,0.00234583,0.001185248,0.002807496,0.001468248,0.000860082,0.000537166,0.000220583
155,4.675768,0.03555403,1.25e-06,0.01868322,8.34e-07,0.001292665,0.001925247,0.003278412,0.002948412,0.001488415,0.002877496,0.001463915,0.000856915,0.000516666,0.000220583
156,4.711322,0.03011404,1.25e-06,0.01325456,9.16e-07,0.001188582,0.001915497,0.003267496,0.003000079,0.001505581,0.002901663,0.001468498,0.000859582,0.000527999,0.000222333
157,4.741436,0.02733863,1.084e-06,0.0140974,8.33e-07,0.001213582,0.001421498,0.002420079,0.002281581,0.001177998,0.00218358,0.001170415,0.000667166,0.000482916,0.0002205
158,4.768774,0.02703538,1.166e-06,0.01401415,8.34e-07,0.001094831,0.001356748,0.00241283,0.002255831,0.001190748,0.00219858,0.001170082,0.000667666,0.000457832,0.000214083
159,4.79581,0.02995512,1.167e-06,0.0135214,9.17e-07,0.001156582,0.001422831,0.003453162,0.002942162,0.001471332,0.002915329,0.001472998,0.000863165,0.00051125,0.000222833
160,4.825765,0.03930561,1.5e-06,0.02140922,1.166e-06,0.001451998,0.001999081,0.003331995,0.003100996,0.001586414,0.002989413,0.001559247,0.000904749,0.000666916,0.000302916
161,4.86507,0.03322862,1.166e-06,0.01615923,9.16e-07,0.001218999,0.00191883,0.003357829,0.003129996,0.001482081,0.002873579,0.001464498,0.000860082,0.000539499,0.000221917
162,4.898299,0.02751413,1.083e-06,0.01429448,8.33e-07,0.001096249,0.001368498,0.002421163,0.002259664,0.001174165,0.00233158,0.001184581,0.000678583,0.000481582,0.000221667
163,4.925813,0.02717171,1.084e-06,0.01400706,8.34e-07,0.001124081,0.001322415,0.002408663,0.002267914,0.001266915,0.002210747,0.001185415,0.000667999,0.000463499,0.000245083
164,4.952985,0.02796013,1.083e-06,0.01323115,7.5e-07,0.001087582,0.001381415,0.002412413,0.002350997,0.001524664,0.002882746,0.001460998,0.000862082,0.000542083,0.000222166
165,4.980945,0.03143687,1.167e-06,0.0139094,7.5e-07,0.001239082,0.00191158,0.003951745,0.002946746,0.001475914,0.002888246,0.001467998,0.000860165,0.000563,0.000221083
166,5.012382,0.02662971,1.083e-06,0.0133379,7.5e-07,0.001125832,0.001407914,0.002410914,0.002247247,0.001291998,0.00225833,0.001172498,0.000679083,0.000476582,0.000219583
167,5.039012,0.02713271,9.17e-07,0.0139734,8.34e-07,0.001063915,0.001418748,0.002401746,0.002235914,0.001274081,0.002205247,0.001169249,0.000670582,0.000496916,0.000221166
168,5.066144,0.03294737,1.25e-06,0.01668248,1.083e-06,0.001312248,0.001554415,0.003005246,0.002957162,0.001480248,0.002879246,0.001459831,0.000862083,0.000508582,0.0002435
169,5.099092,0.03040537,1.25e-06,0.0137409,9.16e-07,0.001067166,0.00187608,0.003268829,0.002915663,0.001478248,0.002961995,0.001485498,0.000857749,0.000506666,0.000244416
170,5.129497,0.03064412,1e-06,0.01370565,9.17e-07,0.001274998,0.001919664,0.003393579,0.002921829,0.001467581,0.002847829,0.001466498,0.000865332,0.00055675,0.000222499
171,5.160141,0.02750705,1e-06,0.01405115,5.83e-07,0.001096165,0.001351582,0.002411746,0.002274914,0.001204748,0.002201164,0.001563998,0.000660499,0.000455749,0.00023375
172,5.187648,0.02712896,1.417e-06,0.01384481,7.5e-07,0.001133248,0.001405332,0.002405163,0.002265997,0.001170415,0.00218408,0.001323332,0.000667249,0.000503999,0.000223166
173,5.214777,0.02713446,1.25e-06,0.01399165,8.34e-07,0.001088248,0.001381831,0.002404914,0.002246997,0.001169498,0.002307163,0.001179999,0.000670665,0.000469833,0.000221583
174,5.241912,0.02666321,1.167e-06,0.01341606,7.5e-07,0.001128915,0.001422415,0.002402247,0.002243663,0.001265832,0.002224997,0.001177748,0.000677666,0.000481582,0.000220167
175,5.268575,0.02815863,1.083e-06,0.01476206,9.16e-07,0.001134249,0.001404581,0.002530663,0.002285497,0.001201915,0.00220508,0.001240999,0.000673749,0.000474832,0.000243
176,5.296733,0.03402054,1.5e-06,0.01758589,1.083e-06,0.001511748,0.001425915,0.003088829,0.002960079,0.001474248,0.002901163,0.001471414,0.000861249,0.000517083,0.000220333
177,5.330754,0.03087787,1e-06,0.01431923,7.5e-07,0.001102999,0.001875914,0.003295912,0.003002912,0.001475998,0.00289558,0.001527081,0.000666416,0.000492082,0.000222
178,5.361632,0.02692021,1e-06,0.01378106,7.5e-07,0.001207332,0.001242415,0.002412247,0.002304996,0.001233749,0.00220583,0.001163915,0.000669499,0.000477166,0.00022025
179,5.388552,0.02674246,1.333e-06,0.01367806,8.33e-07,0.001094998,0.001360748,0.002411914,0.002286747,0.001190665,0.002191746,0.001161415,0.000669,0.000476332,0.000218667
180,5.415295,0.03064371,1.333e-06,0.01384765,7.5e-07,0.001124915,0.001912664,0.003262746,0.002937579,0.001465998,0.002984996,0.001466748,0.000864748,0.00052975,0.000243833
181,5.445938,0.03947186,1.833e-06,0.02148364,1.083e-06,0.001432331,0.002022248,0.003575494,0.003191996,0.001559081,0.002979079,0.001509582,0.000875998,0.000598499,0.000241
182,5.48541,0.03364145,1.084e-06,0.01670823,9.17e-07,0.001275915,0.00192833,0.003299162,0.002973663,0.001470498,0.002893579,0.001462581,0.000863999,0.000517,0.000246499
183,5.519052,0.02728196,1.167e-06,0.01413231,7.5e-07,0.001099416,0.001408164,0.00239883,0.002260997,0.001168748,0.002256164,0.001180498,0.000666583,0.000487416,0.000220916
184,5.546334,0.02671396,1.166e-06,0.01335282,6.67e-07,0.001188665,0.001401164,0.002403747,0.002256497,0.001263665,0.00228933,0.001171498,0.000663249,0.00050275,0.000218749
185,5.573048,0.03545712,1.167e-06,0.01867697,8.34e-07,0.001193581,0.001935748,0.003276162,0.002957912,0.001476165,0.002874496,0.001461331,0.000861249,0.000527416,0.000214083
186,5.608505,0.03032671,1.167e-06,0.01350431,9.17e-07,0.001045165,0.001917497,0.003267829,0.002939579,0.001595998,0.002879996,0.001473331,0.000858332,0.000512166,0.000330416
187,5.638831,0.03125679,1.167e-06,0.01431406,8.33e-07,0.001083582,0.002067914,0.003277995,0.002949996,0.001474665,0.002880329,0.001576748,0.000865082,0.000521916,0.0002425
188,5.670088,0.02718738,1.25e-06,0.01409806,8.33e-07,0.001101998,0.001357999,0.002405996,0.002260247,0.001195082,0.002212163,0.001175582,0.000667582,0.000491916,0.000218667
189,5.697276,0.02633655,1e-06,0.01321382,7.5e-07,0.001052998,0.001417248,0.002421497,0.002251497,0.001172165,0.00225433,0.001172332,0.000665749,0.000491916,0.00022125
190,5.723612,0.02715038,1.083e-06,0.0138824,7.5e-07,0.001223749,0.001371581,0.002393997,0.002237747,0.001261581,0.00221908,0.001172332,0.000680832,0.00048125,0.000223999
191,5.750762,0.03357354,1.334e-06,0.01705706,1.167e-06,0.001278248,0.001400248,0.003004663,0.002954579,0.001475414,0.00288058,0.001896164,0.000859915,0.000521416,0.00024275
192,5.784336,0.03090421,1.167e-06,0.0141664,7.5e-07,0.001089498,0.001877498,0.003264995,0.002938496,0.001453581,0.00300083,0.001478331,0.000861082,0.000550916,0.000220666
193,5.81524,0.03101296,1.084e-06,0.01382356,8.33e-07,0.001098498,0.001895998,0.003404912,0.002949829,0.001495331,0.002889746,0.001824331,0.000863082,0.000522416,0.000243333
194,5.846253,0.02697788,1.417e-06,0.0137169,7.5e-07,0.001263499,0.001361331,0.00240908,0.00227983,0.001181248,0.002207664,0.001166832,0.000670165,0.000481583,0.000237583
195,5.873231,0.02692496,1.25e-06,0.0136554,1.25e-06,0.001201999,0.001409164,0.00239808,0.002256164,0.001166498,0.00218883,0.001249832,0.000680416,0.000495499,0.000220583
196,5.900156,0.02950787,1.083e-06,0.0134564,7.5e-07,0.001100665,0.001408415,0.002981329,0.002949579,0.001633831,0.002893829,0.001462582,0.000862415,0.000516249,0.00024075
197,5.929664,0.03191771,1.25e-06,0.01465481,1.167e-06,0.001174165,0.001922164,0.003277829,0.003409995,0.001470248,0.002873329,0.001472581,0.000862499,0.000522249,0.000275417
198,5.961582,0.02684063,1e-06,0.01376915,7.5e-07,0.001036665,0.001411832,0.00239883,0.002247496,0.001167582,0.00218233,0.001234665,0.000662749,0.000506833,0.00022075
199,5.988422,0.02662163,1e-06,0.0134404,6.67e-07,0.001018582,0.001404414,0.002402497,0.002279747,0.001236831,0.002221914,0.001223748,0.000670333,0.000476416,0.000245083
200,6.015044,0.02697071,1.083e-06,0.01385856,7.5e-07,0.001094582,0.001375832,0.002399163,0.00224508,0.001265748,0.002193414,0.001164582,0.000670665,0.000479166,0.000222083
201,6.042015,0.02686563,1e-06,0.01349381,8.34e-07,0.001165581,0.001413748,0.002541247,0.00225983,0.001180998,0.002255664,0.001187582,0.000669999,0.000475916,0.000219416
202,6.06888,0.0352582,1e-06,0.01868481,1.084e-06,0.001347498,0.001420831,0.003376745,0.002972829,0.001479832,0.002887079,0.001468498,0.000859915,0.000514166,0.000243917
203,6.104138,0.03049387,1e-06,0.01393931,5.83e-07,0.001146499,0.001915247,0.003262079,0.003049912,0.001479415,0.003074245,0.001174082,0.000665582,0.000545,0.000240916
204,6.134632,0.02623121,1.167e-06,0.01310198,1e-06,0.001165165,0.001347415,0.002415413,0.002263997,0.001177498,0.00222058,0.001177915,0.000667166,0.000471499,0.000220417
205,6.160863,0.02900196,1.084e-06,0.0141414,7.5e-07,0.001112998,0.001418081,0.00241108,0.00230858,0.001666665,0.002893579,0.001462581,0.000860499,0.000504999,0.000219667
206,6.189865,0.03093979,1.083e-06,0.01350682,7.5e-07,0.001560914,0.001874498,0.003274995,0.002945496,0.001662831,0.002871579,0.001608165,0.000865498,0.000547583,0.000219583
207,6.220805,0.03099337,1e-06,0.01428106,1e-06,0.001051582,0.001875247,0.003403662,0.002934162,0.001481498,0.002889913,0.001466165,0.000860915,0.000529416,0.00021775
208,6.251799,0.0271123,1.083e-06,0.01405215,7.5e-07,0.001098915,0.001341498,0.00240283,0.00227083,0.001179249,0.00221033,0.001178831,0.00066725,0.000462416,0.000246166
209,6.278911,0.02664121,1e-06,0.0136114,9.16e-07,0.001064832,0.001368331,0.002397664,0.002244997,0.001172665,0.00218208,0.001248998,0.000666749,0.0004605,0.000221083
210,6.305552,0.03335729,1.334e-06,0.01753247,1.084e-06,0.001325748,0.001452414,0.00248108,0.003126162,0.001486582,0.002880412,0.001470498,0.000860749,0.000516833,0.000221916
211,6.338909,0.03036779,1.083e-06,0.01321148,1.083e-06,0.001287998,0.001926164,0.003260329,0.002927579,0.001598581,0.00289008,0.001650247,0.000859332,0.000508833,0.000245
212,6.369277,0.02717388,9.17e-07,0.01388898,9.16e-07,0.001076249,0.001459081,0.002415413,0.00227008,0.001335082,0.002201497,0.001166415,0.000670249,0.000468499,0.0002205
213,6.396451,0.02724071,1.083e-06,0.01397881,8.33e-07,0.001110249,0.001338081,0.002533913,0.002346247,0.001181665,0.002198247,0.001166415,0.000667249,0.00047725,0.000240666
214,6.423692,0.02793471,1.416e-06,0.01323682,7.5e-07,0.001208498,0.001380915,0.00248608,0.002284247,0.001372498,0.002886662,0.001461415,0.000862166,0.000534499,0.000218749
215,6.451626,0.03049604,1.25e-06,0.01380498,8.34e-07,0.001067748,0.001952498,0.003275078,0.002946913,0.001483748,0.002896162,0.001469582,0.000859248,0.000515333,0.000222666
216,6.482122,0.02663605,1.167e-06,0.01343298,1e-06,0.001123499,0.001390248,0.002419496,0.002259497,0.001215248,0.002221831,0.001169748,0.000666832,0.000491666,0.000242833
217,6.508759,0.02705988,1.083e-06,0.01389665,1.167e-06,0.001071165,0.001436248,0.002403497,0.00226158,0.001265998,0.00220208,0.001164832,0.000664582,0.000472166,0.000218834
218,6.535818,0.02709105,1.334e-06,0.01372615,7.5e-07,0.001231582,0.001416831,0.00239958,0.002345663,0.001179582,0.002218747,0.001173582,0.000666749,0.000510499,0.00022
219,6.562909,0.03076537,1.166e-06,0.01388306,8.34e-07,0.001049748,0.00214208,0.003292079,0.002943913,0.001472664,0.002894913,0.001471664,0.000870666,0.000520499,0.000222083
220,6.593675,0.02707821,1.083e-06,0.01363873,8.34e-07,0.001294415,0.001421748,0.002410996,0.002258247,0.001170415,0.002172664,0.001336831,0.000666832,0.000484583,0.000220833
221,6.620753,0.02724846,1.75e-06,0.01341965,8.34e-07,0.001133665,0.001401915,0.002458663,0.002237747,0.001166498,0.00225883,0.001164165,0.001303415,0.000480499,0.000220833
222,6.648002,0.02837204,1.334e-06,0.01712114,1e-06,0.001279665,0.000999749,0.001978997,0.001878997,0.001022999,0.001823497,0.001015415,0.000565916,0.00044025,0.000243083
223,6.676374,0.02725488,1.167e-06,0.01399931,8.33e-07,0.001117832,0.001408831,0.002482747,0.002281497,0.001178498,0.002189664,0.001165248,0.000705166,0.000476249,0.000247833
224,6.703628,0.03352745,1.417e-06,0.01748147,9.17e-07,0.001554414,0.001419998,0.002434164,0.003155328,0.001475498,0.002891413,0.001461331,0.000861082,0.00051825,0.000272166
225,6.737156,0.03119837,8.33e-07,0.01374115,8.33e-07,0.001063915,0.001941164,0.003265912,0.003086413,0.001475164,0.002880913,0.00187658,0.001054166,0.000479249,0.000332083
226,6.768354,0.02654546,1e-06,0.01330365,9.17e-07,0.001206582,0.001350498,0.002445496,0.002283414,0.001187081,0.002237497,0.001167999,0.000666082,0.000475083,0.000220166
227,6.7949,0.02891304,1.167e-06,0.01405298,7.5e-07,0.001253415,0.001395332,0.002416663,0.002306413,0.001378082,0.003021579,0.001467664,0.000864916,0.000533582,0.0002205
228,6.823813,0.03085962,1.167e-06,0.01391715,9.17e-07,0.001177415,0.001917914,0.003271912,0.002942079,0.001650164,0.002884329,0.001471165,0.000858749,0.000521749,0.000244916
229,6.854672,0.03053146,1.083e-06,0.01347856,5.83e-07,0.001122832,0.00192683,0.003400496,0.002957745,0.001476248,0.002872663,0.001672248,0.000865248,0.00053675,0.000220166
230,6.885204,0.02695971,1.084e-06,0.0138139,8.33e-07,0.001059332,0.001459831,0.002424497,0.00226058,0.001183999,0.002219913,0.001162749,0.000667749,0.000483749,0.0002215
231,6.912164,0.02678713,1e-06,0.01365598,8.33e-07,0.001072415,0.001362331,0.002418664,0.00224208,0.001164248,0.002306914,0.001181415,0.000672665,0.00048875,0.000219833
232,6.938951,0.02724163,9.17e-07,0.01394873,9.17e-07,0.001158498,0.001411248,0.00240358,0.002247164,0.001284081,0.002221914,0.001170915,0.000668916,0.000476916,0.000247833
233,6.966192,0.02732088,1.166e-06,0.01408848,8.33e-07,0.001093665,0.001368831,0.002396164,0.002419163,0.001191998,0.002218747,0.001178082,0.000670749,0.000473166,0.000219833
234,6.993513,0.03348787,1.417e-06,0.01707614,9.16e-07,0.001372582,0.001267748,0.003379079,0.002950162,0.001471332,0.002885745,0.001460415,0.000861332,0.000541583,0.000219416
235,7.027001,0.03066762,1e-06,0.01364431,8.33e-07,0.001047749,0.001934914,0.003266912,0.002963245,0.001737998,0.002875413,0.001472498,0.000859498,0.000535416,0.000327833
236,7.057669,0.03078896,1.25e-06,0.01333931,7.5e-07,0.001104915,0.002108164,0.003476078,0.003244162,0.001519248,0.002905913,0.001463664,0.000865416,0.000516166,0.000243916
237,7.088458,0.02717763,9.17e-07,0.01391431,1e-06,0.001187082,0.001402664,0.00239833,0.00227008,0.001186249,0.00219633,0.001250415,0.000669332,0.000479666,0.00022125
238,7.115635,0.02698221,1.167e-06,0.01376198,9.16e-07,0.001092165,0.001364165,0.00239383,0.002379913,0.001177249,0.002267913,0.001177332,0.000669249,0.000475999,0.000220333
239,7.142617,0.02668555,1e-06,0.01350065,8.33e-07,0.001100166,0.001354831,0.002398663,0.002337247,0.001245915,0.002210914,0.001163248,0.000667082,0.000484916,0.000220083
240,7.169303,0.03242671,1.167e-06,0.01675473,1e-06,0.001179582,0.001543248,0.002409163,0.003071162,0.001472915,0.002887579,0.001470165,0.000861832,0.000553916,0.00022025
241,7.20173,0.03037371,1.667e-06,0.01339681,8.33e-07,0.001135998,0.001922748,0.003297412,0.002944079,0.001468081,0.002980246,0.001464331,0.001052332,0.000486249,0.000222917
242,7.232103,0.02768705,1.084e-06,0.01452323,9.17e-07,0.001066915,0.001425248,0.00240233,0.00234283,0.001184582,0.002196247,0.001166498,0.000668583,0.000465332,0.00024325
243,7.25979,0.02725871,1e-06,0.01409423,1.083e-06,0.001096249,0.001364914,0.002479497,0.002264997,0.001187665,0.00221933,0.001180332,0.000676999,0.000473249,0.000219166
244,7.287049,0.02844729,1e-06,0.0133014,8.33e-07,0.001105999,0.001423415,0.002414746,0.00275558,0.001487498,0.002886579,0.001460081,0.000860166,0.000528499,0.0002215
245,7.315496,0.03043021,1.333e-06,0.0136499,1e-06,0.001058165,0.001953331,0.003284578,0.002943996,0.001457581,0.00285833,0.001609414,0.000861332,0.000530416,0.000220833
246,7.345927,0.02630888,1.25e-06,0.0130609,8.33e-07,0.001058582,0.001433414,0.002403664,0.002390996,0.001185999,0.002216163,0.001182999,0.000671082,0.000482416,0.000220583
247,7.372236,0.02743954,1.084e-06,0.01419731,1e-06,0.001128248,0.001334165,0.002394997,0.002360413,0.001264582,0.00221633,0.001166998,0.000665916,0.000464999,0.0002435
248,7.399675,0.02735455,1.417e-06,0.01381165,7.5e-07,0.001104082,0.001366165,0.00246633,0.002402246,0.001383915,0.002271997,0.001174998,0.000675333,0.000473416,0.000222249
249,7.42703,0.02837288,1.166e-06,0.01344923,7.5e-07,0.001175582,0.001438831,0.002417664,0.002262413,0.001661581,0.002881746,0.001465998,0.000860166,0.000536999,0.000220749
250,7.455403,0.03047721,1.166e-06,0.01374123,8.33e-07,0.001096499,0.001914747,0.003268079,0.002919163,0.001455498,0.002997412,0.001474748,0.000877415,0.000510166,0.00022025
251,7.48588,0.0319117,1.25e-06,0.0133689,8.33e-07,0.001089415,0.001922581,0.00510016,0.002982329,0.001486498,0.002866496,0.001464331,0.000862165,0.0005255,0.000241249
252,7.517791,0.02711521,1.083e-06,0.01397898,9.16e-07,0.001062416,0.001432581,0.002421246,0.002259247,0.001184832,0.00219633,0.001163832,0.000710666,0.000482666,0.000220416
253,7.544907,0.02880071,1.084e-06,0.0137969,8.33e-07,0.001159749,0.001410248,0.00240233,0.00225308,0.001169165,0.00266358,0.002331246,0.000704666,0.000685166,0.000222666
254,7.573707,0.02943429,1.25e-06,0.01452098,8.33e-07,0.001221832,0.001363748,0.002410663,0.002456914,0.001483831,0.002883413,0.001458664,0.000866999,0.000522666,0.0002425
255,7.603142,0.03046504,1.083e-06,0.01363781,7.5e-07,0.001057666,0.00194458,0.003265329,0.002936912,0.001467415,0.002977496,0.001465414,0.000854916,0.000530999,0.000324666
256,7.633607,0.02708046,1.084e-06,0.01390348,7.5e-07,0.001081749,0.001375748,0.00240183,0.00236358,0.001188498,0.00219983,0.001166082,0.000693999,0.000479916,0.000223916
257,7.660687,0.0273303,1e-06,0.01408756,7.5e-07,0.001156081,0.001406748,0.00248183,0.00228083,0.001193332,0.002195664,0.001170998,0.000666999,0.000466583,0.000221916
258,7.688017,0.02738038,1e-06,0.01418381,7.5e-07,0.001206581,0.001334915,0.002408413,0.00228683,0.001181165,0.002192414,0.001191582,0.000668749,0.000478249,0.000245916
259,7.715398,0.02905554,1.25e-06,0.01303281,7.5e-07,0.001066832,0.001436831,0.002431664,0.003623411,0.001488832,0.002906495,0.001469165,0.000862416,0.000516582,0.0002185
260,7.744453,0.03085546,1.083e-06,0.0138809,8.34e-07,0.001118498,0.001919997,0.003273746,0.002972912,0.001586248,0.002866496,0.001462915,0.001052415,0.000475332,0.000244083
261,7.775309,0.02699046,1.083e-06,0.0133534,8.33e-07,0.001073249,0.001360664,0.002590163,0.002263581,0.001597081,0.002179663,0.001184165,0.000658166,0.000509333,0.000219083
262,7.802299,0.02715463,1.084e-06,0.01389706,5.83e-07,0.001182498,0.001426165,0.002414913,0.002289997,0.001178415,0.002196914,0.001202415,0.000666915,0.000477,0.000220666
263,7.829454,0.03062254,1.083e-06,0.01458023,7.5e-07,0.001109582,0.001358331,0.003122162,0.002961246,0.001480582,0.002919912,0.001474498,0.000859582,0.000535916,0.000218666
264,7.860076,0.03000029,1.166e-06,0.01340923,7.5e-07,0.001125415,0.00192383,0.003275246,0.003095662,0.001473665,0.003130579,0.001186415,0.000667332,0.000466833,0.000244166
265,7.890077,0.02697321,1.084e-06,0.0137494,7.5e-07,0.001089665,0.001409248,0.00247558,0.002277247,0.001180248,0.002196164,0.001167082,0.000667165,0.000489666,0.000269917
266,7.91705,0.02821971,1e-06,0.0135269,5.84e-07,0.001309165,0.001362748,0.002408413,0.00227933,0.001175665,0.003066079,0.001465748,0.000863166,0.000540915,0.00022
267,7.94527,0.03615028,1.5e-06,0.01933014,1e-06,0.001174165,0.00192483,0.003265246,0.003007495,0.001471998,0.002884413,0.001464081,0.000858499,0.000546999,0.000219917
268,7.98142,0.03085979,1.083e-06,0.0140104,8.34e-07,0.001055831,0.001926748,0.003274829,0.003129578,0.001475165,0.002897246,0.001483915,0.000863832,0.000519916,0.000220416
269,8.01228,0.02656963,1.25e-06,0.01319965,7.5e-07,0.001101748,0.001407415,0.00240208,0.002429663,0.001211749,0.00225808,0.001178165,0.000666499,0.000469832,0.00024275
270,8.038849,0.02719938,1.083e-06,0.01398056,9.16e-07,0.001116582,0.001425832,0.002415746,0.002323997,0.001186415,0.00222108,0.001170832,0.000668999,0.000466916,0.000220416
271,8.066049,0.02680296,1.083e-06,0.0136814,9.17e-07,0.001080832,0.001362748,0.002482663,0.002256664,0.001184748,0.002214997,0.001170998,0.000666333,0.000480749,0.000218833
272,8.092852,0.0353082,1.25e-06,0.01869947,1e-06,0.001319332,0.001419248,0.003460411,0.002949996,0.001491332,0.002880412,0.001475998,0.000859499,0.000505666,0.000244583
273,8.12816,0.03052471,1.25e-06,0.01363773,8.33e-07,0.001250082,0.001918914,0.003276079,0.003032162,0.001470581,0.002857996,0.001458998,0.000858082,0.000540666,0.000221333
274,8.158685,0.03023279,1.083e-06,0.01352431,8.34e-07,0.001049165,0.001930997,0.003282162,0.002918163,0.001488081,0.002885163,0.001459164,0.000927332,0.000521499,0.000244833
275,8.188917,0.02700255,1.167e-06,0.01376123,7.5e-07,0.001209749,0.001372081,0.002420913,0.002262831,0.001166581,0.002250414,0.001171998,0.000671166,0.000470499,0.000243167
276,8.21592,0.02674163,1.25e-06,0.01359415,7.5e-07,0.001112332,0.001343915,0.002397996,0.002261497,0.001261665,0.00221158,0.001173999,0.000666249,0.000472249,0.000244
277,8.242662,0.02709071,1.083e-06,0.01390656,1.084e-06,0.001160165,0.001405664,0.002397164,0.00229158,0.001180665,0.002200413,0.001164165,0.000664916,0.000497583,0.000219666
278,8.269752,0.03401412,1.167e-06,0.01704764,9.16e-07,0.001421415,0.001372831,0.00240658,0.003263996,0.001483831,0.002907329,0.00252033,0.000860332,0.000506416,0.000221333
279,8.303766,0.03055362,1e-06,0.01332357,7.5e-07,0.001139915,0.00192208,0.003263996,0.002924579,0.001625498,0.002899079,0.001867997,0.000860832,0.000504916,0.000219417
280,8.33432,0.03063946,1e-06,0.01374923,9.16e-07,0.001192749,0.00192233,0.003281496,0.002983245,0.001506665,0.002900829,0.001485331,0.000866999,0.000529083,0.000219583
281,8.36496,0.02673655,1.084e-06,0.01354498,9.16e-07,0.001074165,0.001374082,0.002404246,0.002270747,0.001168249,0.00217933,0.001336665,0.000666665,0.000473916,0.0002415
282,8.391696,0.02721679,1.083e-06,0.01399123,8.34e-07,0.001067998,0.001419998,0.002401663,0.002266831,0.001164581,0.002337997,0.001163582,0.000671749,0.000509916,0.000219333
283,8.418913,0.0266178,1e-06,0.01343573,6.66e-07,0.001064415,0.001424998,0.002400414,0.002256413,0.001270248,0.002201331,0.001181331,0.000668749,0.000489916,0.000222583
284,8.445531,0.02724963,1.166e-06,0.01356248,6.67e-07,0.001091998,0.001361332,0.00240933,0.00234733,0.001660414,0.002306913,0.001163166,0.000667665,0.000455166,0.000222
285,8.47278,0.02800079,1.083e-06,0.01461731,7.5e-07,0.001264998,0.001418998,0.002442413,0.00229358,0.001196499,0.002211747,0.001170415,0.000667415,0.000496166,0.000219417
286,8.500781,0.03074096,1.166e-06,0.01396315,7.5e-07,0.001098666,0.001873247,0.003262579,0.002943662,0.001464498,0.00288833,0.001628331,0.000861498,0.000512583,0.0002425
287,8.531522,0.02747521,1.083e-06,0.01431031,6.67e-07,0.001103248,0.001368082,0.002397913,0.002272163,0.001272082,0.002218164,0.001165165,0.000668415,0.000476833,0.000221083
288,8.558997,0.02721305,8.34e-07,0.01405223,8.33e-07,0.001110415,0.001358999,0.002432246,0.002346164,0.001192248,0.002201413,0.001156915,0.000667333,0.000473833,0.000219583
289,8.58621,0.02742496,1.416e-06,0.01343848,7.5e-07,0.001225582,0.001372332,0.002461663,0.002273997,0.001178498,0.00238533,0.001468414,0.000859916,0.000515916,0.000242666
290,8.613635,0.03091646,1.333e-06,0.0140949,8.33e-07,0.001261332,0.001925497,0.003274246,0.002931246,0.001469081,0.002892746,0.001468998,0.000860082,0.000517749,0.000218417
291,8.644552,0.03575603,1.5e-06,0.02146289,8.33e-07,0.001401665,0.001511747,0.00248008,0.002408997,0.001311998,0.002346663,0.001254499,0.000715915,0.0005515,0.000307749
292,8.680308,0.02756029,1.166e-06,0.01436115,9.16e-07,0.001067916,0.001441831,0.002406413,0.002333747,0.001168082,0.002176247,0.001261581,0.000666999,0.000453583,0.000220666
293,8.707868,0.02686388,1e-06,0.01375423,9.17e-07,0.001089498,0.001388582,0.002412496,0.002254747,0.001181915,0.002250497,0.001172582,0.000667832,0.0004685,0.000221083
294,8.734732,0.02731971,1.167e-06,0.01362448,8.33e-07,0.001076582,0.001364748,0.002422996,0.002785663,0.001203749,0.002212663,0.001173665,0.000669999,0.000534749,0.000248417
295,8.762052,0.02693571,1.417e-06,0.01366798,9.16e-07,0.001062582,0.001426081,0.002486414,0.002264413,0.001178332,0.002200413,0.001177665,0.000677916,0.000570416,0.000221166
296,8.788987,0.0269998,1.084e-06,0.01359448,9.16e-07,0.001210749,0.001362331,0.00241233,0.00226233,0.001319165,0.002240247,0.001223831,0.000670249,0.000482083,0.00022
297,8.815987,0.03146371,1.083e-06,0.01422423,8.34e-07,0.001106248,0.001868581,0.003785578,0.002945579,0.001533664,0.00290058,0.001459164,0.000859499,0.000533999,0.000244667
298,8.847451,0.02747263,1.083e-06,0.01428648,7.5e-07,0.001092082,0.001337414,0.002403414,0.00235233,0.001189331,0.002208581,0.001165831,0.000733666,0.000458666,0.000243
299,8.874923,0.02651388,1.417e-06,0.0133794,8.33e-07,0.001082332,0.001362915,0.002493746,0.00227483,0.001193249,0.002208746,0.001162249,0.000668332,0.000465083,0.00022075
300,8.901437,0.03070637,1.167e-06,0.01382681,7.5e-07,0.001253665,0.001925997,0.003296329,0.002947162,0.001475915,0.002884246,0.001467581,0.000856999,0.000525333,0.000244416
301,8.932144,0.02680271,1.417e-06,0.01366023,9.17e-07,0.001079082,0.001402248,0.00240908,0.002254913,0.001165332,0.00226958,0.001192499,0.000670415,0.00047525,0.000221749
302,8.958946,0.02748671,1e-06,0.01429331,1e-06,0.001114165,0.001336331,0.002398164,0.002250663,0.001340415,0.00219933,0.001168665,0.000667583,0.000473332,0.00024275
303,8.986433,0.02705988,1.25e-06,0.01380406,7.5e-07,0.001089749,0.001354748,0.00239883,0.002474747,0.001198248,0.002206247,0.001155831,0.000666,0.000489582,0.000219833
304,9.013493,0.0266443,1.417e-06,0.0133644,7.5e-07,0.001159582,0.001443998,0.002479996,0.00226858,0.001179832,0.002207747,0.001168915,0.000668332,0.000481583,0.000219166
305,9.040137,0.02713221,1e-06,0.0139474,9.17e-07,0.001130165,0.001418665,0.00241608,0.002269997,0.001176665,0.00221883,0.001171248,0.000669916,0.000491999,0.000219333
306,9.06727,0.02625813,1.083e-06,0.01313673,9.17e-07,0.001064248,0.001433581,0.00239933,0.00227508,0.001162082,0.002185164,0.001223748,0.000665832,0.00046475,0.000245583
307,9.093528,0.03120146,1.5e-06,0.01378373,9.17e-07,0.001061248,0.001931831,0.003275829,0.003414662,0.001664164,0.002966746,0.001473081,0.000872499,0.000533999,0.00022125
308,9.124729,0.02835621,1.084e-06,0.01502748,9.17e-07,0.001165582,0.001413081,0.00248258,0.002273247,0.001179082,0.002225163,0.001176748,0.000667999,0.00050925,0.000233999
309,9.153085,0.02836121,1.167e-06,0.01360265,7.5e-07,0.001216499,0.001347164,0.002413414,0.00227733,0.001496748,0.002896496,0.001477748,0.000859248,0.00052925,0.000242749
310,9.181447,0.03625345,1.5e-06,0.01923372,8.33e-07,0.001230165,0.001919998,0.003268745,0.003010246,0.001491498,0.002907746,0.001539997,0.000869999,0.000550166,0.000228833
311,9.2177,0.03030746,1.333e-06,0.01356773,7.5e-07,0.001124915,0.001913831,0.003298329,0.002946579,0.001478414,0.00289233,0.001459164,0.000862416,0.000517916,0.000243749
312,9.248007,0.02712821,1.083e-06,0.01398256,8.33e-07,0.001083582,0.001429915,0.002401163,0.00226283,0.001200915,0.002209914,0.001163331,0.000668916,0.000478916,0.00024425
313,9.275136,0.02697196,1.25e-06,0.01381206,8.33e-07,0.001134332,0.001362665,0.00239633,0.002239663,0.001274165,0.002209747,0.001172665,0.000672082,0.000477083,0.000219083
314,9.302108,0.02634696,1.333e-06,0.01318506,8.34e-07,0.001099915,0.001419414,0.002400997,0.002312913,0.001187832,0.002215664,0.001167165,0.000667332,0.000468416,0.000220083
315,9.328455,0.0322637,1.084e-06,0.01674289,1.417e-06,0.001179665,0.001429998,0.00244658,0.003032912,0.001474331,0.002893163,0.001464331,0.000868416,0.000508249,0.000220666
316,9.360718,0.03025946,1.25e-06,0.01356498,7.5e-07,0.001072999,0.001874747,0.003262996,0.002938079,0.001581998,0.002873829,0.001476498,0.000861999,0.000528415,0.000220917
317,9.390978,0.03088912,1.167e-06,0.01412973,8.34e-07,0.001105665,0.001848664,0.003412078,0.002947079,0.001471665,0.002894163,0.001467748,0.000861248,0.0005295,0.000219583
318,9.421867,0.02744671,1.333e-06,0.01423515,7.5e-07,0.001170665,0.001399665,0.00240033,0.00224458,0.001172665,0.002176747,0.001149248,0.000673833,0.000601332,0.000220417
319,9.449314,0.02810954,1.583e-06,0.01281473,1e-06,0.001035832,0.001434414,0.002407914,0.002737246,0.001589914,0.002993496,0.001464331,0.000863249,0.000546083,0.000219749
320,9.477423,0.03063579,1.083e-06,0.01379473,9.16e-07,0.001080999,0.001914997,0.003459579,0.002941746,0.001477748,0.002882745,0.001472582,0.000873165,0.000514583,0.000220916
321,9.508059,0.03022096,1.25e-06,0.01344307,1.166e-06,0.001125582,0.001926581,0.003283245,0.002967829,0.001481665,0.002889496,0.001474081,0.000861832,0.000543999,0.000221167
322,9.53828,0.02756671,1e-06,0.01394123,7.5e-07,0.001046416,0.001429664,0.002427497,0.002253413,0.001382582,0.00223233,0.001495831,0.000659999,0.000479166,0.000216833
323,9.565847,0.02617713,1.334e-06,0.01299332,9.16e-07,0.001065249,0.001415998,0.00245733,0.002303997,0.001185415,0.00220008,0.001164915,0.000670416,0.000475832,0.000242333
324,9.592024,0.02679988,1.333e-06,0.0137304,9.17e-07,0.001052665,0.001370498,0.00247008,0.002255414,0.001182998,0.002184997,0.001163665,0.000664082,0.000479666,0.000243167
325,9.618824,0.02723338,1.083e-06,0.01397973,7.5e-07,0.001198748,0.001411081,0.002416914,0.00225308,0.001180082,0.002208746,0.001163582,0.000718332,0.000480916,0.000220334
326,9.646057,0.0347047,1.083e-06,0.01794481,9.17e-07,0.001638497,0.001173915,0.003463912,0.002967329,0.001473165,0.002870079,0.001452998,0.000856332,0.0005375,0.000324166
327,9.680762,0.03089521,1.083e-06,0.01416415,1e-06,0.001328248,0.001626081,0.003391162,0.002959162,0.001470915,0.002868996,0.001474248,0.000859582,0.000529833,0.000220749
328,9.711657,0.03061429,1.25e-06,0.01379581,8.34e-07,0.001108748,0.001922914,0.003286245,0.00294458,0.001459331,0.002866829,0.001602081,0.000863249,0.000517583,0.000244833
329,9.742271,0.0261483,1.333e-06,0.01299973,6.67e-07,0.001065165,0.001424331,0.002405747,0.00226758,0.001257082,0.002199913,0.001160999,0.000667082,0.000479083,0.000219583
330,9.768419,0.02741296,1e-06,0.01425056,1.084e-06,0.001076832,0.001432914,0.00240933,0.00231983,0.001183499,0.002207997,0.001172165,0.000666249,0.000474832,0.000216667
331,9.795832,0.02667005,1e-06,0.01327381,8.33e-07,0.001099082,0.001507998,0.002412497,0.002297996,0.001189665,0.002221831,0.001306081,0.000667583,0.000473166,0.000218499
332,9.822502,0.03562953,1.25e-06,0.01862822,9.16e-07,0.001369832,0.00199658,0.003274329,0.002928829,0.001483081,0.002886496,0.001463332,0.000861249,0.000513915,0.0002215
333,9.858132,0.03059104,1e-06,0.01371731,9.17e-07,0.001142915,0.001917164,0.003398245,0.002970496,0.001489998,0.002874496,0.001465248,0.000861998,0.000508583,0.000242666
334,9.888723,0.03020246,1.167e-06,0.01343948,8.34e-07,0.001209164,0.001924664,0.003278329,0.002940746,0.001480415,0.002874412,0.001458832,0.000858748,0.000516916,0.00021875
335,9.918926,0.02772146,1.083e-06,0.01393256,1e-06,0.001096165,0.001380581,0.002404414,0.002264746,0.001261582,0.002833579,0.001180915,0.000677499,0.000467416,0.000219917
336,9.946647,0.02667513,1.25e-06,0.0133964,6.67e-07,0.001041165,0.001417082,0.002574579,0.002293997,0.001189415,0.00222858,0.001178665,0.000667749,0.000465833,0.00021975
337,9.973322,0.02757046,1.084e-06,0.0141359,8.34e-07,0.001070832,0.001551164,0.00240833,0.00236833,0.001176998,0.002312414,0.001163915,0.000667582,0.000472333,0.00024075
338,10.00089,0.03407504,1.167e-06,0.01755014,1e-06,0.001247832,0.001370248,0.003484495,0.002956662,0.001470665,0.002884579,0.001463581,0.000895749,0.000529083,0.000219833
339,10.03497,0.02983721,1.083e-06,0.01314048,7.5e-07,0.001069248,0.001915081,0.003261329,0.002987745,0.001479915,0.002889996,0.001461248,0.000860082,0.000548666,0.000221583
340,10.0648,0.03060687,1.083e-06,0.01382048,8.33e-07,0.001188915,0.001919831,0.003277329,0.002943579,0.001473831,0.002878746,0.001479665,0.000861498,0.00051675,0.000244333
341,10.09541,0.02702021,1e-06,0.01376756,6.66e-07,0.001087082,0.001404498,0.002402913,0.002240997,0.001357415,0.00221808,0.001177249,0.000665082,0.000477749,0.000219917
342,10.12243,0.02723413,1e-06,0.01384931,1e-06,0.001067915,0.001415165,0.00240583,0.002520413,0.001198748,0.002214914,0.001169415,0.000670082,0.000498499,0.000221833
343,10.14967,0.02705171,1e-06,0.01372465,9.16e-07,0.001093832,0.001368582,0.002494163,0.002272663,0.001187498,0.002362914,0.001190498,0.000667833,0.000464166,0.000222999
344,10.17672,0.03331204,1.166e-06,0.01653698,7.5e-07,0.001373748,0.001273082,0.003438745,0.003255245,0.001473998,0.002891663,0.001475581,0.000859332,0.000511166,0.000220583
345,10.21003,0.03028521,1e-06,0.0134934,8.34e-07,0.001067165,0.001934164,0.003295579,0.003070912,0.001474498,0.002870079,0.001462748,0.000862332,0.00053375,0.000218749
346,10.24031,0.03034504,1.167e-06,0.01356948,9.17e-07,0.001122331,0.001880248,0.003278995,0.002949246,0.001483748,0.002887329,0.001477915,0.000855999,0.000512332,0.000325333
347,10.27066,0.0268733,1e-06,0.01366765,7.5e-07,0.001061332,0.001456998,0.002420497,0.002267747,0.001166665,0.002200413,0.001257332,0.000676832,0.00047525,0.000220833
348,10.29753,0.02734938,1.167e-06,0.01422231,7.5e-07,0.001087998,0.001362582,0.00240058,0.002267247,0.001235331,0.002200747,0.001169082,0.000676249,0.000502833,0.000222499
349,10.32488,0.02985871,1.167e-06,0.01351131,1e-06,0.001140748,0.001400998,0.003350246,0.003001329,0.001470914,0.002877163,0.001472248,0.000862249,0.000548249,0.000221083
350,10.35474,0.03909303,1.75e-06,0.02151405,1.25e-06,0.001405498,0.001958998,0.003336662,0.003126329,0.001542497,0.002956413,0.001528331,0.000879666,0.000593415,0.000248167
351,10.39383,0.03406212,1.25e-06,0.01689398,1e-06,0.001387998,0.001919997,0.003363829,0.002946912,0.001472082,0.002887995,0.001545832,0.000867248,0.000553333,0.000220666
352,10.4279,0.02809313,1.166e-06,0.01476398,7.5e-07,0.001081915,0.001419915,0.002465663,0.002295496,0.001193832,0.00235158,0.001170499,0.000667665,0.0004615,0.000219166
353,10.45599,0.02826563,1.333e-06,0.01393831,8.33e-07,0.001149582,0.001328664,0.002545164,0.002265246,0.001182415,0.00277108,0.001461498,0.000861249,0.000521832,0.000238417
354,10.48426,0.03035296,1.083e-06,0.01342306,9.16e-07,0.001238332,0.001921831,0.003263078,0.002914246,0.001460498,0.002967996,0.001545831,0.000860082,0.00051275,0.000243249
355,10.51461,0.02685771,1.167e-06,0.01375865,9.17e-07,0.001075582,0.001409081,0.002399163,0.002290414,0.001190165,0.00219383,0.001164332,0.000667665,0.00048725,0.000219499
356,10.54147,0.02673371,1.166e-06,0.01343681,7.5e-07,0.001210915,0.001406331,0.00248658,0.002266914,0.001179248,0.002193497,0.001166582,0.000666582,0.000476166,0.000242166
357,10.5682,0.02724863,1e-06,0.01379231,9.16e-07,0.001409915,0.001426665,0.002410663,0.00226133,0.001184082,0.00223233,0.001171165,0.000671166,0.000464832,0.00022225
358,10.59545,0.02738246,9.17e-07,0.01429823,7.5e-07,0.001096831,0.001366665,0.002422163,0.002271831,0.001181415,0.00219683,0.001168415,0.000667999,0.000489083,0.000221333
359,10.62283,0.02869963,1.417e-06,0.0132959,9.16e-07,0.001064999,0.001412248,0.002415496,0.003051079,0.001477082,0.002887496,0.001464164,0.000861249,0.000546999,0.000220583
360,10.65153,0.03752445,1.583e-06,0.02022989,1e-06,0.001248415,0.001924664,0.003300662,0.002986996,0.001623164,0.00292608,0.001504581,0.000862915,0.000573999,0.0003405
361,10.68905,0.02749671,1.083e-06,0.01437023,7.5e-07,0.001099665,0.001353415,0.002399996,0.002260664,0.001262415,0.00219833,0.001167582,0.000667582,0.000468833,0.000246166
362,10.71655,0.02741346,1.084e-06,0.01415465,7.5e-07,0.001211081,0.001402748,0.00240358,0.002295747,0.001182915,0.002223163,0.001166749,0.000667666,0.000483082,0.00022025
363,10.74397,0.02703063,1.084e-06,0.01388331,1e-06,0.001095498,0.001362415,0.002468746,0.00227958,0.001190415,0.002207164,0.001165582,0.000671499,0.000484082,0.00022025
364,10.771,0.03383654,1.084e-06,0.01764381,1e-06,0.001232499,0.001441331,0.003089079,0.002987329,0.001474998,0.002879329,0.001459665,0.000863832,0.000519916,0.000242666
365,10.80483,0.03065037,1.167e-06,0.01384956,9.17e-07,0.001155248,0.001914914,0.003263412,0.002988579,0.001481998,0.002873163,0.001462164,0.000899666,0.000537582,0.000222
366,10.83548,0.03029312,1.083e-06,0.01346581,7.5e-07,0.001138999,0.001926664,0.003273578,0.002970913,0.001493331,0.002874913,0.001461331,0.000860916,0.000603665,0.000221167
367,10.86578,0.02728988,8.33e-07,0.01372156,7.5e-07,0.001196082,0.001441664,0.00240233,0.00224758,0.001381498,0.00233608,0.001177415,0.0006725,0.000493499,0.000218083
368,10.89307,0.02736055,1e-06,0.01410765,8.33e-07,0.001086498,0.001363998,0.002401414,0.002336413,0.001192665,0.00219483,0.001314249,0.000670249,0.000471499,0.00021925
369,10.92043,0.02665696,1.166e-06,0.01349007,8.33e-07,0.001083249,0.001363914,0.002479997,0.002270497,0.001175831,0.002200997,0.001183415,0.000684916,0.000500749,0.000221333
370,10.94708,0.03533653,1.333e-06,0.01849747,6.67e-07,0.001063332,0.001881497,0.003282079,0.002958996,0.001693164,0.002865913,0.001470248,0.000860832,0.000540582,0.000220417
371,10.98242,0.02653313,1.084e-06,0.0133209,7.5e-07,0.001161665,0.001411414,0.002398497,0.002287414,0.001183081,0.00221358,0.001176332,0.000669416,0.000487416,0.000221583
372,11.00895,0.02759296,8.34e-07,0.01398631,8.34e-07,0.001079081,0.001433748,0.002451497,0.002284163,0.001214749,0.00222308,0.001558998,0.000659582,0.000455833,0.000244249
373,11.03655,0.02732371,1.084e-06,0.0140209,9.16e-07,0.001152665,0.001352665,0.00244308,0.002290664,0.001324998,0.00220733,0.001173165,0.000669082,0.000466166,0.000221
374,11.06387,0.03405837,1.417e-06,0.01733381,8.33e-07,0.001004915,0.001946747,0.003267329,0.002927079,0.001606665,0.002892496,0.001472414,0.000860916,0.000523582,0.000220167
375,11.09793,0.02802504,9.17e-07,0.01465806,8.34e-07,0.001138581,0.001413582,0.00242758,0.002254663,0.001186999,0.002376163,0.001183332,0.000667332,0.000472166,0.000244833
376,11.12595,0.02670638,1.583e-06,0.0137149,1e-06,0.001080165,0.001339581,0.002407247,0.002253913,0.001180999,0.00218058,0.001173248,0.0006665,0.000461832,0.000244833
377,11.15266,0.02931488,1.166e-06,0.01397123,7.5e-07,0.001197332,0.001409498,0.002430579,0.00285158,0.001480331,0.002872746,0.001477165,0.000864165,0.000536999,0.000221333
378,11.18197,0.03116921,1e-06,0.01386298,9.16e-07,0.001106749,0.00192308,0.003262412,0.003142329,0.001479498,0.002892663,0.001873997,0.000861499,0.000539749,0.000222333
379,11.21314,0.04198536,1.75e-06,0.02122764,1.083e-06,0.001318665,0.001905164,0.003339245,0.003191579,0.001998747,0.004535327,0.002199914,0.001332665,0.000693416,0.000240166
380,11.25513,0.03739728,1.167e-06,0.01603073,7.5e-07,0.001069916,0.003149912,0.005532992,0.004159994,0.001472665,0.002879996,0.001472831,0.000866332,0.000539249,0.00022075
381,11.29253,0.03022546,9.17e-07,0.01331981,8.34e-07,0.001131165,0.001918664,0.003286495,0.002985579,0.001591581,0.00288983,0.001457248,0.000863165,0.000558916,0.00022125
382,11.32275,0.02743321,9.17e-07,0.01407731,9.17e-07,0.001221498,0.001401915,0.00249933,0.002288996,0.001181165,0.002218831,0.001165081,0.000668416,0.000488999,0.000219833
383,11.35018,0.02681663,1.166e-06,0.01350998,1e-06,0.001061915,0.001563332,0.002422663,0.002286997,0.001177165,0.002221747,0.001175581,0.000681083,0.000490666,0.000223333
384,11.377,0.02627413,1.167e-06,0.01312273,7.5e-07,0.001062832,0.001415248,0.00241258,0.00230233,0.001195249,0.00221508,0.001167581,0.000668666,0.000465083,0.000244833
385,11.40328,0.03406137,1.083e-06,0.01669639,8.34e-07,0.001391414,0.001477082,0.003801411,0.003249245,0.001474165,0.002898329,0.001468665,0.000862665,0.000520666,0.000219417
386,11.43734,0.03023687,1.334e-06,0.01338065,7.5e-07,0.001046581,0.001920164,0.003387579,0.002949329,0.001490415,0.002872579,0.001478498,0.000855832,0.000522749,0.000330417
387,11.46757,0.03020621,1e-06,0.01357106,8.33e-07,0.001099582,0.001864914,0.003269412,0.00294058,0.001474914,0.002882996,0.001484331,0.000865749,0.000533333,0.000217499
388,11.49778,0.02737546,9.17e-07,0.01407931,7.5e-07,0.001081331,0.001402665,0.00239408,0.002459747,0.001217415,0.002211413,0.001168082,0.000665166,0.000475749,0.000218833
389,11.52516,0.02638005,1.166e-06,0.01319815,8.34e-07,0.001091748,0.001360582,0.002508079,0.002278581,0.001184081,0.002216247,0.001178082,0.000669582,0.000472416,0.0002205
390,11.55154,0.03064896,1e-06,0.0139109,7.5e-07,0.001177415,0.001918164,0.003267662,0.002937996,0.001480414,0.002885746,0.001474915,0.000864249,0.000514416,0.000215333
391,11.58218,0.02678563,1.166e-06,0.01345698,8.34e-07,0.001166415,0.001377831,0.002396747,0.002278747,0.001167581,0.002376914,0.001180165,0.000671832,0.000492249,0.000218167
392,11.60897,0.02792688,9.17e-07,0.01393173,7.5e-07,0.001192582,0.001404331,0.002413497,0.002279497,0.001269998,0.002844079,0.001189248,0.000668833,0.000510416,0.000220999
393,11.6369,0.02684821,9.17e-07,0.01369348,8.34e-07,0.001099415,0.001373748,0.002410663,0.002323497,0.001181582,0.002210913,0.001182332,0.000666999,0.000482249,0.000221583
394,11.66374,0.0266338,1.083e-06,0.01330732,9.16e-07,0.001069249,0.001408915,0.002463663,0.002421913,0.001183832,0.002210663,0.001181999,0.000669165,0.000471583,0.0002435
395,11.69038,0.02708146,1e-06,0.0139294,8.33e-07,0.001097832,0.001410081,0.002420664,0.002257663,0.001185415,0.00219658,0.001164499,0.000669332,0.000528416,0.00021975
396,11.71746,0.02654171,1.083e-06,0.01329315,9.17e-07,0.001101582,0.001410081,0.002411914,0.002271163,0.001184915,0.00231033,0.001177415,0.000668249,0.000489583,0.000221333
397,11.744,0.03122887,1e-06,0.01446548,9.17e-07,0.001060665,0.001924414,0.003325662,0.002939912,0.001514665,0.002917912,0.001457248,0.000859499,0.000541666,0.000219833
398,11.77523,0.02747271,7.5e-07,0.0141664,9.17e-07,0.001146748,0.001410665,0.00248333,0.00225608,0.001180248,0.00220183,0.001246665,0.000674166,0.000484999,0.000219917
399,11.8027,0.02664071,1.167e-06,0.01324165,8.33e-07,0.001171499,0.001311498,0.00241358,0.00226158,0.001222331,0.002219414,0.001177165,0.000668082,0.000710249,0.000241667
400,11.82934,0.03062212,9.17e-07,0.0138664,7.5e-07,0.001150665,0.001928331,0.003297745,0.002948246,0.001473998,0.002893246,0.001459831,0.000858749,0.000522583,0.000220666
401,11.85997,0.02653005,1e-06,0.0133569,1e-06,0.001086082,0.001369082,0.00239808,0.002246496,0.001332582,0.002214913,0.001165999,0.000671166,0.000467416,0.000219333
402,11.8865,0.02751513,1.084e-06,0.01431798,6.66e-07,0.001098332,0.001369665,0.00240383,0.00235883,0.001183748,0.002212997,0.001170415,0.000682749,0.000494916,0.000219916
403,11.91401,0.02645271,1.167e-06,0.01322706,7.5e-07,0.001057248,0.001430248,0.00248933,0.00230308,0.001191749,0.002197747,0.001175081,0.000669749,0.00046475,0.000244749
404,11.94046,0.0266958,1e-06,0.01353598,6.67e-07,0.001193498,0.001364665,0.002414497,0.002283663,0.001183499,0.00219058,0.001166998,0.000667916,0.000472333,0.000220499
405,11.96716,0.02711679,1.083e-06,0.01379656,1e-06,0.001289415,0.001415498,0.002410996,0.002257831,0.001177415,0.002197663,0.001177915,0.000668249,0.000504083,0.000219083
406,11.99428,0.03418962,1.166e-06,0.01751206,1e-06,0.001287582,0.001421664,0.003453912,0.002929496,0.001609664,0.002897413,0.001464331,0.000859666,0.000508082,0.000243583
407,12.02847,0.03077321,1.083e-06,0.01396873,7.5e-07,0.001093165,0.002070914,0.003281995,0.002951163,0.001473831,0.002865246,0.001460248,0.000861665,0.000527499,0.000216917
408,12.05924,0.03046446,1.083e-06,0.01374965,7.5e-07,0.001035581,0.001919914,0.003270079,0.002940079,0.001463082,0.002973579,0.001486414,0.000865583,0.000538165,0.0002205
409,12.0897,0.02661546,1.25e-06,0.01348631,8.33e-07,0.001089665,0.001376582,0.00240208,0.002347246,0.001180915,0.002213581,0.001166831,0.000665583,0.000462916,0.000221666
410,12.11632,0.02707396,1.166e-06,0.01379198,8.33e-07,0.001062666,0.001439997,0.00249233,0.00228783,0.001180082,0.002252414,0.001167998,0.000679499,0.000497499,0.000219667
411,12.14339,0.02724838,1.083e-06,0.01341956,9.16e-07,0.001199082,0.001414165,0.002409413,0.002277413,0.001236832,0.002260913,0.001433998,0.000861166,0.000513166,0.000220666
412,12.17064,0.03661711,1.083e-06,0.01940947,7.5e-07,0.001079665,0.001940414,0.003272495,0.003194162,0.001491748,0.003081996,0.001497081,0.000867332,0.000554249,0.000226667
413,12.20726,0.03135796,1.084e-06,0.01430398,8.33e-07,0.001118165,0.001867497,0.003270079,0.002985246,0.001485915,0.002873329,0.001865914,0.000854915,0.000512666,0.000218333
414,12.23862,0.03027754,1e-06,0.01351957,8.33e-07,0.001083332,0.001918914,0.003257995,0.003060496,0.001474664,0.00287258,0.001480414,0.000866249,0.000521499,0.00022
415,12.26889,0.0270658,9.17e-07,0.01375465,9.17e-07,0.001336164,0.001331998,0.002412997,0.002274414,0.001190748,0.00222333,0.001172248,0.000668916,0.0004755,0.000222999
416,12.29596,0.02666255,1.084e-06,0.01342448,8.33e-07,0.001198998,0.001426998,0.00243233,0.002246414,0.001184415,0.002197413,0.001176332,0.000668249,0.000484583,0.000220416
417,12.32262,0.02708488,1.083e-06,0.01384273,9.16e-07,0.001252415,0.001422832,0.002415829,0.002254414,0.001181665,0.002194997,0.001166498,0.000668333,0.000468332,0.000214833
418,12.34971,0.03274937,1e-06,0.01699423,9.17e-07,0.001248414,0.001399582,0.002412246,0.003113996,0.001608998,0.002889662,0.001475248,0.000866749,0.000517749,0.000220583
419,12.38246,0.03051254,1e-06,0.01366781,9.17e-07,0.001055498,0.002118997,0.003296412,0.002938996,0.001485165,0.002874329,0.001473415,0.000861415,0.000493499,0.000245083
420,12.41297,0.03079521,1.167e-06,0.01392123,7.5e-07,0.001111749,0.001929664,0.003279329,0.002938662,0.001464248,0.003035996,0.001466998,0.000864499,0.000559082,0.000221833
421,12.44376,0.02681438,9.17e-07,0.01365781,1e-06,0.001112581,0.001338415,0.002402997,0.002351997,0.001183498,0.002190664,0.001172998,0.000667749,0.000489333,0.000244416
422,12.47058,0.02705971,1.416e-06,0.01390265,9.17e-07,0.001068332,0.001401415,0.002457246,0.002279414,0.001182665,0.002190497,0.001159415,0.000666749,0.000504499,0.0002445
423,12.49764,0.02710421,9.16e-07,0.01378806,1.084e-06,0.001323748,0.001370248,0.002419413,0.002263164,0.001182081,0.002202914,0.001174998,0.000670916,0.000484916,0.00022175
424,12.52474,0.0268113,1.083e-06,0.01347448,9.16e-07,0.001198249,0.001409414,0.002600497,0.00224833,0.001169998,0.002202164,0.001158415,0.000659999,0.000468332,0.000219417
425,12.55155,0.02882579,1.166e-06,0.01402431,9.17e-07,0.001216248,0.001408665,0.002409996,0.002272664,0.001534831,0.002882162,0.001472665,0.000863916,0.000518499,0.00021975
426,12.58038,0.03603878,1.5e-06,0.01903072,8.33e-07,0.001324999,0.001932997,0.003282079,0.002955995,0.001493082,0.002884496,0.001488831,0.000866499,0.000525249,0.0002515
427,12.61642,0.03078162,1.084e-06,0.0139329,1.167e-06,0.001044581,0.001930998,0.003288078,0.002952246,0.001583415,0.002865912,0.001466998,0.000854332,0.00053075,0.000329166
428,12.6472,0.02722946,7.5e-07,0.01419198,1.084e-06,0.001067248,0.001363332,0.002475829,0.002255747,0.001185582,0.002172497,0.001161165,0.000664916,0.000469916,0.000219416
429,12.67443,0.02989262,1.083e-06,0.01328465,8.34e-07,0.001309831,0.001353665,0.003485912,0.002933662,0.001538165,0.002896662,0.001467415,0.000859832,0.000537083,0.000223833
430,12.70432,0.03117987,1.083e-06,0.0137319,8.34e-07,0.001112332,0.001932914,0.003272912,0.003393578,0.001663998,0.002994162,0.001471832,0.000859415,0.000522999,0.000221917
431,12.7355,0.02617271,1.083e-06,0.01298073,7.5e-07,0.001060831,0.001416498,0.00248633,0.002283914,0.001181081,0.002199747,0.001182582,0.000667666,0.000469166,0.000242333
432,12.76168,0.02708063,1e-06,0.01390565,8.33e-07,0.001070082,0.001391915,0.002459913,0.002295413,0.001198248,0.002205664,0.001167498,0.000666583,0.000472249,0.000245583
433,12.78876,0.03234245,1.334e-06,0.01693564,9.17e-07,0.001236332,0.001464998,0.00242058,0.002851746,0.001479831,0.002894746,0.001462664,0.000858999,0.000514499,0.000220167
434,12.8211,0.03004579,1.25e-06,0.01327265,6.66e-07,0.001060915,0.001923998,0.003269162,0.003080162,0.001474415,0.002894496,0.001459998,0.000866248,0.000522833,0.000219
435,12.85114,0.02712271,1.166e-06,0.01383506,7.5e-07,0.001195665,0.001418915,0.002438913,0.002286247,0.001179082,0.002201496,0.001181915,0.000667416,0.000494916,0.000221167
436,12.87827,0.02690363,9.17e-07,0.01374473,7.5e-07,0.001195665,0.001409331,0.002408913,0.002245747,0.001187999,0.00219008,0.001166498,0.000666916,0.000464999,0.000221083
437,12.90517,0.02724721,1.083e-06,0.01404431,9.17e-07,0.001207665,0.001407414,0.002409414,0.002266996,0.001185915,0.002193747,0.001165582,0.000666166,0.000458249,0.00023975
438,12.93242,0.0269168,1e-06,0.01383165,7.5e-07,0.001054832,0.001431331,0.002401247,0.002248246,0.001165249,0.002162747,0.001231915,0.000668082,0.000499666,0.000220083
439,12.95933,0.03030021,1.083e-06,0.01359565,9.17e-07,0.001113831,0.001852498,0.003274078,0.003058163,0.001475498,0.002882329,0.001467915,0.000859332,0.000497749,0.000221166
440,12.98963,0.03652087,1.834e-06,0.02228464,1.167e-06,0.001665331,0.001457414,0.002514913,0.00245108,0.001296582,0.002250997,0.001206248,0.000673332,0.000484583,0.00023275
441,13.02616,0.02744796,1e-06,0.01423031,9.16e-07,0.001089999,0.001505581,0.00241083,0.002275913,0.001187665,0.002190747,0.001172999,0.000668249,0.000495082,0.000218667
442,13.0536,0.03594553,1.333e-06,0.01928772,9.16e-07,0.001066916,0.001927914,0.003295412,0.002949912,0.001472748,0.002885913,0.001462081,0.000859749,0.000513582,0.000221333
443,13.08955,0.02711288,1.083e-06,0.01391948,9.17e-07,0.001084832,0.001362331,0.002480997,0.002260997,0.001180665,0.002198163,0.001236082,0.000664666,0.000501249,0.000221416
444,13.11666,0.02688788,1.25e-06,0.01375798,1e-06,0.001110165,0.001366332,0.002405996,0.002257914,0.001213082,0.00220133,0.001167665,0.000675499,0.000508583,0.000221083
445,13.14355,0.02709321,1e-06,0.0139404,7.5e-07,0.001100499,0.001411081,0.00242683,0.002267663,0.001182749,0.00221858,0.001175248,0.000677416,0.000469583,0.000221416
446,13.17064,0.03460787,1.25e-06,0.01744706,1e-06,0.001419832,0.001958997,0.003269912,0.003067746,0.001477831,0.002900746,0.001467998,0.000859082,0.000516332,0.000220083
447,13.20525,0.03130729,1.083e-06,0.01405015,8.33e-07,0.001222915,0.001846081,0.003292745,0.003435329,0.001481498,0.002892662,0.001472665,0.000862665,0.000530416,0.00021825
448,13.23656,0.03084121,1.083e-06,0.01398648,8.33e-07,0.001135832,0.001915247,0.003262329,0.002958246,0.001591664,0.002879663,0.001484248,0.000859582,0.000521832,0.000244167
449,13.2674,0.02747638,1.167e-06,0.0135229,1.166e-06,0.001106499,0.001368414,0.00248508,0.00241808,0.001831498,0.002201913,0.001164999,0.000667082,0.000463916,0.000243666
450,13.29488,0.02741871,1e-06,0.01415231,7.5e-07,0.001226748,0.001420248,0.002423163,0.00229108,0.001181249,0.00220033,0.001164748,0.000667583,0.000467999,0.0002215
451,13.32229,0.02635971,1e-06,0.01315098,6.67e-07,0.001073748,0.001436331,0.002429664,0.00228008,0.001183248,0.00223408,0.001196415,0.000668249,0.000486333,0.000218916
452,13.34865,0.03500095,1e-06,0.01781214,1e-06,0.001342831,0.001932914,0.003278329,0.003191829,0.001490331,0.002884163,0.001467664,0.000857499,0.000522416,0.000218833
453,13.38366,0.03067304,1e-06,0.01388865,9.17e-07,0.001192248,0.001879581,0.003274079,0.002977496,0.001472331,0.002887496,0.001472248,0.000861665,0.000547249,0.000218083
454,13.41433,0.03025254,1.25e-06,0.01327748,9.17e-07,0.001250165,0.001923664,0.003283495,0.002958913,0.001581498,0.002890829,0.001465748,0.000860165,0.000516833,0.000241583
455,13.44458,0.02701521,1e-06,0.01384898,8.34e-07,0.001058665,0.001410998,0.002485746,0.002281914,0.001178248,0.002194081,0.001164165,0.000667165,0.000504833,0.000218583
456,13.4716,0.02662363,1.167e-06,0.01330673,8.33e-07,0.001139249,0.001399498,0.00241483,0.002287663,0.001179415,0.002190997,0.001324082,0.000665332,0.000468083,0.000245749
457,13.49822,0.02699463,1.167e-06,0.0137909,8.34e-07,0.001186165,0.001412498,0.002410413,0.00224933,0.001202832,0.00219958,0.001162998,0.000664916,0.000493833,0.000219166
458,13.52521,0.03254712,1.167e-06,0.01696014,7.5e-07,0.001293248,0.001412248,0.002411663,0.003010913,0.001489998,0.002863662,0.001462998,0.000863166,0.000533416,0.000243749
459,13.55776,0.03009721,1.084e-06,0.01328006,6.67e-07,0.001090582,0.001915997,0.003396579,0.002950829,0.001481498,0.002900079,0.001474915,0.000860999,0.000522499,0.000221416
460,13.58786,0.03054871,1e-06,0.01384206,6.67e-07,0.001089665,0.001912414,0.003310079,0.002956912,0.001476581,0.00287308,0.001458998,0.000863665,0.000542833,0.000220749
461,13.61841,0.03061887,1.167e-06,0.01388948,7.5e-07,0.001080999,0.001921747,0.003265995,0.003002079,0.001475082,0.002899996,0.001463414,0.000859749,0.000537499,0.000220917
462,13.64903,0.02726371,1e-06,0.01414648,8.34e-07,0.001072998,0.001421415,0.002414413,0.00228558,0.001185415,0.00220733,0.001168082,0.000676333,0.000463916,0.000219916
463,13.67629,0.02681046,1.083e-06,0.01360656,7.5e-07,0.001176498,0.001405581,0.00242708,0.002278664,0.001195831,0.002198331,0.001170831,0.000666916,0.000461249,0.000221083
464,13.7031,0.02742746,1e-06,0.01424023,8.34e-07,0.001063165,0.001367831,0.002398913,0.002256581,0.001162581,0.002184664,0.001193582,0.000687415,0.000650499,0.000220167
465,13.73053,0.03081987,6.67e-07,0.01407956,7.5e-07,0.001081582,0.001872081,0.003261162,0.003060496,0.001479164,0.002893413,0.001459498,0.000860082,0.000527499,0.000243917
466,13.76135,0.02665771,1.417e-06,0.01354065,7.5e-07,0.001122748,0.001363748,0.00242708,0.00226983,0.001179665,0.002216997,0.001169832,0.000664499,0.000481082,0.000219417
467,13.78801,0.0271078,1.084e-06,0.01384173,8.34e-07,0.001243998,0.001422998,0.00241233,0.00226858,0.001189748,0.002188831,0.001162665,0.000673249,0.000480999,0.00022075
468,13.81511,0.02724121,1.166e-06,0.01419481,7.5e-07,0.001092415,0.001357081,0.00240983,0.002259164,0.001184748,0.002200247,0.001165748,0.000674833,0.000481499,0.000218916
469,13.84235,0.0340602,1.417e-06,0.01702581,1e-06,0.001636331,0.001420332,0.003474162,0.003032912,0.001473831,0.002911663,0.001475164,0.000859833,0.000526416,0.000221333
470,13.87641,0.03025537,1.333e-06,0.01391765,7.5e-07,0.001090831,0.001924914,0.003278412,0.002969496,0.001480165,0.003069912,0.001175582,0.000665416,0.000460332,0.000220583
471,13.90667,0.02653771,1.25e-06,0.01329473,8.33e-07,0.001087665,0.001367915,0.002411247,0.002257913,0.001276082,0.00221633,0.001251415,0.000666499,0.000484583,0.000221249
472,13.93321,0.02837829,1.25e-06,0.01389015,7.5e-07,0.001066248,0.001424582,0.002402579,0.002285164,0.001189748,0.002833913,0.001657248,0.000865498,0.000516916,0.00024425
473,13.96159,0.03063129,1.084e-06,0.01376406,7.5e-07,0.001088332,0.00191533,0.003402496,0.002956662,0.001471915,0.002875079,0.001458665,0.000924332,0.000549582,0.000223
474,13.99222,0.03917836,1.583e-06,0.02108739,1.084e-06,0.001477914,0.002002164,0.003426579,0.003179162,0.001566331,0.003004412,0.001565248,0.000895416,0.000667999,0.000303082
475,14.0314,0.03381879,1.25e-06,0.01680256,9.16e-07,0.001307582,0.001912164,0.003334495,0.003001579,0.001485082,0.002888996,0.001462664,0.000860666,0.000539166,0.000221666
476,14.06521,0.02711988,1.083e-06,0.01388581,8.33e-07,0.001100582,0.001391498,0.002408663,0.002343664,0.001179998,0.002246497,0.001169498,0.000668999,0.000475166,0.000247583
477,14.09233,0.0273513,1.25e-06,0.0138854,1e-06,0.001173166,0.001407998,0.002410579,0.002352081,0.001189831,0.002349997,0.001220081,0.0006685,0.000469832,0.000221583
478,14.11969,0.02713263,1.083e-06,0.0140789,9.17e-07,0.001093665,0.001372498,0.00241933,0.00227033,0.001186915,0.002196997,0.001170832,0.000663749,0.000457499,0.000219917
479,14.14682,0.02888604,1e-06,0.01339031,9.17e-07,0.001089915,0.001415581,0.002420497,0.002718996,0.001871081,0.002887579,0.001469164,0.000861916,0.000540916,0.000218166
480,14.1757,0.03073629,1.334e-06,0.01374981,6.66e-07,0.001181665,0.001926581,0.003402162,0.002950329,0.001477831,0.002864996,0.001471415,0.000856915,0.00052325,0.000329332
481,14.20644,0.03008729,1.25e-06,0.01324382,9.16e-07,0.001169749,0.00192758,0.003268579,0.002926579,0.001459415,0.002850162,0.001616331,0.000862416,0.000518166,0.000242333
482,14.23653,0.02708854,1.167e-06,0.0139494,9.17e-07,0.001057665,0.001423164,0.002412997,0.00232033,0.001204415,0.002197414,0.001161831,0.000665833,0.000473249,0.000220166
483,14.26362,0.02861046,1e-06,0.01380023,9.17e-07,0.001128249,0.001333914,0.00253233,0.002334997,0.001519998,0.002872746,0.001464664,0.000863666,0.000534999,0.00022275
484,14.29223,0.03015204,1.167e-06,0.0134064,8.34e-07,0.001182581,0.001900581,0.003288579,0.002939996,0.001470998,0.002880746,0.001480998,0.000858665,0.000520833,0.000219666
485,14.32238,0.03027321,1e-06,0.01346065,1.25e-06,0.001066165,0.001938164,0.003287079,0.002948912,0.001607415,0.002886412,0.001472915,0.000862415,0.000520333,0.000220499
486,14.35265,0.02740713,1.334e-06,0.01407881,6.67e-07,0.001244748,0.001416498,0.002411663,0.00227283,0.001178165,0.002197914,0.001173665,0.000718582,0.000463833,0.000248416
487,14.38006,0.02742746,1.167e-06,0.01431406,8.34e-07,0.001109331,0.001352332,0.00241133,0.00226033,0.001187832,0.002218247,0.001184165,0.000669499,0.000498832,0.0002195
488,14.40749,0.02724363,1e-06,0.01415115,7.5e-07,0.001095915,0.001352165,0.002407663,0.002288664,0.001200998,0.00221133,0.001170832,0.000666749,0.000478,0.000218416
489,14.43473,0.0343402,1.333e-06,0.01734189,9.17e-07,0.001299998,0.002027331,0.003290912,0.002950329,0.001474081,0.002885663,0.001469081,0.000858915,0.000516916,0.000222833
490,14.46907,0.03099121,1e-06,0.01436565,8.34e-07,0.001112831,0.001871831,0.003288829,0.002965829,0.001474248,0.002875162,0.001657081,0.00066925,0.000487749,0.000220916
491,14.50006,0.02666871,1.25e-06,0.01354315,9.17e-07,0.001112081,0.001381332,0.002411663,0.002284414,0.001182165,0.002200996,0.001163665,0.000666833,0.000477083,0.000243166
492,14.52673,0.02765521,9.17e-07,0.01372065,8.33e-07,0.001071832,0.001412331,0.00240833,0.002267747,0.001180665,0.00225483,0.001651581,0.000934415,0.000529916,0.000221167
493,14.55439,0.03092879,1.5e-06,0.01363423,9.17e-07,0.001158915,0.001912664,0.003398412,0.002977163,0.001482581,0.002874412,0.001902164,0.000857166,0.000509749,0.000218917
494,14.58531,0.03058029,1.167e-06,0.01357998,6.67e-07,0.001134498,0.001923664,0.003266745,0.003231829,0.001473165,0.002867329,0.001485165,0.000860665,0.000509666,0.00024575
495,14.61589,0.03069154,7.5e-07,0.01346332,9.17e-07,0.001066331,0.001949331,0.003272745,0.003121746,0.001480331,0.002868413,0.001865081,0.000861498,0.000520583,0.0002205
496,14.64659,0.02681163,1.083e-06,0.01371981,1e-06,0.001096165,0.001361582,0.002412913,0.002259663,0.001182249,0.002209163,0.001170915,0.000667249,0.000511083,0.00021875
497,14.6734,0.02726696,1.25e-06,0.01398565,1.25e-06,0.001168498,0.001432748,0.002411414,0.002278163,0.001185165,0.00223608,0.001184915,0.000667499,0.000493083,0.00022125
498,14.70066,0.02822804,1.084e-06,0.01490523,7.5e-07,0.001080498,0.001421331,0.002413664,0.002268163,0.001308248,0.002257581,0.001188331,0.000671083,0.000467666,0.000244416
499,14.72889,0,0,0,0,0,0,0,0,0,0,0,0,0,0

Averages:
0.02945779,1.149824e-06,0.01435426,8.49678e-07,0.001148295,0.00167937,0.002772463,0.002625628,0.001390319,0.00256736,0.001396635,0.0007770384,0.0005115278,0.0002328929
