OpenCV version: 2.4
Usage: 7-SobelDerivatives <input-number> [<samples>]
input-number - is the video device number. Defaults to zero. E.g. for /dev/video2 just use '2' as argument.
samples - number of samples before application ends. Defaults to 1000; zero means infinite.
sample_number,elapsed_time,frame,mat_alloc,read_img,convert_color,gaussian_blur,sobel,convert_scale,sobel2,conver_scale2,add_weighted,show_img
0,0,0.9530306,7.25e-06,0.3703558,0.06769542,0.1920087,0.06068868,0.06125351,0.05813251,0.06091267,0.05882918,0.02314689
1,0.9530306,0.9349041,1.25e-06,0.3964676,0.06219417,0.2123977,0.04713586,0.05449018,0.04476836,0.05431043,0.05870685,0.004431744
2,1.887935,0.9072568,1e-06,0.3664117,0.05215135,0.190791,0.05439752,0.07378616,0.0527316,0.05412935,0.05831151,0.004545578
3,2.795191,0.9096164,1.25e-06,0.3759562,0.05228794,0.1882049,0.04716586,0.05435818,0.04473811,0.06778983,0.07155083,0.007563324
4,3.704808,0.8952061,1.333e-06,0.3870582,0.05487843,0.1888016,0.04700378,0.05449885,0.04544203,0.05430935,0.05878535,0.004427161
5,4.600014,0.8786499,1.25e-06,0.37436,0.05042144,0.1901755,0.04702453,0.05436585,0.04481395,0.05432593,0.05870118,0.004460245
6,5.478664,0.8797333,1.5e-06,0.3763133,0.05025802,0.1889454,0.04736778,0.05448102,0.04473886,0.05431602,0.05885118,0.004460244
7,6.358397,0.8779228,1.5e-06,0.3729878,0.04986177,0.1906741,0.04742127,0.05471318,0.04474603,0.05430068,0.05873918,0.004477328
8,7.23632,0.8821781,1.5e-06,0.3751461,0.05353585,0.1893681,0.04694828,0.05441593,0.04473903,0.0548621,0.0586371,0.004524078
9,8.118498,0.8800682,1.666e-06,0.3725677,0.05438485,0.1890498,0.04737177,0.05447202,0.04466245,0.05438352,0.05870051,0.004473911
10,8.998566,0.8766216,1.5e-06,0.3735577,0.04984836,0.1896307,0.04678161,0.05458243,0.04467211,0.05438702,0.05870051,0.004459661
11,9.875188,0.8849141,1.584e-06,0.37416,0.05774593,0.1894572,0.04691203,0.05441927,0.04474036,0.05431085,0.0587066,0.004460328
12,10.7601,0.8762781,1.5e-06,0.3741088,0.04893877,0.1889254,0.04731919,0.05438902,0.04472161,0.05464393,0.05875351,0.004476328
13,11.63638,0.8757189,1.416e-06,0.372872,0.05014344,0.1885174,0.04738611,0.05445552,0.04462428,0.05453252,0.05860251,0.004583744
14,12.5121,0.8781299,1.417e-06,0.3738079,0.0510191,0.189239,0.04735086,0.0544016,0.04462986,0.0544626,0.05873876,0.004478828
15,13.39023,0.881526,1.416e-06,0.3757832,0.05222235,0.1890604,0.04737319,0.05435185,0.04486586,0.05443352,0.05898643,0.004447744
16,14.27175,0.8801563,1.417e-06,0.372219,0.05511402,0.1889241,0.04733361,0.05447227,0.04457036,0.05436027,0.05869534,0.004465995
17,15.15191,0.8766423,1.25e-06,0.3723385,0.0512781,0.1892339,0.04730352,0.05446418,0.04443045,0.05441018,0.05869518,0.004486995
18,16.02855,0.8758397,1.333e-06,0.3741782,0.04853786,0.1891179,0.04733419,0.05474285,0.04444545,0.05438102,0.05863093,0.004469911
19,16.90439,0.8758514,1.5e-06,0.3717835,0.05110019,0.1886789,0.04738577,0.0549576,0.04438636,0.0544091,0.05860009,0.004548494
20,17.78024,0.8787228,1.5e-06,0.3743235,0.04992594,0.1908004,0.04728761,0.05441593,0.04448836,0.05437385,0.0586386,0.004467077
21,18.65897,0.8795461,1.417e-06,0.372223,0.05415177,0.1897707,0.04685694,0.05450218,0.04450736,0.05438118,0.05870518,0.004446328
22,19.53851,0.8813888,1.583e-06,0.372402,0.05547243,0.1897489,0.04729311,0.05446852,0.04439653,0.05441293,0.05860909,0.004583661
23,20.4199,0.8781778,1.334e-06,0.3725187,0.05107835,0.1906043,0.04737119,0.05463493,0.0443157,0.05448202,0.05860368,0.004567578
24,21.29808,0.8787072,1.5e-06,0.3751149,0.05072302,0.189247,0.04725586,0.05437485,0.04448594,0.05433243,0.05869701,0.004474661
25,22.17679,0.8837247,1.5e-06,0.373642,0.05501393,0.1919573,0.04678628,0.05442952,0.04440928,0.05430127,0.05873568,0.004447994
26,23.06051,0.8819613,1.416e-06,0.376007,0.05151385,0.1907698,0.04729586,0.0544316,0.04439236,0.0543241,0.05876901,0.004456328
27,23.94247,0.8806909,1.417e-06,0.3731138,0.05250002,0.1905279,0.04719852,0.05454202,0.04470111,0.05488602,0.05874243,0.004477661
28,24.82316,0.8825828,1.5e-06,0.3743935,0.05308443,0.1915204,0.04677453,0.05436527,0.04474886,0.05454285,0.05870868,0.004442745
29,25.70575,0.8809445,1.333e-06,0.373217,0.05293852,0.1906458,0.04755578,0.0543576,0.04467119,0.05432218,0.05876834,0.004466745
30,26.58669,0.8792818,1.25e-06,0.3716672,0.05318344,0.1903194,0.04715828,0.0545831,0.04479786,0.05441793,0.0585966,0.004556661
31,27.46597,0.8775796,1.167e-06,0.3717747,0.05345602,0.188518,0.04734527,0.05447277,0.04437936,0.05447943,0.05859751,0.004555328
32,28.34355,0.8798349,1.416e-06,0.371281,0.05503243,0.1890165,0.04763477,0.05442527,0.0447937,0.05449543,0.05859409,0.004560245
33,29.22339,0.8783438,1.583e-06,0.371728,0.05351743,0.1889789,0.04726436,0.05445793,0.04480969,0.05437952,0.05873834,0.004467994
34,30.10173,0.8806139,1.5e-06,0.3714223,0.05087002,0.1898189,0.04722486,0.05434393,0.04473678,0.0565041,0.06122151,0.004470078
35,30.98235,0.8793212,1.583e-06,0.371045,0.05485185,0.1891075,0.04762777,0.05435002,0.04465553,0.05442968,0.05879659,0.004455578
36,31.86167,0.8730784,1.5e-06,0.3703102,0.04967361,0.1892429,0.04734703,0.05435393,0.04434836,0.05447693,0.05874609,0.004577912
37,32.73475,0.8767715,1.25e-06,0.3695277,0.05263019,0.1899899,0.04781719,0.0543641,0.04459486,0.05441235,0.05885243,0.004581495
38,33.61152,0.8790948,1.5e-06,0.3707057,0.05353543,0.1905102,0.04739144,0.05443535,0.0449807,0.05440077,0.05859434,0.004539412
39,34.49061,0.875654,1.583e-06,0.3702873,0.05094569,0.190511,0.04720753,0.05444135,0.04461811,0.05448035,0.05860935,0.004551744
40,35.36627,0.8749143,1.667e-06,0.3702714,0.04989094,0.1905119,0.04762386,0.05436277,0.04474703,0.05434818,0.05870459,0.004451994
41,36.24118,0.878783,1.417e-06,0.3704587,0.05410618,0.1911959,0.04664336,0.05445827,0.04445453,0.05430785,0.05871718,0.004439578
42,37.11996,0.8771454,1.666e-06,0.3714345,0.05276202,0.1890531,0.04728594,0.05451502,0.04452286,0.05432243,0.05877501,0.004472911
43,37.99711,0.8764102,1.25e-06,0.373573,0.04986252,0.1891106,0.04719211,0.05446352,0.04449936,0.05447152,0.05866093,0.004575411
44,38.87352,0.8857592,1.5e-06,0.3769089,0.05471777,0.1899969,0.04716961,0.05441902,0.04483428,0.05446652,0.05878418,0.004460494
45,39.75928,0.8792318,1.333e-06,0.3736293,0.05318327,0.1884694,0.04725427,0.0546956,0.04448786,0.05431893,0.05871501,0.004476828
46,40.63851,0.8769875,1.5e-06,0.3744444,0.04978552,0.1892644,0.04674161,0.05446368,0.04476103,0.05432493,0.05872076,0.004479744
47,41.5155,0.890888,1.583e-06,0.3712575,0.05067685,0.1883479,0.04744544,0.05448627,0.04704786,0.05431943,0.07273666,0.004568578
48,42.40638,0.8833493,1.5e-06,0.3746397,0.05307568,0.1911693,0.04785094,0.05443952,0.04468719,0.05431343,0.0587066,0.004465494
49,43.28973,0.878781,1.416e-06,0.3715229,0.05258869,0.1908925,0.04692419,0.05443568,0.04485194,0.0543866,0.05869026,0.004486828
50,44.16852,0.8792963,1.583e-06,0.3722857,0.05262852,0.1900107,0.04763844,0.0545251,0.04468653,0.05435035,0.05870859,0.004460828
51,45.04781,0.8792364,1.333e-06,0.3728073,0.05246677,0.189153,0.04797836,0.05436085,0.04498928,0.05430993,0.0587026,0.004466994
52,45.92705,0.8842706,1.333e-06,0.3748274,0.0555331,0.1893979,0.04735811,0.0545081,0.04457845,0.05483085,0.05876943,0.004465994
53,46.81132,0.8773277,1.333e-06,0.3718395,0.05245352,0.188789,0.04742386,0.05453243,0.0444527,0.05439968,0.05862384,0.004811744
54,47.68865,0.8789854,1.5e-06,0.3723222,0.05353385,0.1888465,0.04741086,0.05454785,0.04473478,0.05441502,0.05859843,0.004574411
55,48.56763,0.8751688,1.583e-06,0.3718605,0.04939394,0.1895247,0.04740461,0.05442035,0.04469444,0.05472835,0.05856468,0.004575661
56,49.4428,0.876221,1.584e-06,0.3712565,0.04963269,0.1908244,0.04780069,0.05448893,0.04465261,0.0544751,0.05859843,0.004489994
57,50.31902,0.8761638,1.417e-06,0.3683115,0.0538561,0.1892355,0.04787219,0.05457827,0.04477945,0.05432285,0.05875834,0.004448161
58,51.19519,0.8774815,1.25e-06,0.370042,0.05290152,0.1905964,0.04719152,0.0544976,0.04469436,0.0543741,0.05871384,0.004468911
59,52.07267,0.8865106,1.416e-06,0.375362,0.05477202,0.1917247,0.04695061,0.0544321,0.04573419,0.05446293,0.05861193,0.004458661
60,52.95918,0.884595,1.5e-06,0.3733964,0.05660418,0.1910321,0.04664003,0.05436918,0.04495253,0.05443702,0.05870268,0.004459411
61,53.84377,0.8749933,2.5e-06,0.3694197,0.05008677,0.1905711,0.04783844,0.05437043,0.04499719,0.05451418,0.05871334,0.004479578
62,54.71877,0.8786302,1.333e-06,0.3703044,0.05257694,0.1918191,0.04688752,0.0547886,0.04456711,0.05432568,0.05889151,0.004467995
63,55.5974,0.8737947,1.416e-06,0.3689895,0.05080252,0.1890683,0.04795394,0.05445443,0.04475936,0.0544666,0.05873159,0.004566994
64,56.47119,0.8771003,1.5e-06,0.3707383,0.05278819,0.1888947,0.04776677,0.05445385,0.04497995,0.05430668,0.05870934,0.004461078
65,57.34829,0.8782068,1.5e-06,0.3692439,0.05545576,0.1893492,0.04740152,0.05444902,0.0448352,0.05430735,0.05869743,0.004465995
66,58.2265,0.8793862,1.917e-06,0.371983,0.05384927,0.1890594,0.04752519,0.05443577,0.04495453,0.05430902,0.05879818,0.004469828
67,59.10588,0.8784337,1.417e-06,0.3712745,0.05455118,0.1886927,0.04721703,0.05449002,0.04470653,0.05432652,0.05868918,0.004484578
68,59.98432,0.8783829,1.416e-06,0.3706817,0.05452993,0.1893362,0.04678019,0.05436393,0.04473344,0.05430068,0.05919893,0.004456494
69,60.8627,0.8715212,1.5e-06,0.3694803,0.04878486,0.1893132,0.04736636,0.05434868,0.04466436,0.05446835,0.05861343,0.004480161
70,61.73422,0.8791553,1.583e-06,0.3706562,0.05528926,0.1890262,0.04747311,0.05436027,0.04472794,0.05441002,0.05866068,0.004550078
71,62.61338,0.8735736,1.417e-06,0.3698746,0.04998285,0.1889679,0.04743952,0.05454877,0.04473469,0.05487202,0.05870459,0.004447245
72,63.48695,0.8744169,1.25e-06,0.3706298,0.04975644,0.1896721,0.04740178,0.05449368,0.04464878,0.05461135,0.05875968,0.004442078
73,64.36137,0.8737979,1.333e-06,0.3706351,0.04953436,0.1893059,0.04752811,0.05441902,0.04477378,0.05443943,0.05869259,0.004468244
74,65.23517,0.8811802,1.666e-06,0.3702915,0.05748718,0.1896789,0.04685419,0.0544486,0.04465736,0.05460327,0.05869443,0.004463078
75,66.11635,0.8725529,1.5e-06,0.3685788,0.0508191,0.1890241,0.04740569,0.05435235,0.04469886,0.05460602,0.05859476,0.004471745
76,66.9889,0.8740056,1.416e-06,0.3700473,0.05120869,0.1883714,0.04735436,0.05451702,0.04472161,0.05441718,0.05879009,0.004576494
77,67.8629,0.8763293,1.416e-06,0.3695723,0.05368893,0.1892883,0.04689761,0.0544536,0.04457853,0.0544686,0.05893093,0.004449078
78,68.73923,0.8777066,1.25e-06,0.3693756,0.05498351,0.1892073,0.04733652,0.05446135,0.04475286,0.05444702,0.05869809,0.004443078
79,69.61694,0.8754776,1.417e-06,0.3700736,0.05195319,0.1890942,0.04761619,0.05445743,0.04463378,0.05442252,0.0586671,0.004558161
80,70.49242,0.8795493,1.416e-06,0.3719816,0.05497543,0.188611,0.04739569,0.05434618,0.04467103,0.05438435,0.05870826,0.004474328
81,71.37197,0.8770803,1.333e-06,0.3699822,0.05399852,0.1890564,0.04738477,0.05436577,0.04468995,0.05443393,0.05869959,0.004467828
82,72.24905,0.8785003,1.417e-06,0.3698673,0.05502118,0.1901006,0.04678111,0.05445793,0.04480836,0.05430468,0.05869784,0.004459911
83,73.12755,0.8784362,1.5e-06,0.3707461,0.05428885,0.1898988,0.04681386,0.05435985,0.04475995,0.05431385,0.05877426,0.004479078
84,74.00598,0.881018,1.5e-06,0.3694611,0.05748718,0.1887027,0.04735886,0.0547176,0.04465028,0.05532277,0.05874493,0.004571078
85,74.887,0.8760294,1.417e-06,0.3698528,0.0525596,0.1892543,0.04757769,0.05445368,0.04467061,0.05453735,0.05865126,0.004470745
86,75.76303,0.8818202,1.25e-06,0.373017,0.05527468,0.1900544,0.04682211,0.05445968,0.04463644,0.05441543,0.05858951,0.004549661
87,76.64485,0.88291,1.25e-06,0.3742404,0.0531576,0.1912794,0.04754427,0.05435693,0.04477136,0.0543921,0.05869568,0.004470994
88,77.52776,0.8729168,1.334e-06,0.3706412,0.04828302,0.1893286,0.04747552,0.05447177,0.04468869,0.05437143,0.05918818,0.004467078
89,78.40068,0.8796765,1.333e-06,0.370722,0.0560656,0.1885684,0.04722419,0.05458118,0.04475278,0.05454735,0.05874193,0.004471661
90,79.28035,0.8763297,1.416e-06,0.3703087,0.05093469,0.1907879,0.04745836,0.0544606,0.04474495,0.0544031,0.05865501,0.004574911
91,80.15668,0.87645,1.333e-06,0.3693828,0.05003261,0.1929308,0.04737386,0.05436868,0.04481628,0.05438102,0.05870393,0.004458744
92,81.03313,0.8749416,1.5e-06,0.3696789,0.0506976,0.1904112,0.04738294,0.05444793,0.0446212,0.05451602,0.05860926,0.004575078
93,81.90808,0.8768227,1.5e-06,0.3695241,0.05457493,0.1889028,0.04683894,0.05453501,0.04468578,0.05445335,0.05886076,0.004445411
94,82.7849,0.8796841,1.417e-06,0.371361,0.05245327,0.1913954,0.04738561,0.05444302,0.04462645,0.05460218,0.05883751,0.004578161
95,83.66458,0.877468,1.416e-06,0.3698743,0.05458977,0.1888025,0.04739361,0.05444585,0.0448687,0.05432135,0.05869709,0.004473411
96,84.54205,0.8768576,1.417e-06,0.3707928,0.05252185,0.1893773,0.04736011,0.0544681,0.04476569,0.05430852,0.05878218,0.004479661
97,85.41891,0.8782012,1.333e-06,0.3696794,0.05598668,0.1885373,0.04730494,0.05446352,0.04467778,0.0543846,0.05869701,0.004468661
98,86.29711,0.8892103,1.417e-06,0.3695908,0.04810702,0.1913819,0.04732302,0.05442943,0.04692928,0.06345034,0.06341692,0.004580161
99,87.18632,0.8758262,1.333e-06,0.369879,0.05189894,0.1895052,0.04768227,0.05451393,0.04468303,0.0544946,0.05855668,0.004611161
100,88.06215,0.8828028,1.75e-06,0.3728627,0.05432968,0.1915021,0.04734719,0.05442218,0.04468636,0.05448052,0.05869984,0.004470495
101,88.94495,0.8785342,1.25e-06,0.3696218,0.05380027,0.1910545,0.04733844,0.05445768,0.04474886,0.05435152,0.05868576,0.004474161
102,89.82348,0.8780222,1.667e-06,0.3702779,0.05410027,0.1890334,0.04731378,0.05495818,0.04482711,0.05432918,0.05870901,0.004471661
103,90.70151,0.8734609,1.333e-06,0.3695644,0.05025202,0.1894229,0.04739277,0.05444593,0.04458786,0.05448702,0.05874418,0.004562494
104,91.57497,0.873098,1.333e-06,0.3707412,0.04964369,0.1886295,0.04738011,0.05445635,0.04461461,0.05447002,0.05859976,0.004561411
105,92.44806,0.8784278,1.333e-06,0.3694091,0.05308144,0.1917973,0.04745803,0.05443752,0.04464061,0.05439093,0.05877168,0.004439911
106,93.32649,0.8786261,1.25e-06,0.3695715,0.05618193,0.1883282,0.04734903,0.05457135,0.04497161,0.05430968,0.05887418,0.004467411
107,94.20512,0.8781177,1.417e-06,0.3697144,0.05546285,0.188971,0.04704953,0.05457577,0.04465203,0.05438252,0.05877568,0.004532494
108,95.08324,0.8800867,1.417e-06,0.3707655,0.05389335,0.1918738,0.04674486,0.0543656,0.04492653,0.05430885,0.05873601,0.004470828
109,95.96332,0.8777527,1.333e-06,0.3709102,0.05348435,0.1891111,0.04744403,0.05433543,0.04486753,0.0544861,0.05865309,0.004459578
110,96.84107,0.8846585,1.075e-05,0.3750679,0.0564061,0.1893673,0.04690111,0.05458485,0.04473528,0.0544241,0.05871726,0.004443828
111,97.72573,0.8789552,1.25e-06,0.3707187,0.05473135,0.1894183,0.04706419,0.05445185,0.04470486,0.05450977,0.05889093,0.004463995
112,98.60469,0.8796193,1.75e-06,0.3714405,0.0522661,0.1910847,0.04742002,0.05451877,0.04504203,0.05443935,0.05882593,0.004580244
113,99.48431,0.8711231,1.333e-06,0.3702533,0.04789502,0.1887444,0.04732144,0.05441502,0.04464036,0.0546491,0.05873668,0.004466412
114,100.3554,0.8763772,1.417e-06,0.370821,0.05331402,0.1882706,0.04734694,0.05445977,0.04462361,0.05438218,0.05869901,0.004458745
115,101.2318,0.873443,1.333e-06,0.3696793,0.05034419,0.1892253,0.04738644,0.05451777,0.04461594,0.05447552,0.05861726,0.004579911
116,102.1053,0.8785479,1.333e-06,0.3709824,0.05236735,0.1905004,0.04791244,0.05451677,0.04478403,0.0543156,0.05871151,0.004456078
117,102.9838,0.87812,1.166e-06,0.369493,0.05497843,0.1892508,0.04749469,0.05447185,0.04471519,0.05437627,0.05886926,0.004469411
118,103.8619,0.8788224,1.584e-06,0.3710827,0.05241702,0.1905891,0.04755527,0.05466093,0.04488361,0.05442427,0.05863651,0.004571411
119,104.7407,0.8773329,1.333e-06,0.3705997,0.05346852,0.1891101,0.04740378,0.0544981,0.0447657,0.0543156,0.05870093,0.004469161
120,105.6181,0.8810177,1.583e-06,0.3708951,0.05498576,0.1915191,0.04684753,0.05447643,0.04474836,0.05431835,0.05870718,0.004518328
121,106.4991,0.8744797,1.416e-06,0.3708878,0.0503691,0.188869,0.04748061,0.05435068,0.04485236,0.05436393,0.05881893,0.004485911
122,107.3736,0.8758059,1.417e-06,0.3717646,0.05137419,0.1883835,0.04741019,0.05442385,0.04482369,0.05445143,0.05872534,0.004447661
123,108.2494,0.8749507,1.417e-06,0.3696142,0.05173719,0.1892536,0.04741769,0.05436135,0.04467228,0.05449885,0.05892826,0.004465828
124,109.1243,0.8766322,1.417e-06,0.3700058,0.05212827,0.1900597,0.04752644,0.0544931,0.04465419,0.0544856,0.05871676,0.004560994
125,110.001,0.8786076,1.667e-06,0.3706278,0.05463327,0.1891493,0.04728927,0.05446727,0.04468486,0.05431377,0.05896209,0.004478244
126,110.8796,0.8764214,1.25e-06,0.3697137,0.0535561,0.1897076,0.04685469,0.05435527,0.04469853,0.0544231,0.05863984,0.004471327
127,111.756,0.8778275,4.5834e-05,0.3695248,0.05481518,0.189285,0.04729953,0.05452793,0.04473519,0.05438077,0.05875318,0.004460078
128,112.6338,0.8741642,1.583e-06,0.3697484,0.0511996,0.1891454,0.04735761,0.0544431,0.04461619,0.05440527,0.05866651,0.004580495
129,113.508,0.8755673,1.333e-06,0.3688099,0.05167294,0.1908839,0.04731802,0.05450668,0.04456186,0.0545581,0.05865118,0.004603411
130,114.3835,0.8785533,1.5e-06,0.370017,0.05290102,0.1913356,0.04756361,0.05435827,0.04471519,0.05441526,0.05866934,0.004576578
131,115.2621,0.8762913,1.333e-06,0.3699524,0.05247235,0.1897018,0.04751869,0.05436443,0.04465986,0.0544301,0.05870701,0.004483328
132,116.1384,0.8792043,1.416e-06,0.3717882,0.0529091,0.1910204,0.04684511,0.05437943,0.04469836,0.05432585,0.05878793,0.004448494
133,117.0176,0.8773969,1.333e-06,0.3692775,0.05364952,0.1901174,0.04736961,0.0545711,0.04479178,0.05438152,0.05879184,0.004445327
134,117.895,0.8751095,1.417e-06,0.3711525,0.0510586,0.1883824,0.04770802,0.05450952,0.04466344,0.05446193,0.05861726,0.004554411
135,118.7701,0.8782572,1.584e-06,0.3695511,0.05433193,0.1890893,0.04734336,0.05454677,0.04473444,0.0546586,0.05945793,0.004542078
136,119.6484,0.8778454,1.333e-06,0.3704211,0.0545401,0.1890703,0.04695861,0.05443026,0.04473644,0.0544981,0.05872593,0.004463161
137,120.5262,0.8786117,1.5e-06,0.3700612,0.05588343,0.1883934,0.04736744,0.05452402,0.04467428,0.05453585,0.05858459,0.004585994
138,121.4048,0.8806557,1.416e-06,0.3713479,0.05410218,0.1915103,0.04677353,0.05445618,0.04464636,0.05441152,0.05884126,0.004565078
139,122.2855,0.8778203,1.5e-06,0.3708491,0.05193452,0.1903914,0.04728602,0.05494735,0.04470486,0.05451085,0.05872234,0.004472327
140,123.1633,0.8778458,1.417e-06,0.3709535,0.0528686,0.1901697,0.04681627,0.0543756,0.04475211,0.05441277,0.05894468,0.004551161
141,124.0411,0.8803504,1.333e-06,0.3702566,0.05406635,0.1912181,0.04742902,0.05495235,0.04476111,0.05432377,0.05874668,0.004595078
142,124.9215,0.8798898,1.417e-06,0.370931,0.0560621,0.1888108,0.04734919,0.05446227,0.04466653,0.05442577,0.05859968,0.004581077
143,125.8014,0.8799467,1.834e-06,0.371711,0.05354443,0.1908744,0.04714577,0.05435752,0.04475186,0.05433135,0.05874409,0.004484328
144,126.6813,0.8839639,1.416e-06,0.3737725,0.05514877,0.1915111,0.04679044,0.05448485,0.04470161,0.05443877,0.05864151,0.004472911
145,127.5653,0.8746206,1.5e-06,0.3693192,0.05227627,0.1889516,0.04737936,0.05444768,0.04458653,0.05446402,0.05862201,0.004572411
146,128.4399,0.8771652,1.667e-06,0.37153,0.0522791,0.1891447,0.04733836,0.05463268,0.04467586,0.05440085,0.05868384,0.004478078
147,129.3171,0.8800344,1.75e-06,0.3685046,0.05630668,0.1910133,0.04739111,0.05446235,0.04457536,0.0546056,0.05861026,0.004563328
148,130.1971,0.8798024,1.5e-06,0.3696743,0.05531118,0.1908158,0.04744211,0.05437752,0.04469403,0.05431002,0.05870376,0.004472162
149,131.0769,0.8911071,1.417e-06,0.3683947,0.05112994,0.1906942,0.04952219,0.0550311,0.05861801,0.05449877,0.05865943,0.004557327
150,131.968,0.8782474,1.416e-06,0.3707204,0.0527186,0.1903497,0.04765436,0.05451385,0.04459844,0.05448268,0.05857184,0.00463616
151,132.8463,0.8799026,1.416e-06,0.3684745,0.0564981,0.1908718,0.04739252,0.0543411,0.04470003,0.05446243,0.05870201,0.004458578
152,133.7262,0.882587,1.583e-06,0.3717447,0.05583001,0.1909324,0.04750261,0.05441877,0.04470236,0.05429002,0.05869851,0.004465994
153,134.6088,0.8773109,1.417e-06,0.3705493,0.05195993,0.1912393,0.04697761,0.05436418,0.04467311,0.05436643,0.05871159,0.004467995
154,135.4861,0.8770049,1.333e-06,0.3703859,0.05175927,0.1911348,0.04682053,0.0544676,0.04472753,0.05439827,0.05868843,0.004621328
155,136.3631,0.8731331,1.5e-06,0.3698477,0.04990327,0.1890874,0.04741653,0.05445493,0.04469469,0.05454343,0.05860993,0.004573661
156,137.2362,0.8760048,1.583e-06,0.3708905,0.05028977,0.1903671,0.04766502,0.05445368,0.04474886,0.05441343,0.05862793,0.004546994
157,138.1122,0.8810502,1.417e-06,0.3707011,0.05489685,0.191093,0.04731761,0.05468993,0.04481161,0.05436535,0.05872584,0.004447494
158,138.9933,0.8795792,1.25e-06,0.3708831,0.05487985,0.1896103,0.04734336,0.05441252,0.04479128,0.0544176,0.05865451,0.004585494
159,139.8728,0.8781244,1.334e-06,0.3705279,0.05323727,0.1901779,0.04738261,0.05438985,0.04469886,0.05463368,0.05861551,0.004459494
160,140.751,0.8813942,1.333e-06,0.3707485,0.05701501,0.1896662,0.04682319,0.05435727,0.04476611,0.05475327,0.05880418,0.004459161
161,141.6324,0.8806017,1.917e-06,0.3763812,0.04752844,0.1925338,0.04722461,0.05454952,0.04464853,0.0544346,0.05872759,0.004571411
162,142.513,0.8789089,1.5e-06,0.3701165,0.05532052,0.1891377,0.04731627,0.05448302,0.04468869,0.05431677,0.05905843,0.004469495
163,143.3919,0.8802123,1.5e-06,0.3697125,0.05581351,0.1911657,0.04684419,0.05443252,0.04469545,0.05435635,0.05873526,0.004455411
164,144.2721,0.8751757,1.334e-06,0.3704712,0.04929694,0.1911418,0.04742811,0.0543591,0.04466945,0.05454543,0.05870309,0.004559161
165,145.1473,0.8817658,1.333e-06,0.3700336,0.0558441,0.1913761,0.04737136,0.05435368,0.04528553,0.05431535,0.05871351,0.004471244
166,146.029,0.8801984,1.583e-06,0.370112,0.05484977,0.1913977,0.04681636,0.05445327,0.04468486,0.05439535,0.05892576,0.004561828
167,146.9092,0.8779799,1.417e-06,0.3700256,0.0539141,0.1897787,0.04744844,0.05446785,0.04465736,0.05437185,0.05883726,0.004477327
168,147.7872,0.8775761,1.25e-06,0.3700415,0.05194585,0.191922,0.04688261,0.05444968,0.04459594,0.05457318,0.05860201,0.004561994
169,148.6648,0.8790438,1.334e-06,0.3712151,0.0520371,0.1918012,0.04691169,0.05487127,0.0447532,0.05431101,0.05868793,0.004453995
170,149.5438,0.8812175,1.5e-06,0.3709154,0.05575176,0.1905633,0.04729361,0.05448893,0.04470803,0.05431868,0.05870701,0.004469328
171,150.425,0.87357,1.417e-06,0.370984,0.04708777,0.1913233,0.04736161,0.05447002,0.04466544,0.05445051,0.05865076,0.004575161
172,151.2986,0.8791121,1.5e-06,0.3699555,0.05341668,0.1913476,0.04726544,0.05436135,0.04473403,0.05485276,0.05860818,0.004568994
173,152.1777,0.8780044,1.5e-06,0.3741852,0.05137894,0.1883263,0.04731677,0.05446552,0.04470919,0.05441918,0.05872776,0.004473995
174,153.0557,0.8779805,1.416e-06,0.3708235,0.05313585,0.1901775,0.04681894,0.05446585,0.04463486,0.05464218,0.05872093,0.004559494
175,153.9337,0.8804675,1.417e-06,0.3705495,0.05490026,0.1908851,0.04735177,0.05438127,0.04472269,0.05437518,0.05882843,0.004471827
176,154.8142,0.8797292,1.25e-06,0.3705944,0.05464443,0.1899422,0.04740944,0.05434776,0.04521578,0.05441877,0.05859726,0.004557994
177,155.6939,0.8779965,1.333e-06,0.3702779,0.05452601,0.189177,0.04725152,0.05450168,0.04464411,0.0543791,0.05876518,0.004472661
178,156.5719,0.877099,1.334e-06,0.3726657,0.05091185,0.1893353,0.04732936,0.0546011,0.04465028,0.05431743,0.05871009,0.004576577
179,157.449,0.8783327,1.25e-06,0.3699718,0.05208919,0.192136,0.04719702,0.0545581,0.04466069,0.0543751,0.05887718,0.004466411
180,158.3273,0.8754704,1.5e-06,0.3712232,0.04973285,0.1904497,0.04730444,0.05454935,0.04463103,0.05439252,0.05861201,0.004573828
181,159.2028,0.8758086,1.334e-06,0.3708226,0.05103685,0.1896908,0.04744511,0.05444477,0.04461219,0.05456677,0.05861851,0.004569577
182,160.0786,0.875823,1.5e-06,0.3704454,0.05172452,0.1896223,0.04741069,0.05435526,0.04475694,0.05432127,0.05870776,0.004477328
183,160.9544,0.8776044,1.166e-06,0.3688793,0.05287143,0.1911577,0.04753336,0.05445927,0.04488744,0.05430018,0.05902534,0.004489244
184,161.832,0.8839711,1.416e-06,0.37512,0.05417343,0.1905378,0.04749019,0.05436768,0.04479528,0.05430885,0.05871793,0.004458494
185,162.716,0.8827581,1.416e-06,0.3699632,0.05775376,0.1913729,0.04678952,0.05448293,0.04482344,0.0543981,0.05871718,0.004455662
186,163.5988,0.8800327,1.666e-06,0.3716297,0.05331577,0.1907228,0.04746386,0.05465718,0.04475053,0.05432252,0.05869759,0.004471161
187,164.4788,0.8767967,1.334e-06,0.3705655,0.0507656,0.1906868,0.04740119,0.05445352,0.04482928,0.05440452,0.05911168,0.004577328
188,165.3556,0.8787212,1.25e-06,0.3716133,0.0522091,0.1909357,0.04717644,0.0543596,0.04479036,0.05443751,0.05871301,0.004484911
189,166.2343,0.879919,1.583e-06,0.370759,0.05394335,0.1915177,0.04683836,0.05435935,0.04468753,0.05462077,0.05875051,0.004440827
190,167.1142,0.8753712,1.584e-06,0.3698946,0.0505271,0.1908028,0.04742327,0.05436035,0.04464503,0.05452218,0.05873459,0.004459661
191,167.9896,0.8766589,1.25e-06,0.3703504,0.05074119,0.1914952,0.04680036,0.05450835,0.04462853,0.05466268,0.05890151,0.004569495
192,168.8663,0.8806908,1.5e-06,0.3710065,0.05500476,0.1907288,0.04742577,0.05434443,0.04469894,0.0542981,0.05871159,0.004470411
193,169.747,0.8788451,1.417e-06,0.3707161,0.05342743,0.1907647,0.04724944,0.05445618,0.04471686,0.05429985,0.05875059,0.004462495
194,170.6258,0.8779184,1.417e-06,0.3698612,0.0533331,0.1906056,0.04733727,0.05451335,0.04470428,0.0543066,0.05878659,0.004468994
195,171.5037,0.8797721,1.25e-06,0.371285,0.05389143,0.1906377,0.04736911,0.05448443,0.04462811,0.05437143,0.05863426,0.004469411
196,172.3835,0.8798136,1.583e-06,0.3724635,0.05257243,0.1909074,0.04710269,0.05437551,0.04469303,0.05432593,0.05889043,0.004481078
197,173.2633,0.8763029,1.417e-06,0.3694623,0.05313802,0.1895848,0.04746677,0.05444643,0.04455519,0.05447193,0.05861493,0.004561161
198,174.1396,0.8733893,1.584e-06,0.3692021,0.05122344,0.1887302,0.04738886,0.05442385,0.04476261,0.05445751,0.05860693,0.004592244
199,175.013,0.8740584,1.5e-06,0.3690676,0.05248135,0.1884943,0.04732619,0.05451652,0.04455869,0.05448343,0.05855084,0.004577911
200,175.8871,0.9019742,1.666e-06,0.3719473,0.05619626,0.1922338,0.06482975,0.05446635,0.04476644,0.05439052,0.05869426,0.004447911
201,176.789,0.8793871,1.416e-06,0.3704871,0.05551626,0.1891974,0.04738586,0.05434676,0.04468053,0.05437668,0.05892793,0.004467078
202,177.6684,0.8777133,1.25e-06,0.3703097,0.05377477,0.1894715,0.04737094,0.05457501,0.04473528,0.05431677,0.05870593,0.004452161
203,178.5461,0.8781981,1.583e-06,0.369602,0.05517401,0.1893613,0.04742261,0.05444118,0.04470653,0.05431218,0.05872784,0.004448744
204,179.4243,0.8724393,1.5e-06,0.3711584,0.04798244,0.1891678,0.04739577,0.05447201,0.04467936,0.0543766,0.05874359,0.004461911
205,180.2968,0.8741212,1.416e-06,0.3706406,0.0507596,0.1886352,0.04709444,0.05457451,0.04459319,0.05454418,0.05868559,0.004592411
206,181.1709,0.8750889,1.5e-06,0.37052,0.05215235,0.1882078,0.04735461,0.05446752,0.04475119,0.0544711,0.05860984,0.004552995
207,182.046,0.8778222,1.333e-06,0.3708615,0.05419518,0.1890598,0.04674219,0.05444977,0.04473053,0.05441893,0.05890326,0.004459745
208,182.9238,0.8759601,1.5e-06,0.3694438,0.05392885,0.1882793,0.04732519,0.0546671,0.04456961,0.0545771,0.05871509,0.004452495
209,183.7998,0.8754203,1.5e-06,0.3695766,0.05295985,0.1886608,0.04731236,0.05448626,0.04454919,0.05450726,0.05880059,0.004565827
210,184.6752,0.8774897,1.75e-06,0.3707378,0.0542671,0.1883078,0.04736477,0.05445651,0.04473353,0.05431068,0.05872101,0.004588745
211,185.5527,0.8735439,1.667e-06,0.3694961,0.05085144,0.1891501,0.04739269,0.05433768,0.04465069,0.05442251,0.05879184,0.004449161
212,186.4262,0.8825749,1.5e-06,0.3762939,0.05244243,0.1886127,0.04783144,0.05495876,0.0447102,0.0544076,0.05883243,0.004483911
213,187.3088,0.8755498,1.25e-06,0.3699453,0.0514781,0.1899693,0.04726519,0.05445218,0.04464053,0.05441877,0.05878409,0.004595161
214,188.1843,0.8815899,1.166e-06,0.37107,0.05681776,0.1897494,0.04731836,0.0545001,0.04464728,0.0543086,0.05871868,0.004458578
215,189.0659,0.8751247,1.417e-06,0.3700908,0.05082919,0.1894419,0.04801302,0.0544571,0.04459636,0.05449276,0.05865668,0.004545494
216,189.9411,0.8797751,1.667e-06,0.3696857,0.05538885,0.1905538,0.04739702,0.05456868,0.04461811,0.05440043,0.05859851,0.004562327
217,190.8208,0.8772797,1.334e-06,0.3703761,0.05304535,0.1895396,0.04753702,0.05434918,0.04482761,0.05444102,0.05869251,0.004469995
218,191.6981,0.8800026,1.75e-06,0.3728537,0.05175693,0.1912312,0.04752219,0.0543606,0.04471978,0.05437068,0.05871526,0.004470578
219,192.5781,0.8776382,1.666e-06,0.3693855,0.0549106,0.188918,0.04760186,0.05456751,0.04469703,0.05437585,0.05870568,0.004474411
220,193.4558,0.8712568,1.333e-06,0.3695842,0.04798311,0.1894537,0.04749969,0.05449301,0.04470053,0.05439468,0.05869451,0.004452078
221,194.327,0.8791545,1.5e-06,0.3693677,0.05524376,0.1903783,0.04735211,0.05457985,0.04464686,0.05439718,0.05860626,0.004580995
222,195.2062,0.8747314,1.333e-06,0.3703393,0.04886936,0.191447,0.04717161,0.05435043,0.04487994,0.05443068,0.05876934,0.004472411
223,196.0809,0.8779837,1.583e-06,0.3705665,0.05146568,0.1918233,0.04678752,0.0545136,0.04480686,0.05436993,0.05920068,0.004448161
224,196.9589,0.8737049,1.417e-06,0.3692608,0.04899219,0.1912433,0.04732527,0.0544466,0.04464303,0.05452427,0.05870326,0.004564828
225,197.8326,0.8789705,1.333e-06,0.3696185,0.05394302,0.191103,0.04726427,0.05469618,0.04466778,0.0544941,0.05872043,0.004461828
226,198.7116,0.8788576,1.5e-06,0.3703005,0.05249643,0.1920226,0.04732052,0.05436126,0.04471944,0.05430401,0.05886809,0.004463244
227,199.5904,0.8782302,1.417e-06,0.3697575,0.05312385,0.1912702,0.04728794,0.05445602,0.04464611,0.05439143,0.05883118,0.004464661
228,200.4686,0.8787894,1.417e-06,0.3706657,0.05240927,0.1918023,0.0470946,0.05444943,0.04479286,0.05430693,0.05877542,0.004491411
229,201.3474,0.8766924,1.416e-06,0.370696,0.05058193,0.1916293,0.0471451,0.05442651,0.04466461,0.05435243,0.05871509,0.004479994
230,202.2241,0.8813254,1.5e-06,0.3704246,0.05555426,0.1916391,0.04676827,0.05456768,0.04468602,0.05448651,0.05872159,0.00447591
231,203.1054,0.8743604,1.25e-06,0.3703365,0.0513256,0.1886039,0.04746877,0.05446101,0.04459877,0.05440926,0.058597,0.004558328
232,203.9798,0.8794221,1.417e-06,0.3702688,0.05385559,0.1908772,0.04750527,0.05450251,0.04479077,0.05440843,0.058632,0.004580077
233,204.8592,0.8770022,1.417e-06,0.3695978,0.05271693,0.1910002,0.04697919,0.05446684,0.04456944,0.05450901,0.05860125,0.004560078
234,205.7362,0.8724377,1.584e-06,0.3700987,0.04887285,0.1891474,0.04742902,0.05453284,0.04480511,0.05431843,0.05877325,0.004458577
235,206.6087,0.8782903,1.417e-06,0.3699944,0.05473909,0.1892965,0.04743319,0.05457234,0.04470086,0.05437909,0.05870275,0.00447066
236,207.487,0.8755958,1.583e-06,0.3697913,0.0515686,0.1898937,0.04738252,0.05436368,0.04492619,0.05446393,0.05872275,0.004481494
237,208.3626,0.874734,1.5e-06,0.3695303,0.04944777,0.1912627,0.0474581,0.05450551,0.04474719,0.05459593,0.05862675,0.004558244
238,209.2373,0.880017,1.333e-06,0.3713483,0.05509918,0.1893287,0.04737744,0.05443268,0.04470002,0.05454859,0.058601,0.004579661
239,210.1173,0.8770391,1.417e-06,0.3705957,0.05286485,0.1892545,0.0474086,0.05434376,0.04476377,0.05440926,0.05874742,0.004649744
240,210.9943,0.878284,1.5e-06,0.3705697,0.05420734,0.1893862,0.04711327,0.05435059,0.04484627,0.05448518,0.05872584,0.00459816
241,211.8726,0.8729887,1.5e-06,0.3693994,0.04882452,0.1905658,0.04734902,0.05466809,0.04460777,0.05447009,0.05854009,0.004562327
242,212.7456,0.8761575,1.584e-06,0.3703184,0.05173851,0.1896335,0.0473696,0.05466176,0.04467336,0.05446559,0.058718,0.00457716
243,213.6218,0.8800524,1.916e-06,0.3709061,0.05344068,0.192006,0.04689494,0.05442134,0.04474419,0.05430943,0.05888009,0.004447744
244,214.5018,0.876641,1.25e-06,0.3707087,0.05097151,0.1905844,0.04742218,0.05448668,0.04468302,0.05438001,0.05894709,0.004456161
245,215.3785,0.8761527,1.417e-06,0.3701473,0.05270551,0.1889407,0.04739977,0.05437276,0.04482844,0.05459818,0.05861742,0.004541244
246,216.2546,0.8820327,1.5e-06,0.3707593,0.05804292,0.1886456,0.0474551,0.05435643,0.04477869,0.05432326,0.059199,0.004470911
247,217.1367,0.8789652,1.25e-06,0.3695408,0.05554484,0.1895696,0.0473346,0.05443868,0.04472477,0.05459276,0.05863409,0.004583828
248,218.0156,0.8760176,1.417e-06,0.3703237,0.05246709,0.1889721,0.04745394,0.05445243,0.04482519,0.05432101,0.0587215,0.004479244
249,218.8916,0.8790006,1.583e-06,0.3700546,0.05478143,0.1896487,0.0476321,0.05450184,0.04476169,0.05440701,0.05875259,0.004458994
250,219.7706,0.8804966,1.417e-06,0.3699467,0.05741901,0.1894593,0.04701669,0.05442251,0.04472294,0.05432676,0.05870959,0.00447166
251,220.6511,0.8919079,1.417e-06,0.3710047,0.05128268,0.1922399,0.04682919,0.06820916,0.04467069,0.05452893,0.05855617,0.004585077
252,221.543,0.8815124,1.584e-06,0.3726892,0.05293984,0.1922282,0.04692544,0.05448468,0.04475986,0.05432101,0.05872009,0.004442577
253,222.4246,0.8794145,1.334e-06,0.3696772,0.05404918,0.1912932,0.04730469,0.05469393,0.04481927,0.05436526,0.05875134,0.004459077
254,223.304,0.8769979,1.333e-06,0.3697022,0.05241009,0.1907437,0.04740735,0.05434918,0.04483494,0.05437518,0.0587065,0.004467494
255,224.181,0.8764663,1.5e-06,0.3703397,0.05354834,0.1883467,0.04740494,0.05444368,0.04478061,0.05443643,0.05870317,0.004461327
256,225.0574,0.8769908,1.417e-06,0.3709115,0.05329676,0.1885124,0.0473926,0.05435818,0.04478644,0.05443518,0.0588255,0.004470828
257,225.9344,0.8797043,1.167e-06,0.370428,0.05581684,0.1893478,0.04675285,0.05444476,0.04473502,0.05488218,0.05883325,0.004462411
258,226.8141,0.8751974,1.583e-06,0.3713545,0.05079435,0.1885301,0.0474051,0.05445759,0.04467486,0.05441809,0.05893425,0.004626994
259,227.6893,0.8763749,1.583e-06,0.3705416,0.0529081,0.1886588,0.04739477,0.05458234,0.04476877,0.05432084,0.05872667,0.004471411
260,228.5657,0.8797953,1.583e-06,0.370776,0.05348359,0.1919027,0.04684435,0.05436159,0.04478169,0.05440918,0.05865167,0.00458291
261,229.4455,0.8740058,1.166e-06,0.3700871,0.05016951,0.1896129,0.04739794,0.05445243,0.04460136,0.05448168,0.05860709,0.00459466
262,230.3195,0.8776127,1.416e-06,0.3705642,0.0515031,0.1918888,0.04688802,0.05446393,0.04465261,0.05448551,0.05860742,0.004557744
263,231.1971,0.8798136,1.416e-06,0.3763999,0.05008202,0.1890759,0.04728644,0.05469601,0.04474244,0.05431509,0.05877092,0.004443494
264,232.0769,0.8751746,1.25e-06,0.3702798,0.05106568,0.1893697,0.04753127,0.05446693,0.04468652,0.05442193,0.05878159,0.004569994
265,232.9521,0.8733684,1.5e-06,0.3698322,0.04910143,0.1895172,0.04740835,0.05469201,0.04461669,0.05448651,0.05914667,0.004565827
266,233.8255,0.8758361,1.333e-06,0.3701428,0.05210093,0.1892062,0.04739677,0.05446451,0.04479594,0.05449084,0.05866417,0.004572578
267,234.7013,0.8784809,1.333e-06,0.3697779,0.05536501,0.1896893,0.04677235,0.05444909,0.04490077,0.05438059,0.05869592,0.004448578
268,235.5798,0.8743226,1.584e-06,0.3701598,0.04953293,0.1905273,0.0473456,0.05436893,0.04472586,0.05443251,0.05877592,0.004452161
269,236.4541,0.871636,1.5e-06,0.3693567,0.0492571,0.1884348,0.04743644,0.05473243,0.04467611,0.05448109,0.058676,0.004583744
270,237.3257,0.8789576,1.333e-06,0.3696239,0.05543001,0.18966,0.04728102,0.05446718,0.04475452,0.05433901,0.05893259,0.004467994
271,238.2047,0.8780944,1.584e-06,0.3702535,0.05382826,0.1897369,0.04736977,0.05461334,0.04470386,0.05437718,0.05873759,0.004472411
272,239.0828,0.8756375,1.167e-06,0.3704836,0.04949452,0.1919496,0.04681752,0.05445076,0.04470711,0.05446743,0.05878959,0.004476244
273,239.9584,0.8773359,1.25e-06,0.3709498,0.05328001,0.1894969,0.0468701,0.05446618,0.04466844,0.05441718,0.05860059,0.00458541
274,240.8358,0.8801329,1.5e-06,0.3725314,0.05434001,0.1889962,0.04730727,0.05442184,0.04474552,0.05462676,0.05870475,0.00445766
275,241.7159,0.8785946,1.417e-06,0.3697811,0.05583434,0.1890478,0.04728644,0.05442284,0.04467752,0.05438534,0.05868467,0.004473077
276,242.5945,0.8773122,1.416e-06,0.3703312,0.05318243,0.1890013,0.04736619,0.05445326,0.04491461,0.05487609,0.05871234,0.004473327
277,243.4718,0.877504,1.25e-06,0.3706013,0.05286084,0.1900569,0.04715685,0.05449443,0.04464827,0.05447259,0.05861959,0.00459191
278,244.3493,0.8803065,1.583e-06,0.3706909,0.05395993,0.1919874,0.04691102,0.05436051,0.04471577,0.05447934,0.05861742,0.004582577
279,245.2296,0.8776159,1.583e-06,0.3697262,0.05277093,0.1901843,0.04740227,0.05507359,0.04485069,0.05431784,0.058825,0.004463494
280,246.1072,0.8793136,1.916e-06,0.3710805,0.0525096,0.1912887,0.0473751,0.05483376,0.04469994,0.05434209,0.05870984,0.004472161
281,246.9866,0.8794803,1.834e-06,0.3684329,0.05541459,0.1912447,0.04757343,0.05441593,0.04474669,0.05430418,0.05888925,0.004456744
282,247.866,0.8771837,1.5e-06,0.3702962,0.05292559,0.1896651,0.04754752,0.05447309,0.04476877,0.05433068,0.058702,0.004473328
283,248.7432,0.8786151,1.5e-06,0.3694158,0.05575017,0.1891432,0.04743135,0.05464718,0.04475077,0.05430509,0.05869359,0.004476411
284,249.6218,0.8772971,1.333e-06,0.3706464,0.05166185,0.190678,0.04740927,0.05465834,0.04475494,0.05440168,0.05860767,0.004477661
285,250.4991,0.880974,1.666e-06,0.3702123,0.05570626,0.1910782,0.04728485,0.05442684,0.04471536,0.05437084,0.05869884,0.004478744
286,251.3801,0.8790601,1.5e-06,0.3708291,0.05291618,0.190913,0.04733843,0.05448701,0.04476069,0.05441751,0.058851,0.004545743
287,252.2592,0.8805962,1.333e-06,0.3703473,0.05442093,0.191628,0.04732294,0.05450184,0.04485152,0.05442118,0.05864,0.00446116
288,253.1398,0.8800803,1.416e-06,0.3713087,0.05442776,0.1900108,0.04744919,0.05445551,0.04477619,0.05443518,0.058621,0.004594494
289,254.0198,0.87534,1.416e-06,0.3707148,0.0520041,0.1885352,0.0473476,0.05436801,0.04465794,0.05460518,0.05864134,0.00446441
290,254.8952,0.8820116,1.5e-06,0.3736822,0.05310351,0.1909055,0.04687202,0.05445934,0.04515627,0.05446476,0.05889817,0.004468327
291,255.7772,0.8807686,1.417e-06,0.3709902,0.05463459,0.1911353,0.04692635,0.05467651,0.04478869,0.05430893,0.0588455,0.00446116
292,256.658,0.8776016,1.834e-06,0.3701435,0.05269785,0.1906747,0.04729085,0.05445318,0.04467902,0.05437851,0.05880675,0.004475327
293,257.5356,0.8754733,1.417e-06,0.370039,0.05190143,0.1898215,0.04699577,0.05451726,0.04456811,0.05447718,0.05854584,0.004605827
294,258.411,0.8804507,1.5e-06,0.3699747,0.05587084,0.1906316,0.0473506,0.05436784,0.04471294,0.05432759,0.05874792,0.004465161
295,259.2915,0.8753304,1.5e-06,0.3707583,0.05060476,0.1905752,0.04679819,0.05444118,0.04461094,0.05438026,0.05860675,0.004553244
296,260.1668,0.8745778,1.333e-06,0.3694423,0.0525286,0.1885146,0.04736219,0.05449143,0.04464961,0.05443634,0.05870025,0.00445116
297,261.0414,0.8720326,1.417e-06,0.3695688,0.04972277,0.1887868,0.04732302,0.05435334,0.04461777,0.05447626,0.05862067,0.00456166
298,261.9134,0.8812998,1.5e-06,0.3708168,0.05633659,0.1890744,0.0473416,0.05434668,0.04584527,0.05434543,0.05871959,0.00447191
299,262.7947,0.8759288,1.25e-06,0.3692501,0.05144218,0.1910449,0.04749327,0.05444609,0.04467161,0.05440618,0.05860684,0.00456641
300,263.6707,0.8742812,1.5e-06,0.3692786,0.05147618,0.18939,0.04734385,0.05453493,0.04464319,0.05439518,0.05872867,0.004489161
301,264.5449,0.8792283,1.417e-06,0.3680275,0.05558992,0.1915401,0.04723044,0.05468351,0.04465594,0.05431609,0.05871025,0.00447316
302,265.4242,0.892992,1.667e-06,0.3724147,0.05477976,0.2015197,0.0470796,0.05471751,0.04495894,0.05439318,0.05864117,0.004485744
303,266.3172,0.906559,1.416e-06,0.3982526,0.0525856,0.1919124,0.04673769,0.05463626,0.04454302,0.05471184,0.05861467,0.004563494
304,267.2237,0.8777353,1.5e-06,0.3698662,0.05285026,0.1908342,0.04740569,0.05456759,0.04471836,0.05429559,0.05871667,0.004479244
305,268.1015,0.8786056,1.333e-06,0.369646,0.05573201,0.1891332,0.04728669,0.05445426,0.04488102,0.05432826,0.05869834,0.004444494
306,268.9801,0.8779631,1.333e-06,0.3713649,0.05350618,0.1883496,0.0473521,0.05450693,0.04469761,0.05455118,0.05917659,0.004456661
307,269.858,0.8793719,1.416e-06,0.3702078,0.05626376,0.1883443,0.04744552,0.05435559,0.04484161,0.05472576,0.05871275,0.004473327
308,270.7374,0.8771808,1.333e-06,0.3696423,0.05433501,0.1890735,0.04736685,0.05444959,0.04469519,0.05431118,0.05883375,0.004472077
309,271.6146,0.8704001,1.5e-06,0.370075,0.04789777,0.1882677,0.04732677,0.05440534,0.04476269,0.05450693,0.05869567,0.004460744
310,272.485,0.8728471,1.416e-06,0.3698834,0.04952393,0.1893761,0.04725619,0.05441893,0.04464944,0.05437393,0.05890425,0.004459577
311,273.3578,0.8772286,1.417e-06,0.3701157,0.05402926,0.1889605,0.04738319,0.05450309,0.04463794,0.05438251,0.05875725,0.004457744
312,274.235,0.8776442,1.334e-06,0.3735672,0.05173476,0.1883657,0.04730085,0.05446718,0.04461244,0.05437359,0.058755,0.00446616
313,275.1127,0.8740933,1.417e-06,0.3702522,0.0510076,0.1885755,0.04730035,0.05457343,0.04464977,0.05447801,0.0586125,0.004642577
314,275.9868,0.8744843,1.417e-06,0.3703142,0.0505296,0.1891334,0.04731643,0.05445534,0.04465244,0.05442159,0.05908709,0.004572744
315,276.8613,0.8740436,1.333e-06,0.369618,0.05095276,0.1898472,0.04673877,0.05469359,0.04460561,0.05445751,0.05858192,0.00454691
316,277.7353,0.8769956,1.334e-06,0.3698751,0.05259668,0.1904267,0.04745177,0.05444784,0.04455819,0.05447451,0.05860509,0.004558327
317,278.6123,0.8764143,1.75e-06,0.3709468,0.05209135,0.1883618,0.04755552,0.05489651,0.04468644,0.05450051,0.058898,0.004475577
318,279.4887,0.8776909,1.5e-06,0.3717482,0.05274376,0.1888502,0.0472386,0.05462259,0.04463527,0.05437351,0.05902609,0.004451077
319,280.3664,0.8777021,1.75e-06,0.3712647,0.05412318,0.1888434,0.04667552,0.05463067,0.04469227,0.05428743,0.058741,0.004442077
320,281.2441,0.8753301,1.417e-06,0.371005,0.0493131,0.1907121,0.04737627,0.05434359,0.04483202,0.05430009,0.05898709,0.00445941
321,282.1194,0.877061,1.666e-06,0.3700604,0.05402801,0.1892842,0.04682569,0.05452884,0.04454986,0.05459976,0.058612,0.004570577
322,282.9965,0.8795866,1.416e-06,0.3714482,0.05362459,0.1907496,0.0466696,0.05445409,0.04473019,0.05444551,0.05870817,0.004755244
323,283.8761,0.8784129,1.584e-06,0.3710227,0.0509551,0.1912599,0.0473841,0.05536534,0.04475369,0.05432043,0.05883392,0.00451616
324,284.7545,0.8775678,1.333e-06,0.3727528,0.05118968,0.1890795,0.04725752,0.05451351,0.04479202,0.05473901,0.05877975,0.004462661
325,285.6321,0.8760456,1.333e-06,0.3696881,0.05245118,0.1902392,0.0468656,0.05443201,0.04476502,0.05431451,0.05884259,0.004445994
326,286.5081,0.8809128,1.167e-06,0.3699687,0.05509426,0.1915521,0.04741535,0.05436226,0.04485861,0.05432284,0.0588765,0.004461077
327,287.389,0.8787472,4.7249e-05,0.3701479,0.05332818,0.1910547,0.04731577,0.05446426,0.04478102,0.05431843,0.05882292,0.004466827
328,288.2678,0.8744641,1.25e-06,0.3694818,0.05202501,0.1888397,0.04741485,0.05444751,0.04459836,0.05446901,0.05859917,0.004587411
329,289.1422,0.8765069,1.5e-06,0.3686898,0.05416268,0.1896442,0.04736919,0.05444876,0.04458377,0.05445776,0.05868809,0.004461077
330,290.0188,0.8767922,1.333e-06,0.370737,0.05278801,0.188754,0.04737535,0.05457259,0.04500144,0.05437693,0.05870992,0.004475661
331,290.8955,0.8814922,1.5e-06,0.3707377,0.05557167,0.1911539,0.04735993,0.05443609,0.04462752,0.05441176,0.05861484,0.004577243
332,291.777,0.87518,1.334e-06,0.3728652,0.0486176,0.1887822,0.04749927,0.05460734,0.04462569,0.05500984,0.05860575,0.004565661
333,292.6522,0.8763221,1.25e-06,0.370628,0.0524971,0.1890019,0.04735877,0.05457668,0.04465269,0.05441818,0.058611,0.004576494
334,293.5285,0.8783736,1.166e-06,0.3699169,0.05483176,0.1893779,0.04741052,0.05458451,0.04476169,0.05431351,0.05869825,0.004477328
335,294.4069,0.8784896,1.417e-06,0.3695071,0.05421026,0.1906027,0.04728485,0.05445284,0.04483644,0.05437776,0.05874175,0.004474577
336,295.2854,0.8785701,1.416e-06,0.3704923,0.05431351,0.1901567,0.0466976,0.05457876,0.04486311,0.05431193,0.05870784,0.004446993
337,296.164,0.8754954,1.5e-06,0.3707682,0.04918202,0.1912406,0.04717619,0.05445609,0.04456602,0.05470943,0.05882759,0.004567744
338,297.0395,0.877511,1.584e-06,0.3701537,0.05390209,0.1897823,0.04681152,0.05454618,0.04466519,0.05438426,0.05881925,0.004444911
339,297.917,0.8816163,1.333e-06,0.3710584,0.05020935,0.1913482,0.05160251,0.05503559,0.04475719,0.05430751,0.058826,0.00447016
340,298.7986,0.8845692,1.5e-06,0.3702179,0.05669734,0.1940677,0.0469421,0.05440468,0.04470427,0.05431843,0.05876725,0.004447994
341,299.6832,0.8747971,1.5e-06,0.3694809,0.05047626,0.1906788,0.0473481,0.05443276,0.04468269,0.05442776,0.05872217,0.004546077
342,300.558,0.8770161,1.417e-06,0.3696797,0.05261309,0.1906185,0.04743694,0.05446943,0.04472361,0.05430218,0.058704,0.004467243
343,301.435,0.8743898,1.75e-06,0.3685602,0.05014968,0.1914242,0.04734227,0.05450101,0.04457069,0.05447068,0.05873984,0.004629411
344,302.3094,0.8816264,1.75e-06,0.3728462,0.05313559,0.1919627,0.04708869,0.05435676,0.04476286,0.05429976,0.05871442,0.004457661
345,303.191,0.8814488,1.25e-06,0.3698537,0.05633367,0.1912449,0.04737468,0.05435476,0.04477894,0.05430801,0.0587115,0.004487411
346,304.0724,0.8751523,1.333e-06,0.3698104,0.04957685,0.191417,0.04774185,0.05434918,0.04478027,0.05439309,0.05860525,0.004477077
347,304.9476,0.8767026,1.583e-06,0.3695566,0.05184585,0.1908302,0.04739268,0.05457501,0.04473444,0.05453326,0.05868459,0.004548494
348,305.8243,0.878791,1.417e-06,0.369735,0.05376659,0.1911265,0.04734102,0.05458593,0.04474786,0.05432309,0.05870334,0.004460244
349,306.7031,0.87673,1.334e-06,0.3695312,0.05367151,0.1896198,0.04690302,0.05435293,0.04490169,0.05457334,0.05871659,0.004458577
350,307.5798,0.8733033,1.25e-06,0.3700617,0.0487871,0.1890955,0.04853985,0.05444784,0.04466977,0.05452409,0.05859925,0.004576911
351,308.4531,0.8755699,1.75e-06,0.3691289,0.05251985,0.1891022,0.04742944,0.05491001,0.04480744,0.05450193,0.05869309,0.004475328
352,309.3287,0.8796878,1.333e-06,0.3695799,0.05547959,0.1905341,0.04723502,0.05445609,0.04480244,0.05430876,0.05882042,0.00447016
353,310.2084,0.8926645,1.75e-06,0.3686604,0.05443251,0.1913461,0.05641901,0.05937984,0.04476935,0.05437518,0.05883167,0.004448661
354,311.101,0.8787401,1.417e-06,0.3718527,0.05271526,0.1898897,0.04738068,0.05446434,0.04479785,0.05430576,0.05885734,0.004475077
355,311.9798,0.8785271,1.5e-06,0.3692458,0.05421426,0.191277,0.04687244,0.05444784,0.04472044,0.05445951,0.0587265,0.004561744
356,312.8583,0.8782836,1.583e-06,0.369472,0.05373451,0.1908321,0.04740952,0.05446201,0.04466311,0.05446718,0.0586525,0.004589161
357,313.7366,0.8784234,1.25e-06,0.3693283,0.05347359,0.1919394,0.04679435,0.05453326,0.04486027,0.05431759,0.05871659,0.004458744
358,314.615,0.8775136,1.75e-06,0.3714892,0.05267051,0.1891132,0.04733844,0.05452384,0.04483036,0.05443318,0.05865675,0.00445641
359,315.4925,0.8756405,1.417e-06,0.3696233,0.0520606,0.1897634,0.04746502,0.05449068,0.04458752,0.05447292,0.05861234,0.004563244
360,316.3682,0.8772386,1.583e-06,0.3696977,0.05316676,0.1899895,0.04743627,0.05444651,0.04478202,0.05451718,0.05870525,0.004495827
361,317.2454,0.8817666,1.583e-06,0.3693831,0.05659684,0.191747,0.04733585,0.05434859,0.04478144,0.05431334,0.05878184,0.004477078
362,318.1272,0.8783518,1.25e-06,0.3696098,0.05374109,0.1909145,0.04737268,0.05434726,0.04481994,0.05446109,0.05860609,0.004478077
363,319.0055,0.8775782,1.583e-06,0.3699982,0.05490851,0.1884087,0.0475141,0.05435551,0.04474727,0.05447934,0.05860517,0.004559911
364,319.8831,0.8774434,1.416e-06,0.3695577,0.05439526,0.1891122,0.04749594,0.05447526,0.04470185,0.05460359,0.05861959,0.004480578
365,320.7605,0.8726049,1.25e-06,0.3691368,0.05014293,0.1890277,0.04738852,0.05449793,0.04473402,0.05446826,0.0586435,0.004563994
366,321.6332,0.8796875,1.25e-06,0.3703296,0.05541942,0.1899243,0.0467631,0.05450959,0.04512452,0.05438726,0.05869825,0.004530244
367,322.5128,0.8746781,1.25e-06,0.3698703,0.05094143,0.1896297,0.0474231,0.05445943,0.04476144,0.05443159,0.05860375,0.004556077
368,323.3875,0.8768309,1.333e-06,0.3710732,0.05301135,0.1882613,0.04740577,0.05453626,0.04473627,0.05461876,0.05870542,0.00448116
369,324.2644,0.8775592,1.5e-06,0.3701063,0.05482584,0.1883084,0.0474526,0.05443984,0.04470885,0.05437868,0.05887109,0.004466078
370,325.1419,0.8778374,1.417e-06,0.371505,0.05370168,0.1884846,0.04735044,0.05435984,0.04482035,0.05440568,0.0587395,0.004468911
371,326.0197,0.8694935,1.334e-06,0.3698122,0.04684369,0.1886077,0.04736244,0.05441393,0.04466635,0.05436709,0.05896825,0.004450494
372,326.8892,0.8780572,1.5e-06,0.3714253,0.05235401,0.1901889,0.04722185,0.05454834,0.04471819,0.05432059,0.05881867,0.004459827
373,327.7673,0.8791866,1.5e-06,0.3703692,0.05510334,0.1892039,0.04726235,0.05456093,0.04518619,0.05431218,0.05870209,0.004484911
374,328.6465,0.8737711,1.25e-06,0.3700502,0.05040843,0.1893667,0.04736377,0.05437193,0.04465369,0.05437318,0.05869834,0.00448366
375,329.5203,0.8801931,1.416e-06,0.3701089,0.05704351,0.1889548,0.04738818,0.05441018,0.04465169,0.05443726,0.05870834,0.004488827
376,330.4004,0.8777235,1.333e-06,0.3707894,0.05372884,0.1892359,0.04739635,0.05436584,0.04471702,0.05441584,0.0586165,0.004456411
377,331.2782,0.8816354,1.417e-06,0.3707394,0.05549342,0.1917743,0.04683444,0.05460201,0.04455261,0.05447293,0.05860184,0.004562994
378,332.1598,0.8762495,1.334e-06,0.3697469,0.05373501,0.1885987,0.04736602,0.05444843,0.04457686,0.05455493,0.0586615,0.004559827
379,333.0361,0.8754888,1.333e-06,0.3700256,0.0517531,0.1897324,0.04735535,0.05445718,0.04461002,0.05440468,0.0586055,0.004543661
380,333.9115,0.8735652,1.417e-06,0.3696212,0.05054168,0.1895117,0.04737844,0.05436267,0.04464152,0.05435718,0.05870425,0.00444516
381,334.7851,0.8794754,1.5e-06,0.3693265,0.05458542,0.1914541,0.04741194,0.05452742,0.04465536,0.05436968,0.05869292,0.004450577
382,335.6646,0.8805691,1.416e-06,0.3707832,0.05452559,0.1912025,0.04743035,0.05435093,0.04471486,0.05431376,0.058782,0.004464494
383,336.5452,0.8772336,1.166e-06,0.3706537,0.05119026,0.1910528,0.0473791,0.05475259,0.04472469,0.05432051,0.05869325,0.00446541
384,337.4224,0.8779217,1.333e-06,0.3718747,0.05253684,0.1894786,0.04733052,0.05448126,0.04472785,0.05441484,0.05858784,0.004487994
385,338.3003,0.8756625,1.5e-06,0.3702818,0.05214659,0.189101,0.0473451,0.05446734,0.04463802,0.05446401,0.05863775,0.004579327
386,339.176,0.8778991,1.5e-06,0.3702087,0.05460426,0.1895789,0.04665144,0.05443826,0.0447206,0.05442126,0.05879175,0.004482411
387,340.0539,0.8778699,1.5e-06,0.3717277,0.05301201,0.1896162,0.04668744,0.05451859,0.04470777,0.05442159,0.05872184,0.004455244
388,340.9317,0.8769854,1.584e-06,0.3709826,0.05184218,0.1899405,0.04734119,0.05435801,0.04469819,0.05431401,0.05906075,0.00444641
389,341.8087,0.8755508,1.75e-06,0.3694844,0.05226043,0.1894994,0.04744102,0.05450617,0.04457886,0.05449551,0.0586205,0.004662744
390,342.6843,0.8882086,2.084e-06,0.3721395,0.05508051,0.1969877,0.04732269,0.05442143,0.04464736,0.05443009,0.05861792,0.004559327
391,343.5725,0.8781956,1.833e-06,0.3711198,0.05455109,0.1885793,0.04728727,0.05443984,0.04466636,0.05438417,0.05869542,0.004470494
392,344.4507,0.8816796,1.667e-06,0.3757725,0.05065343,0.1906315,0.04787635,0.05443451,0.04473877,0.05438901,0.05870892,0.004472994
393,345.3324,0.8759609,1.5e-06,0.3699661,0.05311143,0.1887552,0.04737243,0.05450918,0.04467394,0.05440018,0.058594,0.004576993
394,346.2083,0.879599,1.5e-06,0.3710408,0.05355126,0.1908528,0.04733344,0.05455801,0.04472002,0.05437293,0.058697,0.004471161
395,347.0879,0.8750757,1.5e-06,0.3708499,0.05058268,0.1894432,0.04743819,0.05437968,0.04473686,0.05447142,0.05860184,0.004570494
396,347.963,0.877048,1.5e-06,0.3697104,0.05204251,0.1912639,0.04735335,0.05443692,0.04467194,0.05447018,0.0586375,0.004459744
397,348.84,0.8739653,1.5e-06,0.3699897,0.05032776,0.1891044,0.0474331,0.05441543,0.04465761,0.05436334,0.05920917,0.004463244
398,349.714,0.8759894,1.667e-06,0.3696465,0.05047543,0.191356,0.0474436,0.05453318,0.04504361,0.05441401,0.05861467,0.004460744
399,350.59,0.877593,1.25e-06,0.3694488,0.05313209,0.191404,0.04662219,0.05471676,0.04465844,0.05436909,0.05879467,0.004445661
400,351.4676,0.8803698,1.5e-06,0.3705587,0.05495992,0.1906301,0.04736052,0.05453076,0.04484627,0.05431259,0.05870359,0.004465827
401,352.348,0.8801701,1.5e-06,0.3699139,0.05700426,0.1891896,0.04737235,0.05435884,0.04485244,0.05430051,0.05869759,0.004479161
402,353.2281,0.8719609,1.5e-06,0.3711617,0.04770235,0.1889661,0.04743102,0.05434126,0.04466161,0.05450226,0.05873267,0.004460494
403,354.1001,0.8773337,1.417e-06,0.3701906,0.05406643,0.1888844,0.04734269,0.05444593,0.04472027,0.05431776,0.0588965,0.004467744
404,354.9774,0.8868475,1.5e-06,0.3706956,0.0513481,0.2006746,0.04708619,0.05476243,0.04465802,0.05432092,0.05883234,0.004467827
405,355.8643,0.8769979,1.583e-06,0.3701437,0.0506071,0.192508,0.04676727,0.05444859,0.04461994,0.05439251,0.05906642,0.004442744
406,356.7413,0.8745484,1.667e-06,0.3711277,0.05085801,0.1885917,0.04733777,0.05444609,0.04473186,0.05430734,0.05868634,0.004459993
407,357.6158,0.8792922,1.5e-06,0.3738954,0.05265601,0.1888147,0.04736202,0.05434126,0.04467736,0.05436976,0.05871917,0.004454994
408,358.4951,0.877969,1.333e-06,0.3699512,0.05447443,0.1895012,0.04736852,0.05441359,0.04470352,0.05437301,0.05871642,0.004465661
409,359.3731,0.8759963,1.333e-06,0.3696153,0.05299193,0.1889856,0.0473936,0.05435617,0.04465569,0.05458968,0.05892884,0.004478161
410,360.2491,0.8770494,1.334e-06,0.3711782,0.05229076,0.1889297,0.0475431,0.05488317,0.04474877,0.05439401,0.0586185,0.004461911
411,361.1261,0.8765724,1.25e-06,0.3697341,0.05279459,0.1895432,0.04741952,0.05448793,0.04467319,0.05453093,0.05881767,0.004569994
412,362.0027,0.8785905,1.333e-06,0.3702697,0.05413943,0.1899313,0.04753168,0.05448476,0.04471652,0.05431776,0.05873467,0.004463327
413,362.8813,0.8778562,1.5e-06,0.3698393,0.05417576,0.1895123,0.04744085,0.05446793,0.0448686,0.05437701,0.05871067,0.004462244
414,363.7591,0.8776854,1.25e-06,0.3693992,0.05328134,0.1909546,0.04735627,0.05435768,0.04486577,0.05440601,0.05857542,0.00448791
415,364.6368,0.8758573,1.25e-06,0.36805,0.05390176,0.1889275,0.04743802,0.05451559,0.04464036,0.05471492,0.05913492,0.004532994
416,365.5127,0.8769537,1.5e-06,0.3700589,0.0510631,0.1914858,0.04746385,0.05438693,0.04477677,0.05442426,0.05872567,0.00456691
417,366.3896,0.8772896,1.333e-06,0.3691198,0.05488234,0.1888672,0.04737385,0.05442943,0.04490344,0.05451126,0.05874234,0.004458577
418,367.2669,0.879407,1.333e-06,0.3698287,0.05371801,0.1915489,0.04741619,0.05434867,0.04478744,0.05441068,0.05876642,0.004580661
419,368.1463,0.8740522,1.167e-06,0.3694601,0.04902452,0.1911097,0.0474901,0.05455268,0.04470702,0.05454043,0.05859017,0.004576327
420,369.0204,0.8776831,1.334e-06,0.3691689,0.05300526,0.1908387,0.04734219,0.05445568,0.04456202,0.05445676,0.05938,0.004472328
421,369.8981,0.8759189,1.333e-06,0.3683742,0.05258818,0.1905319,0.04745385,0.05451534,0.04465969,0.05438834,0.05886,0.004545994
422,370.774,0.875187,1.417e-06,0.3705221,0.04917935,0.1912077,0.04737293,0.05448118,0.04456711,0.05469034,0.05860834,0.004556577
423,371.6492,0.8742324,1.5e-06,0.3707086,0.05062868,0.1885253,0.04754252,0.05445384,0.04472661,0.05439901,0.05868059,0.004565744
424,372.5234,0.8765261,1.5e-06,0.3709467,0.05102801,0.1908443,0.04680302,0.05444576,0.04466002,0.05452284,0.05882767,0.004446244
425,373.3999,0.8810373,1.583e-06,0.3701277,0.05731517,0.189656,0.04731485,0.05440593,0.04475527,0.05430484,0.05868709,0.004468911
426,374.281,0.8778528,1.25e-06,0.369903,0.05362276,0.1900969,0.04732202,0.05449151,0.04470286,0.05441184,0.05873642,0.004564243
427,375.1588,0.8794038,1.583e-06,0.3694717,0.05505917,0.1910217,0.0472971,0.05434859,0.04465069,0.05437234,0.05872742,0.004453577
428,376.0382,0.8750915,1.584e-06,0.3695162,0.05126335,0.1899902,0.04738519,0.05453434,0.04471894,0.05460618,0.05860892,0.004466661
429,376.9133,0.8762604,1.416e-06,0.3697294,0.05210526,0.1900523,0.04769577,0.05448142,0.04465277,0.05437568,0.05869409,0.004472244
430,377.7896,0.8739321,1.5e-06,0.3700319,0.04879793,0.1908293,0.04735352,0.05446684,0.04467535,0.05446793,0.05872759,0.004580161
431,378.6635,0.8709832,1.5e-06,0.3686967,0.04818277,0.1899857,0.04733669,0.05440168,0.04469494,0.05459018,0.05854042,0.00455266
432,379.5345,0.8774914,1.333e-06,0.3729722,0.04960077,0.1905434,0.04728635,0.05451384,0.04511469,0.05431218,0.0587085,0.00443816
433,380.412,0.8787825,1.417e-06,0.3706375,0.05276934,0.1911202,0.04732952,0.05446301,0.04475244,0.05445359,0.05869134,0.00456416
434,381.2908,0.8737689,1.5e-06,0.3694795,0.04909643,0.1905845,0.04737327,0.05464184,0.04477902,0.05465018,0.05860859,0.004554078
435,382.1645,0.8776976,1.417e-06,0.3698213,0.05319834,0.1905182,0.04734219,0.05443968,0.04466186,0.05441326,0.05881884,0.004482577
436,383.0422,0.8775507,1.5e-06,0.3716317,0.0511211,0.1911882,0.04681519,0.05444201,0.04477127,0.05429993,0.05883259,0.004447244
437,383.9198,0.8773764,1.584e-06,0.3698887,0.05344526,0.189979,0.04737669,0.05446009,0.04472511,0.05431993,0.05872517,0.00445491
438,384.7972,0.8720743,1.667e-06,0.3697253,0.04868302,0.1891048,0.04733344,0.05442384,0.04518594,0.05446826,0.05860234,0.004545661
439,385.6692,0.8792255,1.333e-06,0.3707381,0.05358459,0.1913967,0.04669619,0.05443476,0.04470344,0.05428734,0.05892292,0.004460161
440,386.5485,0.8813475,1.417e-06,0.3700753,0.05651451,0.1906419,0.04737985,0.05453351,0.04462535,0.05439409,0.05859934,0.00458216
441,387.4298,0.885247,1.333e-06,0.3691192,0.05566742,0.1941608,0.04739293,0.05668151,0.04470077,0.05431068,0.05871709,0.004495244
442,388.3151,0.8786782,1.417e-06,0.3727374,0.04970935,0.1920957,0.04746094,0.05435684,0.04468394,0.05442034,0.05865025,0.004562077
443,389.1937,0.8839575,1.5e-06,0.369752,0.05892075,0.1907472,0.0473751,0.05435901,0.04475102,0.05433293,0.05924842,0.00446966
444,390.0777,0.8808479,1.5e-06,0.3707815,0.05543567,0.1905412,0.04740902,0.05448634,0.04470885,0.05431443,0.05870225,0.004467077
445,390.9585,0.8751989,1.25e-06,0.3702649,0.04937202,0.1912804,0.04736568,0.05456276,0.04455519,0.05459026,0.0586325,0.004573911
446,391.8337,0.8778294,1.333e-06,0.3713598,0.05171418,0.1905667,0.04755094,0.05434826,0.04475369,0.05446626,0.05859575,0.004472494
447,392.7116,0.877073,1.167e-06,0.3702381,0.05142826,0.1913048,0.04734794,0.05445476,0.04461119,0.05453667,0.05859292,0.00455716
448,393.5886,0.8748181,1.5e-06,0.3701926,0.04973593,0.1908137,0.04741202,0.05435434,0.04466919,0.05436584,0.05881259,0.004460327
449,394.4635,0.8778396,1.417e-06,0.3690631,0.05378259,0.1907231,0.04727877,0.05450976,0.04473961,0.05448651,0.058813,0.004441827
450,395.3413,0.8740942,1.249e-06,0.3699665,0.05065093,0.1891362,0.04766635,0.05435201,0.04464769,0.05437384,0.05872775,0.004571743
451,396.2154,0.8704386,1.417e-06,0.3700402,0.04725144,0.1890142,0.04732894,0.05440501,0.04466894,0.05454192,0.05870309,0.004483494
452,397.0858,0.8804971,1.667e-06,0.3709502,0.05453726,0.1907832,0.04751185,0.05444434,0.04469111,0.05440476,0.0586025,0.004570161
453,397.9663,0.8691764,1.333e-06,0.3689851,0.04672885,0.1890013,0.04762318,0.05443042,0.04478236,0.05444101,0.05869609,0.004486744
454,398.8355,0.8780256,1.5e-06,0.3707738,0.05473826,0.1891041,0.04669152,0.05445409,0.04475694,0.05436284,0.05869192,0.004450661
455,399.7135,0.8954848,1.25e-06,0.3709819,0.05446818,0.1921059,0.06059483,0.05454593,0.04533085,0.05437126,0.05863642,0.004448244
456,400.609,0.8758694,1.416e-06,0.371017,0.05083193,0.1897572,0.04741019,0.05440768,0.04469636,0.05437468,0.05893159,0.00444141
457,401.4849,0.8806726,1.5e-06,0.3698532,0.05573717,0.1912926,0.04701077,0.05445092,0.04477694,0.05438576,0.05872067,0.004443077
458,402.3656,0.8771873,1.583e-06,0.3704376,0.05188951,0.190797,0.04743902,0.05441709,0.04472902,0.05431968,0.05868717,0.004469661
459,403.2428,0.8733665,1.416e-06,0.3699377,0.04961627,0.1895689,0.04733427,0.05466676,0.04456761,0.05451584,0.05858642,0.004571327
460,404.1161,0.8790158,1.416e-06,0.3705099,0.05457701,0.1893557,0.04728544,0.05458759,0.04477819,0.05442776,0.05901409,0.004478661
461,404.9951,0.8803036,1.333e-06,0.3729301,0.05403809,0.1887734,0.04737235,0.05490768,0.04482635,0.05430692,0.05870325,0.004444161
462,405.8754,0.8779302,1.416e-06,0.3693864,0.05585851,0.1884418,0.04737493,0.05443759,0.04481477,0.05434976,0.058809,0.004455994
463,406.7534,0.8747204,1.583e-06,0.3691341,0.05249734,0.1887998,0.04755585,0.05441901,0.04465794,0.05448301,0.05869834,0.004473411
464,407.6281,0.87666,1.333e-06,0.3701042,0.05330226,0.1891001,0.04738735,0.05435768,0.04474061,0.05430218,0.05887492,0.004489494
465,408.5047,0.878601,1.25e-06,0.3691434,0.05605092,0.1891746,0.04727702,0.05445434,0.0446676,0.05441909,0.05895275,0.004460077
466,409.3833,0.8738369,1.583e-06,0.3704045,0.05007468,0.1887371,0.04736335,0.05435934,0.04480319,0.05431901,0.05931484,0.004459327
467,410.2572,0.881467,1.75e-06,0.3745427,0.05207851,0.1896326,0.0477311,0.05515851,0.04471952,0.05439159,0.05872525,0.004485577
468,411.1387,0.8747632,1.25e-06,0.3689795,0.05217218,0.1893792,0.04743252,0.05433893,0.04467561,0.05453226,0.05879,0.004461827
469,412.0134,0.8754976,1.334e-06,0.3702537,0.05251076,0.1886752,0.04741593,0.05441643,0.04467444,0.05446134,0.05855559,0.004532994
470,412.8889,0.8754637,1.5e-06,0.3696467,0.05220234,0.1894242,0.04738027,0.05435576,0.04475627,0.05442693,0.05879275,0.00447691
471,413.7644,0.8807788,1.75e-06,0.3697093,0.0566165,0.1909613,0.04697094,0.05434059,0.04463777,0.05438176,0.05869434,0.004464494
472,414.6452,0.8743603,1.75e-06,0.3698046,0.05082168,0.1895431,0.04748185,0.05444526,0.04455119,0.05453218,0.05859284,0.004585911
473,415.5195,0.8772387,1.5e-06,0.369525,0.05379018,0.1891143,0.04771652,0.05457909,0.04491677,0.05432184,0.05879525,0.004478244
474,416.3968,0.8772257,1.5e-06,0.3713387,0.05338576,0.1883648,0.04732785,0.05460709,0.04471161,0.05431243,0.05868784,0.004488161
475,417.274,0.8755219,1.416e-06,0.3699492,0.05120943,0.1901648,0.04740977,0.05455543,0.04459369,0.05446368,0.05862159,0.004552911
476,418.1495,0.877614,1.667e-06,0.3711954,0.05188768,0.1904557,0.04727485,0.05445193,0.04486177,0.05430717,0.05871034,0.004467411
477,419.0271,0.8766121,1.583e-06,0.3695281,0.05386309,0.1889476,0.04736493,0.05443934,0.04477127,0.05447817,0.05858784,0.004630243
478,419.9037,0.8795159,1.333e-06,0.3690973,0.05508751,0.1905361,0.04735368,0.05480843,0.04461702,0.05482993,0.0586045,0.004580077
479,420.7832,0.8803022,1.583e-06,0.3679187,0.05536226,0.1926715,0.04735193,0.05435926,0.04487385,0.05449309,0.05880884,0.00446116
480,421.6635,0.8836402,1.584e-06,0.3749772,0.05515451,0.1897774,0.04676902,0.05465601,0.04466427,0.05431768,0.05886984,0.00445266
481,422.5472,0.8769378,1.25e-06,0.3701347,0.05332701,0.1898782,0.0468316,0.05434642,0.04477661,0.05442559,0.05876492,0.004451577
482,423.4241,0.8764325,1.417e-06,0.3696137,0.05150093,0.1912489,0.04733052,0.05443892,0.04472427,0.05429709,0.05882892,0.004447744
483,424.3006,0.8774099,1.5e-06,0.3700304,0.0515086,0.1912676,0.0473761,0.05452192,0.04466952,0.05475617,0.05882259,0.004455494
484,425.178,0.8718838,1.667e-06,0.3695964,0.04814493,0.1896442,0.04789644,0.05435793,0.04474269,0.05445317,0.05860475,0.004441661
485,426.0499,0.8770568,1.667e-06,0.3692498,0.05272984,0.1906028,0.04744527,0.05445134,0.04457819,0.05462751,0.0589265,0.004443828
486,426.9269,0.8753357,1.334e-06,0.3716133,0.04856643,0.1907375,0.04770277,0.05440976,0.04483185,0.05431242,0.05872125,0.004439077
487,427.8022,0.9147884,1.334e-06,0.3703533,0.08795888,0.1929024,0.04694569,0.05440793,0.04473711,0.05430401,0.05871742,0.004460327
488,428.717,0.8783555,1.667e-06,0.3694805,0.05396576,0.1910256,0.04711152,0.05447076,0.04476802,0.05433618,0.05871617,0.004479327
489,429.5954,0.8810598,1.334e-06,0.3699853,0.05484242,0.1915387,0.04751027,0.05433951,0.04483736,0.05482184,0.05870767,0.004475327
490,430.4764,0.8794277,1.75e-06,0.3706965,0.05346184,0.1910469,0.04682019,0.05449909,0.04469344,0.05430618,0.05896875,0.004933077
491,431.3559,0.876448,1.333e-06,0.3696202,0.05138251,0.1910675,0.0474681,0.05464717,0.04469377,0.05437901,0.05874659,0.004441911
492,432.2323,0.8797794,1.417e-06,0.3700758,0.05403318,0.1913936,0.0474901,0.05455384,0.04474644,0.05431143,0.05870942,0.004464161
493,433.1121,0.8773578,1.5e-06,0.3695871,0.05259851,0.1911457,0.04715935,0.05444617,0.04481802,0.05438209,0.05874225,0.004477077
494,433.9895,0.8765325,1.416e-06,0.3702345,0.05292159,0.1895882,0.04684335,0.05446026,0.04455077,0.05471642,0.05867492,0.004540994
495,434.866,0.8733409,1.667e-06,0.3698114,0.05025068,0.1889685,0.04738602,0.05458176,0.04455594,0.05459268,0.05861642,0.004575827
496,435.7393,0.8744492,1.5e-06,0.370024,0.05064168,0.1894589,0.04736894,0.05433793,0.04467869,0.05447184,0.05890309,0.004562661
497,436.6138,0.8790624,1.667e-06,0.3700377,0.05383243,0.1907942,0.04734102,0.05469293,0.04470069,0.05437184,0.058819,0.004470994
498,437.4928,0.8788566,1.5e-06,0.3715272,0.0521946,0.1905783,0.04727127,0.05445226,0.0449446,0.05463784,0.05877975,0.004469244
499,438.3717,0,0,0,0,0,0,0,0,0,0,0

Averages:
0.8767434,1.656132e-06,0.3700789,0.052793,0.1897517,0.04733429,0.05446825,0.04471205,0.05438237,0.05868392,0.00453727
