OpenCV version: 2.4
Usage: 7-SobelDerivatives <input-number> [<samples>]
input-number - is the video device number. Defaults to zero. E.g. for /dev/video2 just use '2' as argument.
samples - number of samples before application ends. Defaults to 1000; zero means infinite.
sample_number,elapsed_time,frame,mat_alloc,read_img,convert_color,gaussian_blur,sobel,convert_scale,sobel2,conver_scale2,add_weighted,show_img
0,0,0.3250499,8.917e-06,0.1430132,0.01367315,0.0622425,0.01937981,0.02101064,0.01877006,0.01981864,0.01935597,0.007776989
1,0.3250499,0.3386662,1.333e-06,0.172062,0.0130319,0.06831666,0.01494998,0.01763623,0.01435531,0.01766931,0.01916931,0.001474165
2,0.6637161,0.3283607,1.333e-06,0.1440816,0.0230213,0.07191765,0.0154729,0.02034647,0.01452798,0.01802439,0.01948972,0.001477332
3,0.9920768,0.3026159,1.166e-06,0.1371096,0.01792114,0.06202333,0.01495948,0.01772889,0.01431098,0.01778131,0.01929839,0.001481665
4,1.294693,0.3096193,1.917e-06,0.1423079,0.01949639,0.06181283,0.01478131,0.01779639,0.01435831,0.01831864,0.01923981,0.001505831
5,1.604312,0.3462003,1.166e-06,0.1627501,0.02369055,0.07394623,0.01501756,0.01783839,0.01442731,0.01776547,0.01929197,0.001471498
6,1.950512,0.3434274,2.583e-06,0.1592109,0.01964272,0.06486633,0.01502806,0.02388213,0.0149869,0.02025589,0.02204155,0.003510328
7,2.29394,0.3311353,1.583e-06,0.1650699,0.01855922,0.06208216,0.01475523,0.01779906,0.01434165,0.01772839,0.01929631,0.001501748
8,2.625075,0.3090474,1.75e-06,0.1429648,0.01845114,0.0621975,0.01478123,0.01779373,0.01434748,0.01778098,0.01923981,0.001488998
9,2.934122,0.31049,1.75e-06,0.1431896,0.0200623,0.0618015,0.01476798,0.01780031,0.01435365,0.01777997,0.01922939,0.001503498
10,3.244612,0.3122705,1.417e-06,0.1472698,0.01805414,0.06133283,0.0148374,0.01773447,0.0143504,0.01779448,0.01924089,0.001654664
11,3.556883,0.3168617,2e-06,0.1523473,0.01699048,0.06188266,0.01482756,0.01784122,0.01434331,0.01782889,0.01929964,0.001498665
12,3.873745,0.3183128,2.166e-06,0.1512661,0.01884697,0.0622215,0.01491006,0.01783056,0.01457381,0.01792664,0.01923147,0.001503498
13,4.192057,0.3203028,2.334e-06,0.152529,0.01927447,0.06255216,0.01496239,0.01779906,0.01457098,0.01781364,0.01929372,0.001504998
14,4.51236,0.3102057,1.5e-06,0.1432061,0.01904456,0.0620675,0.01486765,0.01785406,0.01458115,0.01781173,0.01923039,0.001541165
15,4.822566,0.3096277,1.667e-06,0.1429949,0.01901789,0.06199416,0.01494031,0.01788431,0.0142764,0.01778614,0.01922989,0.001502081
16,5.132194,0.3084188,1.667e-06,0.1428334,0.01734181,0.06211816,0.0151569,0.01780623,0.01455256,0.01780764,0.01923839,0.001562082
17,5.440612,0.3118165,1.5e-06,0.1440797,0.01970606,0.06211158,0.01498998,0.01803214,0.01430073,0.01779331,0.01930572,0.001495747
18,5.752429,0.3248944,2.5e-06,0.1576262,0.01901772,0.06185691,0.01513156,0.01786081,0.01432906,0.01806689,0.01942814,0.001574581
19,6.077323,0.3119385,1.75e-06,0.1444036,0.01940372,0.06220933,0.01492781,0.01808631,0.01430415,0.01777773,0.01932064,0.001503415
20,6.389262,0.3310665,2.916e-06,0.166217,0.01727781,0.06192333,0.0148784,0.01780039,0.01426948,0.01790939,0.01928797,0.001499832
21,6.720328,0.3193458,2.25e-06,0.1543288,0.01665889,0.06231483,0.0149914,0.01776314,0.01474723,0.01775422,0.01929439,0.001490664
22,7.039674,0.3110154,1.666e-06,0.1441219,0.01841214,0.06241375,0.01498456,0.01779347,0.01470156,0.01780647,0.01930022,0.001479665
23,7.35069,0.3172376,1.75e-06,0.1465642,0.02156164,0.06303825,0.01504756,0.01775248,0.01468031,0.01773523,0.01936247,0.001493748
24,7.667927,0.3282163,2.166e-06,0.1602279,0.01871689,0.06289291,0.0152069,0.01782306,0.0144384,0.01808914,0.01931881,0.001500081
25,7.996143,0.3166166,1.416e-06,0.1431902,0.02042489,0.06634399,0.01553639,0.01793381,0.01454006,0.01785223,0.01929597,0.001497664
26,8.31276,0.3094283,1.334e-06,0.1440234,0.01735931,0.06219233,0.01488073,0.01785664,0.01456548,0.01777773,0.01928647,0.001484915
27,8.622188,0.312715,1.416e-06,0.1434024,0.02104122,0.06212,0.01491573,0.01823156,0.01433223,0.01778481,0.01939914,0.001486498
28,8.934903,0.325971,2.583e-06,0.1582464,0.01994372,0.06198825,0.01512415,0.01773214,0.01420531,0.01784797,0.01929206,0.001588414
29,9.260874,0.3106307,1.5e-06,0.1428666,0.01967364,0.06223808,0.01494481,0.01775664,0.01456981,0.01778456,0.01924372,0.001551331
30,9.571505,0.3097423,1.583e-06,0.1431946,0.01916981,0.06176183,0.01486615,0.01791839,0.01430465,0.01778664,0.01923706,0.001501665
31,9.881247,0.3177013,1.834e-06,0.1527331,0.01781606,0.06153625,0.01489206,0.01773097,0.01437573,0.01772289,0.01940289,0.001489498
32,10.19895,0.3304505,2.833e-06,0.1638979,0.01837073,0.06220608,0.01489623,0.01790406,0.0145669,0.01779281,0.01932406,0.001488998
33,10.5294,0.3221201,2.583e-06,0.1574843,0.01729739,0.061914,0.01495173,0.01773081,0.01423531,0.01772089,0.01928364,0.001499498
34,10.85152,0.3185894,2.166e-06,0.1526855,0.01768456,0.06225866,0.0152264,0.01781306,0.01419848,0.01791047,0.01923331,0.001576832
35,11.17011,0.3186193,2.084e-06,0.1522725,0.01844972,0.06221283,0.01488481,0.01784114,0.01441206,0.01780831,0.01923722,0.001498582
36,11.48873,0.3124329,1.75e-06,0.147006,0.01759856,0.06230858,0.0148799,0.01778181,0.01425448,0.01778814,0.01923214,0.001581498
37,11.80116,0.3065472,1.5e-06,0.1425722,0.01638356,0.06213433,0.01486365,0.01780764,0.01425565,0.01779198,0.01924264,0.001494081
38,12.10771,0.3109678,1.917e-06,0.1460869,0.01751547,0.06187958,0.01492165,0.01780589,0.01422506,0.01780272,0.01923664,0.001491998
39,12.41868,0.3202061,2.25e-06,0.152563,0.01999839,0.061853,0.01484865,0.01778756,0.01464281,0.01773014,0.01927947,0.001500831
40,12.73888,0.3101015,1.5e-06,0.1463735,0.01657548,0.06163566,0.01484348,0.01779572,0.01413348,0.01778197,0.01947597,0.001484664
41,13.04898,0.309845,1.667e-06,0.1427733,0.01972014,0.06184191,0.01483856,0.01783931,0.01430181,0.01779264,0.01923239,0.001503248
42,13.35883,0.310768,1.416e-06,0.1435965,0.01925647,0.06230525,0.01485498,0.01779481,0.01433831,0.01778373,0.01923597,0.001600498
43,13.6696,0.325908,2.417e-06,0.1592124,0.01928647,0.0618545,0.01487606,0.01772981,0.01430815,0.01783964,0.01930997,0.001488498
44,13.9955,0.3101564,1.5e-06,0.1435993,0.01838281,0.06268433,0.01483856,0.01779964,0.01433306,0.01778264,0.01924564,0.001488915
45,14.30566,0.3083587,1.417e-06,0.1439355,0.01703198,0.06174366,0.0149159,0.01790881,0.01429931,0.01778456,0.01923797,0.001499581
46,14.61402,0.3107026,1.75e-06,0.1438291,0.01946097,0.06184291,0.01505473,0.01772881,0.0141929,0.01780231,0.01930056,0.001488581
47,14.92472,0.3326018,2.916e-06,0.1644502,0.01979631,0.06245383,0.0149629,0.01784439,0.01457248,0.01780923,0.01922906,0.001480497
48,15.25732,0.3233555,2.417e-06,0.1580269,0.01784881,0.06180025,0.01497681,0.01772481,0.0144669,0.01772772,0.01929856,0.001482415
49,15.58068,0.3090678,1.583e-06,0.1427561,0.01847239,0.06200766,0.01520456,0.01780306,0.01430031,0.01778289,0.01923781,0.001501498
50,15.88975,0.3105505,1.583e-06,0.1430209,0.02004514,0.06194533,0.01489906,0.01780064,0.01431731,0.01778947,0.01923639,0.001494664
51,16.2003,0.3109722,1.25e-06,0.1441412,0.01938381,0.06190691,0.01498115,0.01773631,0.0142409,0.01778723,0.01929322,0.001500248
52,16.51127,0.3106363,1.583e-06,0.1431294,0.01945456,0.06184558,0.0151854,0.01787848,0.01463198,0.01779039,0.01923572,0.001483248
53,16.82191,0.3182457,2.583e-06,0.152716,0.01763898,0.06205491,0.01498615,0.01786947,0.01446281,0.01772956,0.01929897,0.001486331
54,17.14015,0.3081723,1.917e-06,0.1444444,0.01655181,0.06147008,0.0150129,0.01779739,0.01432548,0.01778389,0.01923006,0.001554415
55,17.44832,0.3090773,1.667e-06,0.1445629,0.01689031,0.06202733,0.01490165,0.01773956,0.01435748,0.01779514,0.01923322,0.001568081
56,17.7574,0.3109485,1.583e-06,0.1440719,0.01885022,0.06215408,0.01522614,0.01779297,0.01433273,0.01778398,0.01923697,0.001497915
57,18.06835,0.3123761,1.334e-06,0.1445257,0.02016206,0.06210091,0.0148539,0.01779473,0.01425823,0.01778864,0.01923064,0.001659914
58,18.38073,0.3244322,2.834e-06,0.1598866,0.01678881,0.0618475,0.0150119,0.01773973,0.0144159,0.01772281,0.01952797,0.001488165
59,18.70516,0.311097,1.5e-06,0.1440956,0.01875914,0.06222916,0.0149009,0.01784106,0.01466948,0.01781114,0.01923914,0.001549831
60,19.01626,0.3118938,1.417e-06,0.1449465,0.01843714,0.06227,0.0151309,0.01809156,0.01435856,0.01778631,0.01923239,0.001639081
61,19.32815,0.3090777,1.5e-06,0.1426487,0.01801731,0.06245375,0.01486598,0.01785081,0.01465873,0.01783856,0.01923897,0.001503331
62,19.63723,0.3268418,2.5e-06,0.1609349,0.01704506,0.06236675,0.01515765,0.01786464,0.01435398,0.01775048,0.01980189,0.001563998
63,19.96407,0.3116755,1.5e-06,0.1436699,0.01976906,0.06192941,0.0150334,0.01777231,0.01470265,0.01791589,0.01929556,0.001585831
64,20.27574,0.3108791,1.416e-06,0.1438486,0.01940464,0.06194433,0.01486073,0.01792206,0.01438215,0.01778748,0.01923031,0.001497415
65,20.58662,0.3270407,2.333e-06,0.1614779,0.01698614,0.062449,0.01539815,0.01771881,0.01445148,0.01772797,0.01934372,0.001485165
66,20.91366,0.3097084,1.916e-06,0.1432039,0.01887781,0.0619875,0.01500115,0.01780064,0.01427723,0.01779322,0.01927714,0.001487915
67,21.22337,0.3275301,2.75e-06,0.1585953,0.02057105,0.06198908,0.01508773,0.01801281,0.01462598,0.01775456,0.01928906,0.001601831
68,21.5509,0.3114024,1.333e-06,0.1431821,0.01966597,0.06252208,0.01507848,0.01779331,0.0145919,0.01778264,0.01929839,0.001486248
69,21.86231,0.3136646,1.583e-06,0.1452336,0.02010281,0.06233958,0.01508506,0.01803481,0.01435548,0.01772506,0.01929256,0.001493998
70,22.17597,0.3183665,2.167e-06,0.1525519,0.01783939,0.06172908,0.01505373,0.01779556,0.01464048,0.01774739,0.01951181,0.001494998
71,22.49434,0.318855,2.25e-06,0.1518224,0.01812939,0.062772,0.01517281,0.01785964,0.0145509,0.01781281,0.01922597,0.001506832
72,22.81319,0.317506,2e-06,0.152902,0.01619056,0.06235158,0.01512015,0.01776514,0.01457656,0.01780198,0.01930122,0.001494832
73,23.1307,0.3182634,1.834e-06,0.1527004,0.01750231,0.06195675,0.01508798,0.01802789,0.01436165,0.01772614,0.01938939,0.001509081
74,23.44896,0.3158741,2.333e-06,0.1518806,0.01592873,0.06200141,0.01501698,0.01794139,0.0144544,0.01790031,0.01925864,0.001489248
75,23.76483,0.3193917,2e-06,0.1521036,0.01871514,0.06224883,0.01508173,0.01778981,0.01460948,0.01806647,0.01929714,0.001477498
76,24.08423,0.3107535,1.25e-06,0.1424575,0.01990506,0.06244158,0.01504731,0.01780448,0.01459256,0.01777373,0.01923081,0.001499248
77,24.39498,0.3090524,1.334e-06,0.1425467,0.01921672,0.06171166,0.01499198,0.01779481,0.01428448,0.01778814,0.01923164,0.001484915
78,24.70403,0.3090599,1.417e-06,0.1436555,0.01782723,0.06201,0.01498498,0.01779914,0.01416265,0.01788747,0.01923272,0.001498831
79,25.01309,0.3264284,2.417e-06,0.1583764,0.02046972,0.06194816,0.01506448,0.01772739,0.0143504,0.01772256,0.01928189,0.001484915
80,25.33952,0.3079387,1.416e-06,0.1425043,0.01810497,0.06166891,0.01495315,0.01793497,0.01417406,0.01789123,0.01922072,0.001484998
81,25.64746,0.3093628,1.333e-06,0.1427842,0.01898856,0.06202825,0.01499014,0.01777898,0.01427815,0.01778714,0.01922989,0.001496165
82,25.95682,0.3086239,1.5e-06,0.1426371,0.01767847,0.06193641,0.01503665,0.01785098,0.01488806,0.01780289,0.01923247,0.001559332
83,26.26545,0.3095285,1.5e-06,0.1427096,0.01937656,0.061846,0.01499256,0.01779714,0.01428573,0.01778656,0.01923906,0.001493748
84,26.57497,0.325666,2.417e-06,0.1576659,0.01943056,0.06212008,0.01528715,0.01785289,0.01439306,0.01802256,0.01928814,0.001603248
85,26.90064,0.3089591,1.667e-06,0.1423486,0.01815781,0.06231191,0.01521065,0.01802889,0.01431756,0.01779214,0.01928889,0.001500998
86,27.2096,0.3117911,1.334e-06,0.146479,0.01696006,0.06216908,0.01512206,0.01776289,0.01460023,0.01779764,0.01930264,0.001596081
87,27.52139,0.3231321,2.833e-06,0.1570264,0.01834456,0.06186141,0.0150599,0.01780206,0.0142939,0.01785456,0.01938656,0.001499998
88,27.84452,0.3107574,1.75e-06,0.1433151,0.01960322,0.06201283,0.01507073,0.01774106,0.01449581,0.01772581,0.01930306,0.001487997
89,28.15528,0.3107646,1.916e-06,0.1454187,0.01720564,0.06212325,0.01503289,0.01779464,0.01449706,0.01785256,0.01935031,0.001487665
90,28.46604,0.3197457,1.5416e-05,0.1541561,0.01812997,0.06182941,0.01500856,0.01778947,0.01431048,0.01779748,0.01922172,0.001487081
91,28.78579,0.321077,1.916e-06,0.1548514,0.01757356,0.06261725,0.01512506,0.01803664,0.01436665,0.01771739,0.01930072,0.001486415
92,29.10687,0.3108165,1.667e-06,0.143528,0.01954906,0.06205125,0.01506706,0.01772923,0.01430598,0.01778756,0.01932672,0.001469998
93,29.41768,0.3263407,2.333e-06,0.1591397,0.01885022,0.06219041,0.01506106,0.01783197,0.01435415,0.01807356,0.01933164,0.001505664
94,29.74402,0.3169528,1.584e-06,0.1481099,0.0207538,0.061832,0.01513115,0.01785256,0.0144834,0.01787448,0.01942906,0.001484915
95,30.06098,0.3093738,1.666e-06,0.1435128,0.01814556,0.06186516,0.01505406,0.01773714,0.01428615,0.01791447,0.01930722,0.001549582
96,30.37035,0.3112417,1.583e-06,0.1441365,0.01927839,0.06184933,0.01505356,0.01772823,0.01450181,0.01779064,0.01923514,0.001666581
97,30.68159,0.310181,1.667e-06,0.1430791,0.01932656,0.0619605,0.01523148,0.01779489,0.01428606,0.01777606,0.01922881,0.001495914
98,30.99177,0.3099474,1.834e-06,0.1443455,0.01772114,0.06226941,0.01500956,0.01779514,0.01430015,0.01777098,0.01923106,0.001502582
99,31.30172,0.312213,1.75e-06,0.1471782,0.01728831,0.06200325,0.01505173,0.01774298,0.01435481,0.01772356,0.01928822,0.001580165
100,31.61393,0.3243358,2.333e-06,0.1581411,0.01894539,0.0616355,0.01500631,0.01779281,0.0142959,0.01772722,0.01930372,0.001485498
101,31.93827,0.3097879,1.583e-06,0.1425736,0.02003622,0.06152966,0.01502148,0.01779456,0.01430656,0.01778473,0.01923456,0.001504998
102,32.24806,0.3095275,1.5e-06,0.1433199,0.01895497,0.06159141,0.01500131,0.01786798,0.01430223,0.01778448,0.01922906,0.001474665
103,32.55759,0.3095702,1.917e-06,0.1430912,0.01906156,0.06180183,0.0150094,0.01778947,0.01430656,0.01779081,0.01923114,0.001486248
104,32.86716,0.3180211,2.417e-06,0.1528379,0.01798256,0.06149925,0.01508965,0.01773498,0.01436906,0.01771431,0.01929689,0.001494081
105,33.18518,0.3126342,2e-06,0.1449064,0.01937664,0.0622705,0.01504448,0.01783456,0.0145734,0.01780198,0.01932572,0.001498581
106,33.49781,0.310761,1.334e-06,0.1436701,0.01889781,0.06218675,0.0150639,0.01782489,0.01459731,0.01778939,0.01923272,0.001496748
107,33.80857,0.3289465,2.833e-06,0.1608705,0.01968656,0.06200225,0.01529381,0.01783181,0.01434415,0.01808114,0.01932814,0.001505248
108,34.13752,0.325885,2.667e-06,0.1600056,0.01791422,0.06190141,0.01534165,0.01772589,0.01429723,0.01779264,0.01930172,0.001601998
109,34.4634,0.3097892,1.584e-06,0.1438068,0.01781623,0.06219058,0.01502106,0.01785272,0.01458298,0.01778848,0.01923131,0.001497498
110,34.77319,0.3293258,2.833e-06,0.1611378,0.01968631,0.062166,0.01527923,0.01781331,0.0143444,0.01802164,0.01937672,0.001497581
111,35.10252,0.3130013,1.5e-06,0.14438,0.01960156,0.06289216,0.01511565,0.01802606,0.01437006,0.01773081,0.01939589,0.001487664
112,35.41552,0.324524,2.5e-06,0.1599208,0.01631614,0.06183041,0.01539148,0.01785931,0.01431081,0.01809231,0.01929964,0.001500664
113,35.74004,0.3157298,1.666e-06,0.1487102,0.01908214,0.0618755,0.01505331,0.01782581,0.01458698,0.01785281,0.01925081,0.001490581
114,36.05577,0.323442,2.333e-06,0.1603842,0.01487423,0.06179608,0.01533523,0.01779814,0.01437873,0.01779031,0.01957531,0.001507498
115,36.37922,0.3103918,1.667e-06,0.1433406,0.01886139,0.06217925,0.01505465,0.01785031,0.01456423,0.01780756,0.01922856,0.001503664
116,36.68961,0.3217762,2e-06,0.1534824,0.02007931,0.06223733,0.0153599,0.01774973,0.0143579,0.01771456,0.01930472,0.001488415
117,37.01138,0.3107179,1.583e-06,0.1433012,0.01922581,0.06215125,0.01512965,0.01803331,0.01430606,0.01778622,0.01923447,0.001548331
118,37.3221,0.3197898,2e-06,0.1532035,0.01927356,0.06154541,0.01507865,0.01773372,0.01435231,0.01772848,0.01937639,0.001495831
119,37.64189,0.3217951,2.75e-06,0.1567119,0.01759973,0.06187258,0.01500056,0.01779856,0.01428948,0.01779081,0.01922831,0.001500414
120,37.96369,0.3108256,1.333e-06,0.1431551,0.01940197,0.06228266,0.01505448,0.01782898,0.0145659,0.01779697,0.01923464,0.001503498
121,38.27451,0.3100837,1.667e-06,0.1427142,0.01926089,0.06204075,0.01513865,0.01782298,0.01458906,0.01778756,0.01922997,0.001497915
122,38.5846,0.3103127,1.417e-06,0.1428565,0.01957906,0.06194558,0.01533873,0.01779756,0.01428781,0.01778456,0.01923306,0.001488332
123,38.89491,0.3247155,2.333e-06,0.1576399,0.01980872,0.06158392,0.0150584,0.01773598,0.01435015,0.01773781,0.01932947,0.001468748
124,39.21962,0.3114467,1.583e-06,0.1430054,0.01942472,0.06233266,0.01512565,0.01775614,0.0145929,0.01778581,0.01983164,0.001590248
125,39.53107,0.3135808,1.584e-06,0.1464146,0.01891231,0.06216825,0.01514781,0.01776472,0.01458706,0.01779347,0.01930322,0.001487748
126,39.84465,0.3127407,1.584e-06,0.1434526,0.01953897,0.0619215,0.01721664,0.01773923,0.01427948,0.01779448,0.01928889,0.001507331
127,40.15739,0.3211731,2.334e-06,0.1556933,0.01755106,0.06198633,0.01508456,0.01782056,0.01436123,0.01785339,0.01931614,0.001504248
128,40.47857,0.3265419,2.334e-06,0.1597157,0.01805481,0.06257491,0.01505715,0.01791747,0.01431023,0.01808273,0.01923464,0.001591914
129,40.80511,0.3072117,1.5e-06,0.1433956,0.01652398,0.06165775,0.01502923,0.01779148,0.01428506,0.01778631,0.01924097,0.001499914
130,41.11232,0.3079648,1.583e-06,0.142165,0.01747239,0.06233791,0.01504931,0.01781814,0.01459573,0.01779898,0.01923247,0.001493331
131,41.42028,0.3232154,2.416e-06,0.1575724,0.01806064,0.06190866,0.01504273,0.01773631,0.01436931,0.01773114,0.01928839,0.001503414
132,41.7435,0.3083105,1.666e-06,0.1421376,0.01835214,0.06211,0.01497165,0.01780322,0.01442281,0.01778631,0.01923781,0.001487332
133,42.05181,0.3096277,1.583e-06,0.142041,0.01987047,0.06185641,0.01503148,0.01779398,0.0144074,0.01778831,0.01933306,0.001504081
134,42.36144,0.3130251,1.75e-06,0.1477795,0.01752348,0.061962,0.0149549,0.01779347,0.01439806,0.01778189,0.01932764,0.001502414
135,42.67446,0.3090029,1.334e-06,0.1428345,0.01870831,0.061825,0.01495606,0.01779256,0.01437173,0.01779581,0.01923089,0.001486748
136,42.98347,0.3097928,1.833e-06,0.1423694,0.01963856,0.06197875,0.01495306,0.01778581,0.0144024,0.01793181,0.01923839,0.001492831
137,43.29326,0.3094562,1.666e-06,0.1429595,0.01840514,0.06199808,0.01498556,0.01809089,0.0143734,0.01779156,0.01936522,0.001485248
138,43.60271,0.3240639,2.25e-06,0.1590376,0.01651089,0.06232425,0.01503398,0.01784948,0.01448506,0.01803123,0.01930206,0.001487082
139,43.92678,0.3109064,1.5e-06,0.142266,0.0210498,0.06197258,0.01494881,0.01778906,0.01438206,0.01777972,0.01922656,0.001490331
140,44.23768,0.3084231,1.5e-06,0.1426073,0.01828539,0.06188025,0.01494715,0.01779089,0.01439748,0.01778398,0.01923914,0.001489998
141,44.54611,0.3104271,1.5e-06,0.1438804,0.01913831,0.0616755,0.01501298,0.01773848,0.01438231,0.01780031,0.01923189,0.001565414
142,44.85653,0.3201387,2.083e-06,0.152865,0.01922972,0.06194383,0.01502948,0.01778639,0.01470481,0.01780098,0.01930222,0.001474248
143,45.17667,0.328747,2.583e-06,0.159593,0.02095014,0.06204291,0.01502606,0.01778856,0.01466256,0.01779406,0.01934406,0.001543082
144,45.50542,0.3265473,2.667e-06,0.1581399,0.01931322,0.06224691,0.01501898,0.01797131,0.0146784,0.01775481,0.01983264,0.001588415
145,45.83197,0.3095112,1.75e-06,0.14229,0.01952522,0.06192725,0.0150699,0.01779423,0.01439206,0.01777531,0.01924181,0.001493748
146,46.14148,0.3102023,1.75e-06,0.1422018,0.02027647,0.0620095,0.0149904,0.01774072,0.01439423,0.01778506,0.01924831,0.001554082
147,46.45168,0.309286,1.334e-06,0.1428442,0.01849356,0.06225341,0.01495606,0.01784781,0.01438831,0.01779247,0.01923664,0.001472165
148,46.76097,0.3211794,2e-06,0.152739,0.02006297,0.06221008,0.01503473,0.01776806,0.01474398,0.01772889,0.01940214,0.001487497
149,47.08215,0.3222783,2.75e-06,0.1589809,0.01586989,0.06177158,0.01495098,0.01780498,0.01439131,0.01777781,0.01923964,0.001488415
150,47.40443,0.3106682,1.583e-06,0.1428781,0.02008389,0.06202075,0.01493856,0.01778889,0.01438598,0.01778356,0.01929522,0.001491748
151,47.71509,0.3192199,1.916e-06,0.1518705,0.01901539,0.06219483,0.01505173,0.01783614,0.01472673,0.01773198,0.01929572,0.001494915
152,48.03431,0.333788,2.917e-06,0.1656199,0.01982989,0.062417,0.01523048,0.01779006,0.01437581,0.01779164,0.01923206,0.001498331
153,48.3681,0.3248598,2.25e-06,0.1578095,0.01843481,0.06247133,0.01506365,0.01778972,0.01446673,0.01802981,0.01929372,0.001498248
154,48.69296,0.3115209,1.75e-06,0.1430164,0.02034297,0.06207225,0.0152854,0.01773397,0.01441098,0.01778314,0.01937864,0.001495414
155,49.00448,0.3250966,2.417e-06,0.1566334,0.01984114,0.06252675,0.01502756,0.01785056,0.01467223,0.01781364,0.01924039,0.001488498
156,49.32958,0.3164705,1.583e-06,0.1438319,0.01893339,0.06521924,0.01659589,0.01860489,0.01460498,0.01788789,0.01922564,0.001565081
157,49.64605,0.325606,2.584e-06,0.1581934,0.01776614,0.06263933,0.0153529,0.01783047,0.0148154,0.01821181,0.01929964,0.001494415
158,49.97166,0.3128852,1.334e-06,0.1419261,0.01826972,0.06255716,0.0150089,0.01784489,0.01467915,0.01981747,0.02118105,0.001599498
159,50.28454,0.3324038,3e-06,0.1639846,0.01984864,0.062525,0.01503281,0.01776881,0.01438381,0.01784356,0.01952039,0.001493164
160,50.61694,0.3206869,2.25e-06,0.15205,0.02030006,0.06208016,0.01510264,0.01776131,0.0147579,0.01775106,0.01938956,0.001491914
161,50.93763,0.3182746,2.333e-06,0.1525207,0.01727089,0.06226291,0.01503656,0.01782514,0.01471065,0.01779939,0.01935797,0.001488081
162,51.25591,0.3097472,1.583e-06,0.142379,0.01956064,0.06203425,0.01494373,0.01779556,0.01440631,0.01790689,0.01923506,0.001484165
163,51.56565,0.3256318,2.417e-06,0.158345,0.01900814,0.06217633,0.01529481,0.01774789,0.0144464,0.01773106,0.01929514,0.001584582
164,51.89128,0.3095417,1.666e-06,0.1424951,0.01874864,0.061925,0.0150039,0.01785272,0.01470581,0.01778714,0.01946031,0.001561414
165,52.20083,0.3112092,1.5e-06,0.1427752,0.02009914,0.062099,0.01500931,0.01784822,0.01469073,0.01785773,0.01923639,0.001591998
166,52.51204,0.3201346,2.167e-06,0.1527119,0.01930431,0.06199083,0.01509373,0.01779056,0.01471831,0.01775214,0.01929814,0.001472582
167,52.83217,0.3088851,1.667e-06,0.1428405,0.01775298,0.06225466,0.01498765,0.01784414,0.01468206,0.01779198,0.01923497,0.001494498
168,53.14106,0.3148041,1.666e-06,0.1467015,0.02013431,0.0618415,0.01500714,0.01804306,0.0144724,0.01771881,0.01939706,0.001486748
169,53.45586,0.3199286,2.083e-06,0.1524091,0.01987455,0.06197983,0.01496598,0.01772923,0.01445773,0.01772447,0.01929647,0.001489165
170,53.77579,0.3336488,2.667e-06,0.165711,0.01924622,0.06198483,0.01545164,0.01779606,0.01494814,0.01771914,0.01929481,0.001494248
171,54.10944,0.3185829,2.25e-06,0.152578,0.01774448,0.06219758,0.0150114,0.01783914,0.01467306,0.01780397,0.01923822,0.001494748
172,54.42802,0.3184542,2.083e-06,0.1529283,0.01713239,0.06219875,0.0153564,0.01775831,0.01445856,0.01772231,0.01942072,0.001476414
173,54.74647,0.3083484,1.416e-06,0.1425737,0.01806056,0.06204008,0.01496556,0.01780031,0.01438215,0.01778831,0.01923364,0.001502665
174,55.05482,0.3105799,1.333e-06,0.1426479,0.02025989,0.06198416,0.0149419,0.01779639,0.01438923,0.01778914,0.01927439,0.001495581
175,55.3654,0.3080152,1.583e-06,0.1430396,0.01771906,0.06154241,0.01501931,0.01772697,0.01439698,0.01778164,0.01924189,0.001545832
176,55.67342,0.3067491,2.167e-06,0.1424898,0.01691606,0.06171408,0.01493748,0.01779823,0.01436981,0.01778956,0.01923514,0.001496748
177,55.98017,0.3090389,1.333e-06,0.1432105,0.01780123,0.06188108,0.01543564,0.01779464,0.01438723,0.01778773,0.01923764,0.001501831
178,56.28921,0.3209094,2.416e-06,0.153767,0.01909714,0.06191883,0.0151019,0.01778548,0.01461798,0.01773831,0.01938397,0.001496331
179,56.61011,0.3269855,2.833e-06,0.1596083,0.01939547,0.06180733,0.0150339,0.01791047,0.01459306,0.01781281,0.01923322,0.001588165
180,56.9371,0.3090912,1.583e-06,0.1429896,0.01872289,0.06175441,0.01500056,0.01780639,0.01429723,0.01778947,0.01923964,0.001489498
181,57.24619,0.3085253,1.666e-06,0.1425679,0.01856006,0.06177575,0.01500731,0.01780564,0.01427815,0.01778639,0.01923897,0.001503498
182,57.55472,0.325167,2.667e-06,0.1572309,0.01943422,0.062169,0.0153439,0.01778906,0.01437248,0.01802681,0.01930764,0.001490331
183,57.87988,0.3073135,1.334e-06,0.1432778,0.01646498,0.06197216,0.01499315,0.01779898,0.01428148,0.01778622,0.01923839,0.001498998
184,58.1872,0.3071764,1.334e-06,0.143198,0.01659389,0.06178725,0.01499915,0.01779064,0.01429465,0.01778306,0.01923981,0.001488665
185,58.49437,0.3076379,1.334e-06,0.1425489,0.01780923,0.06168041,0.0149989,0.01779256,0.01428065,0.01779314,0.01923656,0.001496248
186,58.80201,0.3108819,1.333e-06,0.1432426,0.01991305,0.06214566,0.0149909,0.01779048,0.01428281,0.01778498,0.01923814,0.001491914
187,59.11289,0.3099719,1.667e-06,0.1429733,0.01859397,0.06240908,0.01506323,0.01784339,0.0145679,0.01779889,0.01922872,0.001491748
188,59.42287,0.3264037,2.917e-06,0.163367,0.01495206,0.06194733,0.01499631,0.01773131,0.01434198,0.01823039,0.01933489,0.001499498
189,59.74927,0.3075864,1.416e-06,0.1427794,0.01706031,0.06201791,0.0149709,0.01783172,0.01441023,0.01779548,0.01923106,0.001487998
190,60.05686,0.3102477,1.417e-06,0.1425904,0.01971364,0.062249,0.01498223,0.01792106,0.01427623,0.01778281,0.01923414,0.001496831
191,60.3671,0.3106787,1.584e-06,0.1432209,0.01983389,0.06191416,0.0151379,0.01779856,0.01426848,0.01778748,0.01923014,0.001485664
192,60.67778,0.3235985,2.334e-06,0.1575601,0.01852181,0.0618595,0.01506398,0.01774148,0.01433856,0.01772889,0.01929147,0.001490331
193,61.00138,0.3063032,1.5e-06,0.1429434,0.01593714,0.06187508,0.0149874,0.01778189,0.01428265,0.01777564,0.01922972,0.001488748
194,61.30768,0.3063202,1.5e-06,0.1426597,0.01607364,0.06198833,0.01496815,0.01784797,0.0141784,0.01788656,0.01922797,0.001487915
195,61.614,0.3175623,1.917e-06,0.1526634,0.01687698,0.0619805,0.01535123,0.01772889,0.01433631,0.01773447,0.01938889,0.001499748
196,61.93157,0.3173982,2.25e-06,0.152603,0.01642273,0.06235558,0.01530414,0.01775006,0.01434415,0.01772639,0.01929564,0.001594248
197,62.24896,0.3081016,1.667e-06,0.1437003,0.01652706,0.06187266,0.01504948,0.01782039,0.01457556,0.01781164,0.01923606,0.001506748
198,62.55707,0.3124985,1.583e-06,0.1439853,0.02018122,0.06225775,0.01512148,0.01786073,0.01457906,0.01778947,0.01923464,0.001487248
199,62.86956,0.3195943,2.167e-06,0.1536745,0.01768298,0.06209958,0.01511273,0.01789006,0.0146274,0.01772881,0.01928114,0.001494914
200,63.18916,0.3290714,2.25e-06,0.1608817,0.01938056,0.06224725,0.01526331,0.01804056,0.01436473,0.01808622,0.01931631,0.001488498
201,63.51823,0.3096184,1.667e-06,0.1450552,0.01636889,0.062261,0.01533715,0.01773697,0.01427881,0.01779364,0.01929997,0.001485081
202,63.82785,0.321459,2.334e-06,0.154384,0.01890756,0.062177,0.01501956,0.01779256,0.01436406,0.01802547,0.01929981,0.001486581
203,64.14931,0.3190829,2.083e-06,0.1532323,0.01757573,0.06226583,0.01506381,0.01782122,0.01458598,0.01780647,0.01923889,0.001490582
204,64.46839,0.3212827,1.75e-06,0.1547086,0.01823622,0.06213475,0.01510556,0.01775889,0.01461915,0.01775431,0.01947881,0.001484665
205,64.78967,0.307625,1.417e-06,0.143173,0.01618106,0.06215033,0.01501373,0.01788506,0.01458248,0.01791306,0.01923589,0.001488915
206,65.0973,0.3300271,2.917e-06,0.1645913,0.01711631,0.06225541,0.01499906,0.01785564,0.01430965,0.01807364,0.01932847,0.001494748
207,65.42733,0.3263372,2.5e-06,0.159079,0.01967814,0.06180366,0.01509031,0.01773306,0.01434298,0.01772864,0.01930147,0.001577415
208,65.75366,0.3117453,1.833e-06,0.1440809,0.01947272,0.06191333,0.01534598,0.01785506,0.01456456,0.01778456,0.01923014,0.001496248
209,66.06541,0.3094067,1.5e-06,0.1438425,0.01727256,0.0622645,0.01512273,0.01775648,0.0145764,0.01779289,0.01928981,0.001487332
210,66.37481,0.3101852,1.584e-06,0.1442181,0.01883122,0.06152333,0.01503373,0.01778581,0.01427623,0.01778814,0.01923856,0.001488498
211,66.685,0.3232141,2.167e-06,0.158083,0.01737056,0.06198675,0.01506598,0.01773598,0.01434006,0.01773264,0.01939947,0.001497498
212,67.00821,0.3137959,1.416e-06,0.1482808,0.01695298,0.06227408,0.01504948,0.01782673,0.01471298,0.01785656,0.01934706,0.001493831
213,67.32201,0.3253235,2.25e-06,0.1588638,0.01825331,0.06206016,0.01528639,0.01772848,0.01450598,0.01772623,0.01930864,0.001588331
214,67.64733,0.3122371,1.584e-06,0.1438755,0.01912731,0.06312624,0.01510723,0.01803947,0.0142964,0.01777614,0.01930447,0.001582831
215,67.95957,0.333461,2.75e-06,0.1665838,0.01877956,0.06231483,0.01508106,0.01779689,0.0142739,0.01778831,0.01923606,0.001603915
216,68.29303,0.3238654,2.584e-06,0.1585929,0.01681248,0.06218641,0.01532048,0.01775948,0.01439331,0.01800847,0.01930039,0.001488832
217,68.6169,0.3155151,1.917e-06,0.1485402,0.01960247,0.06152675,0.0150284,0.01773189,0.0143389,0.01787022,0.01938389,0.001490415
218,68.93241,0.328152,2.5e-06,0.1604738,0.01942964,0.06214366,0.01506348,0.01782914,0.01456706,0.01781039,0.01933939,0.001492915
219,69.26056,0.3250258,2.583e-06,0.1594619,0.01788406,0.06182441,0.0150464,0.01773631,0.01435031,0.01777373,0.01935697,0.001589164
220,69.58559,0.3090967,1.5e-06,0.144011,0.01678023,0.06235208,0.01504906,0.01780697,0.01458398,0.01778031,0.01924331,0.001488332
221,69.89469,0.3117731,1.5e-06,0.143754,0.01927339,0.062639,0.0150954,0.01802681,0.01436973,0.01772406,0.01930289,0.001586331
222,70.20646,0.313674,1.584e-06,0.1485612,0.01672639,0.06212875,0.01515664,0.01787689,0.01461056,0.01774273,0.01929614,0.001573081
223,70.52013,0.321943,1.833e-06,0.1545564,0.01940656,0.06188075,0.01526381,0.01794506,0.01426673,0.01772814,0.01939889,0.001494831
224,70.84208,0.3111391,1.666e-06,0.1431901,0.01962947,0.06235475,0.01506523,0.01807973,0.0143109,0.01777614,0.01924422,0.001486914
225,71.15322,0.3120727,1.5e-06,0.143964,0.01976722,0.0621975,0.0151004,0.01804106,0.01437323,0.01771714,0.01942306,0.001487581
226,71.46529,0.3089553,1.584e-06,0.1438271,0.01751223,0.06182266,0.01505173,0.01773831,0.01430398,0.01790931,0.01923672,0.001551664
227,71.77424,0.3327123,2.667e-06,0.1663631,0.01846056,0.06188308,0.01506206,0.01784081,0.01456223,0.01781606,0.01922906,0.001492664
228,72.10696,0.326051,2.333e-06,0.1598373,0.01790614,0.06208516,0.01514415,0.01779764,0.01436198,0.01803447,0.01929631,0.001585581
229,72.43301,0.3098789,1.5e-06,0.1437432,0.01894314,0.06159883,0.01500731,0.01778939,0.0142844,0.01778023,0.01923647,0.001494414
230,72.74289,0.3120203,1.333e-06,0.1446297,0.01898881,0.06244316,0.01506415,0.01810097,0.01428398,0.01779664,0.01923964,0.001471915
231,73.05491,0.3281597,2.583e-06,0.162235,0.01768556,0.06202425,0.01505173,0.01774864,0.0146474,0.01774973,0.01950931,0.001505498
232,73.38307,0.3093812,1.417e-06,0.1435882,0.01837797,0.06153516,0.0150674,0.01782281,0.01427798,0.01792323,0.01929014,0.001496914
233,73.69245,0.330365,2.667e-06,0.1635672,0.01905972,0.06203275,0.0149964,0.01779006,0.01430373,0.01779572,0.01932497,0.001491832
234,74.02281,0.3220091,2.083e-06,0.154782,0.01873606,0.06213991,0.01508765,0.01778981,0.01494923,0.01772781,0.01929556,0.001498915
235,74.34482,0.3216791,1.917e-06,0.1535614,0.02018489,0.06196416,0.01505873,0.01810139,0.01430006,0.01772981,0.01929289,0.001483914
236,74.6665,0.3113255,1.667e-06,0.1439439,0.01970214,0.06193383,0.01505923,0.01773856,0.01435431,0.01772656,0.01936706,0.001498248
237,74.97783,0.3121251,1.416e-06,0.1443565,0.02002005,0.06189941,0.01498631,0.01779339,0.01441823,0.01778489,0.01928406,0.001580748
238,75.28995,0.3091712,1.666e-06,0.1435102,0.01832097,0.06175541,0.01500231,0.01780289,0.01427115,0.01779164,0.01922997,0.001484914
239,75.59912,0.3317011,2.917e-06,0.1656054,0.01848931,0.06186783,0.01500523,0.01792014,0.01429006,0.01773581,0.01928956,0.001494914
240,75.93082,0.3269862,2.25e-06,0.1599357,0.01940897,0.06192791,0.01504348,0.01772939,0.01427698,0.01778656,0.01938947,0.001485498
241,76.25781,0.3142745,1.5e-06,0.1484368,0.01850072,0.06159258,0.01505281,0.01772314,0.01436331,0.01771722,0.01939464,0.001491748
242,76.57208,0.3197776,2.084e-06,0.1534189,0.01803931,0.06225466,0.01504181,0.01784822,0.01434765,0.01800648,0.01932706,0.001491415
243,76.89186,0.3138494,1.583e-06,0.1445523,0.02028155,0.06260866,0.01534123,0.01779572,0.0143684,0.01801497,0.01939514,0.001489831
244,77.20571,0.3099565,1.5e-06,0.144031,0.01809056,0.0622175,0.01498831,0.01778306,0.0142919,0.01782047,0.01923814,0.001493998
245,77.51567,0.3126792,1.583e-06,0.1448106,0.01956122,0.06215091,0.01504881,0.01811323,0.0143794,0.01778381,0.01932706,0.001502582
246,77.82835,0.3227188,2e-06,0.1543377,0.01985181,0.06236725,0.01509165,0.01778398,0.0146169,0.01775514,0.01928247,0.001629914
247,78.15107,0.3146391,1.583e-06,0.1481034,0.01840847,0.06188641,0.01510239,0.01803406,0.01430448,0.01791606,0.01938881,0.001493415
248,78.4657,0.3278888,2.167e-06,0.1593306,0.01982664,0.06226958,0.01529806,0.01801489,0.01432473,0.01807406,0.01924906,0.001498998
249,78.79359,0.3234243,2.5e-06,0.1582744,0.01768073,0.06178408,0.0150529,0.01773564,0.0143379,0.01772756,0.01933397,0.001494581
250,79.11702,0.3088072,1.5e-06,0.1437114,0.01691148,0.06214483,0.01508006,0.01784064,0.0145789,0.01780681,0.01923331,0.001498331
251,79.42582,0.3129343,1.834e-06,0.1465454,0.01803798,0.062226,0.01508856,0.01778564,0.01457656,0.01778664,0.01923264,0.001653081
252,79.73876,0.3078767,1.333e-06,0.1434951,0.01675131,0.06201625,0.01501389,0.01779173,0.01428223,0.01778972,0.01923331,0.001501748
253,80.04664,0.3159112,1.749e-06,0.1472375,0.02053864,0.06201416,0.01509223,0.01778498,0.01456248,0.01779848,0.01937956,0.001501415
254,80.36255,0.3100879,1.583e-06,0.142993,0.01869581,0.06225866,0.01518531,0.01779439,0.01457556,0.01780873,0.01923431,0.001540581
255,80.67263,0.3100154,1.5e-06,0.1429326,0.01932214,0.06213975,0.01503065,0.01779206,0.01429248,0.01778347,0.01922597,0.001494748
256,80.98265,0.3093046,2e-06,0.1432538,0.01810314,0.06184683,0.01512773,0.01778973,0.01461615,0.01778531,0.01929122,0.001488665
257,81.29195,0.3153761,1.417e-06,0.1470304,0.02091847,0.06152108,0.01508156,0.01772339,0.01437223,0.01772573,0.01951206,0.001489831
258,81.60733,0.327449,2.416e-06,0.157968,0.02060655,0.06246525,0.01529865,0.01785264,0.01433248,0.01807406,0.01935789,0.001491081
259,81.93478,0.3151961,1.667e-06,0.1529025,0.01492148,0.06168158,0.01505781,0.01773314,0.0143844,0.01772814,0.01929906,0.001486331
260,82.24998,0.3262484,3e-06,0.1618058,0.01667339,0.06208625,0.01498215,0.01779764,0.01428756,0.01778906,0.01923789,0.001585665
261,82.57622,0.3079568,1.667e-06,0.1431661,0.01723464,0.06197041,0.0149984,0.01778739,0.0142879,0.01778848,0.01923406,0.001487748
262,82.88418,0.3088587,1.334e-06,0.1427145,0.01828964,0.062255,0.01498773,0.01779331,0.0142879,0.01776839,0.01927772,0.001483164
263,83.19304,0.3084914,1.5e-06,0.1423588,0.01890822,0.06149383,0.01505981,0.01774072,0.01435556,0.01778814,0.01928864,0.001496165
264,83.50153,0.3122826,1.583e-06,0.1459149,0.01781664,0.06228008,0.01523398,0.01775547,0.01459423,0.01779098,0.01929656,0.001598248
265,83.81381,0.3192918,1.834e-06,0.1524223,0.01877222,0.06203675,0.01511598,0.01778997,0.01461273,0.01774664,0.01930056,0.001492831
266,84.13311,0.3172082,2.583e-06,0.1518235,0.01722306,0.06192758,0.01492965,0.01807223,0.01444056,0.01790598,0.01940872,0.001474414
267,84.45031,0.3226204,2.083e-06,0.1539033,0.02021314,0.06245183,0.0151034,0.01776356,0.0146609,0.01772781,0.01929614,0.001498248
268,84.77293,0.3091092,1.75e-06,0.1426447,0.01918314,0.0616935,0.01499123,0.01779148,0.01427565,0.01779131,0.01923556,0.001500915
269,85.08204,0.3093407,1.417e-06,0.1424884,0.01951222,0.06173216,0.01502798,0.01779506,0.01427531,0.01778806,0.01923389,0.001486248
270,85.39138,0.3111919,1.584e-06,0.1429615,0.01983906,0.06212266,0.01498265,0.01789972,0.01427381,0.01827306,0.01924764,0.001590248
271,85.70258,0.326135,1.3083e-05,0.1582024,0.01966339,0.06184116,0.01534665,0.01777331,0.0143844,0.01802147,0.01928897,0.001600165
272,86.02871,0.308838,1.417e-06,0.1421626,0.01847506,0.0620835,0.01510106,0.01784598,0.01463148,0.01781256,0.01923331,0.001490998
273,86.33755,0.325349,2.25e-06,0.1576692,0.01957189,0.06183683,0.01506515,0.01778806,0.01465706,0.01786764,0.01930447,0.001586415
274,86.6629,0.3079081,1.583e-06,0.1421992,0.01813739,0.06184158,0.01498806,0.01792648,0.01429173,0.01779056,0.01923614,0.001495331
275,86.97081,0.3132218,1.416e-06,0.1474212,0.01692956,0.06186958,0.01518165,0.01773656,0.01427606,0.01891481,0.01940289,0.001488081
276,87.28403,0.3089049,1.75e-06,0.1427483,0.01896647,0.0615185,0.0150659,0.01773148,0.01428081,0.01779347,0.01923014,0.001568081
277,87.59293,0.3100317,1.5e-06,0.1430891,0.01936531,0.06191483,0.0149959,0.01780148,0.01428498,0.01779264,0.01923214,0.001553832
278,87.90296,0.3109922,1.667e-06,0.146404,0.01645948,0.06217141,0.01501065,0.01785856,0.01455448,0.01780647,0.01924189,0.001483664
279,88.21396,0.3250278,2.5e-06,0.157748,0.01922722,0.06205925,0.01500998,0.01779672,0.01464173,0.01774806,0.01929689,0.001497414
280,88.53898,0.3063293,1.583e-06,0.1425867,0.01636039,0.06179383,0.01499773,0.01780489,0.01428431,0.01778864,0.01922856,0.001482665
281,88.84531,0.3087644,1.667e-06,0.1424765,0.01901914,0.06154466,0.01499165,0.01779539,0.01435256,0.01786048,0.01923631,0.001486081
282,89.15408,0.3086624,1.333e-06,0.1425934,0.01834456,0.06188266,0.01505764,0.01787164,0.01429123,0.01783948,0.01923381,0.001546664
283,89.46274,0.3089503,2e-06,0.1424625,0.01889047,0.06200291,0.0150059,0.01777831,0.01430106,0.01778714,0.01922597,0.001494082
284,89.77169,0.3109944,1.583e-06,0.1428067,0.01998555,0.06220116,0.01506398,0.01808948,0.0143209,0.01778947,0.01923947,0.001496081
285,90.08269,0.3181443,2.416e-06,0.1526048,0.01801389,0.06173808,0.01507289,0.01773756,0.01434565,0.01772789,0.01941356,0.001487581
286,90.40083,0.3120339,1.833e-06,0.146332,0.01808072,0.06169883,0.0150684,0.01772831,0.01434456,0.01785539,0.01932906,0.001594831
287,90.71286,0.3096264,1.584e-06,0.1429376,0.01899364,0.06183858,0.01513181,0.01774223,0.01442131,0.01779873,0.01929247,0.001468415
288,91.02249,0.3101924,1.416e-06,0.1427083,0.02002639,0.06159966,0.01500573,0.01791964,0.01429598,0.01785881,0.01922764,0.001548831
289,91.33268,0.3307594,2.5e-06,0.1585759,0.01950972,0.06695807,0.01501481,0.01780531,0.01429398,0.01779556,0.01932764,0.001475914
290,91.66344,0.3091482,1.75e-06,0.1427857,0.01796789,0.06206391,0.01502265,0.01785081,0.0146039,0.01787714,0.01947664,0.001497831
291,91.97259,0.3311923,2.833e-06,0.1598058,0.01823422,0.06198208,0.01546673,0.01988614,0.01616398,0.01885897,0.01929456,0.001496998
292,92.30378,0.3184189,2.333e-06,0.1525091,0.01782056,0.06207091,0.01503515,0.01787156,0.01459998,0.01778223,0.01923714,0.001489915
293,92.6222,0.3253055,2.666e-06,0.1595234,0.01687764,0.06230741,0.01533423,0.01795406,0.01438831,0.01803414,0.01938406,0.001499498
294,92.94751,0.3146301,1.667e-06,0.146929,0.01916297,0.06238583,0.01511181,0.01776389,0.01466656,0.01771972,0.01939881,0.001489831
295,93.26214,0.324304,2.5e-06,0.1585738,0.01816356,0.06193558,0.01500615,0.01780714,0.01428173,0.01772956,0.01929731,0.001506747
296,93.58644,0.3073202,1.5e-06,0.1423273,0.01693464,0.0620325,0.01507065,0.01782439,0.01460581,0.01779173,0.01924172,0.001489998
297,93.89376,0.3108077,1.333e-06,0.1431883,0.01856214,0.06287716,0.01511756,0.01779189,0.01458056,0.01781006,0.01930731,0.001571415
298,94.20457,0.3078486,1.416e-06,0.1426541,0.01727581,0.06223458,0.01500781,0.01779156,0.0142919,0.01785739,0.01924339,0.001490581
299,94.51242,0.3102079,1.5e-06,0.1427576,0.01929197,0.06200425,0.01511289,0.01786264,0.01457098,0.01780148,0.01931939,0.001485165
300,94.82263,0.3114368,1.583e-06,0.1432486,0.01964806,0.06212425,0.01524273,0.01779339,0.01466731,0.01781797,0.01924397,0.001648914
301,95.13406,0.3082838,1.416e-06,0.1428469,0.01798372,0.0618135,0.01501331,0.01780123,0.01429573,0.01779231,0.01922906,0.001506665
302,95.44235,0.3088106,1.584e-06,0.1429011,0.01796614,0.06191025,0.01504256,0.01785614,0.01460881,0.01780731,0.01923731,0.001479415
303,95.75116,0.3087412,1.584e-06,0.1426231,0.01891139,0.06154883,0.01501723,0.01777839,0.01431115,0.01777423,0.01928072,0.001494581
304,96.0599,0.3213825,2.083e-06,0.1529117,0.01946231,0.06269725,0.01518564,0.01784522,0.01462106,0.01787697,0.01929756,0.001482748
305,96.38128,0.3059236,1.667e-06,0.1423909,0.01622148,0.06156466,0.01500798,0.01792114,0.01429306,0.01778939,0.01923839,0.001494914
306,96.6872,0.3105376,1.833e-06,0.1429976,0.01935097,0.06190233,0.01526673,0.01776439,0.01467231,0.01779514,0.01929356,0.001492748
307,96.99774,0.3105844,1.75e-06,0.1425741,0.02041089,0.06166541,0.0152719,0.01780314,0.01428648,0.01778048,0.01930247,0.001487832
308,97.30833,0.3239028,2.5e-06,0.156473,0.01997464,0.06186083,0.0149969,0.01779523,0.01427615,0.01773081,0.01929622,0.001496498
309,97.63223,0.3080155,1.583e-06,0.143143,0.01666489,0.0621935,0.01507181,0.01779372,0.01457473,0.01778989,0.01929281,0.001489581
310,97.94024,0.3094928,1.583e-06,0.1422673,0.01984139,0.06181333,0.01498298,0.01780014,0.01427823,0.01778739,0.01923547,0.001484998
311,98.24974,0.3255878,2.833e-06,0.1584792,0.01864514,0.06207041,0.0153759,0.01778481,0.01441231,0.01802748,0.01930447,0.001485248
312,98.57532,0.307039,1.5e-06,0.1431567,0.01622273,0.06209141,0.01499415,0.01778647,0.0142754,0.01779514,0.01923222,0.001483247
313,98.88236,0.3095987,1.417e-06,0.1430131,0.01912514,0.06178658,0.01505831,0.01778731,0.01430631,0.01778781,0.01923464,0.001498165
314,99.19196,0.3139271,1.917e-06,0.1463769,0.01898364,0.06223708,0.01505923,0.01781764,0.01473731,0.01783614,0.01932122,0.001556081
315,99.50589,0.3117511,1.5e-06,0.1432056,0.0205228,0.06195908,0.0150164,0.01803856,0.01437373,0.01779164,0.01923939,0.001602331
316,99.81764,0.3122987,1.584e-06,0.146728,0.01682256,0.06236833,0.01525456,0.01784748,0.01458665,0.01780473,0.01931506,0.001569747
317,100.1299,0.3190823,2.084e-06,0.1519521,0.01883664,0.062268,0.01507631,0.01778206,0.01463915,0.01773148,0.01929547,0.001498998
318,100.449,0.320633,1.916e-06,0.1532476,0.01898756,0.06232508,0.01508065,0.01781997,0.01456373,0.01778531,0.01932131,0.001499831
319,100.7697,0.3088895,1.583e-06,0.1426867,0.01843206,0.06218,0.01499931,0.01779972,0.01426981,0.01778748,0.01923514,0.001497665
320,101.0785,0.3080437,1.583e-06,0.142759,0.01766389,0.06203241,0.01499781,0.01780131,0.01427123,0.01778897,0.01923106,0.001496414
321,101.3866,0.3108597,1.583e-06,0.1434427,0.01969239,0.06215291,0.01498281,0.01779831,0.01427115,0.01778289,0.01923514,0.001499832
322,101.6974,0.3088666,1.666e-06,0.1421695,0.01882856,0.06190925,0.01505715,0.01773739,0.01427573,0.01778523,0.01961372,0.001488415
323,102.0063,0.326354,2.166e-06,0.1599661,0.01792181,0.06224875,0.01500365,0.01785947,0.01457565,0.01781456,0.01936731,0.001594498
324,102.3327,0.3066608,1.417e-06,0.1418377,0.01718081,0.061836,0.0149934,0.01779414,0.01427848,0.01789314,0.01935822,0.001487498
325,102.6393,0.3102001,1.583e-06,0.1449699,0.01769597,0.06152208,0.01505231,0.01773514,0.01464123,0.01778556,0.01930747,0.001488914
326,102.9495,0.3102816,1.583e-06,0.145148,0.01755406,0.06183225,0.01505165,0.01784631,0.01428356,0.01778698,0.01930231,0.001474915
327,103.2598,0.3266693,2.334e-06,0.1617644,0.01761431,0.06164325,0.01497331,0.01779548,0.01427031,0.01779564,0.01923239,0.001577832
328,103.5865,0.3287641,2.333e-06,0.1613192,0.02002664,0.06168541,0.01502939,0.01773623,0.01433748,0.01772939,0.01939114,0.001506915
329,103.9152,0.3117554,1.416e-06,0.1455151,0.01912047,0.06157933,0.01497523,0.01779498,0.0142664,0.01778739,0.01923464,0.001480415
330,104.227,0.3222461,2.333e-06,0.1597041,0.01535048,0.061418,0.01504948,0.01774573,0.01434573,0.01784256,0.01930231,0.001485414
331,104.5492,0.3215253,2.25e-06,0.1548912,0.01900731,0.06195383,0.01498981,0.01778881,0.01427156,0.01779131,0.01933914,0.001490081
332,104.8708,0.3119606,1.416e-06,0.1447182,0.02001939,0.06161716,0.01504648,0.01772473,0.01433481,0.01771939,0.01930672,0.001472248
333,105.1827,0.32862,2.417e-06,0.1606787,0.01965014,0.0622285,0.01501581,0.01785556,0.01455773,0.01779247,0.01934189,0.001496832
334,105.5114,0.3113889,1.5e-06,0.145733,0.01847889,0.06145741,0.01506156,0.01772606,0.0142789,0.01778597,0.01923631,0.001629331
335,105.8227,0.3183601,2.083e-06,0.1543182,0.01616331,0.06194008,0.01504965,0.01772406,0.01434565,0.01803473,0.01929622,0.001486081
336,106.1411,0.3263287,2.333e-06,0.1606462,0.01737406,0.06205108,0.01504115,0.01782064,0.01458581,0.01792939,0.01928647,0.001591581
337,106.4674,0.311749,1.5e-06,0.1453645,0.01829147,0.06192925,0.01500156,0.01785631,0.01470481,0.01778098,0.01922914,0.001589498
338,106.7792,0.3270044,2.334e-06,0.161219,0.01781498,0.06213283,0.01527989,0.01778556,0.01428115,0.01771539,0.01930072,0.001472498
339,107.1062,0.3125496,1.584e-06,0.145635,0.01838406,0.06230075,0.01510965,0.01777289,0.01464715,0.01780231,0.01929756,0.001598747
340,107.4187,0.328661,2.417e-06,0.1612121,0.01952031,0.06198283,0.01525714,0.01781506,0.01427748,0.01779406,0.01932931,0.001470248
341,107.7474,0.3135327,1.5e-06,0.1454927,0.01977639,0.06215066,0.01510715,0.01776447,0.01461756,0.01783964,0.01928997,0.001492665
342,108.0609,0.3260856,2.583e-06,0.159304,0.01919039,0.06153708,0.01499256,0.01779731,0.01429773,0.01802206,0.01935331,0.001588581
343,108.387,0.3144678,1.667e-06,0.1492708,0.01749797,0.06179516,0.01506531,0.01773523,0.01442648,0.01778981,0.01923197,0.001653414
344,108.7015,0.326719,2.333e-06,0.1622799,0.01608973,0.06234083,0.01506073,0.01782381,0.01459731,0.01778206,0.01924181,0.001500498
345,109.0282,0.3116528,1.417e-06,0.1455172,0.01855456,0.06180708,0.01504848,0.01773372,0.01430015,0.01779564,0.01929639,0.001598164
346,109.3399,0.3242775,2.167e-06,0.1554937,0.0208088,0.061876,0.01506698,0.01786006,0.01463356,0.01774872,0.01930006,0.001487498
347,109.6641,0.3118317,1.417e-06,0.1453066,0.01853281,0.06187258,0.01508265,0.01781831,0.01460215,0.01777373,0.01923964,0.001601831
348,109.976,0.3126087,1.666e-06,0.1457077,0.01928706,0.06159758,0.01499565,0.01779181,0.01429573,0.01810414,0.01923889,0.001588498
349,110.2886,0.3220499,2.333e-06,0.1551577,0.01900181,0.0618285,0.01511831,0.01779056,0.01460348,0.01775939,0.01929047,0.001497331
350,110.6106,0.3130549,1.666e-06,0.145406,0.01943122,0.06188183,0.01510964,0.01776006,0.0145889,0.01780114,0.01958481,0.001489581
351,110.9237,0.3133346,1.583e-06,0.146008,0.01863031,0.06217966,0.0151124,0.01776481,0.01486423,0.01788073,0.01939072,0.001502164
352,111.237,0.3122031,1.5e-06,0.1452955,0.01893964,0.06172266,0.0150409,0.01784164,0.01472298,0.01780248,0.01923422,0.001601581
353,111.5492,0.3100006,1.333e-06,0.1449793,0.01762381,0.06168325,0.01499773,0.01791422,0.01430523,0.01778031,0.01924614,0.001469332
354,111.8592,0.3129481,1.584e-06,0.1460003,0.01848439,0.06222008,0.01518939,0.01784039,0.01457998,0.01780164,0.01932964,0.001500664
355,112.1722,0.3124488,1.5e-06,0.1450485,0.01882414,0.06208125,0.01503423,0.01784514,0.01490823,0.01787364,0.01923356,0.001598665
356,112.4846,0.3181881,1.417e-06,0.1461982,0.01886672,0.06184808,0.01505939,0.02068247,0.01617764,0.01854214,0.01931722,0.001494831
357,112.8028,0.3202758,1.834e-06,0.1554063,0.01638639,0.0622285,0.01509015,0.01778731,0.0146369,0.01772906,0.01951364,0.001495748
358,113.1231,0.3160116,1.416e-06,0.14879,0.01953497,0.06171416,0.01509773,0.01783273,0.01433998,0.01772248,0.01945589,0.001522247
359,113.4391,0.3282805,3e-06,0.1618049,0.01918247,0.0614445,0.0150704,0.01774264,0.01435081,0.01777423,0.01935939,0.001548081
360,113.7674,0.3206021,2e-06,0.1527915,0.01918364,0.06211133,0.01508065,0.01778089,0.01484681,0.01796689,0.01935314,0.001485164
361,114.088,0.3130686,1.833e-06,0.1452139,0.02039747,0.06160433,0.0150449,0.01772697,0.01446381,0.01772397,0.01940264,0.001488748
362,114.401,0.3093946,1.417e-06,0.1433454,0.01828156,0.06191833,0.01509531,0.01784806,0.0142889,0.01779231,0.01933389,0.001489498
363,114.7104,0.3254276,2.75e-06,0.15909,0.01836164,0.06196883,0.0150384,0.01784589,0.01430923,0.01802398,0.01930047,0.001486415
364,115.0359,0.309168,1.583e-06,0.1422525,0.01871531,0.06254233,0.01500565,0.01779722,0.01428106,0.01783939,0.01923064,0.001502331
365,115.345,0.3100621,1.583e-06,0.1424498,0.02033397,0.06159691,0.01506473,0.01773564,0.01430148,0.01779156,0.01922756,0.001558832
366,115.6551,0.3089016,1.667e-06,0.1432462,0.01836722,0.06169808,0.01500106,0.01779839,0.0142774,0.01777798,0.01923231,0.001501248
367,115.964,0.3083799,1.5e-06,0.1424106,0.01810564,0.06216058,0.01509831,0.01781006,0.01428423,0.01778672,0.01923364,0.001488665
368,116.2724,0.3104764,1.5e-06,0.1421449,0.02088114,0.06185175,0.01500615,0.01779748,0.01430606,0.01776698,0.01923464,0.001485832
369,116.5828,0.3235657,2.416e-06,0.1597687,0.01612606,0.0617975,0.01505273,0.01772914,0.0143459,0.01775073,0.01950564,0.001486915
370,116.9064,0.3105761,1.916e-06,0.1425811,0.02029789,0.06194975,0.01500548,0.01779597,0.01428181,0.01779773,0.01936256,0.001501831
371,117.217,0.3154813,1.75e-06,0.1467947,0.02029055,0.06215033,0.01507323,0.01778964,0.01464998,0.01785423,0.01938997,0.001486915
372,117.5325,0.3214856,2.25e-06,0.1525198,0.02059797,0.06240233,0.01502715,0.01810048,0.0142999,0.01772989,0.01930622,0.001499665
373,117.854,0.3098444,1.584e-06,0.1425739,0.01966747,0.06189566,0.01504773,0.01779339,0.01427523,0.01777897,0.01931756,0.001492914
374,118.1638,0.307799,1.416e-06,0.1428301,0.01750256,0.06180258,0.01500864,0.01778272,0.0142959,0.01777814,0.01924222,0.001554748
375,118.4716,0.3088719,1.583e-06,0.1432115,0.01842689,0.06164891,0.01499481,0.01780331,0.01427306,0.01778756,0.01923564,0.001488665
376,118.7805,0.3091132,1.833e-06,0.1427649,0.01896472,0.06168841,0.01499981,0.01778131,0.0142814,0.01778056,0.01937472,0.001475498
377,119.0896,0.3248786,2.417e-06,0.1574206,0.01942439,0.06193475,0.01506548,0.01779339,0.01465673,0.01773214,0.01936281,0.001485915
378,119.4145,0.3092284,1.833e-06,0.1444927,0.01740539,0.06175658,0.01498906,0.01778531,0.01427806,0.01778556,0.01924014,0.001493748
379,119.7237,0.3094978,1.667e-06,0.1424355,0.01918239,0.06229875,0.0149959,0.01778964,0.01428981,0.01777673,0.01924089,0.001486581
380,120.0332,0.3097616,1.417e-06,0.1424096,0.01977505,0.06194558,0.01504715,0.01773148,0.01429356,0.01778498,0.01929314,0.001479665
381,120.3429,0.323224,2.333e-06,0.1575265,0.01840614,0.06155958,0.01499231,0.01779964,0.01440565,0.01773331,0.01929989,0.001498664
382,120.6662,0.3078114,1.833e-06,0.142262,0.01674481,0.06232691,0.01501023,0.01797439,0.01431598,0.01807381,0.01955589,0.001545582
383,120.974,0.322002,2.167e-06,0.1524146,0.02101947,0.06258258,0.0150344,0.01780422,0.01460023,0.01774164,0.01929897,0.001503664
384,121.296,0.310494,1.416e-06,0.1430436,0.01927214,0.06214966,0.01510306,0.01779081,0.01454423,0.01779731,0.01922964,0.001562081
385,121.6065,0.3103326,1.333e-06,0.1431535,0.01934022,0.06212133,0.0149879,0.01779756,0.01428731,0.01778473,0.01936731,0.001491415
386,121.9168,0.3060624,1.666e-06,0.1425445,0.01572273,0.0619025,0.0150229,0.01808589,0.01428131,0.01777198,0.01924372,0.001485248
387,122.2229,0.3236255,2.5e-06,0.158013,0.01733898,0.06200075,0.01531606,0.01776114,0.01439956,0.01801973,0.01928397,0.001489831
388,122.5465,0.3090185,1.5e-06,0.1417026,0.01899872,0.06233633,0.0150564,0.01784431,0.01455773,0.01780256,0.01923139,0.001486914
389,122.8555,0.3094372,1.75e-06,0.1428237,0.01914122,0.06182008,0.01505581,0.01773023,0.01427965,0.01779156,0.01923264,0.001560581
390,123.165,0.3212728,2.334e-06,0.1576769,0.01592023,0.06191575,0.01504265,0.01772989,0.01446956,0.01772989,0.01928506,0.001500498
391,123.4862,0.3208283,2.167e-06,0.1531477,0.01886439,0.06229016,0.01509106,0.01786214,0.01503973,0.01781256,0.01923031,0.001488081
392,123.8071,0.3099218,1.584e-06,0.1429734,0.01860189,0.06237525,0.01505015,0.01784781,0.0145379,0.01781148,0.01923447,0.001487914
393,124.117,0.3252637,1.667e-06,0.143304,0.01943497,0.06419324,0.01499965,0.01778839,0.01427415,0.02323722,0.02625338,0.001777081
394,124.4422,0.3128586,1.416e-06,0.1469961,0.01769597,0.0620825,0.01501556,0.01784348,0.01457948,0.01792514,0.01923322,0.001485665
395,124.7551,0.3099842,1.5e-06,0.1431539,0.01935431,0.06191808,0.0149894,0.01779439,0.01426773,0.01778664,0.01923664,0.001481665
396,125.0651,0.3300511,2.75e-06,0.1645715,0.01811706,0.06179766,0.01488506,0.01788523,0.01416623,0.01783747,0.01929056,0.001497581
397,125.3951,0.3083386,1.334e-06,0.1425767,0.01752714,0.06224525,0.0150484,0.01781464,0.01458656,0.01779989,0.01924397,0.001494665
398,125.7035,0.3214184,2.333e-06,0.1529773,0.02009322,0.06220625,0.01509648,0.01779773,0.01460781,0.01774331,0.01942097,0.001472998
399,126.0249,0.3078559,1.583e-06,0.1434335,0.01683498,0.06188725,0.0149864,0.01778897,0.01429665,0.01791056,0.01922889,0.001487164
400,126.3328,0.3088093,1.333e-06,0.1427828,0.01832731,0.06192166,0.01498506,0.01779439,0.01440598,0.01778706,0.01930731,0.001496414
401,126.6416,0.3152066,1.5e-06,0.1468759,0.01997539,0.06212358,0.01506631,0.01795956,0.0145729,0.01780173,0.01933322,0.001496581
402,126.9568,0.320715,2.167e-06,0.1529137,0.01953872,0.0622075,0.0150934,0.01779198,0.01466315,0.01771656,0.01929997,0.001487831
403,127.2775,0.3104305,1.5e-06,0.142694,0.02002097,0.06193991,0.01503181,0.01780098,0.01429273,0.01778823,0.01936247,0.001497915
404,127.5879,0.3122699,1.417e-06,0.145324,0.01871447,0.0621745,0.01504615,0.01782089,0.01457765,0.01777748,0.01923431,0.001598997
405,127.9002,0.3137211,1.75e-06,0.1460744,0.02006439,0.06187841,0.01499356,0.01779356,0.0142934,0.01778547,0.01933689,0.001499248
406,128.2139,0.3200603,2.083e-06,0.1544622,0.01783931,0.061882,0.01515223,0.01773381,0.01436065,0.01773131,0.01929422,0.001602497
407,128.534,0.3289594,2.583e-06,0.1625389,0.01806473,0.06221283,0.01503798,0.01785481,0.01459781,0.01781514,0.01932006,0.001514498
408,128.8629,0.3287348,2.5e-06,0.1603038,0.02064422,0.06197666,0.01507198,0.01771856,0.01436773,0.01771672,0.01944489,0.001487748
409,129.1917,0.3130387,1.416e-06,0.1450252,0.01910214,0.06273408,0.01510698,0.01778789,0.01461065,0.01780139,0.01929331,0.001575665
410,129.5047,0.3124669,1.5e-06,0.1454795,0.01900714,0.06185666,0.01513106,0.01779114,0.01461698,0.01778831,0.01923514,0.001559498
411,129.8172,0.3217841,2.416e-06,0.1553424,0.01894364,0.06170808,0.01511998,0.01774064,0.01436165,0.01772198,0.01935647,0.001486914
412,130.1389,0.3147626,1.75e-06,0.1498318,0.01762123,0.06169333,0.01499748,0.01779339,0.0142989,0.01779131,0.01923764,0.001495832
413,130.4537,0.3123313,1.5e-06,0.145293,0.01952406,0.06180133,0.01500198,0.01779347,0.0142864,0.01779198,0.01923839,0.001599248
414,130.766,0.3127462,1.917e-06,0.145515,0.01943164,0.06188958,0.01506415,0.01773697,0.0142994,0.01778473,0.01946272,0.001560165
415,131.0788,0.3293166,2.5e-06,0.161325,0.01977931,0.0619975,0.01504198,0.01781739,0.01471856,0.01775081,0.01938322,0.001500331
416,131.4081,0.3125516,1.25e-06,0.1452459,0.02002355,0.06145191,0.01514081,0.01777339,0.01431215,0.01777689,0.01923764,0.001588081
417,131.7207,0.3252486,2.167e-06,0.1605019,0.01605756,0.062528,0.01515215,0.01780614,0.01437923,0.01803123,0.01929997,0.001490248
418,132.0459,0.3118266,1.667e-06,0.1456512,0.01846514,0.06196125,0.0151299,0.01773639,0.0143109,0.01777664,0.01922731,0.001566165
419,132.3577,0.3111283,1.333e-06,0.145591,0.01746106,0.06198625,0.01510348,0.01779089,0.01463273,0.01777689,0.01929639,0.001488248
420,132.6689,0.327636,2.334e-06,0.1609642,0.01830347,0.0622265,0.01507956,0.01784572,0.01458956,0.01780548,0.01933297,0.001486247
421,132.9965,0.3246764,1.834e-06,0.15596,0.02036439,0.06223366,0.01506115,0.01803206,0.01440456,0.01772239,0.01940297,0.001493331
422,133.3212,0.3216411,2.084e-06,0.154819,0.01910522,0.0615355,0.0154174,0.01789781,0.01433548,0.01779006,0.01923081,0.001507748
423,133.6428,0.3160806,1.667e-06,0.1478754,0.01983631,0.06223275,0.01510048,0.01815731,0.0142749,0.01778364,0.01932422,0.001493915
424,133.9589,0.3234825,2.583e-06,0.1607326,0.01467756,0.06192658,0.01515273,0.01802397,0.01439681,0.01771972,0.01936489,0.001484998
425,134.2824,0.3175417,1.917e-06,0.1522688,0.01657964,0.06288908,0.01505348,0.01779081,0.01433015,0.01788781,0.01927272,0.001467331
426,134.5999,0.3141111,1.5e-06,0.1466724,0.01975364,0.06188208,0.01508573,0.01773331,0.01437215,0.01772747,0.01938897,0.001493831
427,134.914,0.3156599,2.167e-06,0.1527734,0.01557464,0.06141383,0.01502148,0.01772948,0.01454831,0.01772139,0.01939147,0.001483748
428,135.2297,0.3286404,3e-06,0.1626394,0.01817439,0.062077,0.01504765,0.01773331,0.01434806,0.01772856,0.01929156,0.001597414
429,135.5583,0.3259995,2.583e-06,0.1585249,0.01865264,0.06232591,0.01533615,0.01785639,0.01433598,0.01783948,0.01952589,0.001599498
430,135.8843,0.3112235,1.917e-06,0.145253,0.01813031,0.062029,0.01502198,0.01772731,0.01438548,0.01778239,0.01930306,0.001588998
431,136.1956,0.3202129,2.167e-06,0.1526841,0.01900706,0.06238633,0.01491631,0.01777881,0.01467565,0.01775081,0.01951214,0.001499498
432,136.5158,0.3118049,1.417e-06,0.1432225,0.01991697,0.06240675,0.01511481,0.01778498,0.01461581,0.01780764,0.01935497,0.001579081
433,136.8276,0.3077882,1.583e-06,0.142527,0.01817881,0.06157516,0.01486156,0.01779647,0.01433815,0.01777606,0.01923872,0.001494747
434,137.1354,0.3152038,1.583e-06,0.1472672,0.01996839,0.06180133,0.01506756,0.01779389,0.01478981,0.01772414,0.01930372,0.001486165
435,137.4506,0.3080543,1.5e-06,0.1434247,0.01646739,0.06184658,0.01529681,0.01784373,0.0143719,0.01808097,0.01922397,0.001496748
436,137.7586,0.3298864,2.583e-06,0.1634621,0.01857739,0.06207316,0.0150544,0.01773414,0.01435165,0.01772873,0.01939106,0.001511165
437,138.0885,0.3102434,1.834e-06,0.1428223,0.01953547,0.0618745,0.01505939,0.01783781,0.0145814,0.01779647,0.01924772,0.001486498
438,138.3987,0.3101379,1.416e-06,0.1426671,0.01930972,0.06207875,0.01504556,0.01821081,0.01430515,0.01778739,0.01923547,0.001496498
439,138.7089,0.3246408,2.417e-06,0.1589109,0.01713631,0.06223091,0.01530048,0.01779997,0.01435465,0.01809606,0.01931806,0.001490998
440,139.0335,0.3090254,1.667e-06,0.142854,0.01818781,0.06200266,0.01503364,0.01784814,0.01455698,0.01780306,0.01926372,0.001473748
441,139.3425,0.3123005,1.833e-06,0.147974,0.01678681,0.06180616,0.01504448,0.01773514,0.0142754,0.01778614,0.01923214,0.001658414
442,139.6548,0.3170486,2e-06,0.1527009,0.01635889,0.06182066,0.01499323,0.01787672,0.01453623,0.01797047,0.01929056,0.001498998
443,139.9719,0.3190666,2.334e-06,0.1526238,0.01807014,0.06231075,0.01510465,0.01776348,0.01465273,0.01775264,0.01928889,0.001497164
444,140.291,0.3100511,1.666e-06,0.1433459,0.01788139,0.06272366,0.01504573,0.01784414,0.01459573,0.01778556,0.01933831,0.001489082
445,140.601,0.3077138,1.666e-06,0.1429198,0.01726098,0.06194291,0.01499931,0.01778848,0.01429973,0.01778448,0.01923081,0.001485665
446,140.9087,0.3110631,1.5e-06,0.1466601,0.01692223,0.06188966,0.01498573,0.01779406,0.01428206,0.01778622,0.01923622,0.001505248
447,141.2198,0.324654,2.667e-06,0.1583803,0.01812514,0.06185283,0.01533831,0.01775656,0.01439581,0.01802314,0.01929781,0.001481415
448,141.5444,0.3092232,1.834e-06,0.1428008,0.01854506,0.06191383,0.01502915,0.01785472,0.01457948,0.01777814,0.01923322,0.001486914
449,141.8537,0.3071477,1.25e-06,0.1427641,0.01676631,0.06202825,0.01498465,0.01777972,0.01428873,0.01777331,0.01927339,0.001488081
450,142.1608,0.3102003,1.583e-06,0.1422016,0.02084939,0.061566,0.01498865,0.01779356,0.01428365,0.01778156,0.01923906,0.001495331
451,142.471,0.3208381,2.417e-06,0.1526958,0.02001547,0.06197608,0.0151124,0.01775939,0.01464098,0.01774298,0.01940256,0.001489998
452,142.7919,0.3311714,2.75e-06,0.1630941,0.01957672,0.06268074,0.01498348,0.01778039,0.01427106,0.01778739,0.01934172,0.001652998
453,143.123,0.3224133,2.166e-06,0.1539961,0.02040372,0.06201666,0.01509515,0.01775847,0.0146249,0.01772264,0.01929397,0.001499498
454,143.4454,0.3112298,1.417e-06,0.1438559,0.01965914,0.06199533,0.01504456,0.01773256,0.01427648,0.01778098,0.01923322,0.001650248
455,143.7567,0.3115351,1.667e-06,0.1442335,0.01882106,0.061983,0.01513731,0.01775156,0.01489915,0.01781064,0.01929656,0.001600748
456,144.0682,0.3260072,2.667e-06,0.1590358,0.01865522,0.062258,0.01500781,0.01786189,0.0145554,0.01774722,0.01928556,0.001597665
457,144.3942,0.3139513,1.833e-06,0.1480282,0.01778272,0.062199,0.01528139,0.01787064,0.01426948,0.01778773,0.01923539,0.001494914
458,144.7082,0.3314005,3.417e-06,0.1659634,0.01779922,0.06202958,0.01505623,0.01773122,0.01432206,0.01772914,0.01927997,0.001486331
459,145.0396,0.3185101,2e-06,0.1538774,0.01651773,0.06236499,0.01499965,0.01772106,0.0143494,0.01771647,0.01947247,0.001488915
460,145.3581,0.3166726,2.334e-06,0.1525362,0.01586073,0.06192591,0.01527456,0.01794522,0.01451598,0.01788714,0.01923364,0.001490915
461,145.6747,0.3197514,2.167e-06,0.1539329,0.01827698,0.06159475,0.01508506,0.01799831,0.01427848,0.01779331,0.01929256,0.001496914
462,145.9945,0.3070801,1.333e-06,0.1443613,0.01492023,0.062,0.0150194,0.01779931,0.01444756,0.01779839,0.01923364,0.001498915
463,146.3016,0.323193,2.083e-06,0.154986,0.01979289,0.06238458,0.01508156,0.01773106,0.01434006,0.01773189,0.01965731,0.001485581
464,146.6248,0.3131174,1.583e-06,0.1446529,0.01915331,0.062286,0.01560431,0.01780764,0.0143614,0.01838206,0.01932872,0.001539498
465,146.9379,0.3237079,2.416e-06,0.1584518,0.01722689,0.06241125,0.01500681,0.01779139,0.01429798,0.01772539,0.01929806,0.001495914
466,147.2616,0.3123375,1.583e-06,0.1447875,0.01945664,0.06230733,0.01506323,0.01773864,0.0143559,0.01772739,0.01939564,0.001503665
467,147.5739,0.3095064,1.75e-06,0.1447257,0.01711564,0.06198866,0.01500723,0.01779722,0.0142874,0.01785414,0.01924356,0.001485081
468,147.8834,0.329408,2.917e-06,0.1598684,0.02067305,0.06271775,0.01507814,0.01779639,0.0143754,0.01801748,0.01939447,0.001483914
469,148.2128,0.3213654,2.334e-06,0.1539264,0.01922106,0.06220833,0.01504656,0.01784822,0.0146064,0.01778798,0.01923272,0.001485331
470,148.5342,0.3346546,2.5e-06,0.1652834,0.02058672,0.06230766,0.01519623,0.01808673,0.01433265,0.01813439,0.01923997,0.001484414
471,148.8689,0.3218856,2e-06,0.1551719,0.01873797,0.0622175,0.01508498,0.01772823,0.01437006,0.01778031,0.01930039,0.001492331
472,149.1908,0.3104696,1.75e-06,0.1440667,0.01886831,0.06166158,0.01500748,0.01779389,0.01429415,0.01790248,0.01937997,0.001493248
473,149.5012,0.321492,2.084e-06,0.153319,0.0207438,0.06177241,0.01506598,0.01773214,0.01433231,0.01772823,0.01929356,0.001502498
474,149.8227,0.3115264,1.75e-06,0.1444917,0.01885989,0.06203766,0.0150074,0.01784914,0.0145539,0.01786522,0.01929031,0.001569414
475,150.1342,0.3120461,1.334e-06,0.1442886,0.01925347,0.06192991,0.01530539,0.01784522,0.01431615,0.01806306,0.01945897,0.001583998
476,150.4463,0.3214541,2e-06,0.1533075,0.01988381,0.06217908,0.01512381,0.01776506,0.01464731,0.01775231,0.01928747,0.001505831
477,150.7677,0.3116176,1.583e-06,0.1446644,0.01875622,0.06217916,0.01509231,0.01779006,0.01455665,0.01780231,0.01929872,0.001476164
478,151.0794,0.3099014,1.583e-06,0.1436349,0.01799914,0.06262775,0.01502823,0.01778881,0.01431181,0.01778431,0.01923572,0.001489164
479,151.3893,0.3149972,1.667e-06,0.1487372,0.01839172,0.06196,0.01506081,0.01786764,0.01434815,0.01774089,0.01929414,0.001594998
480,151.7043,0.3122926,1.5e-06,0.1449615,0.01890506,0.06223025,0.01523898,0.01778589,0.0146494,0.01772456,0.01930647,0.001488998
481,152.0166,0.3135747,1.75e-06,0.1440055,0.02107172,0.062342,0.01507664,0.01803306,0.01437806,0.01778214,0.01938522,0.001498665
482,152.3301,0.3202131,2e-06,0.1528126,0.01893197,0.06241533,0.01510023,0.01784189,0.01456323,0.01775039,0.01929447,0.001500914
483,152.6503,0.3097061,1.75e-06,0.1442738,0.01724398,0.06212175,0.01511806,0.01775572,0.01460731,0.01779372,0.01930022,0.001489831
484,152.96,0.3123616,1.5e-06,0.1437015,0.02053605,0.06204275,0.01508356,0.01778964,0.01459248,0.01782439,0.01929931,0.001490498
485,153.2724,0.3114087,1.583e-06,0.1436256,0.01899547,0.06222066,0.01512606,0.01778556,0.01458365,0.01828289,0.01931114,0.001476081
486,153.5838,0.3118523,1.667e-06,0.1440548,0.01965022,0.06214716,0.01505998,0.01784189,0.01456781,0.01779972,0.01923772,0.001491331
487,153.8957,0.3224479,2e-06,0.1537562,0.02054897,0.06209741,0.01511598,0.01779814,0.01460898,0.01775414,0.01928447,0.001481581
488,154.2181,0.3101859,1.584e-06,0.144367,0.01735572,0.06202866,0.01506265,0.01782097,0.01459915,0.01810906,0.01933714,0.001503998
489,154.5283,0.3263498,2.417e-06,0.1546471,0.01834323,0.06650149,0.01581231,0.01802981,0.01450923,0.01772223,0.01929781,0.001484165
490,154.8547,0.3138242,1.583e-06,0.1444571,0.02073105,0.06223916,0.01534973,0.01793539,0.01434873,0.01772681,0.01933731,0.001697331
491,155.1685,0.3249245,2.5e-06,0.1535497,0.02105114,0.06210516,0.01516556,0.01782673,0.0145809,0.01773364,0.02140914,0.001500082
492,155.4934,0.311828,1.583e-06,0.1452855,0.01939539,0.06148758,0.0150634,0.01773289,0.01427823,0.01779989,0.01928814,0.001495414
493,155.8052,0.3224782,2.166e-06,0.1550923,0.01960847,0.06182716,0.01504548,0.01780206,0.01459148,0.01773156,0.01929006,0.001487498
494,156.1277,0.3147473,2.084e-06,0.1490457,0.01830423,0.06163058,0.01506006,0.01772589,0.01429131,0.01779722,0.01929464,0.001595581
495,156.4425,0.3098388,1.5e-06,0.1444341,0.01752664,0.06223183,0.01507106,0.01772948,0.01428756,0.01778706,0.01922614,0.001543414
496,156.7523,0.3096217,1.5e-06,0.1438808,0.01834331,0.06182716,0.01497965,0.01779773,0.0142894,0.01777831,0.01923756,0.001486331
497,157.0619,0.3118744,1.417e-06,0.1440116,0.01954631,0.06184191,0.01505914,0.01813956,0.01430456,0.01807656,0.01930589,0.001587414
498,157.3738,0.3133141,1.584e-06,0.1447552,0.02084039,0.062046,0.0149769,0.01778373,0.01429065,0.01779214,0.01933172,0.001495748
499,157.6871,0,0,0,0,0,0,0,0,0,0,0

Averages:
0.3153742,1.934654e-06,0.1488901,0.01855935,0.06200908,0.01505273,0.01781876,0.01441822,0.01780863,0.01928822,0.001527161
