OpenCV version: 2.4
Usage: 7-SobelDerivatives <input-number> [<samples>]
input-number - is the video device number. Defaults to zero. E.g. for /dev/video2 just use '2' as argument.
samples - number of samples before application ends. Defaults to 1000; zero means infinite.
sample_number,elapsed_time,frame,mat_alloc,read_img,gpumat_alloc,gpu_frame_upload,convert_color,gaussian_blur,sobel,convert_scale,sobel2,convert_scale2,add_weighted,gpu_frame_download,show_img
0,0,0.6564975,4.417e-06,0.3615361,1e-06,0.0295988,0.07407325,0.03964462,0.02750289,0.01089416,0.05495544,0.01215265,0.007126992,0.01799165,0.02101556
1,0.6564975,0.6060585,1.333e-06,0.4090698,9.17e-07,0.04036804,0.0145899,0.0300623,0.02359047,0.01070299,0.03245763,0.01656115,0.006329327,0.01182082,0.01050382
2,1.262556,0.5996214,1.333e-06,0.3728677,8.33e-07,0.02905989,0.07427367,0.03096038,0.03316005,0.009263656,0.0190949,0.00898774,0.004848328,0.008067825,0.009035156
3,1.862177,0.5349909,2.25e-06,0.381721,9.17e-07,0.03560013,0.01643223,0.02296064,0.02032539,0.01278224,0.0180019,0.00896749,0.003968996,0.008052658,0.006175076
4,2.397168,0.5593297,1.25e-06,0.3683194,1e-06,0.02167931,0.06822976,0.02889113,0.01932564,0.008954407,0.01868373,0.009898239,0.004086329,0.005666993,0.005592494
5,2.956498,0.6049993,1.25e-06,0.3941755,1e-06,0.04736453,0.03195596,0.03167972,0.02800372,0.008252491,0.02985338,0.01486682,0.006958075,0.007431992,0.004454912
6,3.561497,0.5231763,1.334e-06,0.3686407,1.083e-06,0.0263178,0.01445623,0.02902013,0.02612989,0.008250657,0.01911681,0.01141399,0.005982493,0.006827243,0.007017909
7,4.084674,0.5116486,1.25e-06,0.3676416,8.34e-07,0.02649222,0.0143044,0.02877614,0.02088231,0.008508491,0.01968565,0.008682157,0.004089329,0.005792327,0.006791909
8,4.596322,0.5119551,1.333e-06,0.3693652,1e-06,0.02617147,0.01426757,0.02857722,0.02120081,0.008250324,0.01920523,0.008625574,0.004764745,0.005555494,0.00596916
9,5.108277,0.5092262,1.25e-06,0.3693969,9.17e-07,0.02655672,0.01430615,0.02853322,0.01864265,0.007860408,0.01971148,0.009096073,0.004072246,0.005163327,0.005884827
10,5.617504,0.5914526,1.167e-06,0.3697377,9.16e-07,0.02873764,0.07391559,0.0310448,0.03548021,0.008910157,0.01849565,0.009527323,0.004934745,0.00577216,0.004894578
11,6.208956,0.5483326,1.167e-06,0.3687077,1.333e-06,0.02879497,0.01397232,0.02877805,0.0321158,0.01322607,0.02749239,0.01301649,0.007274825,0.009276073,0.005675494
12,6.757289,0.5907498,1.5e-06,0.3688692,1e-06,0.02887122,0.07403683,0.03087472,0.03542596,0.008906823,0.01910481,0.009030157,0.004829911,0.005782744,0.005014911
13,7.348039,0.5950134,1.166e-06,0.3700273,9.17e-07,0.02922264,0.07395659,0.03111572,0.03489538,0.01045532,0.0198314,0.008385324,0.004888578,0.005865243,0.006367827
14,7.943052,0.5964883,1.25e-06,0.3732405,8.33e-07,0.02928905,0.07383475,0.03160163,0.03519338,0.008594741,0.01901923,0.00926749,0.004784661,0.00581416,0.005846577
15,8.53954,0.6237665,1.25e-06,0.372741,7.5e-07,0.02892455,0.07387892,0.03097772,0.03954954,0.01285299,0.0302788,0.0114804,0.006571743,0.00919049,0.007318325
16,9.163307,0.5670335,1.25e-06,0.3684061,1.083e-06,0.02805997,0.04966211,0.03073588,0.03464288,0.01099357,0.0189809,0.00927274,0.004710745,0.005563993,0.006002327
17,9.73034,0.5288046,1.334e-06,0.3685172,9.16e-07,0.02879972,0.01396865,0.02917505,0.03273746,0.01047899,0.01941898,0.008488658,0.004867161,0.005871243,0.006479243
18,10.25914,0.5089584,1.417e-06,0.3681316,1.166e-06,0.02545847,0.01426782,0.02842164,0.01803623,0.008999906,0.01960148,0.009688239,0.003979912,0.006005827,0.00636466
19,10.7681,0.5089092,1.167e-06,0.3682035,1.25e-06,0.02624322,0.01396115,0.02837664,0.01793323,0.008379574,0.01933831,0.009526573,0.003996163,0.006641492,0.00630691
20,11.27701,0.5827754,1.333e-06,0.368129,8.33e-07,0.0274663,0.04907828,0.03003863,0.03602104,0.01228157,0.02706655,0.01160857,0.007594825,0.007848824,0.005639661
21,11.85979,0.5137969,1.25e-06,0.3678039,9.17e-07,0.02656939,0.01428998,0.02860338,0.02550164,0.008563407,0.01925548,0.007914908,0.003960662,0.005612161,0.005719744
22,12.37358,0.5257378,1.333e-06,0.3683598,8.33e-07,0.02677522,0.01420582,0.02863155,0.03248863,0.01034282,0.01936714,0.009107324,0.004838828,0.00594316,0.005675244
23,12.89932,0.5898408,1.417e-06,0.3687376,1e-06,0.02893713,0.07399225,0.03128805,0.03450246,0.008839741,0.01944773,0.008351324,0.004873162,0.00569266,0.005176244
24,13.48916,0.5671325,1.333e-06,0.3681467,8.33e-07,0.02806914,0.0496562,0.03144963,0.03502463,0.01099074,0.01902439,0.009054324,0.004749828,0.00582116,0.005143578
25,14.0563,0.5250787,1.167e-06,0.3673078,9.17e-07,0.02688172,0.01418773,0.0287848,0.03378171,0.01033507,0.01858048,0.009421407,0.004739911,0.005648661,0.005407327
26,14.58137,0.5753856,1.25e-06,0.3686662,1e-06,0.0268773,0.05031944,0.03084813,0.03170655,0.01079749,0.02433289,0.01122565,0.006245744,0.008299074,0.00606491
27,15.15676,0.5351512,1.334e-06,0.3683888,9.17e-07,0.02882347,0.01428557,0.02897113,0.03301605,0.01287182,0.01965781,0.01040449,0.004728994,0.006638827,0.007361991
28,15.69191,0.5301689,1.333e-06,0.3684845,1.083e-06,0.0290648,0.01423015,0.0289593,0.03331463,0.01141549,0.01927506,0.008565074,0.004824828,0.005675077,0.006357576
29,16.22208,0.5642073,1.333e-06,0.3676108,8.34e-07,0.02744005,0.04961478,0.03070655,0.03558596,0.009156573,0.01940906,0.008414907,0.004956411,0.00619841,0.005111661
30,16.78629,0.5906253,1.875e-05,0.3684702,9.17e-07,0.02872997,0.07392392,0.03142455,0.03448105,0.008897157,0.0185929,0.009433323,0.004867328,0.00576066,0.00602466
31,17.37691,0.5991822,1.083e-06,0.3689205,1.083e-06,0.02913172,0.07463217,0.03072172,0.0256233,0.01201382,0.02758972,0.01332407,0.004499662,0.00632516,0.006398159
32,17.97609,0.562882,1.25e-06,0.3679944,1.166e-06,0.02730155,0.04956153,0.03068388,0.03385205,0.008862157,0.0191819,0.009021073,0.004730578,0.005976494,0.00571391
33,18.53898,0.5287033,1.334e-06,0.3679312,1e-06,0.02704972,0.01395057,0.02900997,0.02997105,0.01084474,0.02484797,0.009593823,0.004713578,0.005727993,0.005060411
34,19.06768,0.5261948,1.25e-06,0.3690641,9.16e-07,0.0267923,0.0142634,0.02900897,0.03207546,0.009913239,0.01896306,0.009344157,0.004745078,0.005837243,0.00618566
35,19.59388,0.577039,1.25e-06,0.3688108,9.17e-07,0.02787747,0.0497027,0.03114663,0.03346121,0.01146574,0.02427747,0.0108089,0.006596076,0.007508076,0.005381744
36,20.17091,0.5130152,1.333e-06,0.3703257,8.33e-07,0.02569814,0.0145234,0.02811955,0.01788881,0.01014199,0.01987173,0.00930574,0.003740662,0.007446242,0.005951077
37,20.68393,0.5937042,1.25e-06,0.3693456,9.16e-07,0.0289173,0.07412592,0.0320323,0.03508721,0.009159823,0.01936156,0.008364157,0.004878662,0.005886326,0.00654316
38,21.27763,0.5931538,1.084e-06,0.3705943,9.17e-07,0.02866922,0.07387083,0.03124897,0.03610304,0.008772157,0.01919981,0.00882999,0.004838995,0.005698993,0.005325411
39,21.87079,0.52862,1.333e-06,0.3680102,1e-06,0.0285973,0.01421198,0.02879188,0.03297321,0.01122507,0.01942714,0.00873324,0.004773078,0.006382327,0.005492244
40,22.39941,0.5876929,1.334e-06,0.3674459,1e-06,0.02713889,0.073918,0.03164738,0.03462571,0.00917249,0.0185399,0.009234823,0.004676412,0.00589366,0.005397327
41,22.9871,0.5308323,1.25e-06,0.3701354,1.083e-06,0.0265483,0.0142229,0.02879755,0.02666522,0.01139957,0.0193704,0.01193799,0.006945826,0.007608908,0.007197909
42,23.51793,0.5340708,1.583e-06,0.3689863,1e-06,0.02805505,0.01432023,0.02877472,0.0322033,0.01270382,0.02012589,0.01038424,0.004739078,0.00631191,0.007463741
43,24.052,0.6132937,1.333e-06,0.3689524,9.16e-07,0.02902005,0.07431259,0.03078897,0.03880329,0.01218757,0.02918472,0.01065749,0.006100243,0.007827742,0.00545641
44,24.6653,0.5329618,1.167e-06,0.3701083,1.083e-06,0.02891663,0.01430357,0.02901164,0.03510704,0.01139007,0.0188779,0.009736489,0.004878995,0.005729744,0.004899161
45,25.19826,0.6120812,1.25e-06,0.3690404,1e-06,0.02914788,0.07400184,0.03096947,0.02595764,0.01684065,0.03048188,0.01460065,0.007939075,0.008291991,0.004807411
46,25.81034,0.5285806,1.417e-06,0.3678261,8.33e-07,0.02817747,0.01435757,0.02904988,0.03379963,0.01093507,0.01907498,0.00900149,0.004703911,0.006301993,0.005350244
47,26.33892,0.6141698,1.167e-06,0.3687755,9.17e-07,0.02905788,0.07405308,0.03138055,0.03866654,0.01206682,0.0288503,0.01100707,0.006041743,0.007577492,0.006690742
48,26.95309,0.5292006,1.25e-06,0.3681779,9.16e-07,0.02769355,0.01424123,0.0285888,0.03465746,0.01112957,0.0191819,0.008945073,0.004788828,0.005789827,0.006004243
49,27.48229,0.5899388,1.333e-06,0.3688478,1e-06,0.02917263,0.0739185,0.03088605,0.03496271,0.008561157,0.01930156,0.008742157,0.004793995,0.005738577,0.005011411
50,28.07223,0.531611,1.167e-06,0.3678943,1e-06,0.02660539,0.01447707,0.02863513,0.03550821,0.01039766,0.01962773,0.009664406,0.004575661,0.006821826,0.007401409
51,28.60384,0.5279501,1.417e-06,0.367529,1.166e-06,0.02860097,0.01428607,0.02895047,0.03423221,0.01020982,0.01921031,0.008583574,0.004749994,0.005971827,0.005623244
52,29.13179,0.5279588,1.334e-06,0.3685123,1.25e-06,0.0275398,0.01430057,0.02912722,0.03248521,0.01037049,0.01919481,0.008717407,0.004832744,0.007774325,0.005101328
53,29.65975,0.5909403,1.334e-06,0.3685371,8.33e-07,0.02905322,0.07413459,0.03083688,0.03406371,0.008951823,0.01940115,0.008571073,0.004977995,0.005846243,0.006564327
54,30.25069,0.5907475,1.25e-06,0.3683003,9.17e-07,0.02902622,0.07444758,0.03098913,0.03496346,0.008685324,0.0190544,0.009136739,0.004687495,0.00610341,0.005351328
55,30.84144,0.5318562,1.166e-06,0.3685994,1e-06,0.02782555,0.01417073,0.0286128,0.03176263,0.01124824,0.02442022,0.009539907,0.004681661,0.00592091,0.005071911
56,31.37329,0.589037,1.25e-06,0.3684004,8.33e-07,0.02895455,0.07377459,0.0311313,0.0329033,0.008772491,0.0189004,0.009171406,0.004613162,0.00589016,0.006523159
57,31.96233,0.5718649,1.5e-06,0.3675828,9.17e-07,0.02745847,0.05022811,0.03029363,0.02514522,0.01768248,0.0265958,0.009432239,0.004813662,0.006583826,0.00604616
58,32.5342,0.5907945,1.25e-06,0.3686486,9.16e-07,0.02861314,0.07387758,0.03117947,0.03503254,0.008858907,0.01914998,0.008861657,0.004826245,0.00561391,0.006130327
59,33.12499,0.5910339,1.167e-06,0.3688668,9.17e-07,0.02890922,0.074737,0.0310198,0.03523096,0.008602241,0.01931656,0.008623157,0.004781994,0.005819161,0.005124911
60,33.71602,0.5905001,1.25e-06,0.3678066,1e-06,0.02889272,0.07394642,0.0310093,0.0340483,0.008990157,0.01834856,0.009795239,0.004726661,0.005912994,0.007020909
61,34.30652,0.5634823,1.25e-06,0.3686626,1e-06,0.02739764,0.04977994,0.03100955,0.03359896,0.008593574,0.01917806,0.008544824,0.004799328,0.005599327,0.006316243
62,34.87001,0.5927968,1.25e-06,0.3680376,7.5e-07,0.02894564,0.07399767,0.03106872,0.03560754,0.01049574,0.01917831,0.009042074,0.004782911,0.005742077,0.005896493
63,35.4628,0.5978486,1.417e-06,0.3688994,1e-06,0.02891347,0.07387734,0.03125155,0.03438471,0.01090832,0.02473047,0.008846906,0.004726745,0.00583641,0.005470828
64,36.06065,0.5916828,1.25e-06,0.3674163,8.33e-07,0.02893847,0.07403833,0.03151188,0.03520088,0.008799157,0.0188084,0.009887156,0.004728078,0.006149743,0.006202327
65,36.65233,0.5603349,1.25e-06,0.3676788,8.34e-07,0.02824805,0.04951428,0.03024947,0.02623589,0.01033757,0.01928048,0.01011999,0.004635245,0.006479826,0.007553242
66,37.21267,0.5278863,1.417e-06,0.3673164,8.33e-07,0.02868013,0.01415674,0.02877888,0.03358588,0.01082699,0.01883848,0.009140073,0.004699495,0.005617577,0.00624341
67,37.74056,0.5311131,1.333e-06,0.3693521,9.17e-07,0.02551264,0.01429182,0.02954413,0.0267628,0.01219207,0.0195884,0.01168957,0.007032908,0.007640909,0.007503491
68,38.27167,0.5335758,1.5e-06,0.3663481,6.66e-07,0.02680889,0.01450765,0.02843347,0.03240405,0.01220099,0.0272343,0.008861323,0.004592745,0.006138077,0.006044077
69,38.80524,0.56631,1.417e-06,0.3667376,7.5e-07,0.02789772,0.04977978,0.03117238,0.03410971,0.0114774,0.0194044,0.008627407,0.004733579,0.005897326,0.006470577
70,39.37155,0.5345477,1.416e-06,0.3676143,1e-06,0.0286088,0.01428173,0.02863438,0.03446763,0.01238049,0.01950956,0.0103689,0.004574579,0.006837825,0.007267076
71,39.9061,0.5884301,1.333e-06,0.3685806,9.17e-07,0.02858797,0.07376542,0.03126272,0.03250571,0.008611824,0.01916356,0.008757907,0.004768161,0.00604316,0.006380827
72,40.49453,0.6053524,1.25e-06,0.3675031,1e-06,0.02912547,0.07450075,0.03115672,0.03630679,0.01121507,0.02479006,0.01089907,0.006590326,0.007179992,0.006082827
73,41.09988,0.5944312,1.5e-06,0.3698014,1e-06,0.02901347,0.07394142,0.03120097,0.03476929,0.01068732,0.01946439,0.008300824,0.004886995,0.005984827,0.006377742
74,41.69432,0.6072736,1.166e-06,0.3712145,1.084e-06,0.02932947,0.07440233,0.03099113,0.03573671,0.01129466,0.02503831,0.01084107,0.00658516,0.006652409,0.005185578
75,42.30159,0.5994792,1.25e-06,0.3680575,1e-06,0.02942155,0.073993,0.0309233,0.03414913,0.0114829,0.02434622,0.00905699,0.004616828,0.006233076,0.007196409
76,42.90107,0.5924888,1.166e-06,0.3701131,9.17e-07,0.0288243,0.0740405,0.03077563,0.02477422,0.01409482,0.02246773,0.009482157,0.004490328,0.006834159,0.006589826
77,43.49356,0.5137878,1.584e-06,0.3693013,1e-06,0.02655497,0.01426015,0.02849522,0.0191394,0.009386323,0.01986198,0.00967449,0.003955995,0.006060744,0.007094658
78,44.00735,0.5339382,1.333e-06,0.3695765,1e-06,0.0284258,0.01423865,0.02936855,0.03521463,0.01174432,0.01928723,0.008813823,0.004765328,0.006113244,0.006387826
79,44.54128,0.5907743,1.333e-06,0.3695198,8.33e-07,0.02891188,0.07408875,0.03137688,0.03386446,0.008590324,0.01930415,0.00859774,0.004739162,0.005796327,0.005982743
80,45.13206,0.5912584,1.333e-06,0.3696681,1.333e-06,0.02903372,0.073824,0.03114905,0.03565971,0.008721074,0.01849398,0.009199073,0.004830578,0.005790077,0.004886411
81,45.72332,0.5403706,1.334e-06,0.3689969,8.34e-07,0.02750389,0.01426473,0.02907888,0.03360163,0.01290849,0.0275163,0.009562822,0.004483329,0.006409493,0.00604191
82,46.26369,0.5902994,1.333e-06,0.3692107,9.17e-07,0.02869297,0.07424492,0.03101755,0.03384163,0.00875349,0.01917756,0.00892349,0.004765495,0.005846577,0.005822827
83,46.85399,0.5998166,1.334e-06,0.36934,1.167e-06,0.02923388,0.07393867,0.03075688,0.02523514,0.0119079,0.02779797,0.01275432,0.004647661,0.007612325,0.006589326
84,47.4538,0.5242433,1.25e-06,0.369376,9.17e-07,0.02660489,0.0139464,0.02859155,0.02469581,0.008671907,0.02466914,0.01008624,0.004530662,0.006430493,0.006638075
85,47.97805,0.5910066,1.167e-06,0.3688378,1.166e-06,0.02888463,0.07446217,0.03085196,0.03480846,0.00907824,0.01871731,0.009000324,0.004838661,0.006035743,0.005488994
86,48.56905,0.5289851,1.333e-06,0.3696716,8.33e-07,0.02847563,0.01422598,0.0289293,0.03149763,0.01172482,0.01898173,0.009041073,0.004788995,0.00558891,0.006057243
87,49.09804,0.5252052,1.333e-06,0.368778,1.167e-06,0.02622864,0.01396948,0.0292848,0.02852605,0.008513407,0.01943964,0.01058432,0.006222326,0.006852243,0.006803742
88,49.62324,0.5894047,1.583e-06,0.3707273,9.17e-07,0.02716397,0.04970595,0.03109555,0.03644221,0.01294865,0.02936872,0.01042407,0.005867993,0.008615074,0.007042659
89,50.21265,0.5294042,1.167e-06,0.3687937,1.083e-06,0.02925013,0.01502482,0.02844063,0.03231671,0.01146865,0.01938564,0.008865574,0.004818578,0.005540827,0.005496661
90,50.74205,0.6011838,1.25e-06,0.3709912,8.33e-07,0.02909722,0.074058,0.03124638,0.03548996,0.0115179,0.02411472,0.008698491,0.004680411,0.005935577,0.005351911
91,51.34324,0.5226879,1.584e-06,0.3694989,9.16e-07,0.02572664,0.01397357,0.02869189,0.02664005,0.008231657,0.01925023,0.01092316,0.00600716,0.007306492,0.006435659
92,51.86592,0.509851,1.417e-06,0.3693395,1e-06,0.02563522,0.01427223,0.02874955,0.02044956,0.008223574,0.0190904,0.008779657,0.004044079,0.005295994,0.005968826
93,52.37577,0.5389496,1.334e-06,0.3690922,1.416e-06,0.02780047,0.01427115,0.02876864,0.03294355,0.01235507,0.02759847,0.008983573,0.004727912,0.006085993,0.006319826
94,52.91472,0.5918895,1.25e-06,0.3690711,9.17e-07,0.02890814,0.07399017,0.03140246,0.03489929,0.008536157,0.01910039,0.009093157,0.004707245,0.005939326,0.00623991
95,53.50661,0.5925499,1.166e-06,0.3694973,9.16e-07,0.02886655,0.07386284,0.03197605,0.03469455,0.008982407,0.01868406,0.008947406,0.004894412,0.005955493,0.006186743
96,54.09916,0.5349087,1.333e-06,0.3693208,1e-06,0.02747897,0.01423998,0.02918005,0.03449879,0.01201365,0.01998589,0.009561156,0.004551079,0.006808909,0.007266992
97,54.63407,0.5328432,1.166e-06,0.3687839,1.083e-06,0.02888289,0.01432373,0.02875688,0.03448288,0.0110654,0.01944656,0.008348158,0.004794911,0.006435576,0.007520075
98,55.16692,0.5905275,1.083e-06,0.3696837,9.16e-07,0.02882814,0.07410992,0.03147388,0.03333546,0.008907074,0.01922315,0.008765991,0.004748411,0.006096993,0.005352828
99,55.75744,0.6014624,1.416e-06,0.3694261,8.33e-07,0.02922047,0.07424308,0.03095472,0.03397654,0.01121915,0.02478305,0.01015841,0.004563745,0.006569076,0.006345826
100,56.35891,0.5909456,1.25e-06,0.3699083,9.16e-07,0.02860438,0.07397408,0.03112172,0.03518255,0.008839823,0.0185794,0.00916249,0.004769912,0.005881743,0.004918995
101,56.94985,0.5911194,1.416e-06,0.3694725,1.083e-06,0.02927655,0.07378117,0.03126371,0.03466163,0.00868074,0.01917323,0.008476574,0.004768328,0.005565744,0.005996743
102,57.54097,0.5385481,1.25e-06,0.3702803,9.17e-07,0.02846755,0.01394574,0.02912938,0.03525796,0.01230965,0.01974173,0.01050824,0.004805744,0.006790993,0.007308575
103,58.07952,0.5900722,1.166e-06,0.3693709,8.33e-07,0.02893905,0.0742325,0.0309823,0.03242613,0.008832074,0.01945631,0.008565741,0.004771995,0.00580766,0.006685492
104,58.66959,0.5903494,1.333e-06,0.3689526,8.33e-07,0.02878772,0.07469608,0.03096122,0.03358238,0.00863724,0.01901965,0.009151573,0.004653578,0.00587491,0.006030327
105,59.25994,0.5328682,1.25e-06,0.3677825,8.33e-07,0.02706639,0.01428082,0.02895672,0.0318938,0.01092016,0.02445039,0.01021374,0.004624828,0.006154743,0.006521993
106,59.79281,0.5127045,1.167e-06,0.3687773,1e-06,0.02586964,0.0142624,0.02864597,0.02473022,0.007966658,0.01904431,0.008324407,0.003979413,0.005254994,0.005846993
107,60.30551,0.5905158,1.333e-06,0.3678456,9.16e-07,0.02924947,0.07359659,0.03104488,0.03498046,0.00894249,0.01936689,0.008762741,0.004817328,0.005832493,0.006074577
108,60.89603,0.5460828,1.333e-06,0.3734163,1e-06,0.02847572,0.0142369,0.02974255,0.03179488,0.01202199,0.02716572,0.01247565,0.004754245,0.005701327,0.006295159
109,61.44211,0.6006641,1.334e-06,0.3683622,1.167e-06,0.02912997,0.07423883,0.03095422,0.03319105,0.0114709,0.02718589,0.009024074,0.004600994,0.006795993,0.005707494
110,62.04278,0.5909546,1.333e-06,0.369294,7.5e-07,0.02897988,0.0741195,0.03131147,0.03461729,0.008742824,0.01842998,0.00899874,0.004713494,0.005799994,0.005945327
111,62.63373,0.5220578,1.334e-06,0.3677367,1.333e-06,0.02611322,0.01419257,0.02896088,0.0264698,0.008255241,0.01923973,0.01068365,0.00601741,0.007044743,0.007341241
112,63.15579,0.5757177,1.25e-06,0.3673779,1e-06,0.02791147,0.04964453,0.03062713,0.0327758,0.01146765,0.02441606,0.01151107,0.00644741,0.007255659,0.006280743
113,63.73151,0.5358186,1.167e-06,0.368228,1.084e-06,0.02695747,0.01428357,0.02910447,0.03227588,0.01260707,0.02721514,0.00892449,0.004683411,0.006205577,0.005331244
114,64.26732,0.521322,1.334e-06,0.3675315,1.083e-06,0.02562955,0.01427315,0.02970472,0.02588531,0.008029157,0.01915848,0.01090515,0.006080326,0.007004742,0.007117492
115,64.78865,0.5061837,1.25e-06,0.3678483,9.16e-07,0.02576197,0.01423198,0.02879989,0.01900289,0.008010991,0.01847098,0.00922674,0.004067078,0.005556411,0.005204328
116,65.29483,0.5135707,1.334e-06,0.3686232,1e-06,0.02642597,0.01422365,0.02837047,0.02022231,0.008754157,0.02031531,0.009031407,0.004473745,0.007173742,0.00595441
117,65.8084,0.5218179,1.667e-06,0.3680836,1.084e-06,0.02579747,0.01405465,0.02877555,0.02724597,0.008431241,0.01940606,0.01054141,0.006089827,0.008020491,0.005368911
118,66.33022,0.5093237,1.334e-06,0.3676504,7.5e-07,0.02581622,0.01445082,0.02841514,0.01808198,0.009327573,0.01965448,0.009621656,0.003976996,0.006399743,0.005926576
119,66.83954,0.5222659,1.334e-06,0.3681514,1e-06,0.02619139,0.01422073,0.02826305,0.0268088,0.007672242,0.01948956,0.01089807,0.006018077,0.007241242,0.007308992
120,67.36181,0.5342909,1.5e-06,0.3702304,9.17e-07,0.02705997,0.0143389,0.0286558,0.03440763,0.01343807,0.01929248,0.008754574,0.004593078,0.006555743,0.006961825
121,67.8961,0.5259141,1.5e-06,0.3675428,1e-06,0.02862705,0.01423898,0.02910113,0.03112996,0.01181832,0.01914881,0.008579073,0.004852745,0.005605994,0.005266744
122,68.42201,0.5944839,1e-06,0.3689138,1e-06,0.02924255,0.07377967,0.03095988,0.03410371,0.01111024,0.01908481,0.009254406,0.004736078,0.006115243,0.007181492
123,69.0165,0.5745561,1.333e-06,0.3675556,1e-06,0.02777622,0.04969078,0.03080905,0.03354371,0.01111732,0.02472347,0.01066015,0.006810159,0.006806659,0.005060661
124,69.59105,0.5325586,1.334e-06,0.3692517,1e-06,0.02663055,0.01428382,0.02888422,0.03164613,0.01055807,0.02480406,0.01003032,0.004577829,0.006522992,0.005366578
125,70.12361,0.5368376,1.084e-06,0.3684354,1.25e-06,0.02926788,0.01456548,0.0289383,0.03518388,0.01237574,0.01902223,0.01031699,0.004592911,0.006883743,0.007252658
126,70.66045,0.5363335,1.166e-06,0.368249,8.34e-07,0.02928055,0.01428315,0.02877547,0.0337073,0.01213807,0.02265439,0.009398323,0.004355329,0.006374159,0.007115742
127,71.19678,0.5948898,1.5e-06,0.3635462,8.34e-07,0.02947497,0.07400083,0.03133113,0.03541146,0.01090449,0.02460447,0.009004407,0.004737745,0.00563241,0.00623941
128,71.79167,0.5357702,1.334e-06,0.3732693,9.17e-07,0.02846947,0.01423565,0.02955822,0.03441888,0.01102699,0.01924215,0.008916323,0.004768662,0.006362909,0.005499327
129,72.32744,0.5955873,1.166e-06,0.3686756,8.34e-07,0.0292428,0.073906,0.03132455,0.03428546,0.01079999,0.0187144,0.009897905,0.004688745,0.006854826,0.007195075
130,72.92303,0.5622476,1.5e-06,0.3673123,8.33e-07,0.02727472,0.04969653,0.03087905,0.03449496,0.00887949,0.0185399,0.009237323,0.004761078,0.006221743,0.004948245
131,73.48528,0.593853,1.333e-06,0.3678312,1e-06,0.02955613,0.07495717,0.03119097,0.03636038,0.01017207,0.01907623,0.00876424,0.004748828,0.006109326,0.005084162
132,74.07913,0.6021362,1.5e-06,0.366222,8.34e-07,0.02913163,0.07404558,0.03096371,0.03581038,0.01175399,0.02492889,0.01084824,0.006817909,0.006545576,0.005065995
133,74.68127,0.6021616,1.167e-06,0.3684751,9.17e-07,0.0289148,0.07415875,0.03142196,0.03285788,0.01087874,0.02449781,0.01097674,0.00647191,0.006682326,0.006823492
134,75.28343,0.5664473,1.333e-06,0.3687009,8.33e-07,0.02655697,0.04976336,0.0313208,0.03564638,0.01011232,0.01895739,0.00897949,0.004741078,0.005842494,0.00582391
135,75.84988,0.5632681,1.25e-06,0.3677891,1.0833e-05,0.02754539,0.04968328,0.0306203,0.03401505,0.008874323,0.01872281,0.009245156,0.004826411,0.00631541,0.005618827
136,76.41314,0.5301726,1.5e-06,0.3677092,9.17e-07,0.02810655,0.01428723,0.02924805,0.03487346,0.01113482,0.01896948,0.009039989,0.004770412,0.005949243,0.006081743
137,76.94332,0.5975677,1.667e-06,0.3715121,9.17e-07,0.0292058,0.07401933,0.03151288,0.03621546,0.01049949,0.01977489,0.008451491,0.004868994,0.005963744,0.00554091
138,77.54088,0.5106587,1.25e-06,0.3690431,1e-06,0.0258108,0.01421173,0.02873772,0.01846556,0.008675657,0.01962515,0.009571406,0.003956079,0.006140826,0.00641841
139,78.05154,0.5279082,1.417e-06,0.3677016,1e-06,0.02879905,0.01395723,0.02892688,0.03218713,0.01150857,0.01959223,0.008683157,0.004787328,0.005811744,0.005950826
140,78.57945,0.5795776,1.167e-06,0.3696198,9.17e-07,0.0267918,0.04970161,0.03182538,0.03542488,0.01105057,0.02392831,0.01108224,0.006506327,0.007081908,0.006562743
141,79.15903,0.5337379,1.25e-06,0.3704123,9.17e-07,0.02722147,0.01424915,0.02898947,0.03083813,0.0111934,0.02480147,0.009867072,0.004619495,0.005965577,0.005578243
142,79.69277,0.5937108,1.416e-06,0.3696253,1e-06,0.02863605,0.07409233,0.03107597,0.03669521,0.008823657,0.01909931,0.00899499,0.004879578,0.005734827,0.00605116
143,80.28648,0.5910913,1.333e-06,0.3692851,1e-06,0.0287583,0.07402459,0.03101997,0.03404846,0.008799324,0.01982389,0.008422241,0.004826161,0.005730577,0.00635041
144,80.87757,0.5296131,1.333e-06,0.3690162,9.16e-07,0.0287723,0.0140269,0.02903438,0.03294071,0.01144382,0.01903631,0.009064323,0.004810328,0.005665244,0.005800327
145,81.40718,0.5224993,1.25e-06,0.3694233,1.166e-06,0.02582789,0.0142809,0.0295573,0.02672305,0.007911574,0.01879123,0.01087799,0.006288243,0.006884243,0.00593116
146,81.92968,0.5239243,1.334e-06,0.3706291,1e-06,0.02607597,0.0139824,0.02898772,0.0269908,0.00822549,0.01908281,0.01109265,0.006043826,0.006850409,0.005960827
147,82.45361,0.5421571,1.416e-06,0.3709719,9.17e-07,0.02760247,0.01434032,0.02869688,0.03191347,0.01330882,0.02800014,0.009469989,0.004643161,0.00650191,0.006705742
148,82.99576,0.5929462,1.417e-06,0.3689683,9.16e-07,0.0287198,0.07400917,0.03173555,0.03417171,0.008965407,0.01874339,0.01004741,0.004301162,0.005957577,0.007324408
149,83.58871,0.5644688,1.25e-06,0.3689566,1.084e-06,0.02777939,0.04992786,0.03067663,0.03445313,0.008933573,0.0193799,0.008413323,0.004802662,0.00592791,0.005215494
150,84.15318,0.526996,1.083e-06,0.3695561,1e-06,0.02724914,0.01425698,0.02908947,0.03245988,0.01042574,0.0185064,0.00925224,0.004694328,0.00583116,0.005672494
151,84.68017,0.563646,1.333e-06,0.3693747,8.33e-07,0.0279058,0.04987486,0.0309608,0.0321703,0.008870823,0.01910923,0.00883899,0.004705661,0.006326077,0.00550666
152,85.24382,0.5287966,1.25e-06,0.3696334,8.34e-07,0.02893122,0.01426523,0.02888372,0.03230721,0.01052882,0.01917415,0.008404574,0.004772578,0.005964493,0.005929077
153,85.77262,0.5745949,1.334e-06,0.3689453,1.084e-06,0.02762922,0.04964661,0.03788362,0.03367996,0.009759989,0.0194949,0.00877074,0.004929078,0.00639591,0.007457158
154,86.34721,0.5333577,1.333e-06,0.3689834,9.17e-07,0.02927938,0.01397015,0.0291608,0.03569013,0.01081807,0.01906406,0.009573822,0.004880328,0.005896744,0.006038576
155,86.88057,0.5922011,1.25e-06,0.3700643,1e-06,0.02922638,0.07442458,0.03094196,0.03422804,0.008918324,0.0186784,0.00895824,0.004808662,0.005749327,0.006200659
156,87.47277,0.5934461,1.5e-06,0.3700224,9.17e-07,0.02896947,0.07400175,0.03093205,0.03472621,0.01031857,0.01908589,0.008771824,0.004700161,0.005872744,0.006042576
157,88.06622,0.6016994,1.167e-06,0.3700024,1.5e-06,0.02910422,0.07389008,0.03117555,0.03573921,0.01121974,0.02466281,0.008926407,0.004655495,0.00589916,0.006421659
158,88.66792,0.592615,1.167e-06,0.3705353,9.17e-07,0.02878772,0.07383542,0.03099788,0.0341143,0.00882974,0.01908048,0.009049406,0.004753662,0.005895493,0.006733576
159,89.26053,0.5335524,1.166e-06,0.3731668,1e-06,0.02879513,0.01434623,0.0287878,0.03249955,0.01133307,0.01943031,0.008624907,0.004788495,0.006435576,0.005342411
160,89.79408,0.5692112,1.167e-06,0.3700059,1e-06,0.02788272,0.0500597,0.03095897,0.03454596,0.01046249,0.0184474,0.009486739,0.004733828,0.006331743,0.006293577
161,90.36329,0.5126416,1.167e-06,0.3709418,1e-06,0.02668955,0.01427573,0.02865405,0.01970556,0.007998491,0.01905123,0.009320573,0.004024162,0.005605411,0.006372909
162,90.87594,0.5719977,1.333e-06,0.3701242,9.17e-07,0.0275073,0.04969503,0.0309018,0.03488896,0.0132514,0.01917756,0.009182407,0.004729744,0.00588541,0.00665166
163,91.44793,0.5689184,1.417e-06,0.3695466,9.17e-07,0.02775697,0.04976361,0.03240063,0.03399704,0.01041341,0.01950606,0.00845724,0.004818078,0.006154493,0.00610191
164,92.01685,0.5402345,1.167e-06,0.3706182,1.167e-06,0.0274143,0.01426982,0.02903313,0.03440521,0.01148674,0.02710422,0.009145656,0.004605245,0.00584116,0.006308493
165,92.55709,0.5375351,1.25e-06,0.3747552,1e-06,0.02846455,0.01431173,0.02926222,0.03202213,0.01267199,0.01918531,0.00932324,0.004555661,0.006943742,0.00603716
166,93.09462,0.5908821,1.166e-06,0.3698084,1.083e-06,0.02889497,0.07370517,0.03163605,0.03466571,0.008801074,0.01893031,0.009040406,0.004747245,0.005587244,0.005063244
167,93.6855,0.5996564,1.083e-06,0.3672651,1e-06,0.02947522,0.07383633,0.03092705,0.03291371,0.01181065,0.02702039,0.009191157,0.004658411,0.00671491,0.00584141
168,94.28516,0.5507795,1.334e-06,0.3728047,9.16e-07,0.02862922,0.01431465,0.02878388,0.03207338,0.01269307,0.02717697,0.01168599,0.007259992,0.008258158,0.007097242
169,94.83594,0.5895853,1.333e-06,0.3695644,9.16e-07,0.0290028,0.07308183,0.02896563,0.03378288,0.01088315,0.01942065,0.008635907,0.004750495,0.006008327,0.005486993
170,95.42552,0.5938012,1.75e-06,0.370325,8.33e-07,0.02905572,0.07417092,0.03093363,0.03494538,0.008906073,0.01835256,0.009541573,0.004724494,0.006105827,0.006737409
171,96.01933,0.602118,1.25e-06,0.3681304,8.33e-07,0.02920347,0.07407892,0.03134988,0.03236321,0.01094199,0.02453039,0.01096007,0.006382326,0.007397825,0.006777409
172,96.62144,0.5927302,1.25e-06,0.3691789,8.33e-07,0.02899722,0.07402158,0.03139905,0.03595379,0.00887974,0.01903198,0.009294156,0.004787911,0.005676411,0.005507327
173,97.21417,0.5910472,1.25e-06,0.3676128,1.083e-06,0.02914322,0.07405525,0.03097188,0.03495388,0.008928074,0.01944056,0.008434324,0.004821661,0.005915744,0.006767409
174,97.80522,0.5197608,1.166e-06,0.3693711,9.16e-07,0.0281823,0.01426232,0.02880463,0.02505781,0.009068656,0.01916231,0.009561489,0.004717828,0.00641266,0.005157577
175,98.32498,0.5899663,1.416e-06,0.3675153,1e-06,0.02896605,0.07405775,0.03102046,0.03454513,0.00895099,0.01865556,0.009001406,0.004736745,0.006005993,0.006508576
176,98.91495,0.521368,1.167e-06,0.3685939,1e-06,0.02558364,0.01426882,0.0293698,0.02490756,0.008312241,0.01908156,0.0113164,0.006010243,0.007108659,0.006812992
177,99.43632,0.5683967,1.5e-06,0.3718791,1e-06,0.02814497,0.04966753,0.03057322,0.03318163,0.008936906,0.0196539,0.008738073,0.004861495,0.006720243,0.006037159
178,100.0047,0.591558,1.333e-06,0.3686577,1e-06,0.02874022,0.07372542,0.03113355,0.0337248,0.009150657,0.01896514,0.00919574,0.004708661,0.006376243,0.007177576
179,100.5963,0.5299772,1.417e-06,0.3683812,8.33e-07,0.02834063,0.01430715,0.02889172,0.03358171,0.01141999,0.01928064,0.008665991,0.004762494,0.00632941,0.006014076
180,101.1262,0.5657043,1.333e-06,0.3688333,8.33e-07,0.02759464,0.05007178,0.03101588,0.03438621,0.01054357,0.01862498,0.009149739,0.004732162,0.00579841,0.004951494
181,101.692,0.585345,1.583e-06,0.3667123,9.17e-07,0.0264718,0.07400734,0.03099071,0.03334288,0.008725406,0.01912631,0.008829407,0.004746662,0.006060326,0.006329326
182,102.2773,0.5288222,1.417e-06,0.3670214,1e-06,0.02730297,0.0143219,0.02916322,0.03545546,0.01090699,0.01894814,0.008874907,0.004883911,0.005687911,0.006252909
183,102.8061,0.5316422,1.416e-06,0.3681863,9.17e-07,0.02920572,0.01424557,0.0288888,0.03312305,0.01202515,0.01949498,0.008534741,0.004827328,0.00615491,0.006953408
184,103.3378,0.5257352,1.417e-06,0.3677728,9.16e-07,0.02567331,0.01395665,0.03077072,0.02881622,0.008155408,0.0190359,0.0115124,0.00608291,0.006743992,0.007212659
185,103.8635,0.5941238,1.25e-06,0.3690101,1.167e-06,0.0290353,0.07359267,0.03066272,0.02615239,0.01371023,0.02147739,0.01097024,0.004705328,0.007126492,0.007678491
186,104.4576,0.5307981,1.583e-06,0.3682311,1.166e-06,0.0291438,0.01428023,0.02919613,0.03437571,0.01083132,0.01909081,0.009055573,0.004734328,0.00588816,0.00596816
187,104.9884,0.5662854,1.416e-06,0.368087,9.17e-07,0.02793022,0.04961736,0.03082513,0.03506871,0.01118282,0.01934039,0.008551657,0.004756245,0.005825826,0.005097745
188,105.5547,0.5367128,1.25e-06,0.3683532,1e-06,0.02935638,0.01429165,0.02844288,0.03060688,0.01159632,0.02479689,0.01068591,0.006695576,0.006428993,0.00545591
189,106.0914,0.5884968,1.166e-06,0.3685591,9.17e-07,0.02901755,0.07406642,0.03100688,0.03366996,0.00876949,0.01921723,0.008306574,0.004741078,0.006032743,0.005107661
190,106.6799,0.5994914,1.417e-06,0.3684024,9.16e-07,0.02919413,0.07393492,0.03087946,0.03545104,0.01074224,0.02469522,0.00899524,0.004514662,0.005978243,0.006701492
191,107.2794,0.5761109,1.334e-06,0.3678603,9.17e-07,0.02796755,0.04986261,0.03068513,0.03347038,0.01112632,0.02454481,0.01084907,0.00654541,0.007118242,0.006078743
192,107.8555,0.5937938,1.334e-06,0.3680135,1.167e-06,0.02902755,0.07407342,0.03168888,0.03483279,0.01112599,0.01918965,0.00894349,0.004815495,0.005837493,0.006242993
193,108.4493,0.5930809,1.167e-06,0.3683041,1.083e-06,0.02949905,0.07388717,0.03113572,0.0349597,0.008794991,0.01885698,0.009283572,0.004675912,0.006489909,0.007191576
194,109.0424,0.5890208,1.25e-06,0.367843,9.17e-07,0.0297658,0.0743145,0.0309413,0.03231488,0.008704657,0.01922823,0.00889549,0.004597328,0.005908076,0.006505327
195,109.6314,0.5914484,1.167e-06,0.3679613,1e-06,0.02874188,0.07405,0.03091322,0.0340483,0.008990573,0.01925465,0.008609157,0.004672745,0.006540159,0.007664242
196,110.2229,0.5896292,1.25e-06,0.3679607,1e-06,0.02903972,0.0738785,0.03141288,0.03362971,0.008635824,0.01910814,0.009059323,0.004671995,0.006014493,0.00621566
197,110.8125,0.531881,1.25e-06,0.3675746,7.5e-07,0.02742614,0.01399407,0.02903822,0.03199096,0.01088224,0.02466447,0.009788656,0.004681578,0.00572491,0.00611316
198,111.3444,0.5876488,1.25e-06,0.3670505,1.25e-06,0.02883363,0.07408908,0.0309728,0.03244171,0.00883149,0.01921898,0.009117823,0.004721161,0.005970743,0.00639841
199,111.932,0.5910132,1.167e-06,0.3682594,9.17e-07,0.02914613,0.07446825,0.03093022,0.03532763,0.008749573,0.01934381,0.008272241,0.004759911,0.005930243,0.00582366
200,112.523,0.5900843,1.166e-06,0.3674604,9.17e-07,0.02907513,0.07414883,0.03094238,0.03453438,0.008804824,0.01937265,0.008667657,0.004665911,0.005905077,0.006504993
201,113.1131,0.5943158,1.334e-06,0.368238,1.083e-06,0.02907738,0.07401675,0.03097488,0.03417588,0.01098307,0.01929373,0.008594657,0.004681494,0.006506993,0.007770491
202,113.7074,0.5280975,1.25e-06,0.367915,1e-06,0.02818838,0.01393865,0.0287398,0.03303505,0.01091207,0.01922706,0.00900449,0.004683745,0.005955993,0.006494993
203,114.2355,0.6164136,1.334e-06,0.3732182,9.17e-07,0.02945288,0.07438675,0.0310848,0.03471888,0.01238074,0.02599772,0.01282073,0.007249242,0.008529907,0.006571493
204,114.8519,0.5209987,1.25e-06,0.3702524,1e-06,0.02658339,0.01422557,0.0288433,0.02334531,0.008318157,0.01972456,0.009736656,0.005886577,0.007974574,0.006105993
205,115.3729,0.5235957,1.167e-06,0.3697009,9.17e-07,0.02850888,0.01398024,0.02889988,0.02830297,0.009176407,0.01943456,0.009167657,0.004613578,0.006347909,0.005460661
206,115.8965,0.5314365,1.25e-06,0.3691939,8.33e-07,0.02753147,0.01431165,0.02908763,0.0304623,0.01079249,0.02465756,0.009933905,0.004600912,0.005817827,0.005044744
207,116.428,0.5244914,1.25e-06,0.3693956,8.34e-07,0.02644972,0.01423482,0.02887088,0.02740864,0.00840099,0.01956123,0.01066374,0.005986994,0.006930492,0.006586243
208,116.9525,0.5231828,1.25e-06,0.3700502,9.17e-07,0.02583155,0.0139434,0.02953297,0.02636489,0.008247991,0.01915306,0.0111449,0.005891827,0.006932242,0.00608766
209,117.4756,0.5402222,1.25e-06,0.3715992,1e-06,0.02768439,0.01431748,0.02890555,0.03346971,0.01168882,0.0270923,0.009091239,0.004640245,0.00568816,0.006042827
210,118.0159,0.5629554,1.167e-06,0.3691789,1e-06,0.02753422,0.04966136,0.03073063,0.03295863,0.008891323,0.01926381,0.008953823,0.004790328,0.00597866,0.005011494
211,118.5788,0.5918288,1.25e-06,0.3698926,1e-06,0.02888972,0.07406283,0.03094321,0.03411155,0.008775657,0.01947181,0.008504657,0.004715912,0.005955326,0.006503243
212,119.1707,0.5916038,1.25e-06,0.369408,8.33e-07,0.0289263,0.07430158,0.0311088,0.03506195,0.008840073,0.01944281,0.00852999,0.004701495,0.00572316,0.005557494
213,119.7623,0.5888397,1.333e-06,0.3706013,8.33e-07,0.02931947,0.07387375,0.0310908,0.0253873,0.009958739,0.01992289,0.009720823,0.004988077,0.006438576,0.007535825
214,120.3511,0.5710849,1.25e-06,0.3699582,9.16e-07,0.02784972,0.04963286,0.03066438,0.03789471,0.009916822,0.01895673,0.008966907,0.004651244,0.00601241,0.006578826
215,120.9222,0.5922166,1.25e-06,0.3704209,1.083e-06,0.02929022,0.07404708,0.03096371,0.0339273,0.008945656,0.01895198,0.00880674,0.004788245,0.005841743,0.00623066
216,121.5144,0.5907904,1.5e-06,0.3691454,8.33e-07,0.02913655,0.07427167,0.0310358,0.03433246,0.008546908,0.01944423,0.00883174,0.004771828,0.005567077,0.00570441
217,122.1052,0.5302781,1.166e-06,0.3701215,1e-06,0.02720414,0.01422657,0.02907313,0.03540088,0.008836491,0.01921265,0.008565323,0.004710828,0.005946827,0.006977576
218,122.6355,0.5909289,1.167e-06,0.3688394,8.33e-07,0.0290363,0.07442583,0.03137163,0.03317371,0.00877074,0.01925123,0.00881449,0.004615745,0.005980493,0.006647326
219,123.2264,0.6049721,1.25e-06,0.3702433,8.33e-07,0.02900822,0.07412383,0.03097297,0.03380205,0.01105657,0.02479464,0.01093382,0.006494993,0.006898826,0.006640742
220,123.8314,0.5936008,1.25e-06,0.3692313,9.17e-07,0.0289138,0.07431925,0.03135455,0.03506188,0.009991489,0.0190609,0.008954657,0.004727745,0.00571241,0.00627066
221,124.425,0.5957037,1.334e-06,0.3703597,1e-06,0.02944847,0.0738525,0.03128447,0.03469496,0.009063823,0.01852406,0.009303823,0.005711494,0.006391909,0.007066159
222,125.0207,0.6006452,1.25e-06,0.3697663,9.17e-07,0.02900713,0.073907,0.03131655,0.02837322,0.01164365,0.02615197,0.0138249,0.004561328,0.006294827,0.005796076
223,125.6213,0.5700625,1.5e-06,0.370405,9.17e-07,0.02713639,0.04962361,0.03089138,0.03578763,0.01124924,0.01946731,0.008671907,0.004737412,0.006152159,0.005938077
224,126.1914,0.5625357,1.166e-06,0.3688734,1e-06,0.0280803,0.0490207,0.02982155,0.03278096,0.00870899,0.01936331,0.008563491,0.004580578,0.006639159,0.006101077
225,126.7539,0.5295848,1.417e-06,0.3695614,8.33e-07,0.02868889,0.0144279,0.02870805,0.03236863,0.01084815,0.01942856,0.00855624,0.004842995,0.00579341,0.006358326
226,127.2835,0.5773476,1.333e-06,0.3689443,8.33e-07,0.02800605,0.04956686,0.03078113,0.03307213,0.01125174,0.02477856,0.01111299,0.00638891,0.007357075,0.006085659
227,127.8608,0.5240111,1.167e-06,0.3695518,9.17e-07,0.0260968,0.0139469,0.0289718,0.02684155,0.008616073,0.0190104,0.0111524,0.006201993,0.007952574,0.005666744
228,128.3849,0.5115089,1.583e-06,0.3700797,9.17e-07,0.02585897,0.0144914,0.02845947,0.01782523,0.008664574,0.02011831,0.00972699,0.003878662,0.006187993,0.00621516
229,128.8964,0.5301411,1.25e-06,0.3699583,9.17e-07,0.02823389,0.01425132,0.0289618,0.03271521,0.01125565,0.01927481,0.00900199,0.004679494,0.00629866,0.005507827
230,129.4265,0.5631692,1.25e-06,0.3689243,9.17e-07,0.02765214,0.04966536,0.03070413,0.03373513,0.008944824,0.0192474,0.00872449,0.004720494,0.005935077,0.004913661
231,129.9897,0.590875,1.25e-06,0.3688628,9.16e-07,0.02883064,0.07416267,0.03097047,0.0342168,0.008727073,0.01990514,0.008348824,0.004757245,0.005762744,0.006328409
232,130.5806,0.5905927,1.334e-06,0.3690311,9.17e-07,0.02882488,0.07408217,0.03136796,0.02605064,0.01211824,0.01976798,0.01086257,0.004694412,0.006578326,0.007212158
233,131.1711,0.5919175,1.25e-06,0.3702545,1e-06,0.02894397,0.07405108,0.03120422,0.03484238,0.008957156,0.01890456,0.008977406,0.004760578,0.00593216,0.005087244
234,131.7631,0.5899328,1.667e-06,0.3685294,1e-06,0.02895838,0.074463,0.03092005,0.03293813,0.00885074,0.01921198,0.009129156,0.004758995,0.00580741,0.006362909
235,132.353,0.594107,1.25e-06,0.3697563,9.17e-07,0.02939022,0.07441492,0.03107913,0.03618329,0.00879824,0.01942798,0.00865074,0.004699495,0.00633566,0.005368827
236,132.9471,0.5294534,1.5e-06,0.3675443,1.084e-06,0.02765572,0.01395057,0.02902663,0.02991488,0.0107804,0.02477489,0.009711905,0.004562579,0.005721243,0.00580766
237,133.4766,0.5157325,1.416e-06,0.3710086,9.17e-07,0.02668147,0.01425073,0.02815464,0.02082689,0.00962099,0.01979364,0.009710989,0.004027245,0.006113744,0.005541243
238,133.9923,0.5090147,1.25e-06,0.3669623,9.17e-07,0.02612497,0.01397565,0.02839014,0.01793306,0.008989157,0.02016448,0.009346989,0.00379433,0.006779575,0.006551826
239,134.5013,0.5901041,1.25e-06,0.3671583,1e-06,0.02886313,0.07400592,0.03108005,0.03421554,0.00890474,0.0186289,0.009180323,0.004799494,0.006226493,0.007038909
240,135.0914,0.5910521,1.25e-06,0.3677585,9.17e-07,0.0291298,0.07396292,0.03363038,0.03237504,0.008965573,0.01925506,0.008629073,0.004650579,0.006044576,0.006648409
241,135.6825,0.5795973,1.166e-06,0.3759248,9.16e-07,0.02576964,0.04963019,0.02987297,0.02637097,0.0123179,0.02729397,0.01327257,0.004434078,0.006955075,0.007753075
242,136.2621,0.5891218,1.667e-06,0.3678243,1e-06,0.02904947,0.07412283,0.03093997,0.03471904,0.008624824,0.01935823,0.00876074,0.004671995,0.00598491,0.005062828
243,136.8512,0.5675429,1.166e-06,0.3681509,1e-06,0.02735997,0.04963144,0.03173496,0.03524579,0.01075215,0.01945414,0.00848899,0.004782995,0.00591991,0.00601941
244,137.4187,0.5911531,1.166e-06,0.3682173,1.084e-06,0.02904988,0.07388733,0.03121596,0.03589004,0.008645074,0.01917589,0.009006656,0.004687078,0.005808244,0.005567327
245,138.0099,0.5932896,1.167e-06,0.3688512,1e-06,0.02918605,0.07429758,0.03112563,0.03479621,0.0113684,0.01894056,0.008627657,0.004841995,0.005953993,0.005298161
246,138.6032,0.5921975,1.417e-06,0.3680508,1e-06,0.02887713,0.074301,0.03106705,0.03319946,0.01139457,0.01910464,0.008886657,0.004771494,0.005898327,0.006643992
247,139.1954,0.614598,1.333e-06,0.3688223,1e-06,0.02907197,0.07459333,0.0308163,0.03816329,0.0119719,0.0289333,0.01070374,0.005913077,0.008331824,0.007274658
248,139.81,0.5907815,1.25e-06,0.3684691,1.167e-06,0.02900163,0.07393992,0.03114972,0.03326713,0.009124156,0.01940781,0.008943657,0.004765411,0.006011077,0.006699492
249,140.4007,0.5910978,1.334e-06,0.3694483,8.33e-07,0.0293108,0.07328917,0.03063305,0.03396421,0.009555239,0.01930164,0.008815074,0.004750578,0.00581541,0.006212159
250,140.9918,0.5866118,1.167e-06,0.3692001,8.33e-07,0.02902997,0.07428792,0.03080421,0.02537405,0.009750823,0.01980523,0.009718823,0.004539995,0.006456826,0.007641824
251,141.5785,0.5370423,1.417e-06,0.3689028,9.17e-07,0.02821213,0.01426682,0.02883038,0.03585879,0.01237682,0.01937481,0.01033366,0.004607745,0.007355158,0.006920826
252,142.1155,0.5916751,1.583e-06,0.3682336,9.17e-07,0.02895055,0.07433642,0.03140438,0.03508704,0.008954657,0.01933181,0.008837573,0.004736245,0.005736326,0.006063994
253,142.7072,0.5298828,1.25e-06,0.3688153,1e-06,0.02826639,0.01425723,0.02894422,0.03270713,0.01145432,0.01932539,0.009068323,0.004658245,0.00586341,0.006520576
254,143.2371,0.5635822,1e-06,0.3675302,1e-06,0.02775772,0.04964703,0.03086588,0.03405579,0.008793574,0.01928823,0.00874649,0.004688745,0.005999077,0.006207493
255,143.8006,0.5869631,1.25e-06,0.3675185,1.083e-06,0.02905205,0.07400475,0.03138513,0.02576797,0.01103424,0.01954248,0.009988323,0.004717911,0.007538658,0.006410743
256,144.3876,0.5236564,1.334e-06,0.367051,9.17e-07,0.0259868,0.01425465,0.02959288,0.02794413,0.008344324,0.01919931,0.01132474,0.00597166,0.007021992,0.006962659
257,144.9113,0.5108081,1.333e-06,0.3683634,1e-06,0.02626272,0.01420248,0.02875688,0.01947539,0.008733907,0.01930615,0.009627656,0.003891579,0.00589541,0.00629016
258,145.4221,0.5751197,9.917e-06,0.367031,8.34e-07,0.02770797,0.04982753,0.03141263,0.0331998,0.01112349,0.02507889,0.0109009,0.006626243,0.006668659,0.005531827
259,145.9972,0.522171,1.25e-06,0.3681883,9.17e-07,0.0268953,0.01419573,0.02903047,0.02595239,0.008592324,0.01953439,0.0107124,0.005954494,0.008002907,0.005110161
260,146.5194,0.5371711,1.166e-06,0.3672267,9.17e-07,0.02757755,0.01419815,0.0292148,0.03439971,0.01167857,0.02712139,0.008877323,0.004511245,0.00579716,0.006566493
261,147.0565,0.5922561,1.083e-06,0.3685798,9.16e-07,0.02878189,0.07407283,0.03130046,0.03626196,0.00881424,0.0194799,0.008289324,0.004793661,0.005983743,0.005896327
262,147.6488,0.5293665,1.334e-06,0.3662608,8.33e-07,0.02874547,0.01431357,0.02906238,0.03594113,0.01083324,0.01899656,0.008587074,0.004725411,0.00566016,0.006238493
263,148.1781,0.5773116,1.333e-06,0.3676792,9.17e-07,0.02732447,0.04965811,0.03145296,0.03396479,0.01117224,0.02456306,0.01089207,0.006563076,0.007178325,0.006861075
264,148.7555,0.5283769,1.167e-06,0.3663678,1e-06,0.02801422,0.01434007,0.02910697,0.03460688,0.01022882,0.01934981,0.00903799,0.004723161,0.005784994,0.006814076
265,149.2838,0.5656402,1.584e-06,0.3672581,9.17e-07,0.02800289,0.04973919,0.03163413,0.03508004,0.01031566,0.01949889,0.008493907,0.004745245,0.00569716,0.005172494
266,149.8495,0.5295014,1.25e-06,0.3665883,1e-06,0.02765089,0.01427782,0.0288383,0.0316318,0.0121229,0.01981939,0.01031007,0.004575078,0.007196576,0.006488076
267,150.379,0.5336985,1.417e-06,0.3688475,1e-06,0.02886913,0.01426773,0.0291413,0.03471771,0.01182832,0.01939714,0.008369824,0.004759245,0.006241826,0.007256325
268,150.9127,0.533419,1.167e-06,0.3703849,8.33e-07,0.02653414,0.01425748,0.02878655,0.02776738,0.01226232,0.01918856,0.01237215,0.006603659,0.008441241,0.006818575
269,151.4461,0.5924248,1.584e-06,0.3700471,9.17e-07,0.02893572,0.07406983,0.0316453,0.03458904,0.008957406,0.0189559,0.008963989,0.004853412,0.005591993,0.00581266
270,152.0385,0.5918761,1.083e-06,0.3690586,9.16e-07,0.0291088,0.07451792,0.0309343,0.03425854,0.008752157,0.01932381,0.008828656,0.004671745,0.005894827,0.006524742
271,152.6304,0.5281285,1.166e-06,0.3690553,8.33e-07,0.0267078,0.01428457,0.02894505,0.03407829,0.01028307,0.01950723,0.008383907,0.004691662,0.005859327,0.006330326
272,153.1585,0.5934487,1.167e-06,0.3686842,1e-06,0.02916705,0.07392783,0.03119797,0.02626839,0.01357615,0.02215864,0.009953906,0.004677578,0.007021242,0.006813575
273,153.752,0.5315171,1.5e-06,0.3691106,9.16e-07,0.02849547,0.0143249,0.02899338,0.03421679,0.01110132,0.0194114,0.00864774,0.004763661,0.006479826,0.00596966
274,154.2835,0.5914805,1.25e-06,0.3688927,1e-06,0.02916863,0.07423567,0.03090413,0.03539855,0.008858407,0.01904681,0.009444323,0.004811745,0.005787243,0.004930078
275,154.875,0.5929397,1.25e-06,0.3697457,9.17e-07,0.0288323,0.07405392,0.0311643,0.03490029,0.01038732,0.01899048,0.008626907,0.004888328,0.005942827,0.00540516
276,155.4679,0.5247304,1.583e-06,0.3684633,1.167e-06,0.02625455,0.01397682,0.03153847,0.02702822,0.008229074,0.0192994,0.01099174,0.00600166,0.007940574,0.005003911
277,155.9926,0.5664996,1.5e-06,0.3707223,1.167e-06,0.02766605,0.04978219,0.0310958,0.03354771,0.008610407,0.01929848,0.00884924,0.004671829,0.006583659,0.005669243
278,156.5591,0.5929775,1.334e-06,0.3684818,8.33e-07,0.02963672,0.07424783,0.03163672,0.03384788,0.01037032,0.01932415,0.009735239,0.004686244,0.00598916,0.005019328
279,157.1521,0.5641832,1.25e-06,0.3700358,1.083e-06,0.02748255,0.04933336,0.03099105,0.02774647,0.01003599,0.02042114,0.009825572,0.004702912,0.006517076,0.007088908
280,157.7163,0.5329791,1.166e-06,0.3686309,1.083e-06,0.02785422,0.0142804,0.02872947,0.03328196,0.01253807,0.02026923,0.009458906,0.004586579,0.006610742,0.006736326
281,158.2493,0.53138,1.416e-06,0.3690283,9.17e-07,0.02875155,0.01428932,0.0290218,0.03521838,0.0111639,0.01914298,0.008871156,0.004858078,0.005591077,0.005441077
282,158.7807,0.5645211,1.166e-06,0.3687221,9.17e-07,0.02753289,0.04955911,0.03083638,0.03337288,0.008798157,0.01940264,0.009207406,0.004668745,0.006380242,0.006038494
283,159.3452,0.5911609,1.333e-06,0.36883,1e-06,0.02910613,0.07437675,0.03097247,0.03511863,0.008727823,0.0193664,0.00869724,0.004724912,0.006042993,0.005195244
284,159.9363,0.5338905,1.25e-06,0.368552,9.16e-07,0.02874563,0.01399723,0.02892855,0.03255213,0.01221357,0.01996314,0.01003891,0.004549745,0.006955742,0.007391659
285,160.4702,0.5314328,1.333e-06,0.3693844,8.33e-07,0.02681114,0.01431632,0.02901922,0.03469704,0.01104807,0.01935073,0.008387741,0.004707411,0.006257409,0.007451159
286,161.0017,0.5210499,1.25e-06,0.3692561,8.33e-07,0.02660622,0.0142304,0.02856447,0.02298189,0.01013541,0.02004289,0.009915488,0.004617245,0.007480492,0.007217242
287,161.5227,0.5095799,1.416e-06,0.3697784,9.17e-07,0.0261388,0.01430082,0.02857222,0.02037189,0.008070325,0.01908223,0.008891907,0.004040412,0.00561441,0.004716161
288,162.0323,0.5727516,1.25e-06,0.3692483,9.17e-07,0.02760297,0.04936244,0.03058613,0.02665955,0.02040348,0.02418839,0.008823074,0.003851495,0.006137243,0.00588641
289,162.605,0.5244008,1.167e-06,0.3689471,8.33e-07,0.02605405,0.0142794,0.02909572,0.02803305,0.008349074,0.01938698,0.01097732,0.00594341,0.007879658,0.005453077
290,163.1294,0.5350937,1.333e-06,0.3692878,1.25e-06,0.02827055,0.01429765,0.02901872,0.03426829,0.0121559,0.02003539,0.009270739,0.004613412,0.006973908,0.006898826
291,163.6645,0.51097,1.083e-06,0.3697408,9.17e-07,0.02691164,0.01423873,0.02854888,0.01895123,0.008486074,0.01999939,0.008388407,0.004061079,0.005778244,0.005863493
292,164.1755,0.5817756,1.25e-06,0.3734925,9.17e-07,0.02794605,0.04961961,0.03077472,0.03371255,0.01084274,0.02493339,0.01093649,0.006303076,0.007317908,0.00589441
293,164.7573,0.5132243,1.5e-06,0.3695276,1.084e-06,0.02576097,0.01449798,0.02847039,0.01931231,0.00906724,0.02006198,0.009532906,0.003850746,0.006179243,0.006960325
294,165.2705,0.5362406,1.417e-06,0.368205,1e-06,0.0294408,0.0142979,0.02898872,0.03417771,0.01238157,0.02029339,0.009741989,0.004563078,0.006678826,0.007469158
295,165.8068,0.5335608,1.5e-06,0.3703015,1e-06,0.02893072,0.01424498,0.02896755,0.03393963,0.01104774,0.01935731,0.008702573,0.004665495,0.006254159,0.007146659
296,166.3403,0.563475,1.25e-06,0.3687675,9.17e-07,0.02751197,0.04966044,0.03033588,0.03377021,0.008845073,0.01936648,0.009008573,0.004844411,0.005854827,0.005507494
297,166.9038,0.5337161,1.25e-06,0.3700065,6.66e-07,0.02929897,0.01393082,0.0292023,0.03537213,0.01099515,0.01936165,0.008637407,0.004730244,0.006434743,0.005744327
298,167.4375,0.5918122,1.333e-06,0.3691202,9.16e-07,0.02923422,0.07418492,0.03089405,0.03470796,0.008745657,0.01917373,0.009286823,0.004693244,0.00595141,0.00581766
299,168.0293,0.5926633,1e-06,0.3695372,1e-06,0.02952305,0.0739305,0.0312363,0.03533954,0.00921324,0.01906298,0.008461824,0.004816495,0.005561577,0.005978576
300,168.622,0.595518,1.083e-06,0.3693163,1e-06,0.0292453,0.07420492,0.03111446,0.03371613,0.01088449,0.01893965,0.009400823,0.004620161,0.006892492,0.007181159
301,169.2175,0.5937341,1.333e-06,0.3700232,9.16e-07,0.02896805,0.07396467,0.03155905,0.03418063,0.008882823,0.01908014,0.009314823,0.004660411,0.006204577,0.006893409
302,169.8112,0.5913935,1.334e-06,0.368153,1.167e-06,0.02931588,0.07442408,0.03126355,0.03353246,0.008739407,0.01931589,0.008902989,0.004582495,0.00613141,0.007029825
303,170.4026,0.5303297,1.416e-06,0.3680283,1e-06,0.02750139,0.01427832,0.02891913,0.03453729,0.01107599,0.01946373,0.008519907,0.004754661,0.00609266,0.007155908
304,170.933,0.5929081,1.5e-06,0.3684285,1e-06,0.02911272,0.07444975,0.0308238,0.03641013,0.00869874,0.01915723,0.009133489,0.004721745,0.005730493,0.006238993
305,171.5259,0.5690684,1.25e-06,0.3683251,9.17e-07,0.02807489,0.04995919,0.03064397,0.02712897,0.0120454,0.02175706,0.01002816,0.004636912,0.008489657,0.007976907
306,172.0949,0.5237382,1.25e-06,0.3690821,1e-06,0.02577339,0.01424773,0.02955655,0.02598314,0.008222658,0.01950098,0.01095565,0.006013077,0.007047075,0.007353575
307,172.6187,0.5104939,1.25e-06,0.3695654,1e-06,0.02592614,0.0144839,0.02838072,0.01833273,0.00866324,0.01984956,0.009613906,0.003832495,0.00657341,0.00527016
308,173.1292,0.5211418,1.25e-06,0.3672964,1.167e-06,0.02625722,0.01430923,0.02889455,0.02695039,0.008307908,0.01948973,0.0109449,0.005909327,0.007180825,0.00559891
309,173.6503,0.5242178,1.333e-06,0.3689473,8.33e-07,0.02605864,0.0142184,0.02873763,0.02793697,0.008852407,0.01946573,0.01067999,0.00605891,0.007923741,0.005335994
310,174.1745,0.5951781,1.417e-06,0.3713481,1e-06,0.02905413,0.07376375,0.03108322,0.02519822,0.01310115,0.02239972,0.0100079,0.004665079,0.007094325,0.007460075
311,174.7697,0.5362734,1.25e-06,0.3686553,9.16e-07,0.02861639,0.01426732,0.02897255,0.03470413,0.01246024,0.01958831,0.01036657,0.004595744,0.006832243,0.007212408
312,175.306,0.5896211,1.334e-06,0.3679545,8.33e-07,0.02913755,0.07427367,0.03103305,0.03425771,0.008666407,0.01940631,0.008872407,0.004734744,0.00597716,0.005305411
313,175.8956,0.5290587,1.25e-06,0.3677246,9.17e-07,0.02788422,0.01399648,0.0289188,0.0340283,0.01026599,0.0191604,0.008934657,0.004605495,0.006234826,0.007302742
314,176.4247,0.5665944,1.334e-06,0.3673877,7.5e-07,0.02801955,0.04957644,0.03132863,0.03458646,0.0110074,0.01940698,0.008658323,0.004672078,0.005721744,0.006227076
315,176.9912,0.5978676,1.167e-06,0.3684164,9.17e-07,0.0291548,0.07404025,0.0311548,0.03453838,0.01086807,0.02491247,0.00885999,0.004612162,0.006098409,0.005209744
316,177.5891,0.5290756,1.583e-06,0.3672128,1.084e-06,0.02940222,0.01396007,0.02871413,0.03413638,0.01115965,0.01921731,0.009282739,0.004728661,0.00603741,0.005221494
317,178.1182,0.567018,1.167e-06,0.3711188,1.083e-06,0.02733905,0.04970336,0.03066863,0.03440263,0.00877749,0.01915564,0.008725156,0.004799245,0.006039577,0.006286159
318,178.6852,0.5899402,1.25e-06,0.3681325,9.17e-07,0.02904088,0.07448708,0.03094538,0.03326596,0.008878407,0.01943548,0.008859073,0.004675245,0.00585941,0.006358576
319,179.2752,0.591664,1.25e-06,0.3679062,8.33e-07,0.0290683,0.07390208,0.03100322,0.03683521,0.008972989,0.01944656,0.008536157,0.004716411,0.006080826,0.005193911
320,179.8668,0.5369902,1.25e-06,0.3672573,9.16e-07,0.02884622,0.01395732,0.02840047,0.0312158,0.01091599,0.0251973,0.01103591,0.006265326,0.007246825,0.006649659
321,180.4038,0.5261614,1.25e-06,0.3679062,7.5e-07,0.02650464,0.01396382,0.03015572,0.02870122,0.008352907,0.01956248,0.01079141,0.005938826,0.006972159,0.007310075
322,180.93,0.5603382,1.334e-06,0.3661402,8.34e-07,0.02736714,0.04967011,0.03022771,0.02624889,0.0113099,0.02007123,0.009847823,0.004673828,0.00855974,0.006219493
323,181.4903,0.5344491,1.25e-06,0.3665993,9.16e-07,0.02863347,0.01435207,0.0291458,0.03499454,0.01222315,0.01956573,0.01039007,0.004633245,0.006648742,0.007260742
324,182.0248,0.5273222,1.167e-06,0.3663956,9.17e-07,0.02936555,0.01424765,0.02924638,0.03286855,0.0102959,0.01951139,0.008886574,0.004696994,0.005959077,0.00584641
325,182.5521,0.5978853,1.333e-06,0.3687404,1.083e-06,0.02911072,0.07400275,0.03101988,0.03470429,0.01071366,0.02482097,0.008964656,0.004589245,0.006058577,0.005157744
326,183.15,0.5313788,1.25e-06,0.3671822,9.16e-07,0.0296598,0.01425373,0.02900547,0.03459721,0.01089099,0.01930464,0.00883649,0.004621995,0.00605991,0.006964242
327,183.6813,0.5902082,1.167e-06,0.3672637,7.5e-07,0.0291928,0.07387575,0.0314283,0.03435354,0.008907073,0.01940631,0.008492824,0.004807995,0.00596991,0.006508076
328,184.2715,0.5901607,1.25e-06,0.3672179,1.167e-06,0.02912963,0.07380217,0.03120221,0.03503188,0.008610407,0.01929556,0.009262989,0.004754745,0.005808827,0.006041993
329,184.8617,0.5935152,1.167e-06,0.3676599,9.17e-07,0.02925138,0.07404958,0.03160705,0.03595946,0.01040082,0.01914556,0.008684574,0.004825911,0.005940577,0.005988326
330,185.4552,0.6047171,1.25e-06,0.3689188,9.17e-07,0.02909188,0.0751865,0.03072146,0.02610055,0.01590582,0.0308663,0.01169115,0.004540328,0.00590066,0.00579141
331,186.0599,0.5298025,1.417e-06,0.3683496,9.17e-07,0.0289183,0.01426357,0.02893555,0.03332788,0.01135199,0.01954131,0.008322158,0.004686911,0.00576816,0.006334743
332,186.5897,0.5123996,1.25e-06,0.3691237,8.33e-07,0.02598139,0.01424873,0.02846414,0.01795265,0.009620489,0.02006664,0.009573489,0.003917996,0.006356159,0.007092159
333,187.1021,0.5234069,1.334e-06,0.369761,1.083e-06,0.02577081,0.01429948,0.02979405,0.02598405,0.008386074,0.01933756,0.01044199,0.00598016,0.006934492,0.006714826
334,187.6255,0.5695331,1.333e-06,0.3682955,1.167e-06,0.02887438,0.04902269,0.03202505,0.03555438,0.01101957,0.01923556,0.008982657,0.004712328,0.005735576,0.00607291
335,188.1951,0.5774342,1.25e-06,0.3682477,1.084e-06,0.02804913,0.04977853,0.03080547,0.03281621,0.01101541,0.02563664,0.01161107,0.006413326,0.007207575,0.005850827
336,188.7725,0.5917823,1.333e-06,0.3683567,1.083e-06,0.02916155,0.07401042,0.03105905,0.03410379,0.01038916,0.01935056,0.008527157,0.004728744,0.005903493,0.006189327
337,189.3643,0.5222855,1.333e-06,0.3695621,9.17e-07,0.02752838,0.01395323,0.02914722,0.02868872,0.00894899,0.01951706,0.009130656,0.004660828,0.006050493,0.005095578
338,189.8866,0.5664456,1.417e-06,0.3677259,1e-06,0.02800438,0.04962486,0.03070097,0.03444296,0.01101865,0.01951148,0.008677073,0.004705245,0.005867493,0.00616416
339,190.453,0.5204238,1.5e-06,0.3689288,6.67e-07,0.02691472,0.01428423,0.02911738,0.02823514,0.009343072,0.01936181,0.008379824,0.004753411,0.00600416,0.005099077
340,190.9735,0.5950864,1.25e-06,0.3691287,9.17e-07,0.02942288,0.07466517,0.0307368,0.03534163,0.01032715,0.01939281,0.00922349,0.004873661,0.00594566,0.006026243
341,191.5685,0.5955946,1.416e-06,0.369974,8.34e-07,0.02944838,0.07408058,0.03111805,0.03479954,0.009284573,0.01882406,0.009496656,0.004947911,0.006331743,0.007286825
342,192.1641,0.5923101,1.417e-06,0.3684798,1e-06,0.02913263,0.07448775,0.0310543,0.0334963,0.01009891,0.0192994,0.008817156,0.004776828,0.006259743,0.006404826
343,192.7564,0.5094339,1.25e-06,0.3683341,8.34e-07,0.02579589,0.01403707,0.02841005,0.0182424,0.008768074,0.01961314,0.009782906,0.003907662,0.006545159,0.00599541
344,193.2659,0.5231442,1.333e-06,0.3684712,6.67e-07,0.02647505,0.01428215,0.03001513,0.02518722,0.00833524,0.0194209,0.01093182,0.00591591,0.006888742,0.007218908
345,193.789,0.5407934,1.333e-06,0.3704324,1.167e-06,0.02775355,0.01426515,0.02896638,0.03413138,0.01162415,0.02755922,0.009232906,0.004642745,0.005864327,0.006318659
346,194.3298,0.5655127,1.167e-06,0.3677155,9.17e-07,0.02811272,0.04946236,0.03072322,0.03334438,0.01186815,0.01932839,0.008841074,0.004679744,0.006324493,0.005110578
347,194.8953,0.5121711,1.25e-06,0.3689742,8.34e-07,0.02648222,0.01398448,0.02853288,0.01836465,0.00892074,0.01952131,0.0101969,0.003848912,0.006381243,0.006961409
348,195.4075,0.5231663,1.25e-06,0.3678971,1.083e-06,0.02610597,0.01419073,0.02864322,0.0273013,0.008468907,0.01948264,0.01086349,0.00596316,0.007230825,0.007016659
349,195.9307,0.5129533,1.333e-06,0.3709146,9.16e-07,0.02638455,0.01432198,0.02836055,0.01855489,0.00886899,0.01994614,0.009794989,0.003867496,0.006157909,0.005778994
350,196.4436,0.5110778,1.25e-06,0.3678502,8.33e-07,0.02637972,0.01417232,0.02854097,0.01905456,0.00882899,0.01993239,0.009998822,0.003845995,0.00652666,0.005945076
351,196.9547,0.5324274,1.416e-06,0.3692799,9.17e-07,0.02732322,0.01397515,0.02868388,0.03135396,0.01134599,0.02489739,0.01006007,0.004671911,0.005775743,0.005057828
352,197.4871,0.5297185,1.25e-06,0.3675217,1.084e-06,0.0289023,0.01417973,0.02902213,0.03549279,0.01090524,0.01920881,0.008876906,0.004733162,0.005785493,0.005087828
353,198.0168,0.5664269,1.25e-06,0.3687991,9.17e-07,0.02884997,0.04954319,0.03141955,0.03268288,0.01042299,0.01925298,0.009017323,0.004832245,0.006233159,0.005371328
354,198.5833,0.5100177,1.666e-06,0.3680922,9.16e-07,0.0265483,0.01426432,0.02865513,0.02066206,0.00876049,0.01931781,0.00874249,0.003937579,0.005171661,0.005862993
355,199.0933,0.5516826,1.416e-06,0.3901456,1.167e-06,0.02752689,0.01423182,0.02885622,0.03557429,0.008884156,0.01939606,0.00899724,0.004796328,0.006096243,0.007175242
356,199.645,0.5939787,1.25e-06,0.3687029,9.17e-07,0.02959638,0.07431092,0.03098846,0.03505913,0.00914124,0.01931256,0.009154407,0.004759578,0.006058826,0.006892075
357,200.2389,0.5323786,1.416e-06,0.3681465,9.16e-07,0.02722614,0.01429048,0.02895813,0.03164138,0.01082707,0.02488139,0.01025724,0.004668578,0.005913493,0.005565827
358,200.7713,0.591418,1.333e-06,0.3691308,1.25e-06,0.02892747,0.07406892,0.03129305,0.03520954,0.008810074,0.01930156,0.00921499,0.004754661,0.00562566,0.005078661
359,201.3627,0.5679167,1.25e-06,0.3686715,1e-06,0.0274143,0.05004519,0.03085213,0.03548463,0.01059932,0.01925031,0.008966573,0.004819244,0.005813827,0.00599741
360,201.9307,0.5232413,1.5e-06,0.3685424,1e-06,0.02672922,0.01414698,0.02891055,0.02714605,0.008258158,0.01927623,0.01092415,0.006040577,0.006916242,0.006348242
361,202.4539,0.5238844,1.333e-06,0.3687328,1e-06,0.02589997,0.01425423,0.0297713,0.0276533,0.008309657,0.01948573,0.01074407,0.005915826,0.007062742,0.00605241
362,202.9778,0.5313629,1.25e-06,0.3686232,9.17e-07,0.0284143,0.01430773,0.02917063,0.03481771,0.01097949,0.01932698,0.00876524,0.004663245,0.00578041,0.006511743
363,203.5092,0.5911707,1.25e-06,0.368788,1e-06,0.02913947,0.0745075,0.0311753,0.03472113,0.00874799,0.01936206,0.008887156,0.004783995,0.005660577,0.005395327
364,204.1003,0.5944146,1.25e-06,0.3684233,9.16e-07,0.02929197,0.07453583,0.03108963,0.03586929,0.01024065,0.01934664,0.008790156,0.004789078,0.006029827,0.006005993
365,204.6947,0.5686974,1.333e-06,0.3690762,1.333e-06,0.02790963,0.04967319,0.03114471,0.03395313,0.0116384,0.01914148,0.008999073,0.004703745,0.006728992,0.00572616
366,205.2634,0.5319675,1.333e-06,0.3683479,9.17e-07,0.02870505,0.0145239,0.02901672,0.03526246,0.01095107,0.01938973,0.008873823,0.004755495,0.005698076,0.006440993
367,205.7954,0.5906111,1.25e-06,0.3680808,9.16e-07,0.02901397,0.07407975,0.03096196,0.03375838,0.008897573,0.01940323,0.00882124,0.004617661,0.00621191,0.006762409
368,206.386,0.5907482,1.25e-06,0.3679175,1.5e-06,0.0290698,0.07404683,0.03088205,0.03535713,0.00869574,0.01944256,0.008929157,0.004676244,0.005921744,0.00580666
369,206.9768,0.5947492,1.167e-06,0.3721816,9.16e-07,0.02892422,0.07382575,0.0309823,0.03413979,0.008862323,0.01926031,0.008843823,0.004733328,0.006043493,0.006950242
370,207.5715,0.528415,1.25e-06,0.3674966,9.17e-07,0.02890472,0.01431432,0.02910355,0.03244663,0.01165365,0.01930964,0.009066407,0.004725828,0.005785993,0.005605494
371,208.0999,0.6013876,1.167e-06,0.3684672,8.34e-07,0.02966122,0.07347975,0.03077288,0.02525339,0.01451382,0.02959372,0.01265965,0.004530495,0.006398076,0.006055326
372,208.7013,0.565415,1.25e-06,0.3685859,9.16e-07,0.02785355,0.04963944,0.03050422,0.03459271,0.009312323,0.01945831,0.008809157,0.004784411,0.006027993,0.005844827
373,209.2667,0.5900752,1.25e-06,0.3689067,1e-06,0.02888105,0.07351242,0.03182471,0.03328096,0.00881849,0.01945739,0.008630824,0.004638828,0.006371409,0.00575016
374,209.8568,0.5916741,1.5e-06,0.3687444,9.17e-07,0.02934988,0.07316667,0.0321193,0.03460513,0.008705156,0.01939306,0.008950823,0.004697161,0.005710827,0.006229243
375,210.4485,0.5110018,1.583e-06,0.3692922,1e-06,0.02532697,0.01429107,0.02845605,0.01796173,0.008995989,0.01999531,0.009735239,0.003908412,0.007080742,0.00595541
376,210.9595,0.5912944,1.5e-06,0.3687882,9.17e-07,0.02892505,0.07398025,0.0308993,0.03483979,0.008787407,0.01940464,0.009153657,0.004700744,0.005837744,0.005975243
377,211.5508,0.5224535,1.167e-06,0.3673771,8.34e-07,0.02593322,0.01430857,0.02957322,0.02681105,0.007928908,0.0193759,0.01086424,0.006009077,0.007162658,0.007107576
378,212.0732,0.5914737,1.167e-06,0.368642,9.17e-07,0.02924888,0.07394275,0.03096963,0.03386988,0.009010906,0.01945898,0.008690323,0.004751662,0.006130576,0.006756076
379,212.6647,0.5260799,1.417e-06,0.3676667,9.17e-07,0.02878855,0.01430407,0.02895597,0.03257613,0.01038682,0.01939323,0.008461574,0.004744661,0.00579991,0.004999911
380,213.1908,0.5300958,1.25e-06,0.3679309,1.25e-06,0.02697247,0.0142814,0.02833972,0.02637097,0.01044949,0.02475289,0.01084957,0.00618791,0.007804741,0.006153243
381,213.7209,0.5309395,1.333e-06,0.3670795,1.166e-06,0.02740647,0.01421573,0.02897563,0.03067971,0.01079157,0.02497681,0.01018232,0.004619912,0.006478659,0.00553066
382,214.2518,0.6150966,1.334e-06,0.3679285,1e-06,0.02901788,0.07403667,0.0327348,0.03790904,0.01198565,0.0292898,0.01113607,0.005774576,0.008410574,0.006870742
383,214.8669,0.5285706,1.417e-06,0.3698427,1e-06,0.02603622,0.01395698,0.0283558,0.02752772,0.0108419,0.01933906,0.0120539,0.006822659,0.007907324,0.00588391
384,215.3955,0.5341371,1.334e-06,0.3679077,9.17e-07,0.02921647,0.01449898,0.0288188,0.03305305,0.01224899,0.02033989,0.009821405,0.004558329,0.006738658,0.006932576
385,215.9296,0.541382,1.5e-06,0.3688468,1.084e-06,0.02879538,0.01425698,0.02913688,0.03409938,0.01215299,0.0272778,0.008833073,0.004513412,0.006777492,0.006689242
386,216.471,0.5667524,1.25e-06,0.3678742,8.34e-07,0.02883288,0.04977086,0.03104588,0.03312688,0.01098732,0.01945548,0.008878073,0.004579412,0.006459826,0.005739493
387,217.0378,0.5293532,1.417e-06,0.367451,9.16e-07,0.02885172,0.01424815,0.02894247,0.03255321,0.0114609,0.01939889,0.00859974,0.004743412,0.006113743,0.006987658
388,217.5671,0.5671522,1.334e-06,0.3675629,6.67e-07,0.02797355,0.04960353,0.03077505,0.03521321,0.01105732,0.01947814,0.009028657,0.004698994,0.00618191,0.00557691
389,218.1343,0.6010695,1.167e-06,0.3683722,9.17e-07,0.0293778,0.07366767,0.03120872,0.03640288,0.0107734,0.02484872,0.008994989,0.004560829,0.006463076,0.006397159
390,218.7353,0.5668711,1.25e-06,0.3678131,1e-06,0.02798414,0.04967703,0.0319088,0.03424088,0.01087407,0.01933639,0.00879724,0.004700745,0.006004909,0.005531577
391,219.3022,0.5307563,1.25e-06,0.3672956,9.16e-07,0.02912355,0.01395698,0.0289093,0.03396338,0.0113779,0.01984989,0.008679823,0.004717411,0.006118327,0.006761992
392,219.833,0.526978,1.416e-06,0.3677245,9.17e-07,0.0263238,0.01418398,0.03124263,0.02814038,0.008366741,0.02032198,0.01123015,0.00600691,0.006933992,0.006500576
393,220.3599,0.5114538,1.5e-06,0.3679776,1e-06,0.02627905,0.0140339,0.0284008,0.01820456,0.01010032,0.02071889,0.009800073,0.003828162,0.006149826,0.005958077
394,220.8714,0.5911692,1.166e-06,0.3686355,1.083e-06,0.02895705,0.0739185,0.03079255,0.03446554,0.009085406,0.01936023,0.008993323,0.004943494,0.005920744,0.006094659
395,221.4626,0.5284407,1.167e-06,0.3688022,9.17e-07,0.0283068,0.01427273,0.02897805,0.0326888,0.01047599,0.01947998,0.008676406,0.004764078,0.005958493,0.00603516
396,221.991,0.5923826,1.333e-06,0.3693186,8.33e-07,0.02944522,0.07432316,0.03125296,0.03456238,0.008811656,0.01935506,0.008974573,0.004780328,0.00560291,0.005953576
397,222.5834,0.5380631,1.334e-06,0.369506,9.17e-07,0.02807088,0.01426307,0.02898338,0.03101196,0.01236982,0.0273303,0.00919624,0.004534578,0.006251159,0.00654341
398,223.1214,0.5233907,1.583e-06,0.3689748,9.16e-07,0.02589789,0.01420048,0.02954038,0.02712739,0.00840274,0.01940898,0.01100207,0.00601466,0.007014492,0.005804243
399,223.6448,0.5618834,1.25e-06,0.3687575,1e-06,0.02770138,0.04963044,0.03052988,0.02522914,0.01049791,0.02012789,0.01034174,0.004679328,0.006688075,0.007697908
400,224.2067,0.6061593,1.333e-06,0.369655,9.17e-07,0.0295108,0.07389442,0.03106305,0.03358104,0.01120882,0.02483964,0.01122607,0.006375576,0.007953907,0.006848743
401,224.8129,0.5330421,1.333e-06,0.3687795,1.084e-06,0.02892188,0.0142539,0.02933638,0.03590263,0.01108524,0.01926856,0.008822574,0.004773827,0.005799494,0.006095743
402,225.3459,0.5914657,1.5e-06,0.3686346,1e-06,0.02907047,0.07410308,0.03100488,0.03443347,0.008666073,0.01933465,0.00893724,0.004697744,0.005950577,0.006630492
403,225.9374,0.5944377,1.416e-06,0.3695829,1.167e-06,0.02933897,0.0749055,0.03104155,0.03488263,0.01043416,0.01943081,0.008451073,0.004700828,0.006444576,0.005222078
404,226.5318,0.5995118,1.333e-06,0.3691137,1.25e-06,0.02960297,0.07395017,0.0314348,0.03490763,0.01073832,0.02519197,0.008800573,0.004542995,0.006018827,0.005207244
405,227.1313,0.5292356,1.416e-06,0.3690431,9.17e-07,0.02729155,0.01427032,0.02912538,0.03537571,0.008943573,0.01935073,0.008911073,0.004719328,0.006449659,0.005752827
406,227.6606,0.5926727,1.25e-06,0.3691327,8.33e-07,0.02940547,0.073979,0.03124862,0.03500863,0.008780323,0.01931264,0.008967406,0.004765745,0.005602743,0.00646741
407,228.2532,0.5433469,1.5e-06,0.3688962,1.084e-06,0.0280328,0.01422023,0.0290533,0.02870338,0.01294765,0.02768047,0.01283407,0.006674909,0.008158574,0.006142743
408,228.7966,0.5908202,1.5e-06,0.3692587,7.5e-07,0.02903613,0.0739055,0.03125788,0.03474738,0.00875074,0.01953414,0.008891907,0.004777411,0.005590244,0.005067827
409,229.3874,0.5312047,1.25e-06,0.3701219,1e-06,0.02807147,0.01395515,0.02891005,0.03331563,0.01103824,0.01941098,0.008615907,0.004671745,0.006203909,0.006887492
410,229.9186,0.592943,1.166e-06,0.3695621,1e-06,0.02935855,0.07392492,0.0309508,0.03444138,0.00883574,0.01938181,0.00904949,0.004643161,0.006105327,0.006687575
411,230.5116,0.6061371,1.333e-06,0.3695357,8.33e-07,0.02921222,0.07406842,0.03094546,0.03379788,0.01124399,0.02486156,0.01102257,0.00649941,0.008184657,0.006763159
412,231.1177,0.5936523,1.333e-06,0.3703461,1e-06,0.02907313,0.0745345,0.0309423,0.03466079,0.008806406,0.01947164,0.008948073,0.004692328,0.006341326,0.00583341
413,231.7113,0.5342633,1.249e-06,0.3692536,9.16e-07,0.02765397,0.0142779,0.0291298,0.03164205,0.01099015,0.02487981,0.01009916,0.004633161,0.00594741,0.00575416
414,232.2456,0.5324026,1.25e-06,0.3701942,1.083e-06,0.02898522,0.01396415,0.0289058,0.03312171,0.01164024,0.01943906,0.009050073,0.004709578,0.00600691,0.006383326
415,232.778,0.5937037,1.5e-06,0.3689672,1.084e-06,0.02909013,0.07434167,0.03086155,0.03457229,0.009196656,0.01930089,0.009085823,0.004856494,0.00633516,0.007093242
416,233.3717,0.5281553,1.417e-06,0.368423,1.083e-06,0.02835938,0.01402915,0.0288903,0.03178338,0.01189107,0.01944223,0.009005823,0.004693161,0.006121243,0.005514077
417,233.8999,0.5912188,1.333e-06,0.3698729,1.166e-06,0.0289248,0.07411025,0.03108413,0.03504096,0.008794074,0.01925164,0.008672074,0.004780661,0.005609994,0.005074827
418,234.4911,0.5665298,1.166e-06,0.3700083,1e-06,0.02617064,0.04962553,0.03165371,0.03338804,0.01026857,0.01934873,0.008986907,0.004734411,0.005920743,0.006421993
419,235.0576,0.5932017,1.334e-06,0.3703987,1.083e-06,0.0289463,0.07407216,0.03096238,0.03509621,0.00876424,0.01937039,0.00874374,0.004639911,0.00580516,0.006400076
420,235.6508,0.5947321,1.333e-06,0.3690437,8.33e-07,0.02931288,0.07327692,0.03161455,0.03538504,0.01098682,0.01964114,0.008620073,0.004708911,0.005835744,0.006304159
421,236.2456,0.5110042,1.333e-06,0.369346,9.16e-07,0.02589614,0.01429573,0.02845705,0.0185639,0.008879823,0.01984439,0.009523823,0.003885662,0.005954577,0.006354826
422,236.7566,0.5949417,1.417e-06,0.3693715,1e-06,0.02924688,0.07390292,0.03095338,0.03642904,0.008818156,0.01928215,0.009051573,0.004634661,0.00606116,0.007187825
423,237.3515,0.5919132,1.417e-06,0.368642,9.17e-07,0.02931538,0.07400342,0.0311823,0.03472629,0.008857157,0.01933689,0.008921323,0.004762244,0.00568291,0.00648091
424,237.9434,0.5928539,1.25e-06,0.36916,1.25e-06,0.02933538,0.07406792,0.03095271,0.0339823,0.009037324,0.01937173,0.00913049,0.004741911,0.006196493,0.006875159
425,238.5363,0.5126842,1.167e-06,0.369144,8.34e-07,0.02719922,0.01424598,0.0287578,0.02158764,0.00871424,0.01943689,0.00892474,0.003969162,0.005352994,0.005349494
426,239.049,0.5633174,1.25e-06,0.3683954,1.084e-06,0.02797813,0.04949644,0.03109955,0.03303338,0.008872407,0.01942314,0.008696907,0.004617328,0.006107077,0.005595326
427,239.6123,0.5670373,1.333e-06,0.3679542,9.17e-07,0.02802555,0.04964161,0.0305443,0.03363888,0.01165207,0.01954789,0.008946823,0.004727995,0.005970243,0.006385492
428,240.1793,0.5339574,1.25e-06,0.3692855,1e-06,0.02827497,0.01433732,0.02881497,0.03253963,0.0122874,0.02027248,0.009899989,0.004681744,0.007034909,0.006526242
429,240.7133,0.5310341,1.5e-06,0.3686357,9.17e-07,0.02681989,0.01441007,0.0288128,0.02466372,0.01091565,0.02466831,0.0113149,0.006131993,0.008382573,0.006276077
430,241.2443,0.5342361,1.333e-06,0.3697384,9.17e-07,0.02802138,0.01428723,0.02900055,0.0323038,0.01231874,0.02049831,0.009785072,0.004581495,0.007185575,0.006513326
431,241.7785,0.5308033,1.333e-06,0.3684777,9.17e-07,0.02670639,0.01426257,0.02872905,0.02497489,0.01071932,0.02465514,0.01128257,0.00614541,0.008583573,0.00626441
432,242.3093,0.5425588,1.333e-06,0.3714933,8.34e-07,0.0273348,0.01432807,0.02911472,0.03203821,0.01316748,0.0280823,0.009614155,0.004512745,0.006648159,0.00622266
433,242.8519,0.5325901,1.167e-06,0.3717405,1e-06,0.02918147,0.01428882,0.02880797,0.0321558,0.01163874,0.01952973,0.008729323,0.004732995,0.006406909,0.005375744
434,243.3845,0.5965951,1.333e-06,0.3688337,9.17e-07,0.02902263,0.0741385,0.03096063,0.03554788,0.01088365,0.01876256,0.01023999,0.004638078,0.007640824,0.00592441
435,243.9811,0.5280454,1.25e-06,0.3675542,8.33e-07,0.02835647,0.01395773,0.0287613,0.03237596,0.0121149,0.01923139,0.008644324,0.004742328,0.00581466,0.006490076
436,244.5091,0.5083522,1.333e-06,0.3675233,1e-06,0.02596122,0.01416607,0.02837155,0.0179894,0.00871249,0.02024889,0.009951489,0.003886662,0.006017743,0.005520994
437,245.0175,0.5288446,1.333e-06,0.368687,1e-06,0.0287383,0.01431148,0.02890413,0.03240446,0.01171382,0.01949056,0.00897524,0.004781995,0.00589566,0.004939577
438,245.5463,0.5946161,1.666e-06,0.368139,8.33e-07,0.02936897,0.07366175,0.03109463,0.03431479,0.01107424,0.01931598,0.00879474,0.004655078,0.006247326,0.007947074
439,246.1409,0.5912176,1.5e-06,0.3689857,8.33e-07,0.02901672,0.0739885,0.03092613,0.03378838,0.00897874,0.01936298,0.008998324,0.004693244,0.005953077,0.006523409
440,246.7322,0.5940862,1.5e-06,0.3684527,1e-06,0.02922847,0.07447208,0.03263905,0.03392213,0.01026724,0.01942206,0.008875074,0.004659244,0.00609991,0.006045743
441,247.3262,0.5895942,1.166e-06,0.3681487,1.084e-06,0.02890497,0.074177,0.03087572,0.03488788,0.008858574,0.01920773,0.009004906,0.004811995,0.005806993,0.004907494
442,247.9158,0.5911166,1.417e-06,0.3677384,8.34e-07,0.0290988,0.07391633,0.0316638,0.03499913,0.00879324,0.01942465,0.008961739,0.004719162,0.00567791,0.00612116
443,248.507,0.5947941,1.333e-06,0.3681,8.34e-07,0.02962355,0.07397125,0.03090463,0.03481896,0.01104374,0.01916998,0.009486155,0.004696828,0.006090993,0.006885826
444,249.1017,0.5914186,1.25e-06,0.3679928,7.5e-07,0.02933597,0.074984,0.03095796,0.03388054,0.008861073,0.01933764,0.008963324,0.004641578,0.006007243,0.006454409
445,249.6932,0.5102653,1.417e-06,0.368107,9.17e-07,0.02627064,0.0141474,0.02839372,0.01921231,0.008871989,0.02010056,0.01008774,0.003896662,0.005918327,0.005256661
446,250.2034,0.5827773,1.25e-06,0.367944,7.5e-07,0.0284618,0.04901503,0.02995805,0.03436388,0.01166007,0.02627139,0.01322815,0.006994325,0.008205324,0.006673243
447,250.7862,0.6037021,1.333e-06,0.3684282,9.17e-07,0.02886563,0.07387916,0.03110138,0.03510088,0.01142532,0.02459406,0.01106765,0.006586492,0.007285159,0.00536591
448,251.3899,0.5942218,1.333e-06,0.3679067,1e-06,0.02931872,0.07379058,0.03189988,0.03499396,0.01093315,0.0193274,0.009287406,0.004705744,0.00631491,0.005740993
449,251.9841,0.5926681,1.167e-06,0.3683133,1.25e-06,0.02913555,0.07402475,0.03097321,0.03470671,0.009966572,0.01941406,0.00902574,0.004705828,0.005897576,0.006502326
450,252.5768,0.5247601,1.333e-06,0.3668082,8.33e-07,0.0282533,0.01427673,0.02925188,0.03140805,0.0101784,0.01933123,0.009136323,0.004744161,0.005596994,0.005772743
451,253.1016,0.5936865,1.334e-06,0.370749,1e-06,0.02782555,0.04944161,0.03051763,0.03701896,0.01285548,0.03066546,0.01150899,0.006479076,0.009170823,0.007451575
452,253.6952,0.5342256,1.333e-06,0.3669709,8.34e-07,0.02910472,0.01401198,0.02892672,0.03386771,0.01226182,0.02019581,0.01043474,0.004651244,0.007031992,0.006765743
453,254.2295,0.5891186,1.25e-06,0.3680278,1.25e-06,0.02930813,0.07609283,0.03114513,0.02519481,0.01003649,0.01999648,0.01026807,0.004674745,0.007270908,0.007100658
454,254.8186,0.5916586,1.167e-06,0.3672032,1e-06,0.02936155,0.07410833,0.03095246,0.03482671,0.00878399,0.01947598,0.00908999,0.004786078,0.006187492,0.006880659
455,255.4103,0.5329664,1.333e-06,0.3728942,9.17e-07,0.02873538,0.01434915,0.02885188,0.03248546,0.0116749,0.01944123,0.008781574,0.004814661,0.006012909,0.004922828
456,255.9432,0.6051159,1.333e-06,0.3679703,8.33e-07,0.02944805,0.07427066,0.03107705,0.03645379,0.01216515,0.02719947,0.009984488,0.004753578,0.00573216,0.006058993
457,256.5483,0.5893441,1.083e-06,0.3668968,1e-06,0.02888313,0.07423983,0.0310508,0.03340013,0.00880999,0.01957189,0.008839573,0.004727911,0.006121327,0.006800575
458,257.1377,0.60453,1.25e-06,0.3677318,9.16e-07,0.02833688,0.07447383,0.03094571,0.03607538,0.0113819,0.02509189,0.01096374,0.006450659,0.006951742,0.006124243
459,257.7422,0.5939348,1.166e-06,0.36839,1.25e-06,0.02896463,0.07404758,0.03101955,0.03449304,0.01055391,0.01880581,0.009641072,0.004797078,0.006250909,0.006968826
460,258.3361,0.5956798,1.416e-06,0.3691791,9.17e-07,0.02903655,0.07410883,0.02970563,0.02512964,0.0109199,0.02754372,0.0118049,0.005290078,0.006024493,0.006934659
461,258.9318,0.5111915,1.25e-06,0.367977,7.5e-07,0.0257483,0.01431207,0.02844322,0.01824573,0.009167072,0.02014148,0.009761489,0.003905996,0.007352658,0.006134493
462,259.443,0.5382933,1.333e-06,0.3683864,7.5e-07,0.02948705,0.01431782,0.02847863,0.03165955,0.01120932,0.02473064,0.01103082,0.006433242,0.007062075,0.005495661
463,259.9813,0.5391813,1.417e-06,0.3685013,1.166e-06,0.02728055,0.01451857,0.02891547,0.03334029,0.01219299,0.02761647,0.009116073,0.004530412,0.006662992,0.006503576
464,260.5205,0.5681798,1.333e-06,0.3674917,8.34e-07,0.02777055,0.04953103,0.03176771,0.03385621,0.01164849,0.01914381,0.009430906,0.004637578,0.00614741,0.006752242
465,261.0887,0.5311486,1.167e-06,0.3681902,1e-06,0.02803605,0.01429357,0.02880988,0.03479521,0.01130057,0.01929456,0.009000573,0.004731745,0.005946409,0.006747659
466,261.6198,0.5937837,1.417e-06,0.3685814,9.17e-07,0.02955013,0.07465258,0.03090838,0.03612112,0.00890524,0.0193729,0.008927573,0.004768827,0.005908494,0.006084659
467,262.2136,0.5919446,1.583e-06,0.3695019,8.34e-07,0.02929472,0.07394291,0.03108805,0.03562229,0.008903323,0.01944798,0.008759573,0.004765328,0.00570366,0.004912411
468,262.8055,0.5643332,1.333e-06,0.3684368,8.34e-07,0.02742872,0.05001011,0.03083697,0.03500796,0.009074323,0.01939164,0.00844924,0.004716578,0.005602744,0.00537591
469,263.3699,0.5663825,1.5e-06,0.3689407,8.33e-07,0.02749388,0.04987969,0.03069246,0.03365888,0.00884674,0.01922781,0.009347822,0.004703661,0.006492576,0.007095909
470,263.9363,0.6018286,1.25e-06,0.3683402,1.083e-06,0.02919088,0.07446475,0.03097513,0.03357838,0.01162107,0.02747472,0.009046573,0.004495328,0.006234493,0.006404742
471,264.5381,0.5914937,1.333e-06,0.3686277,8.34e-07,0.02904297,0.07430208,0.03095346,0.03529712,0.008843323,0.01938056,0.009016906,0.004741161,0.006079243,0.005206994
472,265.1296,0.5700723,1.333e-06,0.3694752,8.33e-07,0.02804797,0.04968094,0.03128638,0.03517329,0.01089707,0.01950739,0.00883074,0.004676661,0.006142326,0.006352243
473,265.6997,0.5923841,1.417e-06,0.3698957,7.5e-07,0.02915697,0.07409808,0.03092771,0.03546138,0.008719074,0.01946381,0.008758239,0.004709078,0.00608041,0.005111411
474,266.292,0.6046534,1.25e-06,0.3694966,8.33e-07,0.02931355,0.07401633,0.03108491,0.02539269,0.01188216,0.0280623,0.01386423,0.006653659,0.008747156,0.006137743
475,266.8967,0.5350351,1.417e-06,0.3706823,9.17e-07,0.02945922,0.01433398,0.02905305,0.03447504,0.01106174,0.01955281,0.008757906,0.004761828,0.006139493,0.006755326
476,267.4317,0.5927501,1.166e-06,0.3696534,8.33e-07,0.02949688,0.07356967,0.03114113,0.03512296,0.008701824,0.01934639,0.00885299,0.004695911,0.005693494,0.006473409
477,268.0245,0.5246316,1.166e-06,0.3692702,8.33e-07,0.02810555,0.01396482,0.02897955,0.02850313,0.01026557,0.01967789,0.009460989,0.004728245,0.006179326,0.005494244
478,268.5491,0.5941159,1.167e-06,0.3694197,1e-06,0.02944855,0.07451975,0.03095321,0.03506563,0.01039507,0.01941273,0.009028073,0.004710911,0.006056909,0.005103161
479,269.1432,0.593834,1.5e-06,0.3699847,9.16e-07,0.02912513,0.07395675,0.03149005,0.03569638,0.008874156,0.01945139,0.00878224,0.004762078,0.005759494,0.005949159
480,269.7371,0.5935251,1.167e-06,0.369269,1.084e-06,0.02917222,0.07430683,0.03065363,0.02586339,0.01162749,0.02245998,0.009864822,0.004614994,0.008184158,0.007506324
481,270.3306,0.5947788,1.25e-06,0.3687331,1e-06,0.02916997,0.07382325,0.03115038,0.03555787,0.009106656,0.01914323,0.009864989,0.004739411,0.006565492,0.006922242
482,270.9254,0.5345005,1.417e-06,0.3698077,8.33e-07,0.02933688,0.01413982,0.02916872,0.03589554,0.01123265,0.01938448,0.008823739,0.004705412,0.00588916,0.006114159
483,271.4599,0.5943647,1.167e-06,0.3694181,1e-06,0.02903155,0.07434591,0.0315243,0.03701162,0.009070823,0.01925698,0.008644573,0.004793661,0.00607991,0.005185077
484,272.0542,0.5374689,1.25e-06,0.3696106,1e-06,0.0271873,0.01428023,0.0287618,0.03269821,0.01178557,0.02736505,0.009112073,0.004579328,0.00575316,0.006333326
485,272.5917,0.5333636,1.25e-06,0.3696796,8.33e-07,0.02938113,0.0143229,0.02894422,0.03402963,0.01121982,0.01944589,0.008612824,0.004661161,0.006069326,0.006994992
486,273.1251,0.5249176,1.167e-06,0.3696437,9.17e-07,0.02607589,0.01430523,0.03044605,0.02656822,0.008356824,0.01946448,0.01090432,0.005998577,0.007024408,0.006127827
487,273.65,0.5700379,1.334e-06,0.3705204,9.17e-07,0.02878972,0.04962494,0.03082671,0.03506846,0.01066049,0.01944581,0.008608906,0.004773161,0.00599041,0.00572666
488,274.22,0.5625373,1.25e-06,0.368475,1.167e-06,0.02793063,0.04907044,0.02998188,0.03358246,0.008869156,0.01934256,0.009302073,0.004662161,0.005969493,0.005348994
489,274.7826,0.525948,1.417e-06,0.3671388,9.17e-07,0.02859688,0.01426948,0.02869388,0.03157638,0.01177615,0.0193584,0.008232073,0.004756828,0.005924993,0.005621744
490,275.3085,0.5992456,1.333e-06,0.3682332,8.33e-07,0.02931472,0.07407958,0.03104955,0.03296688,0.01075332,0.0250298,0.01026232,0.004532662,0.006587742,0.006433743
491,275.9077,0.529697,1.333e-06,0.3687906,7.5e-07,0.02722814,0.01431007,0.02917055,0.03575254,0.008889573,0.01943798,0.008816906,0.004693912,0.005902659,0.006701993
492,276.4374,0.539409,1.333e-06,0.371764,8.34e-07,0.02821813,0.01399365,0.0290263,0.03509396,0.01212415,0.02017648,0.01011291,0.004660745,0.007107325,0.007129242
493,276.9769,0.5291165,1.25e-06,0.3677737,8.33e-07,0.02818588,0.0142394,0.0288063,0.03332071,0.01140149,0.01950481,0.008859823,0.004876161,0.006094327,0.006051743
494,277.506,0.5921744,1.25e-06,0.3670439,9.16e-07,0.02757397,0.04968719,0.03055655,0.03667287,0.01305807,0.03306546,0.01322415,0.006696576,0.008720656,0.005872827
495,278.0981,0.5914852,1.5e-06,0.3685755,1.167e-06,0.0289368,0.07452608,0.03093613,0.03442129,0.009041156,0.01949681,0.008897073,0.004774411,0.005751244,0.006126076
496,278.6896,0.6070047,1.25e-06,0.3704234,1e-06,0.0295273,0.07448383,0.03092663,0.03534979,0.01088424,0.02512589,0.01068949,0.006473575,0.007000826,0.006117493
497,279.2966,0.5738426,1.333e-06,0.3764145,9.16e-07,0.02783697,0.04896869,0.02996763,0.03528654,0.01030157,0.01951731,0.00897124,0.004760161,0.005734577,0.00608116
498,279.8705,0.5236712,1.417e-06,0.3679857,9.17e-07,0.02621389,0.01418023,0.02866563,0.02762938,0.008460157,0.01951789,0.0111064,0.006024326,0.006903075,0.006982159
499,280.3941,0,0,0,0,0,0,0,0,0,0,0,0,0,0

Averages:
0.5607883,1.364986e-06,0.3683332,9.7534e-07,0.02819338,0.04432888,0.03010095,0.03180305,0.01020722,0.02078683,0.009520058,0.004928078,0.006379689,0.006204641
