OpenCV version: 2.4
Usage: 7-SobelDerivatives <input-number> [<samples>]
input-number - is the video device number. Defaults to zero. E.g. for /dev/video2 just use '2' as argument.
samples - number of samples before application ends. Defaults to 1000; zero means infinite.
sample_number,elapsed_time,frame,mat_alloc,read_img,convert_color,gaussian_blur,sobel,convert_scale,sobel2,conver_scale2,add_weighted,show_img
0,0,0.0371707,6.475e-05,0.01115382,0.003661245,0.008283655,0.002547329,0.00252058,0.00235558,0.002497913,0.002615163,0.001470665
1,0.0371707,0.0487256,1.167e-06,0.01155998,0.00254858,0.008428072,0.002688829,0.002263747,0.001904081,0.0116604,0.00704899,0.000621749
2,0.0858963,0.03115979,1.417e-06,0.01120798,0.001305332,0.007751322,0.001839748,0.00225383,0.001768664,0.00225358,0.00244408,0.000333833
3,0.1170561,0.03124171,1.5e-06,0.01142265,0.001239081,0.007739989,0.001898914,0.002245081,0.001790914,0.002235413,0.00241858,0.000249583
4,0.1482978,0.03065754,1.167e-06,0.01075899,0.001312081,0.007743656,0.001880664,0.002246414,0.001801247,0.00224633,0.002424997,0.000242
5,0.1789553,0.04460894,1e-06,0.02020356,0.001834581,0.009779736,0.00242058,0.002859579,0.002277331,0.002641496,0.00237058,0.0002205
6,0.2235643,0.03062554,1.083e-06,0.01088174,0.001200498,0.007778656,0.001865914,0.002239163,0.001771248,0.002246913,0.002421497,0.000218833
7,0.2541898,0.03628128,1.25e-06,0.01486256,0.002347414,0.008120238,0.001926414,0.002325747,0.001790497,0.002233581,0.002453496,0.000220083
8,0.2904711,0.04431927,1.25e-06,0.01755047,0.003125329,0.009034487,0.001882748,0.002288246,0.001793998,0.002234497,0.006170741,0.0002375
9,0.3347904,0.07646956,3.084e-06,0.04395611,0.006279574,0.01159707,0.00275183,0.003182328,0.002784247,0.003074662,0.002450996,0.000389667
10,0.4112599,0.05314984,2.167e-06,0.02556413,0.006001242,0.01079615,0.001858998,0.00223583,0.001778914,0.002268914,0.002425996,0.0002175
11,0.4644098,0.03418179,1.5e-06,0.0129179,0.002254914,0.008222905,0.001854414,0.002233913,0.001779664,0.002236331,0.002461996,0.00021825
12,0.4985916,0.03851845,1.334e-06,0.01600198,0.002607497,0.00896332,0.001861831,0.002233497,0.001849414,0.002254997,0.00252333,0.000221249
13,0.53711,0.03948361,1.25e-06,0.01625523,0.003079996,0.00922157,0.001863498,0.00237508,0.001803414,0.002233747,0.002419496,0.000230333
14,0.5765936,0.04408544,1.167e-06,0.02038631,0.002714746,0.009392237,0.00203508,0.002472663,0.001975498,0.002500079,0.002391914,0.000215749
15,0.620679,0.0341102,1.417e-06,0.01296548,0.002032664,0.007934572,0.001942831,0.002239913,0.002112414,0.002235247,0.002424997,0.000220666
16,0.6547892,0.03563762,1.25e-06,0.01354365,0.002408497,0.008708571,0.001901997,0.00234258,0.001849581,0.00223408,0.002418914,0.000228499
17,0.6904269,0.03950169,1.333e-06,0.01668723,0.002705413,0.009240737,0.001856081,0.002239497,0.001773664,0.00226758,0.00251008,0.000220083
18,0.7299286,0.04162969,0.000425833,0.01818697,0.003531495,0.008235822,0.001869331,0.00222958,0.00226158,0.002243747,0.002423413,0.000221916
19,0.7715583,0.03385654,1.334e-06,0.0128539,0.002041831,0.008060322,0.001861247,0.002321664,0.00183083,0.002240247,0.00242708,0.000218083
20,0.8054148,0.0348492,1.166e-06,0.0133064,0.002555497,0.007935905,0.002000664,0.002231414,0.001813497,0.00232583,0.002456413,0.000222417
21,0.840264,0.0378562,1.25e-06,0.01518556,0.002673579,0.009092821,0.001955747,0.00223458,0.001806331,0.00226733,0.00241833,0.000220666
22,0.8781202,0.04120878,0.0001045,0.01757497,0.003343495,0.008824571,0.001861914,0.002236164,0.00224583,0.00236433,0.002434246,0.00021875
23,0.919329,0.0342352,1.083e-06,0.01276748,0.002479663,0.008110989,0.001918164,0.002240497,0.001804414,0.00227483,0.002418496,0.000219584
24,0.9535642,0.03408762,1.084e-06,0.0127144,0.002431497,0.007895906,0.00208308,0.002234497,0.001815497,0.002233747,0.002417913,0.00026
25,0.9876518,0.03759853,1.084e-06,0.01482656,0.002704163,0.00921932,0.001854748,0.00223358,0.001797247,0.002290747,0.002454163,0.000216917
26,1.02525,0.04472177,1.084e-06,0.02062972,0.003186328,0.008756738,0.002156997,0.002954079,0.002007331,0.002353747,0.00239083,0.000284916
27,1.069972,0.03474053,1.166e-06,0.01318465,0.002580747,0.008008905,0.001853581,0.002268247,0.001805664,0.00238008,0.002426997,0.000230499
28,1.104713,0.03439837,1.167e-06,0.01269673,0.002652997,0.008125488,0.001868831,0.00223308,0.001847081,0.002328413,0.002428497,0.000216083
29,1.139111,0.059987,2.25e-06,0.0319802,0.003454746,0.0137014,0.001935164,0.00222283,0.001812831,0.00223433,0.00242583,0.000217416
30,1.199098,0.03902986,1.666e-06,0.01392881,0.002467997,0.008175571,0.001858831,0.002289414,0.004918743,0.002611413,0.002545913,0.000231499
31,1.238128,0.03562503,1.084e-06,0.01410106,0.002465497,0.008160488,0.001867331,0.00225783,0.001809831,0.00223408,0.002513413,0.000214417
32,1.273753,0.03585353,1.084e-06,0.01414648,0.00254533,0.008184571,0.001861914,0.002239581,0.001841497,0.002244914,0.002568663,0.000219499
33,1.309606,0.03957786,1.084e-06,0.01637306,0.003125662,0.009107654,0.001921831,0.002328413,0.001839664,0.002240914,0.00242033,0.000219249
34,1.349184,0.04149586,1.25e-06,0.01860789,0.003552911,0.008315655,0.001943581,0.002241747,0.001832664,0.002361163,0.002421497,0.000217499
35,1.39068,0.03465887,1.333e-06,0.01295548,0.002417413,0.008104739,0.001895914,0.00224283,0.001831748,0.002559746,0.002417747,0.000231916
36,1.425339,0.03410578,1.333e-06,0.0129369,0.002123247,0.008077572,0.00198833,0.00226333,0.001833915,0.00224458,0.002419746,0.000216833
37,1.459445,0.03700528,1e-06,0.01441931,0.002772496,0.008982988,0.001826331,0.002284913,0.001844164,0.002232664,0.002423413,0.000218
38,1.49645,0.04088261,1.25e-06,0.01746748,0.003045162,0.009015071,0.00226908,0.002235913,0.001841414,0.002325997,0.002460747,0.000220499
39,1.537333,0.03726653,1e-06,0.01300323,0.002542329,0.01044965,0.002101748,0.00223458,0.002052413,0.002235247,0.00242583,0.0002205
40,1.574599,0.03861411,1.167e-06,0.01412115,0.002597497,0.008560321,0.001846914,0.002376997,0.004071411,0.002385163,0.002422663,0.000230833
41,1.613213,0.03579828,1.25e-06,0.0108504,0.002274414,0.01146282,0.001935497,0.00241383,0.001885164,0.002330997,0.002425746,0.000218167
42,1.649012,0.05594734,2.75e-06,0.0255463,0.003571328,0.0128309,0.002168164,0.002440497,0.001989747,0.00215533,0.00499641,0.000245916
43,1.704959,0.03473862,1.083e-06,0.01083107,0.002524913,0.01021848,0.001990831,0.00229683,0.001862747,0.002371914,0.002420913,0.000219833
44,1.739698,0.0483881,1.917e-06,0.02398047,0.003289746,0.01012023,0.001904414,0.002233497,0.001845998,0.002233413,0.00246508,0.000313333
45,1.788086,0.03735003,1.167e-06,0.01420106,0.00279833,0.009235903,0.001834498,0.00242508,0.001862831,0.00234033,0.00243108,0.000219749
46,1.825436,0.04090536,1.167e-06,0.01848622,0.003327912,0.008218405,0.001908664,0.00223858,0.001855581,0.002234413,0.002418414,0.000215999
47,1.866341,0.04101936,1.083e-06,0.01747164,0.002962663,0.009503653,0.001918414,0.002236414,0.001918247,0.00235758,0.002429497,0.000220166
48,1.90736,0.03515345,1.333e-06,0.01369031,0.002143413,0.008099989,0.001913914,0.002231747,0.00186808,0.002564163,0.00242033,0.000220167
49,1.942514,0.03450354,1.25e-06,0.01291498,0.002490997,0.008099238,0.001996414,0.002261997,0.001868747,0.002232497,0.00241858,0.000218833
50,1.977017,0.0349197,1.083e-06,0.01337448,0.002467997,0.008054488,0.001917414,0.002323497,0.001896414,0.002237997,0.002417497,0.000228833
51,2.011937,0.03930736,1.167e-06,0.01609223,0.003269163,0.00892132,0.001907664,0.002230664,0.001929997,0.002313664,0.002421413,0.000220083
52,2.051244,0.04097253,1.417e-06,0.01807039,0.002976079,0.008841988,0.001916831,0.002381496,0.001871581,0.00226458,0.002430747,0.000217416
53,2.092217,0.03484204,1.417e-06,0.01289548,0.00230308,0.008337155,0.00190983,0.002546664,0.00186258,0.00223608,0.002530247,0.0002195
54,2.127059,0.03428912,1.333e-06,0.01278473,0.002427247,0.008158488,0.001915748,0.002259496,0.001869664,0.002239747,0.002418247,0.000214416
55,2.161348,0.04076944,1.167e-06,0.01748839,0.003583495,0.008569155,0.001911997,0.002367913,0.001867748,0.00233958,0.002421746,0.00021825
56,2.202118,0.04105486,1.333e-06,0.01867414,0.003108246,0.008275988,0.001909581,0.00226758,0.001870331,0.002238247,0.002479246,0.000230167
57,2.243172,0.03489095,1.083e-06,0.01332706,0.002178664,0.008316655,0.001900414,0.002295247,0.001953247,0.002236997,0.00244958,0.000232
58,2.278063,0.03436354,1.667e-06,0.01271782,0.002546413,0.008100405,0.001906414,0.00225808,0.001857081,0.002234413,0.002521413,0.000219834
59,2.312427,0.04117244,1.167e-06,0.01904764,0.003166829,0.007995405,0.001910997,0.00229233,0.001855581,0.002253997,0.002428247,0.000220249
60,2.353599,0.03503453,1.416e-06,0.01339248,0.002475414,0.008278738,0.001899581,0.002239413,0.001836914,0.002271497,0.002419913,0.000219167
61,2.388634,0.04001436,1.333e-06,0.01704039,0.003047246,0.008887904,0.001916414,0.002289913,0.001857831,0.002322663,0.002430914,0.000219749
62,2.428648,0.04025978,1.333e-06,0.01673298,0.002841246,0.009318653,0.002352497,0.002233747,0.001864247,0.00223583,0.002418997,0.000260249
63,2.468908,0.03445703,1.416e-06,0.0127884,0.00256183,0.008043072,0.001907664,0.002265913,0.001845998,0.002337247,0.002484496,0.000221
64,2.503365,0.03461745,1.25e-06,0.01275498,0.002430414,0.008437821,0.001901497,0.002231664,0.001855247,0.002265664,0.002519746,0.000219167
65,2.537983,0.03506862,1.666e-06,0.01345123,0.002370164,0.008264738,0.001902664,0.00223608,0.001847831,0.002232497,0.002542496,0.00021925
66,2.573051,0.04066019,1.334e-06,0.01838297,0.003171745,0.008229905,0.001916831,0.00224258,0.001837748,0.002239496,0.00241983,0.00021775
67,2.613711,0.04108311,1.083e-06,0.01840356,0.003722662,0.007902322,0.001906331,0.002234247,0.00184708,0.002416914,0.002428163,0.000220749
68,2.654794,0.03441503,1.5e-06,0.0128664,0.002244414,0.008045738,0.001900831,0.00230458,0.001835914,0.00256008,0.002426413,0.000229167
69,2.689209,0.03404862,1.083e-06,0.01282656,0.002134081,0.008126238,0.001987581,0.002266497,0.00182883,0.002240914,0.002418746,0.000218083
70,2.723258,0.03466979,1.5e-06,0.01337806,0.002236497,0.008069739,0.001908331,0.002331496,0.001834498,0.002270913,0.002419247,0.0002195
71,2.757928,0.03919611,1.167e-06,0.01590706,0.003268579,0.009007487,0.001905164,0.00223283,0.001840831,0.00238558,0.00242858,0.000218833
72,2.797124,0.04098703,1.083e-06,0.01785881,0.003485079,0.008604155,0.001894747,0.00223783,0.001840247,0.002378747,0.00245233,0.000234
73,2.838111,0.0352307,1.25e-06,0.01363698,0.002292163,0.008404155,0.001910581,0.002233746,0.001836248,0.00223633,0.002461663,0.000217583
74,2.873342,0.03427678,1.333e-06,0.01280098,0.002404247,0.008086655,0.001987831,0.002233997,0.001877414,0.002235663,0.002431913,0.00021675
75,2.907618,0.04096228,1.167e-06,0.01752564,0.003377245,0.008612905,0.001901497,0.002454163,0.002117497,0.002332913,0.00242108,0.000218167
76,2.948581,0.03395529,1.084e-06,0.01276931,0.002105414,0.008190738,0.001905414,0.002233081,0.001869414,0.002234746,0.00242758,0.0002185
77,2.982536,0.03523237,1.333e-06,0.0135904,0.002602329,0.008058989,0.001985914,0.002243413,0.001836664,0.002272081,0.00242208,0.000219166
78,3.017768,0.03848728,1.417e-06,0.01557473,0.002639246,0.00938457,0.001911581,0.002249247,0.001844747,0.002231747,0.00242258,0.000227416
79,3.056256,0.0450276,1.25e-06,0.02074647,0.003227162,0.009257071,0.002215913,0.002450163,0.002039664,0.002490413,0.00237908,0.000220417
80,3.101283,0.03447045,1.167e-06,0.0128659,0.002327246,0.007918072,0.001981998,0.002236497,0.001841664,0.002328246,0.00274933,0.000220333
81,3.135754,0.03442095,1.167e-06,0.01282915,0.002301164,0.008321155,0.00189033,0.002267747,0.001835831,0.002237997,0.002515913,0.0002205
82,3.170175,0.03568278,1.084e-06,0.0137939,0.002334913,0.008544822,0.00199133,0.002181747,0.001857914,0.00224008,0.002517747,0.00021925
83,3.205857,0.0354962,1.25e-06,0.01330557,0.002576913,0.008207822,0.001903414,0.002236497,0.00193058,0.002234247,0.002878079,0.000221833
84,3.241354,0.03430312,1.167e-06,0.01280548,0.002318414,0.008210905,0.00189833,0.002232997,0.001862831,0.002235163,0.002519247,0.000218583
85,3.275657,0.03511845,1.166e-06,0.01332223,0.002611496,0.008074155,0.001985581,0.00223308,0.001837248,0.002411746,0.002420163,0.000221583
86,3.310775,0.03652761,1.25e-06,0.01330398,0.00241883,0.009794653,0.001917914,0.002378496,0.001833414,0.002239664,0.002418747,0.000220666
87,3.347303,0.04043919,1.334e-06,0.01660789,0.003816911,0.008970904,0.001908498,0.00223283,0.001929081,0.00227208,0.00248008,0.000219583
88,3.387742,0.03438462,1.167e-06,0.01285832,0.00228908,0.008295655,0.001907414,0.00228808,0.001835164,0.002260664,0.00243083,0.000218249
89,3.422127,0.03421904,1.25e-06,0.01277665,0.002104663,0.008128739,0.001984247,0.002501413,0.001842164,0.002234164,0.002425663,0.000220083
90,3.456346,0.04156244,1.334e-06,0.01893897,0.003417495,0.008066572,0.001992581,0.00228383,0.001887247,0.002334414,0.002420246,0.00021975
91,3.497908,0.04480969,1.25e-06,0.02095272,0.003183162,0.008904321,0.002095497,0.002457496,0.002029997,0.002409414,0.002489496,0.000286333
92,3.542718,0.03435262,1.333e-06,0.01271556,0.002259331,0.008428988,0.001907497,0.002234997,0.001919414,0.002242747,0.002423246,0.0002195
93,3.57707,0.03501712,1.167e-06,0.01313831,0.002661829,0.008338905,0.001903164,0.002241664,0.00182983,0.002263664,0.002416496,0.000222083
94,3.612088,0.04103528,1.084e-06,0.01847497,0.003752161,0.007768739,0.001904914,0.002287664,0.001929914,0.002235496,0.00244783,0.0002325
95,3.653123,0.03442787,1.083e-06,0.01279615,0.002227664,0.008231905,0.001891997,0.00223658,0.002116914,0.00228008,0.002425247,0.000220249
96,3.687551,0.0338567,1.5e-06,0.0129359,0.001825497,0.008028906,0.001894664,0.002234163,0.001867081,0.002236247,0.002613663,0.000219083
97,3.721407,0.03490403,1.25e-06,0.01339848,0.002444413,0.007905656,0.001982664,0.002304246,0.001927164,0.002235914,0.00248458,0.000219666
98,3.756311,0.03837628,1.167e-06,0.01551081,0.002535663,0.00935482,0.001901331,0.002231997,0.001838831,0.002234913,0.002544663,0.000222083
99,3.794688,0.03652012,1.334e-06,0.01423681,0.00256058,0.008808487,0.001790831,0.002234247,0.001835081,0.00234833,0.002472246,0.000232167
100,3.831208,0.03930269,1.417e-06,0.01653123,0.002696579,0.009199321,0.001901747,0.002254413,0.001832664,0.002244831,0.002419496,0.000221
101,3.870511,0.04106661,1.333e-06,0.01894089,0.003221746,0.007896322,0.001931414,0.00223333,0.001923414,0.002238997,0.002457746,0.000221417
102,3.911577,0.0343447,1.084e-06,0.01267531,0.002376497,0.008114405,0.001886248,0.002239413,0.00216808,0.002234997,0.002427747,0.000220916
103,3.945922,0.03478187,1.167e-06,0.01314498,0.002564413,0.008195239,0.001895414,0.002232663,0.001866248,0.002234163,0.002417913,0.000229667
104,3.980704,0.0439321,1.5e-06,0.02006381,0.003054329,0.008970571,0.00218483,0.002460747,0.00202908,0.00247758,0.002401413,0.00028825
105,4.024636,0.03698012,1.167e-06,0.01323606,0.002228746,0.01033715,0.001904914,0.00230133,0.001836497,0.00223083,0.002662746,0.000240667
106,4.061616,0.0446701,1.417e-06,0.02116847,0.002764496,0.009008654,0.002103414,0.002586746,0.002128164,0.002116414,0.002562829,0.0002295
107,4.106286,0.03519928,1e-06,0.0133044,0.002252914,0.008217905,0.001905914,0.002234497,0.00184658,0.002234747,0.002972829,0.0002285
108,4.141485,0.03406512,1.166e-06,0.01292223,0.002258247,0.008009905,0.001898164,0.002235414,0.001856414,0.002233163,0.002421164,0.000229249
109,4.17555,0.0344297,1.5e-06,0.01302132,0.002422247,0.008012405,0.001891331,0.002260747,0.001941997,0.002235997,0.002422997,0.000219166
110,4.20998,0.03582695,1.167e-06,0.01355065,0.002715913,0.008461238,0.002097914,0.00212058,0.001854831,0.002327247,0.00246658,0.000230833
111,4.245807,0.03482428,1.416e-06,0.01277765,0.002585163,0.008065656,0.00199183,0.00223383,0.001829914,0.00268958,0.002428747,0.000220499
112,4.280631,0.03403354,1.167e-06,0.01277848,0.002301414,0.007931238,0.001876915,0.002266163,0.001837414,0.002323247,0.002482496,0.000235
113,4.314665,0.03429629,1.5e-06,0.01321131,0.002013081,0.007995155,0.001899581,0.00229283,0.001929164,0.00230683,0.00242658,0.000220249
114,4.348961,0.03627662,1.083e-06,0.01367698,0.002684746,0.009010904,0.001784664,0.002236247,0.001994747,0.002235414,0.00242083,0.000231
115,4.385238,0.04169744,0.00010225,0.01929339,0.003027245,0.008278989,0.002000914,0.002243747,0.001837497,0.00227358,0.00242033,0.0002195
116,4.426935,0.0346742,1.333e-06,0.0128099,0.002642746,0.007932073,0.002210746,0.002235414,0.001844914,0.002327163,0.00245333,0.000216583
117,4.461609,0.0350232,1.083e-06,0.01353565,0.002424913,0.008175072,0.001894247,0.002239247,0.001871081,0.00224308,0.00242083,0.000218
118,4.496633,0.03426928,1e-06,0.01272057,0.00239758,0.008202655,0.001901414,0.00229333,0.001871331,0.002241913,0.00242383,0.000215666
119,4.530902,0.04016586,1.25e-06,0.01722431,0.003375995,0.008472905,0.001903664,0.00246183,0.001847664,0.002241163,0.002418247,0.000218833
120,4.571068,0.04188061,1.084e-06,0.01881797,0.003330579,0.008774738,0.001890747,0.00226383,0.001836331,0.002233747,0.002517746,0.000213833
121,4.612948,0.03478087,1.167e-06,0.01311256,0.002416663,0.008055322,0.001903831,0.002231497,0.00217383,0.00223633,0.00243258,0.000217083
122,4.647729,0.03455779,1.167e-06,0.01340657,0.002243496,0.007903156,0.001919581,0.002232413,0.001944331,0.002241913,0.002448414,0.000216749
123,4.682287,0.0346467,1.084e-06,0.01317381,0.002412414,0.008075988,0.001905914,0.00225983,0.001842915,0.002339996,0.002415247,0.0002195
124,4.716934,0.03987153,1.167e-06,0.01714181,0.002850496,0.008876654,0.001968664,0.002305913,0.001843414,0.002232914,0.002418247,0.000232249
125,4.756805,0.04268819,1.166e-06,0.01979497,0.004021744,0.007832656,0.001894914,0.002266746,0.001846081,0.002338164,0.002470829,0.000220917
126,4.799494,0.0343952,1.333e-06,0.01296582,0.002254413,0.008005739,0.001889247,0.00255808,0.001841081,0.00223208,0.00241983,0.000227583
127,4.833889,0.03528912,1.417e-06,0.0135829,0.00244733,0.007978905,0.001902748,0.002317247,0.00191533,0.002499163,0.002422497,0.000221583
128,4.869178,0.03436562,1.084e-06,0.01280623,0.002354746,0.007953323,0.00192058,0.002322497,0.001852747,0.002233331,0.002701079,0.00022
129,4.903543,0.04373544,1.084e-06,0.02012522,0.00292858,0.00887907,0.002130664,0.002446413,0.002152331,0.002442246,0.00240158,0.00022825
130,4.947279,0.03474295,1.25e-06,0.01340965,0.002346914,0.007997072,0.00199483,0.002250331,0.00185758,0.002232914,0.00241908,0.000233333
131,4.982022,0.04389152,1.167e-06,0.02023722,0.002752246,0.009247737,0.002078414,0.002442163,0.002103163,0.002503914,0.002307163,0.000218333
132,5.025913,0.03440587,1.417e-06,0.01288932,0.002438414,0.008100572,0.00190058,0.002231164,0.00186658,0.002242997,0.00251483,0.00022
133,5.060319,0.03421987,1.5e-06,0.01308323,0.002020997,0.008065572,0.00190983,0.002233081,0.00183233,0.002420247,0.00243308,0.00022
134,5.094539,0.03981219,1.083e-06,0.01730456,0.002952663,0.008506988,0.001981914,0.002330163,0.001830581,0.00223833,0.002443997,0.000221916
135,5.134351,0.04101411,1.167e-06,0.01756531,0.003407246,0.009062154,0.001904414,0.002260413,0.001836498,0.002242496,0.002416247,0.000318166
136,5.175365,0.03438078,1.167e-06,0.01289348,0.002186163,0.007962822,0.001990498,0.002233413,0.002168664,0.002232663,0.00249308,0.000218833
137,5.209746,0.03499537,1.083e-06,0.01366348,0.00240733,0.007941072,0.001900247,0.00232083,0.001851748,0.00223308,0.002457913,0.000218583
138,5.244742,0.03433503,1.167e-06,0.01282106,0.002475247,0.007978822,0.001920414,0.002290246,0.001940914,0.002231581,0.002456329,0.00021925
139,5.279077,0.03899028,1.083e-06,0.01607423,0.002960496,0.00893282,0.002041664,0.002233497,0.001840331,0.002234997,0.00241708,0.000254083
140,5.318067,0.04168461,1.167e-06,0.01885747,0.003131412,0.008717072,0.00189983,0.00226808,0.001836914,0.00233358,0.002418747,0.000220333
141,5.359751,0.03443037,1.25e-06,0.0130929,0.002119081,0.008024238,0.001903831,0.002557247,0.001843247,0.002235163,0.002419914,0.000233499
142,5.394182,0.0352372,1.167e-06,0.01362515,0.002397747,0.007943156,0.001996247,0.002231247,0.00183658,0.002562913,0.002422497,0.0002205
143,5.429419,0.03483695,1.417e-06,0.01322723,0.002527664,0.007984988,0.001989748,0.002241496,0.001828915,0.002394746,0.00242058,0.000220166
144,5.464256,0.04446744,1e-06,0.02053464,0.003043079,0.009048321,0.002095747,0.00256133,0.00205308,0.00259383,0.002320747,0.000215666
145,5.508723,0.03518178,1.167e-06,0.01352123,0.002545913,0.008015322,0.001980664,0.002240997,0.001841164,0.002311413,0.002493247,0.000230666
146,5.543905,0.04368394,1.084e-06,0.02020697,0.002817996,0.008956071,0.00207008,0.00244783,0.002124247,0.002441747,0.002397247,0.000220666
147,5.587589,0.0356182,1.167e-06,0.01411573,0.002505247,0.008035488,0.001899664,0.00234308,0.001837748,0.00223583,0.002420663,0.000223583
148,5.623207,0.03464187,1.416e-06,0.01282582,0.002424079,0.008068739,0.001894497,0.00255933,0.001834581,0.00223883,0.002564663,0.000229917
149,5.657849,0.03452012,1.084e-06,0.01278357,0.002555413,0.008030072,0.001929081,0.002233663,0.001833081,0.002233164,0.002419663,0.000501333
150,5.692369,0.04205077,1.083e-06,0.01974106,0.003395912,0.007892572,0.001901997,0.002234247,0.001828081,0.00234608,0.002487247,0.000222499
151,5.73442,0.0447281,1.083e-06,0.02101664,0.003063579,0.008898404,0.002089164,0.002448247,0.002072497,0.002457746,0.002392997,0.00028775
152,5.779148,0.03570245,1.666e-06,0.01334548,0.003214246,0.008018905,0.001938331,0.00224358,0.001870414,0.00240658,0.00244558,0.000217666
153,5.814851,0.0345042,1.333e-06,0.01306265,0.002048414,0.008502488,0.00189983,0.002233997,0.001868914,0.002240164,0.00242658,0.000219833
154,5.849355,0.04440044,1.166e-06,0.02079581,0.002847996,0.008959154,0.002092497,0.002709913,0.00202583,0.002392497,0.002356913,0.000218666
155,5.893755,0.0349662,1e-06,0.01337898,0.002624913,0.008012072,0.001987247,0.00223258,0.001846498,0.002233997,0.002419913,0.000228999
156,5.928722,0.04367936,1.083e-06,0.02028889,0.002856496,0.008813237,0.002135581,0.002445996,0.002112164,0.002509246,0.002296664,0.000219999
157,5.972401,0.0360207,1.417e-06,0.01398381,0.003003496,0.008070238,0.001897414,0.002237164,0.001950497,0.002237414,0.002418496,0.00022075
158,6.008422,0.0346527,1.25e-06,0.01278507,0.002426829,0.008088489,0.001906081,0.002231163,0.00223383,0.002235247,0.002512497,0.000232249
159,6.043074,0.03422328,1.417e-06,0.01276098,0.002391163,0.008202072,0.001893747,0.002264997,0.001831581,0.002241414,0.002417663,0.000218249
160,6.077298,0.04160286,1.25e-06,0.01884356,0.003446412,0.008173155,0.002033497,0.002237164,0.001841914,0.002389663,0.002418247,0.000217999
161,6.1189,0.04496552,1.334e-06,0.02019689,0.004001244,0.008874238,0.002199913,0.002455747,0.00202658,0.00255908,0.002350914,0.000299582
162,6.163866,0.03449228,1.083e-06,0.0126894,0.00245108,0.008123489,0.00189458,0.002233414,0.00216033,0.002297914,0.002419913,0.000221083
163,6.198358,0.03471887,1.167e-06,0.01312315,0.00239683,0.008073489,0.002005914,0.002369913,0.001834247,0.002263664,0.002431663,0.000218833
164,6.233077,0.04091453,1.083e-06,0.01858264,0.003563662,0.007778322,0.001898331,0.002229997,0.001974247,0.002234913,0.002420997,0.000230333
165,6.273992,0.04196711,1.167e-06,0.01875214,0.003534412,0.008701488,0.001892414,0.00223583,0.001870247,0.00223183,0.00251283,0.00023475
166,6.315959,0.03414879,1.667e-06,0.01283932,0.002040164,0.007937156,0.001988247,0.00223258,0.001838164,0.002564997,0.002474246,0.00023225
167,6.350108,0.0349247,1e-06,0.01342148,0.002434914,0.008098155,0.001925497,0.002325164,0.00184158,0.002232914,0.00242708,0.000216916
168,6.385032,0.04031303,1.417e-06,0.01729198,0.00292358,0.009105987,0.001967164,0.002309413,0.001836331,0.002239413,0.002419414,0.000218333
169,6.425345,0.04130536,1.333e-06,0.01914047,0.003353912,0.007846488,0.002003831,0.00223758,0.001840414,0.00224158,0.002419664,0.000220083
170,6.466651,0.0343092,1.167e-06,0.01282115,0.00228658,0.007930073,0.00221958,0.002242913,0.001831664,0.002333997,0.002421747,0.000220333
171,6.50096,0.03432762,1.583e-06,0.01284615,0.002369913,0.008066072,0.001896164,0.002233581,0.00187358,0.002299997,0.002520747,0.000219833
172,6.535287,0.03487403,1.084e-06,0.0133069,0.002550996,0.008126572,0.001901747,0.002233414,0.001873997,0.002231914,0.00242633,0.000221083
173,6.570161,0.03953311,1.25e-06,0.01608106,0.002858746,0.00943807,0.002032664,0.00232483,0.001840497,0.002232497,0.00250508,0.000218417
174,6.609695,0.04469277,1.083e-06,0.02017722,0.004042911,0.008680571,0.002092247,0.002460163,0.002139247,0.002410163,0.002401164,0.000287999
175,6.654387,0.03570387,1.333e-06,0.0133764,0.002575913,0.008254405,0.001913997,0.002583414,0.001873497,0.00238408,0.002524413,0.000216416
176,6.690091,0.03464995,1.25e-06,0.01354298,0.002033664,0.008196571,0.001900248,0.002237913,0.001825914,0.002270914,0.002420663,0.000219833
177,6.724741,0.03513903,1.083e-06,0.01362431,0.002414164,0.008085238,0.002032331,0.002238497,0.001833414,0.002242413,0.002446913,0.000220667
178,6.75988,0.03944669,1.083e-06,0.01642323,0.00265933,0.009397903,0.001895248,0.00223208,0.001861164,0.002233164,0.002525996,0.0002175
179,6.799327,0.04460419,1.083e-06,0.02034931,0.003342662,0.009055154,0.002100747,0.002448663,0.002180913,0.00250008,0.002307414,0.000318166
180,6.843931,0.03506778,1.167e-06,0.0132729,0.002314163,0.008505072,0.001894997,0.002229997,0.001873247,0.002236164,0.002509913,0.000230166
181,6.878999,0.03475287,1.25e-06,0.01313448,0.002416913,0.008012322,0.001898664,0.002233997,0.001846331,0.002568996,0.002420247,0.000219666
182,6.913752,0.03456612,1.167e-06,0.01334798,0.00216408,0.008024072,0.001897164,0.00234508,0.001840248,0.00230483,0.002420996,0.0002205
183,6.948318,0.03773511,1.083e-06,0.01482681,0.002735412,0.009156988,0.00190583,0.002240247,0.001928247,0.00230558,0.002417747,0.000217166
184,6.986053,0.04362544,1.083e-06,0.02030505,0.002723746,0.008922904,0.002069497,0.002556497,0.002009247,0.002441413,0.002376747,0.000219249
185,7.029678,0.0348742,1.334e-06,0.01345423,0.002310747,0.007995738,0.001989331,0.002233747,0.001849331,0.002312413,0.00250683,0.000220499
186,7.064553,0.04441927,1.166e-06,0.02019897,0.003484912,0.008922487,0.002086497,0.002453747,0.002148913,0.002481497,0.00233958,0.000301499
187,7.108972,0.03525295,1.334e-06,0.01350131,0.00255658,0.008025655,0.001991497,0.00223908,0.001905414,0.002234164,0.002565996,0.000231917
188,7.144225,0.04077819,1.25e-06,0.01781014,0.003059912,0.008940905,0.00188983,0.002239664,0.00187058,0.002325497,0.002420413,0.00022
189,7.185003,0.03475553,1.25e-06,0.01296648,0.00244783,0.008386238,0.001901331,0.002259246,0.001851998,0.002233997,0.00242483,0.000282333
190,7.219759,0.03494312,1.25e-06,0.01337373,0.002277413,0.008409738,0.001903081,0.002230914,0.001864747,0.00223558,0.00242833,0.000218333
191,7.254702,0.04459135,1e-06,0.02116247,0.00266858,0.008853071,0.002098497,0.002663163,0.00219908,0.002341163,0.002381997,0.000222333
192,7.299293,0.03436237,1.25e-06,0.01265557,0.002351497,0.007961988,0.002220831,0.002236663,0.001962831,0.002333746,0.002419497,0.0002185
193,7.333655,0.03414587,1.417e-06,0.01284632,0.002226747,0.008172905,0.001913331,0.002240247,0.001864997,0.002244497,0.002418163,0.00021725
194,7.367801,0.03592762,1.167e-06,0.0132949,0.002557746,0.008928154,0.001961081,0.00219033,0.001962997,0.002238414,0.002560329,0.0002325
195,7.403729,0.04385727,1.5e-06,0.0203788,0.002639746,0.008795571,0.002270164,0.002463913,0.00213233,0.002451997,0.00243558,0.000287666
196,7.447586,0.03462603,1.417e-06,0.01256923,0.002553746,0.008516655,0.001910664,0.002231247,0.001833497,0.00227508,0.00242033,0.000314167
197,7.482212,0.03497987,1.167e-06,0.01346506,0.002243581,0.008000238,0.001995997,0.002233164,0.001840664,0.002559913,0.00242133,0.00021875
198,7.517192,0.0339952,9.16e-07,0.0128194,0.002136914,0.008062905,0.001900081,0.002265163,0.001937164,0.002233747,0.00241908,0.000219833
199,7.551187,0.03810295,1.25e-06,0.01504115,0.002838412,0.009210737,0.001907498,0.00223233,0.001915414,0.002314663,0.002422664,0.000218833
200,7.58929,0.04073853,1.333e-06,0.01766323,0.003136245,0.008959488,0.001908247,0.002235663,0.001842414,0.002339081,0.002432413,0.000220416
201,7.630029,0.04461194,1.25e-06,0.02117772,0.002731246,0.008912071,0.002096497,0.002458246,0.002073914,0.00238608,0.002488496,0.000286417
202,7.674641,0.03661428,1.5e-06,0.01456231,0.002871913,0.008076738,0.001921164,0.002239997,0.001864331,0.00223933,0.002616996,0.00022
203,7.711255,0.0350662,1.084e-06,0.01322115,0.002638996,0.007999072,0.002248497,0.00223783,0.001836081,0.002236663,0.002427997,0.000218833
204,7.746321,0.04089369,1.25e-06,0.01848256,0.003033162,0.008352905,0.001901248,0.002233747,0.001836414,0.002302913,0.002527246,0.00022225
205,7.787215,0.04082086,1.25e-06,0.01823072,0.003093829,0.008515988,0.001930331,0.002317663,0.001850248,0.00223283,0.002430497,0.000217499
206,7.828036,0.03468095,1.084e-06,0.01291582,0.00252008,0.007931405,0.002219497,0.002235747,0.001849664,0.002328913,0.002419247,0.0002595
207,7.862717,0.03479662,1.166e-06,0.01358548,0.00219458,0.008071822,0.001897414,0.002294664,0.001873081,0.00223283,0.002427413,0.000218166
208,7.897513,0.03396054,1.167e-06,0.01274757,0.002239997,0.008093072,0.001897914,0.002231997,0.001873247,0.00223808,0.002418747,0.000218749
209,7.931474,0.04005328,1e-06,0.01712814,0.003172995,0.008715655,0.001900914,0.002284246,0.001941748,0.002245746,0.002441164,0.000221666
210,7.971527,0.04066503,1.166e-06,0.01774656,0.002976829,0.009058904,0.001921831,0.002236246,0.001844164,0.002233581,0.002426913,0.000218833
211,8.012192,0.03461953,1.25e-06,0.01307973,0.002241163,0.007960406,0.001893997,0.002234997,0.001940164,0.00223458,0.002796746,0.0002365
212,8.046812,0.03472787,1.25e-06,0.0133424,0.00226183,0.008139072,0.001923664,0.002235746,0.001853498,0.002323913,0.002425913,0.000220584
213,8.081539,0.03465237,1e-06,0.01315348,0.002448579,0.008087072,0.001886581,0.002265414,0.001837664,0.002242747,0.002510746,0.000219083
214,8.116192,0.03815578,1.25e-06,0.01512648,0.002883496,0.00902082,0.001892581,0.002497163,0.001854247,0.002233664,0.00242658,0.0002195
215,8.154348,0.04107061,1.083e-06,0.01756164,0.003417579,0.009158403,0.001892998,0.002292247,0.001867164,0.00223558,0.002424663,0.00021925
216,8.195418,0.0342407,1.25e-06,0.01292415,0.002041164,0.007944322,0.001886914,0.00232533,0.001841497,0.002563247,0.002474496,0.000238333
217,8.229659,0.03537112,1.083e-06,0.01340815,0.002493246,0.008005906,0.001921997,0.00223808,0.001938164,0.002240497,0.002907329,0.000216667
218,8.26503,0.04119094,1.25e-06,0.01873231,0.003133329,0.008393071,0.001894831,0.00223233,0.001838081,0.002238164,0.002507329,0.00022025
219,8.306221,0.04462635,1.166e-06,0.02118464,0.002895829,0.008782738,0.00220108,0.00244733,0.002049997,0.002389497,0.00238658,0.0002875
220,8.350847,0.03573545,1.5e-06,0.01331581,0.002829913,0.008386738,0.001916998,0.002270663,0.001966747,0.002250664,0.002573329,0.000223083
221,8.386583,0.03432554,1e-06,0.0126799,0.00237433,0.008314989,0.00189458,0.002239747,0.001818414,0.002360164,0.002422246,0.000220167
222,8.420908,0.03470145,1.25e-06,0.01338873,0.002129581,0.008146071,0.001956248,0.002232747,0.001835247,0.00223958,0.002551163,0.000220833
223,8.45561,0.04050211,1e-06,0.01710106,0.003418662,0.009131071,0.001911664,0.002232913,0.001835164,0.002233414,0.002421663,0.0002155
224,8.496112,0.03553203,1.334e-06,0.01336581,0.002418164,0.008846654,0.001978747,0.002212747,0.001829831,0.002241163,0.002417747,0.000219833
225,8.531644,0.04163461,1.166e-06,0.01869564,0.003624411,0.008276655,0.001969831,0.00223408,0.001837914,0.002336663,0.00243633,0.000221917
226,8.573279,0.04118427,1.417e-06,0.01844497,0.003912578,0.007842738,0.001934581,0.002232747,0.001846331,0.002293746,0.002455747,0.000219416
227,8.614463,0.03550895,1.25e-06,0.01399656,0.002136247,0.008109655,0.001899748,0.002322746,0.001836664,0.002565747,0.002421246,0.000219083
228,8.649972,0.03394537,1.167e-06,0.01273948,0.002174497,0.008072989,0.001886914,0.002268497,0.00182508,0.002241497,0.00251708,0.000218166
229,8.683917,0.03440262,1.166e-06,0.01273148,0.002525413,0.008055988,0.001896164,0.002237497,0.001906581,0.00231783,0.00251108,0.000219416
230,8.71832,0.03850128,1.25e-06,0.01558023,0.002687747,0.00915057,0.001959831,0.002404413,0.001834831,0.00223283,0.002420413,0.000229166
231,8.756821,0.04421344,1.084e-06,0.02014689,0.003406745,0.008725821,0.002156581,0.002542246,0.002001247,0.002597163,0.002416414,0.000219249
232,8.801034,0.03451053,1.416e-06,0.01272532,0.00242358,0.008190071,0.001898414,0.002232664,0.001829831,0.00256833,0.002421413,0.000219499
233,8.835545,0.03432012,1.083e-06,0.01289082,0.002465913,0.007888489,0.00188808,0.002462247,0.001842831,0.002234496,0.002426747,0.000219416
234,8.869865,0.03881511,1e-06,0.01586481,0.002840996,0.009240404,0.001896247,0.002241997,0.001821331,0.00226883,0.002420246,0.00021925
235,8.90868,0.04094994,1.583e-06,0.01755923,0.003861995,0.008450488,0.001890581,0.002231413,0.001950664,0.00236158,0.002423913,0.0002185
236,8.94963,0.03430737,1.166e-06,0.01270832,0.002257163,0.008127572,0.001897664,0.00223058,0.001886748,0.002555996,0.002421497,0.000220666
237,8.983938,0.03488953,1e-06,0.01343323,0.00241258,0.007962988,0.001981998,0.002375663,0.001846664,0.002231914,0.002426163,0.000217333
238,9.018827,0.03416803,1.083e-06,0.01298773,0.00225883,0.007951572,0.001887164,0.002324997,0.001840914,0.002270163,0.002426747,0.000218833
239,9.052995,0.04014903,1.5e-06,0.01689489,0.003345662,0.008945237,0.001890247,0.002233997,0.001840831,0.00225658,0.002520663,0.000219417
240,9.093144,0.04080469,1.334e-06,0.01796056,0.003019996,0.008762904,0.001907081,0.002319246,0.001859664,0.002237247,0.002516747,0.000219916
241,9.133949,0.03471687,1.167e-06,0.01282223,0.00222108,0.008476988,0.001969997,0.002379247,0.001844914,0.002356747,0.002424913,0.000219583
242,9.168666,0.0347717,1e-06,0.01339831,0.002139247,0.008110406,0.001895747,0.00223458,0.002109997,0.002238914,0.002423496,0.00022
243,9.203437,0.03456345,1.083e-06,0.01328065,0.002273997,0.007905739,0.001991414,0.00223308,0.001988247,0.00224758,0.002421997,0.000219666
244,9.238001,0.04419144,1.25e-06,0.02017581,0.003255828,0.008818821,0.002090331,0.002689912,0.002037498,0.002524329,0.00231133,0.000286333
245,9.282192,0.03511387,1.25e-06,0.01340982,0.002554246,0.008078655,0.001896748,0.002234747,0.001979414,0.002307746,0.002419664,0.000231583
246,9.317306,0.04412252,1.334e-06,0.02045822,0.002870663,0.008933654,0.002093497,0.002585163,0.002052914,0.002533329,0.002308164,0.000285583
247,9.361429,0.03504787,1.083e-06,0.01349923,0.00219108,0.008237239,0.001999414,0.002232996,0.001850998,0.002232913,0.002573497,0.000229416
248,9.396477,0.04071794,1.417e-06,0.01748022,0.003145829,0.008910071,0.00205608,0.002234414,0.001840247,0.002323247,0.00247258,0.000253833
249,9.437194,0.04494219,1.083e-06,0.0205418,0.003831078,0.008768571,0.002092331,0.00245708,0.002044497,0.002427496,0.002380164,0.000398082
250,9.482137,0.03544012,1.583e-06,0.01341365,0.002403746,0.008215072,0.001909164,0.002586413,0.001884498,0.002382746,0.002425747,0.0002175
251,9.517577,0.03411778,1.25e-06,0.01287373,0.00215108,0.008092905,0.001910248,0.00232608,0.001845164,0.002238163,0.002449664,0.000229499
252,9.551695,0.03523287,1.167e-06,0.01363148,0.00243983,0.008047239,0.002037997,0.002318247,0.001848414,0.002233164,0.002456663,0.000218666
253,9.586927,0.03941378,1.084e-06,0.01632956,0.003008996,0.00918982,0.001891831,0.00224383,0.001879831,0.00223158,0.00241833,0.000218916
254,9.626341,0.04483385,1.25e-06,0.02097314,0.003079496,0.008928738,0.002091497,0.002566996,0.00208358,0.002539497,0.00234858,0.000221083
255,9.671175,0.03468753,1.25e-06,0.01280973,0.002940663,0.007923405,0.001945748,0.002234163,0.001857081,0.00232258,0.002433913,0.000219
256,9.705863,0.03562178,1.25e-06,0.0134119,0.002554663,0.008648738,0.00194733,0.002198247,0.001854581,0.00232458,0.002449247,0.000231249
257,9.741484,0.03530745,1.25e-06,0.01352715,0.00254708,0.008051989,0.001907747,0.002384496,0.002003831,0.00223383,0.002418163,0.000231917
258,9.776792,0.04127861,1.25e-06,0.01878189,0.003050079,0.008565238,0.001899248,0.002232663,0.001846414,0.00225608,0.00242658,0.000219167
259,9.81807,0.04113969,1.167e-06,0.01908314,0.003198912,0.007778572,0.001899748,0.00237233,0.00192258,0.002234081,0.002428413,0.00022075
260,9.85921,0.03432645,1.084e-06,0.01286581,0.001994164,0.008282655,0.001914247,0.002233664,0.002153747,0.002236747,0.002429496,0.000214833
261,9.893537,0.03439145,1.333e-06,0.01290657,0.002396747,0.008134488,0.001912081,0.002232913,0.001840248,0.002231997,0.002516996,0.000218083
262,9.927928,0.03472728,1.167e-06,0.01354331,0.002140664,0.008033989,0.00205233,0.00223733,0.001835498,0.00223433,0.00241908,0.000229583
263,9.962655,0.03989803,1.167e-06,0.01642623,0.003264496,0.009174237,0.001898081,0.002233497,0.001862164,0.002238996,0.002566247,0.000232916
264,10.00255,0.0444591,1.167e-06,0.02097322,0.002904329,0.008871488,0.002087497,0.00248083,0.00203983,0.00248333,0.00232808,0.000289333
265,10.04701,0.03582878,1.167e-06,0.01405698,0.002627163,0.007936822,0.002028414,0.002238663,0.001861331,0.002275914,0.002572746,0.000229583
266,10.08284,0.03439728,1.084e-06,0.01284548,0.002242663,0.008333655,0.001905247,0.002260747,0.001930914,0.00223508,0.00242383,0.000218583
267,10.11724,0.03576978,1.25e-06,0.01373265,0.002627663,0.008428405,0.001903414,0.002322413,0.001867914,0.00224008,0.002425914,0.000220083
268,10.15301,0.03452062,1.333e-06,0.01301098,0.002153497,0.008080405,0.001899831,0.002234413,0.002163247,0.002235414,0.002521996,0.0002195
269,10.18753,0.03452845,1.417e-06,0.01302798,0.002528663,0.008037405,0.001924498,0.00230083,0.001828997,0.002239997,0.00242058,0.000218083
270,10.22206,0.0354122,1.334e-06,0.01372223,0.002238164,0.008522155,0.001998997,0.002200413,0.001844414,0.002233164,0.00243208,0.00021925
271,10.25747,0.03430837,1.25e-06,0.0127514,0.00233483,0.008160822,0.001904581,0.002234164,0.00183133,0.002382497,0.00248633,0.000221166
272,10.29178,0.03972194,1.083e-06,0.01674506,0.002643663,0.009245904,0.002036663,0.002235581,0.001835247,0.002325997,0.00243208,0.000220666
273,10.3315,0.04093578,1.167e-06,0.01745906,0.003344328,0.009245737,0.001905331,0.00225883,0.001841247,0.002241331,0.002419663,0.000219083
274,10.37244,0.03456387,1.083e-06,0.01296282,0.00232908,0.008001656,0.001892414,0.00224283,0.001921664,0.00255783,0.002423996,0.0002305
275,10.407,0.03479253,1.167e-06,0.0133359,0.002577246,0.007910489,0.001925997,0.002235997,0.001831331,0.00233658,0.002418413,0.000219417
276,10.44179,0.03811961,1.083e-06,0.01511556,0.002876913,0.009054237,0.002117247,0.002245413,0.001831915,0.00223258,0.002425413,0.00021925
277,10.47991,0.04051786,1.25e-06,0.01658756,0.003169245,0.009790737,0.001899747,0.002234163,0.001870331,0.00223433,0.002515163,0.000215334
278,10.52043,0.03437595,1.5e-06,0.01288415,0.002234164,0.008013238,0.001900914,0.002236331,0.00190083,0.002551497,0.002420913,0.000232416
279,10.55481,0.03509662,1.167e-06,0.01363998,0.002259831,0.007969822,0.002009914,0.00223608,0.001837914,0.002231913,0.002689163,0.000220833
280,10.5899,0.03479795,1.25e-06,0.01344782,0.002242663,0.008037656,0.001893914,0.002451746,0.001837831,0.002233414,0.002429996,0.000221666
281,10.6247,0.03921111,1.083e-06,0.01602031,0.003204412,0.008896238,0.001902747,0.002371997,0.001833914,0.00223308,0.00252508,0.00022225
282,10.66391,0.04088278,1.25e-06,0.01775056,0.003185913,0.008923487,0.001991497,0.002235497,0.001858414,0.002286747,0.00242933,0.000220083
283,10.70479,0.04059019,1.167e-06,0.01732814,0.003277579,0.008905904,0.001889248,0.00238258,0.001833664,0.002325163,0.002420747,0.000225999
284,10.74538,0.04067869,1.084e-06,0.01863531,0.003149912,0.008034239,0.00190283,0.002252914,0.001828997,0.002234831,0.002425496,0.000213083
285,10.78606,0.04169844,1.167e-06,0.01893697,0.003590745,0.008044239,0.001887914,0.002378247,0.001833747,0.00233458,0.002472413,0.000218417
286,10.82776,0.04424594,1e-06,0.02023922,0.003270078,0.009011488,0.002104497,0.002456246,0.002024331,0.00244858,0.002403163,0.000287333
287,10.87201,0.03520662,1.333e-06,0.01335765,0.002684996,0.008067405,0.001893498,0.00230608,0.00192033,0.002327831,0.002429579,0.000217917
288,10.90721,0.04054094,1.417e-06,0.01752098,0.003154162,0.008992321,0.001895914,0.00223083,0.001840414,0.00226008,0.002426247,0.000218583
289,10.94775,0.04461235,1.167e-06,0.0209128,0.002936329,0.008768738,0.002261163,0.002569247,0.002034913,0.002438164,0.002401746,0.000288083
290,10.99237,0.0356297,1.667e-06,0.01322731,0.002899246,0.007934739,0.00226483,0.002242831,0.001969747,0.002244747,0.002624746,0.000219833
291,11.028,0.03442729,1.417e-06,0.01273315,0.00244083,0.008165655,0.001946914,0.00226033,0.001903581,0.00223483,0.00252483,0.000215749
292,11.06242,0.03480862,1.083e-06,0.01344506,0.002183331,0.008198988,0.001898081,0.002230497,0.001867247,0.00223858,0.002511663,0.000234083
293,11.09723,0.03865178,1e-06,0.01524731,0.002939246,0.009317987,0.001885664,0.00229358,0.001921497,0.002313913,0.00249483,0.00023675
294,11.13588,0.04448377,1.083e-06,0.02094672,0.002754497,0.008916987,0.002081664,0.002450246,0.002026081,0.00249608,0.002590079,0.000220333
295,11.18037,0.0347267,1.167e-06,0.01333423,0.00244408,0.008013322,0.001888997,0.00229058,0.001871081,0.002238997,0.002423663,0.000220583
296,11.21509,0.03562537,1.334e-06,0.01385065,0.00219658,0.008757654,0.001896164,0.002211997,0.001835831,0.00223233,0.002424913,0.000217917
297,11.25072,0.04106578,1.25e-06,0.01751398,0.003130495,0.009405237,0.001951664,0.00223608,0.001855414,0.002332664,0.002419413,0.000219583
298,11.29179,0.03427845,1.334e-06,0.01287223,0.002183414,0.008052655,0.001889331,0.002238164,0.001831914,0.002561829,0.002427747,0.000219833
299,11.32606,0.03574478,1.333e-06,0.01350723,0.00243433,0.008797071,0.001933164,0.00227008,0.001916914,0.002236831,0.002419996,0.000227833
300,11.36181,0.04059994,1.083e-06,0.01747739,0.003149995,0.008998571,0.001896664,0.002233247,0.001860997,0.002325164,0.002421246,0.000235583
301,11.40241,0.04385627,1.167e-06,0.02015939,0.00295233,0.00884307,0.002264497,0.002453414,0.002002497,0.002442496,0.002516663,0.00022075
302,11.44627,0.03519578,1.25e-06,0.0134569,0.00265108,0.008195072,0.00190358,0.002230664,0.001843247,0.002234914,0.00244683,0.000232249
303,11.48146,0.04164561,1.083e-06,0.01854222,0.004062744,0.008054489,0.001914664,0.00224008,0.001828831,0.002334413,0.00244533,0.00022175
304,11.52311,0.03518595,1.416e-06,0.01358006,0.002244747,0.008200155,0.001894248,0.00223308,0.001829414,0.002563246,0.002420664,0.000218916
305,11.55829,0.0347377,1.167e-06,0.01336165,0.002391746,0.008001406,0.001894164,0.00237658,0.001827331,0.00223508,0.00243108,0.000217499
306,11.59303,0.03893403,1.25e-06,0.01600256,0.002799663,0.009154153,0.001898081,0.002235997,0.001840497,0.002256664,0.002510496,0.000234667
307,11.63196,0.04070844,1.084e-06,0.01764573,0.003273245,0.008646738,0.001987081,0.002233496,0.001836165,0.002432746,0.002421497,0.000230666
308,11.67267,0.04044378,1.167e-06,0.01734689,0.002983746,0.00915332,0.001904581,0.00223983,0.001820414,0.002330247,0.00244108,0.000222499
309,11.71312,0.04086169,1.25e-06,0.01844714,0.003514328,0.007903823,0.001894914,0.00223333,0.001906414,0.002313247,0.002427996,0.00021925
310,11.75398,0.04142577,1e-06,0.01892581,0.003187162,0.008289489,0.00190383,0.002235247,0.001835664,0.00240508,0.002420913,0.000221583
311,11.7954,0.04491127,1.083e-06,0.02039656,0.003300662,0.008859571,0.002186663,0.00253658,0.002038497,0.002879413,0.002374746,0.0003375
312,11.84032,0.03507153,1.166e-06,0.0135634,0.00246733,0.008072239,0.001897747,0.00232983,0.001827581,0.002242497,0.002447496,0.00022225
313,11.87539,0.04075044,1.167e-06,0.01754798,0.003424745,0.008866071,0.001913331,0.00223458,0.001821581,0.002237913,0.002484247,0.000218833
314,11.91614,0.03450237,1.333e-06,0.0129644,0.002237747,0.007962905,0.001975414,0.002301997,0.002167663,0.002237581,0.002420663,0.000232666
315,11.95064,0.03456462,1.166e-06,0.01332065,0.002278914,0.007952405,0.001921414,0.002237497,0.001847164,0.00232658,0.002457997,0.000220833
316,11.9852,0.0354997,1.083e-06,0.01324223,0.002718579,0.008492405,0.00207883,0.002113331,0.001849914,0.002326997,0.002417913,0.000258416
317,12.0207,0.03526145,1.167e-06,0.0135134,0.002577746,0.008079155,0.001911664,0.002438747,0.001861164,0.002242414,0.002419163,0.000216833
318,12.05597,0.04038594,1.25e-06,0.01763706,0.002856496,0.008961988,0.001895414,0.002235413,0.001860331,0.002235413,0.002483997,0.000218583
319,12.09635,0.0445126,1.167e-06,0.02102947,0.00274508,0.008942654,0.00219208,0.002458247,0.002047663,0.002405247,0.00240408,0.000286916
320,12.14086,0.03539703,1.334e-06,0.01386273,0.002355414,0.007950155,0.001917997,0.002356997,0.001882831,0.002244247,0.002596163,0.000229166
321,12.17626,0.03464245,1.25e-06,0.0127619,0.002436497,0.008451154,0.001905581,0.00226058,0.001851414,0.00232433,0.00243083,0.000218917
322,12.2109,0.03508437,1.083e-06,0.01346648,0.002441414,0.008187405,0.00189783,0.002236914,0.001873247,0.002235497,0.002515497,0.000228999
323,12.24599,0.04045211,1e-06,0.01709481,0.003354995,0.008662321,0.001995581,0.00230258,0.002170997,0.002234163,0.002417747,0.000217916
324,12.28644,0.03574753,1.25e-06,0.01352648,0.002564663,0.008420655,0.00208358,0.002154081,0.001841497,0.002515163,0.002420913,0.00021925
325,12.32219,0.04081403,1.25e-06,0.01759748,0.003563495,0.008691071,0.001898414,0.002233997,0.001839248,0.00234358,0.002426413,0.000219083
326,12.363,0.04404927,1.334e-06,0.02097597,0.00251358,0.008862821,0.002073747,0.002496163,0.002032581,0.002470746,0.002402413,0.000219917
327,12.40705,0.0346212,1.5e-06,0.0130004,0.002342497,0.007976322,0.002309247,0.00223483,0.001842997,0.002234414,0.00241808,0.000260916
328,12.44167,0.03447562,9.99e-07,0.01294773,0.00225308,0.008069656,0.001891414,0.002231997,0.00192758,0.002503913,0.002429497,0.00021975
329,12.47615,0.04107836,1.083e-06,0.01868181,0.003500912,0.007895489,0.001898164,0.002303663,0.001912748,0.002236663,0.00243058,0.00021725
330,12.51723,0.04265219,1.167e-06,0.02052539,0.003126996,0.007981322,0.001982164,0.002256997,0.001839247,0.002292747,0.00243283,0.000213333
331,12.55988,0.03464712,1.25e-06,0.01302482,0.002370497,0.007914989,0.00226083,0.00223483,0.001829498,0.002343163,0.002447663,0.000219583
332,12.59453,0.03473262,1e-06,0.01333681,0.002358831,0.008059488,0.001899831,0.00225983,0.001837831,0.002234163,0.002513497,0.000231333
333,12.62926,0.0344447,1.083e-06,0.01325631,0.002127747,0.008190488,0.001896164,0.00223933,0.001851914,0.002242164,0.002418746,0.00022075
334,12.6637,0.03986128,1.25e-06,0.01724864,0.002976246,0.008694488,0.001897747,0.002323414,0.00183908,0.002232664,0.002418663,0.000229083
335,12.70356,0.04174828,1.167e-06,0.01893614,0.003498495,0.008311155,0.001891831,0.002311913,0.001831164,0.002240247,0.002508913,0.00021725
336,12.74531,0.04125744,1.334e-06,0.01913664,0.003329329,0.007836072,0.001978248,0.002232746,0.001862414,0.002236331,0.002426663,0.000217666
337,12.78657,0.03517587,1.25e-06,0.01356698,0.002719413,0.007871655,0.001921331,0.00223508,0.001828164,0.00238883,0.00242083,0.000222333
338,12.82175,0.03427287,1.084e-06,0.01276782,0.00215583,0.008477238,0.001900748,0.002231163,0.001831581,0.002259413,0.002418414,0.000229583
339,12.85602,0.04470794,1.084e-06,0.0206393,0.003229745,0.008960321,0.002273247,0.00245883,0.002173497,0.002359913,0.00239158,0.000220416
340,12.90073,0.03502287,1.416e-06,0.01341323,0.002630079,0.008111739,0.001899331,0.00223958,0.00182233,0.002261997,0.00242358,0.000219583
341,12.93575,0.04112303,1.25e-06,0.01901622,0.003189163,0.007821905,0.001897581,0.00223808,0.002075164,0.002235413,0.002428164,0.000220083
342,12.97687,0.03454845,1.25e-06,0.01270398,0.002491246,0.008470655,0.001904164,0.00223208,0.001836664,0.002265081,0.00242608,0.000217249
343,13.01142,0.03458637,1.25e-06,0.01291482,0.002425496,0.007988989,0.001971997,0.00254783,0.001847247,0.002234331,0.00242458,0.000229833
344,13.04601,0.04376577,1.083e-06,0.02016614,0.003173579,0.008625905,0.002089414,0.002641746,0.00201308,0.002444664,0.002391246,0.000218917
345,13.08977,0.03471003,1.416e-06,0.01334523,0.002174913,0.008057989,0.001979664,0.00224083,0.001979331,0.002237163,0.002473913,0.000219583
346,13.12448,0.04459485,1e-06,0.02014505,0.003082163,0.00955682,0.002097163,0.002473747,0.002136914,0.002492996,0.00232308,0.000285916
347,13.16908,0.0349882,1.166e-06,0.01346273,0.00229483,0.008144656,0.001988663,0.002234831,0.001830914,0.002382663,0.00242958,0.000218166
348,13.20407,0.04062836,1.167e-06,0.01747923,0.003140162,0.009046071,0.00190108,0.002234247,0.001828748,0.00232858,0.002449163,0.000219916
349,13.24469,0.0445256,1.5e-06,0.02099172,0.002883996,0.008900904,0.00208608,0.002456414,0.00201958,0.002458163,0.00243783,0.000289416
350,13.28922,0.03512003,1.584e-06,0.0133799,0.002110497,0.008113739,0.002012414,0.002579996,0.001858581,0.002249163,0.002430414,0.000383749
351,13.32434,0.0340607,1.5e-06,0.01285098,0.00213833,0.008046406,0.00195283,0.002330164,0.00182733,0.002271081,0.002421746,0.000220333
352,13.3584,0.04073419,1.25e-06,0.01769381,0.003318328,0.008772405,0.001896747,0.002232497,0.001837997,0.002231247,0.00251508,0.000234833
353,13.39914,0.04140486,1e-06,0.01913831,0.003100079,0.008192655,0.001979664,0.002233914,0.001844497,0.002268247,0.002425497,0.000220999
354,13.44054,0.03448045,1.25e-06,0.01275356,0.00242908,0.007914822,0.002293914,0.00223683,0.001842831,0.002327247,0.002447413,0.000233499
355,13.47502,0.03484803,1.083e-06,0.01321306,0.00242858,0.008185905,0.001896997,0.00223258,0.001853414,0.002233914,0.002585163,0.000217333
356,13.50987,0.03607787,1.083e-06,0.01401998,0.002523913,0.008590072,0.001917664,0.002218247,0.001835414,0.002325413,0.002417413,0.000228667
357,13.54595,0.04094911,1.583e-06,0.01769506,0.003486162,0.008721821,0.00189108,0.00237608,0.001841414,0.002287747,0.002429163,0.000219
358,13.5869,0.04062186,1.167e-06,0.01752856,0.003269746,0.008858571,0.00189633,0.002238747,0.001852831,0.002325663,0.002428664,0.000221583
359,13.62752,0.04376385,1.167e-06,0.0203573,0.002746663,0.008857238,0.002223247,0.002442163,0.002004914,0.002508246,0.002402747,0.000220166
360,13.67128,0.03483128,1.25e-06,0.01331498,0.002453246,0.008035322,0.001888498,0.002233747,0.00193283,0.002236497,0.002512413,0.0002225
361,13.70611,0.04086686,1.25e-06,0.01844756,0.003181328,0.008134406,0.001891164,0.00223958,0.001987747,0.00223458,0.002515747,0.000233499
362,13.74698,0.04083328,1.333e-06,0.01820572,0.002853829,0.008800737,0.001897331,0.002322914,0.00183933,0.002271414,0.002421246,0.000219417
363,13.78781,0.03475512,1.25e-06,0.0129444,0.002500913,0.008062072,0.001891914,0.002551663,0.001832164,0.002234413,0.00251608,0.00022025
364,13.82257,0.03396045,1.167e-06,0.01276865,0.002159331,0.008172405,0.001894747,0.002258747,0.001835164,0.00223508,0.002423497,0.000211666
365,13.85653,0.03465262,1.334e-06,0.01322648,0.002376913,0.008044239,0.001975997,0.002232497,0.001916997,0.002234831,0.002425413,0.000217916
366,13.89118,0.03968494,1.333e-06,0.01723014,0.002991746,0.008533238,0.001890664,0.002234163,0.001830414,0.002234497,0.00252058,0.000218166
367,13.93087,0.04017011,1.083e-06,0.01695364,0.003127579,0.009112071,0.001896664,0.00232708,0.001833747,0.002236664,0.002453246,0.000228333
368,13.97104,0.03448753,1.584e-06,0.0127169,0.002436247,0.008074405,0.001889248,0.002561996,0.001829247,0.002242914,0.002516246,0.00021875
369,14.00552,0.03459728,1.25e-06,0.01313856,0.002481246,0.008115239,0.001891997,0.00223233,0.001852164,0.002235831,0.002419163,0.0002295
370,14.04012,0.03480895,1.25e-06,0.01330423,0.00245583,0.008098489,0.001952747,0.002234997,0.001841997,0.002264414,0.00243308,0.000221916
371,14.07493,0.03996653,1.083e-06,0.01742473,0.002993912,0.008467489,0.001883247,0.00223458,0.001838664,0.002478163,0.002424164,0.000220499
372,14.1149,0.04072219,1.167e-06,0.01808981,0.002909162,0.008753571,0.001892081,0.00232133,0.001837581,0.00223708,0.002460163,0.00022025
373,14.15562,0.03483662,1.167e-06,0.01297015,0.002525079,0.008055822,0.001897581,0.00254808,0.001854247,0.002238164,0.002524579,0.00022175
374,14.19045,0.03396887,1.416e-06,0.0128129,0.002037914,0.008184238,0.001896998,0.002233663,0.001864664,0.002234164,0.002417496,0.000285417
375,14.22442,0.03482512,1e-06,0.0133264,0.002347913,0.008159656,0.001917497,0.002292747,0.001841164,0.002287497,0.002429496,0.00022175
376,14.25925,0.04000269,1.167e-06,0.01734731,0.003159912,0.008470905,0.001912164,0.002232413,0.001847414,0.002333414,0.002420913,0.000277083
377,14.29925,0.03982544,1.166e-06,0.01662381,0.003033079,0.009149988,0.002028247,0.002238747,0.001851497,0.002235664,0.002442996,0.00022025
378,14.33908,0.04140219,1.167e-06,0.01886347,0.003548078,0.007979655,0.001961914,0.00224058,0.001834915,0.002335663,0.002419997,0.000216749
379,14.38048,0.04486102,1.084e-06,0.0208833,0.003204579,0.009010404,0.002089913,0.002459997,0.002090497,0.002539496,0.002363664,0.000218083
380,14.42534,0.03441379,1.667e-06,0.01291707,0.002245164,0.008210821,0.002038164,0.002241664,0.001874497,0.002237664,0.002427829,0.00021925
381,14.45975,0.03661636,1.167e-06,0.01437331,0.002324496,0.008695405,0.001944414,0.002535496,0.001860164,0.002233247,0.002430163,0.0002185
382,14.49637,0.04084194,1.167e-06,0.01773231,0.003174996,0.008967904,0.001898831,0.002231247,0.00186458,0.002323747,0.00242933,0.000217833
383,14.53721,0.04036653,1.166e-06,0.01743089,0.00280283,0.00910882,0.001902998,0.00237908,0.001857664,0.00223233,0.002417913,0.000232833
384,14.57758,0.04450952,1.166e-06,0.02084864,0.002970162,0.008829238,0.00211858,0.00256433,0.002054914,0.002439746,0.002378497,0.000304249
385,14.62209,0.03598037,1.25e-06,0.01340131,0.00292308,0.008408988,0.001933747,0.002239247,0.001913081,0.002350163,0.002587996,0.0002215
386,14.65807,0.03555762,1.166e-06,0.01318365,0.002525246,0.008849321,0.002037914,0.002122997,0.001957997,0.002235747,0.002425913,0.000217667
387,14.69363,0.03456545,1.167e-06,0.01284423,0.002612913,0.008098655,0.001901664,0.002234663,0.001839415,0.002235913,0.00257758,0.000219249
388,14.72819,0.04059036,1.083e-06,0.01768448,0.003111495,0.008697738,0.001971081,0.002307496,0.001839248,0.00233058,0.00242658,0.000220583
389,14.76878,0.04372027,1.25e-06,0.02049572,0.002725163,0.008859904,0.00207733,0.002440913,0.002003914,0.002508497,0.00238908,0.000218499
390,14.8125,0.03507245,1.167e-06,0.0138564,0.002204664,0.007901488,0.001896164,0.002355664,0.001974497,0.00223308,0.002419164,0.000230166
391,14.84757,0.03448212,1.25e-06,0.01289623,0.002152997,0.008192155,0.001902748,0.00223183,0.00216733,0.00228208,0.00243658,0.000218917
392,14.88206,0.03465878,1.167e-06,0.01345398,0.00213008,0.008053155,0.002027581,0.00223458,0.001845497,0.002234164,0.002458913,0.000219667
393,14.91672,0.04065636,1.083e-06,0.01762489,0.003369996,0.008636737,0.001897998,0.002253163,0.001831914,0.002239414,0.002522746,0.000278417
394,14.95737,0.04098828,1.334e-06,0.01874614,0.003149746,0.008132488,0.001975081,0.00223383,0.001833497,0.002240331,0.002442829,0.000233
395,14.99836,0.04077619,1.166e-06,0.01780772,0.003406745,0.008600405,0.001897081,0.00225908,0.001826997,0.002332497,0.00242558,0.000218916
396,15.03914,0.04457302,1.083e-06,0.02031714,0.003341412,0.009042487,0.002108081,0.002448746,0.002026414,0.00266958,0.002301746,0.000316333
397,15.08371,0.03483437,1.167e-06,0.01345065,0.002250746,0.008208822,0.001891831,0.002237247,0.001818914,0.002331497,0.002425496,0.000218
398,15.11854,0.03401445,1.333e-06,0.01298807,0.002144663,0.008006239,0.001899497,0.002230914,0.001833497,0.002264664,0.002426663,0.000218916
399,15.15256,0.03473403,1.25e-06,0.01307323,0.002676163,0.008022906,0.001889497,0.00225908,0.001932581,0.002231413,0.002418663,0.00022925
400,15.18729,0.03608295,1.084e-06,0.01360531,0.002903413,0.008590821,0.002024414,0.002128497,0.001859247,0.002326413,0.002426914,0.000216833
401,15.22338,0.03487095,1.084e-06,0.01285282,0.002596496,0.008023822,0.001989164,0.002234164,0.001832831,0.002309663,0.002808996,0.000221916
402,15.25825,0.03434929,1.333e-06,0.01281173,0.002558663,0.007919489,0.001925414,0.002234164,0.001830747,0.002390997,0.002454413,0.000222333
403,15.2926,0.03695995,1.083e-06,0.01313915,0.002463496,0.008043072,0.001954247,0.002234747,0.001838164,0.002381664,0.004685493,0.000218833
404,15.32956,0.0362892,1.25e-06,0.01350882,0.002884579,0.008922487,0.001770164,0.002379997,0.001844498,0.002323913,0.002420497,0.000232999
405,15.36584,0.05092335,1e-06,0.02660905,0.002609496,0.007922072,0.001895831,0.002234913,0.001984748,0.004915576,0.00251333,0.000237333
406,15.41677,0.03448053,1.5e-06,0.01315106,0.002183997,0.008167822,0.001903414,0.002257747,0.001839331,0.00223233,0.00252408,0.000219249
407,15.45125,0.0349437,1.25e-06,0.01344573,0.002136247,0.008372322,0.001900831,0.00228333,0.001899747,0.002263747,0.002421663,0.000218833
408,15.48619,0.04063494,1.167e-06,0.01761272,0.003400579,0.008673737,0.001910331,0.002231247,0.001832581,0.002323663,0.002430247,0.000218666
409,15.52683,0.04374244,1.334e-06,0.02074755,0.00242508,0.008885737,0.002080747,0.002443664,0.00203133,0.002491997,0.002414246,0.00022075
410,15.57057,0.03457845,1.25e-06,0.01296098,0.002397663,0.008231822,0.001908664,0.00232358,0.001840164,0.00226433,0.002421247,0.00022875
411,15.60515,0.0345992,1.333e-06,0.0127169,0.002669579,0.007921572,0.001929581,0.00223333,0.001829414,0.002383664,0.002426496,0.000487333
412,15.63975,0.03508062,1.167e-06,0.01333265,0.002577996,0.008075489,0.002021997,0.00225908,0.001835248,0.002330996,0.00242733,0.000218667
413,15.67483,0.03896995,1.167e-06,0.01548806,0.003050662,0.009102821,0.00198008,0.00230033,0.001919914,0.00226033,0.00264608,0.0002205
414,15.7138,0.04111128,1.25e-06,0.01891106,0.003323745,0.007892656,0.001919747,0.002253747,0.00193308,0.002232747,0.002425163,0.000218083
415,15.75491,0.03445887,1.667e-06,0.01300165,0.002124164,0.008058322,0.001888997,0.00252583,0.001883497,0.002234247,0.002523663,0.000216833
416,15.78937,0.03548428,1e-06,0.01330115,0.002556163,0.008641737,0.001969414,0.002188997,0.001843248,0.002242247,0.002519413,0.000220916
417,15.82485,0.03979703,1.334e-06,0.01669914,0.003164412,0.008974988,0.001894914,0.002321913,0.001834164,0.00225733,0.002419413,0.000229417
418,15.86465,0.04038761,1.5e-06,0.01734131,0.003347579,0.008860404,0.001903747,0.002238997,0.001819581,0.002238497,0.002418663,0.000217333
419,15.90504,0.04129028,1.084e-06,0.01843181,0.003885494,0.008000406,0.001906164,0.00223458,0.001855497,0.002334497,0.00242083,0.000219916
420,15.94633,0.0345927,1e-06,0.01290815,0.002418663,0.008086322,0.001894914,0.00224183,0.001825164,0.002562997,0.002423496,0.000230167
421,15.98092,0.03518195,1.25e-06,0.01330465,0.00233258,0.008517072,0.002036163,0.002197081,0.001907247,0.00223483,0.002431913,0.000219167
422,16.0161,0.03506053,1.083e-06,0.01339906,0.002387164,0.008274488,0.001906664,0.002376413,0.001840665,0.00223408,0.00241958,0.000221333
423,16.05116,0.04193986,1.25e-06,0.01864097,0.003601495,0.008672071,0.001890831,0.00226208,0.001842164,0.002324413,0.00247708,0.0002275
424,16.0931,0.03443379,1.167e-06,0.01292948,0.002267747,0.007990239,0.001885831,0.00230558,0.002169497,0.002234997,0.002428663,0.000220583
425,16.12754,0.03577303,1.083e-06,0.01364265,0.002323913,0.008760654,0.002053081,0.002252663,0.001851831,0.002239664,0.002419496,0.000228
426,16.16331,0.03423204,1.167e-06,0.01259132,0.002403164,0.008087405,0.00196433,0.002299997,0.001845414,0.00230158,0.00242108,0.000316583
427,16.19754,0.03980936,1.166e-06,0.01708673,0.00272183,0.009058487,0.001883164,0.00233183,0.001856247,0.002232581,0.002417163,0.000220166
428,16.23735,0.03446254,1.083e-06,0.01290832,0.00224008,0.008055655,0.001886664,0.00223508,0.002161247,0.002242247,0.002511247,0.000220916
429,16.27181,0.03391578,1.083e-06,0.01279331,0.002079581,0.008112405,0.001916081,0.00223508,0.001899247,0.00223533,0.00242383,0.000219833
430,16.30573,0.04041628,1.084e-06,0.01760281,0.002860163,0.008833821,0.002035997,0.002242413,0.001838081,0.00232458,0.002427747,0.000249583
431,16.34615,0.04462594,1.083e-06,0.0216938,0.002433497,0.008795321,0.00206758,0.002556663,0.001996247,0.002511164,0.002352996,0.000217583
432,16.39077,0.03461987,1.584e-06,0.01286023,0.002464914,0.008323655,0.001989747,0.002234247,0.001860247,0.002235914,0.002430663,0.000218666
433,16.42539,0.03498445,1e-06,0.01336123,0.002249997,0.008304739,0.001896914,0.002326246,0.001888331,0.00230483,0.002431247,0.000219916
434,16.46038,0.04081178,1.167e-06,0.01843031,0.003225829,0.008206322,0.001898164,0.00223458,0.001838997,0.002234747,0.002522413,0.00021925
435,16.50119,0.04089844,1.167e-06,0.01824381,0.002979496,0.008716738,0.001892997,0.00232308,0.001829748,0.00226308,0.002429247,0.000219083
436,16.54209,0.03441854,1.333e-06,0.01285832,0.002250414,0.008052155,0.001885831,0.002549663,0.001847581,0.002240996,0.002514997,0.00021725
437,16.5765,0.03473687,1.083e-06,0.01356973,0.00216258,0.008144322,0.001894914,0.00225733,0.001842331,0.002233413,0.00241833,0.000212833
438,16.61124,0.04067486,1.083e-06,0.01756573,0.003301495,0.008866404,0.001896831,0.002233747,0.001827914,0.002325746,0.00242458,0.000231333
439,16.65192,0.04417185,1.25e-06,0.02069164,0.002932079,0.008984738,0.00209383,0.002439997,0.001998664,0.002475413,0.00233458,0.000219666
440,16.69609,0.0344392,1.083e-06,0.01290682,0.00218133,0.008369155,0.001889997,0.002333663,0.001855248,0.002264497,0.002421163,0.00021625
441,16.73053,0.03572803,1.333e-06,0.01339798,0.002519663,0.008773071,0.001960664,0.002264497,0.001846747,0.002266581,0.002475496,0.000222
442,16.76625,0.04050078,1.5e-06,0.01764889,0.002987829,0.008985321,0.001914747,0.002241413,0.001837164,0.002239331,0.00242383,0.000220749
443,16.80676,0.04067086,1.333e-06,0.01804939,0.003020912,0.008492405,0.002013164,0.00233258,0.001849247,0.002238247,0.002454497,0.000219083
444,16.84743,0.03445603,1.25e-06,0.0126789,0.002386497,0.008098739,0.001904247,0.00255033,0.00185358,0.002234997,0.002517163,0.000230333
445,16.88188,0.0347612,1.084e-06,0.01327215,0.002419496,0.008167489,0.001909664,0.002234163,0.001849248,0.00227058,0.002417413,0.000219916
446,16.91664,0.04382294,1e-06,0.02028614,0.00271158,0.009132654,0.002068747,0.00254333,0.002006663,0.002441664,0.002399413,0.00023175
447,16.96047,0.03532953,1.25e-06,0.0136629,0.002232747,0.008528821,0.001908581,0.002239247,0.001841497,0.002238664,0.002456996,0.000218833
448,16.9958,0.03438545,1.25e-06,0.01283915,0.002361413,0.007971655,0.001920664,0.002234414,0.00200558,0.002238747,0.002593997,0.000218583
449,17.03018,0.03440687,1.084e-06,0.01278415,0.002378664,0.008245905,0.001907247,0.002232497,0.001855747,0.002262581,0.002509163,0.000229833
450,17.06459,0.03466737,1.083e-06,0.0134194,0.002251247,0.007992655,0.001899831,0.002374997,0.00184958,0.002231081,0.002428496,0.000219
451,17.09926,0.03659862,1e-06,0.01380581,0.002803829,0.008850904,0.002011747,0.002233914,0.001894747,0.002235164,0.002541246,0.00022025
452,17.13585,0.04101611,1.25e-06,0.01826989,0.003159328,0.008630155,0.001899664,0.002351747,0.001825414,0.00224108,0.002418997,0.000218583
453,17.17687,0.03449303,1.25e-06,0.01297623,0.002152663,0.008091322,0.001902914,0.002546997,0.00184508,0.002233664,0.002526163,0.00021675
454,17.21136,0.03432603,1.333e-06,0.01277682,0.00233008,0.008039489,0.001902247,0.002291497,0.001839914,0.002235164,0.002691413,0.000218083
455,17.24569,0.03493745,1.25e-06,0.01335598,0.002701913,0.008000072,0.001923414,0.002234997,0.001843497,0.00223333,0.002423913,0.000219083
456,17.28063,0.04048528,1.333e-06,0.01811197,0.003005662,0.008205905,0.002089164,0.00223458,0.001838664,0.002328747,0.002448246,0.000221
457,17.32111,0.04004119,1.5e-06,0.01717948,0.002817996,0.009173821,0.001895247,0.002268663,0.001835581,0.002235497,0.00241933,0.000214083
458,17.36115,0.03435037,1.417e-06,0.0128309,0.00226883,0.007901823,0.002214746,0.002234831,0.001839914,0.002328246,0.002508664,0.000220999
459,17.3955,0.03424837,1.333e-06,0.01281431,0.002344247,0.008114239,0.001905747,0.00225783,0.001837498,0.002232746,0.002521913,0.0002185
460,17.42975,0.03488278,1.333e-06,0.01345415,0.00225358,0.008195072,0.001901997,0.002260997,0.001834081,0.002235663,0.002525664,0.000220249
461,17.46464,0.04003219,1.334e-06,0.01707998,0.003160079,0.008709071,0.00204058,0.002314914,0.00184283,0.002231914,0.00243258,0.000218916
462,17.50467,0.04101911,1.25e-06,0.01782739,0.002860413,0.00930282,0.001904748,0.002259996,0.001834165,0.002232996,0.00252408,0.00027125
463,17.54569,0.03463803,1.084e-06,0.01305915,0.002162164,0.007940488,0.001981164,0.002242664,0.002212497,0.002335496,0.002484914,0.000218416
464,17.58032,0.03420787,1.167e-06,0.01280465,0.002204164,0.007993739,0.001885914,0.00233208,0.001843997,0.002233247,0.002686829,0.000222083
465,17.61453,0.03578987,1.166e-06,0.01369848,0.00249958,0.008334322,0.002060997,0.00210983,0.001926747,0.00223508,0.00241958,0.000504083
466,17.65032,0.0340747,1.166e-06,0.01269515,0.002295163,0.007982406,0.001993747,0.002245914,0.001989913,0.002236081,0.002416663,0.0002185
467,17.6844,0.04035403,1.333e-06,0.01670198,0.003183412,0.009486153,0.001903997,0.002233081,0.001833664,0.00223733,0.00245983,0.000313249
468,17.72475,0.03436237,1.083e-06,0.01281381,0.00243983,0.007939906,0.001991247,0.00223258,0.001901247,0.002239497,0.00257183,0.000231333
469,17.75911,0.0343162,1.166e-06,0.01273007,0.002525413,0.008091238,0.001901998,0.002231413,0.001835331,0.00235708,0.002421663,0.000220833
470,17.79343,0.03470329,1e-06,0.0132534,0.00229958,0.008055156,0.002028497,0.002234663,0.001835748,0.002233997,0.002542246,0.000219
471,17.82813,0.0438476,1.083e-06,0.02068355,0.002712663,0.008802821,0.00207033,0.002444664,0.00209583,0.00251408,0.002302497,0.000220083
472,17.87198,0.03467437,1.334e-06,0.01287856,0.002440746,0.008366489,0.00199408,0.00223358,0.001864831,0.00223708,0.00242258,0.000235083
473,17.90665,0.03507053,1.083e-06,0.0133504,0.002374413,0.008321988,0.001898914,0.002328997,0.001832498,0.002253163,0.002478747,0.000230333
474,17.94173,0.04471469,1.084e-06,0.02078405,0.003339245,0.008803988,0.002088164,0.002448246,0.002169164,0.002430746,0.00234758,0.000302417
475,17.98644,0.03549553,1.5e-06,0.01344332,0.002499579,0.008440739,0.00191508,0.00225158,0.001907248,0.002382246,0.002423747,0.0002305
476,18.02194,0.03419503,1.166e-06,0.01274848,0.002132081,0.008189988,0.001895998,0.002232413,0.001841081,0.002511163,0.002422163,0.0002205
477,18.05613,0.04089361,1.084e-06,0.01740314,0.003483662,0.008920737,0.001881664,0.002235914,0.001922164,0.00239483,0.002417746,0.000232666
478,18.09702,0.04131936,1.083e-06,0.01720498,0.003210162,0.009954403,0.001905997,0.00223433,0.001843998,0.00232308,0.002418746,0.000222583
479,18.13834,0.03457603,1.167e-06,0.01305948,0.002244246,0.007942656,0.001891914,0.002323497,0.001842914,0.002519413,0.002519413,0.000231333
480,18.17292,0.03468929,1.1917e-05,0.01305665,0.002555413,0.008032239,0.001895331,0.002259247,0.00184058,0.002397997,0.00241983,0.000220083
481,18.20761,0.03416628,1.25e-06,0.01259323,0.002356914,0.008240405,0.001900414,0.002239663,0.001859081,0.00224008,0.002513747,0.000221499
482,18.24178,0.03858886,1.333e-06,0.01587414,0.002735579,0.008961488,0.001911164,0.00231858,0.00183983,0.002239081,0.002489663,0.000218
483,18.28036,0.04094544,1.25e-06,0.01742739,0.003405579,0.008803821,0.00233133,0.00223458,0.001831331,0.002233747,0.002456246,0.000220166
484,18.32131,0.03400537,1.25e-06,0.01289348,0.002222246,0.007932656,0.00200633,0.002233414,0.001828747,0.002238997,0.00242708,0.000221167
485,18.35531,0.03477595,1.5e-06,0.01329406,0.00240558,0.008052239,0.001896747,0.002322997,0.001893914,0.002260747,0.002428747,0.000219416
486,18.39009,0.03535062,1.166e-06,0.01309198,0.002715746,0.008594321,0.001952248,0.00226258,0.001831164,0.00226208,0.002418497,0.000220833
487,18.42544,0.03995636,1.083e-06,0.01663914,0.003187412,0.00906857,0.001892914,0.00223358,0.001899248,0.002380413,0.002424247,0.000229749
488,18.4654,0.04066361,1.333e-06,0.01742306,0.002936413,0.00927032,0.002051997,0.002234747,0.001836664,0.00223458,0.002441247,0.000233249
489,18.50606,0.04394685,1.25e-06,0.02027705,0.003229828,0.008793571,0.002081748,0.002439413,0.001988914,0.002621829,0.002294747,0.0002185
490,18.55001,0.03430512,1.25e-06,0.01278582,0.002205164,0.008142238,0.001892164,0.002231497,0.002160164,0.002239497,0.002428413,0.000218916
491,18.58431,0.03558528,1.417e-06,0.01347498,0.002324163,0.008877321,0.001898998,0.002213663,0.001911247,0.002237747,0.002427663,0.000218084
492,18.6199,0.04080769,1.167e-06,0.01746531,0.003175078,0.009023988,0.001913664,0.002232663,0.001831164,0.002332497,0.002610496,0.000221667
493,18.66071,0.04078969,1.334e-06,0.01733839,0.003448745,0.009129487,0.001899081,0.002238747,0.00181883,0.002275997,0.002418664,0.000220416
494,18.7015,0.0346462,1.166e-06,0.0129289,0.00247858,0.007983155,0.001886664,0.002238747,0.001928331,0.00254958,0.002431746,0.000219333
495,18.73614,0.03470712,1.5e-06,0.01319865,0.002210914,0.008225238,0.001994414,0.00226658,0.001839998,0.002330747,0.002420496,0.000218583
496,18.77085,0.03427862,1.25e-06,0.01263748,0.002430413,0.008187989,0.00194483,0.00223458,0.001869664,0.002234497,0.002518663,0.00021925
497,18.80513,0.03783486,1.25e-06,0.0149404,0.00255758,0.00926882,0.001867664,0.00223258,0.001929331,0.002234247,0.002583663,0.000219333
498,18.84296,0.04027636,1.25e-06,0.01737589,0.002771496,0.00912582,0.001967414,0.002316997,0.001837414,0.00224283,0.002419913,0.000217333
499,18.88324,0,0,0,0,0,0,0,0,0,0,0

Averages:
0.03776648,2.638202e-06,0.01541354,0.002699626,0.008461326,0.001955619,0.002295969,0.001903,0.002327701,0.002473912,0.0002331463
