OpenCV version: 2.4
Usage: 7-SobelDerivatives <input-number> [<samples>]
input-number - is the video device number. Defaults to zero. E.g. for /dev/video2 just use '2' as argument.
samples - number of samples before application ends. Defaults to 1000; zero means infinite.
sample_number,elapsed_time,frame,mat_alloc,read_img,gpumat_alloc,gpu_frame_upload,convert_color,gaussian_blur,sobel,convert_scale,sobel2,convert_scale2,add_weighted,gpu_frame_download,show_img
0,0,0.2544523,4.416e-06,0.1404439,8.33e-07,0.01008749,0.02508063,0.01213332,0.009630404,0.005128993,0.01156682,0.006196825,0.002894163,0.01486956,0.01641498
1,0.2544523,0.2435952,1.416e-06,0.1786065,1e-06,0.00992182,0.005423326,0.01108465,0.008394905,0.007780073,0.008632655,0.005814742,0.002082247,0.003410495,0.00244133
2,0.4980475,0.2470363,2.917e-06,0.142085,9.16e-07,0.007385823,0.007343824,0.0275063,0.02210014,0.005997658,0.0105374,0.01253648,0.00257258,0.003540745,0.005426576
3,0.7450838,0.2459332,1.917e-06,0.1610666,1.083e-06,0.006998241,0.005730242,0.02095355,0.01630631,0.006649491,0.01332157,0.00498616,0.00283433,0.003845328,0.003238412
4,0.9910171,0.2117301,2.5e-06,0.1509151,9.16e-07,0.007275824,0.01021265,0.01528298,0.007543907,0.003757661,0.00761924,0.003376245,0.00219558,0.002055664,0.001491831
5,1.202747,0.2140953,1.334e-06,0.1400288,7.5e-07,0.007275073,0.007188907,0.01565073,0.01435281,0.005541742,0.01071299,0.004965076,0.00279008,0.003290745,0.002296247
6,1.416842,0.2279371,1.167e-06,0.1421323,9.16e-07,0.007571823,0.01709548,0.02085456,0.01013082,0.00482541,0.01058123,0.004934827,0.00271883,0.004507493,0.002582247
7,1.64478,0.2685046,1.5e-06,0.1603974,8.33e-07,0.008004239,0.02672946,0.03267071,0.01252948,0.006550658,0.00975132,0.00436591,0.002406831,0.002938245,0.002157998
8,1.913284,0.2157687,1.25e-06,0.1428561,9.16e-07,0.007538823,0.01675348,0.01027115,0.01106774,0.004504493,0.009889737,0.004688077,0.00245258,0.003241662,0.002502663
9,2.129053,0.2624298,1.5e-06,0.1424415,8.34e-07,0.00739699,0.01660806,0.04468502,0.01382615,0.00475866,0.01450756,0.00512266,0.005360743,0.002970079,0.004750077
10,2.391483,0.2236016,1.167e-06,0.1519433,9.17e-07,0.007338323,0.01418365,0.02121097,0.008280239,0.003474745,0.007755656,0.003438079,0.001849914,0.002283997,0.001840664
11,2.615084,0.241764,1.166e-06,0.1422831,7.5e-07,0.007729656,0.01721314,0.03426229,0.01086799,0.004849077,0.01058298,0.004890577,0.002603496,0.003720995,0.002758746
12,2.856848,0.2279575,1.5e-06,0.1431684,9.17e-07,0.007421323,0.01725489,0.02093556,0.01022115,0.004917994,0.0104829,0.00505191,0.002603829,0.003334329,0.00256283
13,3.084806,0.2736136,1.667e-06,0.1435106,7.5e-07,0.00725649,0.01704039,0.04009103,0.02272797,0.008413488,0.01949472,0.005891325,0.003252913,0.003296578,0.002635664
14,3.358419,0.2260583,1.667e-06,0.1434166,7.5e-07,0.009551903,0.02520122,0.01015165,0.01045715,0.004442244,0.01008324,0.00455866,0.00241308,0.003159663,0.002620496
15,3.584478,0.2427359,1.583e-06,0.1419429,8.34e-07,0.00726049,0.01709231,0.03430545,0.01035524,0.00518616,0.01105007,0.005654242,0.002676997,0.003791911,0.003417745
16,3.827214,0.2425228,1.5e-06,0.1428631,8.33e-07,0.007698656,0.01660998,0.03436637,0.01039365,0.004819244,0.01095982,0.005797159,0.002562913,0.003847494,0.002601997
17,4.069736,0.2327373,1.25e-06,0.1440771,9.17e-07,0.007370407,0.005701159,0.01755823,0.01720039,0.006715158,0.01707514,0.005750159,0.003212246,0.004381494,0.003693661
18,4.302474,0.2347507,1.667e-06,0.1452415,9.17e-07,0.007506073,0.01046049,0.02101422,0.01670598,0.005947242,0.0127569,0.005634909,0.003234829,0.003494912,0.00275108
19,4.537224,0.2684005,1.667e-06,0.1449215,1e-06,0.00720624,0.00737149,0.0345952,0.0261418,0.008055905,0.01872914,0.008119739,0.004142494,0.005277577,0.003836828
20,4.805625,0.2482972,1.584e-06,0.144827,1.166e-06,0.008601322,0.02513055,0.02870038,0.01015857,0.005345493,0.01119332,0.006059658,0.00266733,0.003188329,0.00242258
21,5.053922,0.2510067,1.25e-06,0.1417283,8.34e-07,0.007816489,0.01719906,0.03431504,0.0117354,0.005437909,0.01093907,0.006407408,0.003651161,0.004865244,0.006909573
22,5.304929,0.2253653,1.333e-06,0.1532452,9.16e-07,0.007488157,0.007144823,0.01524898,0.01249257,0.004993327,0.0114684,0.004776577,0.002690663,0.003157829,0.002656496
23,5.530294,0.2552151,1.5e-06,0.1436751,9.17e-07,0.007415157,0.01682731,0.05135468,0.008563239,0.004318577,0.00939457,0.005150577,0.002080413,0.003185329,0.003247663
24,5.785509,0.2282992,1.417e-06,0.1427555,8.33e-07,0.00739599,0.01663006,0.02097439,0.01121807,0.004861244,0.01093607,0.004998326,0.00261333,0.003452579,0.002461413
25,6.013808,0.2428077,1.333e-06,0.1433636,1.167e-06,0.007668156,0.01713406,0.0341662,0.01033832,0.004891993,0.01060824,0.005221659,0.00261333,0.003804412,0.002995245
26,6.256616,0.2252421,1.834e-06,0.1428326,9.17e-07,0.007351989,0.005997326,0.02066272,0.01663623,0.006685908,0.01248515,0.004368244,0.002278581,0.003221412,0.002719163
27,6.481858,0.2284919,1.583e-06,0.1430692,8.34e-07,0.007391156,0.01660748,0.0210303,0.01078324,0.004931993,0.01066232,0.00493016,0.002666496,0.003655328,0.002761747
28,6.71035,0.2355525,1.5e-06,0.1436169,7.5e-07,0.00727699,0.007580573,0.01867122,0.01892614,0.006508074,0.01677323,0.005660159,0.003245662,0.004148161,0.003143163
29,6.945903,0.2677529,1.917e-06,0.1466648,9.17e-07,0.009962903,0.02492738,0.03028288,0.01591273,0.007008657,0.0129429,0.006746074,0.003072329,0.004663743,0.005565659
30,7.213656,0.2649366,1.5e-06,0.1425751,8.33e-07,0.007363907,0.007345739,0.03466095,0.02708546,0.006266741,0.01484906,0.007296323,0.002955746,0.007750823,0.006784407
31,7.478592,0.2288488,1.667e-06,0.1429063,1e-06,0.007499823,0.01718989,0.02117614,0.01010674,0.00480941,0.01048807,0.00517016,0.002699079,0.003764912,0.003035579
32,7.707441,0.2263714,1.167e-06,0.1443901,1e-06,0.007512323,0.01044773,0.02079797,0.01643939,0.00501991,0.00934507,0.004370244,0.002217997,0.003194079,0.00263433
33,7.933812,0.2286419,1.334e-06,0.1430731,8.33e-07,0.007495323,0.01722689,0.02109622,0.01024965,0.004904409,0.0106114,0.004995659,0.00266858,0.003555995,0.002762413
34,8.162454,0.2297296,1.584e-06,0.1438341,8.34e-07,0.007535323,0.01714831,0.02118697,0.01010157,0.004892327,0.0106929,0.005290576,0.002682746,0.003452662,0.002909663
35,8.392184,0.2297853,1.583e-06,0.1445981,9.16e-07,0.00745799,0.01719123,0.02105197,0.01010782,0.004867327,0.01062798,0.004872827,0.002634079,0.003633745,0.002739747
36,8.621969,0.2593984,1.5e-06,0.1438937,9.17e-07,0.007184073,0.01050807,0.03438095,0.02672288,0.008136655,0.01474548,0.005550576,0.002647413,0.003221079,0.00240508
37,8.881367,0.2284609,1.584e-06,0.1434765,7.5e-07,0.00742849,0.01719306,0.02093564,0.01007415,0.00486216,0.0107764,0.00487316,0.002618079,0.003386496,0.002834412
38,9.109828,0.2410768,1.667e-06,0.1427061,9.16e-07,0.007465074,0.01667881,0.03423487,0.01043482,0.004909576,0.0106149,0.004957244,0.002636496,0.003708328,0.002727996
39,9.350905,0.244744,1.166e-06,0.143222,1.167e-06,0.007657323,0.01720756,0.03431595,0.0103989,0.005384409,0.01099065,0.005681325,0.00264183,0.004096411,0.003145329
40,9.595649,0.231084,1.584e-06,0.143815,7.5e-07,0.007660073,0.01046557,0.02103139,0.01642139,0.006081241,0.01021449,0.005015743,0.00240233,0.003790162,0.004184327
41,9.826733,0.2443288,1.5e-06,0.1435576,1.084e-06,0.007698406,0.01663573,0.0343732,0.01044182,0.005379659,0.01070948,0.005736576,0.00257358,0.003732578,0.003487662
42,10.07106,0.2295119,1.583e-06,0.1435677,8.33e-07,0.007558323,0.01041648,0.02108989,0.01678248,0.006211992,0.01002757,0.005103493,0.002511663,0.003472079,0.00276783
43,10.30057,0.2485372,1.333e-06,0.143069,8.34e-07,0.009782486,0.02525038,0.02860379,0.01143024,0.004977826,0.0106604,0.00511791,0.002635163,0.003865495,0.003142412
44,10.54911,0.2517381,1.417e-06,0.148638,8.33e-07,0.007515406,0.01660564,0.03427129,0.01035565,0.005472242,0.01123765,0.006169908,0.00258233,0.004165994,0.00472166
45,10.80085,0.2331503,1.167e-06,0.1428957,8.34e-07,0.007329573,0.005943158,0.02068997,0.01910972,0.006353408,0.01456765,0.005399576,0.003085913,0.003647078,0.004126578
46,11.034,0.221466,1.583e-06,0.1445429,1e-06,0.00749549,0.01660606,0.01056507,0.008958238,0.005665659,0.01167398,0.006134075,0.002638496,0.003791661,0.003391829
47,11.25547,0.2429821,1.25e-06,0.1432054,9.17e-07,0.007436656,0.01720523,0.03426354,0.0104979,0.004892743,0.01057865,0.005515659,0.002640996,0.004034661,0.002708496
48,11.49845,0.2261912,1.417e-06,0.1438246,8.33e-07,0.007305407,0.005900575,0.02067531,0.01688689,0.006423575,0.01245665,0.004448328,0.002275746,0.003433996,0.002557829
49,11.72464,0.2312685,1.25e-06,0.1434525,8.33e-07,0.00739099,0.01720456,0.02111139,0.01284107,0.00489891,0.01052174,0.005025909,0.00258483,0.003488329,0.002746246
50,11.95591,0.2268144,1.417e-06,0.14461,7.5e-07,0.007487073,0.01048657,0.02071322,0.01680498,0.004950493,0.009220904,0.004429994,0.00224858,0.003326579,0.00253383
51,12.18272,0.2453395,1.583e-06,0.1427871,9.16e-07,0.007782906,0.01721989,0.03426845,0.01253332,0.004848327,0.01088724,0.005979492,0.002596496,0.003610745,0.002822996
52,12.42806,0.2400483,1.416e-06,0.1443851,8.34e-07,0.007456239,0.01665148,0.03411429,0.009838653,0.004558744,0.009743236,0.004630827,0.002394747,0.003353246,0.002919412
53,12.66811,0.2642615,1.667e-06,0.1429151,7.5e-07,0.007431907,0.01735039,0.05239101,0.01607798,0.004851326,0.0102149,0.00497791,0.002682746,0.003072163,0.00229358
54,12.93237,0.2429924,1.417e-06,0.1432978,9.16e-07,0.007716156,0.01715439,0.03421487,0.0105064,0.004921993,0.0105529,0.005257409,0.002681413,0.004063495,0.002623246
55,13.17536,0.2428395,1.5e-06,0.1430341,1.084e-06,0.007461823,0.01719639,0.03426987,0.01147973,0.004778326,0.01077207,0.004939076,0.00255983,0.003582495,0.002763163
56,13.4182,0.2326388,1.417e-06,0.1444779,9.17e-07,0.00742099,0.01703573,0.0209678,0.01321907,0.00496391,0.01069607,0.004954743,0.00258483,0.003564078,0.00275133
57,13.65084,0.226047,1.083e-06,0.1426826,1e-06,0.007351657,0.005916742,0.02158089,0.01667273,0.006354075,0.01238015,0.004448744,0.00228708,0.003680579,0.002689663
58,13.87689,0.2291612,1.583e-06,0.1437959,8.33e-07,0.007474407,0.009909986,0.02070522,0.01750473,0.00495291,0.01219498,0.00486141,0.002915412,0.00261658,0.002227247
59,14.10605,0.2386653,1.667e-06,0.1447446,1e-06,0.009542904,0.02539205,0.01255198,0.01349773,0.006169575,0.0109049,0.005823075,0.002695496,0.003899912,0.003440412
60,14.34472,0.2654841,1.583e-06,0.1438621,7.5e-07,0.007226741,0.007379656,0.03509078,0.02691488,0.007074324,0.01714731,0.007131324,0.004140244,0.00472766,0.004786827
61,14.6102,0.2656401,1.583e-06,0.1463615,9.17e-07,0.01020907,0.0249543,0.03015804,0.01558106,0.006973824,0.01270548,0.005691326,0.002690413,0.004803493,0.005509076
62,14.87584,0.2359297,1.417e-06,0.1435726,1.25e-06,0.00748174,0.01043874,0.02078497,0.01805397,0.00525991,0.01403606,0.00712224,0.003311079,0.003224995,0.002640663
63,15.11177,0.2485664,1.5e-06,0.1451358,8.33e-07,0.009806653,0.02513788,0.02859163,0.0102659,0.004870244,0.01062715,0.005113493,0.002736746,0.003513829,0.002764746
64,15.36034,0.2520077,1.416e-06,0.1443686,9.17e-07,0.007673823,0.01661931,0.03542054,0.01577381,0.008733321,0.0102589,0.00483866,0.002643996,0.003357579,0.002316747
65,15.61234,0.2573011,1.083e-06,0.1467185,1e-06,0.00702274,0.01052074,0.03449879,0.02639671,0.005672742,0.01078365,0.006093075,0.002624746,0.004539577,0.002427747
66,15.86964,0.2318791,2.166e-06,0.145617,9.17e-07,0.008113072,0.01036365,0.02076747,0.01636914,0.004733827,0.009180654,0.004348494,0.002092747,0.004802994,0.005486909
67,16.10152,0.2449408,1.25e-06,0.1428442,8.34e-07,0.007736072,0.01668764,0.03430995,0.01048732,0.005616492,0.01089865,0.005740992,0.00259283,0.003855411,0.004169161
68,16.34646,0.2319233,1.083e-06,0.1425472,9.17e-07,0.007420073,0.01706306,0.03426545,0.009273487,0.003472328,0.008240989,0.003801328,0.002043997,0.002158164,0.001635165
69,16.57839,0.2511743,1.25e-06,0.1409185,1e-06,0.007648323,0.01694348,0.03541737,0.01452006,0.007476573,0.01222682,0.005829658,0.00256158,0.00495091,0.00267883
70,16.82956,0.2494789,1.417e-06,0.1424136,7.5e-07,0.007618573,0.01716864,0.03431554,0.01175057,0.005469242,0.01080099,0.007130574,0.002627246,0.005038743,0.005142993
71,17.07904,0.2420924,1.417e-06,0.1429412,9.17e-07,0.00765299,0.01720073,0.0342447,0.01055615,0.004869493,0.01052465,0.005025493,0.002609829,0.003710579,0.002754246
72,17.32113,0.2275685,1.667e-06,0.1440624,8.33e-07,0.00732099,0.006472825,0.02099855,0.01641539,0.006494908,0.01227657,0.004721993,0.002503163,0.003560579,0.002738663
73,17.5487,0.2284549,1.416e-06,0.1433631,9.16e-07,0.007447407,0.01723481,0.02102939,0.01012682,0.004891326,0.0105159,0.004909826,0.002698163,0.003476162,0.00275958
74,17.77716,0.2319726,1.5e-06,0.1441274,1.083e-06,0.007259657,0.007175323,0.01886347,0.01637056,0.006445825,0.01651848,0.005359243,0.003133412,0.003628495,0.003088163
75,18.00913,0.2573214,1.5e-06,0.1461717,9.16e-07,0.00726249,0.00789674,0.03478112,0.02650638,0.005784908,0.01086607,0.005725992,0.002569746,0.004656827,0.005096993
76,18.26645,0.2503196,1.583e-06,0.1433571,9.16e-07,0.00726674,0.007742073,0.03439787,0.02625563,0.005061243,0.00961857,0.007545907,0.002590246,0.004197578,0.00228408
77,18.51677,0.2165227,1.417e-06,0.1421742,8.34e-07,0.007559906,0.01720056,0.01044398,0.01006199,0.004926327,0.01050999,0.005102909,0.002681497,0.003328995,0.00253008
78,18.73329,0.2266016,1.834e-06,0.1442416,8.33e-07,0.007340573,0.006467075,0.02096197,0.01651764,0.006602324,0.0122244,0.004370661,0.002287163,0.003281662,0.002303914
79,18.95989,0.2465079,1.584e-06,0.1427204,7.5e-07,0.007722823,0.01699606,0.03446329,0.01035948,0.00543916,0.01092207,0.006469824,0.00257808,0.004117245,0.00471716
80,19.2064,0.2431628,1.75e-06,0.1436409,8.33e-07,0.00739299,0.01712223,0.03422562,0.01148882,0.004990243,0.01067482,0.00496141,0.002585579,0.003484246,0.002593413
81,19.44956,0.2658444,1.5e-06,0.1429828,9.17e-07,0.007179407,0.01046882,0.03432562,0.02658346,0.006207158,0.01404256,0.007048907,0.002491996,0.00780099,0.00671024
82,19.71541,0.2299584,1e-06,0.1421706,7.5e-07,0.007238073,0.007166907,0.01829506,0.01731356,0.006415241,0.01638248,0.005174826,0.003079246,0.003627578,0.003093079
83,19.94537,0.2633457,1.667e-06,0.1450994,8.33e-07,0.00728999,0.007892323,0.03409687,0.0271123,0.009417238,0.0145034,0.008833488,0.002888913,0.003934161,0.002275164
84,20.20871,0.2249439,1.166e-06,0.1426233,8.34e-07,0.007272656,0.006293908,0.02065605,0.01684806,0.006562991,0.01233065,0.004366828,0.002284746,0.003145663,0.00255708
85,20.43366,0.2281808,1.25e-06,0.1429437,1.083e-06,0.007448573,0.01721331,0.02111364,0.01017832,0.00485716,0.0105244,0.004987994,0.002658579,0.003492079,0.002760663
86,20.66184,0.2462017,1.833e-06,0.1432411,7.5e-07,0.007731073,0.01718514,0.03430762,0.01145457,0.005460742,0.01106648,0.006155325,0.002639913,0.003811328,0.003145746
87,20.90804,0.2438766,1.5e-06,0.1438741,1e-06,0.00745749,0.01709789,0.03425937,0.01071432,0.00482891,0.0109624,0.005860909,0.002737496,0.003642328,0.002438914
88,21.15192,0.2288883,1.417e-06,0.1419889,9.16e-07,0.007439907,0.01044957,0.02068489,0.01655573,0.00527391,0.009986319,0.006305658,0.002656413,0.004727077,0.00281758
89,21.3808,0.2427767,1.417e-06,0.1436031,1.083e-06,0.007775989,0.01714648,0.0341807,0.01056649,0.004770244,0.01070699,0.00494216,0.002619163,0.003567578,0.002895246
90,21.62358,0.2312196,1.75e-06,0.1439457,1.166e-06,0.007224657,0.00735549,0.02069956,0.01690539,0.006490408,0.01436715,0.005253909,0.003079246,0.003243579,0.00265158
91,21.8548,0.2561189,2.083e-06,0.1451926,7.5e-07,0.007294324,0.007874905,0.03420104,0.02680196,0.005806409,0.01099665,0.006294575,0.002565496,0.004803577,0.004284494
92,22.11092,0.253313,1.5e-06,0.1441476,9.17e-07,0.00724824,0.007914073,0.03453595,0.02576838,0.004717994,0.01235107,0.008052573,0.002638246,0.003268829,0.002667663
93,22.36423,0.2490696,1e-06,0.1429662,7.5e-07,0.007506739,0.01658598,0.03456828,0.009443987,0.005735909,0.01605081,0.007940406,0.002715246,0.003139246,0.002414997
94,22.6133,0.2405191,1.166e-06,0.1422746,8.33e-07,0.007366823,0.01682798,0.0342437,0.01034199,0.004876827,0.01045365,0.005021826,0.002617497,0.003496495,0.002995746
95,22.85382,0.2317906,1.75e-06,0.1435805,1e-06,0.008494739,0.009916903,0.02090422,0.01706798,0.005292326,0.01268615,0.005218409,0.00307783,0.003111995,0.00243683
96,23.08561,0.2529535,1.916e-06,0.1447573,7.5e-07,0.007377657,0.01651489,0.03570178,0.01617106,0.008628572,0.01044798,0.00482016,0.00268383,0.003185746,0.002661829
97,23.33857,0.2162127,1.167e-06,0.1420083,9.17e-07,0.00721349,0.01046724,0.01629248,0.01093257,0.004802993,0.0103639,0.005162576,0.00250883,0.003789828,0.002668413
98,23.55478,0.2225817,1.333e-06,0.142911,9.17e-07,0.007219073,0.01042674,0.02105214,0.01031015,0.006415158,0.01028999,0.005193826,0.002521247,0.003400245,0.002839913
99,23.77736,0.2494907,1e-06,0.1424591,9.17e-07,0.007421073,0.01683173,0.0348587,0.01420098,0.007142907,0.01197673,0.005787992,0.00255258,0.003833828,0.002423163
100,24.02685,0.2104914,1.417e-06,0.1416121,9.17e-07,0.00723674,0.009923819,0.01459373,0.009226404,0.003918495,0.009815903,0.005110743,0.00252783,0.003526995,0.002996329
101,24.23734,0.2200959,1.666e-06,0.1425277,9.17e-07,0.007265407,0.01045423,0.02063589,0.01100423,0.004770077,0.01017457,0.00491816,0.002518247,0.003403245,0.00242158
102,24.45744,0.2310766,1.5e-06,0.1435991,7.5e-07,0.007359406,0.01042474,0.02102272,0.01640373,0.005266326,0.009907653,0.006343325,0.00244258,0.005030493,0.003274246
103,24.68851,0.2504648,1.333e-06,0.1434011,8.34e-07,0.007751406,0.01730506,0.03551704,0.01111465,0.006747157,0.01224882,0.006197908,0.002664163,0.004688744,0.002826662
104,24.93898,0.2303801,1.333e-06,0.1433067,1.083e-06,0.007330407,0.005921992,0.02124839,0.01632506,0.006410075,0.0145184,0.00542566,0.003078079,0.003695745,0.003117162
105,25.16936,0.2323552,1.583e-06,0.145501,8.33e-07,0.009662403,0.0252858,0.01061199,0.01117399,0.00500441,0.01119957,0.005319159,0.00261708,0.003392745,0.002584663
106,25.40171,0.2233769,1.583e-06,0.1430306,8.33e-07,0.00750624,0.01708889,0.0208833,0.008287489,0.003505995,0.009107738,0.00490041,0.002114497,0.00452891,0.00242033
107,25.62509,0.2277417,1.833e-06,0.143497,9.16e-07,0.00736599,0.01049057,0.02091489,0.01659981,0.005381993,0.01015632,0.004877577,0.002454413,0.003429579,0.00257083
108,25.85283,0.2293462,1.5e-06,0.1432661,8.33e-07,0.007440157,0.01717864,0.02203572,0.01002024,0.00490466,0.01055607,0.00494216,0.00263708,0.003616245,0.00274683
109,26.08218,0.2424122,1.417e-06,0.1427792,9.17e-07,0.007670656,0.01718831,0.03418795,0.01045798,0.00488916,0.0105839,0.00520316,0.00264658,0.003891494,0.002911413
110,26.32459,0.2280993,1.75e-06,0.1431704,9.17e-07,0.007403656,0.01661381,0.02103314,0.01046724,0.00485466,0.0105709,0.00494516,0.002618247,0.003768328,0.00265108
111,26.55269,0.2426411,1.416e-06,0.1434946,8.34e-07,0.007716739,0.01713514,0.03432679,0.0106384,0.00493391,0.01056565,0.005005577,0.00260208,0.003480995,0.002738913
112,26.79533,0.2282715,1.416e-06,0.1429875,1e-06,0.00756649,0.0104224,0.02101522,0.01647656,0.006050409,0.01029374,0.004906077,0.002502247,0.003453745,0.002594746
113,27.0236,0.2290974,1.416e-06,0.1433858,8.34e-07,0.007462989,0.01714506,0.02096822,0.01063215,0.004926827,0.01080032,0.004862077,0.002642913,0.003527329,0.002741496
114,27.2527,0.243312,1.333e-06,0.1441812,1e-06,0.007676989,0.01722356,0.03423687,0.01052274,0.00487191,0.01060373,0.004849494,0.002620746,0.003523412,0.002998996
115,27.49601,0.2287126,1.5e-06,0.1432475,9.16e-07,0.00758299,0.01669306,0.02092164,0.01044557,0.00486616,0.01067757,0.005158243,0.00256058,0.003594911,0.002961996
116,27.72473,0.2472888,1.417e-06,0.1428228,8.33e-07,0.007747739,0.01757639,0.03435745,0.01076415,0.005437825,0.01098424,0.005734242,0.00257683,0.004783327,0.004501577
117,27.97201,0.245121,1.416e-06,0.1428639,8.34e-07,0.007509906,0.01722889,0.03429454,0.01048974,0.006124825,0.01133365,0.005674242,0.00270608,0.003748578,0.003144412
118,28.21714,0.2446308,1.333e-06,0.1428351,1.167e-06,0.007677323,0.01721198,0.0343472,0.01054357,0.005103326,0.01086407,0.006121242,0.002706579,0.003791329,0.003426662
119,28.46177,0.2476744,1.25e-06,0.1443275,7.5e-07,0.007632573,0.01709656,0.03428662,0.01162332,0.005183243,0.01113598,0.005706492,0.002646747,0.003794495,0.00423891
120,28.70944,0.2452854,1.75e-06,0.144313,7.5e-07,0.007660156,0.01669239,0.03433337,0.01054432,0.004982993,0.01113507,0.007153657,0.002787496,0.003231162,0.00244933
121,28.95473,0.221173,1.334e-06,0.1427674,8.33e-07,0.007238407,0.01045632,0.02069122,0.00989982,0.006281241,0.01016082,0.005038409,0.00254708,0.003475662,0.002614497
122,29.1759,0.2394436,1.333e-06,0.1428242,8.34e-07,0.007734072,0.01716789,0.03439662,0.009829153,0.004514077,0.00979032,0.00461716,0.002405164,0.003440328,0.002722413
123,29.41534,0.2330513,1.333e-06,0.1448623,7.5e-07,0.007317157,0.006172241,0.01736281,0.01896322,0.006515741,0.01644056,0.005438159,0.003126412,0.003616829,0.003233828
124,29.64839,0.2481302,1.333e-06,0.1456014,1e-06,0.009241238,0.02515813,0.02878788,0.009969069,0.00493766,0.01052074,0.004964326,0.002654663,0.003527079,0.002765663
125,29.89652,0.251065,1.333e-06,0.143179,7.5e-07,0.007682906,0.01714431,0.03561379,0.0142464,0.006768907,0.01273582,0.005366992,0.002637497,0.003256912,0.002430413
126,30.14759,0.2111715,1.833e-06,0.1430289,1e-06,0.007212823,0.009918903,0.01434315,0.008468489,0.003793745,0.009722653,0.006149741,0.002516164,0.003480245,0.002533913
127,30.35876,0.2420648,1.25e-06,0.1431398,7.5e-07,0.007758656,0.01674898,0.03428187,0.01046515,0.004897994,0.01066707,0.004915827,0.00263633,0.003565495,0.002985662
128,30.60083,0.2579088,1.5e-06,0.1443576,9.16e-07,0.007295657,0.01044423,0.0343417,0.02693646,0.005906992,0.0109079,0.005798158,0.002596247,0.004694577,0.00462691
129,30.85873,0.2321836,1.417e-06,0.1452657,8.33e-07,0.007420073,0.006364158,0.02096864,0.01667806,0.006742658,0.01433198,0.005233743,0.003138245,0.003366413,0.002671662
130,31.09092,0.2510107,1.75e-06,0.1467793,8.33e-07,0.009592904,0.02522896,0.02866463,0.01005199,0.00521741,0.0108984,0.006354325,0.002578747,0.003199745,0.002441747
131,31.34193,0.2546529,1.5e-06,0.1417593,8.33e-07,0.007217907,0.01013657,0.0341892,0.02620563,0.005879325,0.01400115,0.00730149,0.002410246,0.003232579,0.002317164
132,31.59658,0.2269943,1.333e-06,0.1429593,1.084e-06,0.007418073,0.01663523,0.02093431,0.009850736,0.004904243,0.01055082,0.005012743,0.00263833,0.003473745,0.00261433
133,31.82358,0.2435374,1.5e-06,0.1418452,7.5e-07,0.007429323,0.01690514,0.03448629,0.01046457,0.005403326,0.01101165,0.006262075,0.002578913,0.004004161,0.003144496
134,32.06711,0.2448381,1.75e-06,0.1427912,7.5e-07,0.007529906,0.01721564,0.03430412,0.01046349,0.005075826,0.01097965,0.007245656,0.002951413,0.003534245,0.002744413
135,32.31195,0.2298,2.083e-06,0.1450421,9.17e-07,0.007431323,0.01661164,0.02103097,0.01013082,0.00487366,0.01067649,0.005061326,0.002628997,0.003568411,0.002741247
136,32.54175,0.2281457,1.417e-06,0.1433621,1.083e-06,0.00732149,0.005680493,0.01740756,0.01636606,0.006402824,0.01656498,0.005243159,0.003082579,0.003621078,0.00309083
137,32.7699,0.2625032,1.583e-06,0.1453299,7.5e-07,0.007255074,0.007877656,0.03443062,0.0269593,0.009069071,0.01411815,0.006883324,0.00269633,0.005392076,0.002489413
138,33.0324,0.2549197,1.333e-06,0.1428906,7.5e-07,0.007280323,0.007455907,0.0341572,0.02674263,0.006343574,0.01459781,0.006899824,0.002648829,0.003241162,0.002659747
139,33.28732,0.2249934,1.333e-06,0.1422719,1e-06,0.007475823,0.01672539,0.02101114,0.01040232,0.004450494,0.009932736,0.004600994,0.002409163,0.003251829,0.002459247
140,33.51231,0.2433005,1.25e-06,0.1420989,9.16e-07,0.007330573,0.01702406,0.0343087,0.01052907,0.005363993,0.01095382,0.005904325,0.002608663,0.003883745,0.003292495
141,33.75561,0.2318858,1.5e-06,0.1437095,6.67e-07,0.007354073,0.005677992,0.01744348,0.01716564,0.006599491,0.01694481,0.005787826,0.003257995,0.003761162,0.004181661
142,33.9875,0.2684219,1.75e-06,0.1455433,8.33e-07,0.007267074,0.007917655,0.03460862,0.02794563,0.006604157,0.01682939,0.007111323,0.004124328,0.004748994,0.005718825
143,34.25592,0.2451236,1.25e-06,0.1450899,9.17e-07,0.00715024,0.007742073,0.01845048,0.01665964,0.01132157,0.01927381,0.007278907,0.004114827,0.004372828,0.003667161
144,34.50105,0.2575842,1.75e-06,0.1451369,8.33e-07,0.007233574,0.007858739,0.03420854,0.02701721,0.008940488,0.01424498,0.004937243,0.00239708,0.003083246,0.002523663
145,34.75863,0.2493682,1.833e-06,0.1420513,9.17e-07,0.009840736,0.0250573,0.02871571,0.009471653,0.005171493,0.01135549,0.006299241,0.002580746,0.004104828,0.00471691
146,35.008,0.2699613,1.25e-06,0.1409035,8.34e-07,0.00721599,0.01044615,0.03443554,0.02757646,0.00991107,0.02137464,0.008519239,0.004055827,0.003220413,0.002300413
147,35.27796,0.2205698,1.666e-06,0.1437671,7.5e-07,0.007528906,0.01043115,0.02045197,0.01625573,0.005211493,0.007842406,0.003510328,0.001884165,0.00203508,0.001648998
148,35.49853,0.244191,1.166e-06,0.1420811,1e-06,0.007675239,0.01716064,0.03427262,0.0101029,0.005412076,0.01111248,0.005675826,0.002579746,0.004154995,0.003961244
149,35.74272,0.2394363,1.583e-06,0.1488796,8.33e-07,0.00728974,0.01022357,0.02107714,0.01723389,0.005565242,0.01296573,0.005747325,0.003204996,0.004122244,0.003124412
150,35.98216,0.2265836,2e-06,0.145602,9.16e-07,0.00972582,0.0249873,0.01029799,0.008867821,0.003818578,0.009275987,0.005119243,0.002658413,0.003645079,0.002582496
151,36.20874,0.2514156,1.584e-06,0.1442357,9.17e-07,0.009450987,0.02524255,0.02865329,0.0102639,0.005388742,0.01107398,0.006477491,0.002622163,0.003810912,0.004193327
152,36.46016,0.2418357,1.667e-06,0.1418476,1e-06,0.007802406,0.01698639,0.03424229,0.0110069,0.00489441,0.01041257,0.005250076,0.002649913,0.003863578,0.002876913
153,36.70199,0.2275094,1.417e-06,0.1433772,8.33e-07,0.00727799,0.006406491,0.02084997,0.01755906,0.006410324,0.0120149,0.004520161,0.002311497,0.003688411,0.003091079
154,36.9295,0.270062,1.5e-06,0.1434,7.5e-07,0.007438907,0.01757864,0.05189951,0.01598106,0.009374571,0.01122673,0.004860744,0.002712746,0.003216662,0.002370247
155,37.19956,0.2413017,1.417e-06,0.1424006,8.33e-07,0.00740774,0.01711773,0.03453254,0.01089332,0.004970576,0.0104209,0.005006993,0.002592079,0.003357246,0.002599746
156,37.44086,0.2327281,1.167e-06,0.1421714,7.5e-07,0.00745574,0.01707789,0.03432404,0.009153737,0.004022661,0.008366656,0.003935328,0.002050497,0.00230633,0.001861914
157,37.67359,0.2413746,1.25e-06,0.1428544,8.33e-07,0.007469573,0.01670823,0.03431212,0.01044124,0.004952076,0.01055874,0.004962659,0.00261258,0.003485245,0.003015663
158,37.91497,0.2275872,1.583e-06,0.1423912,9.17e-07,0.007525323,0.01721106,0.02095672,0.009684903,0.00487566,0.0107514,0.004983243,0.002616747,0.003482828,0.003105579
159,38.14255,0.2277804,1.834e-06,0.1434947,9.17e-07,0.007504823,0.0104784,0.02093022,0.01650864,0.005277743,0.01022282,0.004856577,0.002474246,0.003437162,0.002592247
160,38.37033,0.24452,1.584e-06,0.1446284,9.17e-07,0.007652739,0.01698614,0.03427412,0.01048482,0.00499266,0.01056757,0.005198826,0.003107496,0.003810911,0.00281383
161,38.61485,0.2260999,1.583e-06,0.1434982,1e-06,0.00733099,0.005947908,0.02123814,0.01675839,0.006454325,0.01230298,0.00436666,0.002303831,0.003366662,0.002529246
162,38.84095,0.2354848,1.833e-06,0.1491933,7.5e-07,0.007680239,0.01663589,0.02109389,0.01025049,0.00484441,0.01074999,0.005748492,0.002643496,0.004060995,0.00258108
163,39.07644,0.2303293,1.75e-06,0.1436771,8.33e-07,0.007508406,0.01716264,0.02126622,0.0113589,0.00492941,0.01073807,0.004971159,0.002582247,0.003602162,0.002530413
164,39.30677,0.2418973,1.584e-06,0.1430634,9.17e-07,0.007374323,0.01653948,0.03431662,0.01050007,0.004917493,0.01079482,0.005299159,0.002628413,0.003697162,0.002763829
165,39.54867,0.224202,1.5e-06,0.1469269,8.34e-07,0.007281156,0.0105264,0.02173047,0.01604414,0.005292826,0.007802323,0.003175329,0.001874831,0.002034997,0.001510331
166,39.77287,0.2505996,1.25e-06,0.1425657,8.33e-07,0.007716156,0.01710239,0.03528312,0.01420265,0.006413075,0.01364315,0.005200743,0.002733413,0.003205662,0.002531413
167,40.02347,0.2417116,1.5e-06,0.1422712,8.33e-07,0.007687073,0.01673739,0.0345157,0.01047499,0.00468191,0.01028749,0.006301408,0.00253283,0.003465162,0.002754079
168,40.26518,0.2304285,1.666e-06,0.1436314,9.17e-07,0.00729649,0.005889492,0.02113322,0.01634756,0.006393241,0.01450898,0.005435409,0.003092829,0.003614328,0.003082996
169,40.49561,0.2274143,1.833e-06,0.1471143,1e-06,0.009973319,0.02472572,0.01010482,0.008611488,0.004503494,0.009805903,0.00443791,0.002431747,0.003290496,0.002412246
170,40.72302,0.2440346,1.583e-06,0.1419473,7.5e-07,0.007795656,0.01721806,0.03431487,0.01052615,0.00509591,0.01097757,0.006320658,0.002862996,0.003829995,0.003143079
171,40.96706,0.2263521,1.334e-06,0.1433146,7.5e-07,0.007575489,0.01046974,0.02074855,0.01639839,0.005837575,0.009210487,0.004392494,0.002322414,0.003336245,0.002743997
172,41.19341,0.2589494,1.583e-06,0.143339,7.5e-07,0.007457823,0.01732973,0.0513416,0.009043738,0.004406827,0.009384571,0.005837992,0.002622496,0.004214661,0.003968661
173,41.45236,0.2445307,1.25e-06,0.1420684,9.17e-07,0.007692989,0.01716481,0.03426837,0.01050065,0.005379243,0.01117748,0.006383491,0.002682413,0.003807411,0.003403329
174,41.69689,0.2290894,1.166e-06,0.1436048,8.33e-07,0.007530573,0.01713923,0.02115255,0.01018449,0.004881827,0.01060682,0.00507016,0.00260758,0.003546328,0.00276308
175,41.92598,0.244068,1.5e-06,0.1433155,9.16e-07,0.00780274,0.01723798,0.03428704,0.0103229,0.005203909,0.01111057,0.006322908,0.00256633,0.003262829,0.002632913
176,42.17005,0.2408395,1.084e-06,0.141988,8.33e-07,0.00770974,0.01665823,0.03426645,0.01037599,0.004879076,0.0107404,0.005062076,0.002666747,0.003493412,0.002997495
177,42.41089,0.2282215,1.417e-06,0.1433017,9.16e-07,0.00736574,0.01720156,0.02108497,0.009940069,0.004892494,0.01061232,0.00498066,0.00256808,0.003511245,0.00276033
178,42.63911,0.2309983,1.334e-06,0.1437491,9.17e-07,0.00730499,0.006501407,0.02101572,0.01633065,0.006535407,0.01417898,0.005446992,0.003085579,0.003708829,0.003138495
179,42.8701,0.2715241,1.833e-06,0.1449362,8.33e-07,0.007513406,0.01704523,0.05360826,0.01616431,0.008444406,0.01048849,0.00485391,0.002667496,0.003270746,0.002528996
180,43.14163,0.2674321,1.333e-06,0.1421569,1.166e-06,0.007216157,0.01044207,0.03440687,0.0271848,0.007153407,0.01741114,0.00707849,0.004158494,0.004735577,0.005485743
181,43.40906,0.2364453,1.417e-06,0.1452856,9.16e-07,0.00727399,0.007894406,0.02098939,0.01640923,0.006788908,0.01460865,0.005936575,0.003212996,0.003827078,0.004216161
182,43.64551,0.261322,1.666e-06,0.1440206,7.5e-07,0.00745349,0.01695614,0.05103785,0.009879319,0.005155827,0.01040973,0.005340243,0.00236233,0.004032161,0.00467191
183,43.90683,0.231656,1.25e-06,0.1408253,1.166e-06,0.00741799,0.01047157,0.02102497,0.01698273,0.005933241,0.0130869,0.005740992,0.003210162,0.003823245,0.003136496
184,44.13848,0.2397627,1.833e-06,0.1452204,7.5e-07,0.009162321,0.02510697,0.02819488,0.008588988,0.003529245,0.008382655,0.003931328,0.002056497,0.002904663,0.002682163
185,44.37825,0.2264544,1e-06,0.1414807,9.17e-07,0.007497573,0.01728373,0.02105614,0.01008607,0.004912743,0.01071274,0.004879993,0.002486746,0.003297663,0.002758329
186,44.6047,0.2121417,1.5e-06,0.141893,9.17e-07,0.007244907,0.01052082,0.0146714,0.008388572,0.003832661,0.01124357,0.005342576,0.002432497,0.004115744,0.00245358
187,44.81684,0.2451365,1.333e-06,0.1426666,9.17e-07,0.007528906,0.01702523,0.03448595,0.01053082,0.005502492,0.01093457,0.005708825,0.00258183,0.004179911,0.003989078
188,45.06198,0.2350718,1.834e-06,0.1431016,8.33e-07,0.007551906,0.009930653,0.02072681,0.01699148,0.006114075,0.0130864,0.006215742,0.003265495,0.003911912,0.004173077
189,45.29705,0.2195814,1.583e-06,0.1447337,8.33e-07,0.009517154,0.02535547,0.01024332,0.008367238,0.003641829,0.008038155,0.003930328,0.002087497,0.002001998,0.001662247
190,45.51663,0.2380154,1.083e-06,0.1421258,1e-06,0.009574153,0.02545322,0.0126284,0.01576389,0.007005074,0.01227257,0.005284242,0.002636663,0.002949663,0.002319663
191,45.75465,0.2630591,1.25e-06,0.1412696,7.5e-07,0.00742774,0.01744639,0.05194893,0.01601606,0.00543291,0.01065248,0.00501941,0.002418746,0.003050163,0.002374663
192,46.01771,0.2098563,1.333e-06,0.1420863,9.17e-07,0.007276323,0.009910236,0.02110355,0.00971532,0.003473161,0.007452574,0.003362828,0.001961081,0.002001414,0.001511248
193,46.22756,0.2257439,1.417e-06,0.1418276,8.34e-07,0.007536239,0.01661564,0.02105922,0.009208154,0.004537077,0.009723987,0.005471076,0.00248458,0.00417191,0.003106163
194,46.45331,0.2283044,1.5e-06,0.1429339,9.17e-07,0.007528156,0.01684173,0.02109056,0.009920069,0.00483641,0.01072424,0.005166077,0.002590579,0.003957745,0.002712496
195,46.68161,0.2423459,1.583e-06,0.1426989,7.5e-07,0.00767749,0.01722656,0.03425229,0.01085965,0.004954077,0.01059023,0.00496866,0.002587746,0.003532162,0.002995829
196,46.92396,0.2347663,1.417e-06,0.1440621,7.5e-07,0.007547823,0.01040732,0.02099722,0.01704831,0.005743242,0.0129819,0.005756159,0.003237745,0.003811328,0.003170913
197,47.15872,0.2411413,2.083e-06,0.1456556,7.5e-07,0.00738799,0.01666239,0.03422862,0.009931737,0.00454591,0.009770403,0.004530827,0.00243108,0.003240913,0.002752996
198,47.39987,0.263157,1.25e-06,0.142721,9.16e-07,0.00751674,0.01742073,0.0510966,0.01068332,0.005484826,0.01096499,0.005754075,0.00263233,0.004157828,0.00472241
199,47.66302,0.2420046,1.084e-06,0.1425041,8.33e-07,0.007453573,0.01693831,0.03416379,0.0105089,0.004863576,0.01061107,0.005506659,0.00255433,0.004334244,0.002564163
200,47.90503,0.2411346,1.583e-06,0.1420638,8.33e-07,0.007486323,0.01680114,0.03425504,0.01095448,0.004967243,0.01050698,0.005007827,0.00257833,0.003501245,0.003009746
201,48.14616,0.228676,1.666e-06,0.1431855,9.17e-07,0.007441489,0.01718289,0.02117722,0.01033965,0.004923243,0.0103789,0.004950327,0.00259758,0.003501911,0.002994746
202,48.37484,0.2424672,1.417e-06,0.1429892,7.5e-07,0.007500823,0.01727798,0.03427529,0.01022924,0.004901244,0.01047498,0.005843076,0.002557746,0.003849578,0.002565913
203,48.6173,0.225668,1.417e-06,0.1433766,9.17e-07,0.007291073,0.006277325,0.02060055,0.01663206,0.006634991,0.01224123,0.004347578,0.002309163,0.003221496,0.002733579
204,48.84297,0.2338382,1.25e-06,0.1432901,9.17e-07,0.007478573,0.0104259,0.02069522,0.01706898,0.005908826,0.0137074,0.005717909,0.003245579,0.003505995,0.002791496
205,49.07681,0.2198309,1.75e-06,0.1448726,7.5e-07,0.007490656,0.01022957,0.02077247,0.01588656,0.003756745,0.007787989,0.003467912,0.001894498,0.002168497,0.001500914
206,49.29664,0.2190564,1.25e-06,0.1424786,8.33e-07,0.00743174,0.01709898,0.02101214,0.00977282,0.003492329,0.008705071,0.003483662,0.002056581,0.002027163,0.001495165
207,49.5157,0.2197259,1.167e-06,0.1422801,8.33e-07,0.007179074,0.01043274,0.02102514,0.009883153,0.004815577,0.01017265,0.005238242,0.002467914,0.003490245,0.002739163
208,49.73542,0.2291148,1.334e-06,0.1440139,9.17e-07,0.007545739,0.01716506,0.02089839,0.00975057,0.004965576,0.0109214,0.004982326,0.002629247,0.003499828,0.002740496
209,49.96454,0.2266917,1.5e-06,0.1439936,1.083e-06,0.007269824,0.006333991,0.02090172,0.01636548,0.006558157,0.01222132,0.00434791,0.002276664,0.003471495,0.002948996
210,50.19123,0.2327488,1.583e-06,0.1433064,8.34e-07,0.007369323,0.005701409,0.01684923,0.01786856,0.006709658,0.01711589,0.005714742,0.003195579,0.004195911,0.00471966
211,50.42398,0.2354863,1.333e-06,0.146022,8.33e-07,0.007440574,0.01044299,0.02058589,0.01701764,0.005896158,0.01291615,0.005651409,0.003230496,0.003518995,0.002761829
212,50.65947,0.27169,1.5e-06,0.1462141,8.33e-07,0.00731899,0.007943572,0.03455645,0.02765305,0.008534072,0.01928314,0.007871406,0.00419541,0.00499566,0.003121829
213,50.93116,0.2369024,1.333e-06,0.1458492,7.5e-07,0.007456073,0.01043107,0.02106714,0.01717248,0.005892159,0.01304248,0.005731992,0.003237412,0.003870578,0.003149746
214,51.16806,0.2523398,2e-06,0.1464414,1.083e-06,0.007326657,0.007701989,0.0346952,0.0261923,0.004497827,0.01123148,0.005571159,0.00250583,0.003371662,0.002801246
215,51.4204,0.2177405,1.583e-06,0.1423569,9.16e-07,0.007437323,0.01692623,0.02142514,0.008388405,0.003485079,0.008646155,0.003481662,0.00208408,0.002017331,0.001489748
216,51.63814,0.2537826,1.167e-06,0.1433063,9.17e-07,0.007181907,0.0104219,0.03483912,0.0261348,0.00482866,0.01117374,0.006827074,0.003009246,0.003263079,0.002794662
217,51.89192,0.2412052,1.084e-06,0.1427506,8.33e-07,0.007473073,0.01659964,0.03435195,0.01038499,0.004915077,0.01064815,0.004949076,0.002630163,0.003742662,0.002757829
218,52.13313,0.2268793,1.833e-06,0.1438238,8.34e-07,0.00730124,0.006388324,0.02098739,0.01686098,0.006457741,0.01241707,0.004358578,0.002300163,0.003238162,0.002743163
219,52.36001,0.2278909,1.5e-06,0.1429762,8.33e-07,0.007535157,0.01720539,0.02098139,0.009603487,0.00491941,0.01085132,0.00496566,0.002619247,0.003646411,0.00258483
220,52.5879,0.2423633,1.584e-06,0.1430058,8.33e-07,0.007697573,0.01718739,0.03425687,0.01048807,0.004949826,0.01057557,0.00499966,0.002630996,0.003558745,0.003010329
221,52.83026,0.227474,1.417e-06,0.1431646,8.34e-07,0.007330823,0.005938908,0.02121264,0.01683381,0.006406408,0.01241965,0.004448661,0.003573995,0.003429829,0.002712413
222,53.05773,0.2259673,1.25e-06,0.1434584,9.17e-07,0.00739049,0.005929075,0.02057247,0.01675639,0.006371575,0.01239957,0.004422411,0.002277497,0.003441995,0.002945246
223,53.2837,0.2295763,1.417e-06,0.1436067,1.083e-06,0.007464323,0.01724473,0.02096072,0.01063057,0.00489591,0.01061007,0.005358826,0.002617496,0.003573829,0.00261058
224,53.51328,0.2415291,1.416e-06,0.1422571,9.16e-07,0.00747324,0.01718806,0.03424712,0.01045949,0.00492116,0.01053457,0.005089576,0.002636246,0.003962495,0.002757663
225,53.75481,0.2290256,1.334e-06,0.1446152,7.5e-07,0.007322407,0.006424158,0.02097247,0.01636423,0.006597325,0.01212398,0.00485591,0.002660329,0.003793162,0.003294329
226,53.98383,0.2263295,1.5e-06,0.1440304,9.17e-07,0.007399906,0.01719764,0.02117039,0.008736571,0.003954662,0.01000732,0.00502766,0.002625163,0.003385495,0.002791913
227,54.21016,0.2293802,1.25e-06,0.1434828,8.33e-07,0.007249323,0.007874156,0.02102772,0.01642223,0.006804074,0.01295515,0.00477441,0.00247558,0.003547578,0.00276508
228,54.43954,0.2494941,1.334e-06,0.1434105,9.16e-07,0.009187821,0.02520313,0.02861254,0.01098824,0.00498466,0.01074732,0.005653826,0.002569746,0.003944828,0.004189244
229,54.68904,0.2425328,1.416e-06,0.1437195,1.083e-06,0.007385407,0.01711073,0.03424037,0.01047515,0.00493716,0.01060157,0.004955076,0.002622163,0.003497495,0.002985746
230,54.93157,0.2308288,1.417e-06,0.1433851,8.33e-07,0.007504157,0.01718456,0.0210658,0.01191465,0.00494816,0.01067465,0.004962576,0.00273283,0.003518745,0.002935329
231,55.1624,0.2458351,1.167e-06,0.1423954,8.33e-07,0.00762324,0.01711089,0.03428787,0.01133607,0.005402993,0.01099632,0.006732324,0.002626163,0.003901411,0.003420412
232,55.40823,0.2448391,1.584e-06,0.1438886,8.33e-07,0.007821073,0.01669381,0.0342892,0.01042432,0.005137909,0.0109879,0.005817825,0.002565413,0.003821245,0.003389412
233,55.65307,0.2329726,1.333e-06,0.1420636,8.33e-07,0.00749724,0.01035807,0.02093455,0.01812098,0.005768992,0.01307165,0.005607742,0.003246079,0.003536745,0.00276483
234,55.88604,0.2746942,1.416e-06,0.1457081,8.33e-07,0.00725724,0.007900156,0.03851161,0.03190096,0.009868486,0.0123119,0.00724074,0.002831496,0.005745325,0.005415993
235,56.16074,0.2347062,1.5e-06,0.1435559,8.34e-07,0.007485739,0.009909653,0.02135714,0.01646473,0.005003076,0.01462565,0.006798324,0.003229162,0.003534995,0.002739496
236,56.39544,0.2501926,1.25e-06,0.1442587,1.083e-06,0.009762903,0.02519455,0.02867813,0.01040565,0.005137909,0.01121257,0.006621408,0.002611746,0.003546329,0.002760329
237,56.64564,0.2424639,1.667e-06,0.1425671,7.5e-07,0.007788323,0.01666606,0.03421812,0.0104364,0.00481791,0.01090999,0.006228158,0.002557247,0.003693661,0.002578497
238,56.8881,0.2416665,1.25e-06,0.1427852,8.33e-07,0.007703823,0.01669398,0.03428104,0.0104834,0.004946827,0.01050965,0.005174076,0.002587247,0.003492912,0.003006245
239,57.12977,0.2296688,1.333e-06,0.1422682,9.17e-07,0.007285323,0.007352906,0.02071139,0.01678048,0.006389408,0.01433923,0.005249576,0.003112329,0.003460328,0.00271733
240,57.35944,0.2277148,1.667e-06,0.1453785,9.17e-07,0.009596153,0.02540955,0.0102299,0.009140154,0.004027245,0.00925307,0.005701243,0.002688163,0.003552161,0.00273608
241,57.58715,0.2586922,1.917e-06,0.1438573,7.5e-07,0.00727599,0.01047615,0.03428662,0.02644721,0.008122405,0.01439815,0.005460909,0.002647413,0.003266829,0.00245058
242,57.84584,0.2430677,1.5e-06,0.1430704,1e-06,0.007841989,0.01717764,0.03420112,0.01037365,0.004923994,0.0102854,0.005780242,0.002556913,0.004111495,0.002742329
243,58.08891,0.2244104,1.416e-06,0.1419056,9.17e-07,0.007515323,0.01045998,0.02075272,0.01654264,0.005165659,0.009138404,0.004501744,0.002313664,0.003475161,0.002637163
244,58.31332,0.2467746,1.166e-06,0.1438226,9.16e-07,0.00753674,0.01717406,0.03427162,0.0109749,0.005373409,0.01119823,0.006598158,0.00278558,0.003894327,0.003142829
245,58.5601,0.2157792,2.166e-06,0.1487564,7.5e-07,0.007403573,0.01018532,0.02090572,0.007923156,0.003695662,0.007898739,0.003620662,0.001890997,0.002023497,0.001472582
246,58.77588,0.2451396,1.083e-06,0.1417951,8.34e-07,0.007781656,0.01717631,0.03429962,0.0105569,0.005026076,0.01105307,0.007342407,0.002767829,0.003885245,0.003453412
247,59.02101,0.2297299,1.5e-06,0.1427364,9.16e-07,0.00739374,0.006477575,0.02067389,0.01666739,0.00697524,0.01431515,0.005246659,0.003125746,0.003398829,0.002716829
248,59.25074,0.2271828,1.5e-06,0.1448776,9.16e-07,0.009518237,0.02525163,0.0111839,0.009219988,0.00470291,0.00977582,0.00457341,0.002447997,0.003306078,0.002322831
249,59.47793,0.2297718,1.417e-06,0.1427445,1e-06,0.007242073,0.01039499,0.02226255,0.01494898,0.007505156,0.01200932,0.004980743,0.00228758,0.003021413,0.00237208
250,59.7077,0.2466614,1.666e-06,0.1419261,9.16e-07,0.007426657,0.01659506,0.0343247,0.01115107,0.006822824,0.01237248,0.005761159,0.00258133,0.005046243,0.002651246
251,59.95436,0.2304901,1.416e-06,0.1439993,9.17e-07,0.007534156,0.01715873,0.02132414,0.01112315,0.004884993,0.01061507,0.004955243,0.00262308,0.003515995,0.002753913
252,60.18485,0.241987,1.416e-06,0.1431123,8.34e-07,0.00735499,0.01711281,0.03426545,0.01049465,0.00495266,0.0104994,0.005030827,0.00263333,0.003527078,0.003001246
253,60.42684,0.2334979,1.5e-06,0.1436879,7.5e-07,0.007555573,0.01043957,0.02097514,0.01701439,0.005748159,0.01295548,0.005571909,0.003221162,0.003565912,0.002760496
254,60.66034,0.2377882,1.666e-06,0.1452319,9.16e-07,0.009686904,0.02502588,0.01161357,0.0128909,0.006217492,0.01097848,0.006130658,0.002701996,0.003892578,0.003415245
255,60.89812,0.2299675,1.333e-06,0.1429339,1e-06,0.009662321,0.02528863,0.0103639,0.0100454,0.005062743,0.0105999,0.005332576,0.002639079,0.003844662,0.004192077
256,61.12809,0.2454278,1.833e-06,0.1428233,9.17e-07,0.007715573,0.01722964,0.03423337,0.0104734,0.005323826,0.01108165,0.006614741,0.00267258,0.003841078,0.003415912
257,61.37352,0.2432675,1.25e-06,0.1424825,9.16e-07,0.007692406,0.01718473,0.03429479,0.01076107,0.005084327,0.01111032,0.005711492,0.002675663,0.003527662,0.002740413
258,61.61679,0.2250137,1.5e-06,0.1421646,8.33e-07,0.00747724,0.005948742,0.02120789,0.01670889,0.006484991,0.01244315,0.004372911,0.002274747,0.003252745,0.002675497
259,61.8418,0.2346225,1.5e-06,0.1432629,9.16e-07,0.00755224,0.0104379,0.02068164,0.01848606,0.005881159,0.01309582,0.005704659,0.003245496,0.003504411,0.00276783
260,62.07642,0.2656041,1.667e-06,0.1452232,9.17e-07,0.007436823,0.01735464,0.05144668,0.009642236,0.005529243,0.0112274,0.00711649,0.00277533,0.004833993,0.003015412
261,62.34203,0.21842,1.583e-06,0.1431577,6.4417e-05,0.007434156,0.01720248,0.0103099,0.0101649,0.006032242,0.01057824,0.005127326,0.00265383,0.003271245,0.002421997
262,62.56045,0.2274074,1.75e-06,0.141827,7.5e-07,0.00753124,0.01720231,0.02096855,0.01011799,0.004937077,0.01055932,0.004991409,0.00263758,0.003882245,0.002750163
263,62.78785,0.2422053,1.083e-06,0.1430526,9.17e-07,0.007522906,0.01716589,0.03429204,0.01046907,0.004931493,0.01061124,0.00497266,0.002647163,0.003525245,0.003013079
264,63.03006,0.2285507,1.334e-06,0.1432791,8.34e-07,0.007496656,0.01720148,0.02121489,0.01001165,0.005003993,0.01048482,0.004959493,0.00258983,0.003533078,0.00277358
265,63.25861,0.2424064,1.5e-06,0.1428628,1e-06,0.007443323,0.01706756,0.03427787,0.01142207,0.004910576,0.01055682,0.004963077,0.002602163,0.003532578,0.00276508
266,63.50102,0.2289018,1.416e-06,0.1439823,7.5e-07,0.00750549,0.01710798,0.0210063,0.009551904,0.00493191,0.01050832,0.005234909,0.002657163,0.003504912,0.002908413
267,63.72992,0.245658,1.583e-06,0.1432848,9.17e-07,0.008283571,0.01714039,0.03428187,0.01050465,0.005395326,0.01098165,0.005904825,0.00265383,0.004082327,0.003142246
268,63.97558,0.2250677,1.333e-06,0.1434181,8.33e-07,0.007491823,0.01715589,0.02098197,0.008613822,0.003947744,0.009423487,0.00508241,0.00266683,0.003457328,0.00282608
269,64.20064,0.2289344,1.584e-06,0.1440974,8.33e-07,0.007484073,0.01669373,0.02111105,0.01017657,0.004804993,0.01074549,0.00505241,0.002624913,0.003397745,0.002743663
270,64.42958,0.2427242,1.333e-06,0.1434982,8.33e-07,0.007432573,0.01717939,0.0342622,0.01056049,0.004969743,0.01064315,0.005007743,0.002637913,0.003522079,0.003008495
271,64.6723,0.2271869,1.417e-06,0.1443662,9.16e-07,0.007338657,0.006430991,0.02090722,0.01649739,0.006621158,0.01219757,0.004471911,0.002271413,0.003360412,0.00272158
272,64.89949,0.2425035,1.333e-06,0.1431956,7.5e-07,0.00764074,0.01698523,0.03416462,0.01056624,0.004960577,0.01041032,0.005313826,0.00260108,0.003764911,0.002898246
273,65.14199,0.2437376,1.583e-06,0.1429273,8.34e-07,0.007693906,0.01718939,0.03428137,0.01158823,0.004913743,0.0103244,0.005216993,0.002623913,0.003829078,0.003146829
274,65.38573,0.2456503,1.25e-06,0.1421429,9.17e-07,0.007656823,0.01717514,0.03425945,0.01049415,0.005464909,0.01102307,0.005774992,0.002591663,0.004371578,0.004693493
275,65.63138,0.2580164,1.416e-06,0.1422405,1.084e-06,0.007297156,0.01013632,0.0341967,0.02655596,0.009172404,0.01465406,0.005191493,0.002688496,0.003460746,0.00242008
276,65.8894,0.2424444,1.084e-06,0.1416049,8.33e-07,0.007758156,0.01714131,0.03428854,0.0104444,0.00510466,0.0108324,0.006236491,0.002548163,0.003720828,0.002762663
277,66.13184,0.2483652,1.167e-06,0.1469714,9.17e-07,0.007568989,0.0104239,0.02080822,0.02849021,0.00673924,0.01283423,0.005436242,0.003252162,0.003241579,0.002596997
278,66.38021,0.2335078,1.834e-06,0.1448386,8.33e-07,0.009589737,0.0252968,0.0105339,0.01255648,0.004898827,0.01065257,0.006393992,0.002646329,0.003672995,0.002424914
279,66.61371,0.2354072,1.167e-06,0.142309,9.16e-07,0.00732549,0.007189407,0.02619738,0.02617988,0.007054907,0.008258572,0.003878328,0.002082164,0.002622496,0.002307497
280,66.84912,0.2093521,1.333e-06,0.1432222,8.34e-07,0.007408573,0.01722648,0.0105914,0.008468488,0.003383829,0.008527238,0.003770162,0.002081247,0.00254008,0.002130247
281,67.05847,0.2299597,1.25e-06,0.1424466,1e-06,0.007336323,0.007443073,0.02091222,0.01831714,0.00678174,0.0131459,0.004783577,0.002449996,0.003586329,0.002754496
282,67.28843,0.2440981,1.75e-06,0.1431495,8.34e-07,0.007486323,0.01668081,0.03427637,0.01055574,0.004817743,0.01115074,0.007577156,0.00274458,0.003204995,0.00245158
283,67.53253,0.2334017,1.583e-06,0.1437388,1e-06,0.007236574,0.007378573,0.01830614,0.01618123,0.006449575,0.01692298,0.005121743,0.003137163,0.00420816,0.004718161
284,67.76593,0.2350896,1.584e-06,0.1467765,8.34e-07,0.009527403,0.02531613,0.01055515,0.01235773,0.005043243,0.0109969,0.005193576,0.00258708,0.003746411,0.002987079
285,68.00102,0.2447041,1.5e-06,0.1419747,1.083e-06,0.007726323,0.01720298,0.03431912,0.01117149,0.005416076,0.01101032,0.006085325,0.002587496,0.003789995,0.003417662
286,68.24573,0.2425301,1.333e-06,0.1432593,9.16e-07,0.007382324,0.01707489,0.03429187,0.01046032,0.005087826,0.01093548,0.005849659,0.00259808,0.003172745,0.00241533
287,68.48826,0.2421673,1.416e-06,0.1433824,8.34e-07,0.007371656,0.01711831,0.03429712,0.01048415,0.004913743,0.0106939,0.004989076,0.00261008,0.003545162,0.002759496
288,68.73042,0.2324316,1.833e-06,0.1432935,8.34e-07,0.00732999,0.005676575,0.01691223,0.01843039,0.006711908,0.01701673,0.005686326,0.003356578,0.003822078,0.004192661
289,68.96286,0.2618352,1.666e-06,0.1462316,9.17e-07,0.009577237,0.02557005,0.03001779,0.01608023,0.007134573,0.01291173,0.005658908,0.002680663,0.003342079,0.002627746
290,69.22469,0.2425919,1.417e-06,0.1430453,9.17e-07,0.007307656,0.01681556,0.03427379,0.01047615,0.004929076,0.01067732,0.006239741,0.00262933,0.003606995,0.002588663
291,69.46728,0.2305381,1.25e-06,0.1423701,9.16e-07,0.007306574,0.007346823,0.02073389,0.01766406,0.006437824,0.01434515,0.00523891,0.003125495,0.003281413,0.002685663
292,69.69782,0.2182548,1.583e-06,0.1499044,7.5e-07,0.007333073,0.0102249,0.0148879,0.007946822,0.004100411,0.01024815,0.00494541,0.002535413,0.003678828,0.002447164
293,69.91608,0.2293944,1.584e-06,0.1437186,1.167e-06,0.007491989,0.01719898,0.02088214,0.01034757,0.00499841,0.01065515,0.005062743,0.002623996,0.003670995,0.002740996
294,70.14547,0.2463552,1.333e-06,0.1433419,7.5e-07,0.007823156,0.01722481,0.03428045,0.01034965,0.00515341,0.01184107,0.006464741,0.002628663,0.003755328,0.003489912
295,70.39183,0.2381508,1.417e-06,0.1435779,8.34e-07,0.007328906,0.006219158,0.02116739,0.02265597,0.008778988,0.01226298,0.007925572,0.002589163,0.003191079,0.002451413
296,70.62998,0.2477777,1.584e-06,0.1433356,9.17e-07,0.007656323,0.01697123,0.03432229,0.01079924,0.005473493,0.01092699,0.006306741,0.00258833,0.00469816,0.004696827
297,70.87775,0.2314519,1.417e-06,0.1435324,7.5e-07,0.007763323,0.01047832,0.02076072,0.01654448,0.005242326,0.01027874,0.006562241,0.002533413,0.00474366,0.003010162
298,71.10921,0.2421478,1.667e-06,0.1435202,9.17e-07,0.007499239,0.01664548,0.03429045,0.01048857,0.004991576,0.0104684,0.005140076,0.00264308,0.003460745,0.002997412
299,71.35135,0.2349164,1.583e-06,0.143872,9.17e-07,0.007599656,0.01044307,0.02071139,0.01712373,0.006977323,0.01306232,0.005604492,0.003225996,0.003505161,0.00278883
300,71.58627,0.2452808,1.5e-06,0.1443269,8.33e-07,0.00722199,0.007926156,0.03417512,0.0259983,0.004343161,0.008332238,0.004128411,0.002087414,0.003164746,0.003574078
301,71.83155,0.2520967,1.667e-06,0.147219,8.34e-07,0.009866236,0.02520563,0.02865846,0.01023232,0.005131576,0.01094299,0.006570824,0.00257083,0.003270412,0.002425914
302,72.08365,0.2409722,1.417e-06,0.1425252,7.5e-07,0.007718323,0.01659189,0.03418879,0.01037632,0.004923743,0.0104354,0.005065076,0.00262408,0.003781328,0.002739829
303,72.32462,0.2433637,1.333e-06,0.1423656,1.167e-06,0.007517239,0.01718706,0.03430937,0.01049899,0.005007576,0.0112489,0.006289825,0.00263333,0.003539495,0.002763829
304,72.56798,0.2394493,1.083e-06,0.1409086,9.16e-07,0.007471573,0.01662906,0.03429704,0.01047799,0.004933494,0.01059998,0.00498441,0.002629996,0.003525162,0.002989912
305,72.80743,0.2343682,1.667e-06,0.1439027,9.17e-07,0.007577489,0.01045332,0.02088197,0.01687673,0.006569408,0.01295573,0.005616909,0.003241579,0.003539662,0.002750079
306,73.0418,0.2380675,1.667e-06,0.1442376,8.33e-07,0.009599237,0.02538005,0.0131454,0.0115819,0.00732824,0.01109107,0.006135075,0.002865912,0.003537912,0.003162662
307,73.27987,0.2298678,1.333e-06,0.1432033,8.33e-07,0.009640404,0.02526721,0.0106169,0.01031415,0.005019744,0.01067899,0.005268743,0.002655996,0.003800578,0.003399579
308,73.50974,0.2474322,1.5e-06,0.1428252,9.17e-07,0.007436573,0.01717206,0.03428312,0.01154115,0.005287909,0.01116315,0.007024324,0.002650746,0.003831078,0.004214495
309,73.75717,0.244049,1.417e-06,0.1428676,9.16e-07,0.007743406,0.01670581,0.03431629,0.01044357,0.005078826,0.01109265,0.006450491,0.002748747,0.003557245,0.003041995
310,74.00122,0.2289544,1.5e-06,0.1431566,9.17e-07,0.007457906,0.01719556,0.02097414,0.01066749,0.00493616,0.01057524,0.005013493,0.00270208,0.003437162,0.002836246
311,74.23017,0.2437157,1.25e-06,0.1435769,7.5e-07,0.007770239,0.01668031,0.03484129,0.01064198,0.004981327,0.01073915,0.005283826,0.00254933,0.003846745,0.002802663
312,74.47389,0.2333959,1.334e-06,0.1433006,8.34e-07,0.007500156,0.0104829,0.02068405,0.01735656,0.005738658,0.01303398,0.005705743,0.003239828,0.003555745,0.00279558
313,74.70728,0.2023251,1.75e-06,0.1456839,8.33e-07,0.007253323,0.007660406,0.01513298,0.007469656,0.003079412,0.007416657,0.003314495,0.001778164,0.002018664,0.001514915
314,74.90961,0.2083566,1.25e-06,0.1422833,9.17e-07,0.00753374,0.01712939,0.01051099,0.008457489,0.003460161,0.008522905,0.003549745,0.002056748,0.002520746,0.002329247
315,75.11797,0.2288981,1.083e-06,0.142593,9.17e-07,0.007404323,0.01719431,0.02113347,0.0105544,0.005019243,0.01091665,0.005033994,0.002601496,0.003659245,0.002785996
316,75.34686,0.2354052,1.584e-06,0.1463662,8.33e-07,0.007492656,0.0101979,0.02097922,0.01719123,0.004961244,0.01269073,0.005656909,0.003245246,0.003784244,0.002837163
317,75.58227,0.2610834,1.833e-06,0.1457145,8.33e-07,0.008355822,0.02536846,0.03056787,0.01613873,0.007977073,0.01273123,0.005670409,0.002904413,0.003209078,0.00244308
318,75.84335,0.2507882,1.417e-06,0.1432801,8.33e-07,0.009256821,0.02522797,0.02874213,0.01159673,0.005595492,0.01123515,0.006371492,0.002573746,0.003724662,0.003181745
319,76.09414,0.2327333,1.5e-06,0.1423968,9.16e-07,0.007501323,0.01040565,0.02105122,0.01702939,0.005959658,0.01313782,0.005733492,0.003237162,0.003495412,0.002782996
320,76.32687,0.2483236,1.834e-06,0.1452166,9.17e-07,0.009550486,0.02516905,0.02863679,0.0101019,0.005025826,0.01059949,0.005046659,0.00262783,0.003542495,0.002803663
321,76.5752,0.227317,1.334e-06,0.1412829,9.17e-07,0.00729499,0.005699659,0.01735581,0.01665348,0.006768991,0.01698823,0.005682576,0.003234579,0.003546995,0.002806579
322,76.80251,0.2221224,1.834e-06,0.1450829,8.33e-07,0.00743274,0.01715081,0.01136198,0.01136807,0.005223993,0.01054865,0.005179743,0.002678746,0.003303745,0.002788413
323,77.02464,0.2172035,1.416e-06,0.142657,8.34e-07,0.00726599,0.01046523,0.02081031,0.009810153,0.004430994,0.009420904,0.004465244,0.002315163,0.003151996,0.00240833
324,77.24184,0.2272712,1.417e-06,0.1417886,7.5e-07,0.007558239,0.01722339,0.02133722,0.01024049,0.004863743,0.01068873,0.00496166,0.002615913,0.003335329,0.002655663
325,77.46911,0.2415263,1.584e-06,0.1425414,9.16e-07,0.007744906,0.01670014,0.03570403,0.01009257,0.00454391,0.01067057,0.00469291,0.00243458,0.003423162,0.002975579
326,77.71064,0.2432811,1.5e-06,0.1418807,8.33e-07,0.00753849,0.01725031,0.03427395,0.01044924,0.005356576,0.01111973,0.005833992,0.00259108,0.003800245,0.003184412
327,77.95392,0.2275826,1.5e-06,0.1427716,8.33e-07,0.007589323,0.01698348,0.02124755,0.01003657,0.00495391,0.01046115,0.005039077,0.002641079,0.003363329,0.002493163
328,78.1815,0.2346818,1.667e-06,0.1431684,8.33e-07,0.00748024,0.009877653,0.0218838,0.01701631,0.005637242,0.0128534,0.006230491,0.003215496,0.004128911,0.003187329
329,78.41618,0.2306168,1.583e-06,0.1448236,8.33e-07,0.009659737,0.02515505,0.01043115,0.01058049,0.005062077,0.01067232,0.005251076,0.002596663,0.003576662,0.00280558
330,78.6468,0.2453241,1.25e-06,0.1428139,1e-06,0.00743774,0.01709856,0.03430345,0.01157715,0.005462242,0.01124873,0.005685325,0.00256408,0.003938911,0.003191746
331,78.89212,0.2285337,1.166e-06,0.1443581,7.5e-07,0.00742574,0.01647889,0.02112772,0.009961403,0.00491591,0.01065024,0.004933409,0.002638997,0.003408078,0.002633247
332,79.12066,0.2469427,1.583e-06,0.1451536,8.34e-07,0.007690156,0.01710464,0.03427404,0.01037549,0.005514076,0.01108965,0.005967825,0.002673996,0.003901495,0.003195246
333,79.3676,0.2262557,2.333e-06,0.1484442,7.5e-07,0.007216574,0.0102544,0.02092522,0.01008165,0.004902493,0.01028782,0.005306243,0.002415247,0.003970328,0.002448413
334,79.59386,0.2286729,1.5e-06,0.1430226,8.33e-07,0.007469907,0.01717706,0.02117114,0.0101604,0.00500166,0.0106984,0.00502141,0.002626413,0.003523662,0.002797829
335,79.82253,0.2441495,1.667e-06,0.1426396,1e-06,0.007576989,0.01708981,0.03431754,0.01047048,0.005273577,0.01249082,0.005584492,0.00260408,0.003491162,0.002608246
336,80.06668,0.2344616,1.417e-06,0.1434668,8.34e-07,0.007613406,0.01021899,0.02107914,0.01741489,0.005614826,0.01308848,0.005707242,0.003239245,0.003830662,0.003185662
337,80.30114,0.2368588,1.833e-06,0.151083,8.33e-07,0.009653487,0.02517321,0.01152315,0.0100669,0.00489816,0.0104674,0.005302326,0.00262083,0.003428412,0.002639246
338,80.538,0.2408371,9.17e-07,0.1422291,9.17e-07,0.007501573,0.01671681,0.03426804,0.01037157,0.004940826,0.0105859,0.00497666,0.00264408,0.003570745,0.003029912
339,80.77884,0.2261231,1.666e-06,0.1438114,8.33e-07,0.00732624,0.005917825,0.02097547,0.01641098,0.006522407,0.0123634,0.004436077,0.002276914,0.003308162,0.002771746
340,81.00496,0.2437441,1.416e-06,0.1434453,9.16e-07,0.007774823,0.01718889,0.03425937,0.01060474,0.004971993,0.01101774,0.005597825,0.002564247,0.003684661,0.002632163
341,81.2487,0.2464679,1.333e-06,0.1421591,7.5e-07,0.007812573,0.01666589,0.03432004,0.01094149,0.005446492,0.01108649,0.006229741,0.002814996,0.004126161,0.004862827
342,81.49517,0.2251789,1.167e-06,0.1418788,1.084e-06,0.00728624,0.006434408,0.02099014,0.01637914,0.006583241,0.01249398,0.004478911,0.00229158,0.003401578,0.00295858
343,81.72035,0.2432741,1.334e-06,0.1435653,8.33e-07,0.007335157,0.01713098,0.03417754,0.01103398,0.004918743,0.01067349,0.005303659,0.00262758,0.003822244,0.002683247
344,81.96362,0.2418616,1.584e-06,0.1422378,9.16e-07,0.007747906,0.01724589,0.03428395,0.01052773,0.00496216,0.01053507,0.005121993,0.00263783,0.003516078,0.003042663
345,82.20549,0.2468344,1.416e-06,0.1439116,7.5e-07,0.007670157,0.01717689,0.03428937,0.01060657,0.005550409,0.01126357,0.005688492,0.002606246,0.003839828,0.004229078
346,82.45232,0.2447543,1.417e-06,0.1426555,8.33e-07,0.007724323,0.01720989,0.0343102,0.0104499,0.005148409,0.01101165,0.006991907,0.002662329,0.003550079,0.003037912
347,82.69707,0.2320183,1.333e-06,0.1425418,7.5e-07,0.007317323,0.007439906,0.02119472,0.01689306,0.006661991,0.0146284,0.005690409,0.003265329,0.003576162,0.002807079
348,82.92909,0.2314875,1.417e-06,0.1456381,8.33e-07,0.00960357,0.02518913,0.0106874,0.01035499,0.00502941,0.01091699,0.005073076,0.00265958,0.003539245,0.002793746
349,83.16058,0.2468782,1.5e-06,0.1430514,8.33e-07,0.007714406,0.01715923,0.03429929,0.01173748,0.005385326,0.01127832,0.005653659,0.002569996,0.003821912,0.004204827
350,83.40746,0.2419846,1.167e-06,0.1419389,8.34e-07,0.007726156,0.01720123,0.03424029,0.01069073,0.00501841,0.01100598,0.005791575,0.002734246,0.003208246,0.00242683
351,83.64944,0.2246371,1.75e-06,0.1420651,1e-06,0.007536656,0.01661998,0.02142664,0.009960487,0.004450077,0.009785736,0.004576161,0.00241208,0.003171579,0.002629829
352,83.87408,0.2461588,1.417e-06,0.1433942,8.33e-07,0.00743999,0.01706423,0.0342917,0.01060665,0.005153576,0.01136357,0.007090824,0.002655913,0.003907078,0.003188829
353,84.12024,0.2344323,1.75e-06,0.1433046,9.17e-07,0.007384156,0.007702573,0.01873747,0.01685481,0.006570241,0.01724156,0.005643325,0.003160996,0.004157077,0.003672745
354,84.35467,0.231725,1.5e-06,0.1464145,8.34e-07,0.009571903,0.02517455,0.01034382,0.0106174,0.004916993,0.01053474,0.005178159,0.002637497,0.003526911,0.002806163
355,84.5864,0.2274285,1.583e-06,0.1429255,9.16e-07,0.007535657,0.01046949,0.02098847,0.01662181,0.005267743,0.01016124,0.004944326,0.002276247,0.003306412,0.002929163
356,84.81382,0.2409517,1.166e-06,0.1417469,8.34e-07,0.007699239,0.01661306,0.03444837,0.01056974,0.004928743,0.01060124,0.005099493,0.002680496,0.003516162,0.003046246
357,85.05478,0.2318452,1.584e-06,0.1433545,9.16e-07,0.007306657,0.005672992,0.01739389,0.01703173,0.008662238,0.01718856,0.005629742,0.003229746,0.003571662,0.002800996
358,85.28662,0.2353141,1.833e-06,0.1452091,8.34e-07,0.007468156,0.01669831,0.03471329,0.008885071,0.003810661,0.008118989,0.004003411,0.002049997,0.002334747,0.002019664
359,85.52194,0.2263855,1.25e-06,0.140568,1e-06,0.007448323,0.01668031,0.02092339,0.01063057,0.005206826,0.01053407,0.005030743,0.00256808,0.003746828,0.003046162
360,85.74832,0.2291943,1.334e-06,0.147613,7.5e-07,0.00753924,0.01047198,0.02110314,0.01645473,0.003636578,0.00777299,0.004138661,0.00189508,0.003892578,0.004674244
361,85.97752,0.2466336,1.5e-06,0.1438188,1e-06,0.007388239,0.01708881,0.03431704,0.01047707,0.005490993,0.01096382,0.005955408,0.00261833,0.004280077,0.004232495
362,86.22415,0.2289542,1e-06,0.1427795,9.17e-07,0.007352823,0.005930575,0.02110164,0.01642064,0.006464324,0.01417823,0.005361576,0.003111079,0.003488578,0.00276333
363,86.4531,0.2502967,1.583e-06,0.1453522,7.5e-07,0.009680986,0.02517647,0.02865546,0.01033649,0.005132493,0.01086099,0.005455242,0.002619997,0.003837828,0.003186162
364,86.7034,0.2669459,1.417e-06,0.142749,9.17e-07,0.007321073,0.0104109,0.0348292,0.02714671,0.00729149,0.01761156,0.007171074,0.004255577,0.004430661,0.003726328
365,86.97035,0.2282361,1.417e-06,0.1443866,9.16e-07,0.00760499,0.006292908,0.02099872,0.01728164,0.00685599,0.01253748,0.004364744,0.002301664,0.003181579,0.002427496
366,87.19858,0.2172706,1.584e-06,0.141983,9.16e-07,0.00740049,0.01716614,0.0209363,0.008387905,0.003707078,0.008560738,0.003485079,0.002088164,0.002059247,0.001493998
367,87.41585,0.2412513,1.416e-06,0.1425655,8.33e-07,0.00749999,0.01704573,0.0234433,0.01575815,0.007809989,0.01278123,0.005812658,0.00293008,0.003186329,0.002416163
368,87.6571,0.2333844,1.167e-06,0.1418287,8.33e-07,0.008457572,0.009892236,0.02109164,0.01823548,0.005641825,0.01303957,0.005648658,0.003229329,0.003508495,0.002808913
369,87.89049,0.2722842,1.5e-06,0.1453373,7.5e-07,0.007219657,0.007916739,0.0385957,0.03177637,0.01000415,0.01268206,0.006549908,0.002593996,0.004714744,0.004891327
370,88.16277,0.2163359,1.5e-06,0.1420637,7.5e-07,0.007637156,0.01722998,0.01138373,0.009087904,0.004851327,0.01075007,0.004939159,0.00263733,0.003303829,0.002449413
371,88.37911,0.2266165,1.25e-06,0.1408656,7.5e-07,0.007474323,0.01722606,0.02100797,0.01011274,0.00498541,0.01067132,0.005002077,0.002639329,0.003826245,0.002803413
372,88.60572,0.2353501,1.833e-06,0.143389,9.17e-07,0.007624739,0.01039365,0.02099039,0.01731198,0.005926408,0.01297798,0.006015075,0.003206496,0.004183994,0.003327662
373,88.84107,0.2349167,1.916e-06,0.1495014,1e-06,0.009978653,0.02493272,0.01050707,0.01025207,0.00489316,0.01070615,0.004985243,0.00263233,0.003712995,0.002811996
374,89.07599,0.2423812,1.333e-06,0.1421135,9.17e-07,0.007777572,0.01725906,0.03424787,0.01052532,0.00494991,0.01053515,0.005552243,0.002571996,0.004206661,0.002639663
375,89.31837,0.2290411,1.583e-06,0.1436061,9.17e-07,0.007459323,0.01715356,0.02104605,0.01012582,0.004871994,0.01081232,0.004950327,0.002644246,0.003579412,0.002789412
376,89.54741,0.2273591,1.5e-06,0.1440731,8.34e-07,0.007410573,0.006420241,0.0210423,0.01700631,0.006556491,0.0126924,0.004344078,0.00220283,0.003176079,0.00243233
377,89.77477,0.2458608,1.25e-06,0.1420554,7.5e-07,0.007388323,0.01716981,0.03432045,0.01121223,0.005432242,0.0111004,0.005656825,0.00260133,0.004152994,0.004768827
378,90.02063,0.2266843,1.834e-06,0.1423483,7.5e-07,0.00737974,0.005912742,0.02120589,0.01775223,0.006481824,0.01247823,0.004475911,0.002302246,0.003367746,0.002976829
379,90.24732,0.2490288,1.417e-06,0.1430843,1e-06,0.007371324,0.01661564,0.03533437,0.01131024,0.006878157,0.01216473,0.006327825,0.002629579,0.00491366,0.00239658
380,90.49635,0.241576,1.333e-06,0.1420223,9.17e-07,0.007789572,0.01714873,0.03411095,0.01053923,0.005000243,0.01051232,0.00517791,0.002634163,0.003610161,0.003028163
381,90.73792,0.2363127,1.417e-06,0.1433606,9.17e-07,0.007485073,0.01713406,0.03430712,0.009208571,0.003767078,0.008636655,0.00458191,0.002414747,0.003124245,0.00229033
382,90.97424,0.2288701,1.333e-06,0.1434496,8.34e-07,0.00742599,0.01708823,0.0210738,0.0101274,0.004950993,0.01077715,0.005003993,0.00259883,0.003565412,0.002806579
383,91.20311,0.2453544,1.25e-06,0.1430134,8.33e-07,0.00767874,0.01721681,0.03425445,0.01033774,0.005605492,0.01098182,0.006577241,0.002629247,0.003869078,0.003188328
384,91.44846,0.2325158,1.333e-06,0.1447187,8.34e-07,0.007435573,0.006457824,0.02091539,0.01758581,0.006635491,0.0141769,0.005375743,0.003076579,0.003371078,0.00276458
385,91.68098,0.2486602,1.75e-06,0.1455331,1e-06,0.009610487,0.02520063,0.02863154,0.01012107,0.005031743,0.01046532,0.005035827,0.002610913,0.003602578,0.002814163
386,91.92964,0.2441721,1.583e-06,0.1417311,9.17e-07,0.007441323,0.01713139,0.03430529,0.01052882,0.005291576,0.01107073,0.006531325,0.002807329,0.003872745,0.003457912
387,92.17381,0.2301575,1.666e-06,0.1434483,9.17e-07,0.007496656,0.01703289,0.02149839,0.01124073,0.004948327,0.0106249,0.005004326,0.002642413,0.003770412,0.00244758
388,92.40397,0.2387212,1.75e-06,0.1435495,8.33e-07,0.007524906,0.01716931,0.03444729,0.009919986,0.003911328,0.008818571,0.004765827,0.00258058,0.003359995,0.00267133
389,92.64269,0.2416723,1.25e-06,0.1426079,8.34e-07,0.007831156,0.01669298,0.03428245,0.01047974,0.00496691,0.01060665,0.005060326,0.00262408,0.003715245,0.002802746
390,92.88436,0.2294504,1.666e-06,0.1432203,7.5e-07,0.007340156,0.005915409,0.0212778,0.01665106,0.006513825,0.01437231,0.00525091,0.003107162,0.003230746,0.002568329
391,93.11381,0.2483819,1.583e-06,0.1449721,9.16e-07,0.009508487,0.02532971,0.02869288,0.0102324,0.004929576,0.01071199,0.005021493,0.002629913,0.003547995,0.002802913
392,93.36219,0.2366395,1.417e-06,0.1420836,7.5e-07,0.007599573,0.01036174,0.02105939,0.01963947,0.005812159,0.01465731,0.005817992,0.003253412,0.003552995,0.002799746
393,93.59883,0.2534274,1.416e-06,0.1444431,7.5e-07,0.009894403,0.02507263,0.02867963,0.01033882,0.005697325,0.0110534,0.00671649,0.00259108,0.004161911,0.00477641
394,93.85226,0.2422819,1.083e-06,0.142206,1.25e-06,0.007245157,0.01692139,0.0342692,0.01052624,0.00493491,0.01096482,0.006260908,0.00259258,0.003520745,0.002837663
395,94.09454,0.2404787,1.5e-06,0.1414986,9.16e-07,0.00773049,0.01663373,0.03425687,0.01045165,0.004953409,0.01052074,0.005178326,0.002612246,0.003608912,0.003031329
396,94.33502,0.2476942,1.5e-06,0.1432002,8.33e-07,0.009370404,0.02518205,0.02870571,0.01058857,0.005080493,0.0108184,0.005575826,0.002580663,0.003972161,0.002617413
397,94.58271,0.2126172,1.167e-06,0.1423829,9.17e-07,0.007315989,0.01048757,0.01468865,0.008432071,0.004152495,0.01063965,0.005352076,0.002590329,0.004136411,0.002436997
398,94.79533,0.2476541,1.667e-06,0.1423806,7.5e-07,0.007841656,0.01664964,0.03464962,0.01154823,0.009559987,0.0118969,0.004821577,0.002665913,0.003273828,0.002363747
399,95.04298,0.2218129,1.666e-06,0.1430048,8.33e-07,0.007547907,0.006485074,0.02117914,0.01611714,0.006483908,0.01167165,0.003478412,0.001888581,0.002133497,0.001820331
400,95.2648,0.2346754,1.25e-06,0.1425139,9.17e-07,0.00750674,0.01045615,0.02086705,0.01922806,0.005708242,0.01305682,0.006017658,0.003204662,0.003485162,0.00262883
401,95.49947,0.2527535,1.666e-06,0.1480469,7.5e-07,0.009863987,0.0252148,0.02878804,0.01029482,0.005113076,0.01091948,0.005605659,0.002582163,0.003698245,0.002623913
402,95.75223,0.2303742,1.25e-06,0.1423755,7.5e-07,0.007465407,0.01721506,0.02145105,0.01263257,0.004931493,0.01046499,0.005049409,0.00265033,0.003501162,0.002635246
403,95.9826,0.2431466,1.166e-06,0.1418943,8.33e-07,0.007357156,0.01712189,0.03428179,0.01034315,0.005408076,0.0110959,0.006103825,0.00260508,0.003742745,0.003190662
404,96.22575,0.2408648,1.25e-06,0.1409485,7.5e-07,0.007686989,0.01718673,0.03424237,0.01038149,0.004924576,0.01065548,0.005755409,0.002556913,0.003883078,0.002641247
405,96.46661,0.2486952,1.666e-06,0.142494,8.34e-07,0.007789156,0.01682548,0.03526912,0.01613673,0.008430739,0.00965057,0.004526493,0.002449747,0.002956663,0.00216408
406,96.71531,0.2415061,1.083e-06,0.1425684,1.25e-06,0.007731239,0.01715806,0.0344782,0.01002432,0.004972076,0.01064999,0.00500791,0.002624163,0.003432912,0.002856496
407,96.95681,0.2248354,1.334e-06,0.1444478,8.34e-07,0.007333073,0.005921992,0.02130514,0.01755956,0.006069742,0.01204548,0.003619912,0.001895664,0.00265008,0.00198483
408,97.18165,0.2265616,1.083e-06,0.1424097,8.34e-07,0.007364406,0.006414241,0.02086272,0.01688648,0.006544991,0.01260173,0.00462416,0.002474913,0.003578246,0.002798079
409,97.40821,0.2563803,1.583e-06,0.1516318,8.34e-07,0.007901822,0.01671106,0.03575728,0.01000957,0.005187659,0.01032099,0.005909075,0.00242533,0.005001993,0.005521326
410,97.66459,0.2208934,1.417e-06,0.1432996,7.5e-07,0.00729799,0.009896403,0.02125689,0.009883153,0.004851076,0.01039582,0.00537641,0.002508663,0.003391412,0.002733829
411,97.88548,0.2311735,1.583e-06,0.1428648,7.5e-07,0.007489157,0.01716973,0.02106205,0.01286748,0.00497941,0.0107109,0.005093243,0.002619497,0.003704578,0.002610329
412,98.11666,0.2301552,1.25e-06,0.1438056,8.33e-07,0.007559906,0.01723281,0.02092664,0.01054124,0.00491941,0.01113465,0.005106826,0.002633997,0.003482495,0.002809496
413,98.34681,0.2630332,1.333e-06,0.1424875,1e-06,0.007197324,0.01046232,0.03436845,0.02738905,0.008968321,0.01514556,0.008194156,0.002916496,0.003479828,0.002421914
414,98.60985,0.2478003,1.333e-06,0.1424151,7.5e-07,0.007473906,0.01664189,0.03428912,0.01183598,0.00717824,0.0126184,0.006005492,0.002631913,0.004310994,0.002397247
415,98.85765,0.228182,1.667e-06,0.1431236,1e-06,0.007332906,0.005674659,0.01750323,0.01663931,0.006484158,0.01674948,0.005292493,0.003124662,0.003286495,0.002968413
416,99.08583,0.2350141,1.667e-06,0.1453186,7.5e-07,0.007526906,0.01652498,0.03418579,0.009285153,0.003388662,0.008194322,0.003947245,0.002047247,0.00238683,0.002205914
417,99.32084,0.2343083,1.417e-06,0.1424068,7.5e-07,0.007546656,0.01709456,0.02135497,0.01983689,0.004493911,0.00921582,0.004438827,0.002395664,0.003002412,0.002519663
418,99.55515,0.2207292,1.417e-06,0.1426816,9.16e-07,0.007422823,0.00991082,0.02129997,0.01029324,0.005020909,0.01031199,0.005438076,0.00254433,0.003279079,0.002523996
419,99.77588,0.2304483,1.417e-06,0.1427756,9.17e-07,0.007448406,0.01715514,0.0209928,0.01257232,0.005047659,0.01059399,0.005100576,0.002626746,0.003691912,0.002440913
420,100.0063,0.235249,1.667e-06,0.1436726,1e-06,0.007587907,0.01035398,0.02095847,0.01804714,0.006459991,0.01299748,0.005612243,0.003231245,0.003527412,0.002797829
421,100.2416,0.2548572,1.917e-06,0.1457823,1.167e-06,0.007305906,0.007916156,0.03434045,0.02669646,0.005370409,0.01048273,0.006367242,0.002592746,0.004750827,0.003248912
422,100.4964,0.2641781,1.5e-06,0.1429361,8.34e-07,0.007299406,0.007926489,0.0341967,0.02676555,0.00909457,0.01485065,0.008495071,0.00292233,0.007271239,0.002417747
423,100.7606,0.2286145,1.667e-06,0.1420771,9.17e-07,0.007536489,0.01710781,0.02099439,0.01046182,0.00485216,0.01086723,0.005229493,0.002594413,0.003951745,0.002939329
424,100.9892,0.2413338,1.333e-06,0.1438822,8.33e-07,0.007501823,0.01711248,0.03446004,0.00946907,0.004485828,0.01038432,0.005422242,0.002597163,0.003382412,0.00263408
425,101.2306,0.2435056,1.25e-06,0.1421317,8.34e-07,0.007690906,0.01719673,0.03575603,0.0104079,0.004944494,0.0106794,0.005225743,0.002597247,0.003994911,0.002878413
426,101.4741,0.2325077,1.833e-06,0.1426041,9.16e-07,0.00748824,0.01711439,0.03471137,0.008997904,0.003373246,0.008427238,0.003505578,0.002062664,0.002361164,0.00185908
427,101.7066,0.2288536,1.167e-06,0.1430769,1e-06,0.007440906,0.01716523,0.0212123,0.01031773,0.00493291,0.01064899,0.005113076,0.00264458,0.003520911,0.002777913
428,101.9354,0.2278418,1.417e-06,0.1423075,1e-06,0.00751074,0.01723248,0.0211633,0.01034307,0.004951994,0.01076465,0.004965827,0.002602496,0.003361579,0.002635746
429,102.1633,0.2338953,1.5e-06,0.1436005,7.5e-07,0.007340657,0.01708931,0.03412937,0.009106654,0.003819828,0.008439989,0.004023411,0.002091663,0.002306581,0.001945164
430,102.3972,0.2179945,1.5e-06,0.1414487,9.16e-07,0.00745199,0.01717831,0.02092705,0.00964182,0.003704162,0.008562405,0.003471745,0.00208708,0.002017081,0.001501748
431,102.6152,0.2245044,1.25e-06,0.1420533,8.33e-07,0.00748574,0.01675431,0.02108047,0.009583487,0.00448741,0.01016349,0.004594161,0.00240583,0.003235329,0.002658746
432,102.8397,0.2296309,1.333e-06,0.1430214,9.17e-07,0.007558239,0.01666898,0.02106489,0.01070032,0.004946244,0.0105434,0.005699659,0.002638329,0.003852995,0.002934246
433,103.0693,0.2338603,1.583e-06,0.146444,9.16e-07,0.007632907,0.007341489,0.02073514,0.01671781,0.006435241,0.0143484,0.005240326,0.003115912,0.003204329,0.00264233
434,103.3032,0.236922,1.5e-06,0.145894,8.34e-07,0.007423656,0.01653006,0.03456987,0.009338153,0.003849995,0.008472655,0.003748662,0.002059997,0.002626996,0.00240558
435,103.5401,0.2135126,1.083e-06,0.1421583,8.33e-07,0.007479657,0.01678706,0.0105444,0.009179737,0.004567327,0.009589487,0.004843077,0.00209208,0.003207579,0.003061996
436,103.7536,0.2466226,1.166e-06,0.141738,8.33e-07,0.007895572,0.01664023,0.03423754,0.01088507,0.006550157,0.01262048,0.006454991,0.00261083,0.00458141,0.00240633
437,104.0002,0.2252168,1.25e-06,0.1422802,6.375e-05,0.00728799,0.005915325,0.02120839,0.01677998,0.006492907,0.01243748,0.004385494,0.002317914,0.003251912,0.002794163
438,104.2254,0.2284804,1.25e-06,0.1426794,7.5e-07,0.007488907,0.01721723,0.02109997,0.0102224,0.004933827,0.0105954,0.00503541,0.002638913,0.003513578,0.003053329
439,104.4539,0.2292899,1.417e-06,0.1436961,9.16e-07,0.00744174,0.01726298,0.02115339,0.01000399,0.004899993,0.01070082,0.005010826,0.002636247,0.003521328,0.002960163
440,104.6832,0.2218955,1.5e-06,0.1438956,7.5e-07,0.007287324,0.009941153,0.02106822,0.01028174,0.004896993,0.01021557,0.005339326,0.002476163,0.003629828,0.00286133
441,104.9051,0.2249557,1.333e-06,0.1430955,9.17e-07,0.00749999,0.01668648,0.02088914,0.00957607,0.00448741,0.009691487,0.004620493,0.002418997,0.003381245,0.002606663
442,105.1301,0.2613224,1.416e-06,0.1427989,8.34e-07,0.007320156,0.0104584,0.03438037,0.02702563,0.007657656,0.01234973,0.008599822,0.002876246,0.005414159,0.00243908
443,105.3914,0.2314868,1.417e-06,0.1434469,8.34e-07,0.007276573,0.00717624,0.01893689,0.01675464,0.006487991,0.01681764,0.005316992,0.003117996,0.003408079,0.002744663
444,105.6229,0.2308564,1.667e-06,0.1446408,9.16e-07,0.00957257,0.0253868,0.0102054,0.01095124,0.005074576,0.01072699,0.005243742,0.002645997,0.003612245,0.002793496
445,105.8537,0.2436692,1.5e-06,0.1427936,8.33e-07,0.007769072,0.01721939,0.03426845,0.0104294,0.00496041,0.01062932,0.005186076,0.002668413,0.003904828,0.003837911
446,106.0974,0.2422976,1.25e-06,0.1434645,9.17e-07,0.007705406,0.01661756,0.03427745,0.01066007,0.004998409,0.01043582,0.00515866,0.002593913,0.003600995,0.002782663
447,106.3397,0.2277494,1.583e-06,0.1424476,9.17e-07,0.007629072,0.01045665,0.02095672,0.01662823,0.005352076,0.01014924,0.004993076,0.00249508,0.003544079,0.003094995
448,106.5674,0.2464505,1.583e-06,0.1434021,9.16e-07,0.007656823,0.01720289,0.03430304,0.01048573,0.005489826,0.0109559,0.006284908,0.002607246,0.003846912,0.004212577
449,106.8139,0.230446,1.416e-06,0.1444016,7.5e-07,0.007516323,0.01722098,0.02099555,0.009682653,0.006183158,0.01044774,0.005093743,0.002613829,0.003492246,0.002796079
450,107.0443,0.2428099,1e-06,0.1418715,9.16e-07,0.00744974,0.01709748,0.03429879,0.01031749,0.005120326,0.0109179,0.005930825,0.002520163,0.003838078,0.003445746
451,107.2871,0.24511,1.5e-06,0.1437901,8.33e-07,0.00771474,0.01723564,0.0343332,0.0103904,0.005086909,0.01094398,0.005767242,0.002567913,0.004053745,0.003223829
452,107.5322,0.2300396,1.417e-06,0.1445298,7.5e-07,0.00751599,0.01714631,0.02117264,0.01014657,0.005056159,0.01066532,0.00501816,0.002616663,0.003429328,0.002740497
453,107.7623,0.2295942,1.416e-06,0.143365,1e-06,0.007415156,0.006137492,0.01716089,0.01634798,0.008070739,0.01663123,0.005292493,0.003199579,0.003317245,0.002653997
454,107.9919,0.2385909,1.834e-06,0.1457025,8.33e-07,0.008483572,0.02497171,0.02885063,0.008355322,0.003871078,0.008428905,0.003710328,0.002040581,0.00230708,0.001866497
455,108.2305,0.2136384,1.417e-06,0.1426807,8.33e-07,0.007636989,0.01674298,0.01016274,0.009125738,0.004725493,0.01000499,0.004462244,0.002524913,0.003148079,0.002421247
456,108.4441,0.2427704,1.334e-06,0.1427211,9.17e-07,0.007735073,0.01699839,0.03409695,0.01061232,0.004936077,0.01064974,0.005620242,0.00256433,0.004148495,0.002685412
457,108.6869,0.228392,1.583e-06,0.1427777,9.16e-07,0.007583823,0.01726756,0.02107747,0.0105364,0.00495741,0.01066857,0.00508466,0.002419997,0.003264578,0.00275133
458,108.9153,0.2519373,1.167e-06,0.1407321,9.16e-07,0.007278157,0.01064124,0.03425987,0.0267058,0.005270826,0.01054449,0.007267073,0.003008496,0.003780411,0.00244683
459,109.1672,0.2451699,1.083e-06,0.1412339,9.16e-07,0.007857906,0.01668239,0.03431254,0.01043882,0.005653242,0.01099649,0.007179906,0.002601914,0.004236327,0.003974495
460,109.4124,0.2428258,1.5e-06,0.143011,8.34e-07,0.007673489,0.01677206,0.0342737,0.01100515,0.004940826,0.01034257,0.005264576,0.00262158,0.003774995,0.003143579
461,109.6552,0.2262434,2.083e-06,0.1498372,9.16e-07,0.007267407,0.00993007,0.02070772,0.008244822,0.005752909,0.008755154,0.006176992,0.002535413,0.003909995,0.003122745
462,109.8815,0.2333335,1.083e-06,0.1436773,8.33e-07,0.007228907,0.0104339,0.02072406,0.01706823,0.006001158,0.01299765,0.005731242,0.003241412,0.003470496,0.002757246
463,110.1148,0.2303288,1.75e-06,0.145457,1e-06,0.009551987,0.02522672,0.01057015,0.01017157,0.00496316,0.01039657,0.00514816,0.002613079,0.003482662,0.002744997
464,110.3451,0.2271856,1.25e-06,0.1422012,7.5e-07,0.007520823,0.01716889,0.02108272,0.01002449,0.004931993,0.01047949,0.005072576,0.00264033,0.003320912,0.002740163
465,110.5723,0.2401715,1.417e-06,0.1442976,8.33e-07,0.007751906,0.01671264,0.0342557,0.009750653,0.004614327,0.009798986,0.004549744,0.002425663,0.003239746,0.002772246
466,110.8125,0.22378,1.25e-06,0.1421101,9.17e-07,0.007466823,0.01663664,0.02106305,0.009349404,0.00457066,0.009756487,0.004530494,0.00241583,0.003252912,0.002625413
467,111.0363,0.213098,1.333e-06,0.1431389,8.33e-07,0.00777049,0.01674364,0.01029057,0.008724321,0.004039662,0.009846486,0.004724493,0.002441997,0.003054913,0.002320413
468,111.2493,0.2415089,1.167e-06,0.1422797,8.34e-07,0.007684156,0.01713531,0.0342482,0.0104729,0.004936494,0.01044107,0.005137159,0.002658663,0.003516579,0.002996662
469,111.4909,0.2464774,1.5e-06,0.1430241,7.5e-07,0.007727239,0.01718681,0.03434279,0.01155807,0.005457742,0.01131415,0.006257908,0.002621413,0.003840744,0.003144163
470,111.7373,0.2450533,1.25e-06,0.1431867,7.5e-07,0.007741739,0.01725639,0.0342687,0.0104474,0.005050576,0.01096107,0.006194158,0.002640746,0.003846328,0.003457495
471,111.9824,0.2443926,1.333e-06,0.143472,8.33e-07,0.007799239,0.01718214,0.03432895,0.01061615,0.00509941,0.01182323,0.005814159,0.002567496,0.003261912,0.002425747
472,112.2268,0.2545557,1.417e-06,0.1427936,1.083e-06,0.007360407,0.01044399,0.0343437,0.02715688,0.005841992,0.01095273,0.006219325,0.00264408,0.004378827,0.002417663
473,112.4813,0.2004215,1.667e-06,0.1438225,9.17e-07,0.007302406,0.007728156,0.01530748,0.007416073,0.003333746,0.007180657,0.003091995,0.001745498,0.001992497,0.001497915
474,112.6818,0.2472557,1.167e-06,0.1432093,8.33e-07,0.00774524,0.01715039,0.03429587,0.0105069,0.005458493,0.01128548,0.006132992,0.002596579,0.004170245,0.00470216
475,112.929,0.228325,1.25e-06,0.1424446,9.17e-07,0.007493406,0.01723998,0.0209948,0.01083982,0.004974327,0.01062882,0.005023826,0.002607163,0.003477579,0.002598496
476,113.1573,0.2344133,1.417e-06,0.1435127,8.34e-07,0.007341156,0.00755049,0.01865656,0.01689773,0.006597908,0.01689406,0.005753242,0.003243579,0.003768911,0.004194661
477,113.3918,0.251192,1.583e-06,0.1453323,8.34e-07,0.007430239,0.01649639,0.03524487,0.01607748,0.008207239,0.009959153,0.004532827,0.002437163,0.002963913,0.002507996
478,113.6429,0.2465535,1.583e-06,0.1418079,8.33e-07,0.007697156,0.01715614,0.03437337,0.01048824,0.005495575,0.01090065,0.006669574,0.00260533,0.004912326,0.004444828
479,113.8895,0.2428626,1.75e-06,0.1432841,8.34e-07,0.007801572,0.01714539,0.03430162,0.01049182,0.00495791,0.01059757,0.00503366,0.002655413,0.003591328,0.002999579
480,114.1324,0.2417238,2.083e-06,0.1428462,7.5e-07,0.007318156,0.01670564,0.0342507,0.01060048,0.004902076,0.01078024,0.005216326,0.002577663,0.003996661,0.00252683
481,114.3741,0.2414526,1.25e-06,0.1420175,1.083e-06,0.00752449,0.01722048,0.0342867,0.01055974,0.00493541,0.01068232,0.00501016,0.00257708,0.003757078,0.002879329
482,114.6155,0.2346429,1.416e-06,0.1427242,8.33e-07,0.007541407,0.01719081,0.03460087,0.009204321,0.003816161,0.008380572,0.003935578,0.002105914,0.002706663,0.002434163
483,114.8502,0.2183249,1e-06,0.1427281,9.16e-07,0.007486907,0.01713723,0.02065572,0.008439655,0.003991661,0.008835904,0.003474079,0.002044997,0.00203333,0.001495415
484,115.0685,0.249631,1.166e-06,0.142095,9.16e-07,0.007454407,0.01689323,0.03529812,0.01660281,0.007686156,0.0104464,0.004872577,0.002662329,0.003277162,0.002340747
485,115.3181,0.2482047,1.417e-06,0.1435123,8.33e-07,0.00741449,0.01681456,0.03431987,0.01092365,0.005570409,0.01100882,0.006238492,0.002639746,0.004745993,0.00501416
486,115.5663,0.2356481,1.584e-06,0.1441999,8.33e-07,0.007540157,0.01005632,0.02126364,0.01807047,0.006394158,0.01297573,0.005628409,0.003257579,0.003497829,0.002761496
487,115.802,0.2563462,1.916e-06,0.1454789,9.17e-07,0.007246073,0.007949072,0.03426587,0.02686396,0.005826992,0.01101407,0.005879658,0.00257208,0.004649577,0.00459716
488,116.0583,0.2292137,1.334e-06,0.1436214,9.16e-07,0.00734449,0.007175907,0.01849973,0.01659756,0.006330825,0.01645256,0.004597494,0.002915412,0.002938163,0.002737913
489,116.2875,0.2606406,1.917e-06,0.1454181,8.33e-07,0.007278574,0.007392906,0.03434537,0.02774121,0.009282071,0.0155839,0.005215826,0.002642413,0.003313912,0.00242358
490,116.5482,0.2636458,1.75e-06,0.141797,8.34e-07,0.007447823,0.01744639,0.05199659,0.0155669,0.005425576,0.01051682,0.004953076,0.002683163,0.003359246,0.002450663
491,116.8118,0.2369308,1.5e-06,0.1441205,7.5e-07,0.007505823,0.01713998,0.03421645,0.01010515,0.004075161,0.008268738,0.003813662,0.002132497,0.003021162,0.002529497
492,117.0488,0.2303878,1.583e-06,0.1436285,9.16e-07,0.007529657,0.01712914,0.0213113,0.01139357,0.00498366,0.01060657,0.005014659,0.00263308,0.003710162,0.002444996
493,117.2792,0.25658,1.167e-06,0.1408936,7.5e-07,0.00726899,0.01061765,0.03572903,0.02817346,0.005868409,0.01114523,0.006594157,0.002554413,0.00488291,0.002850163
494,117.5357,0.2488826,1.584e-06,0.1434818,7.5e-07,0.007297239,0.007953406,0.03443879,0.02594746,0.004129411,0.01080424,0.006203992,0.002767662,0.003447746,0.002408496
495,117.7846,0.232,1.25e-06,0.1425991,8.34e-07,0.00734149,0.00718974,0.01882206,0.01814906,0.006464075,0.01678839,0.005362576,0.003098246,0.003339495,0.002843746
496,118.0166,0.2560065,1.583e-06,0.145594,9.16e-07,0.00731574,0.007925073,0.03411337,0.02785163,0.005298493,0.01058715,0.005911909,0.002554246,0.00468341,0.004168995
497,118.2726,0.2573541,1.416e-06,0.1433711,8.34e-07,0.007270573,0.007354157,0.03408845,0.02719654,0.009598737,0.01551364,0.004958494,0.002424913,0.003074496,0.002500746
498,118.53,0.2178417,1.25e-06,0.1425413,9.16e-07,0.007629906,0.01706831,0.02090672,0.008323072,0.003668745,0.008628405,0.003474078,0.002077664,0.002028831,0.001492498
499,118.7478,0,0,0,0,0,0,0,0,0,0,0,0,0,0

Averages:
0.2374956,1.473146e-06,0.1433882,1.127984e-06,0.007671955,0.01469841,0.02667564,0.01351128,0.005506476,0.01138355,0.00539172,0.002654571,0.003635949,0.002975284
