OpenCV version: 2.4
Usage: 7-SobelDerivatives <input-number> [<samples>]
input-number - is the video device number. Defaults to zero. E.g. for /dev/video2 just use '2' as argument.
samples - number of samples before application ends. Defaults to 1000; zero means infinite.
sample_number,elapsed_time,frame,mat_alloc,read_img,gpumat_alloc,gpu_frame_upload,convert_color,gaussian_blur,sobel,convert_scale,sobel2,convert_scale2,add_weighted,gpu_frame_download,show_img
0,0,0.02510513,4.5e-06,0.004776244,5.83e-07,0.000802582,0.00240208,0.003928745,0.003379162,0.002020997,0.003488912,0.001932913,0.001119166,0.000584499,0.000664749
1,0.02510513,0.07271865,1.333e-06,0.02962388,1e-06,0.007492406,0.0269658,0.005395243,0.000802999,0.000543582,0.000773083,0.000548082,0.0002765,0.000200833,9.3916e-05
2,0.09782378,0.008516154,8.33e-07,0.003173662,5e-07,0.000425333,0.000667249,0.000864165,0.000827749,0.000596416,0.000804332,0.000545749,0.000271583,0.000215,0.000123583
3,0.1063399,0.008541822,9.17e-07,0.003295329,8.33e-07,0.000413749,0.0006485,0.000841165,0.000790749,0.000550832,0.000850916,0.000555499,0.000284666,0.000204917,0.00010375
4,0.1148818,0.01225315,8.33e-07,0.003263746,9.16e-07,0.00052625,0.002926996,0.001436081,0.001215998,0.000593833,0.000816165,0.000912999,0.000272166,0.0001965,9.0666e-05
5,0.1271349,0.01793481,1.083e-06,0.003503412,1.5e-06,0.000529582,0.001552081,0.001268915,0.001155665,0.007407823,0.001110665,0.000707416,0.000369166,0.000206333,0.000121167
6,0.1450697,0.01367115,1.084e-06,0.004487743,1e-06,0.00048525,0.003147828,0.001209582,0.001094165,0.000723583,0.001077915,0.000713415,0.000376833,0.000247166,0.000105584
7,0.1587409,0.01731923,1.334e-06,0.00462091,8.33e-07,0.000447166,0.000903416,0.001292331,0.001167498,0.005571659,0.001185165,0.001025749,0.000499416,0.000478666,0.000125083
8,0.1760601,0.01885739,1.417e-06,0.005085826,9.17e-07,0.000538582,0.001127915,0.001683665,0.006153574,0.000946582,0.001449665,0.001013749,0.000499499,0.000243583,0.000112416
9,0.1949175,0.02055105,1.417e-06,0.00463116,1.25e-06,0.000529082,0.001181582,0.008301488,0.001541415,0.000965915,0.001468581,0.000952749,0.000509583,0.000281083,0.000185749
10,0.2154685,0.01639306,1.666e-06,0.006704824,1.333e-06,0.000809416,0.000969082,0.001683164,0.001481582,0.000953915,0.001486164,0.000975249,0.000507749,0.000633083,0.000185833
11,0.2318616,0.01989139,1.666e-06,0.005748826,1.5e-06,0.000694082,0.005794492,0.001743497,0.001492581,0.000976999,0.001462165,0.001004665,0.000591416,0.000257416,0.000122083
12,0.251753,0.01374723,1.5e-06,0.004660911,9.16e-07,0.000550166,0.001638248,0.00239658,0.001125081,0.000732916,0.001102415,0.000757249,0.000385916,0.0002725,0.000122833
13,0.2655002,0.01871314,1.5e-06,0.007647822,9.17e-07,0.000436583,0.003707578,0.002618663,0.001091665,0.000709666,0.001074248,0.000723332,0.000376166,0.000216834,0.000108166
14,0.2842133,0.01743598,1.583e-06,0.004484077,8.34e-07,0.002476746,0.003179496,0.001787497,0.001431165,0.000903582,0.001398081,0.000889416,0.000485582,0.000289167,0.00010875
15,0.3016493,0.02016605,1.167e-06,0.003795745,8.33e-07,0.002640496,0.006195575,0.001703081,0.001491664,0.000905666,0.001684331,0.000903665,0.000493249,0.000241667,0.000108916
16,0.3218154,0.01615964,1.25e-06,0.007065324,1.166e-06,0.000489833,0.001529664,0.001597081,0.001428248,0.000900083,0.001407914,0.000897332,0.000495833,0.000237166,0.00010875
17,0.337975,0.02010556,1.084e-06,0.006865073,9.17e-07,0.000525833,0.005211909,0.001975747,0.001422665,0.000993832,0.001398915,0.000890498,0.000482583,0.000229833,0.000106667
18,0.3580806,0.01487581,1.083e-06,0.005877909,7.5e-07,0.000470166,0.001298748,0.001589164,0.001476415,0.000895582,0.001405081,0.001029749,0.000491749,0.000237833,0.000101583
19,0.3729564,0.01778798,1.25e-06,0.008591654,1e-06,0.000471666,0.003145246,0.001298165,0.001088748,0.000708749,0.001074915,0.000708499,0.000376083,0.000217416,0.000104584
20,0.3907444,0.01477256,1.25e-06,0.006431157,1.417e-06,0.000485083,0.002486413,0.001193415,0.001068915,0.000693416,0.001052248,0.000688249,0.000368416,0.00020125,0.000101333
21,0.4055169,0.01669214,1e-06,0.003463662,9.17e-07,0.000346249,0.000934749,0.001178082,0.007615989,0.000697582,0.001056832,0.000714582,0.000369167,0.000201749,0.000111584
22,0.4222091,0.01585098,9.17e-07,0.004206077,9.17e-07,0.000491749,0.000690249,0.001194249,0.006126741,0.000708582,0.001061749,0.000689832,0.000376666,0.000204,9.925e-05
23,0.4380601,0.01862606,1e-06,0.004032828,1e-06,0.000362666,0.000874499,0.001191581,0.001075999,0.000710499,0.008930987,0.000759416,0.000377999,0.000204333,0.00010325
24,0.4566861,0.0160049,1e-06,0.004112495,7.5e-07,0.000393166,0.000962582,0.001280415,0.006003824,0.000715249,0.001139665,0.000703833,0.000374833,0.000216749,0.000100334
25,0.472691,0.01745748,1.166e-06,0.004287828,7.5e-07,0.000390416,0.000878832,0.001200248,0.001071915,0.000700583,0.007523323,0.000723082,0.000373499,0.000206583,9.925e-05
26,0.4901485,0.01595664,1.166e-06,0.003941912,5.83e-07,0.000379083,0.000862915,0.001183248,0.001065582,0.000701333,0.001207081,0.005902742,0.000379416,0.000225,0.000106583
27,0.5061051,0.01728656,1e-06,0.003818244,8.34e-07,0.000372082,0.000871833,0.001402414,0.001098832,0.000727999,0.001084665,0.003238079,0.00431891,0.000230083,0.000121584
28,0.5233917,0.01675231,1.083e-06,0.004764576,9.17e-07,0.0003665,0.000866748,0.001208665,0.001094415,0.000828666,0.001090998,0.000718499,0.00263983,0.003063912,0.0001075
29,0.540144,0.0113569,9.16e-07,0.004416828,9.16e-07,0.000346166,0.000877083,0.001345331,0.001123248,0.000727333,0.001087582,0.000713832,0.000380833,0.000233749,0.000103084
30,0.5515009,0.01067807,1.084e-06,0.003936577,6.67e-07,0.000399083,0.000881582,0.001196665,0.001079748,0.000711833,0.001069248,0.000706833,0.000374749,0.0002175,0.0001025
31,0.562179,0.01171232,1.333e-06,0.004918327,9.16e-07,0.00040375,0.000867749,0.001210331,0.001085749,0.000705665,0.001071165,0.000701833,0.000373666,0.00027575,9.6083e-05
32,0.5738913,0.01443881,1.25e-06,0.006161408,9.16e-07,0.000460083,0.002372247,0.001214665,0.001082165,0.000701249,0.001065665,0.000699499,0.000372249,0.000207167,0.00010025
33,0.5883301,0.0142654,1.083e-06,0.003182329,5.84e-07,0.000341333,0.000869915,0.005645909,0.001083331,0.000684833,0.001046832,0.000682249,0.000366583,0.000259416,0.000101
34,0.6025955,0.01632923,9.17e-07,0.004102828,9.16e-07,0.000344333,0.000871082,0.001185582,0.001090498,0.000692833,0.002726163,0.00465141,0.000365999,0.00020025,9.6416e-05
35,0.6189247,0.01031057,1e-06,0.003740078,5.84e-07,0.000377999,0.000871082,0.001181915,0.001063749,0.000683666,0.001049831,0.000694249,0.00036675,0.000192583,8.7083e-05
36,0.6292353,0.009866986,1.083e-06,0.003215995,7.5e-07,0.000358083,0.000890416,0.001174415,0.001055748,0.000684332,0.001114499,0.000693166,0.000373166,0.000208166,9.7167e-05
37,0.6391023,0.01395848,8.34e-07,0.006403324,1.333e-06,0.000557666,0.001356915,0.001406248,0.001079165,0.000704166,0.001076082,0.000696082,0.00036875,0.000207249,0.000100667
38,0.6530608,0.01505006,1.083e-06,0.004098161,9.17e-07,0.000356749,0.000872083,0.005522408,0.001085332,0.000693583,0.001055332,0.000693165,0.000367666,0.000204333,9.925e-05
39,0.6681108,0.01583148,1.417e-06,0.003477495,8.33e-07,0.000384083,0.000873666,0.001195748,0.001073915,0.000704082,0.006710491,0.000724416,0.000370499,0.000215583,9.925e-05
40,0.6839423,0.01566889,9.17e-07,0.00431091,9.17e-07,0.000346583,0.000874249,0.001192248,0.001092415,0.000695333,0.001063331,0.002139831,0.001174415,0.002673746,0.000104
41,0.6996112,0.0107279,1.083e-06,0.004101328,7.5e-07,0.000328999,0.000868332,0.001179499,0.001061498,0.000687583,0.001056165,0.000685832,0.000368833,0.000255416,0.000132583
42,0.7103391,0.01048099,1e-06,0.003460245,6.67e-07,0.000950582,0.000734416,0.001211248,0.001063165,0.000675333,0.001039665,0.000680499,0.000372833,0.000195249,9.6084e-05
43,0.7208201,0.01431131,1.167e-06,0.003799411,6.67e-07,0.000325416,0.002295997,0.003743411,0.001067832,0.000685249,0.001051665,0.000682166,0.00036525,0.000197833,9.525e-05
44,0.7351314,0.01599256,9.16e-07,0.003774412,6.66e-07,0.000312917,0.000869082,0.001182581,0.001062249,0.002429996,0.00492691,0.000759832,0.000369833,0.000208,9.5167e-05
45,0.7511239,0.0146484,1.166e-06,0.003512912,8.33e-07,0.00036425,0.000880165,0.001198832,0.001075332,0.000716499,0.001067498,0.005143826,0.000375,0.000214666,9.7417e-05
46,0.7657723,0.01111198,1e-06,0.004336744,6.67e-07,0.000396499,0.000871832,0.001188665,0.001069749,0.000695165,0.001060749,0.000814165,0.000370083,0.00020975,9.6917e-05
47,0.7768843,0.01077257,1e-06,0.003729829,6.66e-07,0.001001915,0.000741666,0.001171915,0.001057665,0.000685916,0.001044415,0.000682833,0.000368082,0.000194833,9.1834e-05
48,0.7876569,0.01385106,1e-06,0.003206579,5.83e-07,0.002298247,0.002990996,0.001184748,0.001068915,0.000699916,0.001059915,0.000690249,0.0003645,0.000192583,9.2833e-05
49,0.801508,0.01627848,1e-06,0.003978244,7.5e-07,0.000372083,0.000872416,0.001186581,0.003362329,0.003927744,0.001115249,0.000692249,0.000450499,0.0002185,0.000100833
50,0.8177864,0.01528348,1.084e-06,0.004140994,1e-06,0.000341499,0.000885832,0.001228499,0.001083748,0.000716166,0.005482909,0.000720915,0.000372833,0.000211083,9.6917e-05
51,0.8330699,0.01324448,9.17e-07,0.003496912,7.5e-07,0.000350916,0.000873499,0.001211165,0.001934997,0.000694832,0.001075082,0.000694749,0.000432249,0.00235383,0.000124584
52,0.8463144,0.01183423,1e-06,0.00455441,5.83e-07,0.000372333,0.000863916,0.001208915,0.001452997,0.000778166,0.001179165,0.000708999,0.00037775,0.000234249,0.00010175
53,0.8581486,0.01085282,1.25e-06,0.004166744,8.34e-07,0.000384416,0.000870999,0.001179248,0.001056165,0.000682166,0.001048998,0.000783333,0.000370832,0.000214167,9.3666e-05
54,0.8690015,0.01550856,1.166e-06,0.003179746,5.83e-07,0.000301333,0.002603996,0.005071743,0.001066915,0.000768583,0.001045665,0.000794499,0.000371666,0.00020625,9.6416e-05
55,0.88451,0.01532781,1e-06,0.004060577,7.5e-07,0.00036575,0.000874665,0.001201915,0.005624742,0.000733166,0.001078165,0.000699332,0.000373833,0.00021225,0.000101666
56,0.8998378,0.01670564,1e-06,0.004221744,6.67e-07,0.000360499,0.000869749,0.001195748,0.001069249,0.000709082,0.001079249,0.00650174,0.000379333,0.000215083,0.0001025
57,0.9165435,0.01501264,1.083e-06,0.003580578,6.67e-07,0.000373833,0.000891998,0.001194582,0.001116498,0.000710583,0.001076915,0.000708749,0.002386663,0.002867163,0.000103333
58,0.9315561,0.01129773,1.083e-06,0.004381411,9.16e-07,0.000393416,0.001009166,0.001229498,0.001086415,0.000713666,0.001082665,0.000708499,0.000375583,0.000218749,9.6667e-05
59,0.9428538,0.01092465,1.083e-06,0.003244079,6.67e-07,0.001171748,0.000889166,0.001413498,0.001076331,0.000697083,0.001069165,0.000692666,0.000372582,0.000203667,9.2916e-05
60,0.9537785,0.0137244,1e-06,0.003182412,6.67e-07,0.002269997,0.003198579,0.001263664,0.001084332,0.000624749,0.000888749,0.000594333,0.000311583,0.000207999,9.6333e-05
61,0.9675029,0.01457698,1.084e-06,0.004005411,5.83e-07,0.000350083,0.000746832,0.000975915,0.000884999,0.000594416,0.005795159,0.000616832,0.000308416,0.000201333,9.5917e-05
62,0.9820799,0.009108571,1e-06,0.003387662,7.5e-07,0.000320833,0.000737999,0.000972998,0.000888999,0.000590583,0.000876748,0.000602333,0.000313166,0.000312,0.0001035
63,0.9911884,0.009467487,1.25e-06,0.003915661,6.67e-07,0.000324333,0.000739249,0.000962415,0.000877999,0.000587915,0.000872833,0.000584415,0.000307083,0.000200667,9.3e-05
64,1.000656,0.01622998,1.166e-06,0.003801245,6.67e-07,0.000367583,0.000874665,0.001184832,0.00690474,0.000707332,0.001054415,0.000679749,0.000365,0.000196916,9.1667e-05
65,1.016886,0.01521931,1.083e-06,0.003864912,7.5e-07,0.000358416,0.000874582,0.001191248,0.001065332,0.000691332,0.005562992,0.000810666,0.000446666,0.00025075,0.000100583
66,1.032105,0.0104644,1.584e-06,0.003719245,1e-06,0.000380832,0.000888666,0.001205915,0.001080498,0.000708166,0.001074498,0.000709333,0.000376333,0.000225416,9.2916e-05
67,1.04257,0.01101765,1.25e-06,0.003261912,5e-07,0.001042082,0.001363998,0.001198415,0.001069249,0.000684832,0.001056832,0.000684082,0.000367333,0.000194583,9.2583e-05
68,1.053587,0.01405365,1.083e-06,0.005554159,1.333e-06,0.000453833,0.002712996,0.001185749,0.001057748,0.000694749,0.001046749,0.000689332,0.000365833,0.000194083,9.6e-05
69,1.067641,0.01569123,1e-06,0.003327245,5.84e-07,0.000334249,0.000872749,0.001206332,0.001068415,0.006367991,0.001130832,0.000695165,0.000372166,0.000212833,0.000101667
70,1.083332,0.01586273,1e-06,0.004575743,7.5e-07,0.000351083,0.000872165,0.001197332,0.001077915,0.000715416,0.005463326,0.000725749,0.000375082,0.000368833,0.000138333
71,1.099195,0.0109744,1.333e-06,0.004210161,1e-06,0.000349666,0.000883415,0.001217415,0.001078332,0.000740916,0.001087582,0.000711915,0.000377833,0.000218416,9.6417e-05
72,1.110169,0.01030749,1.084e-06,0.003607245,8.33e-07,0.00033675,0.000878248,0.001192332,0.001071165,0.000707333,0.001063331,0.000695249,0.00036925,0.000218916,0.00016575
73,1.120477,0.01080307,8.33e-07,0.004410911,7.5e-07,0.000400249,0.000667083,0.001180498,0.001058415,0.000684499,0.001053415,0.000680916,0.00036575,0.000205666,9.4083e-05
74,1.13128,0.01598673,9.17e-07,0.003571578,7.5e-07,0.000373666,0.000658832,0.007075157,0.001067332,0.000687249,0.001045665,0.000683999,0.0003685,0.000363583,8.9499e-05
75,1.147267,0.01408031,1.083e-06,0.003207329,7.5e-07,0.000371916,0.000670499,0.001189165,0.005288409,0.000768333,0.001105915,0.000760749,0.000378416,0.00023525,0.000102499
76,1.161347,0.01695306,1.166e-06,0.004539077,7.5e-07,0.0004035,0.000666165,0.001206249,0.001084832,0.000709915,0.001107249,0.006520574,0.000390749,0.00022,0.000102833
77,1.1783,0.01092965,8.33e-07,0.004181161,9.17e-07,0.000381416,0.000669082,0.001192332,0.001093165,0.000696666,0.001063998,0.000710749,0.000371416,0.000473916,9.4e-05
78,1.18923,0.01001532,1.25e-06,0.003431246,6.66e-07,0.000396416,0.000663166,0.001189665,0.001060915,0.000688666,0.001105332,0.000792415,0.000375416,0.000210167,0.0001
79,1.199245,0.01381256,8.33e-07,0.006049408,9.17e-07,0.000536166,0.001747497,0.001180332,0.001063665,0.000685832,0.001045832,0.000735416,0.000452416,0.000221833,9.2417e-05
80,1.213057,0.01419865,1e-06,0.003833911,5.83e-07,0.000364,0.000662916,0.002689829,0.003450662,0.000686749,0.001049998,0.000686416,0.000434916,0.000242583,9.5083e-05
81,1.227256,0.01568273,9.99e-07,0.003501246,5.83e-07,0.000404166,0.000664332,0.001186665,0.001064499,0.000695416,0.001057581,0.006392575,0.000387249,0.000223333,0.000104083
82,1.242939,0.01081632,1.166e-06,0.004380744,7.5e-07,0.00038925,0.000665165,0.001190415,0.001069665,0.000694333,0.001058165,0.000693499,0.000377583,0.000201916,9.3667e-05
83,1.253755,0.01091182,1.667e-06,0.004440494,7.5e-07,0.000395832,0.00066625,0.001212748,0.001065415,0.000695832,0.001056916,0.000700332,0.000370666,0.000203583,0.000101333
84,1.264667,0.0146644,1.167e-06,0.005728742,1.083e-06,0.000384833,0.003236078,0.001187415,0.001060166,0.000685249,0.001044498,0.000684666,0.000365749,0.00019,9.475e-05
85,1.279331,0.01448381,1.166e-06,0.004253994,9.17e-07,0.000380666,0.000665249,0.00268458,0.003427495,0.000686166,0.001042248,0.000682083,0.000362166,0.00019725,9.9833e-05
86,1.293815,0.01602148,1.083e-06,0.004013911,6.67e-07,0.000363499,0.000719499,0.001193498,0.001066749,0.000690582,0.001054165,0.002499914,0.00407841,0.00023575,0.00010375
87,1.309837,0.01013574,1.167e-06,0.003754661,6.67e-07,0.000357666,0.000666583,0.001183331,0.001062499,0.000694499,0.001057082,0.000693165,0.00036875,0.000201333,9.4333e-05
88,1.319972,0.01148865,1.167e-06,0.004929493,6.66e-07,0.000415166,0.000651333,0.001357165,0.001056498,0.000686666,0.001045665,0.000682749,0.000366,0.000203666,9.2416e-05
89,1.331461,0.01733806,1.083e-06,0.00718724,6.67e-07,0.000516749,0.004017911,0.001185915,0.001070499,0.000684666,0.001047498,0.000683666,0.000374166,0.000472166,9.5833e-05
90,1.348799,0.01501156,7.5e-07,0.006396408,7.5e-07,0.000459582,0.00268733,0.001189915,0.001082915,0.000685749,0.001132915,0.000694916,0.000370666,0.00021125,9.8416e-05
91,1.363811,0.01775998,1e-06,0.003991495,9.16e-07,0.000443416,0.000668666,0.001183332,0.004081244,0.004870493,0.001058499,0.000791665,0.000365416,0.000208083,9.575e-05
92,1.381571,0.01598789,9.17e-07,0.003709911,8.34e-07,0.000359083,0.000662332,0.001183415,0.001076082,0.003915578,0.003724994,0.000693249,0.000365083,0.000200167,9.6249e-05
93,1.397559,0.01693648,1.25e-06,0.003226828,5.84e-07,0.000390249,0.000668249,0.001175665,0.001061165,0.000800666,0.001057165,0.003749578,0.004494577,0.00021175,9.875e-05
94,1.414495,0.01640881,1.084e-06,0.004076577,7.5e-07,0.000416083,0.000684833,0.001223664,0.001076499,0.000697582,0.001069499,0.000691332,0.003229162,0.003139579,0.000102167
95,1.430904,0.01083507,8.34e-07,0.004280577,9.17e-07,0.000418749,0.000678499,0.001200665,0.001080665,0.000709999,0.001070249,0.000705082,0.000376416,0.00021375,9.8666e-05
96,1.441739,0.01073348,8.33e-07,0.003285996,5.83e-07,0.000458333,0.000985081,0.001867331,0.001070832,0.000684249,0.001046082,0.000680666,0.000365249,0.00019375,9.45e-05
97,1.452472,0.01466998,1e-06,0.007100656,7.5e-07,0.000475,0.001761664,0.001186248,0.001062915,0.000682249,0.001059332,0.000680416,0.000368083,0.0001945,9.7166e-05
98,1.467142,0.01727548,7.5e-07,0.003758245,1e-06,0.000339499,0.000664999,0.004188161,0.005216993,0.000698832,0.001047999,0.000682999,0.000365333,0.000200583,0.000110083
99,1.484418,0.01573948,1.083e-06,0.003364245,6.67e-07,0.000385333,0.000732415,0.007037907,0.001080582,0.000697332,0.001054582,0.000699166,0.000367666,0.000206333,0.000112166
100,1.500157,0.01696548,1.083e-06,0.004529994,8.33e-07,0.000434999,0.000664833,0.001206665,0.00677749,0.000714916,0.001068582,0.000689999,0.000368249,0.00040875,9.9083e-05
101,1.517123,0.01465906,1.334e-06,0.003989661,8.33e-07,0.000398583,0.000663249,0.001192248,0.001099665,0.000699083,0.005121826,0.000793749,0.000379249,0.00022125,9.8333e-05
102,1.531782,0.0101339,1.25e-06,0.003604995,9.17e-07,0.000396583,0.000660332,0.001221498,0.001078332,0.000712582,0.001066916,0.000709415,0.000373,0.000212416,9.5667e-05
103,1.541916,0.01088232,1.083e-06,0.004499327,1e-06,0.000412916,0.000668333,0.001177415,0.001054331,0.000683916,0.001050082,0.000684416,0.000364249,0.000191,9.425e-05
104,1.552798,0.01290631,7.5e-07,0.003797411,5.84e-07,0.000354833,0.002845496,0.002344663,0.000896249,0.000584749,0.000884499,0.000587749,0.000307583,0.000195999,0.00010575
105,1.565704,0.008941905,8.34e-07,0.003503828,6.67e-07,0.000341749,0.000555,0.000975248,0.000887416,0.000593999,0.000879832,0.000607582,0.000311417,0.000197416,8.6917e-05
106,1.574646,0.009018487,1.167e-06,0.003356495,4.17e-07,0.000364249,0.000564416,0.000963249,0.000877582,0.000584666,0.000922665,0.000758416,0.000338999,0.000202583,8.3583e-05
107,1.583665,0.01310307,1.083e-06,0.003996161,1.084e-06,0.000391582,0.000542666,0.000978749,0.000892915,0.000606916,0.002506247,0.002447663,0.000307666,0.0002035,0.000226833
108,1.596768,0.009885903,1.167e-06,0.003760411,6.67e-07,0.000367666,0.000542666,0.001632081,0.000893916,0.000607582,0.000883082,0.000591249,0.000314083,0.00020175,8.9583e-05
109,1.606654,0.008871321,8.33e-07,0.003403329,7.5e-07,0.000392582,0.000561083,0.000985332,0.000876915,0.0005835,0.000880998,0.000583083,0.000306916,0.000191083,0.000104917
110,1.615525,0.01331031,8.33e-07,0.004097161,5.84e-07,0.000378083,0.000544665,0.000966249,0.000929749,0.000614499,0.004550993,0.000610833,0.00032,0.000199666,9.7e-05
111,1.628835,0.009361736,1e-06,0.003850161,8.33e-07,0.000415833,0.000540916,0.000962498,0.000879999,0.000635166,0.000874999,0.000597499,0.000313166,0.0002005,8.9166e-05
112,1.638197,0.01186107,8.34e-07,0.005327409,7.5e-07,0.000373583,0.000561666,0.001293081,0.001066499,0.000683415,0.001048249,0.000681832,0.000369,0.000361999,9.275e-05
113,1.650058,0.01469956,1.084e-06,0.004004327,6.67e-07,0.000364333,0.000662582,0.001200499,0.002736996,0.003128579,0.001058998,0.000685166,0.000374833,0.000388916,9.2583e-05
114,1.664758,0.01028465,9.16e-07,0.003742828,8.34e-07,0.000425999,0.000661499,0.001186332,0.001086998,0.000694249,0.001059249,0.000758249,0.000372833,0.000207083,8.7583e-05
115,1.675042,0.00981682,1.167e-06,0.003405495,5.83e-07,0.000383666,0.000665749,0.001178082,0.001058249,0.000706165,0.001056665,0.000688583,0.000368666,0.000209916,9.3834e-05
116,1.684859,0.01243698,9.17e-07,0.005991325,1e-06,0.000425833,0.000668332,0.001178248,0.001058082,0.000684832,0.001048832,0.000708999,0.0003655,0.000198333,0.00010675
117,1.697296,0.01613948,1e-06,0.003869078,9.16e-07,0.000361666,0.000681499,0.001184082,0.006828991,0.000703249,0.001161331,0.000685333,0.000365499,0.000200166,9.6667e-05
118,1.713436,0.01374306,1.166e-06,0.003196912,5e-07,0.000379,0.000663582,0.001186082,0.001068998,0.000692833,0.002725996,0.003146995,0.000369833,0.000211083,0.000100084
119,1.727179,0.01108615,8.34e-07,0.004471327,7.5e-07,0.000366749,0.000659333,0.001206165,0.001080748,0.000709749,0.001176165,0.000713332,0.000377667,0.000229999,9.3333e-05
120,1.738265,0.0105739,1e-06,0.003233413,5e-07,0.001124248,0.000879749,0.001177831,0.001069416,0.000680082,0.001046582,0.000682832,0.0003785,0.000203749,9.6e-05
121,1.748839,0.01238315,1.167e-06,0.003191579,8.33e-07,0.00044925,0.004192244,0.000996332,0.000904332,0.000590582,0.000870582,0.000586416,0.00030725,0.000197833,9.475e-05
122,1.761222,0.009439904,1e-06,0.003937161,7.5e-07,0.000367416,0.000539,0.000968415,0.000937499,0.000594082,0.000880999,0.000600582,0.000310917,0.000199666,0.000102417
123,1.770662,0.009106904,1.25e-06,0.003532828,6.67e-07,0.0003775,0.000543082,0.000965249,0.000999498,0.000595583,0.000880832,0.000596082,0.000319667,0.000198749,9.5917e-05
124,1.779769,0.01233273,1.167e-06,0.005200326,5.83e-07,0.000457166,0.001196415,0.001248832,0.001053831,0.000690499,0.001128999,0.000688582,0.000371583,0.000200833,9.3917e-05
125,1.792101,0.01615564,1e-06,0.003969161,7.5e-07,0.000421582,0.000642249,0.001196999,0.001070082,0.000693249,0.001060415,0.006437407,0.000367667,0.000198999,9.6084e-05
126,1.808257,0.0101919,9.17e-07,0.003863494,8.34e-07,0.000359332,0.0006715,0.001177748,0.001054582,0.000685749,0.001050332,0.000680165,0.000366166,0.000189667,9.1416e-05
127,1.818449,0.009731319,1.166e-06,0.003319996,8.33e-07,0.000413583,0.000665916,0.001198748,0.001053665,0.000685332,0.001047999,0.000688082,0.00036825,0.000196249,9.15e-05
128,1.82818,0.01372381,8.33e-07,0.005742575,1.417e-06,0.000533832,0.002130581,0.001182915,0.001060665,0.000684332,0.001044999,0.000681082,0.00036475,0.000199666,9.6167e-05
129,1.841904,0.01408906,9.16e-07,0.003716662,6.67e-07,0.000368916,0.000665165,0.001191749,0.002596079,0.003130913,0.001061915,0.000683166,0.000365499,0.00019825,0.000109166
130,1.855993,0.01195615,1.25e-06,0.003407412,5.83e-07,0.000379917,0.000714832,0.001195582,0.001075498,0.000704166,0.001076582,0.000710249,0.000376916,0.000207666,0.002105497
131,1.867949,0.01070607,1e-06,0.004276244,7.5e-07,0.00040375,0.000662749,0.001189748,0.001065832,0.000693332,0.001055416,0.000691915,0.000368917,0.000199833,9.6583e-05
132,1.878655,0.01203507,1.167e-06,0.005592325,7.5e-07,0.00039725,0.000687999,0.001171415,0.001055165,0.000691999,0.001047665,0.000679916,0.000368499,0.000193333,0.000147583
133,1.890691,0.01550423,8.33e-07,0.003332329,6.66e-07,0.000355,0.000682582,0.00696624,0.001084582,0.000684249,0.001047915,0.000682333,0.000365499,0.000206333,9.5667e-05
134,1.906195,0.01421073,8.33e-07,0.003212162,8.34e-07,0.000366333,0.000671999,0.001187331,0.005478159,0.000699749,0.001196832,0.000705666,0.000371666,0.000206583,0.000112583
135,1.920405,0.01612873,1.167e-06,0.004064577,6.67e-07,0.000435833,0.000660082,0.001214248,0.001071499,0.000701166,0.001076915,0.00251033,0.004077161,0.000212749,0.000102333
136,1.936534,0.009863236,9.17e-07,0.003401912,8.33e-07,0.000422333,0.000663582,0.001184165,0.001088749,0.000692915,0.001052082,0.000692249,0.000366333,0.000204416,9.275e-05
137,1.946397,0.0106179,1.25e-06,0.00427141,7.5e-07,0.000379583,0.000664416,0.001181415,0.001056748,0.000687249,0.001044666,0.000681332,0.000364749,0.000192167,9.2166e-05
138,1.957015,0.01553056,1.167e-06,0.003677161,6.67e-07,0.000348416,0.006175158,0.001187498,0.001075249,0.000685332,0.001046915,0.000678083,0.000365833,0.000194666,9.4416e-05
139,1.972546,0.01395281,8.33e-07,0.003282912,6.67e-07,0.000407833,0.000657915,0.001379498,0.005049327,0.000702582,0.001056332,0.000743915,0.000366667,0.000208249,9.6083e-05
140,1.986499,0.01684806,1.166e-06,0.004542494,9.17e-07,0.000401666,0.000660999,0.001223498,0.001081415,0.000706583,0.001079665,0.002681163,0.004072327,0.00023425,0.000161916
141,2.003347,0.01072315,1.25e-06,0.004159661,1e-06,0.000433416,0.000665332,0.001201832,0.001089581,0.000711083,0.001071748,0.000706166,0.000376499,0.000213417,9.2166e-05
142,2.01407,0.01080057,1e-06,0.003393912,5.83e-07,0.00036,0.000665416,0.001182498,0.001061748,0.000693749,0.002065914,0.000703666,0.000368249,0.0002025,0.000101333
143,2.02487,0.01301898,1e-06,0.006452575,1.083e-06,0.000563666,0.000690332,0.001179082,0.001055665,0.000686582,0.001045749,0.000678332,0.00036675,0.000200833,9.7333e-05
144,2.037889,0.01419906,1e-06,0.003942828,9.17e-07,0.000344749,0.000663083,0.002716579,0.003434662,0.000697582,0.001057749,0.000681332,0.000365833,0.000195333,9.7417e-05
145,2.052089,0.01527764,1.334e-06,0.003366745,8.33e-07,0.0003505,0.000661832,0.001187082,0.001064748,0.000694416,0.001065498,0.002489247,0.004087911,0.000210166,9.7333e-05
146,2.067366,0.01113007,7.5e-07,0.004549661,1e-06,0.000422916,0.000657665,0.001217832,0.001082582,0.000712999,0.001083332,0.000705082,0.000381166,0.000218083,9.7e-05
147,2.078496,0.01055207,1.083e-06,0.004128994,5e-07,0.000396166,0.000665166,0.001175748,0.001055249,0.000688082,0.001107582,0.000682499,0.000365249,0.000191417,9.4333e-05
148,2.089048,0.01490048,9.16e-07,0.005426576,5.83e-07,0.000423416,0.003737745,0.001185582,0.001059665,0.000684582,0.001048832,0.000682583,0.000365416,0.000190333,9.425e-05
149,2.103949,0.01454731,1.167e-06,0.004214578,6.66e-07,0.000376583,0.000694416,0.001185248,0.002492913,0.003112996,0.001112332,0.000688499,0.000367832,0.00020175,9.8333e-05
150,2.118496,0.01680031,1.25e-06,0.00435341,6.67e-07,0.000510083,0.000683165,0.001195415,0.001078249,0.000705249,0.001067665,0.000713166,0.002360913,0.004028494,0.000102584
151,2.135296,0.01026015,9.17e-07,0.003735744,7.5e-07,0.00041175,0.000661415,0.001196165,0.001075749,0.000709249,0.001073165,0.000711666,0.000377083,0.000213166,9.3333e-05
152,2.145557,0.01098998,1.416e-06,0.004585077,6.67e-07,0.000417499,0.000665749,0.001179832,0.001065415,0.000682999,0.001049082,0.000691416,0.000366249,0.00018975,9.4833e-05
153,2.156547,0.01567989,1e-06,0.003739245,9.16e-07,0.00256233,0.004037328,0.001199165,0.001064832,0.000695249,0.001040748,0.000685583,0.000364999,0.00019225,9.625e-05
154,2.172226,0.01403581,9.17e-07,0.003456412,5.83e-07,0.000384416,0.000679083,0.001183415,0.005107076,0.000705666,0.001107831,0.000707749,0.000371416,0.000214333,0.000116917
155,2.186262,0.01701864,1.334e-06,0.004696493,8.33e-07,0.00041075,0.000678249,0.001196498,0.001083665,0.000715499,0.001076249,0.006446741,0.000378166,0.000231583,0.000102583
156,2.203281,0.01276665,1e-06,0.004161411,7.5e-07,0.000410749,0.000661916,0.001223832,0.001083998,0.000713249,0.001086332,0.000707166,0.000377166,0.000217166,0.002121914
157,2.216048,0.01007473,1e-06,0.003515328,5.83e-07,0.00041,0.000684165,0.001197415,0.001080749,0.000716499,0.001072665,0.000705499,0.000378333,0.000215666,9.6833e-05
158,2.226122,0.01292048,1.25e-06,0.006251408,5.84e-07,0.000681249,0.000688665,0.001178999,0.001055582,0.000687082,0.001044998,0.000682333,0.000363083,0.000190583,9.4666e-05
159,2.239043,0.01285982,1.167e-06,0.003922411,6.66e-07,0.000395167,0.000554832,0.002653163,0.00267608,0.000594499,0.000874415,0.000588749,0.000306417,0.000196749,9.55e-05
160,2.251903,0.008831654,9.17e-07,0.003343745,8.33e-07,0.000362,0.000542499,0.001011165,0.000887416,0.000601916,0.000884915,0.000595749,0.000311166,0.000198,9.1333e-05
161,2.260734,0.009771403,1.25e-06,0.00420641,1e-06,0.00040875,0.000543832,0.000986332,0.000878749,0.000585166,0.000945832,0.000597166,0.000311083,0.000212166,9.3667e-05
162,2.270506,0.01283232,1.084e-06,0.003572578,5.83e-07,0.000349917,0.000539082,0.000984749,0.00463941,0.000595749,0.000874582,0.000581333,0.000304583,0.000298416,9.025e-05
163,2.283338,0.008761738,9.17e-07,0.003283828,7.5e-07,0.000358833,0.000539249,0.000993499,0.000889415,0.000595333,0.000890332,0.000597332,0.000313333,0.00019975,9.9167e-05
164,2.2921,0.009699236,1.083e-06,0.004255161,6.67e-07,0.000408916,0.000545082,0.000967999,0.000880499,0.000584416,0.000866165,0.000584749,0.000307416,0.000201,9.6083e-05
165,2.301799,0.01342932,1e-06,0.003671412,7.5e-07,0.000361082,0.000542416,0.005283826,0.000894166,0.000595832,0.000878666,0.000597499,0.000306249,0.000201083,9.5334e-05
166,2.315228,0.0150624,1e-06,0.003374912,5.83e-07,0.000351083,0.000544333,0.000968915,0.000991749,0.000690165,0.001057582,0.000692166,0.00219683,0.004098244,9.4834e-05
167,2.330291,0.01066123,1e-06,0.004072911,6.66e-07,0.000375666,0.000833249,0.001187915,0.001061332,0.000697749,0.001056582,0.000703666,0.000371499,0.000199416,9.9584e-05
168,2.340952,0.0105084,1.167e-06,0.004022244,5.83e-07,0.000409833,0.000661833,0.001176331,0.001125415,0.000692833,0.001058581,0.000692083,0.000369416,0.000201833,9.625e-05
169,2.35146,0.01510156,1.083e-06,0.003241329,5e-07,0.000329916,0.000666333,0.006711324,0.001072915,0.000684332,0.001056665,0.000681083,0.000364999,0.000195833,9.525e-05
170,2.366562,0.01478881,1e-06,0.004139245,9.16e-07,0.000371,0.000665415,0.001175582,0.001049832,0.002670246,0.003340246,0.000699582,0.000368083,0.000208249,9.9417e-05
171,2.381351,0.01084132,1.083e-06,0.004286828,9.16e-07,0.000396416,0.000649666,0.001193249,0.001073498,0.000699832,0.001126415,0.000710916,0.000378666,0.0002265,9.7333e-05
172,2.392192,0.01024899,1e-06,0.003617495,6.67e-07,0.000435249,0.000644833,0.001262165,0.001109081,0.000707083,0.001069498,0.000706249,0.000374416,0.000222084,9.9166e-05
173,2.402441,0.0131849,1.25e-06,0.006475574,9.17e-07,0.000422416,0.000680499,0.001203748,0.001282998,0.000699666,0.001059249,0.000695249,0.000371999,0.000199333,9.2e-05
174,2.415626,0.01588464,1.083e-06,0.003876162,7.5e-07,0.000355416,0.000663915,0.00277908,0.005129326,0.000696832,0.001039499,0.000681332,0.000367166,0.000197333,9.675e-05
175,2.43151,0.01408831,1.25e-06,0.003360828,5e-07,0.00034275,0.000663832,0.001173332,0.001050582,0.00497766,0.001127248,0.000694999,0.000372499,0.000222167,0.000100666
176,2.445599,0.01109523,1e-06,0.00449241,7.5e-07,0.000381833,0.000668082,0.001218832,0.001083748,0.00070125,0.001141331,0.000708416,0.000379333,0.000221166,9.7083e-05
177,2.456694,0.01060515,1.5e-06,0.004050827,7.5e-07,0.000390166,0.000665416,0.001184999,0.001116915,0.000709332,0.001075415,0.000708332,0.000378167,0.000213499,0.000109833
178,2.467299,0.01028424,1e-06,0.003727828,7.5e-07,0.000406166,0.000661083,0.001175831,0.001074999,0.000802999,0.001072748,0.000688916,0.000372666,0.000204,9.525e-05
179,2.477583,0.01627031,8.33e-07,0.003934662,8.33e-07,0.000350999,0.000665583,0.00697849,0.001116748,0.000694666,0.001164998,0.000693833,0.000369833,0.000206749,9.2083e-05
180,2.493854,0.01412815,1.334e-06,0.003758744,6.67e-07,0.00037025,0.000667582,0.001188665,0.002561746,0.003144996,0.001080165,0.000688332,0.000367417,0.000199666,9.8583e-05
181,2.507982,0.01275531,1.166e-06,0.003552662,5.83e-07,0.000422666,0.000664083,0.001184415,0.001068582,0.000702749,0.001056915,0.000787832,0.00037425,0.002833162,0.00010625
182,2.520737,0.01084307,1.167e-06,0.004257327,6.67e-07,0.000407416,0.000665166,0.001189332,0.001145331,0.000713499,0.001071332,0.000708332,0.000376,0.000214416,9.3083e-05
183,2.53158,0.01063848,1.334e-06,0.004084077,7.5e-07,0.000435833,0.000661166,0.001179081,0.001058666,0.000782498,0.001072166,0.000695165,0.00037375,0.000201416,9.2583e-05
184,2.542219,0.01583123,1.083e-06,0.003296412,5.84e-07,0.002682913,0.004388327,0.001266331,0.001079415,0.000695166,0.001055749,0.000689999,0.000369416,0.000211666,9.4167e-05
185,2.55805,0.01513064,1.166e-06,0.003963578,7.5e-07,0.000355333,0.000658916,0.003321995,0.003655328,0.000743582,0.001056749,0.000690666,0.000372916,0.000208916,0.00010075
186,2.573181,0.01708523,8.34e-07,0.004013161,8.33e-07,0.00038975,0.000660332,0.001184832,0.001062165,0.000691416,0.007615239,0.000749832,0.0003735,0.000238749,0.000104583
187,2.590266,0.01520131,1.25e-06,0.003496578,6.67e-07,0.000362833,0.000671749,0.001263498,0.001079582,0.000703832,0.001070999,0.005863492,0.000376832,0.00021075,9.925e-05
188,2.605467,0.01113407,1e-06,0.00450116,1e-06,0.000433833,0.000667166,0.001203498,0.001108999,0.000711165,0.001092249,0.000714165,0.000377667,0.000223499,9.8667e-05
189,2.616601,0.01099223,1.25e-06,0.003252912,1e-06,0.000744666,0.001586831,0.001194832,0.001071332,0.000693749,0.001069832,0.000699165,0.00037,0.000212249,9.4417e-05
190,2.627593,0.01324073,1.167e-06,0.005398825,7.5e-07,0.000487416,0.002121914,0.001359998,0.001071499,0.000686165,0.000923249,0.000594833,0.000305666,0.000192499,9.675e-05
191,2.640834,0.01560073,1.416e-06,0.004024578,9.17e-07,0.000395082,0.000537416,0.000967916,0.000875498,0.006196825,0.001407581,0.000584916,0.0003045,0.000193583,0.0001105
192,2.656435,0.009214153,1e-06,0.003690994,6.67e-07,0.000396333,0.000541582,0.000963249,0.000872832,0.000590166,0.000962832,0.000598083,0.000311249,0.000198083,8.7083e-05
193,2.665649,0.00916607,1.5e-06,0.003687078,8.33e-07,0.000418167,0.000546999,0.000966332,0.000902165,0.000590416,0.000872915,0.000587,0.000307916,0.00019175,9.2999e-05
194,2.674815,0.01596998,1.166e-06,0.003892078,8.34e-07,0.000367499,0.000525166,0.000993249,0.00701449,0.000703332,0.001051915,0.000681999,0.000438083,0.00020475,9.5416e-05
195,2.690785,0.01502265,1.084e-06,0.003785494,8.34e-07,0.000375249,0.000663249,0.001208915,0.001065915,0.002838913,0.003604162,0.000789582,0.000372499,0.000217833,9.8917e-05
196,2.705808,0.01663431,1.084e-06,0.003505411,8.34e-07,0.000354999,0.000660749,0.001201915,0.001074499,0.000710332,0.001069082,0.007353656,0.00038425,0.000217666,9.9833e-05
197,2.722442,0.01590756,9.16e-07,0.004241911,6.67e-07,0.000391166,0.000660249,0.001189665,0.001098498,0.000696,0.001098998,0.003144829,0.003069246,0.000215666,9.975e-05
198,2.73835,0.01009874,8.34e-07,0.003510078,7.5e-07,0.000373833,0.000663916,0.001184915,0.001089581,0.000792249,0.001068749,0.000729582,0.000374416,0.000214583,9.525e-05
199,2.748448,0.01022923,1.166e-06,0.003497246,9.16e-07,0.00040775,0.000807248,0.001243249,0.001097748,0.000710999,0.001066665,0.000703249,0.000377667,0.000217416,9.7916e-05
200,2.758678,0.01097123,1.083e-06,0.00438916,5.84e-07,0.000411332,0.00066275,0.001318164,0.001072249,0.000693499,0.001062165,0.000694499,0.000372166,0.000202333,9.125e-05
201,2.769649,0.01612348,1e-06,0.003548578,5.84e-07,0.000386083,0.002647329,0.005212076,0.001184665,0.000760749,0.001034582,0.000678999,0.000365999,0.000205167,9.7666e-05
202,2.785772,0.01391948,9.17e-07,0.003208495,7.5e-07,0.000398666,0.000662499,0.001172665,0.005324076,0.000694582,0.001083999,0.000696416,0.000371666,0.000208833,9.5916e-05
203,2.799692,0.01658023,9.17e-07,0.004285244,1.166e-06,0.0003715,0.000664499,0.001266415,0.001208665,0.000736082,0.001069582,0.002565996,0.004072161,0.000234916,0.000103084
204,2.816272,0.01390131,8.33e-07,0.004154328,6.67e-07,0.000393332,0.000662833,0.001254831,0.001075666,0.001775664,0.001092915,0.000707832,0.000377083,0.00228308,0.00012225
205,2.830173,0.009869987,1.334e-06,0.003364078,6.67e-07,0.000373833,0.000763499,0.001195165,0.001063082,0.000692415,0.001056749,0.000691832,0.000372666,0.0002025,9.2167e-05
206,2.840043,0.0128624,1e-06,0.005946909,8.33e-07,0.000516916,0.000921915,0.001251499,0.001076248,0.000696583,0.001062831,0.000716916,0.000373916,0.000204333,9.25e-05
207,2.852906,0.01355623,9.16e-07,0.003724162,9.16e-07,0.000355583,0.000668583,0.001212498,0.002652579,0.002839413,0.000874332,0.000622416,0.000307416,0.000200167,9.725e-05
208,2.866462,0.008819571,9.16e-07,0.003281412,6.67e-07,0.000344333,0.000553916,0.000967832,0.000877832,0.000591916,0.000872249,0.000582332,0.00034675,0.000311582,8.7834e-05
209,2.875282,0.0113479,7.5e-07,0.005876408,1.083e-06,0.000406166,0.000552583,0.000965332,0.000880249,0.000605332,0.000873666,0.000596082,0.000306666,0.000191083,9.25e-05
210,2.886629,0.01342273,1.167e-06,0.003809911,6.67e-07,0.000357,0.000557415,0.000976082,0.000887082,0.000601416,0.00502416,0.000617249,0.000304666,0.000191083,9.4834e-05
211,2.900052,0.008831821,7.5e-07,0.003336828,8.34e-07,0.000384749,0.000559749,0.000975832,0.000885582,0.000596916,0.000885582,0.000600583,0.000314416,0.000201083,8.8917e-05
212,2.908884,0.0114849,1.083e-06,0.005843575,7.5e-07,0.000471,0.000562332,0.001031749,0.000894749,0.000593749,0.000882248,0.000597,0.000309666,0.000203,9.3999e-05
213,2.920369,0.01284115,1e-06,0.003673244,5.84e-07,0.000352916,0.000540833,0.000976748,0.000942166,0.000613415,0.004504661,0.000619665,0.000308917,0.000196749,0.00011025
214,2.93321,0.009148988,1.084e-06,0.003336578,5.84e-07,0.000367166,0.000542499,0.000965499,0.000874332,0.000675832,0.001047666,0.000683082,0.000366166,0.000198416,9.0084e-05
215,2.942359,0.0126279,9.17e-07,0.005771491,1.167e-06,0.000581166,0.000974749,0.001180915,0.001054415,0.000679749,0.001052165,0.000681582,0.000365417,0.000190416,9.375e-05
216,2.954987,0.01413323,1.167e-06,0.003823911,8.33e-07,0.000336166,0.000680583,0.001181665,0.00254933,0.003149579,0.001062415,0.000685415,0.000368417,0.000198416,9.5333e-05
217,2.96912,0.009748237,1e-06,0.003337996,6.66e-07,0.000358083,0.000684416,0.001181248,0.001062415,0.000711166,0.001060165,0.000687666,0.000371416,0.000201416,9.0584e-05
218,2.978868,0.0108454,1.166e-06,0.004301244,9.17e-07,0.000401166,0.000673666,0.001202248,0.001078332,0.000706916,0.001071748,0.000709082,0.00037525,0.000227916,9.575e-05
219,2.989714,0.01022432,1.167e-06,0.003285995,5e-07,0.000369166,0.000682082,0.001178832,0.001181415,0.000924999,0.001056165,0.000684749,0.000543999,0.00022075,9.45e-05
220,2.999938,0.01572564,1e-06,0.003197662,5.83e-07,0.000453833,0.000686582,0.007119907,0.001103582,0.000675832,0.001124248,0.000695499,0.000373917,0.000197999,9.5e-05
221,3.015664,0.01563281,9.16e-07,0.004072745,8.33e-07,0.000386,0.000681249,0.001186748,0.001065165,0.002552663,0.003449745,0.000900082,0.001021249,0.000213083,0.000102333
222,3.031297,0.01279415,1.166e-06,0.004170578,1.083e-06,0.000431166,0.000679416,0.001202748,0.001078165,0.000705416,0.001071415,0.000706999,0.000375916,0.000213583,0.002156497
223,3.044091,0.01004482,1.166e-06,0.003523996,5.83e-07,0.000404999,0.000661083,0.001211331,0.001073749,0.000705999,0.001068332,0.000704582,0.000374833,0.000218666,9.55e-05
224,3.054136,0.01076107,1.167e-06,0.00418941,5.84e-07,0.000551666,0.000670582,0.001186832,0.001083082,0.000684749,0.001047665,0.000682665,0.000365083,0.000194167,0.000103416
225,3.064897,0.01535456,9.16e-07,0.003560162,7.5e-07,0.000428333,0.000685582,0.002780413,0.00480841,0.000690415,0.001058082,0.000683166,0.000365416,0.000197583,9.5333e-05
226,3.080251,0.01399365,9.17e-07,0.003358328,5.84e-07,0.000372416,0.000682332,0.001200915,0.001063332,0.004869493,0.001067832,0.000691749,0.000370416,0.00020425,0.000111083
227,3.094245,0.01324348,1.166e-06,0.004565911,8.33e-07,0.000418249,0.000679833,0.001202415,0.001087748,0.000710666,0.001081165,0.000708416,0.000377332,0.002289497,0.00012025
228,3.107488,0.01107465,1.25e-06,0.004412911,8.33e-07,0.00041875,0.000661582,0.001204915,0.001112998,0.000710083,0.001131081,0.000716916,0.00037775,0.000227166,9.8416e-05
229,3.118563,0.01029374,1.25e-06,0.003945661,7.5e-07,0.000390083,0.000664582,0.001176582,0.001052832,0.000681416,0.001048998,0.000680416,0.000366083,0.000193749,9.1334e-05
230,3.128857,0.01577364,1.084e-06,0.003813828,5e-07,0.000330583,0.000693165,0.006778741,0.001076915,0.000691749,0.001047498,0.000680249,0.000366917,0.000196916,9.55e-05
231,3.14463,0.01475806,1.5e-06,0.003971328,7.5e-07,0.000429999,0.000680666,0.001208332,0.001059915,0.00491216,0.001117415,0.000690416,0.000378666,0.000204666,0.00010225
232,3.159388,0.01621756,1.083e-06,0.003791828,6.67e-07,0.000425333,0.000680332,0.001197998,0.001077915,0.000704333,0.001071082,0.000700749,0.002446163,0.004016494,0.000103583
233,3.175606,0.01085798,8.33e-07,0.004246077,9.17e-07,0.000385333,0.000659666,0.001200081,0.001084582,0.000710332,0.001082416,0.000803165,0.000377833,0.000212666,9.4083e-05
234,3.186464,0.01045423,1.25e-06,0.004060828,1.333e-06,0.000419,0.000663082,0.001178665,0.001057332,0.000691165,0.001046749,0.000682582,0.000367917,0.000189833,9.4499e-05
235,3.196918,0.01534631,1.333e-06,0.003392495,9.17e-07,0.000383083,0.002602163,0.004818326,0.001070832,0.000687499,0.001047332,0.000683583,0.000365499,0.000197166,9.6084e-05
236,3.212264,0.0146114,9.17e-07,0.004182244,5.83e-07,0.000376333,0.000685332,0.001184582,0.002548746,0.003146663,0.001115248,0.000693916,0.000371166,0.000208583,9.7083e-05
237,3.226876,0.01685639,1.167e-06,0.00435991,1e-06,0.000420083,0.000679166,0.001201415,0.001078832,0.000709665,0.001075832,0.000717332,0.000378,0.006129158,0.000104833
238,3.243732,0.0101674,1e-06,0.003651245,5.83e-07,0.000369749,0.00066375,0.001205164,0.001081082,0.000708666,0.001078665,0.000708666,0.000387333,0.000217166,9.4333e-05
239,3.2539,0.0107779,1.5e-06,0.004410827,5.84e-07,0.000400999,0.000663332,0.001176915,0.001054082,0.000687833,0.001047831,0.000680916,0.000368416,0.000191667,9.3e-05
240,3.264678,0.01555906,1.083e-06,0.003590662,6.66e-07,0.00244758,0.004184495,0.001194581,0.001066249,0.000684082,0.001049915,0.000682083,0.000365749,0.000196583,9.5333e-05
241,3.280237,0.01458023,1.25e-06,0.003356579,7.5e-07,0.000418666,0.000688416,0.001185332,0.005723741,0.000700166,0.001118332,0.000692666,0.000371082,0.000221833,0.000101417
242,3.294817,0.01660823,8.33e-07,0.004444494,9.17e-07,0.000400916,0.000682165,0.001220415,0.001080416,0.000702999,0.001076081,0.00263983,0.004025994,0.00021675,0.000116417
243,3.311425,0.01082657,1.084e-06,0.004189327,5.83e-07,0.0004235,0.000676832,0.001250749,0.001079331,0.000712916,0.001090665,0.000713666,0.000377749,0.000214083,9.6083e-05
244,3.322252,0.01002665,1.25e-06,0.003448495,6.67e-07,0.000357999,0.000661999,0.001222582,0.001069332,0.000817582,0.001066915,0.000702749,0.00037425,0.000208583,9.4249e-05
245,3.332278,0.01367806,9.16e-07,0.006062492,8.33e-07,0.000518333,0.001668664,0.001180248,0.001060082,0.000797416,0.001049082,0.000684915,0.000365083,0.000193833,9.6167e-05
246,3.345956,0.01423873,8.34e-07,0.003681578,7.5e-07,0.000474999,0.000683333,0.001185665,0.005075326,0.000728165,0.001061999,0.000683916,0.000367249,0.000198333,9.6583e-05
247,3.360195,0.009793986,1e-06,0.003307662,9.16e-07,0.000438416,0.000688583,0.001187831,0.001067165,0.00069675,0.001056415,0.000689832,0.0003715,0.000200333,8.7583e-05
248,3.369989,0.01050665,1.084e-06,0.004053661,7.5e-07,0.000365749,0.000684249,0.001187248,0.001080499,0.000711416,0.001063165,0.000696165,0.000369583,0.000200833,9.225e-05
249,3.380496,0.01299798,9.17e-07,0.006417158,7.5e-07,0.000433332,0.000685333,0.001187998,0.001063415,0.000688999,0.001141249,0.000695499,0.000371583,0.000213499,9.825e-05
250,3.393494,0.01482648,1.167e-06,0.003249245,6.67e-07,0.000347916,0.000662416,0.002683913,0.004791493,0.000688666,0.001052582,0.000681582,0.000365416,0.000209,9.2416e-05
251,3.40832,0.0148839,1e-06,0.003918578,7.5e-07,0.000402166,0.000663333,0.001231831,0.001143665,0.000703249,0.002923163,0.003214162,0.000370416,0.000217167,9.4416e-05
252,3.423204,0.01085882,1.083e-06,0.004171661,9.16e-07,0.000376667,0.000666832,0.001341331,0.001085499,0.000711916,0.001095581,0.000713166,0.000376833,0.000220166,9.7167e-05
253,3.434063,0.01050732,1.083e-06,0.003220412,9.17e-07,0.000890916,0.000800748,0.001179999,0.001266665,0.000693415,0.001072165,0.000700916,0.000371666,0.000203583,0.000104834
254,3.44457,0.01416148,9.17e-07,0.003770328,6.66e-07,0.000346083,0.00216958,0.003595162,0.001148248,0.000693833,0.001056748,0.000704916,0.000373749,0.000206917,9.4333e-05
255,3.458732,0.01571214,1.166e-06,0.003713912,6.66e-07,0.000364167,0.000664165,0.001187915,0.001062082,0.000695249,0.002868246,0.004470994,0.000371666,0.00021225,9.9666e-05
256,3.474444,0.01471648,1.083e-06,0.003598662,1e-06,0.000389916,0.000660082,0.001199582,0.001070082,0.000704499,0.001143581,0.000800166,0.000376333,0.004668827,0.000102666
257,3.48916,0.01104798,1e-06,0.004381577,8.33e-07,0.0003945,0.000661915,0.001189082,0.001105498,0.000814749,0.001081999,0.000711332,0.000376333,0.000232916,9.625e-05
258,3.500208,0.01288473,1.5e-06,0.005950909,1.25e-06,0.000582832,0.000688999,0.001177915,0.001056415,0.000685666,0.001303581,0.000744749,0.000378,0.00021475,9.8166e-05
259,3.513093,0.01352331,1.167e-06,0.003188995,5.84e-07,0.000400166,0.000650582,0.002636997,0.003433745,0.000713499,0.001133165,0.000693249,0.000371083,0.000208583,9.15e-05
260,3.526616,0.01617723,1.084e-06,0.003962494,6.67e-07,0.000387916,0.000661832,0.001182499,0.001063165,0.000690249,0.001053415,0.000693249,0.000371749,0.006007909,0.000101
261,3.542794,0.0108199,1.333e-06,0.004005161,1e-06,0.000384749,0.000661916,0.001190915,0.001069665,0.000695833,0.001168998,0.000702999,0.000371666,0.000469333,9.6333e-05
262,3.553613,0.0101954,1.084e-06,0.003508828,7.5e-07,0.000398583,0.000667916,0.001187831,0.001183915,0.000702083,0.001059748,0.000789499,0.000379083,0.000217,9.9083e-05
263,3.563809,0.01373306,1e-06,0.006085075,9.17e-07,0.000553832,0.001439831,0.001176915,0.001063582,0.000798082,0.001050999,0.000686916,0.000544749,0.000235416,9.575e-05
264,3.577542,0.01424898,1.166e-06,0.003718412,7.5e-07,0.000356666,0.000659999,0.002834329,0.003448079,0.000693999,0.001047248,0.000718999,0.00044425,0.000233083,9.2e-05
265,3.591791,0.01533831,1e-06,0.003256079,6.67e-07,0.000398249,0.000664166,0.001182498,0.001058749,0.000694582,0.001056665,0.002632663,0.004069328,0.00022175,0.000101916
266,3.607129,0.01091948,1e-06,0.004368077,8.33e-07,0.000378249,0.000662416,0.001190082,0.001078082,0.000818915,0.001058082,0.000697249,0.000371,0.000200666,9.4833e-05
267,3.618049,0.01074007,1.5e-06,0.004227577,7.5e-07,0.000490833,0.000609415,0.001185999,0.001085665,0.000710416,0.001060581,0.000692249,0.000369833,0.00021025,9.5e-05
268,3.628789,0.01459765,1.25e-06,0.005535492,1e-06,0.000383499,0.003249579,0.001293332,0.001062582,0.000683999,0.001047331,0.000679333,0.000365333,0.000199916,9.5e-05
269,3.643386,0.01450981,1.166e-06,0.003961828,6.67e-07,0.000369249,0.000662749,0.002970246,0.003450412,0.000691249,0.001051332,0.000681665,0.000363,0.00019775,0.0001085
270,3.657896,0.01571073,9.16e-07,0.003737662,8.33e-07,0.000353916,0.000665583,0.001197415,0.001061165,0.000699499,0.001056832,0.000689999,0.002166247,0.003976494,0.000104167
271,3.673607,0.009978236,1.333e-06,0.003515662,6.66e-07,0.000377333,0.000666749,0.001203249,0.001081998,0.000694499,0.001073665,0.000699749,0.000367416,0.000202333,9.3584e-05
272,3.683585,0.0109409,1e-06,0.004499744,8.33e-07,0.000367666,0.000666833,0.001184498,0.001083582,0.000700082,0.001070499,0.000696249,0.000370082,0.000202917,9.6916e-05
273,3.694526,0.01542115,1.167e-06,0.005960075,9.16e-07,0.000447417,0.003627494,0.001193499,0.001061082,0.000692332,0.001047582,0.000686249,0.000366083,0.000239916,9.7333e-05
274,3.709947,0.01341056,1.083e-06,0.003184329,5.83e-07,0.00035675,0.000666832,0.00271008,0.003397495,0.000691082,0.001050249,0.000691749,0.000367166,0.000196916,9.625e-05
275,3.723358,0.01612931,1.334e-06,0.003875244,9.17e-07,0.000399583,0.000662582,0.001192832,0.001066331,0.000789666,0.001072582,0.000691249,0.002206997,0.004068244,0.00010175
276,3.739487,0.0109194,1.083e-06,0.004237827,8.34e-07,0.000534749,0.000665499,0.001207582,0.001078331,0.000707666,0.001069915,0.000714416,0.000378666,0.000226833,9.6e-05
277,3.750407,0.01037399,1.25e-06,0.003876911,8.33e-07,0.000409416,0.000664083,0.001187081,0.001070832,0.000710499,0.001065082,0.000696999,0.000370333,0.000218333,0.000102333
278,3.760781,0.01386873,1.167e-06,0.006526574,1e-06,0.000518916,0.000809916,0.001184581,0.001063916,0.000691249,0.001056748,0.001348665,0.000367916,0.000202083,9.6e-05
279,3.774649,0.01294873,1.25e-06,0.004107994,7.5e-07,0.000399416,0.000541666,0.002572246,0.00267533,0.000591999,0.000873499,0.000584999,0.000306916,0.000197667,9.5e-05
280,3.787598,0.009050404,1.084e-06,0.003584328,7.5e-07,0.0003565,0.000551665,0.000993916,0.000885665,0.000593916,0.000885249,0.000593999,0.000312333,0.000199833,9.1166e-05
281,3.796648,0.01041115,1.333e-06,0.004791327,7.5e-07,0.000436583,0.000554332,0.000977582,0.000941249,0.000599666,0.000885748,0.000598,0.000311416,0.000201916,0.00011125
282,3.80706,0.0123794,1.083e-06,0.003552745,7.5e-07,0.000358249,0.000545583,0.00259383,0.002657996,0.000592499,0.000885082,0.000590249,0.000307833,0.000196583,9.6917e-05
283,3.819439,0.009079154,1.084e-06,0.003212828,7.5e-07,0.000401333,0.000542916,0.000966249,0.000880165,0.000686999,0.001045165,0.000690833,0.000366166,0.000194333,9.0333e-05
284,3.828518,0.01088098,1.25e-06,0.003329746,5e-07,0.000870998,0.001362748,0.001183249,0.001068915,0.000684666,0.001044415,0.000681832,0.000363416,0.000195083,9.4167e-05
285,3.839399,0.01411556,1e-06,0.003792412,6.66e-07,0.000335916,0.002317497,0.003508079,0.001078998,0.000683582,0.001046499,0.000681166,0.000365833,0.000197833,0.000106083
286,3.853515,0.01503773,9.17e-07,0.003214246,8.33e-07,0.000404416,0.000665499,0.001182165,0.001064165,0.00238983,0.004754744,0.000700999,0.000365499,0.000198333,9.6083e-05
287,3.868552,0.01494498,1e-06,0.003978995,8.33e-07,0.000373166,0.000664999,0.001207665,0.001074082,0.000694583,0.001120831,0.000704416,0.00228633,0.00267058,0.000167499
288,3.883497,0.01072257,1.083e-06,0.004148744,7.5e-07,0.000427416,0.000658166,0.001210915,0.001085998,0.000708749,0.001075332,0.000707916,0.000385833,0.000219916,9.175e-05
289,3.89422,0.0106694,1e-06,0.004166995,7.5e-07,0.000389832,0.000664833,0.001191498,0.001074082,0.000700666,0.001074998,0.000709249,0.000371666,0.0002095,0.000114333
290,3.904889,0.01330156,1e-06,0.004180411,9.17e-07,0.000417999,0.002407914,0.002753079,0.000898749,0.000587499,0.000870082,0.000584499,0.000307,0.000199583,9.2833e-05
291,3.918191,0.009484487,1e-06,0.003990412,7.5e-07,0.000390832,0.000557916,0.000974249,0.000885749,0.000592582,0.000887416,0.000595499,0.000311416,0.000207833,8.8833e-05
292,3.927675,0.00938032,1e-06,0.003478328,5.84e-07,0.000578415,0.000558666,0.000988832,0.001074915,0.000597583,0.000889165,0.000598416,0.000311083,0.0002085,9.4833e-05
293,3.937056,0.01175765,7.5e-07,0.005911491,8.34e-07,0.000400666,0.000558666,0.000988248,0.001030582,0.000596999,0.000883666,0.000717832,0.000369166,0.00020275,9.6e-05
294,3.948813,0.01572131,1.083e-06,0.003746745,7.5e-07,0.000356416,0.000663916,0.001184915,0.001068748,0.00261533,0.00472141,0.000694249,0.000366083,0.000209416,9.225e-05
295,3.964535,0.01391015,1.167e-06,0.003238579,7.5e-07,0.000342499,0.000678583,0.001178165,0.001055582,0.000684499,0.001058081,0.002609413,0.002742997,0.000221166,9.8666e-05
296,3.978445,0.01143282,1e-06,0.00478691,1.084e-06,0.000419082,0.000663083,0.001197081,0.001096749,0.000709582,0.001130999,0.000722665,0.000380833,0.000224416,9.9334e-05
297,3.989878,0.01074232,1.333e-06,0.003482412,1e-06,0.000953082,0.000848166,0.001208998,0.001060248,0.000687083,0.001051415,0.000775749,0.000370749,0.0002105,9.1583e-05
298,4.00062,0.01407756,9.17e-07,0.003237579,5.83e-07,0.002203414,0.003068829,0.001187665,0.001077415,0.000685999,0.001188998,0.000743749,0.000377083,0.000208166,9.7167e-05
299,4.014698,0.01619706,7.5e-07,0.004012078,6.66e-07,0.0004205,0.000660332,0.001189582,0.001070748,0.000693499,0.006744824,0.000720916,0.000370583,0.000211583,0.000100999
300,4.030895,0.0151584,1.167e-06,0.004296077,7.5e-07,0.000425416,0.000661499,0.001191915,0.001071832,0.000699332,0.001066249,0.005040409,0.000382167,0.000216916,0.000104667
301,4.046053,0.01025232,1e-06,0.003679911,9.17e-07,0.000363833,0.000662165,0.001203082,0.001064665,0.000698416,0.001089498,0.000801832,0.000376833,0.000215,9.5166e-05
302,4.056305,0.01113598,1.167e-06,0.003969411,6.67e-07,0.000921748,0.000836249,0.001172499,0.001060665,0.000684082,0.001049832,0.000682582,0.000366916,0.000257333,0.000132834
303,4.067441,0.01387698,1e-06,0.003656995,7.5e-07,0.000341833,0.002127914,0.003602911,0.001074915,0.000687999,0.001045582,0.000681083,0.000363582,0.000199,9.3417e-05
304,4.081318,0.0150204,1e-06,0.003256246,9.16e-07,0.0003735,0.000663916,0.001186415,0.001077581,0.000694916,0.00262683,0.004462744,0.000370832,0.000207167,9.8333e-05
305,4.096339,0.0139644,1.166e-06,0.004643244,7.5e-07,0.000434666,0.000667832,0.001187165,0.001077332,0.000698083,0.001064581,0.000696583,0.000372333,0.000214916,0.002905746
306,4.110303,0.01040715,8.33e-07,0.004017161,8.33e-07,0.00039175,0.000664499,0.001178915,0.001058998,0.000691083,0.001054498,0.000689333,0.000370082,0.00019475,9.4417e-05
307,4.12071,0.01002057,1.25e-06,0.003604745,5.83e-07,0.000420583,0.000682332,0.001181832,0.001056165,0.000684416,0.001052415,0.000683749,0.000368083,0.000190749,9.3667e-05
308,4.130731,0.01310031,1e-06,0.004054911,5.83e-07,0.000344833,0.000541416,0.000977248,0.004493661,0.000609415,0.000881333,0.000586165,0.000306333,0.000195333,0.000108084
309,4.143831,0.00930857,1e-06,0.003825495,9.16e-07,0.000373916,0.000551666,0.000975249,0.000884749,0.000591082,0.000907916,0.000597249,0.000311416,0.000199916,8.8e-05
310,4.15314,0.009293487,1.25e-06,0.003688328,7.5e-07,0.000399833,0.000542666,0.001008582,0.000906249,0.000599415,0.000885916,0.000595749,0.000366999,0.000205834,9.1916e-05
311,4.162433,0.01290581,8.34e-07,0.003824994,6.67e-07,0.000349333,0.000542416,0.000971498,0.000889166,0.00423116,0.000894999,0.000589999,0.00031825,0.000198333,9.4166e-05
312,4.175339,0.00915682,1e-06,0.003693161,6.67e-07,0.000370083,0.000542749,0.000964915,0.000885999,0.000644333,0.000870998,0.000596166,0.000307916,0.000192417,8.6416e-05
313,4.184496,0.01078349,8.34e-07,0.005270826,1.25e-06,0.000452499,0.000561166,0.000972832,0.000882499,0.000586249,0.000869998,0.0005885,0.000315416,0.000189916,9.15e-05
314,4.195279,0.01325165,1.083e-06,0.004057661,7.5e-07,0.000342333,0.000555666,0.001003415,0.000893582,0.000597499,0.004369327,0.000844583,0.000306499,0.000190333,8.8917e-05
315,4.208531,0.009269153,1e-06,0.003732745,6.66e-07,0.00036525,0.000538582,0.001015749,0.000918165,0.000612499,0.000883332,0.000596416,0.000315083,0.000200333,8.9333e-05
316,4.2178,0.01186682,8.33e-07,0.005258743,9.16e-07,0.0005045,0.000557916,0.001213498,0.001058415,0.000819416,0.001054665,0.000717582,0.00037075,0.000201166,0.000108416
317,4.229667,0.01463431,8.33e-07,0.003944661,5e-07,0.000385333,0.000660499,0.001184498,0.00281458,0.003177995,0.001100915,0.000693999,0.000369583,0.000206333,9.4583e-05
318,4.244301,0.0101104,9.16e-07,0.003699745,8.33e-07,0.000374666,0.000658833,0.001205415,0.001064415,0.000690249,0.001055332,0.000697666,0.000374082,0.00019875,8.95e-05
319,4.254412,0.00991732,1.083e-06,0.003368329,6.67e-07,0.000379916,0.000664999,0.001181998,0.001060415,0.000688416,0.001052999,0.000691082,0.000370916,0.000364083,9.2417e-05
320,4.264329,0.01228432,8.34e-07,0.005856575,6.67e-07,0.000404582,0.000679333,0.001194248,0.001062082,0.000683332,0.001047082,0.000682082,0.000364583,0.000213,9.5916e-05
321,4.276613,0.01552815,1.083e-06,0.003714995,9.17e-07,0.000358332,0.000656916,0.001185415,0.002685496,0.004459244,0.001114998,0.000692583,0.000368416,0.000197333,9.2417e-05
322,4.292141,0.01393323,8.33e-07,0.003261912,5.84e-07,0.000393166,0.000660666,0.001209748,0.001065248,0.000690916,0.002578496,0.003136496,0.000467333,0.000371749,9.6083e-05
323,4.306075,0.01084048,1.083e-06,0.004309911,7.5e-07,0.000425499,0.000663082,0.001197249,0.001080498,0.000706749,0.001069249,0.000704665,0.0003755,0.000210749,9.55e-05
324,4.316915,0.01062507,1.333e-06,0.003621245,1e-06,0.000962499,0.000719916,0.001197415,0.001060581,0.000686249,0.001045332,0.000683166,0.000365666,0.0001905,9.0166e-05
325,4.32754,0.01234832,1.083e-06,0.003332329,7.5e-07,0.002333746,0.002162331,0.000975165,0.000890915,0.000589999,0.000871083,0.000586165,0.000306333,0.00020225,9.6167e-05
326,4.339888,0.01107698,7.5e-07,0.003495245,6.67e-07,0.000418083,0.000556916,0.000985748,0.000887749,0.000601332,0.000877749,0.000595749,0.000315583,0.00222058,0.000120834
327,4.350965,0.009307404,1.333e-06,0.003705162,8.33e-07,0.000484416,0.000563833,0.000973415,0.000889249,0.000596666,0.000881498,0.000602499,0.000310083,0.000206583,9.1834e-05
328,4.360273,0.0116999,1e-06,0.005167659,8.34e-07,0.000456666,0.000555832,0.001248249,0.001067831,0.000776083,0.001058748,0.000697499,0.000371333,0.000200916,9.725e-05
329,4.371973,0.01611881,8.33e-07,0.004012661,6.67e-07,0.000393166,0.000662249,0.001198165,0.001069665,0.000691249,0.006729241,0.000706832,0.000365583,0.0001945,9.4e-05
330,4.388092,0.01026257,1.084e-06,0.003807661,6.67e-07,0.000400332,0.000663833,0.001176165,0.001052248,0.000679499,0.001043249,0.000683416,0.000438166,0.000225499,9.075e-05
331,4.398354,0.01006423,1.166e-06,0.003554579,5.83e-07,0.000389499,0.000660083,0.001181415,0.001064665,0.000691082,0.001053332,0.000760666,0.000406083,0.000208166,9.2916e-05
332,4.408418,0.01382223,9.17e-07,0.006201074,6.67e-07,0.000525166,0.001623581,0.001177832,0.001058498,0.000683749,0.001048165,0.000680416,0.000366666,0.00036025,9.525e-05
333,4.422241,0.01425865,1e-06,0.003715745,6.67e-07,0.000398249,0.000680249,0.002740996,0.003451662,0.000685999,0.001046915,0.000677416,0.000365,0.000396082,9.8667e-05
334,4.436499,0.01532648,1.083e-06,0.003215662,9.17e-07,0.000369749,0.000673999,0.001211665,0.001065832,0.000696249,0.001062082,0.002582163,0.004099494,0.000227417,0.000120166
335,4.451826,0.01185373,1.167e-06,0.004583827,8.33e-07,0.000392416,0.000683249,0.001194248,0.001076332,0.000712832,0.001751081,0.000705749,0.000370166,0.000280083,0.00010175
336,4.463679,0.01052073,1.083e-06,0.003928578,1e-06,0.000385749,0.000663833,0.001182082,0.001062748,0.000688916,0.001057665,0.000687082,0.000368333,0.000365,0.000128666
337,4.4742,0.01353965,1.5e-06,0.006271074,1e-06,0.000599666,0.001024165,0.001195749,0.001065831,0.000691999,0.001113749,0.000694832,0.000369833,0.000362166,0.000148083
338,4.48774,0.0146594,1.167e-06,0.004326494,9.16e-07,0.000412416,0.000651999,0.002637247,0.003444411,0.000687666,0.001044832,0.000682749,0.000439749,0.000237417,9.2333e-05
339,4.502399,0.01596798,8.34e-07,0.003940077,5.84e-07,0.000369166,0.000663166,0.001185498,0.001064248,0.000689999,0.001062166,0.002591913,0.004095994,0.000210083,9.425e-05
340,4.518367,0.009696153,1.083e-06,0.003331745,6.67e-07,0.00037925,0.000660249,0.001201748,0.001056165,0.000684999,0.001046665,0.000689083,0.000365749,0.000191667,8.7083e-05
341,4.528063,0.01133573,1.5e-06,0.004817493,8.34e-07,0.000421499,0.000665666,0.001194081,0.001091166,0.000697415,0.001071499,0.000697999,0.000372083,0.000205833,9.8666e-05
342,4.539399,0.01616031,1e-06,0.004334244,7.5e-07,0.002384997,0.004110744,0.001185165,0.001065415,0.000692666,0.001042748,0.0006845,0.000367999,0.000193833,9.625e-05
343,4.555559,0.01447006,9.17e-07,0.003509078,8.34e-07,0.000346082,0.000664999,0.005367493,0.001271665,0.000695999,0.001046415,0.000740166,0.000488166,0.000242416,9.5833e-05
344,4.570029,0.01616789,9.17e-07,0.004335661,6.66e-07,0.000384833,0.000663833,0.001188748,0.001088332,0.000693999,0.002723829,0.004396994,0.000372583,0.0002155,0.000101999
345,4.586197,0.01303631,9.17e-07,0.004356661,9.16e-07,0.00040375,0.000660165,0.001193165,0.001072416,0.000698832,0.001070665,0.000695666,0.000372416,0.002390747,0.000119999
346,4.599234,0.01015657,1.083e-06,0.003621078,7.5e-07,0.000380083,0.000682749,0.001187832,0.001073165,0.000711332,0.001065749,0.000689165,0.000373,0.000207333,0.00016325
347,4.60939,0.01308907,1e-06,0.006314075,1.166e-06,0.000606916,0.000687666,0.001211748,0.001067749,0.000703582,0.001059332,0.000696582,0.000369083,0.00027025,9.9916e-05
348,4.622479,0.01333773,1e-06,0.004148494,7.5e-07,0.000412416,0.000530666,0.00470416,0.000899665,0.000588666,0.000871749,0.000582499,0.00030375,0.000197916,9.6e-05
349,4.635817,0.008763738,1.5e-06,0.003330662,8.33e-07,0.00035,0.000542416,0.000976248,0.000888916,0.000592666,0.000882248,0.000592416,0.000313,0.000198416,9.4417e-05
350,4.644581,0.00990457,1.167e-06,0.004363077,1.084e-06,0.000445666,0.000545916,0.000975915,0.000888749,0.000599499,0.000879915,0.000595083,0.000311999,0.00020125,9.525e-05
351,4.654485,0.01255915,8.33e-07,0.003606245,6.67e-07,0.000353999,0.000541749,0.000975499,0.00440291,0.00060825,0.000882165,0.000581916,0.000316083,0.000195249,9.3584e-05
352,4.667045,0.009346154,8.34e-07,0.003223078,7.5e-07,0.00037725,0.000540416,0.000965832,0.000875998,0.000700833,0.001049415,0.000691499,0.000378166,0.000453249,8.8834e-05
353,4.676391,0.01108182,1.25e-06,0.003279995,9.17e-07,0.000817582,0.001629581,0.001188415,0.001093665,0.000684999,0.001048999,0.000681415,0.000370417,0.000192749,9.1834e-05
354,4.687472,0.0141154,9.17e-07,0.003608161,5.84e-07,0.000347332,0.000657916,0.005245909,0.001078166,0.000687249,0.001047831,0.000681416,0.000367166,0.0002975,9.525e-05
355,4.701588,0.01505331,1.5e-06,0.003232995,7.5e-07,0.000371917,0.000662082,0.001203165,0.001061915,0.000699499,0.00265533,0.004486243,0.000371333,0.00020825,9.8333e-05
356,4.716641,0.01035415,1e-06,0.003972995,7.5e-07,0.000340666,0.000662916,0.001177248,0.001053082,0.000681499,0.001101415,0.000695666,0.000369333,0.000201499,9.6084e-05
357,4.726995,0.01093757,1.417e-06,0.004378911,8.33e-07,0.000461666,0.000663082,0.001204999,0.001076581,0.000697666,0.001065832,0.000697082,0.000371667,0.000220749,9.7083e-05
358,4.737933,0.01421148,1e-06,0.005272909,7.5e-07,0.000455416,0.003158496,0.001191331,0.001060165,0.000691499,0.001045499,0.000684082,0.000365917,0.000191833,9.2583e-05
359,4.752144,0.01460148,8.33e-07,0.004131661,5.83e-07,0.000348333,0.000661583,0.001179998,0.002747746,0.003124329,0.001061915,0.000682916,0.000367416,0.000198083,9.6083e-05
360,4.766746,0.0103509,9.16e-07,0.003915578,9.17e-07,0.000363999,0.000682499,0.001207999,0.001070332,0.000696582,0.001055332,0.000697915,0.000371667,0.000196999,9.0167e-05
361,4.777097,0.01026007,1.584e-06,0.003642245,8.33e-07,0.000415416,0.000660082,0.001251165,0.001086332,0.000716916,0.001076998,0.000709083,0.000382166,0.000218249,9.9e-05
362,4.787357,0.0113469,1.167e-06,0.004826076,6.67e-07,0.000423916,0.000660832,0.001194415,0.001073499,0.000696999,0.001064998,0.000708833,0.000371249,0.000211583,0.000112667
363,4.798704,0.0161124,1.084e-06,0.004126661,7.5e-07,0.00235158,0.004300577,0.001187998,0.001065332,0.000685333,0.001049081,0.000685833,0.000365249,0.000197917,9.5e-05
364,4.814816,0.01393881,1.083e-06,0.003511412,5.83e-07,0.00035,0.000677999,0.001207415,0.005092909,0.000702999,0.001051665,0.000682999,0.000367416,0.000197167,9.5166e-05
365,4.828755,0.01648856,1e-06,0.004235994,6.67e-07,0.0003805,0.000658415,0.001188249,0.001064832,0.000690415,0.001057832,0.000693582,0.002905413,0.003508828,0.000102834
366,4.845244,0.01077474,1.334e-06,0.004242244,6.66e-07,0.000391583,0.000659249,0.001208832,0.001081082,0.000711832,0.001083499,0.000706582,0.000377916,0.00021575,9.4166e-05
367,4.856018,0.01015982,1.083e-06,0.003654828,6.67e-07,0.000438333,0.000662415,0.001194749,0.001068582,0.000697499,0.001064581,0.000696916,0.000372083,0.000206833,0.00010125
368,4.866178,0.0134394,1e-06,0.006341158,1.417e-06,0.000494416,0.001224248,0.001191998,0.001071665,0.000694166,0.001052332,0.000690999,0.000369083,0.000210166,9.675e-05
369,4.879617,0.01307148,1e-06,0.004105828,8.33e-07,0.000385583,0.000572582,0.000978416,0.002532246,0.002413247,0.000884332,0.000591249,0.000310583,0.00019825,9.7333e-05
370,4.892689,0.008872487,1.167e-06,0.003376078,8.34e-07,0.000403499,0.000558083,0.000973331,0.000888166,0.000594166,0.000879415,0.000595583,0.000311333,0.000200833,8.9999e-05
371,4.901561,0.01175098,1.167e-06,0.006070825,8.33e-07,0.0003835,0.000557249,0.000968665,0.001071749,0.000606999,0.000882665,0.000598583,0.000313166,0.00019925,9.6333e-05
372,4.913312,0.01315873,1e-06,0.003744745,9.16e-07,0.000346583,0.000542083,0.000975998,0.000929749,0.004250994,0.000975582,0.000604749,0.000472666,0.000225833,8.7833e-05
373,4.926471,0.008791237,8.33e-07,0.003219996,6.66e-07,0.000373166,0.000538166,0.000983249,0.000945999,0.000620499,0.000891832,0.000611499,0.000314,0.000203333,8.7999e-05
374,4.935262,0.01132207,9.16e-07,0.005908742,7.5e-07,0.000371833,0.000554166,0.000965332,0.000878749,0.000584749,0.000871332,0.000588332,0.000307167,0.000192833,9.7166e-05
375,4.946584,0.01297082,9.16e-07,0.003793662,8.33e-07,0.000390499,0.000563,0.000979581,0.000886583,0.000591999,0.00453291,0.000617082,0.000308,0.000207,9.875e-05
376,4.959555,0.008896154,1.083e-06,0.003245162,5.84e-07,0.000389916,0.000581582,0.001077915,0.000910582,0.00059825,0.000880415,0.000600916,0.000310999,0.0002075,9.125e-05
377,4.968451,0.01294515,9.17e-07,0.005807575,6.67e-07,0.000530416,0.001152665,0.001177915,0.001060998,0.000760749,0.001085499,0.000693916,0.000371082,0.00020975,9.3e-05
378,4.981397,0.01419615,1.417e-06,0.003727661,5e-07,0.000337333,0.000675666,0.001189831,0.002630247,0.003165579,0.001094831,0.000694916,0.000371833,0.000208833,9.75e-05
379,4.995593,0.009636153,1.083e-06,0.003209912,6.67e-07,0.00039725,0.000673749,0.001188165,0.001066665,0.000694832,0.001056999,0.000689999,0.000367833,0.000201249,8.775e-05
380,5.005229,0.01067915,9.17e-07,0.004017828,8.33e-07,0.000355999,0.000663333,0.001181498,0.001055499,0.000684499,0.001108998,0.000885916,0.000383666,0.000238499,0.000101667
381,5.015908,0.01141365,1e-06,0.00463991,6.67e-07,0.000417582,0.000665083,0.001201415,0.001080581,0.000703916,0.001071749,0.000714749,0.000432249,0.000378833,0.000105916
382,5.027322,0.0155389,1.25e-06,0.003376912,6.67e-07,0.002466079,0.004191328,0.001187332,0.001077915,0.000694832,0.001087665,0.000756332,0.000375583,0.000223667,9.9333e-05
383,5.042861,0.01480065,1e-06,0.004307661,7.5e-07,0.000421916,0.000662666,0.002713496,0.003431745,0.000765166,0.001095248,0.000701833,0.000374832,0.000226167,9.8166e-05
384,5.057661,0.01601031,1.167e-06,0.003990161,6.67e-07,0.000365416,0.000661582,0.001187082,0.001063332,0.000695415,0.001054999,0.002603663,0.004076994,0.000211833,9.8e-05
385,5.073672,0.00973857,1e-06,0.003215913,6.66e-07,0.000370833,0.000662999,0.001178165,0.001048915,0.000689916,0.001048082,0.000858499,0.000372666,0.000203499,8.7417e-05
386,5.08341,0.0105079,1.083e-06,0.004160661,5e-07,0.000394833,0.000645082,0.001176249,0.001054998,0.000685249,0.001049082,0.000690916,0.000364916,0.000192,9.2333e-05
387,5.093918,0.01576064,1e-06,0.003601161,7.5e-07,0.00038375,0.000662749,0.006783657,0.001089832,0.000680916,0.001046998,0.000682583,0.000367082,0.000365583,9.4583e-05
388,5.109679,0.01403981,1.083e-06,0.003319996,8.33e-07,0.00036925,0.000664332,0.001182832,0.001066582,0.004936243,0.001065748,0.000756832,0.000370666,0.000209584,9.5833e-05
389,5.123718,0.01050523,1.416e-06,0.004068245,8.33e-07,0.000407916,0.000663833,0.001188331,0.001066332,0.000690832,0.001056916,0.000690415,0.00037125,0.000208999,8.9917e-05
390,5.134224,0.009563987,1.167e-06,0.003202079,5.83e-07,0.000368833,0.000664582,0.001176082,0.001051582,0.000684749,0.001044998,0.000679166,0.000401,0.000194833,9.4333e-05
391,5.143788,0.01010415,9.17e-07,0.003675994,8.34e-07,0.000393249,0.000669666,0.001202915,0.001063415,0.000685832,0.001061499,0.000682832,0.000373,0.000203499,9.05e-05
392,5.153892,0.01699689,7.5e-07,0.003815495,7.5e-07,0.000378416,0.000661666,0.007052906,0.001088332,0.000690749,0.001797331,0.000685999,0.000366666,0.00036475,9.3083e-05
393,5.170889,0.01434048,1.333e-06,0.003704411,7.5e-07,0.000369333,0.000662833,0.001187081,0.002716663,0.003103329,0.001062499,0.000689832,0.000508916,0.000239,9.4499e-05
394,5.185229,0.00983157,1.417e-06,0.003202745,7.5e-07,0.000419583,0.000669583,0.001186248,0.001242748,0.000695999,0.001058249,0.000690832,0.000369999,0.000201334,9.2083e-05
395,5.195061,0.01054774,1.334e-06,0.004108827,7.5e-07,0.000384833,0.000660249,0.001204415,0.001055999,0.000748415,0.001045499,0.000684832,0.0003665,0.000191249,9.4833e-05
396,5.205609,0.009682653,1e-06,0.003312495,5e-07,0.000378583,0.000684916,0.001177415,0.001053832,0.000683915,0.001051499,0.000682332,0.000368833,0.000191833,9.55e-05
397,5.215291,0.0154259,9.17e-07,0.003454661,5.84e-07,0.000331749,0.000682333,0.006786073,0.001082249,0.000683916,0.001046748,0.000685916,0.000366249,0.000206167,9.8333e-05
398,5.230717,0.01477215,1.083e-06,0.004039911,6.67e-07,0.000385332,0.000659583,0.001205665,0.001063998,0.000699999,0.005332576,0.000712999,0.0003645,0.000196499,0.000109333
399,5.245489,0.01015124,8.33e-07,0.003743578,9.17e-07,0.000384916,0.000662166,0.001183998,0.001065165,0.000691083,0.001067998,0.000689083,0.000370999,0.000200916,8.9584e-05
400,5.25564,0.0102834,1.916e-06,0.003250912,6.67e-07,0.000921999,0.000780915,0.001178749,0.001059081,0.000682666,0.001049415,0.000697333,0.000365333,0.000192583,0.000101833
401,5.265924,0.0136029,1.084e-06,0.003753494,6.67e-07,0.000393999,0.002366664,0.003551911,0.000891082,0.000589833,0.000871082,0.000582999,0.000306583,0.000197333,9.6167e-05
402,5.279527,0.01605364,1.083e-06,0.004765994,6.66e-07,0.000462083,0.000618416,0.001789247,0.000941665,0.000603333,0.002404913,0.003849412,0.000308832,0.000192,0.000116
403,5.29558,0.01076815,1e-06,0.003758911,8.34e-07,0.000501832,0.000568416,0.002295497,0.000956665,0.000598583,0.000878749,0.000597749,0.000311916,0.0002055,9.25e-05
404,5.306349,0.009757153,1.25e-06,0.004161661,7.5e-07,0.000413666,0.000543249,0.001014498,0.000905916,0.000600499,0.000893415,0.000603916,0.000312583,0.000211583,9.4167e-05
405,5.316106,0.01575106,1.416e-06,0.003567329,5e-07,0.000369583,0.000664999,0.00698324,0.001070582,0.000687665,0.001054999,0.000689832,0.000360666,0.000193,0.00010725
406,5.331857,0.01402023,1.083e-06,0.003208912,7.5e-07,0.000400416,0.000658499,0.001175832,0.005414576,0.000749249,0.001063415,0.000681332,0.000365666,0.00020275,9.775e-05
407,5.345877,0.01619248,1e-06,0.003939745,7.5e-07,0.000357332,0.000664083,0.001174165,0.001078082,0.000812915,0.001054249,0.000700582,0.002298663,0.004009828,0.000101083
408,5.362069,0.01087699,1.25e-06,0.004236078,9.16e-07,0.000474583,0.000672082,0.001250415,0.001077999,0.000708082,0.001071248,0.000701916,0.00037525,0.000212833,9.4333e-05
409,5.372946,0.01050249,1.334e-06,0.003947577,1e-06,0.000407,0.000689915,0.001198915,0.001080166,0.000714665,0.001072415,0.000708666,0.0003745,0.000212666,9.3666e-05
410,5.383449,0.01330098,1e-06,0.006343657,1e-06,0.000588583,0.000833332,0.001272998,0.001082915,0.000705083,0.001075582,0.000704665,0.000376166,0.000221083,9.4917e-05
411,5.39675,0.0150809,7.5e-07,0.004022078,6.67e-07,0.000385166,0.000661499,0.005554075,0.001151832,0.000931999,0.001037998,0.000677916,0.000365166,0.000197,9.475e-05
412,5.411831,0.01519348,1e-06,0.003202245,6.67e-07,0.000386,0.000673749,0.001196498,0.001058998,0.000831249,0.006439241,0.000738749,0.000368166,0.000201167,9.575e-05
413,5.427024,0.0105964,8.33e-07,0.004054911,8.34e-07,0.000376166,0.000662332,0.001180498,0.001107166,0.000694749,0.001108331,0.000710999,0.000375916,0.000218167,0.0001055
414,5.437621,0.01084107,1.167e-06,0.004251827,1e-06,0.000372,0.000661749,0.001258582,0.001103915,0.000709665,0.001074916,0.000714332,0.000377999,0.000216083,9.7834e-05
415,5.448462,0.01283915,1.25e-06,0.005890575,1.167e-06,0.000503916,0.000737749,0.001420748,0.001089248,0.000719249,0.001068749,0.000712582,0.000377416,0.000214916,0.000101584
416,5.461301,0.01452523,1.166e-06,0.004066745,8.33e-07,0.0003625,0.000669165,0.002915413,0.003426578,0.000690249,0.001052166,0.000680499,0.000364582,0.000198,9.7333e-05
417,5.475826,0.01569473,1.084e-06,0.003693744,7.5e-07,0.000372583,0.000673666,0.001178332,0.001098915,0.000691999,0.001047165,0.000819415,0.001969581,0.004050828,9.6666e-05
418,5.491521,0.009968403,1.417e-06,0.003354745,7.5e-07,0.000394416,0.000662999,0.001177582,0.001064415,0.000837582,0.001082832,0.000703749,0.000376249,0.000216333,9.5334e-05
419,5.501489,0.01155832,1.166e-06,0.004737744,9.16e-07,0.000430416,0.000666083,0.001207498,0.001077915,0.000733582,0.001294665,0.000709916,0.000378666,0.000218166,0.000101584
420,5.513048,0.01486931,1.25e-06,0.005422075,5.84e-07,0.000489416,0.003514078,0.001182915,0.001060249,0.000758998,0.001060332,0.000701999,0.00037175,0.000202916,0.00010275
421,5.527917,0.01433865,1.166e-06,0.003234912,7.5e-07,0.00039175,0.000661082,0.001204498,0.005297743,0.001008915,0.001061499,0.000799165,0.000370083,0.000209583,9.75e-05
422,5.542256,0.01620956,1.083e-06,0.004012828,5.83e-07,0.00038125,0.000681416,0.001189331,0.001084665,0.000694499,0.001056166,0.000692165,0.00225283,0.004058161,0.000104584
423,5.558465,0.01087282,1e-06,0.004278161,1.25e-06,0.000381916,0.000670666,0.001191998,0.001097415,0.000699249,0.001144832,0.000712832,0.000379249,0.000219167,9.5083e-05
424,5.569338,0.01048332,1.417e-06,0.003761661,6.67e-07,0.000422416,0.000665999,0.001193915,0.001215665,0.000744666,0.001074581,0.000706999,0.000377333,0.000217,0.000101
425,5.579821,0.01322148,8.33e-07,0.006212075,1.083e-06,0.000511166,0.001003082,0.001184165,0.001065332,0.000744499,0.001122248,0.000696583,0.000373666,0.00020825,9.8499e-05
426,5.593043,0.01483831,1.167e-06,0.003947078,9.17e-07,0.000395499,0.000659332,0.005467576,0.001124415,0.000798832,0.001076082,0.000693499,0.000371666,0.000207667,9.4583e-05
427,5.607881,0.0150374,1.084e-06,0.003253578,5.84e-07,0.000416333,0.000658249,0.001210248,0.001065498,0.000691999,0.002597663,0.004466661,0.000377083,0.000202333,9.6083e-05
428,5.622918,0.01061857,1e-06,0.00409966,5.84e-07,0.000410416,0.000662832,0.001196749,0.001060415,0.000681665,0.001046916,0.000691082,0.000461083,0.000211166,9.5e-05
429,5.633537,0.0109469,1.333e-06,0.004272411,8.33e-07,0.000424666,0.000662666,0.001192081,0.001070499,0.000699166,0.001204415,0.000713499,0.000378249,0.000227083,0.0001
430,5.644484,0.01260048,1e-06,0.005808575,7.5e-07,0.000603916,0.000685749,0.001184665,0.001065082,0.000699749,0.001059748,0.000787999,0.000377083,0.000213999,0.000112167
431,5.657084,0.0146604,9.16e-07,0.004314411,7.5e-07,0.000335583,0.000664999,0.002709496,0.003433995,0.000686499,0.001054249,0.000787499,0.000370166,0.000206749,9.5084e-05
432,5.671745,0.01569723,1.084e-06,0.003756578,5.83e-07,0.000362416,0.000675249,0.001187832,0.001073499,0.000697749,0.001057581,0.000694083,0.002041414,0.004040744,0.000108416
433,5.687442,0.009678653,1.167e-06,0.003342745,7.5e-07,0.000348166,0.000660666,0.001178415,0.001053165,0.000686166,0.001046999,0.000689332,0.000374249,0.000200583,9.625e-05
434,5.697121,0.0115594,1.167e-06,0.004984409,8.34e-07,0.000413833,0.000664415,0.001197332,0.001087082,0.000716915,0.001074499,0.000708916,0.000376082,0.000228083,0.000105834
435,5.70868,0.01464823,1.084e-06,0.005726408,8.34e-07,0.000419666,0.003177828,0.001184999,0.001067748,0.000685749,0.001050082,0.000682749,0.000366083,0.000191333,9.3667e-05
436,5.723328,0.01421348,1e-06,0.003344245,5e-07,0.0003755,0.000665749,0.005446826,0.001131165,0.000688582,0.001049499,0.000683082,0.000366749,0.0003655,9.5083e-05
437,5.737542,0.01620389,1.334e-06,0.004112327,1e-06,0.000471666,0.000590666,0.001188998,0.001062582,0.000689916,0.002905663,0.00447216,0.000386166,0.000219666,0.00010175
438,5.753746,0.01058415,1e-06,0.004111994,6.67e-07,0.000384916,0.000657166,0.001212915,0.001072415,0.000702082,0.001067082,0.000701999,0.000370833,0.000205917,9.5166e-05
439,5.76433,0.0100599,1.084e-06,0.003593995,6.66e-07,0.000397916,0.000662833,0.001194998,0.001072499,0.000698582,0.001066415,0.000697916,0.000371416,0.000206083,9.55e-05
440,5.77439,0.01279348,1.083e-06,0.006064325,1.333e-06,0.000502833,0.000903249,0.001182415,0.001061415,0.000685082,0.001050582,0.000688666,0.000365583,0.000192749,9.4167e-05
441,5.787183,0.01279656,9.17e-07,0.003833828,8.33e-07,0.000367666,0.000540666,0.002717996,0.002678163,0.000591416,0.000874332,0.000584416,0.000307249,0.000205583,9.35e-05
442,5.79998,0.008716737,1e-06,0.003259328,6.67e-07,0.000343666,0.000569166,0.000977999,0.000886165,0.000593083,0.000878665,0.000604999,0.000311166,0.000199833,9.1e-05
443,5.808696,0.0115214,9.17e-07,0.005881742,7.5e-07,0.000478749,0.000560749,0.000984915,0.000894749,0.000604083,0.000900748,0.0006005,0.000313749,0.00020425,9.55e-05
444,5.820218,0.01279831,8.33e-07,0.003707829,1e-06,0.000349916,0.000545832,0.000973832,0.000883332,0.0005945,0.004393493,0.000732166,0.000316916,0.00020175,9.6916e-05
445,5.833016,0.008796654,9.16e-07,0.003200913,5.83e-07,0.000363833,0.000538916,0.000967248,0.000880666,0.000782499,0.000872665,0.000595916,0.000306166,0.000197416,8.8917e-05
446,5.841813,0.01193115,1e-06,0.005916492,1.583e-06,0.000826749,0.000690249,0.000968915,0.000878749,0.000584916,0.000870749,0.000588499,0.000307916,0.000200166,9.5167e-05
447,5.853744,0.01294281,1.083e-06,0.003931745,9.16e-07,0.00036125,0.000553499,0.000976165,0.000887666,0.000596249,0.000883082,0.002369247,0.002084997,0.000203416,9.35e-05
448,5.866687,0.008820405,1e-06,0.003323912,5.84e-07,0.000368666,0.000553082,0.000980082,0.000889499,0.000597583,0.000888082,0.000599082,0.000318166,0.000213667,8.7e-05
449,5.875507,0.01461206,6.66e-07,0.005823325,1.167e-06,0.000472249,0.00233308,0.001185665,0.001074666,0.001331498,0.001048748,0.000682333,0.000365666,0.000195083,9.7916e-05
450,5.890119,0.01445598,1.167e-06,0.003681994,6.67e-07,0.000365583,0.000660916,0.002416996,0.004216244,0.000705333,0.001053498,0.000691499,0.000365416,0.000198333,9.8334e-05
451,5.904575,0.01532898,1.167e-06,0.003220828,5.84e-07,0.000383166,0.000660499,0.001175082,0.001093081,0.000798083,0.001059165,0.002495496,0.004104078,0.000236583,0.000101166
452,5.919904,0.01122707,1e-06,0.004373077,9.17e-07,0.0004325,0.000660415,0.001479582,0.001082081,0.000711999,0.001077832,0.000715916,0.000377416,0.0002195,9.4833e-05
453,5.931131,0.01086565,1.25e-06,0.004077744,6.67e-07,0.000408333,0.000738665,0.001415165,0.001083415,0.000701166,0.001061248,0.000699916,0.000372916,0.000208083,9.7083e-05
454,5.941997,0.01401023,1e-06,0.005415659,8.33e-07,0.000383249,0.002757997,0.001245831,0.001070749,0.000696082,0.001058749,0.000696749,0.000372166,0.000204416,0.00010675
455,5.956007,0.01449573,1.166e-06,0.003956161,8.34e-07,0.000437166,0.000665249,0.001187748,0.002729163,0.003106079,0.001061748,0.000691416,0.000365916,0.00019775,9.5333e-05
456,5.970503,0.01017557,1.333e-06,0.003680078,7.5e-07,0.000355583,0.000661666,0.001177248,0.001075498,0.000688749,0.001068749,0.000796999,0.000371583,0.000208083,8.925e-05
457,5.980679,0.01033332,1.166e-06,0.003499079,6.67e-07,0.000547332,0.000671332,0.001188749,0.001217581,0.000732916,0.001071749,0.000704415,0.000374416,0.000226917,9.7e-05
458,5.991012,0.01284073,1.083e-06,0.006214158,7.5e-07,0.000404749,0.000696166,0.001192165,0.001087499,0.000696915,0.001139749,0.000707915,0.000384583,0.00021475,0.00010025
459,6.003853,0.01622864,1.334e-06,0.004044244,8.33e-07,0.000417333,0.000664416,0.00682574,0.001139499,0.000694332,0.001057832,0.000693832,0.000372166,0.000208,0.000109083
460,6.020081,0.01362573,1.25e-06,0.003213162,5.84e-07,0.000376916,0.000672915,0.001189999,0.001065082,0.00236633,0.003392328,0.000687416,0.000366583,0.000198833,9.4333e-05
461,6.033707,0.0105759,1.083e-06,0.003931245,9.16e-07,0.000389333,0.000734166,0.001176665,0.001056165,0.000698999,0.001045832,0.000675832,0.000397583,0.000374833,9.325e-05
462,6.044283,0.01087882,9.16e-07,0.004369077,8.34e-07,0.000410166,0.000665166,0.001190665,0.001079665,0.000700082,0.001065499,0.000707082,0.000370499,0.000207333,0.000111834
463,6.055162,0.01217465,1.167e-06,0.003220662,7.5e-07,0.00242783,0.001979247,0.000995582,0.000896249,0.000586332,0.000872499,0.000589249,0.000315333,0.000194083,9.5667e-05
464,6.067336,0.009580486,9.17e-07,0.004125244,6.66e-07,0.000376833,0.000539999,0.000974416,0.000886998,0.000594666,0.000883916,0.000593499,0.000312333,0.000200833,9.0166e-05
465,6.076917,0.01146082,1.167e-06,0.005887992,6.66e-07,0.000449833,0.000535166,0.000978582,0.000884415,0.000597916,0.000903832,0.000601666,0.000311333,0.000213833,9.4416e-05
466,6.088378,0.01400398,1.167e-06,0.005217159,7.5e-07,0.000456249,0.000678499,0.002946829,0.001077416,0.000685082,0.001484998,0.000682582,0.0003645,0.000197499,0.00021125
467,6.102382,0.01642156,1.084e-06,0.004075744,5.83e-07,0.000366833,0.00262633,0.004915743,0.001070998,0.000761249,0.001237582,0.000703582,0.000364499,0.000201084,9.6249e-05
468,6.118803,0.01461348,1.166e-06,0.003834245,7.5e-07,0.000402333,0.000699832,0.001189415,0.005386159,0.000704999,0.001050249,0.000683665,0.000365166,0.0001965,9.9e-05
469,6.133417,0.01574989,1.25e-06,0.003467495,5.84e-07,0.000386082,0.000680249,0.001187749,0.001164498,0.000784499,0.001066082,0.006314074,0.000379916,0.000215583,0.000101834
470,6.149167,0.01111932,1.083e-06,0.00460766,8.34e-07,0.000376082,0.00066325,0.001207081,0.001082749,0.000707249,0.001071415,0.000705249,0.000385749,0.000215833,9.5084e-05
471,6.160286,0.01074307,1.25e-06,0.004319327,9.17e-07,0.000378083,0.000664082,0.001186999,0.001067415,0.000699999,0.001062665,0.000692499,0.000371666,0.00020325,9.4916e-05
472,6.171029,0.01250582,9.17e-07,0.005748492,8.33e-07,0.000500833,0.000911415,0.001179832,0.001077998,0.000686166,0.001056748,0.000680583,0.000365666,0.000201583,9.475e-05
473,6.183535,0.01499581,9.17e-07,0.004262577,5.83e-07,0.00039225,0.000683332,0.001251998,0.005301993,0.000702082,0.001048416,0.000682499,0.000365416,0.000206916,9.6833e-05
474,6.198531,0.01025115,1.25e-06,0.003836495,1e-06,0.000362999,0.000689416,0.001185248,0.001064499,0.000695332,0.001063249,0.000691249,0.000370583,0.000198166,9.1667e-05
475,6.208782,0.01034299,1.167e-06,0.003877577,7.5e-07,0.000386167,0.000662249,0.001189915,0.001076915,0.000709582,0.001062999,0.000696749,0.000374749,0.000208833,9.5333e-05
476,6.219125,0.01216298,1.083e-06,0.005735909,6.67e-07,0.000412249,0.000683082,0.001179582,0.001075915,0.000684166,0.001050915,0.000681332,0.000364333,0.000200833,9.2917e-05
477,6.231288,0.01591039,8.33e-07,0.003762745,7.5e-07,0.000378583,0.000661832,0.002917913,0.005118492,0.000680166,0.001045249,0.000683665,0.000366666,0.000198,9.55e-05
478,6.247198,0.01437073,9.17e-07,0.003309078,5e-07,0.000385416,0.000695166,0.001188498,0.001064332,0.005120243,0.001106082,0.000699082,0.000477333,0.000211083,0.000113
479,6.261569,0.01335515,1.084e-06,0.004668493,8.33e-07,0.000402333,0.000683082,0.001226915,0.001084832,0.000719583,0.001079581,0.000706916,0.000379749,0.002272664,0.000129083
480,6.274924,0.01086007,1e-06,0.004327827,8.34e-07,0.000366582,0.000680083,0.001201165,0.001084332,0.000711165,0.001074999,0.000707249,0.000376249,0.0002145,0.000114083
481,6.285784,0.01020207,1.334e-06,0.003857327,5.84e-07,0.000371749,0.000661666,0.001173082,0.001052748,0.000685916,0.001047582,0.000687165,0.000364083,0.000191417,0.000107416
482,6.295986,0.0157819,1.084e-06,0.003788411,5e-07,0.000494083,0.002540746,0.00480616,0.001079332,0.000684999,0.001046748,0.000680333,0.000365749,0.000197416,9.6334e-05
483,6.311768,0.0145984,8.33e-07,0.003907161,7.5e-07,0.000429083,0.000686249,0.001187499,0.005265992,0.000704332,0.001061749,0.000686666,0.000369582,0.000201,9.75e-05
484,6.326366,0.01599239,1e-06,0.003785328,7.5e-07,0.00035625,0.000683999,0.001200582,0.001075498,0.000707082,0.001072166,0.006403824,0.000372416,0.000233166,0.000100334
485,6.342359,0.01099957,1e-06,0.004432078,6.66e-07,0.000397166,0.000679999,0.001226915,0.001084915,0.000707249,0.001078166,0.000705249,0.000377332,0.0002125,9.6333e-05
486,6.353358,0.01031032,1e-06,0.003827578,8.34e-07,0.000409832,0.000663166,0.001194582,0.001068832,0.000702915,0.001064915,0.000700166,0.000372333,0.000211666,9.25e-05
487,6.363669,0.01218765,7.5e-07,0.005562325,1.834e-06,0.000621165,0.000683999,0.001172999,0.001058998,0.000691999,0.001052499,0.000688499,0.000364333,0.000193749,9.45e-05
488,6.375856,0.01432215,1e-06,0.004080911,6.66e-07,0.000338833,0.000666499,0.002894579,0.003438412,0.000693916,0.001019082,0.000586416,0.000309333,0.000195083,9.7416e-05
489,6.390178,0.009352237,9.17e-07,0.003840245,8.33e-07,0.000380166,0.000543833,0.000964248,0.000936249,0.000592749,0.000887582,0.000593333,0.000312083,0.000200499,9.95e-05
490,6.399531,0.00924807,1e-06,0.003760494,8.34e-07,0.000385499,0.000542249,0.000966332,0.000893082,0.000588083,0.000871665,0.000631416,0.000312083,0.000201833,9.35e-05
491,6.408779,0.01316865,1.25e-06,0.003830328,5e-07,0.000398583,0.000524916,0.000993748,0.004639494,0.000700082,0.000881082,0.000599583,0.000308499,0.000197667,9.2916e-05
492,6.421947,0.009215071,8.34e-07,0.003762828,1e-06,0.000346416,0.000539416,0.000973665,0.000887832,0.000591249,0.000903666,0.000603332,0.000309833,0.00020525,8.975e-05
493,6.431162,0.00924432,1.333e-06,0.003762495,7.5e-07,0.000419416,0.000540416,0.000989498,0.000896499,0.000591999,0.000871666,0.000584665,0.000306417,0.000188499,9.0667e-05
494,6.440407,0.01311215,1e-06,0.003894078,6.66e-07,0.000355167,0.000545915,0.000962832,0.004682661,0.000608749,0.000874248,0.000586333,0.000306416,0.000199083,9.5e-05
495,6.453519,0.009900069,7.5e-07,0.003910078,5.83e-07,0.000405083,0.000544416,0.000963332,0.000884498,0.00069625,0.001132581,0.000702333,0.000369999,0.000201,8.9166e-05
496,6.463419,0.00999857,1.084e-06,0.003350162,5.83e-07,0.000353666,0.000664333,0.001174498,0.001134332,0.000895332,0.001059582,0.000693749,0.000371416,0.000208916,9.0917e-05
497,6.473418,0.0125054,1e-06,0.005799409,6.66e-07,0.000471916,0.000684499,0.001234582,0.001058582,0.000681999,0.001210165,0.000695915,0.000369917,0.000202416,9.4333e-05
498,6.485923,0.01549631,1e-06,0.003736911,6.67e-07,0.000375,0.000664999,0.001204748,0.002643413,0.004469077,0.001071332,0.000683332,0.00036,0.000193249,9.2584e-05
499,6.501419,0,0,0,0,0,0,0,0,0,0,0,0,0,0

Averages:
0.01300284,1.086996e-06,0.004182764,7.7818e-07,0.0004860925,0.001011882,0.001573036,0.001487842,0.0009236824,0.001324581,0.0009709586,0.0005382371,0.0003834599,0.000118438
