OpenCV version: 2.4
Usage: 7-SobelDerivatives <input-number> [<samples>]
input-number - is the video device number. Defaults to zero. E.g. for /dev/video2 just use '2' as argument.
samples - number of samples before application ends. Defaults to 1000; zero means infinite.
sample_number,elapsed_time,frame,mat_alloc,read_img,gpumat_alloc,gpu_frame_upload,convert_color,gaussian_blur,sobel,gpu_frame_download,convert_scale,sobel2,gpu_frame_download2,convert_scale2,add_weighted,show_img
0,0,2.889992,8.75e-06,0.3658682,8.33e-07,2.12985,0.01476757,0.03453021,0.02523089,0.03829829,0.06507526,0.03735196,0.02534355,0.06583917,0.06642309,0.02140447
1,2.889992,0.9240034,1.417e-06,0.3888794,9.17e-07,0.06356001,0.04867453,0.03945912,0.04015512,0.04814628,0.06776542,0.04445312,0.05266011,0.06661717,0.0591891,0.004441745
2,3.813995,0.8892651,1.334e-06,0.3655668,9.16e-07,0.02968638,0.07396667,0.04050287,0.02943697,0.03092821,0.06792692,0.05795918,0.05938702,0.07077433,0.05858252,0.004544912
3,4.70326,0.8643673,4.834e-06,0.3664722,1.25e-06,0.02891488,0.05601235,0.04165362,0.03325479,0.03937704,0.08226524,0.0412842,0.04756503,0.06207801,0.06089876,0.004585161
4,5.567628,0.7757502,1.167e-06,0.3689855,9.16e-07,0.02805547,0.0142779,0.03388813,0.02960997,0.04059187,0.06390259,0.03654571,0.03134638,0.06404968,0.06001277,0.004482161
5,6.343378,0.8840619,1.75e-06,0.3764057,9.17e-07,0.02873213,0.07410608,0.0472532,0.0317433,0.02707647,0.06497326,0.05513502,0.04675861,0.06469059,0.06260185,0.004582995
6,7.22744,0.7851022,1.084e-06,0.3732461,1e-06,0.02567289,0.01446165,0.03619237,0.03129013,0.02865697,0.06447959,0.03773046,0.04013745,0.06747492,0.06120235,0.004555245
7,8.012542,0.8583149,1.75e-06,0.3731181,9.17e-07,0.02877405,0.07415891,0.05208461,0.03550904,0.0291118,0.06417909,0.03618512,0.03176713,0.06776067,0.06120576,0.004457995
8,8.870857,0.7729144,1.666e-06,0.3755941,1e-06,0.0264463,0.01431115,0.03614487,0.03309729,0.02630422,0.06290451,0.03611329,0.02997622,0.06661617,0.0609431,0.004460495
9,9.643771,0.8072458,1.417e-06,0.3741543,8.34e-07,0.0286953,0.0142884,0.03262038,0.02967163,0.03472838,0.06419451,0.0558901,0.04207128,0.06391726,0.06228776,0.004724245
10,10.45102,0.8141633,1.334e-06,0.3733807,1e-06,0.02918488,0.01431307,0.03290229,0.03273063,0.03371413,0.06502234,0.05246377,0.04791811,0.06714367,0.06090726,0.004480078
11,11.26518,0.8157096,1.25e-06,0.3731458,1.25e-06,0.02910788,0.01425507,0.03247305,0.02972921,0.03516513,0.06414751,0.05301452,0.05014194,0.06722242,0.06282709,0.004477495
12,12.08089,0.8727831,1.583e-06,0.3739814,1e-06,0.02751205,0.04989961,0.0412052,0.04255387,0.02916405,0.06322984,0.05759393,0.05535919,0.06688601,0.06092076,0.004474578
13,12.95367,0.7778168,1.333e-06,0.3721229,7.5e-07,0.02634189,0.0142649,0.03619654,0.03411579,0.02963088,0.06360543,0.03594013,0.03258488,0.06683359,0.06174235,0.004435411
14,13.73149,0.8475859,1.917e-06,0.3772626,9.17e-07,0.0280743,0.04936561,0.04618153,0.02268047,0.02773772,0.06374651,0.05261694,0.04774761,0.06620851,0.06150093,0.004460328
15,14.57908,0.815978,2e-06,0.3824323,9.17e-07,0.02710455,0.01426248,0.03292138,0.02361597,0.03676704,0.06472843,0.05302877,0.04767895,0.06813525,0.06083601,0.004463912
16,15.39505,0.8386759,1.583e-06,0.3796308,8.33e-07,0.02721264,0.04975886,0.05232227,0.03400488,0.03015647,0.06403084,0.03593079,0.03259746,0.06748742,0.06108751,0.004453494
17,16.23373,0.7725342,1.5e-06,0.3796998,1e-06,0.0278483,0.01421082,0.03424546,0.02439497,0.03519563,0.06455909,0.03639729,0.02571997,0.06335009,0.0621896,0.004720661
18,17.00626,0.8160543,1.833e-06,0.3806458,9.17e-07,0.02751472,0.01392548,0.03336371,0.02500772,0.03699862,0.06446001,0.05233886,0.04820628,0.06812767,0.06087451,0.004588161
19,17.82232,0.8139473,1.416e-06,0.3782995,1e-06,0.0288298,0.01423223,0.03277038,0.02920655,0.03454738,0.06518567,0.05250202,0.04690895,0.06434718,0.06232101,0.004794244
20,18.63627,0.8144723,1.334e-06,0.3801946,8.34e-07,0.02768155,0.01428015,0.03383288,0.02582955,0.03388955,0.06457892,0.05211369,0.04808336,0.06861559,0.06088493,0.004485328
21,19.45074,0.7722016,1.75e-06,0.3789332,8.33e-07,0.02725105,0.01429265,0.03352438,0.02498606,0.03778612,0.06464184,0.03584796,0.02507306,0.06317926,0.06217676,0.004506661
22,20.22294,0.8267894,2e-06,0.3865547,1e-06,0.02899722,0.01431565,0.03277746,0.03283105,0.03489596,0.06417068,0.05267402,0.04724536,0.06705876,0.06081868,0.004446829
23,21.04973,0.7711054,1.166e-06,0.3773159,9.17e-07,0.02674838,0.01418507,0.03287121,0.02466555,0.03648079,0.06467943,0.03649079,0.02553872,0.06652151,0.0610956,0.004510328
24,21.82083,0.7832833,1.333e-06,0.3826778,1.084e-06,0.02569397,0.01433907,0.03742121,0.03199055,0.02673114,0.06394909,0.03538196,0.03268104,0.06580117,0.06214401,0.004469911
25,22.60412,0.8154246,1.75e-06,0.3789415,9.16e-07,0.0289913,0.01394607,0.0325153,0.03035513,0.03489588,0.06421268,0.05267294,0.04706503,0.06579984,0.06121643,0.004809828
26,23.41954,0.8088491,1.333e-06,0.3805697,1.083e-06,0.02816055,0.04998161,0.0442157,0.02991655,0.02737522,0.06359151,0.02934847,0.02455406,0.06437234,0.06207118,0.004689828
27,24.22839,0.7759067,1.167e-06,0.3791367,9.17e-07,0.02773055,0.01393065,0.03302355,0.03024846,0.03228605,0.06356243,0.03605187,0.0288783,0.06539859,0.06117651,0.004480911
28,25.0043,0.8464065,1.417e-06,0.3830905,9.17e-07,0.02776363,0.04967644,0.03904187,0.02915338,0.03099463,0.06350626,0.04348087,0.04812569,0.06650159,0.06059326,0.004476079
29,25.8507,0.7933794,1.25e-06,0.3782761,8.33e-07,0.02785639,0.01426732,0.03497496,0.03441596,0.03084271,0.06365293,0.03622271,0.04021804,0.06724117,0.06096243,0.004446578
30,26.64408,0.8596473,1.417e-06,0.3783971,9.16e-07,0.02875122,0.07395341,0.0453302,0.02624914,0.02653122,0.06397476,0.03876679,0.04517961,0.06509851,0.06293101,0.004481911
31,27.50373,0.8150327,1.166e-06,0.3782844,1.084e-06,0.02902213,0.01434273,0.0328918,0.02891138,0.03470621,0.06428193,0.05266261,0.04758786,0.06670034,0.0610641,0.004574994
32,28.31876,0.7867118,1.333e-06,0.3790531,1.25e-06,0.02645839,0.01422732,0.03837562,0.03262746,0.02918088,0.06352768,0.03578821,0.03418204,0.06715501,0.06168001,0.004453578
33,29.10548,0.8701635,2.25e-06,0.3836745,1.083e-06,0.02873388,0.07390791,0.05225511,0.03474063,0.03078063,0.06329651,0.03630746,0.03439038,0.06538059,0.06219143,0.004501162
34,29.97564,0.8489657,1.083e-06,0.383639,9.17e-07,0.02735997,0.04973286,0.05264236,0.03389271,0.02935038,0.06453301,0.03630763,0.03831996,0.06789209,0.06081951,0.004474245
35,30.8246,0.7822446,1.167e-06,0.3779356,1.333e-06,0.02607105,0.01398298,0.03648862,0.03314855,0.02661205,0.06293293,0.03581463,0.03688312,0.06571017,0.06221026,0.004452078
36,31.60685,0.8262,2.167e-06,0.3851605,8.33e-07,0.02901197,0.07374116,0.04095854,0.02947305,0.02608389,0.06363901,0.0238858,0.02448722,0.06305209,0.06198876,0.004714995
37,32.43305,0.8453764,1.25e-06,0.3777175,9.17e-07,0.02787605,0.04959544,0.04013379,0.02574705,0.02968063,0.06386159,0.05237169,0.04602303,0.06706925,0.06082035,0.004477828
38,33.27843,0.8346391,1.584e-06,0.3779576,8.34e-07,0.0272848,0.04979728,0.05166961,0.03365396,0.02767847,0.06313451,0.03618238,0.03415346,0.06713076,0.06153093,0.004462995
39,34.11306,0.8574754,2e-06,0.3795008,1.334e-06,0.0288028,0.07398616,0.04563586,0.02619147,0.0258433,0.06364843,0.03782579,0.0431527,0.06748492,0.0609591,0.004440745
40,34.97054,0.8545859,1.75e-06,0.3812056,1.083e-06,0.02786797,0.04959553,0.04612928,0.02271964,0.03066038,0.06379709,0.05292636,0.04744811,0.06684467,0.06088885,0.004499578
41,35.82513,0.8171717,1.416e-06,0.3770813,1e-06,0.02922788,0.01392982,0.03261963,0.03162255,0.03392654,0.06432792,0.05300511,0.04734311,0.06877017,0.06087526,0.004439995
42,36.6423,0.8186911,1.583e-06,0.3791933,8.33e-07,0.02884263,0.01418573,0.03331538,0.0321358,0.03536113,0.06430901,0.05225727,0.04665511,0.06675459,0.06124526,0.004433412
43,37.46099,0.785219,1.584e-06,0.3797519,9.17e-07,0.02640405,0.01424373,0.03699712,0.03346596,0.02908347,0.06359676,0.03582546,0.0324323,0.06758409,0.06124893,0.004582745
44,38.24621,0.7750467,1.75e-06,0.3794112,8.33e-07,0.02592405,0.01429415,0.03594521,0.03043497,0.02585722,0.06301676,0.03596479,0.0321658,0.06599517,0.06158368,0.004451079
45,39.02125,0.7842822,1.583e-06,0.3786833,9.16e-07,0.02790038,0.01431123,0.03293854,0.03198113,0.03562996,0.06401468,0.03620246,0.03001663,0.06693042,0.06109718,0.004573745
46,39.80554,0.8677582,1.584e-06,0.3813198,1.083e-06,0.02874505,0.07401916,0.05232819,0.03519104,0.02972496,0.06327176,0.03585196,0.03402138,0.06712709,0.06170051,0.004454661
47,40.6733,0.8180187,1.834e-06,0.3785239,9.16e-07,0.0294943,0.01423082,0.03227346,0.03118196,0.03474296,0.06520926,0.05288986,0.04726878,0.06596517,0.06167018,0.004565328
48,41.49131,0.7897598,1.916e-06,0.3814921,1.333e-06,0.02660872,0.01419748,0.03680879,0.03256363,0.02974438,0.06366534,0.03596571,0.03542504,0.06757726,0.06115293,0.004555078
49,42.28107,0.7901666,1.417e-06,0.3790223,1.083e-06,0.02566239,0.01430615,0.03705762,0.03381004,0.02908738,0.06391734,0.04059995,0.03476204,0.06642792,0.06071976,0.004791161
50,43.07124,0.7922787,1.583e-06,0.380902,1.166e-06,0.02633564,0.0144949,0.03614638,0.03308813,0.0301628,0.06433776,0.03597696,0.03601463,0.06912967,0.06112418,0.004562911
51,43.86352,0.8229565,1.166e-06,0.3782477,1e-06,0.02763247,0.04981286,0.05199627,0.03499688,0.03015255,0.06509959,0.02933022,0.02455789,0.06510959,0.06150601,0.004512328
52,44.68648,0.8611624,2.083e-06,0.3814268,1e-06,0.02873388,0.07400825,0.04542936,0.02590564,0.02765763,0.06385951,0.03865512,0.04361187,0.06535442,0.06201284,0.004503995
53,45.54764,0.7821256,1.417e-06,0.3793851,9.17e-07,0.02630264,0.01425632,0.03653737,0.03353513,0.02899147,0.06368934,0.03554712,0.03166413,0.06693284,0.0608316,0.004450244
54,46.32976,0.8159152,1.5e-06,0.3782206,1.166e-06,0.02859963,0.0142289,0.03228421,0.03080972,0.03661921,0.06514426,0.05273702,0.04534128,0.06654317,0.06081318,0.004571328
55,47.14568,0.7821526,1.084e-06,0.3770564,1.083e-06,0.02613264,0.01425723,0.03621096,0.03276571,0.02939872,0.06397884,0.03567846,0.03237096,0.06853917,0.06129601,0.004465328
56,47.92783,0.8105822,2e-06,0.3812711,1.25e-06,0.02807072,0.04968203,0.04549045,0.02979738,0.0275448,0.06361226,0.02975355,0.02534864,0.06326168,0.06226409,0.004482329
57,48.73841,0.8585325,1.833e-06,0.3789395,8.34e-07,0.02887822,0.0741265,0.04501012,0.02582614,0.02609489,0.06420776,0.0388722,0.04522911,0.06514517,0.06175726,0.004442995
58,49.59695,0.7891865,2.25e-06,0.3876604,1e-06,0.02659439,0.0142974,0.03624538,0.03183255,0.03444421,0.06438851,0.03679779,0.02577047,0.06578976,0.06088493,0.004477495
59,50.38613,0.8150729,1.333e-06,0.3816326,1e-06,0.02762022,0.01428298,0.03297271,0.02351556,0.03747096,0.06472243,0.05266511,0.04718886,0.06770717,0.06083643,0.004455578
60,51.20121,0.7858118,1.333e-06,0.379333,9.17e-07,0.02647547,0.01445998,0.03695471,0.03289604,0.0300873,0.06361559,0.03604146,0.03302763,0.06668667,0.0616621,0.004569578
61,51.98702,0.8128831,1.5e-06,0.378839,8.34e-07,0.0272813,0.01425982,0.03316863,0.02444572,0.03754029,0.06481642,0.05225202,0.04745036,0.06727367,0.06109868,0.004454828
62,52.7999,0.766776,1.417e-06,0.3788286,1.084e-06,0.02668805,0.01423215,0.03716329,0.03369029,0.02883405,0.06364943,0.02949155,0.02384805,0.06363834,0.06211535,0.004594411
63,53.56668,0.8340954,1.416e-06,0.3793881,1.167e-06,0.0288248,0.07406041,0.04282145,0.02940997,0.03139796,0.06386393,0.02922213,0.0251288,0.06333584,0.06204259,0.004596828
64,54.40077,0.8468509,1.584e-06,0.3798563,9.16e-07,0.02900155,0.07385566,0.05020711,0.02187581,0.03043888,0.06449342,0.03564229,0.0304728,0.06414826,0.06224984,0.004606495
65,55.24762,0.8264641,1e-06,0.3905231,1e-06,0.02799489,0.0142829,0.03278038,0.03193313,0.03421929,0.06425134,0.05231202,0.04556811,0.06714584,0.06098251,0.004468578
66,56.07409,0.8152795,1.334e-06,0.3788491,9.16e-07,0.02887355,0.01423907,0.03270313,0.02926372,0.03452504,0.06515142,0.05247694,0.04709511,0.06664767,0.06099218,0.004460328
67,56.88937,0.7731435,1.25e-06,0.3798767,9.17e-07,0.02710372,0.01428107,0.03375196,0.02534564,0.03518154,0.06443159,0.03626962,0.02600955,0.06541501,0.0609876,0.004487328
68,57.66251,0.8274625,2.834e-06,0.3876403,9.17e-07,0.02893955,0.0738435,0.04020895,0.02941313,0.02629205,0.06315709,0.02403822,0.02433122,0.06298209,0.06210259,0.004510078
69,58.48997,0.8480064,1.5e-06,0.3778046,9.17e-07,0.02792688,0.04968894,0.04087678,0.02599555,0.03025521,0.06384301,0.05329827,0.04703236,0.06437593,0.06219035,0.004716161
70,59.33798,0.8153949,1.5e-06,0.3801178,1.333e-06,0.02792297,0.01433515,0.03354138,0.02498714,0.03596171,0.06467276,0.05246861,0.04789244,0.067881,0.06113401,0.004477078
71,60.15337,0.8236575,1.333e-06,0.3778505,1.333e-06,0.02532939,0.0148444,0.03715829,0.03435104,0.03443029,0.06404934,0.06478818,0.03992829,0.06424801,0.06216926,0.004507912
72,60.97703,0.7772496,1.833e-06,0.3808528,8.34e-07,0.02804063,0.01400823,0.03293246,0.02882838,0.03448554,0.06473151,0.03599504,0.02649839,0.06517167,0.06119826,0.004503994
73,61.75428,0.7830745,1.75e-06,0.3846292,1e-06,0.02792097,0.01430257,0.03287838,0.03238413,0.03436096,0.06404076,0.03576654,0.02679272,0.06324776,0.06204168,0.004706078
74,62.53736,0.7881733,1.417e-06,0.3829104,1e-06,0.02591464,0.01392782,0.03679612,0.03237655,0.02970397,0.06346968,0.03585321,0.03400979,0.06710284,0.06165018,0.004455745
75,63.32553,0.8603842,2.9417e-05,0.3805438,1.166e-06,0.0290383,0.073881,0.04567903,0.02593489,0.02671772,0.06357968,0.03864687,0.04492028,0.06513942,0.06182076,0.004451828
76,64.18591,0.7835559,1.75e-06,0.3801434,1e-06,0.02592105,0.01430082,0.03743554,0.03240496,0.02886322,0.06376226,0.03588229,0.03284638,0.06539076,0.06214134,0.004461162
77,64.96947,0.7803479,1.583e-06,0.3806066,1e-06,0.02668022,0.01444732,0.03527879,0.02750288,0.03567746,0.06444134,0.03697371,0.02966722,0.06284693,0.06163784,0.004585078
78,65.74982,0.8157901,1.417e-06,0.3805015,8.34e-07,0.02880413,0.0141579,0.03286021,0.02878213,0.03272171,0.06452526,0.05858026,0.04293462,0.06573017,0.06132743,0.004862495
79,66.56561,0.7929256,1.916e-06,0.380578,1e-06,0.02516639,0.0139584,0.03631096,0.03400713,0.02911905,0.06459234,0.03611204,0.03952562,0.06741134,0.06169476,0.004446662
80,67.35853,0.818638,1.833e-06,0.3819918,9.17e-07,0.02739322,0.01448257,0.03312088,0.02491372,0.03767921,0.06469417,0.05280561,0.04794628,0.06832684,0.06070043,0.004580494
81,68.17717,0.8489814,1.25e-06,0.3790739,1e-06,0.02754038,0.05000186,0.04068054,0.02594697,0.03017621,0.06415434,0.0531031,0.04702045,0.06423384,0.06244568,0.004601911
82,69.02615,0.7704133,1.417e-06,0.3797635,8.33e-07,0.02631089,0.01395415,0.03353088,0.0252723,0.0315808,0.06483359,0.03606338,0.0287688,0.06432926,0.06149343,0.004510078
83,69.79656,0.828026,2.084e-06,0.3877214,1e-06,0.0291408,0.01428048,0.03316029,0.03256905,0.03420129,0.06414176,0.05279769,0.0479587,0.06592884,0.06165143,0.004471161
84,70.62459,0.8178955,1.666e-06,0.3818565,1e-06,0.02918622,0.01429332,0.03220055,0.03065646,0.03576529,0.06392793,0.05254094,0.04557453,0.06658876,0.0608611,0.004441244
85,71.44249,0.8114561,1.416e-06,0.3788813,8.34e-07,0.0266163,0.01393557,0.03388296,0.02544314,0.03656554,0.06461351,0.05254519,0.04612603,0.06726009,0.06112468,0.004459495
86,72.25394,0.8318542,1.5e-06,0.3783791,1.083e-06,0.02759147,0.04969286,0.05531835,0.0288523,0.03572479,0.06428859,0.03583179,0.02462472,0.06556142,0.06150659,0.004479578
87,73.0858,0.8227074,1.75e-06,0.3802549,8.34e-07,0.0280653,0.04954761,0.05215611,0.03421804,0.02984963,0.06403126,0.02938871,0.02455981,0.06506842,0.06099976,0.004565244
88,73.9085,0.7812266,1.334e-06,0.3805925,8.34e-07,0.02793422,0.0144834,0.03216296,0.02996438,0.03720146,0.06407951,0.03607654,0.0284068,0.06432209,0.06141101,0.004589578
89,74.68973,0.7802184,1.167e-06,0.3795524,9.17e-07,0.02641797,0.01434257,0.03796479,0.03138046,0.02712089,0.06303068,0.03563246,0.03246463,0.06533509,0.06248451,0.004489912
90,75.46995,0.8176814,1.416e-06,0.3790492,9.17e-07,0.02884313,0.0142464,0.03278296,0.03094746,0.03564537,0.06418651,0.05288852,0.04707136,0.06618626,0.06136226,0.004469579
91,76.28763,0.8429449,1.833e-06,0.3810868,9.17e-07,0.02898563,0.07406233,0.04606411,0.02263081,0.02746097,0.06415201,0.03558171,0.03091746,0.06523217,0.06228459,0.004483578
92,77.13058,0.7744078,1.583e-06,0.3804741,1e-06,0.02720613,0.01394682,0.03366538,0.0252008,0.03563612,0.06447884,0.03606637,0.02653939,0.06500084,0.06145593,0.004734578
93,77.90498,0.8141306,1.834e-06,0.3787156,9.17e-07,0.0271013,0.01431373,0.03341021,0.02596322,0.03670129,0.06486917,0.05243769,0.0476797,0.06748459,0.0608621,0.004589244
94,78.71911,0.7784206,1.416e-06,0.3784851,9.16e-07,0.02637964,0.01429215,0.03627846,0.03201313,0.03440004,0.06431026,0.03677879,0.02448997,0.06492626,0.06135935,0.004705078
95,79.49753,0.8234705,1.833e-06,0.3803218,9.16e-07,0.0288103,0.07415825,0.03784937,0.02909088,0.0283903,0.06360868,0.02610272,0.02456564,0.06460384,0.06149601,0.004469995
96,80.321,0.8245396,1.666e-06,0.3817911,1e-06,0.02879972,0.07399066,0.03967195,0.02918105,0.02801055,0.06357709,0.02535539,0.02449272,0.06362126,0.06157218,0.004473245
97,81.14554,0.861022,1.75e-06,0.3790101,9.16e-07,0.0289903,0.07393841,0.0453207,0.02594914,0.02651739,0.06361834,0.03762229,0.04894094,0.06476226,0.06188051,0.004468995
98,82.00657,0.7778288,1.417e-06,0.377833,1.083e-06,0.02633305,0.01430715,0.03641996,0.03244163,0.03476946,0.06428376,0.03612787,0.0244953,0.06473826,0.06133334,0.004743578
99,82.7844,0.8431053,1.416e-06,0.3804383,9.16e-07,0.02877913,0.074143,0.0461322,0.02269964,0.02730322,0.06391151,0.03570737,0.03248346,0.06491126,0.06209801,0.004495828
100,83.6275,0.7836394,1.5e-06,0.3780457,1.083e-06,0.02571239,0.01431598,0.03642879,0.0294383,0.02665189,0.06316159,0.03657587,0.0402767,0.06759634,0.06085735,0.004575911
101,84.41114,0.8120778,1.416e-06,0.3780402,1.25e-06,0.02766113,0.01432623,0.03313829,0.02433831,0.03633463,0.06462226,0.05241569,0.0477557,0.06810609,0.06089684,0.004439745
102,85.22322,0.8528783,2e-06,0.3859146,1e-06,0.02740189,0.04973277,0.04402803,0.02962655,0.02869113,0.06445534,0.04391595,0.0475892,0.06602792,0.06102859,0.004463328
103,86.0761,0.815352,1.583e-06,0.3795838,1e-06,0.02783313,0.01425315,0.03386996,0.02448047,0.03751062,0.06451534,0.05260719,0.04748194,0.06769492,0.06093068,0.004588161
104,86.89145,0.8205529,1.5e-06,0.3796695,1e-06,0.02854988,0.01426232,0.0326768,0.0292448,0.03795421,0.06444209,0.05240861,0.04734336,0.06855767,0.0609766,0.004464578
105,87.712,0.8360374,1.834e-06,0.3790057,9.17e-07,0.02898455,0.07367875,0.04622245,0.02239739,0.02739997,0.06388518,0.03562271,0.02847263,0.06363876,0.06206176,0.004664827
106,88.54804,0.8180475,1.667e-06,0.3791807,1.167e-06,0.02885038,0.01422598,0.03307796,0.03220971,0.03377421,0.06495093,0.0530991,0.04679145,0.06638117,0.06067668,0.004826328
107,89.36609,0.7827682,1.916e-06,0.3796799,9.17e-07,0.02881563,0.0143469,0.03313279,0.0322523,0.03519529,0.06402951,0.03593871,0.02850263,0.06517626,0.06109743,0.004597994
108,90.14885,0.8177177,1.75e-06,0.3836411,8.33e-07,0.02852288,0.01431807,0.03265071,0.03162305,0.03488146,0.06504076,0.05167502,0.04470095,0.06432001,0.06186951,0.004471661
109,90.96657,0.8163891,1.166e-06,0.3802456,1.167e-06,0.0287403,0.01410957,0.03316238,0.0307348,0.03547187,0.06433001,0.0527721,0.04470378,0.06668275,0.06087293,0.004560745
110,91.78296,0.8241776,1.333e-06,0.3808641,1e-06,0.02755155,0.04970719,0.05247169,0.03495804,0.02971272,0.06435384,0.02928063,0.02474464,0.06492267,0.06110618,0.004502078
111,92.60714,0.8611847,1.583e-06,0.3813979,9.17e-07,0.0287088,0.073914,0.04554436,0.02602939,0.02674122,0.06362768,0.03853437,0.04515395,0.06524934,0.06173943,0.004541745
112,93.46832,0.7875723,1.417e-06,0.3819937,1.25e-06,0.02578147,0.01428957,0.03640704,0.03366829,0.02894722,0.06462176,0.03586213,0.03295529,0.06753817,0.06099185,0.004513161
113,94.2559,0.8386771,1.5e-06,0.3827553,8.34e-07,0.02888047,0.07398275,0.0444382,0.02901647,0.03069146,0.06368559,0.02922047,0.02560239,0.06353009,0.06235768,0.004513911
114,95.09457,0.7851683,1.917e-06,0.3814626,1.334e-06,0.02569339,0.01434465,0.03699987,0.03229888,0.02727538,0.06289143,0.03623504,0.03447163,0.068165,0.06076035,0.004566828
115,95.87974,0.8666853,1.417e-06,0.3829369,9.16e-07,0.02872122,0.0740485,0.04479328,0.02659989,0.02915397,0.06354609,0.04019654,0.0451647,0.06568659,0.06136926,0.004466079
116,96.74643,0.8204061,1.417e-06,0.3806931,1e-06,0.02929838,0.01429023,0.03325205,0.0327338,0.03374971,0.06396051,0.05261444,0.04772953,0.06643192,0.06120676,0.004443245
117,97.56683,0.8186722,1.25e-06,0.3826089,9.17e-07,0.02926305,0.01398582,0.03244296,0.03250271,0.03458163,0.06414309,0.05249144,0.04461045,0.06591667,0.06165134,0.004471995
118,98.3855,0.7876616,1.917e-06,0.385097,1.083e-06,0.02634647,0.01428482,0.03678604,0.03070213,0.02917205,0.06382851,0.03560854,0.03268505,0.06713092,0.06156059,0.004456495
119,99.17317,0.8456814,1.833e-06,0.4055253,1e-06,0.02908097,0.01427748,0.03312621,0.03232271,0.03378004,0.06519434,0.0527641,0.04738436,0.06693976,0.06081276,0.004470579
120,100.0188,0.7893766,1.25e-06,0.3832009,1.083e-06,0.02611422,0.01394732,0.03675304,0.03315563,0.02958688,0.06355376,0.03630079,0.03438238,0.06547709,0.06234076,0.004561494
121,100.8082,0.8169393,1.917e-06,0.3813169,8.34e-07,0.0284483,0.01420598,0.03274913,0.02796305,0.03591121,0.06412909,0.05276285,0.04682503,0.06728384,0.06074343,0.004597745
122,101.6252,0.865235,2.417e-06,0.3840447,9.16e-07,0.02890505,0.07405391,0.04554928,0.02607347,0.02648989,0.06471284,0.03870812,0.04478636,0.06543126,0.06189743,0.004579328
123,102.4904,0.8190898,1.417e-06,0.3821831,1e-06,0.02911805,0.01423607,0.03280713,0.03169846,0.03442746,0.06434618,0.05166686,0.04742411,0.06629767,0.06042526,0.004457078
124,103.3095,0.8177829,1.583e-06,0.3810224,8.33e-07,0.02732372,0.01429532,0.0321498,0.02480164,0.03847912,0.06524509,0.05656785,0.04391503,0.068654,0.06071751,0.004608995
125,104.1273,0.817206,1.083e-06,0.3800448,9.17e-07,0.0285283,0.01411673,0.03322888,0.02912688,0.03757404,0.06393076,0.05232044,0.04649045,0.06633867,0.06103935,0.004464661
126,104.9445,0.7847309,1.333e-06,0.3809472,1.083e-06,0.0258763,0.01425448,0.03703971,0.03368871,0.02905838,0.06346268,0.03589571,0.03174396,0.06648017,0.06171584,0.004565328
127,105.7292,0.7764576,1.417e-06,0.3816197,1.25e-06,0.02728322,0.01431415,0.03361263,0.02559997,0.03586371,0.06513892,0.03627396,0.02567905,0.06486959,0.0614631,0.004736911
128,106.5057,0.8178568,1.583e-06,0.3831963,1.083e-06,0.02934238,0.01427382,0.03232096,0.03125988,0.03359604,0.06507509,0.05186744,0.04549311,0.06596592,0.06094401,0.004519162
129,107.3235,0.78684,1.666e-06,0.3817921,1.084e-06,0.02578655,0.0142199,0.03706229,0.0327378,0.02965546,0.06347726,0.03605704,0.03244721,0.06831617,0.0608196,0.004465911
130,108.1104,0.8333737,1.417e-06,0.3804229,9.17e-07,0.02759297,0.04955603,0.05435235,0.02880263,0.03609471,0.06414742,0.03634112,0.02522214,0.06439392,0.06160193,0.004843244
131,108.9437,0.8982054,1.333e-06,0.385402,1e-06,0.02876555,0.07347266,0.04389862,0.0428057,0.03154996,0.06459776,0.05165544,0.04422486,0.06451767,0.06282793,0.004484995
132,109.8419,0.7816277,1.333e-06,0.3866548,1e-06,0.02669697,0.01428623,0.03362688,0.0256593,0.03704662,0.06463351,0.03626829,0.02646889,0.06402068,0.06175968,0.004503495
133,110.6236,0.8315006,1.667e-06,0.3787501,1.25e-06,0.02756038,0.04939411,0.05202552,0.03381038,0.03456071,0.06433493,0.03607804,0.02447589,0.06434001,0.06133076,0.004836911
134,111.4551,0.7769349,1.5e-06,0.3811936,9.17e-07,0.0274523,0.01423815,0.03511304,0.02524772,0.03455196,0.06447876,0.03699646,0.0258518,0.06606576,0.06122735,0.004515661
135,112.232,0.7910797,2.675e-05,0.3894095,1.083e-06,0.02570447,0.0144649,0.03608754,0.03296646,0.02712855,0.06308309,0.03597662,0.03388021,0.06549826,0.06227184,0.004580495
136,113.0231,0.8376041,1.584e-06,0.3814925,1.084e-06,0.0288903,0.07409491,0.04322853,0.02954005,0.0304083,0.06381276,0.02946655,0.02539614,0.06593284,0.06076376,0.004574828
137,113.8607,0.8231151,1.083e-06,0.3769779,1.083e-06,0.02656572,0.01450173,0.03683121,0.03478713,0.03333038,0.06401226,0.06362843,0.04105437,0.06437209,0.06232559,0.004726161
138,114.6838,0.8191185,1.833e-06,0.3815514,9.17e-07,0.02907822,0.0141684,0.03242246,0.03190555,0.03531021,0.06435842,0.05218944,0.04569103,0.06677409,0.06121768,0.004448912
139,115.5029,0.81527,1.084e-06,0.376705,1e-06,0.02858913,0.01422165,0.03292488,0.03235321,0.03366054,0.06415684,0.05250694,0.04761003,0.06672609,0.06123668,0.004576995
140,116.3182,0.8169875,1.833e-06,0.3804344,1e-06,0.02953813,0.0139479,0.03288188,0.02964246,0.03437671,0.06379784,0.05296919,0.04752795,0.06585276,0.0612056,0.004809827
141,117.1352,0.8641219,1e-06,0.3776156,8.34e-07,0.02877072,0.07402658,0.04555128,0.02614189,0.02678963,0.06364818,0.03912579,0.05138119,0.06453351,0.06199234,0.004543412
142,117.9993,0.7836734,1.417e-06,0.3779075,8.34e-07,0.02608705,0.01427382,0.03718921,0.03294313,0.02976596,0.06368126,0.03587029,0.03305488,0.06769042,0.06066009,0.004547578
143,118.783,0.7677214,1.833e-06,0.3797636,1.084e-06,0.02668805,0.01399448,0.03713471,0.03306938,0.02965221,0.06406468,0.02941288,0.02447389,0.06328476,0.06157759,0.004602245
144,119.5507,0.7840403,1.75e-06,0.380893,9.16e-07,0.02524022,0.01428748,0.03649187,0.03359321,0.02715663,0.06290434,0.03638612,0.03486038,0.06570601,0.06195676,0.004561661
145,120.3347,0.8130995,1.667e-06,0.3780721,8.33e-07,0.02784597,0.01432165,0.03277196,0.02522864,0.03796087,0.06461301,0.05222752,0.04773094,0.06700001,0.06079526,0.004529078
146,121.1478,0.8184065,1.334e-06,0.3793986,9.17e-07,0.0284248,0.01428323,0.03279246,0.02933005,0.03703121,0.06422634,0.05228152,0.04779428,0.06707884,0.0608026,0.004960328
147,121.9662,0.817294,1.583e-06,0.3788716,9.16e-07,0.02889472,0.01399407,0.03322896,0.03022555,0.03554196,0.06416951,0.05271719,0.04769603,0.06591259,0.06129868,0.004740744
148,122.7835,0.8152088,2.25e-06,0.3795034,1e-06,0.02820547,0.01428182,0.03271571,0.02797438,0.03568213,0.06423842,0.05313819,0.04763044,0.06658042,0.06078985,0.004465328
149,123.5987,0.7919019,1.5e-06,0.3835063,1e-06,0.02576455,0.01424023,0.03713096,0.03164446,0.02728755,0.06294018,0.03663162,0.03995129,0.067084,0.0612396,0.004478661
150,124.3906,0.7693883,1.5e-06,0.3807444,9.17e-07,0.02670622,0.01421532,0.03721221,0.03387538,0.02894605,0.06401318,0.02943296,0.02435539,0.06453443,0.06069343,0.004656995
151,125.16,0.8448342,1.333e-06,0.3782028,9.17e-07,0.02771505,0.05027027,0.04578103,0.02272764,0.02654839,0.06399851,0.05449502,0.04390845,0.06419126,0.06226001,0.004733494
152,126.0049,0.7737851,1.583e-06,0.3793812,9.16e-07,0.02795688,0.01423807,0.03405663,0.02497472,0.03631721,0.06452359,0.03599929,0.02552055,0.06550309,0.0608021,0.004509245
153,126.7787,0.7919764,1.584e-06,0.3812391,9.17e-07,0.02846738,0.01400107,0.03528887,0.03429446,0.0310058,0.06368384,0.03580704,0.03421088,0.06868634,0.06083093,0.004458245
154,127.5706,0.7755175,1.75e-06,0.3808212,1e-06,0.02741305,0.01425857,0.03397163,0.02447597,0.03797395,0.06467034,0.03570404,0.02625297,0.06333226,0.06212968,0.004511078
155,128.3461,0.8073112,2.417e-06,0.386379,1.167e-06,0.02902872,0.0146699,0.03219363,0.03124755,0.03398538,0.06424909,0.04031829,0.0429887,0.06540717,0.06228984,0.004550411
156,129.1535,0.8526111,1.584e-06,0.3826434,9.17e-07,0.02783063,0.04958986,0.04649869,0.02294681,0.03025563,0.06398584,0.05273035,0.0443702,0.06482242,0.06242168,0.004513078
157,130.0061,0.8179535,1.5e-06,0.3798213,9.17e-07,0.02898788,0.01400165,0.03326671,0.03289313,0.03393938,0.06501159,0.05163744,0.04690553,0.06615551,0.06087368,0.004457328
158,130.824,0.7875241,1.5e-06,0.3798337,1e-06,0.02644938,0.01424165,0.03710229,0.03329913,0.02912997,0.06462609,0.03596571,0.03441138,0.06556659,0.06242151,0.004474161
159,131.6115,0.7807807,1.167e-06,0.3776897,1.084e-06,0.02812688,0.01428307,0.03307488,0.03365696,0.03372746,0.06511017,0.03603929,0.02869305,0.06455517,0.06133276,0.004489078
160,132.3923,0.7741334,1.917e-06,0.3806402,9.17e-07,0.02809305,0.01423915,0.03446704,0.02509722,0.03420479,0.06454967,0.03597179,0.02571789,0.06576492,0.06087768,0.004507161
161,133.1665,0.7747565,1.083e-06,0.3776888,1.084e-06,0.0257068,0.01429673,0.03671187,0.02847305,0.02592914,0.06297851,0.03613179,0.03250438,0.06817325,0.06170376,0.004456245
162,133.9412,0.8134184,1.583e-06,0.3812741,9.16e-07,0.02913088,0.01396423,0.03289463,0.02915713,0.03134213,0.06361284,0.05249727,0.04725211,0.06669942,0.06104884,0.004542244
163,134.7546,0.8100629,1.583e-06,0.3789896,9.16e-07,0.02742388,0.01433065,0.03383204,0.02536072,0.03486229,0.06489709,0.05225269,0.04635178,0.06648592,0.06081493,0.004458828
164,135.5647,0.8332589,1.417e-06,0.3780681,9.16e-07,0.02813663,0.04954944,0.0549531,0.03293829,0.03383404,0.06390209,0.03608604,0.02416222,0.06557342,0.06131459,0.004738495
165,136.398,0.8180736,1.833e-06,0.3789139,9.17e-07,0.02916938,0.01394465,0.03326221,0.03320321,0.03354621,0.06401609,0.05275494,0.04687253,0.06657559,0.06132351,0.004488662
166,137.216,0.846124,1.584e-06,0.3798262,9.16e-07,0.02874263,0.07397783,0.04664453,0.02300622,0.0274223,0.06377234,0.03585554,0.03473071,0.06540459,0.06214501,0.004593578
167,138.0622,0.8134695,1.834e-06,0.3784783,8.33e-07,0.02746772,0.01396332,0.03382013,0.02486864,0.03562696,0.06457434,0.05241219,0.04806244,0.068744,0.06081618,0.004632578
168,138.8756,0.7677953,1.5e-06,0.3790289,1.166e-06,0.0263503,0.01395848,0.03352913,0.02483197,0.03170963,0.06489642,0.03611779,0.02742313,0.06315801,0.06219959,0.004589328
169,139.6434,0.787018,1.333e-06,0.3792983,8.33e-07,0.02597455,0.01423815,0.03636021,0.03354254,0.02998505,0.06359851,0.03584104,0.03421621,0.06692467,0.06258201,0.004454579
170,140.4304,0.7884379,2.167e-06,0.3823372,9.16e-07,0.0257368,0.01397632,0.03756262,0.03339063,0.02904147,0.06408151,0.03590471,0.03251071,0.06805434,0.06126626,0.004572245
171,141.2189,0.8665901,1.417e-06,0.3803319,8.34e-07,0.02889938,0.07414758,0.04599745,0.02583697,0.0269458,0.06360942,0.03861529,0.04947778,0.06770967,0.06053801,0.004478662
172,142.0855,0.8141479,1.25e-06,0.3795343,1.083e-06,0.02728238,0.01431007,0.03364046,0.02506889,0.03632329,0.06479651,0.05265502,0.04792986,0.067363,0.06068043,0.004561328
173,142.8996,0.7802959,1.417e-06,0.3793794,8.34e-07,0.0279448,0.01415107,0.03275754,0.02835972,0.03865404,0.06429251,0.03608579,0.0277788,0.06469234,0.06163684,0.004560828
174,143.6799,0.7803489,1.25e-06,0.3809245,8.34e-07,0.02886955,0.01418573,0.03327829,0.02825963,0.03568687,0.06393542,0.03588846,0.02848688,0.06523801,0.06099201,0.004601495
175,144.4603,0.8471053,1.584e-06,0.3799895,1e-06,0.02772305,0.04951869,0.03970862,0.02615322,0.0301293,0.06370326,0.0539811,0.04391628,0.06411334,0.06360809,0.004558244
176,145.3074,0.7750348,1.417e-06,0.382656,1e-06,0.02739555,0.01425765,0.03388663,0.02559422,0.03515046,0.06436584,0.03618196,0.02528355,0.06329634,0.06246001,0.004504161
177,146.0824,0.8188631,1.25e-06,0.382925,9.16e-07,0.02920113,0.01399932,0.0321968,0.02986488,0.03438888,0.06403551,0.05238994,0.04780728,0.06634609,0.06115735,0.004548745
178,146.9013,0.8117251,1.75e-06,0.381816,8.33e-07,0.02799222,0.0139294,0.03192046,0.03150071,0.03201013,0.06397384,0.05388677,0.04269662,0.06635392,0.06119143,0.004451078
179,147.713,0.8104781,1.667e-06,0.3780754,9.17e-07,0.0271958,0.01427515,0.03325446,0.02395822,0.03857079,0.06510159,0.05255652,0.04551895,0.06658375,0.0609271,0.004457828
180,148.5235,0.7660032,1.584e-06,0.3773284,9.16e-07,0.02637872,0.01432073,0.03376954,0.02478764,0.03100846,0.06473626,0.03622346,0.02763797,0.06288326,0.06231393,0.004612328
181,149.2895,0.8119647,1.417e-06,0.3840628,1.084e-06,0.0260078,0.0140679,0.03364021,0.02584189,0.03102713,0.06407343,0.05241377,0.04685636,0.06769292,0.06182601,0.004451994
182,150.1014,0.8398928,1.667e-06,0.385705,8.33e-07,0.02726413,0.04971353,0.04207245,0.02640164,0.02858397,0.06465817,0.03865237,0.04523895,0.06525092,0.06191384,0.004435328
183,150.9413,0.8230859,1.834e-06,0.3875878,9.17e-07,0.02836572,0.01429748,0.03257488,0.02789205,0.03559396,0.06538042,0.05234085,0.04646378,0.06654651,0.06156459,0.004475161
184,151.7644,0.8478733,1.583e-06,0.3855393,9.17e-07,0.02889988,0.07389483,0.04595845,0.02267464,0.0263218,0.06379309,0.03564679,0.03254921,0.06679317,0.06134793,0.004451745
185,152.6123,0.8822398,1.834e-06,0.3835314,9.17e-07,0.02902022,0.07417891,0.04545311,0.02312181,0.03037863,0.06406059,0.05265652,0.04728894,0.06425334,0.06381992,0.004473662
186,153.4945,0.8543586,1.666e-06,0.3864206,1.083e-06,0.02744022,0.04957511,0.04364636,0.02981496,0.03060613,0.06369651,0.04682361,0.0453432,0.06455651,0.06198176,0.004450828
187,154.3489,0.8190701,1.584e-06,0.3821875,1e-06,0.0281893,0.0142744,0.03266504,0.02867772,0.03593562,0.06433484,0.05297877,0.04726853,0.06707159,0.06092018,0.004564078
188,155.168,0.8213183,1.75e-06,0.3864623,1.083e-06,0.02727555,0.01442148,0.03392013,0.02547872,0.03691812,0.06463192,0.0573421,0.04302028,0.06655984,0.0608451,0.004439912
189,155.9893,0.8174324,1.083e-06,0.3804983,9.17e-07,0.02846947,0.01426632,0.03271929,0.02953688,0.03785554,0.06579884,0.05220536,0.0442647,0.06645234,0.06090534,0.004457995
190,156.8067,0.86523,1.417e-06,0.381407,9.99e-07,0.02876838,0.074069,0.04541311,0.02607472,0.02577205,0.06358743,0.03873329,0.04929977,0.06699317,0.06064568,0.004463994
191,157.6719,0.7844532,1.416e-06,0.3840527,1e-06,0.02607997,0.01403815,0.03633171,0.03363454,0.03496096,0.06416867,0.03632529,0.02384281,0.06567717,0.06073609,0.004602745
192,158.4564,0.7935696,1.166e-06,0.3802546,1.166e-06,0.02618914,0.0142504,0.03649996,0.03369046,0.03016046,0.06370918,0.03613537,0.03970262,0.06679084,0.06174076,0.004443579
193,159.25,0.86776,1.917e-06,0.3825064,8.33e-07,0.02873738,0.07412241,0.04571078,0.0261268,0.02720297,0.06408342,0.03893729,0.04835569,0.06446267,0.06303576,0.004475662
194,160.1177,0.7794206,1.333e-06,0.3805558,9.17e-07,0.02643147,0.0142754,0.03633154,0.03255563,0.02708713,0.06286917,0.03588404,0.03185846,0.06490559,0.06210676,0.004557328
195,160.8971,0.8200204,1.583e-06,0.3812586,9.17e-07,0.0292743,0.01407732,0.03225946,0.03081805,0.03504829,0.06426609,0.05259885,0.04688661,0.06654159,0.06252001,0.004468661
196,161.7172,0.863149,1.5e-06,0.382377,1.25e-06,0.0288423,0.07440774,0.05375344,0.0291453,0.03740612,0.06446609,0.03631504,0.02545547,0.06473034,0.06155184,0.004695578
197,162.5803,0.8480883,1.333e-06,0.37833,1e-06,0.02851388,0.05028077,0.03908737,0.02583164,0.03000655,0.06359951,0.05365677,0.04688619,0.06413642,0.06303484,0.004722078
198,163.4284,0.8138367,1.333e-06,0.3790053,9.16e-07,0.02740355,0.0140464,0.03357038,0.02574555,0.03561796,0.06475326,0.05252494,0.04797028,0.06787975,0.06084059,0.004476495
199,164.2422,0.8212809,1.084e-06,0.3791287,1.166e-06,0.02790822,0.04958011,0.05271635,0.03454129,0.02856297,0.06409609,0.02946788,0.02446889,0.06500326,0.06122801,0.004576828
200,165.0635,0.7847243,1.667e-06,0.380659,1e-06,0.02563105,0.01394798,0.03695146,0.03358829,0.02916497,0.06358292,0.03596062,0.0323508,0.06580775,0.06251751,0.004559244
201,165.8482,0.7718468,1.75e-06,0.3782729,1.167e-06,0.02742588,0.01427915,0.03316704,0.02465006,0.03704687,0.06446934,0.03608454,0.02494239,0.06389501,0.06313176,0.004478911
202,166.6201,0.8288553,2.584e-06,0.3872636,8.33e-07,0.0293618,0.01433898,0.03255954,0.03060605,0.03685537,0.06541284,0.05208952,0.04777611,0.06701,0.06109051,0.004487495
203,167.4489,0.8464193,1.166e-06,0.3797321,9.16e-07,0.02882805,0.07396783,0.04608911,0.02385672,0.02596522,0.06440017,0.03578362,0.03425296,0.06555442,0.06344759,0.004539495
204,168.2954,0.8514757,1.417e-06,0.380811,1.166e-06,0.0276588,0.04928561,0.04512061,0.02982488,0.02837922,0.06379926,0.04736078,0.04686978,0.06685825,0.06090251,0.004602494
205,169.1468,0.7875432,1.417e-06,0.3788906,1e-06,0.02609097,0.01429257,0.03717471,0.03293396,0.0299388,0.06356492,0.03603387,0.03408354,0.06832617,0.06174218,0.004468495
206,169.9344,0.8182434,1.75e-06,0.3820045,8.34e-07,0.0271623,0.0144594,0.03336746,0.02553855,0.03720604,0.06479534,0.0525661,0.04740403,0.06842234,0.06072676,0.004587995
207,170.7526,0.8497072,1.166e-06,0.3779459,9.16e-07,0.02770547,0.04965436,0.04173212,0.02619055,0.03003705,0.06364134,0.05299219,0.04805844,0.06627775,0.06099576,0.004474245
208,171.6023,0.7748673,1.583e-06,0.3807326,1e-06,0.02745713,0.0143394,0.03333863,0.02497264,0.03691321,0.06460742,0.03589171,0.02532622,0.06566409,0.06111476,0.004506995
209,172.3772,0.8189604,1.583e-06,0.3802921,8.33e-07,0.02818647,0.01429007,0.03270571,0.02940038,0.03570021,0.06528701,0.05271952,0.04739036,0.06594059,0.06247068,0.004574911
210,173.1962,0.8190339,2e-06,0.3806704,1e-06,0.02940038,0.0140404,0.03285938,0.0317663,0.03502154,0.06428917,0.05565035,0.04359303,0.0661485,0.06110384,0.004487578
211,174.0152,0.8435858,1.333e-06,0.3786329,9.17e-07,0.02878113,0.07414325,0.04643995,0.02279947,0.02720472,0.06381017,0.03586979,0.03284255,0.06528584,0.06331401,0.004459828
212,174.8588,0.7890349,1.916e-06,0.3830795,1e-06,0.02876897,0.01396415,0.03322796,0.03199846,0.03531396,0.06397267,0.03614404,0.02891255,0.06566509,0.06350551,0.004479162
213,175.6478,0.7870934,1.25e-06,0.3790955,9.17e-07,0.0264628,0.01423757,0.03710729,0.03313629,0.02970021,0.06361367,0.03589621,0.03408188,0.0675905,0.06170768,0.004461661
214,176.4349,0.8482064,1.667e-06,0.3803036,1e-06,0.02761897,0.04966886,0.03904279,0.02621564,0.0293393,0.06376059,0.05420869,0.04647503,0.06438184,0.06233284,0.004855577
215,177.2831,0.8091815,1.417e-06,0.3786078,1.25e-06,0.02750605,0.04962269,0.04579045,0.0297243,0.02788747,0.06356343,0.02988805,0.02549597,0.06331442,0.06327101,0.004507245
216,178.0923,0.8511747,1.916e-06,0.3822163,1.167e-06,0.02765963,0.04964136,0.0440402,0.02969947,0.0303408,0.06380626,0.04678803,0.04647103,0.06424151,0.06178976,0.004477328
217,178.9435,0.7846057,1.25e-06,0.3796187,1e-06,0.0281343,0.01432448,0.0328723,0.02978521,0.03533296,0.06482709,0.03628521,0.0302753,0.0667295,0.06196134,0.004457078
218,179.7281,0.7847419,1.666e-06,0.3787113,9.17e-07,0.02827313,0.01396548,0.03337671,0.03170521,0.03526604,0.06379559,0.03556004,0.03198188,0.06495726,0.06240684,0.004739827
219,180.5128,0.8084821,1.084e-06,0.3785791,9.16e-07,0.02752188,0.04968461,0.04493778,0.02923688,0.0282798,0.06360534,0.0297073,0.02565897,0.06332359,0.06343734,0.004507578
220,181.3213,0.8522482,2.166e-06,0.3828006,1e-06,0.02742005,0.04967494,0.04167487,0.02627114,0.02925588,0.06381301,0.05371369,0.04602803,0.06439667,0.06274501,0.004451162
221,182.1735,0.8644022,1.333e-06,0.379358,8.33e-07,0.02877605,0.07413,0.05634535,0.03170305,0.02870097,0.06330242,0.03586237,0.03278654,0.06752759,0.06143626,0.004471494
222,183.0379,0.7786234,1.167e-06,0.3785497,9.17e-07,0.0263588,0.0142619,0.03633287,0.03276454,0.03489129,0.06439259,0.03601846,0.02392639,0.06577917,0.06077801,0.004567578
223,183.8166,0.7835417,1.667e-06,0.3792868,1e-06,0.02821988,0.0139639,0.03377071,0.03234871,0.03502363,0.06418226,0.03605687,0.02877422,0.06395967,0.06344643,0.004505911
224,184.6001,0.817942,1.666e-06,0.3803658,9.17e-07,0.02922672,0.0139584,0.03327863,0.03246755,0.03500813,0.06394893,0.05249177,0.04489945,0.06545017,0.06236543,0.004478495
225,185.4181,0.7804372,1e-06,0.3791144,7.5e-07,0.02621305,0.01414657,0.03651637,0.03411013,0.03526962,0.06422659,0.03601929,0.02451372,0.06493334,0.06069801,0.004674411
226,186.1985,0.7735089,1.084e-06,0.3813736,9.17e-07,0.02716355,0.01396365,0.03400254,0.02514839,0.03496029,0.06448142,0.03613579,0.02484339,0.06561492,0.06132159,0.004497744
227,186.972,0.8514742,2e-06,0.3877391,1e-06,0.02880505,0.07416033,0.04589903,0.02330047,0.02695772,0.06370859,0.03578454,0.03104446,0.066377,0.06324093,0.004453995
228,187.8235,0.7710545,1.75e-06,0.384017,9.17e-07,0.02570639,0.01394582,0.03371004,0.02626697,0.0307833,0.06357609,0.03607037,0.0263438,0.06436826,0.06144818,0.004815577
229,188.5945,0.817806,1.833e-06,0.3791281,9.17e-07,0.02820205,0.01425382,0.03236679,0.03077638,0.03516938,0.06439592,0.05299302,0.04765136,0.066024,0.06219759,0.004644911
230,189.4123,0.7864577,1.667e-06,0.3818346,9.17e-07,0.0264763,0.01425798,0.03729437,0.03209104,0.02728297,0.06302234,0.03588554,0.03408171,0.0683975,0.06136326,0.004467411
231,190.1988,0.82179,1.75e-06,0.3803525,9.17e-07,0.02918396,0.01430807,0.03375729,0.03289138,0.03445154,0.06398634,0.05287377,0.04726686,0.06629684,0.06184151,0.004577245
232,191.0206,0.7811534,1.25e-06,0.3793187,1.083e-06,0.02877588,0.01393573,0.03352804,0.03165671,0.03513779,0.06384784,0.03633996,0.02789147,0.06501034,0.06111984,0.004588744
233,191.8017,0.7888629,2.083e-06,0.3814616,1e-06,0.02574655,0.0142724,0.03703962,0.03323096,0.02978063,0.06366292,0.03590012,0.03402738,0.06775925,0.06154084,0.004437495
234,192.5906,0.7877059,1.75e-06,0.3823258,1.084e-06,0.0258613,0.01426048,0.03706679,0.03165513,0.03050138,0.06378193,0.03588804,0.03442746,0.06531534,0.06211476,0.004504662
235,193.3783,0.8181107,1.584e-06,0.3810575,8.33e-07,0.02879255,0.01477532,0.03322446,0.03310638,0.03350779,0.06496551,0.05250352,0.04326911,0.06486201,0.06359067,0.004453412
236,194.1964,0.8225349,1.666e-06,0.3825887,1e-06,0.02865672,0.01429607,0.03288121,0.03155655,0.03494996,0.06425909,0.05232494,0.04753819,0.06807342,0.06094109,0.004466329
237,195.019,0.8644381,1.416e-06,0.3795814,9.17e-07,0.02882247,0.07410516,0.0457282,0.02599997,0.02652755,0.06354642,0.0386072,0.04948469,0.0670055,0.0605811,0.004446162
238,195.8834,0.8462338,1.334e-06,0.3823093,8.33e-07,0.02881772,0.07389341,0.04635694,0.02334214,0.02666239,0.06404726,0.03571079,0.03275596,0.06533184,0.06242459,0.004579328
239,196.7296,0.805114,1.084e-06,0.3795738,9.17e-07,0.02745713,0.01397615,0.03351579,0.02364539,0.0308208,0.06476784,0.05239635,0.04711695,0.066466,0.06091351,0.004462245
240,197.5347,0.7876902,1.333e-06,0.3812627,8.33e-07,0.02698639,0.01425907,0.03683979,0.03338829,0.03001305,0.06352668,0.03593371,0.03262546,0.06646342,0.06194884,0.004440661
241,198.3224,0.7835457,1.583e-06,0.3836134,8.33e-07,0.02823963,0.01396848,0.03288029,0.03244413,0.03434538,0.06403792,0.03571738,0.0276273,0.06517509,0.06098943,0.004504911
242,199.106,0.8246848,1.417e-06,0.3853448,8.33e-07,0.0292423,0.01400215,0.03323521,0.03304513,0.03397004,0.06415217,0.05252794,0.04709028,0.06587434,0.06145234,0.004745827
243,199.9307,0.8561176,1.5e-06,0.3838699,1.167e-06,0.02716438,0.04966086,0.0450487,0.02918963,0.0310103,0.06364193,0.04697069,0.04781969,0.06679242,0.06048051,0.004465912
244,200.7868,0.8638943,1.333e-06,0.3830881,9.17e-07,0.0288808,0.07382908,0.04582361,0.02614547,0.0284543,0.06365651,0.03861112,0.04350337,0.06563751,0.06178301,0.004479161
245,201.6507,0.8128672,1.333e-06,0.3836896,9.17e-07,0.02811313,0.04967936,0.04438511,0.02943522,0.02822755,0.06361034,0.02925055,0.02525655,0.06545367,0.06097601,0.004787827
246,202.4635,0.7846269,1.833e-06,0.3888855,9.16e-07,0.02822547,0.01431048,0.03366813,0.02517822,0.03628762,0.06446876,0.03602546,0.02660197,0.06481576,0.06131043,0.004846411
247,203.2482,0.8054436,2.083e-06,0.3803671,9.16e-07,0.0258468,0.01423415,0.03263238,0.02231206,0.03110846,0.06512342,0.05283377,0.04732703,0.06830867,0.06087318,0.004473579
248,204.0536,0.7776275,1.25e-06,0.3837376,8.34e-07,0.0271663,0.01421948,0.03337304,0.02464239,0.03704346,0.06439217,0.03591671,0.02490064,0.06680809,0.06094634,0.004479162
249,204.8312,0.7920136,1.167e-06,0.3849895,1e-06,0.02645947,0.01423107,0.03724412,0.03298846,0.02996663,0.06354584,0.03590004,0.03412746,0.06564917,0.06243159,0.004477994
250,205.6232,0.8197991,1.917e-06,0.3844113,9.17e-07,0.0287393,0.01395048,0.03271221,0.03263496,0.03397379,0.06505701,0.05249185,0.04472995,0.06422442,0.06215576,0.004715244
251,206.443,0.8493104,1.334e-06,0.3795692,1e-06,0.02732214,0.04963694,0.03965629,0.02595972,0.03026905,0.06404626,0.05292977,0.04737869,0.06728525,0.06077418,0.004480578
252,207.2924,0.8461357,1.25e-06,0.3800132,9.16e-07,0.02766363,0.04961302,0.04681353,0.02323664,0.02643772,0.06368342,0.05290202,0.04462936,0.06413276,0.06216743,0.004840827
253,208.1385,0.8134962,1.167e-06,0.3790099,9.17e-07,0.02791072,0.01424198,0.03301238,0.02402697,0.03734162,0.06474242,0.05286244,0.04779019,0.06731009,0.06079051,0.004454911
254,208.952,0.8212294,1.834e-06,0.3808829,1.084e-06,0.02814638,0.04982411,0.04608503,0.0233093,0.0262423,0.06555284,0.03625071,0.03299579,0.06501901,0.06244359,0.004474494
255,209.7732,0.8430597,1.25e-06,0.3801895,9.16e-07,0.02769088,0.04939594,0.0527536,0.03461288,0.03000588,0.06400709,0.03590896,0.03398854,0.06891892,0.06101343,0.004571911
256,210.6163,0.7857784,1.75e-06,0.3827235,1.084e-06,0.02815697,0.01400798,0.03281913,0.03215505,0.03560596,0.06404342,0.03623529,0.02950638,0.06448676,0.06152851,0.004506577
257,211.4021,0.7795731,1.584e-06,0.3804385,1.167e-06,0.02643364,0.01429298,0.03657654,0.03203521,0.03458187,0.06425459,0.03620812,0.02421522,0.06441226,0.06137793,0.004743494
258,212.1816,0.7853407,1.25e-06,0.3808412,8.33e-07,0.0267593,0.01424532,0.03726071,0.03339263,0.02946746,0.06368134,0.03572712,0.03156188,0.06698817,0.06082126,0.004592245
259,212.967,0.8108959,1.167e-06,0.38005,9.17e-07,0.02747988,0.0143064,0.03373554,0.0250658,0.03447546,0.06543017,0.0523226,0.04607278,0.06647192,0.06095426,0.004528912
260,213.7779,0.7757141,1.416e-06,0.3811824,9.17e-07,0.02762672,0.01422148,0.03581354,0.02781247,0.03334163,0.06445701,0.03668004,0.02434314,0.06498459,0.06067051,0.004578245
261,214.5536,0.8186783,1.5e-06,0.3807788,1e-06,0.02738047,0.01427882,0.03334946,0.02470047,0.0388847,0.06547826,0.05254352,0.04742761,0.068414,0.06087601,0.004563662
262,215.3723,0.8764099,1.5e-06,0.3794087,1.167e-06,0.02741805,0.04977002,0.0547596,0.02946338,0.03834054,0.06416142,0.05201419,0.04795461,0.0678125,0.06086459,0.004439578
263,216.2487,0.7882021,1.417e-06,0.3803308,8.33e-07,0.02621939,0.01416073,0.03651821,0.03382188,0.02999571,0.06356776,0.03622687,0.03432513,0.066862,0.06159551,0.004575911
264,217.0369,0.7732694,1.667e-06,0.3809543,1e-06,0.02655055,0.01428282,0.03358229,0.0251808,0.03513704,0.06411334,0.03605887,0.02640305,0.06570134,0.0607886,0.004513744
265,217.8101,0.7715284,1.417e-06,0.3804685,9.17e-07,0.02757922,0.01426057,0.03312213,0.02422489,0.03641412,0.06440401,0.03604154,0.0247853,0.06399009,0.06163559,0.004600161
266,218.5817,0.7983059,2.333e-06,0.3930053,9.16e-07,0.02619789,0.01414465,0.03670346,0.03353288,0.02897596,0.06429276,0.03616646,0.03263213,0.066194,0.06187318,0.004583995
267,219.38,0.7826444,1.75e-06,0.3814456,1e-06,0.02539139,0.01393473,0.03439921,0.03338263,0.03101755,0.06352017,0.03939895,0.02880838,0.06604759,0.06079043,0.004504994
268,220.1626,0.7732388,1.25e-06,0.3785308,1.167e-06,0.02749197,0.01426398,0.03512371,0.02847472,0.03292913,0.06535167,0.03634721,0.02431747,0.06450176,0.06134101,0.004562994
269,220.9359,0.8201165,1.833e-06,0.3786355,1.083e-06,0.02879438,0.0141034,0.03313688,0.03389263,0.03349154,0.06499217,0.0522561,0.04734053,0.06819,0.06081434,0.004466078
270,221.756,0.7766289,2.083e-06,0.3824626,8.34e-07,0.02728597,0.01392873,0.03383738,0.02513755,0.03739654,0.06450067,0.03579304,0.02465722,0.06625934,0.06086226,0.004504661
271,222.5326,0.8156601,1.583e-06,0.3789798,1e-06,0.02868588,0.01394265,0.03268688,0.02907263,0.03429796,0.06511217,0.05352485,0.04726519,0.06580025,0.06144084,0.004848411
272,223.3483,0.8276044,1.917e-06,0.3821855,9.17e-07,0.02605964,0.0143209,0.03714771,0.03310421,0.03496696,0.06422692,0.06372226,0.04094337,0.06418334,0.06224209,0.004498662
273,224.1759,0.8239607,1.25e-06,0.3768496,1e-06,0.02572697,0.0142744,0.03637121,0.03466363,0.03565362,0.06440851,0.06452801,0.04029353,0.06430392,0.06235109,0.004533911
274,224.9998,0.7746172,1.75e-06,0.3801817,1e-06,0.02673889,0.01423998,0.03396004,0.02542714,0.03708729,0.06457242,0.03605046,0.0256168,0.06479642,0.06144468,0.004498578
275,225.7744,0.7874336,2.5e-06,0.3860945,8.33e-07,0.02665247,0.01422548,0.03650371,0.03284354,0.03504079,0.06460901,0.03599046,0.02379397,0.06632626,0.06082726,0.004522828
276,226.5619,0.8457362,1.666e-06,0.3797039,9.17e-07,0.02918563,0.07388899,0.04595278,0.02285781,0.02718347,0.06401634,0.03607096,0.03465354,0.0653745,0.06227751,0.004568161
277,227.4076,0.7819796,2.083e-06,0.3788788,9.17e-07,0.0281908,0.01394748,0.03316913,0.03297154,0.03509121,0.06378167,0.03610921,0.02804913,0.06605025,0.06112268,0.004614662
278,228.1896,0.8193361,1.833e-06,0.3825671,9.17e-07,0.02922246,0.01423148,0.03250263,0.03192588,0.03613962,0.06505159,0.05235069,0.04419328,0.06426867,0.06214668,0.004733244
279,229.0089,0.7656929,1.083e-06,0.3773037,1.167e-06,0.0268453,0.01429207,0.03608446,0.03383971,0.02961622,0.06366767,0.02929647,0.02450389,0.06475392,0.06100018,0.004487078
280,229.7746,0.7853424,1.667e-06,0.3819065,8.34e-07,0.02657863,0.01425557,0.03719571,0.03197455,0.02706955,0.06288618,0.03593804,0.03412921,0.06707784,0.06177793,0.004550161
281,230.56,0.8122024,1.75e-06,0.3789995,1e-06,0.0273503,0.01394657,0.03324304,0.02417122,0.03583912,0.06463617,0.05280677,0.04719711,0.06855208,0.06097993,0.004477745
282,231.3722,0.7914964,1.667e-06,0.379006,1e-06,0.0260478,0.01432365,0.03703679,0.03304646,0.02964363,0.06347976,0.03629454,0.04013545,0.06619434,0.06182451,0.004460828
283,232.1637,0.8021221,1.75e-06,0.3790802,1e-06,0.02594705,0.01431548,0.03211929,0.02163489,0.03084988,0.06399401,0.0538766,0.04712203,0.06762134,0.06098318,0.004575411
284,232.9658,0.8260962,1.583e-06,0.3821726,1.083e-06,0.0289638,0.07406775,0.04001745,0.0296168,0.02708322,0.06340734,0.02602389,0.02435039,0.06431959,0.06140059,0.004670078
285,233.7919,0.7798446,1.75e-06,0.37884,9.17e-07,0.02609414,0.01427857,0.03698804,0.03022338,0.02638338,0.06300159,0.03612146,0.03424246,0.06725809,0.06160451,0.004806244
286,234.5717,0.7697493,1.833e-06,0.382232,9.17e-07,0.02572614,0.01423857,0.03396663,0.02443039,0.0309813,0.06471409,0.03611754,0.02751597,0.06311684,0.06220018,0.004506995
287,235.3415,0.8627943,1.333e-06,0.379129,1.083e-06,0.02893288,0.07395458,0.05235669,0.03464371,0.0301588,0.06400176,0.03588637,0.0316988,0.06520142,0.06221109,0.004616828
288,236.2043,0.8106991,1.5e-06,0.3819316,1e-06,0.02744872,0.04957511,0.0445637,0.02965046,0.02652538,0.06342526,0.02949813,0.02718505,0.06397342,0.06219501,0.004724744
289,237.015,0.8587255,2.083e-06,0.37978,1e-06,0.02886655,0.07418491,0.05254352,0.03373479,0.03449954,0.06410801,0.03616754,0.02402964,0.06477084,0.06134809,0.004688912
290,237.8737,0.7737132,1.75e-06,0.380887,9.17e-07,0.02717572,0.01423907,0.03403604,0.02549222,0.03498896,0.06469317,0.03636704,0.02459239,0.06595242,0.06078509,0.004501328
291,238.6474,0.8172598,1.333e-06,0.37911,1.334e-06,0.0294553,0.0139564,0.03275321,0.03448854,0.03329446,0.06384542,0.05329519,0.04499378,0.06591492,0.06169643,0.004453495
292,239.4647,0.7894201,1.833e-06,0.3813852,9.16e-07,0.02756172,0.01394648,0.03719737,0.03287029,0.0291118,0.06375534,0.03602079,0.03417362,0.06762109,0.06129109,0.004482578
293,240.2541,0.7830879,1.583e-06,0.3789275,1e-06,0.02865763,0.01428073,0.03366771,0.03251904,0.03526096,0.06386626,0.03599737,0.02881196,0.06547209,0.06111784,0.004506162
294,241.0372,0.8160859,1.666e-06,0.3805186,8.33e-07,0.0278858,0.01415473,0.03397829,0.02524497,0.03629787,0.06457834,0.05448527,0.04617844,0.0674205,0.06083401,0.004506494
295,241.8533,0.8478857,1.333e-06,0.3790235,1e-06,0.02773455,0.04947594,0.03982595,0.02613614,0.03020121,0.06379092,0.0529606,0.04747936,0.06427767,0.06224093,0.004736577
296,242.7012,0.7834571,1.5e-06,0.3801501,1.25e-06,0.02879072,0.01397307,0.03387821,0.03245079,0.03461562,0.06420917,0.03599754,0.02877872,0.06507692,0.06101143,0.004522078
297,243.4846,0.7814817,1.667e-06,0.3813936,1e-06,0.02603405,0.01428007,0.03681379,0.03336379,0.02877155,0.06359209,0.03603646,0.03038488,0.06419176,0.06211734,0.004499661
298,244.2661,0.8367535,1.75e-06,0.3831016,1e-06,0.02817188,0.04897419,0.0393717,0.03845437,0.0313073,0.06504401,0.03909854,0.03210171,0.06444717,0.06193843,0.004739827
299,245.1028,0.8158866,1.166e-06,0.3831128,1.167e-06,0.02709855,0.01429607,0.03326146,0.02434647,0.03581496,0.06528826,0.05260919,0.04734094,0.06740667,0.06083676,0.004472161
300,245.9187,0.8189801,1.084e-06,0.383841,1e-06,0.02756063,0.01424515,0.03284304,0.02451364,0.03788587,0.06407417,0.05233285,0.04803753,0.06796684,0.06111426,0.004563078
301,246.7377,0.8200727,1.167e-06,0.3777212,1e-06,0.02533055,0.01413098,0.03643437,0.03358279,0.03522129,0.06422776,0.05073744,0.04930511,0.06786217,0.06093843,0.004578412
302,247.5578,0.7845809,1.333e-06,0.3834113,1e-06,0.02621839,0.01428815,0.03672196,0.03283854,0.03428362,0.06513584,0.03625171,0.02554897,0.06319259,0.06217743,0.004510078
303,248.3424,0.788719,1.667e-06,0.3826876,1.166e-06,0.0266953,0.01396248,0.03706121,0.03289788,0.02952247,0.06374309,0.03616021,0.03306438,0.06766467,0.06069484,0.004561995
304,249.1311,0.8189152,1.333e-06,0.381126,9.16e-07,0.02875647,0.01400465,0.03271513,0.03188538,0.03622821,0.06509259,0.05291377,0.04395286,0.06529001,0.06250234,0.004445494
305,249.95,0.7840062,1.5e-06,0.383476,9.17e-07,0.02795213,0.01420698,0.03331013,0.03193555,0.03411563,0.06418467,0.03612237,0.02823372,0.06518992,0.06069576,0.004580995
306,250.734,0.8248105,1.083e-06,0.3832783,9.17e-07,0.02898772,0.0142869,0.03326921,0.03244196,0.03558629,0.06408759,0.0524546,0.04717111,0.06794192,0.06084184,0.004461078
307,251.5588,0.7871644,1.333e-06,0.3829386,9.17e-07,0.02900988,0.01428065,0.03497496,0.02977938,0.03616829,0.06422767,0.03629204,0.02804755,0.06592134,0.06093951,0.004582244
308,252.346,0.7932311,1.75e-06,0.3849295,9.17e-07,0.0260703,0.01416148,0.03623771,0.03393946,0.02994288,0.06378684,0.03590962,0.03373929,0.069087,0.06098201,0.004442328
309,253.1392,0.8467732,1.584e-06,0.3828804,1.166e-06,0.02886338,0.07397708,0.04627261,0.02320256,0.02748263,0.06374126,0.03574604,0.03236079,0.06541334,0.06223584,0.004594578
310,253.986,0.7926191,1.416e-06,0.380067,9.17e-07,0.02573864,0.0142999,0.03635304,0.03430729,0.02958255,0.06350267,0.03635996,0.03971804,0.06676192,0.06146076,0.004464994
311,254.7786,0.7895423,1.833e-06,0.3823642,1e-06,0.02579539,0.01423182,0.03690279,0.03303271,0.0302888,0.06380276,0.03604046,0.03365804,0.06751775,0.06145443,0.004450328
312,255.5681,0.7788952,1.667e-06,0.3829296,9.16e-07,0.02783872,0.01395982,0.03275721,0.02955972,0.03368646,0.06387451,0.03573404,0.02834788,0.06493834,0.06078009,0.004486244
313,256.347,0.8226192,1.333e-06,0.3815704,9.16e-07,0.02880497,0.07406483,0.03839762,0.03037705,0.02589547,0.06340309,0.02589664,0.02445955,0.06293501,0.06230001,0.004512328
314,257.1697,0.8252292,1.416e-06,0.381478,1e-06,0.02877838,0.07416541,0.03704546,0.02933971,0.02963905,0.06354292,0.02600797,0.02439589,0.06505126,0.06106993,0.004712744
315,257.9949,0.7893056,2e-06,0.3897985,1.083e-06,0.02790597,0.01434182,0.03285388,0.03139355,0.03555996,0.06419601,0.03620546,0.0272733,0.06299759,0.06223318,0.004543328
316,258.7842,0.7703869,1.25e-06,0.3826341,1e-06,0.02653547,0.01394473,0.03671821,0.03356013,0.02861763,0.06439901,0.0293483,0.0235628,0.06567892,0.06081093,0.004574412
317,259.5546,0.7801987,1.917e-06,0.381613,1e-06,0.02777297,0.01398107,0.03529137,0.0291798,0.03540104,0.06437717,0.03643162,0.02425989,0.0657455,0.06129451,0.004847911
318,260.3348,0.8307531,1.583e-06,0.3849105,1e-06,0.02651605,0.01424182,0.03640562,0.03359746,0.03511471,0.06426792,0.06467834,0.03993387,0.06435367,0.06211576,0.004614745
319,261.1655,0.8080312,1.584e-06,0.3809121,1e-06,0.02904313,0.04907378,0.04337953,0.02969563,0.0282708,0.06359184,0.02923038,0.0243603,0.06499492,0.06099451,0.004481661
320,261.9736,0.8244311,1.5e-06,0.3841888,1e-06,0.02923955,0.01431182,0.03266588,0.03028821,0.03599487,0.06618292,0.0589676,0.04154262,0.06412967,0.06219209,0.004724578
321,262.798,0.8284588,1.25e-06,0.3810551,1.25e-06,0.02878421,0.07426383,0.0390357,0.02888163,0.03006805,0.06506251,0.02590922,0.02422647,0.06503934,0.06161551,0.004514662
322,263.6265,0.8327598,1.167e-06,0.3796724,1.084e-06,0.02731055,0.04964069,0.0536741,0.02949246,0.03608454,0.06397917,0.03622629,0.0256928,0.06495817,0.06152618,0.004500161
323,264.4592,0.7785739,1.334e-06,0.3802661,9.17e-07,0.02817213,0.01423932,0.03274171,0.02914263,0.03641654,0.06409134,0.03582487,0.02703947,0.06487642,0.06125468,0.004506411
324,265.2378,0.7936419,1.666e-06,0.3816177,1e-06,0.02619022,0.01422348,0.03692471,0.03291996,0.02979113,0.06361134,0.03632237,0.03945179,0.06628042,0.06185401,0.004452078
325,266.0314,0.8168869,1.667e-06,0.3803608,9.17e-07,0.02683538,0.01425557,0.03376104,0.02460239,0.0380292,0.06472067,0.05326694,0.04800128,0.06753559,0.06095359,0.004561828
326,266.8483,0.8173491,1.584e-06,0.3816797,8.33e-07,0.02881138,0.01420332,0.03229588,0.03185171,0.03200955,0.06385217,0.05297544,0.04757203,0.06624259,0.06137818,0.004474745
327,267.6657,0.7777492,1.25e-06,0.3780652,1.083e-06,0.02642605,0.01428932,0.03688912,0.03192888,0.03466871,0.06417551,0.03613612,0.02459922,0.06435109,0.06148434,0.004733244
328,268.4434,0.7746003,1.583e-06,0.3804225,9.17e-07,0.0275783,0.01421473,0.03404438,0.02434572,0.03732171,0.06450201,0.03586804,0.02513739,0.06490034,0.06152918,0.004733577
329,269.218,0.8429512,1.667e-06,0.3790707,7.5e-07,0.02881613,0.07400025,0.04596003,0.02232947,0.02675605,0.06368609,0.03575029,0.03386488,0.06726292,0.06096576,0.004486245
330,270.061,0.8283328,1.667e-06,0.3830746,9.17e-07,0.02876313,0.07389758,0.0391172,0.02981955,0.02888571,0.06364034,0.02624097,0.02456414,0.06447334,0.06134084,0.004512828
331,270.8893,0.8168711,1.667e-06,0.378387,1e-06,0.0281333,0.01431207,0.03233013,0.03006521,0.03492912,0.06419351,0.05265819,0.04792728,0.06857208,0.06075259,0.004607911
332,271.7062,0.8657849,1.75e-06,0.3792033,1.084e-06,0.02890113,0.07414883,0.0520781,0.03481846,0.03048713,0.06392584,0.03602296,0.03256513,0.0680245,0.06103309,0.004573578
333,272.572,0.815149,1.75e-06,0.3808108,1e-06,0.02747005,0.01422348,0.03504046,0.0245473,0.03560471,0.06476676,0.05258027,0.04771628,0.06713534,0.06077859,0.004472244
334,273.3871,0.8198789,1.416e-06,0.3822023,1e-06,0.02865321,0.01413815,0.03293146,0.03340371,0.03570862,0.06396659,0.0522426,0.04458253,0.06575217,0.06154926,0.004745911
335,274.207,0.8464464,1.75e-06,0.3806546,1e-06,0.0292558,0.07397016,0.04659145,0.02337955,0.0276808,0.06386884,0.03605104,0.03246263,0.06571784,0.06224434,0.004566578
336,275.0534,0.8671661,1.334e-06,0.3822242,1e-06,0.02887855,0.07411083,0.05209569,0.03479721,0.02916988,0.06386976,0.03592337,0.03268121,0.0677355,0.06120834,0.004469244
337,275.9206,0.8158877,1.666e-06,0.3793055,1.083e-06,0.02874705,0.01395848,0.03294638,0.0294683,0.03453179,0.06401251,0.05312885,0.04780986,0.06583267,0.06140218,0.004741328
338,276.7365,0.8072459,1.833e-06,0.3812657,1e-06,0.0292133,0.04894253,0.04573303,0.02964871,0.0280578,0.06342559,0.02598172,0.0236538,0.06564842,0.06117751,0.004494994
339,277.5437,0.8151065,1.4667e-05,0.3778797,1e-06,0.0282053,0.01425082,0.03285596,0.02851963,0.03527096,0.06534626,0.0532036,0.04721619,0.066593,0.06129551,0.004453911
340,278.3588,0.7769391,1.917e-06,0.3814682,1.25e-06,0.02674322,0.01399232,0.03397079,0.02486464,0.03868054,0.06409309,0.03627612,0.02626372,0.06526575,0.06080168,0.004515828
341,279.1358,0.8783318,1.333e-06,0.3798975,9.16e-07,0.02883872,0.07393758,0.04446561,0.0260483,0.02941088,0.06414742,0.05337585,0.04680986,0.06448267,0.06217218,0.004742994
342,280.0141,0.8145491,1.5e-06,0.3800661,1.166e-06,0.02756588,0.01396598,0.03364346,0.02442747,0.03566204,0.06451617,0.05852235,0.04328928,0.06753942,0.06083209,0.004516162
343,280.8287,0.8156086,1.417e-06,0.3787163,1e-06,0.02882547,0.01395715,0.03325546,0.03232904,0.03524787,0.06385076,0.05295752,0.04435195,0.06517092,0.06213142,0.004812327
344,281.6443,0.7721841,1.666e-06,0.379215,9.16e-07,0.02679605,0.01426623,0.03284063,0.02520764,0.0369412,0.06455067,0.03575596,0.0255113,0.06564167,0.06093884,0.004516328
345,282.4164,0.8156484,2.667e-06,0.3925776,1e-06,0.02765997,0.04952702,0.03888637,0.02951796,0.0297088,0.06325542,0.02920013,0.02519647,0.06335726,0.06227601,0.004481744
346,283.2321,0.7741094,1.583e-06,0.3805393,1.167e-06,0.02747188,0.01429132,0.03331071,0.02550055,0.03592121,0.06444217,0.03603837,0.02529472,0.06577692,0.06102234,0.004497161
347,284.0062,0.8257456,2.333e-06,0.3862068,1.083e-06,0.02866122,0.01407673,0.03300196,0.03263838,0.03368779,0.06528225,0.05272002,0.04742078,0.06612767,0.06118376,0.004734827
348,284.832,0.8387952,1.417e-06,0.3796665,1e-06,0.02746505,0.04969102,0.0399482,0.02606264,0.02890405,0.06358476,0.04050978,0.05177969,0.06467584,0.06204293,0.004462328
349,285.6707,0.8156074,1.667e-06,0.3825717,9.17e-07,0.02749813,0.01428815,0.03399563,0.02516514,0.03388988,0.06459701,0.0530156,0.04750069,0.06763308,0.06088901,0.004560828
350,286.4864,0.8594727,1.417e-06,0.3787558,9.16e-07,0.0289628,0.07394524,0.05511968,0.03043205,0.03420479,0.06516667,0.03612437,0.02564505,0.06505734,0.06150559,0.004550995
351,287.3458,0.8659846,2.083e-06,0.3860318,1.167e-06,0.02881497,0.07419299,0.05356185,0.03405696,0.03470671,0.06410659,0.03578621,0.02448705,0.06430051,0.06135218,0.004583578
352,288.2118,0.8165431,1.834e-06,0.3798489,9.17e-07,0.0271798,0.0142484,0.03361971,0.02539447,0.03755671,0.06460025,0.05245602,0.04799411,0.06830592,0.06075451,0.004581578
353,289.0284,0.8577492,1.417e-06,0.3779009,1.083e-06,0.02884788,0.07407891,0.05239802,0.03385504,0.03508671,0.06427534,0.03623996,0.02465372,0.06444176,0.06149193,0.004476578
354,289.8861,0.78929,2.584e-06,0.3893958,9.17e-07,0.02768663,0.01425865,0.03507662,0.02902922,0.03851362,0.06460592,0.03602037,0.02447122,0.06390942,0.06169959,0.004619412
355,290.6754,0.7820751,1.834e-06,0.3798278,1.083e-06,0.02567547,0.01433748,0.03683921,0.02913838,0.02891463,0.06356851,0.03628587,0.03391879,0.06788184,0.06111068,0.004573578
356,291.4575,0.7849416,1.75e-06,0.3837329,9.17e-07,0.02814788,0.01423923,0.03274596,0.03214929,0.03502529,0.06392592,0.03601971,0.02874863,0.06420392,0.06149376,0.004506411
357,292.2424,0.8195849,1.5e-06,0.3803528,1.083e-06,0.02887763,0.0139749,0.03266104,0.03256963,0.03376579,0.06505034,0.05295519,0.04716844,0.06658709,0.06117684,0.004442661
358,293.062,0.8175749,1.333e-06,0.3799939,9.17e-07,0.02816563,0.01413498,0.03226829,0.03031663,0.03744937,0.06452067,0.05279127,0.04511445,0.06731834,0.06105809,0.004441078
359,293.8796,0.7845081,1.5e-06,0.379753,9.16e-07,0.02654005,0.0139714,0.03682912,0.03315096,0.0292993,0.06353876,0.03615221,0.03292646,0.06534309,0.06242126,0.004580078
360,294.6641,0.8297571,1.417e-06,0.38204,7.5e-07,0.02882246,0.07421016,0.04131528,0.02983596,0.02816363,0.06469776,0.0260583,0.02446122,0.06454826,0.06110426,0.004497661
361,295.4938,0.7807916,1.584e-06,0.3796975,8.33e-07,0.0284538,0.01452323,0.03310754,0.03289554,0.03414688,0.06434292,0.03598454,0.02740538,0.06420101,0.06155226,0.004478494
362,296.2746,0.7806041,1.834e-06,0.3821628,1e-06,0.02789772,0.01396323,0.03292213,0.02982038,0.03575737,0.06399976,0.03629762,0.02789247,0.06316992,0.06222976,0.004488162
363,297.0552,0.7748336,1.334e-06,0.3794808,9.16e-07,0.02807497,0.0142959,0.03341329,0.02564547,0.03648171,0.06449292,0.03620746,0.02568222,0.06554392,0.06101601,0.004496661
364,297.8301,0.8273233,2.417e-06,0.3851116,1e-06,0.02893388,0.01440857,0.03324213,0.03371571,0.03429271,0.06395901,0.05901543,0.04262137,0.06637925,0.06105701,0.004583245
365,298.6574,0.7800729,1.334e-06,0.3777095,1.083e-06,0.02830263,0.01426848,0.03322871,0.03205546,0.03540662,0.06378884,0.03608104,0.02859163,0.0652165,0.06083084,0.004590161
366,299.4375,0.8184574,2.084e-06,0.3807428,1.25e-06,0.02877047,0.01394132,0.03281771,0.03278329,0.03396963,0.06421826,0.05258477,0.04645978,0.06603884,0.06160859,0.004518661
367,300.2559,0.8493504,1.333e-06,0.3790581,8.33e-07,0.02789047,0.04967727,0.04185245,0.02947555,0.03103371,0.06372817,0.04707036,0.04787719,0.06671242,0.06051901,0.004453494
368,301.1053,0.8129057,1.417e-06,0.3790334,1e-06,0.02753838,0.01431457,0.03334054,0.02455689,0.03582979,0.064636,0.05264885,0.04759703,0.06806367,0.06088434,0.004459828
369,301.9182,0.7824541,1.333e-06,0.3796018,1.083e-06,0.02695547,0.0142579,0.03725812,0.03217246,0.03381838,0.0655955,0.03617054,0.02529614,0.06530909,0.06114218,0.004874161
370,302.7006,0.7745818,1.75e-06,0.3828953,9.17e-07,0.02716863,0.01418915,0.03337596,0.0250653,0.03522879,0.06446201,0.03595529,0.02479605,0.06563359,0.06108493,0.004724161
371,303.4752,0.8462606,1.75e-06,0.3800024,9.17e-07,0.0290478,0.07411374,0.04667603,0.02329397,0.0281728,0.06401726,0.03593137,0.03277179,0.06545167,0.06231384,0.004465244
372,304.3215,0.7836065,1.167e-06,0.3800385,1e-06,0.02905838,0.01395573,0.03382871,0.03229438,0.03530279,0.06387526,0.03616296,0.02850588,0.06508934,0.06099568,0.004496745
373,305.1051,0.8081014,1.75e-06,0.3806967,9.17e-07,0.02583905,0.01428515,0.03336879,0.02385955,0.03043196,0.06534292,0.05258035,0.04763978,0.06726125,0.06229676,0.004496495
374,305.9132,0.7752154,1.833e-06,0.3808237,9.16e-07,0.02700772,0.01450215,0.03304896,0.02496405,0.03658021,0.06430417,0.03612521,0.02535539,0.06668575,0.06134368,0.004471662
375,306.6884,0.7886611,1.833e-06,0.3875748,1e-06,0.02837005,0.01426982,0.03264013,0.03246238,0.03530312,0.06422634,0.03591546,0.02758722,0.06426367,0.06153651,0.004508828
376,307.4771,0.8149489,1.5e-06,0.3812754,9.16e-07,0.02780922,0.01427498,0.03278504,0.02430747,0.03728712,0.06462701,0.05263419,0.04714128,0.06752142,0.06082734,0.004455995
377,308.292,0.8438784,1.333e-06,0.3783036,9.17e-07,0.02912913,0.07389074,0.04653628,0.02317505,0.02714605,0.06376176,0.03573762,0.03299554,0.06648617,0.06216968,0.004544495
378,309.1359,0.7825441,1.833e-06,0.3800062,1e-06,0.02895488,0.01434907,0.03322546,0.03252963,0.03441113,0.06380359,0.03597387,0.0284068,0.06534492,0.06093884,0.004596911
379,309.9184,0.7863316,1.834e-06,0.3810848,9.17e-07,0.02577447,0.01428165,0.03710446,0.03358638,0.02905855,0.06361126,0.03600204,0.03231996,0.06761359,0.06131459,0.004577078
380,310.7048,0.7860874,1.833e-06,0.3805778,8.33e-07,0.02575105,0.0142434,0.03743354,0.02921546,0.02591913,0.06385742,0.03596171,0.03974445,0.06791825,0.06097568,0.004486827
381,311.4908,0.8456259,1.5e-06,0.3810146,1.084e-06,0.02877521,0.07396591,0.04657219,0.02311239,0.02766672,0.06364184,0.03601554,0.03269296,0.06539384,0.06229234,0.004479745
382,312.3365,0.8439044,1.333e-06,0.3804395,1.083e-06,0.02897097,0.07415174,0.04604986,0.02295139,0.02598347,0.06378042,0.03603246,0.03366196,0.065179,0.06222192,0.004479328
383,313.1804,0.7717663,1.167e-06,0.378563,9.16e-07,0.02748447,0.01422065,0.03359071,0.02520797,0.03557837,0.06451526,0.03633354,0.02459705,0.06596459,0.06120859,0.004500078
384,313.9521,0.7911724,2.25e-06,0.392248,9.17e-07,0.02562363,0.01428823,0.03721862,0.03242821,0.03367238,0.06400051,0.03633829,0.02396631,0.06553925,0.06125251,0.004593245
385,314.7433,0.7731958,1.833e-06,0.3811304,9.17e-07,0.02725013,0.01394998,0.03322846,0.02423555,0.03675896,0.06443342,0.03610787,0.02542997,0.06514559,0.06098243,0.004540328
386,315.5165,0.8503155,1.583e-06,0.3811585,1e-06,0.02894597,0.04913844,0.04070362,0.02981738,0.03136888,0.06364376,0.05160477,0.04333703,0.06423634,0.06191409,0.004444161
387,316.3668,0.865856,1.5e-06,0.3806249,1e-06,0.0287938,0.07410308,0.05220369,0.03541846,0.03005896,0.06389476,0.03608529,0.03257179,0.06533417,0.06220167,0.004562995
388,317.2327,0.8724201,1.5e-06,0.4055585,9.16e-07,0.02891213,0.04930011,0.04189187,0.02975246,0.0307743,0.06379726,0.04699069,0.04504336,0.06404059,0.06180667,0.004549745
389,318.1051,0.8155338,1.333e-06,0.3782891,8.33e-07,0.02894655,0.01437907,0.03327721,0.03311088,0.03385954,0.06427284,0.05262185,0.04478111,0.06649034,0.06101309,0.004490078
390,318.9206,0.8163451,1.25e-06,0.3783755,9.17e-07,0.02939555,0.01433148,0.03234713,0.03103913,0.03431187,0.06422584,0.0532756,0.04683319,0.06610675,0.06152476,0.004576077
391,319.737,0.7691147,1.5e-06,0.3796609,1e-06,0.02601213,0.01428473,0.03390779,0.02497647,0.0310268,0.06468034,0.03624954,0.02736163,0.06393309,0.06216184,0.004856911
392,320.5061,0.7819695,1.25e-06,0.379427,1.084e-06,0.02828813,0.01419948,0.03340079,0.03219663,0.03568346,0.06405867,0.03606062,0.0281843,0.06445409,0.06140951,0.004604494
393,321.2881,0.841068,2.167e-06,0.3797117,9.17e-07,0.02920621,0.07381958,0.04682919,0.02265397,0.02690355,0.06376017,0.03607879,0.03090921,0.06459951,0.06211759,0.004475411
394,322.1291,0.8495142,1.833e-06,0.3805889,9.17e-07,0.02927071,0.07344183,0.04989527,0.02240589,0.03100388,0.06452901,0.03552671,0.03053263,0.06571892,0.06192976,0.004667994
395,322.9786,0.7808995,2.083e-06,0.3785523,8.33e-07,0.02624714,0.01433148,0.03809729,0.0310828,0.0268583,0.06290501,0.03621371,0.03451996,0.06528067,0.06220967,0.004598245
396,323.7595,0.7844656,1.833e-06,0.3813966,8.34e-07,0.02568097,0.01431123,0.03752837,0.03240804,0.02710447,0.06283042,0.03595962,0.03387571,0.06656267,0.06221768,0.004587161
397,324.544,0.7740826,1.666e-06,0.3789263,9.17e-07,0.0278278,0.01427157,0.03387813,0.02543614,0.03652896,0.06430809,0.03611196,0.02585647,0.06467151,0.06151101,0.004752161
398,325.3181,0.7935871,2.416e-06,0.3890377,1.25e-06,0.02644305,0.0143004,0.03644762,0.03385263,0.0291113,0.06379551,0.03627721,0.03159363,0.06665175,0.06159034,0.004482328
399,326.1117,0.7785071,1.333e-06,0.3772997,8.33e-07,0.02636605,0.01432023,0.03647637,0.03374479,0.03531387,0.06418351,0.03612496,0.02382847,0.06519417,0.06107893,0.004573828
400,326.8902,0.8813368,1.167e-06,0.3816745,1e-06,0.02908763,0.07360833,0.04558545,0.02628447,0.02952213,0.06397026,0.0531606,0.04717353,0.06429809,0.06222851,0.004741077
401,327.7715,0.8561274,1.166e-06,0.3785178,1.166e-06,0.02894871,0.07387216,0.05085127,0.03164088,0.03549037,0.06504117,0.03614504,0.02483905,0.06399109,0.06205067,0.004736828
402,328.6277,0.8144483,1.833e-06,0.3810681,1e-06,0.02666305,0.01429307,0.03309788,0.02422405,0.03585229,0.06560575,0.05284277,0.04697361,0.0685195,0.06084659,0.004458828
403,329.4421,0.8267649,1.167e-06,0.377769,9.17e-07,0.02782438,0.05016777,0.0387127,0.02602913,0.02710688,0.06357026,0.03883629,0.04504578,0.06530751,0.06190793,0.004485244
404,330.2689,0.7758427,1.5e-06,0.3796486,8.33e-07,0.02714972,0.01423832,0.03468521,0.02429339,0.03767454,0.06443151,0.03630387,0.02674897,0.06471109,0.06145959,0.004495578
405,331.0447,0.787091,2.083e-06,0.3882039,1e-06,0.0257133,0.01431215,0.03658112,0.03319196,0.03374921,0.06422834,0.03621629,0.02456055,0.06448725,0.06123901,0.004604745
406,331.8318,0.8534112,1.833e-06,0.381745,1e-06,0.02741322,0.04968511,0.04489553,0.02974321,0.03042388,0.06366817,0.04756661,0.04758486,0.06429492,0.06177801,0.004609827
407,332.6852,0.8160023,1.334e-06,0.3780424,1e-06,0.02804547,0.0142354,0.03292763,0.02531189,0.03851887,0.06469276,0.05381235,0.04738128,0.06750567,0.06094709,0.004579161
408,333.5012,0.7771965,1.334e-06,0.3792015,1.084e-06,0.02823113,0.01417807,0.03281196,0.02956096,0.03596729,0.06382559,0.03622471,0.02652913,0.06453375,0.06164251,0.004487411
409,334.2784,0.8152929,1.916e-06,0.3781857,8.33e-07,0.02793263,0.0142929,0.03284771,0.02928171,0.03548629,0.06421184,0.05265285,0.04761419,0.06669592,0.06147209,0.004616328
410,335.0937,0.8095261,1.333e-06,0.3794714,9.17e-07,0.02683455,0.01422798,0.03322421,0.02456072,0.03595662,0.06500567,0.05241835,0.04605453,0.0664365,0.06086393,0.004469411
411,335.9032,0.8177419,1.334e-06,0.3792323,9.17e-07,0.02886663,0.01428732,0.03288079,0.03275221,0.03404446,0.06388834,0.0528736,0.04725686,0.06617567,0.06073951,0.004741995
412,336.721,0.7710766,1.75e-06,0.3792785,1e-06,0.02715147,0.01405432,0.03334671,0.02463864,0.03611146,0.06448659,0.03638612,0.02473939,0.06486317,0.06152526,0.004492244
413,337.492,0.7755798,2e-06,0.3871087,1e-06,0.02660372,0.01427865,0.03678871,0.03316713,0.02976555,0.06374259,0.02954896,0.02455147,0.06449117,0.06101334,0.004516828
414,338.2676,0.8213708,1.5e-06,0.3811468,9.17e-07,0.02897313,0.01468832,0.03282721,0.03355229,0.03370954,0.06453892,0.05299252,0.04720628,0.06638042,0.06086576,0.004487244
415,339.089,0.7689542,1.5e-06,0.3789869,8.33e-07,0.02646797,0.0139619,0.03409521,0.02527714,0.0315938,0.06375101,0.03616871,0.02735163,0.06515792,0.06130459,0.004835078
416,339.858,0.8330612,1.833e-06,0.381011,1e-06,0.02750805,0.04968769,0.04289028,0.02577714,0.02867071,0.06354676,0.03879237,0.04315911,0.06544009,0.06200176,0.004573411
417,340.691,0.8525921,1.083e-06,0.3782795,1e-06,0.02914022,0.04900261,0.04740886,0.02343972,0.02924688,0.06476775,0.0527686,0.04706378,0.0643175,0.06267584,0.004478661
418,341.5436,0.8348643,1.75e-06,0.3821014,9.17e-07,0.02886655,0.07414049,0.04136012,0.02950555,0.03089063,0.06371059,0.02971355,0.02389814,0.06536775,0.06073043,0.004576495
419,342.3785,0.7885861,2.334e-06,0.387313,1e-06,0.02828722,0.01398223,0.03303696,0.03200263,0.03482921,0.06388667,0.03622204,0.02819788,0.06517434,0.06117401,0.004476578
420,343.1671,0.8110636,1.333e-06,0.3787751,1e-06,0.02746388,0.01429223,0.03331121,0.02420839,0.03643604,0.06475675,0.0525581,0.04667394,0.06723392,0.06089976,0.004451911
421,343.9781,0.8243975,1.5e-06,0.377753,9.17e-07,0.02888563,0.07392058,0.04107787,0.02933296,0.02809555,0.06450325,0.02606622,0.02458489,0.06440992,0.06115051,0.004614661
422,344.8025,0.8122633,1.5e-06,0.3792055,9.17e-07,0.02717388,0.01430515,0.03315563,0.02447914,0.03726937,0.06475159,0.05273894,0.04752644,0.06529784,0.06188967,0.004467661
423,345.6148,0.8180095,1.334e-06,0.378915,1.083e-06,0.02899621,0.01402165,0.03310904,0.03153838,0.03508087,0.06406201,0.05330785,0.04721569,0.0662095,0.06090334,0.004647577
424,346.4328,0.8522016,1.583e-06,0.3806669,1.25e-06,0.02756647,0.04964577,0.04728569,0.02344664,0.03048321,0.06367326,0.05266802,0.04427903,0.06690392,0.06111893,0.004460995
425,347.285,0.7803792,1.583e-06,0.3793808,1.167e-06,0.02868771,0.0139619,0.03323371,0.03259721,0.03471788,0.06398409,0.03630054,0.02738872,0.06332809,0.06220226,0.004593578
426,348.0654,0.8458181,1.75e-06,0.3793476,1e-06,0.02929396,0.07347949,0.04606928,0.02328855,0.02782805,0.06685309,0.03542254,0.03189121,0.06704908,0.06065043,0.004642078
427,348.9112,0.8769259,1.333e-06,0.3791655,7.5e-07,0.02893505,0.07400941,0.04764869,0.02958346,0.03041888,0.06366042,0.04443811,0.04742586,0.06614175,0.06104868,0.004447995
428,349.7881,0.8340477,1.25e-06,0.3781794,1.084e-06,0.02722947,0.04972486,0.05307677,0.03467529,0.02727938,0.06341576,0.03565271,0.03200829,0.0665,0.06169676,0.004606662
429,350.6222,0.7723658,1.833e-06,0.3783735,1e-06,0.02711963,0.01431223,0.03398913,0.02544305,0.03656379,0.06443917,0.03600579,0.02540614,0.06397892,0.06200226,0.004729411
430,351.3945,0.8305623,2.5e-06,0.3869155,1.084e-06,0.02869605,0.01430182,0.03301038,0.03272479,0.03536062,0.06426067,0.05725035,0.04381761,0.0677855,0.06193259,0.004502828
431,352.2251,0.8116703,1.333e-06,0.3794193,9.17e-07,0.02720438,0.01427632,0.03337996,0.02469964,0.03850579,0.06469175,0.0524786,0.04515328,0.06624459,0.06086559,0.004748828
432,353.0368,0.7773606,1.334e-06,0.3776738,9.17e-07,0.0259553,0.01427857,0.03731804,0.03298896,0.03483862,0.06378851,0.03590021,0.0238888,0.06485234,0.06114842,0.004726745
433,353.8141,0.8220818,1.917e-06,0.3794035,8.33e-07,0.02809988,0.01433065,0.03289654,0.03229746,0.03532404,0.0652235,0.0531471,0.04756403,0.0684855,0.06070134,0.004605578
434,354.6362,0.7869797,1.834e-06,0.381474,8.34e-07,0.0260323,0.0139894,0.03721279,0.03392771,0.02979096,0.06347926,0.03585487,0.03282204,0.06596142,0.06183592,0.004596327
435,355.4232,0.7681872,2.083e-06,0.3780819,1e-06,0.0268708,0.01395507,0.03327721,0.02493305,0.03642812,0.06456067,0.03621012,0.0242318,0.06337484,0.06165684,0.004603661
436,356.1914,0.8274827,2.083e-06,0.3876534,9.17e-07,0.02898296,0.0146819,0.03254779,0.03015646,0.03676504,0.06428909,0.05280985,0.04699903,0.06661267,0.06151551,0.004465995
437,357.0189,0.7681887,1.25e-06,0.3794624,1.083e-06,0.0265408,0.01395098,0.0368997,0.03317096,0.02983255,0.06370809,0.02945038,0.02445939,0.06448559,0.06147276,0.004752828
438,357.787,0.8338239,1.583e-06,0.3821853,1e-06,0.02900855,0.07412524,0.04271453,0.02919296,0.02978971,0.06363226,0.02946646,0.02362905,0.06337317,0.06208609,0.004617994
439,358.6209,0.8181667,1.917e-06,0.3807389,1.333e-06,0.02881372,0.01399207,0.03324279,0.03308946,0.03404271,0.06384759,0.05332652,0.04520036,0.06471451,0.06232167,0.004833161
440,359.439,0.8492885,1.334e-06,0.3803504,9.16e-07,0.0280388,0.04965427,0.03977062,0.02600963,0.02990063,0.06366809,0.0536511,0.04674519,0.06452067,0.06221567,0.00476116
441,360.2883,0.8425776,1.25e-06,0.3771892,9.17e-07,0.02871188,0.04946302,0.03616346,0.0293278,0.03182054,0.06461467,0.04690986,0.04719603,0.06624359,0.06045618,0.004479245
442,361.1309,0.8178438,1.25e-06,0.3794254,9.17e-07,0.02934655,0.01424598,0.03308104,0.03147279,0.03383937,0.06396242,0.05441227,0.04617503,0.06570025,0.06136059,0.00481991
443,361.9487,0.775457,1.667e-06,0.3801729,1e-06,0.02588914,0.01420265,0.03716454,0.02914672,0.02753205,0.06356017,0.03620237,0.03012338,0.06543084,0.06153284,0.004496745
444,362.7242,0.7809158,1.583e-06,0.3832968,1.083e-06,0.02839722,0.0142544,0.03379188,0.02530647,0.0379087,0.06446009,0.03626787,0.02620905,0.06510101,0.06100368,0.004915994
445,363.5051,0.7852517,1.417e-06,0.3790381,8.33e-07,0.02545764,0.01430315,0.03658504,0.03429746,0.02941121,0.06378492,0.03601796,0.03415779,0.06548875,0.06224051,0.004466911
446,364.2904,0.8460166,1.333e-06,0.3821749,8.33e-07,0.02585647,0.01434682,0.0370052,0.03376896,0.03515954,0.06425117,0.06480659,0.05606026,0.0664065,0.06170367,0.004474411
447,365.1364,0.8169229,2.167e-06,0.3806465,1.084e-06,0.02852455,0.01413348,0.03262754,0.02862205,0.03772312,0.06440642,0.05243344,0.04605769,0.06611842,0.06110959,0.004516828
448,365.9533,0.8219188,1.583e-06,0.3825086,1.25e-06,0.0286443,0.01402832,0.03314279,0.03311971,0.03404062,0.06506417,0.05253802,0.04656378,0.06649567,0.06131884,0.004451077
449,366.7752,0.8442974,1.25e-06,0.3798954,9.17e-07,0.02895038,0.07426399,0.04654478,0.02332705,0.02664613,0.06379009,0.03573221,0.03277979,0.06563917,0.06226592,0.004460327
450,367.6195,0.7868034,2e-06,0.3821374,1.25e-06,0.02593047,0.01403107,0.03715246,0.03307088,0.0296433,0.06374851,0.03608037,0.03297521,0.0652675,0.06218351,0.004579494
451,368.4063,0.8186957,1.5e-06,0.3822346,1e-06,0.02881996,0.01416407,0.03242546,0.0295048,0.03499762,0.06433651,0.05337885,0.04706194,0.06645975,0.06084626,0.004463328
452,369.225,0.7741596,1.583e-06,0.3813134,1.166e-06,0.02765122,0.01393607,0.03403421,0.02552722,0.03400662,0.06448217,0.03683646,0.02522439,0.064959,0.06144101,0.004745161
453,369.9992,0.8129698,2.25e-06,0.3791166,9.17e-07,0.0280088,0.01395807,0.03240479,0.02958621,0.03401312,0.06513509,0.05175827,0.04767886,0.065793,0.06107518,0.004438662
454,370.8122,0.7850997,1.917e-06,0.3797468,8.33e-07,0.02607305,0.01433115,0.03709221,0.03424737,0.02907513,0.06346901,0.03584671,0.03249454,0.06748642,0.06076051,0.004474078
455,371.5973,0.8780764,1.167e-06,0.379308,1e-06,0.02898388,0.07394049,0.04434628,0.02647088,0.02948255,0.06386,0.05313952,0.04696436,0.06430492,0.06247934,0.004793994
456,372.4753,0.8118943,1.417e-06,0.3788283,9.17e-07,0.02752413,0.01425515,0.03288513,0.02486739,0.03630896,0.06458359,0.0525551,0.04812152,0.066694,0.06082168,0.004446994
457,373.2872,0.8502081,1.25e-06,0.379379,9.16e-07,0.02760505,0.04967636,0.0406057,0.02625463,0.03009763,0.06365417,0.05463393,0.04619669,0.06432792,0.06296284,0.004812078
458,374.1374,0.816328,1.834e-06,0.3820792,1e-06,0.02769697,0.01422357,0.03325596,0.02432822,0.03896679,0.06475184,0.05346735,0.04566519,0.066184,0.06110426,0.004601827
459,374.9538,0.8144457,1e-06,0.3797165,9.17e-07,0.02730747,0.01422048,0.03324113,0.02468755,0.0380262,0.06469967,0.05269919,0.04810727,0.06650167,0.06077784,0.004458745
460,375.7682,0.7873095,1.25e-06,0.3787581,1e-06,0.02621255,0.01428523,0.03765962,0.03363071,0.02884988,0.06412742,0.03596179,0.03354413,0.06907158,0.06075251,0.004453661
461,376.5555,0.8434804,1.5e-06,0.3796841,9.17e-07,0.02894505,0.07387716,0.04640211,0.02320414,0.02683763,0.06379184,0.03587946,0.03261538,0.06536584,0.06242384,0.004451411
462,377.399,0.7873055,1.333e-06,0.3806498,9.17e-07,0.02544955,0.01395123,0.03723287,0.03387179,0.0289283,0.06445125,0.03590862,0.03417271,0.06636234,0.06186142,0.004463411
463,378.1863,0.7844034,1.75e-06,0.3792406,8.33e-07,0.02607247,0.01425257,0.03818479,0.03180613,0.02966971,0.06375701,0.03602212,0.03289038,0.06530292,0.06274734,0.004454745
464,378.9707,0.8179052,1.917e-06,0.3825377,1.167e-06,0.02871513,0.01395498,0.03295838,0.02959813,0.03420071,0.06456267,0.05360018,0.04567078,0.06518359,0.06235717,0.004562661
465,379.7886,0.7746709,1.667e-06,0.3801182,1.166e-06,0.02731188,0.01423565,0.03384304,0.02566197,0.03651512,0.06455267,0.03622554,0.02537314,0.06529267,0.06093142,0.004606745
466,380.5633,0.8173234,1.75e-06,0.3799071,1e-06,0.02913405,0.01395932,0.03360838,0.03373729,0.03312779,0.06488975,0.05380693,0.0428992,0.06636209,0.06130926,0.004579495
467,381.3806,0.8204845,1.5e-06,0.379773,9.16e-07,0.02906372,0.01430523,0.03283513,0.03373229,0.03365971,0.06397301,0.0525511,0.04709944,0.06816558,0.06085701,0.004466911
468,382.2011,0.7852699,1.417e-06,0.3802623,9.16e-07,0.02573472,0.01395873,0.03683996,0.03437763,0.02941771,0.06349792,0.03588712,0.03285479,0.06530467,0.06255184,0.004580161
469,382.9864,0.8757518,1.416e-06,0.3783108,1e-06,0.02898671,0.07386333,0.04241561,0.02977221,0.03102863,0.06473159,0.04691236,0.04809469,0.06658625,0.06057776,0.004469412
470,383.8621,0.8679973,1.25e-06,0.3800475,8.33e-07,0.02889288,0.07416149,0.05290393,0.03490604,0.02997538,0.06392367,0.03620587,0.03353796,0.06679567,0.06206809,0.004576662
471,384.7301,0.8140222,1.666e-06,0.3789756,9.16e-07,0.02759963,0.0142619,0.03358096,0.02512039,0.0363387,0.06467317,0.05275885,0.04764061,0.06774234,0.06088676,0.004440661
472,385.5441,0.8334729,1.667e-06,0.3799795,1.084e-06,0.02768072,0.04947661,0.0532151,0.03342338,0.03316296,0.06505667,0.03649254,0.02457414,0.064485,0.06132351,0.004600078
473,386.3776,0.8418587,1.667e-06,0.3783429,8.33e-07,0.02891447,0.07430008,0.04667278,0.02319764,0.02767047,0.06370367,0.03582112,0.03147838,0.06493884,0.06235367,0.004462244
474,387.2195,0.7893313,1.25e-06,0.3784332,9.17e-07,0.0262513,0.01430273,0.03642754,0.03335763,0.02984238,0.06359559,0.03653079,0.03603154,0.06883167,0.06117926,0.004545495
475,388.0088,0.8181184,1.917e-06,0.3796,9.17e-07,0.02908896,0.01395082,0.03288354,0.03143704,0.03495187,0.064208,0.05331768,0.04702961,0.06616159,0.06060651,0.004879994
476,388.8269,0.7841907,1.25e-06,0.3810421,1.333e-06,0.02651463,0.01394857,0.03724454,0.03254579,0.0295068,0.06361026,0.03595912,0.03197213,0.06490292,0.06210592,0.004835327
477,389.6111,0.8084516,1.333e-06,0.3774568,9.16e-07,0.02805505,0.04961969,0.04566803,0.02944571,0.02844055,0.06351901,0.0299383,0.02526872,0.0655905,0.06093409,0.004512911
478,390.4196,0.8094067,1.667e-06,0.3807587,1e-06,0.02784913,0.01458165,0.03356429,0.02399189,0.03171513,0.06531017,0.05268652,0.04715461,0.06591442,0.06143234,0.004445161
479,391.229,0.8219688,1.916e-06,0.3788613,1.083e-06,0.02892405,0.07384808,0.03635679,0.02964821,0.02911255,0.06359517,0.02633547,0.0246743,0.065181,0.06091684,0.004512078
480,392.0509,0.8667609,2.25e-06,0.3890223,9.17e-07,0.0275838,0.04967427,0.05597685,0.03235663,0.03394013,0.06458584,0.03015421,0.04962077,0.067992,0.06138942,0.004461578
481,392.9177,0.8154711,1.333e-06,0.3788606,9.17e-07,0.02997896,0.01402607,0.03324346,0.02407147,0.03803212,0.06409092,0.05321935,0.04727919,0.06736725,0.06073426,0.004565161
482,393.7332,0.7736932,1.5e-06,0.3793869,8.34e-07,0.02745488,0.0139544,0.03443213,0.02595372,0.03425729,0.06436375,0.03647845,0.02553464,0.06571675,0.06170284,0.004455161
483,394.5069,0.7845329,1.917e-06,0.3794174,1e-06,0.02597147,0.01431923,0.0375217,0.03309171,0.02971471,0.06358159,0.03582412,0.03175946,0.06758833,0.06116942,0.004570828
484,395.2914,0.846591,1.5e-06,0.3782597,1.25e-06,0.02791547,0.04974711,0.03798154,0.02670105,0.03146646,0.06443784,0.05289369,0.04587194,0.06430892,0.06216501,0.004839494
485,396.138,0.7710306,1e-06,0.3779713,9.17e-07,0.02780905,0.01429323,0.03356404,0.02607364,0.03518512,0.06430142,0.03610837,0.02553364,0.06353126,0.06215951,0.004498078
486,396.909,0.7816774,2.167e-06,0.3882729,1e-06,0.02745338,0.01423648,0.03383596,0.02572305,0.03458521,0.06433992,0.03623446,0.02552272,0.06614967,0.06071368,0.004606744
487,397.6907,0.8187412,1.583e-06,0.3791753,1.083e-06,0.02938571,0.01437357,0.03304438,0.03092296,0.03490562,0.0642195,0.05335044,0.04719894,0.06603617,0.06154701,0.004578995
488,398.5094,0.8287837,1.833e-06,0.3818338,1e-06,0.0265928,0.01429365,0.03736212,0.03371471,0.03484237,0.06417976,0.0645105,0.04020962,0.06446209,0.06229359,0.004485912
489,399.3382,0.818279,1.166e-06,0.379746,1.083e-06,0.02935555,0.01395623,0.03343338,0.03438671,0.03433221,0.06390901,0.05258794,0.0446767,0.06599325,0.06145534,0.004444495
490,400.1565,0.8700519,1.833e-06,0.3824357,1e-06,0.02891596,0.07403716,0.05231994,0.03431871,0.03004863,0.06418317,0.03604562,0.03425838,0.06798208,0.06102009,0.004483578
491,401.0265,0.7742698,1.666e-06,0.3797,8.33e-07,0.0279453,0.01427973,0.03442529,0.02566397,0.03499304,0.06438834,0.03643329,0.02509439,0.06478676,0.06182042,0.004736828
492,401.8008,0.7767496,1.667e-06,0.3817974,1e-06,0.02690747,0.0142689,0.03407404,0.0258978,0.03677871,0.06453034,0.03661454,0.0249873,0.06540384,0.06100059,0.004485911
493,402.5776,0.813059,1.333e-06,0.3800681,1e-06,0.02737997,0.01396923,0.03316421,0.02522464,0.03554829,0.06463717,0.05288002,0.04783244,0.06704392,0.06084026,0.004468411
494,403.3906,0.7829288,1.75e-06,0.3831734,1.083e-06,0.02581455,0.0143429,0.03677087,0.03282671,0.03489304,0.06391734,0.03631887,0.02467314,0.06413717,0.06144617,0.004611828
495,404.1735,0.7964413,1.833e-06,0.3889289,1.083e-06,0.02665905,0.01427715,0.03750229,0.02980771,0.02582339,0.06412851,0.03614146,0.03932745,0.06861358,0.06069326,0.004535661
496,404.97,0.7883526,1.584e-06,0.3834824,8.34e-07,0.02675088,0.01396873,0.03862679,0.02924263,0.02563664,0.06295084,0.03648395,0.03637579,0.06922683,0.06113051,0.004474161
497,405.7583,0.7852661,1.416e-06,0.3826321,1e-06,0.02780805,0.01396823,0.03305329,0.03224921,0.03577796,0.06403717,0.0362772,0.02850121,0.06470984,0.06174676,0.004502661
498,406.5436,0.7871885,1.583e-06,0.381391,1.083e-06,0.02609405,0.01427982,0.03771245,0.03249396,0.0294693,0.06358117,0.03609454,0.03291554,0.06747583,0.06113284,0.004545328
499,407.3308,0,0,0,0,0,0,0,0,0,0,0,0,0,0,0

Averages:
0.8146616,1.7295e-06,0.3800291,9.78838e-07,0.03195763,0.02862052,0.03768134,0.02936689,0.03236679,0.06408393,0.04214649,0.03671905,0.06574177,0.06136837,0.004577032
